<?xml version="1.0" encoding="utf-8"?>
<TestRun id="7e244b5a-e6ed-434d-967c-d0f51ea43586" name="biges@MCKITRICK 2025-08-29 18:59:43" runUser="MCKITRICK\biges" xmlns="http://microsoft.com/schemas/VisualStudio/TeamTest/2010">
  <Times creation="2025-08-29T18:59:43.9278855-06:00" queuing="2025-08-29T18:59:43.9278858-06:00" start="2025-08-29T18:59:38.1961133-06:00" finish="2025-08-29T18:59:45.8778730-06:00" />
  <TestSettings name="default" id="0a6b6d91-28e4-479c-bef3-fbfd9dd060b7">
    <Deployment runDeploymentRoot="biges_MCKITRICK_2025-08-29_18_59_43" />
  </TestSettings>
  <Results>
    <UnitTestResult executionId="d529e20c-5730-417f-ba12-1f69df451d25" testId="d952c50c-d956-1f7c-9b09-2b7891193ead" testName="WileyWidget.Tests.BudgetInteractionTests.BudgetInteraction_Description_Validation(description: &quot;&quot;, shouldBeValid: False)" computerName="MCKITRICK" duration="00:00:00.0049573" startTime="2025-08-29T18:59:44.1927350-06:00" endTime="2025-08-29T18:59:44.1927351-06:00" testType="13cdc9d9-ddb5-4fa4-a97d-d965ccfc6d4b" outcome="Passed" testListId="8c84fa94-04c1-424b-9868-57a2d4851a1d" relativeResultsDirectory="d529e20c-5730-417f-ba12-1f69df451d25" />
    <UnitTestResult executionId="fc2cc71b-c27f-446b-9b46-abc65c83cf00" testId="f0a76b98-d14b-1f50-1a55-b715fcdffb9d" testName="WileyWidget.Tests.DatabaseIntegrationTests.Repository_HandlesLargeDatasetEfficiently" computerName="MCKITRICK" duration="00:00:00.0037563" startTime="2025-08-29T18:59:45.6952412-06:00" endTime="2025-08-29T18:59:45.6952413-06:00" testType="13cdc9d9-ddb5-4fa4-a97d-d965ccfc6d4b" outcome="Passed" testListId="8c84fa94-04c1-424b-9868-57a2d4851a1d" relativeResultsDirectory="fc2cc71b-c27f-446b-9b46-abc65c83cf00" />
    <UnitTestResult executionId="e83a00a9-bf00-407f-baaf-0ac4a1684fa7" testId="a72d91bf-1ba0-06c7-1002-ab2af50818f2" testName="WileyWidget.Tests.EnterpriseModelTests.Enterprise_Creation_WithValidData_Succeeds" computerName="MCKITRICK" duration="00:00:00.0002764" startTime="2025-08-29T18:59:44.1798176-06:00" endTime="2025-08-29T18:59:44.1798177-06:00" testType="13cdc9d9-ddb5-4fa4-a97d-d965ccfc6d4b" outcome="Passed" testListId="8c84fa94-04c1-424b-9868-57a2d4851a1d" relativeResultsDirectory="e83a00a9-bf00-407f-baaf-0ac4a1684fa7" />
    <UnitTestResult executionId="61c6934c-16d8-43e7-b8cd-17a1b56d13f0" testId="d106bb70-67c4-1dcc-e1c1-b1453099822c" testName="WileyWidget.Tests.BudgetInteractionTests.BudgetInteraction_Description_Validation(description: &quot;Valid description&quot;, shouldBeValid: True)" computerName="MCKITRICK" duration="00:00:00.0002556" startTime="2025-08-29T18:59:44.1927950-06:00" endTime="2025-08-29T18:59:44.1927951-06:00" testType="13cdc9d9-ddb5-4fa4-a97d-d965ccfc6d4b" outcome="Passed" testListId="8c84fa94-04c1-424b-9868-57a2d4851a1d" relativeResultsDirectory="61c6934c-16d8-43e7-b8cd-17a1b56d13f0" />
    <UnitTestResult executionId="aa097c7c-515f-41da-b546-b19b6d012024" testId="8df32280-d2cc-aff4-2ff0-10224e8b8552" testName="WileyWidget.Tests.EnterpriseTests.Enterprise_CurrentRate_Validation(rate: -1, shouldBeValid: False)" computerName="MCKITRICK" duration="00:00:00.0004492" startTime="2025-08-29T18:59:44.1798482-06:00" endTime="2025-08-29T18:59:44.1798482-06:00" testType="13cdc9d9-ddb5-4fa4-a97d-d965ccfc6d4b" outcome="Passed" testListId="8c84fa94-04c1-424b-9868-57a2d4851a1d" relativeResultsDirectory="aa097c7c-515f-41da-b546-b19b6d012024" />
    <UnitTestResult executionId="8fe9c60e-8902-4320-abec-563e7d23340c" testId="2b9ee214-5fed-0842-d648-dd6ae7f87bc4" testName="WileyWidget.Tests.BudgetInteractionTests.BudgetInteraction_AcceptsVariousInteractionTypes(type: &quot;Dependency&quot;, expected: True)" computerName="MCKITRICK" duration="00:00:00.0000334" startTime="2025-08-29T18:59:44.1850834-06:00" endTime="2025-08-29T18:59:44.1850835-06:00" testType="13cdc9d9-ddb5-4fa4-a97d-d965ccfc6d4b" outcome="Passed" testListId="8c84fa94-04c1-424b-9868-57a2d4851a1d" relativeResultsDirectory="8fe9c60e-8902-4320-abec-563e7d23340c" />
    <UnitTestResult executionId="940b2eb6-80ac-477c-8f7a-a35c7ad59761" testId="5d639713-4743-ccd9-2f90-7e9060b35c6a" testName="WileyWidget.Tests.MainWindowUnitTests.NormalizeTheme_WithFluentDark_ReturnsFluentDark" computerName="MCKITRICK" duration="00:00:00.0003272" startTime="2025-08-29T18:59:44.8909784-06:00" endTime="2025-08-29T18:59:44.8909785-06:00" testType="13cdc9d9-ddb5-4fa4-a97d-d965ccfc6d4b" outcome="Failed" testListId="8c84fa94-04c1-424b-9868-57a2d4851a1d" relativeResultsDirectory="940b2eb6-80ac-477c-8f7a-a35c7ad59761">
      <Output>
        <ErrorInfo>
          <Message>System.InvalidOperationException : The calling thread must be STA, because many UI components require this.</Message>
          <StackTrace>   at System.Windows.Input.InputManager..ctor()&#xD;
   at System.Windows.Input.InputManager.GetCurrentInputManagerImpl()&#xD;
   at System.Windows.Input.KeyboardNavigation..ctor()&#xD;
   at System.Windows.FrameworkElement.FrameworkServices..ctor()&#xD;
   at System.Windows.FrameworkElement.EnsureFrameworkServices()&#xD;
   at System.Windows.FrameworkElement..ctor()&#xD;
   at System.Windows.Controls.Control..ctor()&#xD;
   at System.Windows.Window..ctor()&#xD;
   at WileyWidget.MainWindow..ctor() in C:\Users\biges\Desktop\Wiley_Widget\Views\MainWindow.xaml.cs:line 59&#xD;
   at WileyWidget.Tests.MainWindowUnitTests.NormalizeTheme_WithFluentDark_ReturnsFluentDark() in C:\Users\biges\Desktop\Wiley_Widget\WileyWidget.Tests\MainWindowUnitTests.cs:line 113&#xD;
   at System.RuntimeMethodHandle.InvokeMethod(Object target, Void** arguments, Signature sig, Boolean isConstructor)&#xD;
   at System.Reflection.MethodBaseInvoker.InvokeWithNoArgs(Object obj, BindingFlags invokeAttr)</StackTrace>
        </ErrorInfo>
      </Output>
    </UnitTestResult>
    <UnitTestResult executionId="68290458-bd95-44fb-a9c5-639d264d4618" testId="a4b79d30-1b57-4783-2bc5-b481543036fd" testName="WileyWidget.Tests.BudgetInteractionTests.BudgetInteraction_InteractionType_Validation(type: &quot;Dependency&quot;, shouldBeValid: True)" computerName="MCKITRICK" duration="00:00:00.0000476" startTime="2025-08-29T18:59:44.1804431-06:00" endTime="2025-08-29T18:59:44.1804432-06:00" testType="13cdc9d9-ddb5-4fa4-a97d-d965ccfc6d4b" outcome="Passed" testListId="8c84fa94-04c1-424b-9868-57a2d4851a1d" relativeResultsDirectory="68290458-bd95-44fb-a9c5-639d264d4618" />
    <UnitTestResult executionId="bddf3363-2318-475d-afa6-57a28cc49c6a" testId="cbeada98-fd74-8e95-0798-e8d59013190d" testName="WileyWidget.Tests.WidgetTests.Widget_Category_AcceptsVariousValues(category: &quot;Electronics&quot;)" computerName="MCKITRICK" duration="00:00:00.0000047" startTime="2025-08-29T18:59:44.1757239-06:00" endTime="2025-08-29T18:59:44.1757240-06:00" testType="13cdc9d9-ddb5-4fa4-a97d-d965ccfc6d4b" outcome="Passed" testListId="8c84fa94-04c1-424b-9868-57a2d4851a1d" relativeResultsDirectory="bddf3363-2318-475d-afa6-57a28cc49c6a" />
    <UnitTestResult executionId="e5c60656-bea6-4ec5-b663-cac126a61335" testId="51c34e63-97c0-5e10-af10-340556c65011" testName="WileyWidget.Tests.BudgetAnalyticsTests.BudgetMetrics_ReturnsCorrectStatus_Deficit" computerName="MCKITRICK" duration="00:00:00.0000972" startTime="2025-08-29T18:59:44.1926961-06:00" endTime="2025-08-29T18:59:44.1926961-06:00" testType="13cdc9d9-ddb5-4fa4-a97d-d965ccfc6d4b" outcome="Passed" testListId="8c84fa94-04c1-424b-9868-57a2d4851a1d" relativeResultsDirectory="e5c60656-bea6-4ec5-b663-cac126a61335" />
    <UnitTestResult executionId="712dd031-56f1-4a5c-b933-106390a213a5" testId="4a11ecda-ef05-73a1-b1d1-c3284d3e4afa" testName="WileyWidget.Tests.WidgetTests.Widget_Creation_WithValidData_Succeeds" computerName="MCKITRICK" duration="00:00:00.0007174" startTime="2025-08-29T18:59:44.1839840-06:00" endTime="2025-08-29T18:59:44.1839841-06:00" testType="13cdc9d9-ddb5-4fa4-a97d-d965ccfc6d4b" outcome="Passed" testListId="8c84fa94-04c1-424b-9868-57a2d4851a1d" relativeResultsDirectory="712dd031-56f1-4a5c-b933-106390a213a5" />
    <UnitTestResult executionId="d841b009-74e0-48d6-b069-84ca878bf069" testId="87640105-c887-14a1-6f10-e810209647b1" testName="WileyWidget.Tests.AppUnitTests.TryRegisterEmbeddedLicense_DefaultImplementation_ReturnsFalse" computerName="MCKITRICK" duration="00:00:00.0020069" startTime="2025-08-29T18:59:45.5995176-06:00" endTime="2025-08-29T18:59:45.5995178-06:00" testType="13cdc9d9-ddb5-4fa4-a97d-d965ccfc6d4b" outcome="Failed" testListId="8c84fa94-04c1-424b-9868-57a2d4851a1d" relativeResultsDirectory="d841b009-74e0-48d6-b069-84ca878bf069">
      <Output>
        <ErrorInfo>
          <Message>System.InvalidOperationException : Cannot create more than one System.Windows.Application instance in the same AppDomain.</Message>
          <StackTrace>   at System.Windows.Application..ctor()&#xD;
   at WileyWidget.App..ctor() in C:\Users\biges\Desktop\Wiley_Widget\App.xaml.cs:line 345&#xD;
   at WileyWidget.Tests.AppUnitTests.TryRegisterEmbeddedLicense_DefaultImplementation_ReturnsFalse() in C:\Users\biges\Desktop\Wiley_Widget\WileyWidget.Tests\AppUnitTests.cs:line 114&#xD;
   at System.RuntimeMethodHandle.InvokeMethod(Object target, Void** arguments, Signature sig, Boolean isConstructor)&#xD;
   at System.Reflection.MethodBaseInvoker.InvokeWithNoArgs(Object obj, BindingFlags invokeAttr)</StackTrace>
        </ErrorInfo>
      </Output>
    </UnitTestResult>
    <UnitTestResult executionId="d9d7fac3-174d-41cc-98a6-37b01bc44c1d" testId="28afac11-75f2-4277-47ce-175ecd6d5bf3" testName="WileyWidget.Tests.WidgetTests.Widget_IsActive_CanBeSet(isActive: True)" computerName="MCKITRICK" duration="00:00:00.0002459" startTime="2025-08-29T18:59:43.5449292-06:00" endTime="2025-08-29T18:59:43.5449292-06:00" testType="13cdc9d9-ddb5-4fa4-a97d-d965ccfc6d4b" outcome="Passed" testListId="8c84fa94-04c1-424b-9868-57a2d4851a1d" relativeResultsDirectory="d9d7fac3-174d-41cc-98a6-37b01bc44c1d" />
    <UnitTestResult executionId="8e968fc1-10f3-4fa7-9992-2586d45d25fe" testId="ef0f0bc6-05a9-f4ec-9eaa-324bcd7d0328" testName="WileyWidget.Tests.AppUnitTests.ConfigureLogging_SetsUpLoggerCorrectly" computerName="MCKITRICK" duration="00:00:00.0001795" startTime="2025-08-29T18:59:45.6032894-06:00" endTime="2025-08-29T18:59:45.6032895-06:00" testType="13cdc9d9-ddb5-4fa4-a97d-d965ccfc6d4b" outcome="Failed" testListId="8c84fa94-04c1-424b-9868-57a2d4851a1d" relativeResultsDirectory="8e968fc1-10f3-4fa7-9992-2586d45d25fe">
      <Output>
        <ErrorInfo>
          <Message>System.InvalidOperationException : Cannot create more than one System.Windows.Application instance in the same AppDomain.</Message>
          <StackTrace>   at System.Windows.Application..ctor()&#xD;
   at WileyWidget.App..ctor() in C:\Users\biges\Desktop\Wiley_Widget\App.xaml.cs:line 345&#xD;
   at WileyWidget.Tests.AppUnitTests.ConfigureLogging_SetsUpLoggerCorrectly() in C:\Users\biges\Desktop\Wiley_Widget\WileyWidget.Tests\AppUnitTests.cs:line 131&#xD;
   at System.RuntimeMethodHandle.InvokeMethod(Object target, Void** arguments, Signature sig, Boolean isConstructor)&#xD;
   at System.Reflection.MethodBaseInvoker.InvokeWithNoArgs(Object obj, BindingFlags invokeAttr)</StackTrace>
        </ErrorInfo>
      </Output>
    </UnitTestResult>
    <UnitTestResult executionId="884b8517-25e9-4aac-a455-b1ec0b972868" testId="e72511ca-5da4-5e68-e2df-554a43fc47aa" testName="WileyWidget.Tests.SettingsServiceTests.SettingsService_Load_HandlesMissingFile" computerName="MCKITRICK" duration="00:00:00.0035369" startTime="2025-08-29T18:59:44.5828204-06:00" endTime="2025-08-29T18:59:44.5828207-06:00" testType="13cdc9d9-ddb5-4fa4-a97d-d965ccfc6d4b" outcome="Passed" testListId="8c84fa94-04c1-424b-9868-57a2d4851a1d" relativeResultsDirectory="884b8517-25e9-4aac-a455-b1ec0b972868" />
    <UnitTestResult executionId="84968876-19a9-4b13-8ca8-0f8e33ac7431" testId="97655ffa-dca1-a12a-5ad2-019d9211febe" testName="WileyWidget.Tests.DatabaseIntegrationTests.Repository_ValidatesRequiredFields" computerName="MCKITRICK" duration="00:00:00.0005896" startTime="2025-08-29T18:59:45.6831035-06:00" endTime="2025-08-29T18:59:45.6831036-06:00" testType="13cdc9d9-ddb5-4fa4-a97d-d965ccfc6d4b" outcome="Passed" testListId="8c84fa94-04c1-424b-9868-57a2d4851a1d" relativeResultsDirectory="84968876-19a9-4b13-8ca8-0f8e33ac7431" />
    <UnitTestResult executionId="37b350ed-6d74-4112-9ae7-a9556f35ddf6" testId="e1f8a3e1-d467-b8d5-d368-b35a2dff4c81" testName="WileyWidget.Tests.EnterpriseDatabaseTests.SimpleDatabaseConnectionTest" computerName="MCKITRICK" duration="00:00:02.6958722" startTime="2025-08-29T18:59:45.2553613-06:00" endTime="2025-08-29T18:59:45.2553617-06:00" testType="13cdc9d9-ddb5-4fa4-a97d-d965ccfc6d4b" outcome="Passed" testListId="8c84fa94-04c1-424b-9868-57a2d4851a1d" relativeResultsDirectory="37b350ed-6d74-4112-9ae7-a9556f35ddf6" />
    <UnitTestResult executionId="c58d58e5-f435-4a49-8655-fdeda99ea692" testId="7d89b2b7-2e04-1507-fb4c-fafb91c62761" testName="WileyWidget.Tests.DatabaseIntegrationTests.GetByIdAsync_ReturnsNullForNonExistentId" computerName="MCKITRICK" duration="00:00:00.0215065" startTime="2025-08-29T18:59:45.6796579-06:00" endTime="2025-08-29T18:59:45.6796580-06:00" testType="13cdc9d9-ddb5-4fa4-a97d-d965ccfc6d4b" outcome="Passed" testListId="8c84fa94-04c1-424b-9868-57a2d4851a1d" relativeResultsDirectory="c58d58e5-f435-4a49-8655-fdeda99ea692" />
    <UnitTestResult executionId="a4478032-cfea-4737-a7dc-a28a909b36b7" testId="20a34a95-a426-14ac-be1a-81af3da9062a" testName="WileyWidget.Tests.EnterpriseModelTests.Enterprise_CitizenCount_Validation(citizenCount: 1000, shouldBeValid: True)" computerName="MCKITRICK" duration="00:00:00.0000440" startTime="2025-08-29T18:59:44.1789804-06:00" endTime="2025-08-29T18:59:44.1789810-06:00" testType="13cdc9d9-ddb5-4fa4-a97d-d965ccfc6d4b" outcome="Passed" testListId="8c84fa94-04c1-424b-9868-57a2d4851a1d" relativeResultsDirectory="a4478032-cfea-4737-a7dc-a28a909b36b7" />
    <UnitTestResult executionId="a3b6ec62-ca36-42f5-87cf-1ffff7bf7c89" testId="9929003c-3c0b-e178-ebdf-bba67d8898cc" testName="WileyWidget.Tests.EnterpriseModelTests.Enterprise_MonthlyExpenses_Validation(expenses: 1000, shouldBeValid: True)" computerName="MCKITRICK" duration="00:00:00.0003976" startTime="2025-08-29T18:59:43.9122589-06:00" endTime="2025-08-29T18:59:43.9122589-06:00" testType="13cdc9d9-ddb5-4fa4-a97d-d965ccfc6d4b" outcome="Passed" testListId="8c84fa94-04c1-424b-9868-57a2d4851a1d" relativeResultsDirectory="a3b6ec62-ca36-42f5-87cf-1ffff7bf7c89" />
    <UnitTestResult executionId="1b278aa0-1121-4e3d-9e33-c8aace80e524" testId="9d53fc33-d776-6625-1b0a-4b6f01111549" testName="WileyWidget.Tests.BudgetInteractionTests.BudgetInteraction_MonthlyAmount_Validation(amount: 0, shouldBeValid: True)" computerName="MCKITRICK" duration="00:00:00.0002826" startTime="2025-08-29T18:59:44.1868372-06:00" endTime="2025-08-29T18:59:44.1868374-06:00" testType="13cdc9d9-ddb5-4fa4-a97d-d965ccfc6d4b" outcome="Passed" testListId="8c84fa94-04c1-424b-9868-57a2d4851a1d" relativeResultsDirectory="1b278aa0-1121-4e3d-9e33-c8aace80e524" />
    <UnitTestResult executionId="2451d2b8-b5a8-49b9-9c79-efc0ac93b4af" testId="40c28db5-98d0-9ac0-459d-782c32a105ab" testName="WileyWidget.Tests.WidgetTests.Widget_Quantity_Validation(quantity: -1, shouldBeValid: False)" computerName="MCKITRICK" duration="00:00:00.0001918" startTime="2025-08-29T18:59:44.1839215-06:00" endTime="2025-08-29T18:59:44.1839215-06:00" testType="13cdc9d9-ddb5-4fa4-a97d-d965ccfc6d4b" outcome="Passed" testListId="8c84fa94-04c1-424b-9868-57a2d4851a1d" relativeResultsDirectory="2451d2b8-b5a8-49b9-9c79-efc0ac93b4af" />
    <UnitTestResult executionId="96a9ce23-51e6-4aaa-a1d3-daebdf6fa49d" testId="59a77b29-012a-7f31-5abd-f2349c80ceff" testName="WileyWidget.Tests.DatabaseIntegrationTests.GetAllAsync_ReturnsAllEnterprises" computerName="MCKITRICK" duration="00:00:00.0082940" startTime="2025-08-29T18:59:45.6914009-06:00" endTime="2025-08-29T18:59:45.6914009-06:00" testType="13cdc9d9-ddb5-4fa4-a97d-d965ccfc6d4b" outcome="Passed" testListId="8c84fa94-04c1-424b-9868-57a2d4851a1d" relativeResultsDirectory="96a9ce23-51e6-4aaa-a1d3-daebdf6fa49d" />
    <UnitTestResult executionId="4644005e-c4de-45c7-bda0-bc08d450ad6f" testId="69a6cf07-6d56-fd82-65cd-93be98d990d5" testName="WileyWidget.Tests.WidgetTests.Widget_Price_Validation(price: 0, shouldBeValid: False)" computerName="MCKITRICK" duration="00:00:00.0006095" startTime="2025-08-29T18:59:44.1805706-06:00" endTime="2025-08-29T18:59:44.1805706-06:00" testType="13cdc9d9-ddb5-4fa4-a97d-d965ccfc6d4b" outcome="Passed" testListId="8c84fa94-04c1-424b-9868-57a2d4851a1d" relativeResultsDirectory="4644005e-c4de-45c7-bda0-bc08d450ad6f" />
    <UnitTestResult executionId="af97be5a-271d-4525-bca9-feea7b6e9177" testId="04dd675b-629e-a516-a8ca-baee13393506" testName="WileyWidget.Tests.SettingsServiceTests.SettingsService_Load_HandlesCorruptFile" computerName="MCKITRICK" duration="00:00:00.2864032" startTime="2025-08-29T18:59:44.8693930-06:00" endTime="2025-08-29T18:59:44.8693932-06:00" testType="13cdc9d9-ddb5-4fa4-a97d-d965ccfc6d4b" outcome="Passed" testListId="8c84fa94-04c1-424b-9868-57a2d4851a1d" relativeResultsDirectory="af97be5a-271d-4525-bca9-feea7b6e9177" />
    <UnitTestResult executionId="55ece466-7685-4ea9-941e-66b8df5670f9" testId="c888132b-1015-a40a-2843-8a77b9425be8" testName="WileyWidget.Tests.SettingsServiceTests.SettingsService_Save_CreatesFile" computerName="MCKITRICK" duration="00:00:00.0018886" startTime="2025-08-29T18:59:44.5776660-06:00" endTime="2025-08-29T18:59:44.5776663-06:00" testType="13cdc9d9-ddb5-4fa4-a97d-d965ccfc6d4b" outcome="Passed" testListId="8c84fa94-04c1-424b-9868-57a2d4851a1d" relativeResultsDirectory="55ece466-7685-4ea9-941e-66b8df5670f9" />
    <UnitTestResult executionId="30b8d8a2-5ea3-479b-ae54-04051b957df7" testId="a4f037bc-7338-9135-cfbf-a9e8758843b8" testName="WileyWidget.Tests.BudgetInteractionTests.BudgetInteraction_InteractionType_Validation(type: &quot;&quot;, shouldBeValid: False)" computerName="MCKITRICK" duration="00:00:00.0004260" startTime="2025-08-29T18:59:44.1804147-06:00" endTime="2025-08-29T18:59:44.1804148-06:00" testType="13cdc9d9-ddb5-4fa4-a97d-d965ccfc6d4b" outcome="Passed" testListId="8c84fa94-04c1-424b-9868-57a2d4851a1d" relativeResultsDirectory="30b8d8a2-5ea3-479b-ae54-04051b957df7" />
    <UnitTestResult executionId="37da2c93-793d-4a72-af1d-37fc184b15b7" testId="888d2b50-7b6d-6c90-d0fe-ec32083e79d4" testName="WileyWidget.Tests.AppUnitTests.ConfigureGlobalExceptionHandling_SetsUpHandlers" computerName="MCKITRICK" duration="00:00:00.0001741" startTime="2025-08-29T18:59:45.6009962-06:00" endTime="2025-08-29T18:59:45.6009964-06:00" testType="13cdc9d9-ddb5-4fa4-a97d-d965ccfc6d4b" outcome="Failed" testListId="8c84fa94-04c1-424b-9868-57a2d4851a1d" relativeResultsDirectory="37da2c93-793d-4a72-af1d-37fc184b15b7">
      <Output>
        <ErrorInfo>
          <Message>System.InvalidOperationException : Cannot create more than one System.Windows.Application instance in the same AppDomain.</Message>
          <StackTrace>   at System.Windows.Application..ctor()&#xD;
   at WileyWidget.App..ctor() in C:\Users\biges\Desktop\Wiley_Widget\App.xaml.cs:line 345&#xD;
   at WileyWidget.Tests.AppUnitTests.ConfigureGlobalExceptionHandling_SetsUpHandlers() in C:\Users\biges\Desktop\Wiley_Widget\WileyWidget.Tests\AppUnitTests.cs:line 145&#xD;
   at System.RuntimeMethodHandle.InvokeMethod(Object target, Void** arguments, Signature sig, Boolean isConstructor)&#xD;
   at System.Reflection.MethodBaseInvoker.InvokeWithNoArgs(Object obj, BindingFlags invokeAttr)</StackTrace>
        </ErrorInfo>
      </Output>
    </UnitTestResult>
    <UnitTestResult executionId="18c967dc-e830-4fc3-b9cc-c6c7b6178628" testId="a2810c54-2114-8e84-bfe9-f4d0a5267d1f" testName="WileyWidget.Tests.EnterpriseModelTests.Enterprise_CitizenCount_Validation(citizenCount: -1, shouldBeValid: False)" computerName="MCKITRICK" duration="00:00:00.0003512" startTime="2025-08-29T18:59:44.1782820-06:00" endTime="2025-08-29T18:59:44.1782822-06:00" testType="13cdc9d9-ddb5-4fa4-a97d-d965ccfc6d4b" outcome="Passed" testListId="8c84fa94-04c1-424b-9868-57a2d4851a1d" relativeResultsDirectory="18c967dc-e830-4fc3-b9cc-c6c7b6178628" />
    <UnitTestResult executionId="ac9a0230-e651-49ed-8b63-e815065a0732" testId="118c5093-dd4d-05af-5b6d-0f37c0d730c3" testName="WileyWidget.Tests.MainWindowUnitTests.LogCurrentThemeState_MethodExists" computerName="MCKITRICK" duration="00:00:00.0001650" startTime="2025-08-29T18:59:44.8978423-06:00" endTime="2025-08-29T18:59:44.8978423-06:00" testType="13cdc9d9-ddb5-4fa4-a97d-d965ccfc6d4b" outcome="Failed" testListId="8c84fa94-04c1-424b-9868-57a2d4851a1d" relativeResultsDirectory="ac9a0230-e651-49ed-8b63-e815065a0732">
      <Output>
        <ErrorInfo>
          <Message>System.InvalidOperationException : The calling thread must be STA, because many UI components require this.</Message>
          <StackTrace>   at System.Windows.Input.InputManager..ctor()&#xD;
   at System.Windows.Input.InputManager.GetCurrentInputManagerImpl()&#xD;
   at System.Windows.Input.KeyboardNavigation..ctor()&#xD;
   at System.Windows.FrameworkElement.FrameworkServices..ctor()&#xD;
   at System.Windows.FrameworkElement.EnsureFrameworkServices()&#xD;
   at System.Windows.FrameworkElement..ctor()&#xD;
   at System.Windows.Controls.Control..ctor()&#xD;
   at System.Windows.Window..ctor()&#xD;
   at WileyWidget.MainWindow..ctor() in C:\Users\biges\Desktop\Wiley_Widget\Views\MainWindow.xaml.cs:line 59&#xD;
   at WileyWidget.Tests.MainWindowUnitTests.LogCurrentThemeState_MethodExists() in C:\Users\biges\Desktop\Wiley_Widget\WileyWidget.Tests\MainWindowUnitTests.cs:line 74&#xD;
   at System.RuntimeMethodHandle.InvokeMethod(Object target, Void** arguments, Signature sig, Boolean isConstructor)&#xD;
   at System.Reflection.MethodBaseInvoker.InvokeWithNoArgs(Object obj, BindingFlags invokeAttr)</StackTrace>
        </ErrorInfo>
      </Output>
    </UnitTestResult>
    <UnitTestResult executionId="03c3acd9-dd85-4c18-8b75-a981a6db13a9" testId="52b06d6e-0e7b-45f1-e848-734105f0bc9a" testName="WileyWidget.Tests.MainWindowUnitTests.BuildDynamicColumns_MethodExists" computerName="MCKITRICK" duration="00:00:00.0001715" startTime="2025-08-29T18:59:44.8973048-06:00" endTime="2025-08-29T18:59:44.8973049-06:00" testType="13cdc9d9-ddb5-4fa4-a97d-d965ccfc6d4b" outcome="Failed" testListId="8c84fa94-04c1-424b-9868-57a2d4851a1d" relativeResultsDirectory="03c3acd9-dd85-4c18-8b75-a981a6db13a9">
      <Output>
        <ErrorInfo>
          <Message>System.InvalidOperationException : The calling thread must be STA, because many UI components require this.</Message>
          <StackTrace>   at System.Windows.Input.InputManager..ctor()&#xD;
   at System.Windows.Input.InputManager.GetCurrentInputManagerImpl()&#xD;
   at System.Windows.Input.KeyboardNavigation..ctor()&#xD;
   at System.Windows.FrameworkElement.FrameworkServices..ctor()&#xD;
   at System.Windows.FrameworkElement.EnsureFrameworkServices()&#xD;
   at System.Windows.FrameworkElement..ctor()&#xD;
   at System.Windows.Controls.Control..ctor()&#xD;
   at System.Windows.Window..ctor()&#xD;
   at WileyWidget.MainWindow..ctor() in C:\Users\biges\Desktop\Wiley_Widget\Views\MainWindow.xaml.cs:line 59&#xD;
   at WileyWidget.Tests.MainWindowUnitTests.BuildDynamicColumns_MethodExists() in C:\Users\biges\Desktop\Wiley_Widget\WileyWidget.Tests\MainWindowUnitTests.cs:line 100&#xD;
   at System.RuntimeMethodHandle.InvokeMethod(Object target, Void** arguments, Signature sig, Boolean isConstructor)&#xD;
   at System.Reflection.MethodBaseInvoker.InvokeWithNoArgs(Object obj, BindingFlags invokeAttr)</StackTrace>
        </ErrorInfo>
      </Output>
    </UnitTestResult>
    <UnitTestResult executionId="e3afa312-fc92-4a86-a2ef-8062fe23ab39" testId="a590d7ab-a37d-241b-b41d-e926aae9e190" testName="WileyWidget.Tests.DatabaseIntegrationTests.Repository_EnforcesCitizenCountConstraints" computerName="MCKITRICK" duration="00:00:00.0007064" startTime="2025-08-29T18:59:45.6993820-06:00" endTime="2025-08-29T18:59:45.6993822-06:00" testType="13cdc9d9-ddb5-4fa4-a97d-d965ccfc6d4b" outcome="Passed" testListId="8c84fa94-04c1-424b-9868-57a2d4851a1d" relativeResultsDirectory="e3afa312-fc92-4a86-a2ef-8062fe23ab39" />
    <UnitTestResult executionId="573a994b-3b51-4354-af74-a375ff295304" testId="be33b031-b799-d68d-9ac7-4be6a20a63bc" testName="WileyWidget.Tests.BudgetAnalyticsTests.BudgetInsights_IncludesCitizenAverageRevenue" computerName="MCKITRICK" duration="00:00:00.0130644" startTime="2025-08-29T18:59:44.1919796-06:00" endTime="2025-08-29T18:59:44.1919799-06:00" testType="13cdc9d9-ddb5-4fa4-a97d-d965ccfc6d4b" outcome="Passed" testListId="8c84fa94-04c1-424b-9868-57a2d4851a1d" relativeResultsDirectory="573a994b-3b51-4354-af74-a375ff295304" />
    <UnitTestResult executionId="16651a21-118b-43b7-aedc-ced3a0306f9e" testId="4a107ce6-33da-a97e-bc39-9415fc198e08" testName="WileyWidget.Tests.EnterpriseTests.Enterprise_Validation_HandlesMultipleErrors" computerName="MCKITRICK" duration="00:00:00.0002041" startTime="2025-08-29T18:59:44.1837768-06:00" endTime="2025-08-29T18:59:44.1837769-06:00" testType="13cdc9d9-ddb5-4fa4-a97d-d965ccfc6d4b" outcome="Passed" testListId="8c84fa94-04c1-424b-9868-57a2d4851a1d" relativeResultsDirectory="16651a21-118b-43b7-aedc-ced3a0306f9e" />
    <UnitTestResult executionId="bbb0b3f7-29b1-4549-9453-eb69f3af2320" testId="c093cc50-deee-4751-29ce-343ea9d35c10" testName="WileyWidget.Tests.EnterpriseTests.Enterprise_Name_Validation(name: &quot;A&quot;, shouldBeValid: True)" computerName="MCKITRICK" duration="00:00:00.0000331" startTime="2025-08-29T18:59:44.1829986-06:00" endTime="2025-08-29T18:59:44.1829986-06:00" testType="13cdc9d9-ddb5-4fa4-a97d-d965ccfc6d4b" outcome="Passed" testListId="8c84fa94-04c1-424b-9868-57a2d4851a1d" relativeResultsDirectory="bbb0b3f7-29b1-4549-9453-eb69f3af2320" />
    <UnitTestResult executionId="80ed4af4-accd-4ebd-9ecb-fa437acad25d" testId="bab73118-bcc5-733a-969d-4c306d5de5ef" testName="WileyWidget.Tests.EnterpriseTests.Enterprise_CurrentRate_Validation(rate: 1000, shouldBeValid: True)" computerName="MCKITRICK" duration="00:00:00.0002673" startTime="2025-08-29T18:59:44.1811033-06:00" endTime="2025-08-29T18:59:44.1811034-06:00" testType="13cdc9d9-ddb5-4fa4-a97d-d965ccfc6d4b" outcome="Passed" testListId="8c84fa94-04c1-424b-9868-57a2d4851a1d" relativeResultsDirectory="80ed4af4-accd-4ebd-9ecb-fa437acad25d" />
    <UnitTestResult executionId="76aa861f-813c-46a9-9441-d979182a8cf7" testId="1a019a48-5289-21b6-90e2-05f5df28d217" testName="WileyWidget.Tests.MainWindowUnitTests.UpdateThemeToggleVisuals_MethodExists" computerName="MCKITRICK" duration="00:00:02.3070806" startTime="2025-08-29T18:59:44.8904904-06:00" endTime="2025-08-29T18:59:44.8904906-06:00" testType="13cdc9d9-ddb5-4fa4-a97d-d965ccfc6d4b" outcome="Failed" testListId="8c84fa94-04c1-424b-9868-57a2d4851a1d" relativeResultsDirectory="76aa861f-813c-46a9-9441-d979182a8cf7">
      <Output>
        <ErrorInfo>
          <Message>System.InvalidOperationException : The calling thread must be STA, because many UI components require this.</Message>
          <StackTrace>   at System.Windows.Input.InputManager..ctor()&#xD;
   at System.Windows.Input.InputManager.GetCurrentInputManagerImpl()&#xD;
   at System.Windows.Input.KeyboardNavigation..ctor()&#xD;
   at System.Windows.FrameworkElement.FrameworkServices..ctor()&#xD;
   at System.Windows.FrameworkElement.EnsureFrameworkServices()&#xD;
   at System.Windows.FrameworkElement..ctor()&#xD;
   at System.Windows.Controls.Control..ctor()&#xD;
   at System.Windows.Window..ctor()&#xD;
   at WileyWidget.MainWindow..ctor() in C:\Users\biges\Desktop\Wiley_Widget\Views\MainWindow.xaml.cs:line 59&#xD;
   at WileyWidget.Tests.MainWindowUnitTests.UpdateThemeToggleVisuals_MethodExists() in C:\Users\biges\Desktop\Wiley_Widget\WileyWidget.Tests\MainWindowUnitTests.cs:line 35&#xD;
   at System.RuntimeMethodHandle.InvokeMethod(Object target, Void** arguments, Signature sig, Boolean isConstructor)&#xD;
   at System.Reflection.MethodBaseInvoker.InvokeWithNoArgs(Object obj, BindingFlags invokeAttr)</StackTrace>
        </ErrorInfo>
      </Output>
    </UnitTestResult>
    <UnitTestResult executionId="9d63aa57-2570-47f4-ab07-afab4dd0a7de" testId="d72bcf70-eede-0359-7f9b-84883d87f42f" testName="WileyWidget.Tests.MainViewModelTests.SelectNextCommand_SelectsNextWidget" computerName="MCKITRICK" duration="00:00:02.3393131" startTime="2025-08-29T18:59:44.8978770-06:00" endTime="2025-08-29T18:59:44.8978771-06:00" testType="13cdc9d9-ddb5-4fa4-a97d-d965ccfc6d4b" outcome="Passed" testListId="8c84fa94-04c1-424b-9868-57a2d4851a1d" relativeResultsDirectory="9d63aa57-2570-47f4-ab07-afab4dd0a7de" />
    <UnitTestResult executionId="190ab9e7-0b1d-4d54-944f-691d80333888" testId="de72c0f3-fa26-9d6c-6ca7-32a0c98717f3" testName="WileyWidget.Tests.WidgetTests.Widget_Price_Validation(price: 1000.99, shouldBeValid: True)" computerName="MCKITRICK" duration="00:00:00.0000131" startTime="2025-08-29T18:59:44.1811963-06:00" endTime="2025-08-29T18:59:44.1811964-06:00" testType="13cdc9d9-ddb5-4fa4-a97d-d965ccfc6d4b" outcome="Passed" testListId="8c84fa94-04c1-424b-9868-57a2d4851a1d" relativeResultsDirectory="190ab9e7-0b1d-4d54-944f-691d80333888" />
    <UnitTestResult executionId="97435c46-3249-4d4d-abc3-3fb02c7b3699" testId="53bedddd-9e7e-05b6-0db9-6c4d6523d66b" testName="WileyWidget.Tests.BudgetInteractionTests.BudgetInteraction_AcceptsVariousInteractionTypes(type: &quot;Transfer&quot;, expected: True)" computerName="MCKITRICK" duration="00:00:00.0000273" startTime="2025-08-29T18:59:44.1851099-06:00" endTime="2025-08-29T18:59:44.1851099-06:00" testType="13cdc9d9-ddb5-4fa4-a97d-d965ccfc6d4b" outcome="Passed" testListId="8c84fa94-04c1-424b-9868-57a2d4851a1d" relativeResultsDirectory="97435c46-3249-4d4d-abc3-3fb02c7b3699" />
    <UnitTestResult executionId="db7d57a0-9c7c-413b-b626-3c8780ab1cae" testId="90cb2182-2da9-b142-9e98-2812635b6bad" testName="WileyWidget.Tests.EnterpriseTests.Enterprise_CalculatedProperties_WorkCorrectly(currentRate: 2, citizenCount: 500, expenses: 1000, expectedBalance: 0)" computerName="MCKITRICK" duration="00:00:01.3420388" startTime="2025-08-29T18:59:43.9024292-06:00" endTime="2025-08-29T18:59:43.9024293-06:00" testType="13cdc9d9-ddb5-4fa4-a97d-d965ccfc6d4b" outcome="Passed" testListId="8c84fa94-04c1-424b-9868-57a2d4851a1d" relativeResultsDirectory="db7d57a0-9c7c-413b-b626-3c8780ab1cae" />
    <UnitTestResult executionId="ec4b8db1-7acc-4de7-b2c9-7b5049725aca" testId="cc0265d4-60a7-3f55-fdff-2713f678dbad" testName="WileyWidget.Tests.EnterpriseTests.Enterprise_DefaultValues_AreSetCorrectly" computerName="MCKITRICK" duration="00:00:00.2754480" startTime="2025-08-29T18:59:44.1790568-06:00" endTime="2025-08-29T18:59:44.1790569-06:00" testType="13cdc9d9-ddb5-4fa4-a97d-d965ccfc6d4b" outcome="Passed" testListId="8c84fa94-04c1-424b-9868-57a2d4851a1d" relativeResultsDirectory="ec4b8db1-7acc-4de7-b2c9-7b5049725aca" />
    <UnitTestResult executionId="ce2c4ffe-1937-414f-86f6-8a93c4ed1034" testId="2eed4695-e3e7-5a59-502b-92e7e53fb8f1" testName="WileyWidget.Tests.AppUnitTests.RegisterSyncfusionLicense_WithPlaceholderConfigKey_FallsBackToEnvironment" computerName="MCKITRICK" duration="00:00:00.0007060" startTime="2025-08-29T18:59:45.6002503-06:00" endTime="2025-08-29T18:59:45.6002509-06:00" testType="13cdc9d9-ddb5-4fa4-a97d-d965ccfc6d4b" outcome="Failed" testListId="8c84fa94-04c1-424b-9868-57a2d4851a1d" relativeResultsDirectory="ce2c4ffe-1937-414f-86f6-8a93c4ed1034">
      <Output>
        <ErrorInfo>
          <Message>System.InvalidOperationException : Cannot create more than one System.Windows.Application instance in the same AppDomain.</Message>
          <StackTrace>   at System.Windows.Application..ctor()&#xD;
   at WileyWidget.App..ctor() in C:\Users\biges\Desktop\Wiley_Widget\App.xaml.cs:line 345&#xD;
   at WileyWidget.Tests.AppUnitTests.RegisterSyncfusionLicense_WithPlaceholderConfigKey_FallsBackToEnvironment() in C:\Users\biges\Desktop\Wiley_Widget\WileyWidget.Tests\AppUnitTests.cs:line 44&#xD;
   at System.RuntimeMethodHandle.InvokeMethod(Object target, Void** arguments, Signature sig, Boolean isConstructor)&#xD;
   at System.Reflection.MethodBaseInvoker.InvokeWithNoArgs(Object obj, BindingFlags invokeAttr)</StackTrace>
        </ErrorInfo>
      </Output>
    </UnitTestResult>
    <UnitTestResult executionId="862547ff-6f19-4b91-8797-809867a6970d" testId="e5321f6f-e5a1-6e5b-e713-11e01758bd01" testName="WileyWidget.Tests.BudgetInteractionTests.BudgetInteraction_SecondaryEnterpriseId_CanBeSet" computerName="MCKITRICK" duration="00:00:00.0016390" startTime="2025-08-29T18:59:44.1942715-06:00" endTime="2025-08-29T18:59:44.1942717-06:00" testType="13cdc9d9-ddb5-4fa4-a97d-d965ccfc6d4b" outcome="Passed" testListId="8c84fa94-04c1-424b-9868-57a2d4851a1d" relativeResultsDirectory="862547ff-6f19-4b91-8797-809867a6970d" />
    <UnitTestResult executionId="18ccf1ec-47c4-4f08-ba00-d6806d290d9b" testId="266048de-3f2b-fdbd-2e09-1b7eae8e8964" testName="WileyWidget.Tests.EnterpriseModelTests.Enterprise_Name_Validation(name: &quot;Valid Name&quot;, shouldBeValid: True)" computerName="MCKITRICK" duration="00:00:00.0000098" startTime="2025-08-29T18:59:43.9132116-06:00" endTime="2025-08-29T18:59:43.9132122-06:00" testType="13cdc9d9-ddb5-4fa4-a97d-d965ccfc6d4b" outcome="Passed" testListId="8c84fa94-04c1-424b-9868-57a2d4851a1d" relativeResultsDirectory="18ccf1ec-47c4-4f08-ba00-d6806d290d9b" />
    <UnitTestResult executionId="18e0ac5f-79c5-42e5-9062-72e6172d47c3" testId="1340ffff-d167-8c9f-1446-195b0fb1d86f" testName="WileyWidget.Tests.DatabaseIntegrationTests.AddAsync_AddsEnterpriseToDatabase" computerName="MCKITRICK" duration="00:00:00.0124581" startTime="2025-08-29T18:59:45.6581789-06:00" endTime="2025-08-29T18:59:45.6581792-06:00" testType="13cdc9d9-ddb5-4fa4-a97d-d965ccfc6d4b" outcome="Passed" testListId="8c84fa94-04c1-424b-9868-57a2d4851a1d" relativeResultsDirectory="18e0ac5f-79c5-42e5-9062-72e6172d47c3" />
    <UnitTestResult executionId="cb1073c1-01d2-4671-bc39-931f2bd9d7dc" testId="f1c4230d-c873-a695-bf0b-dd9c7f8ad220" testName="WileyWidget.Tests.EnterpriseDatabaseTests.InsertEnterprise_DataIsInsertedCorrectly_UsingDirectConnection" computerName="MCKITRICK" duration="00:00:00.0129557" startTime="2025-08-29T18:59:45.5982438-06:00" endTime="2025-08-29T18:59:45.5982442-06:00" testType="13cdc9d9-ddb5-4fa4-a97d-d965ccfc6d4b" outcome="Passed" testListId="8c84fa94-04c1-424b-9868-57a2d4851a1d" relativeResultsDirectory="cb1073c1-01d2-4671-bc39-931f2bd9d7dc" />
    <UnitTestResult executionId="8b812a59-80d7-4ca0-bc7d-9baec1e1a13c" testId="6f8045c6-6937-39f1-af17-4e72f663e3b7" testName="WileyWidget.Tests.DatabaseIntegrationTests.Repository_HandlesCalculatedPropertiesCorrectly" computerName="MCKITRICK" duration="00:00:03.0879056" startTime="2025-08-29T18:59:45.6455582-06:00" endTime="2025-08-29T18:59:45.6455583-06:00" testType="13cdc9d9-ddb5-4fa4-a97d-d965ccfc6d4b" outcome="Passed" testListId="8c84fa94-04c1-424b-9868-57a2d4851a1d" relativeResultsDirectory="8b812a59-80d7-4ca0-bc7d-9baec1e1a13c" />
    <UnitTestResult executionId="6fd63b5b-4b3c-45e1-86b1-c498e93c6fc3" testId="e472ca0e-4d1f-2cb2-ae79-f619786a7e3f" testName="WileyWidget.Tests.EnterpriseModelTests.Enterprise_MonthlyExpenses_Validation(expenses: -1, shouldBeValid: False)" computerName="MCKITRICK" duration="00:00:01.3458512" startTime="2025-08-29T18:59:43.9062870-06:00" endTime="2025-08-29T18:59:43.9062875-06:00" testType="13cdc9d9-ddb5-4fa4-a97d-d965ccfc6d4b" outcome="Passed" testListId="8c84fa94-04c1-424b-9868-57a2d4851a1d" relativeResultsDirectory="6fd63b5b-4b3c-45e1-86b1-c498e93c6fc3" />
    <UnitTestResult executionId="b005da8c-5198-43a0-a0c5-a1cbeea6ac0f" testId="8b1e5a88-d61f-8bfb-af7a-001ec194b46c" testName="WileyWidget.Tests.MainViewModelTests.QuickBooksCustomers_Collection_IsObservable" computerName="MCKITRICK" duration="00:00:00.0007681" startTime="2025-08-29T18:59:45.0767845-06:00" endTime="2025-08-29T18:59:45.0767847-06:00" testType="13cdc9d9-ddb5-4fa4-a97d-d965ccfc6d4b" outcome="Passed" testListId="8c84fa94-04c1-424b-9868-57a2d4851a1d" relativeResultsDirectory="b005da8c-5198-43a0-a0c5-a1cbeea6ac0f" />
    <UnitTestResult executionId="673aea78-9165-4963-8631-12d6306fe4b1" testId="b43e3dd0-44c9-3349-d80b-08150cc5294d" testName="WileyWidget.Tests.MainViewModelTests.SelectNextCommand_HandlesEmptyList" computerName="MCKITRICK" duration="00:00:00.0041660" startTime="2025-08-29T18:59:45.0683042-06:00" endTime="2025-08-29T18:59:45.0683048-06:00" testType="13cdc9d9-ddb5-4fa4-a97d-d965ccfc6d4b" outcome="Passed" testListId="8c84fa94-04c1-424b-9868-57a2d4851a1d" relativeResultsDirectory="673aea78-9165-4963-8631-12d6306fe4b1" />
    <UnitTestResult executionId="f58d2845-b606-41bf-b2a4-3fc23bbe202c" testId="8b807870-505b-71ed-7f55-1b57860f38f6" testName="WileyWidget.Tests.DatabaseIntegrationTests.Repository_HandlesConcurrentReads" computerName="MCKITRICK" duration="00:00:00.0018207" startTime="2025-08-29T18:59:45.6980231-06:00" endTime="2025-08-29T18:59:45.6980232-06:00" testType="13cdc9d9-ddb5-4fa4-a97d-d965ccfc6d4b" outcome="Passed" testListId="8c84fa94-04c1-424b-9868-57a2d4851a1d" relativeResultsDirectory="f58d2845-b606-41bf-b2a4-3fc23bbe202c" />
    <UnitTestResult executionId="44283583-bc8c-4fce-961b-4e64c1c47fec" testId="b7c1d19c-bee4-911c-3a8a-0800f7a4f194" testName="WileyWidget.Tests.EnterpriseTests.Enterprise_CalculatedProperties_WorkCorrectly(currentRate: 1.5, citizenCount: 1000, expenses: 500, expectedBalance: 1000)" computerName="MCKITRICK" duration="00:00:00.0004227" startTime="2025-08-29T18:59:43.9029728-06:00" endTime="2025-08-29T18:59:43.9029729-06:00" testType="13cdc9d9-ddb5-4fa4-a97d-d965ccfc6d4b" outcome="Passed" testListId="8c84fa94-04c1-424b-9868-57a2d4851a1d" relativeResultsDirectory="44283583-bc8c-4fce-961b-4e64c1c47fec" />
    <UnitTestResult executionId="8ec33ab3-c651-4f98-9b31-3774605c70e9" testId="7cf3aa98-98eb-f226-4182-b485eaa19c16" testName="WileyWidget.Tests.EnterpriseDatabaseTests.CustomQuery_WithParameters_ReturnsFilteredData_UsingDirectConnection" computerName="MCKITRICK" duration="00:00:00.0103845" startTime="2025-08-29T18:59:45.6978608-06:00" endTime="2025-08-29T18:59:45.6978610-06:00" testType="13cdc9d9-ddb5-4fa4-a97d-d965ccfc6d4b" outcome="Passed" testListId="8c84fa94-04c1-424b-9868-57a2d4851a1d" relativeResultsDirectory="8ec33ab3-c651-4f98-9b31-3774605c70e9" />
    <UnitTestResult executionId="cb0e3223-25d6-4492-90a0-594943af206c" testId="168ae476-6639-8347-6432-3fafc0d8f784" testName="WileyWidget.Tests.DatabaseIntegrationTests.Repository_EnforcesRateConstraints" computerName="MCKITRICK" duration="00:00:00.0005721" startTime="2025-08-29T18:59:45.6986300-06:00" endTime="2025-08-29T18:59:45.6986303-06:00" testType="13cdc9d9-ddb5-4fa4-a97d-d965ccfc6d4b" outcome="Passed" testListId="8c84fa94-04c1-424b-9868-57a2d4851a1d" relativeResultsDirectory="cb0e3223-25d6-4492-90a0-594943af206c" />
    <UnitTestResult executionId="8f38ac3d-626d-4e86-a388-0bc7fda5fc0b" testId="0d4e12bb-b410-10f4-ea79-224ef1ad4ec2" testName="WileyWidget.Tests.BudgetInteractionTests.BudgetInteraction_MonthlyAmount_Validation(amount: -1, shouldBeValid: False)" computerName="MCKITRICK" duration="00:00:00.0001101" startTime="2025-08-29T18:59:44.1870420-06:00" endTime="2025-08-29T18:59:44.1870421-06:00" testType="13cdc9d9-ddb5-4fa4-a97d-d965ccfc6d4b" outcome="Passed" testListId="8c84fa94-04c1-424b-9868-57a2d4851a1d" relativeResultsDirectory="8f38ac3d-626d-4e86-a388-0bc7fda5fc0b" />
    <UnitTestResult executionId="98b1d08d-4aa1-4bf6-b984-92fb8e646aed" testId="4e31e5ac-795c-6664-b1e1-6987564c4e12" testName="WileyWidget.Tests.DatabaseIntegrationTests.GetByIdAsync_ReturnsCorrectEnterprise" computerName="MCKITRICK" duration="00:00:00.0014963" startTime="2025-08-29T18:59:45.6812086-06:00" endTime="2025-08-29T18:59:45.6812086-06:00" testType="13cdc9d9-ddb5-4fa4-a97d-d965ccfc6d4b" outcome="Passed" testListId="8c84fa94-04c1-424b-9868-57a2d4851a1d" relativeResultsDirectory="98b1d08d-4aa1-4bf6-b984-92fb8e646aed" />
    <UnitTestResult executionId="f079292c-2001-43be-a55d-ac8d2fa01d86" testId="5903b2e2-620c-d805-6dec-cff9749cf54d" testName="WileyWidget.Tests.WidgetTests.Widget_Name_Validation(name: &quot;A&quot;, shouldBeValid: True)" computerName="MCKITRICK" duration="00:00:00.0001158" startTime="2025-08-29T18:59:44.1829300-06:00" endTime="2025-08-29T18:59:44.1829301-06:00" testType="13cdc9d9-ddb5-4fa4-a97d-d965ccfc6d4b" outcome="Passed" testListId="8c84fa94-04c1-424b-9868-57a2d4851a1d" relativeResultsDirectory="f079292c-2001-43be-a55d-ac8d2fa01d86" />
    <UnitTestResult executionId="31fed344-34ce-4803-80a7-ff9a925e4bdb" testId="44e15a9e-b1db-5915-a9b2-5e9b239ca9b3" testName="WileyWidget.Tests.EnterpriseModelTests.Enterprise_BudgetStatus_ReturnsCorrectStatus(revenue: 3000, expenses: 2500, expectedStatus: &quot;Surplus&quot;)" computerName="MCKITRICK" duration="00:00:00.0001619" startTime="2025-08-29T18:59:44.1750236-06:00" endTime="2025-08-29T18:59:44.1750236-06:00" testType="13cdc9d9-ddb5-4fa4-a97d-d965ccfc6d4b" outcome="Passed" testListId="8c84fa94-04c1-424b-9868-57a2d4851a1d" relativeResultsDirectory="31fed344-34ce-4803-80a7-ff9a925e4bdb" />
    <UnitTestResult executionId="856687c7-b51d-48f3-ab6f-6a5dc1ac0e20" testId="df5aec0e-ef6f-cdc6-14fa-f5e50593b465" testName="WileyWidget.Tests.BudgetInteractionTests.BudgetInteraction_Description_Validation(description: &quot;A&quot;, shouldBeValid: True)" computerName="MCKITRICK" duration="00:00:00.0000246" startTime="2025-08-29T18:59:44.1928473-06:00" endTime="2025-08-29T18:59:44.1928474-06:00" testType="13cdc9d9-ddb5-4fa4-a97d-d965ccfc6d4b" outcome="Passed" testListId="8c84fa94-04c1-424b-9868-57a2d4851a1d" relativeResultsDirectory="856687c7-b51d-48f3-ab6f-6a5dc1ac0e20" />
    <UnitTestResult executionId="ebb3e49e-5d88-4500-a8c0-86edbf3350a2" testId="73c56291-a896-78c5-1d0e-13918f0ef198" testName="WileyWidget.Tests.EnterpriseModelTests.Enterprise_CitizenCount_Validation(citizenCount: 0, shouldBeValid: False)" computerName="MCKITRICK" duration="00:00:00.0002473" startTime="2025-08-29T18:59:44.1773370-06:00" endTime="2025-08-29T18:59:44.1773372-06:00" testType="13cdc9d9-ddb5-4fa4-a97d-d965ccfc6d4b" outcome="Passed" testListId="8c84fa94-04c1-424b-9868-57a2d4851a1d" relativeResultsDirectory="ebb3e49e-5d88-4500-a8c0-86edbf3350a2" />
    <UnitTestResult executionId="4ba05e24-61d3-4084-8bd1-d0c0948c8881" testId="6cdef057-5472-5dc2-1e24-0c140874339b" testName="WileyWidget.Tests.BudgetInteractionTests.BudgetInteraction_Notes_Validation(notes: &quot;Normal length notes&quot;, shouldBeValid: True)" computerName="MCKITRICK" duration="00:00:00.0000402" startTime="2025-08-29T18:59:44.1831134-06:00" endTime="2025-08-29T18:59:44.1831134-06:00" testType="13cdc9d9-ddb5-4fa4-a97d-d965ccfc6d4b" outcome="Passed" testListId="8c84fa94-04c1-424b-9868-57a2d4851a1d" relativeResultsDirectory="4ba05e24-61d3-4084-8bd1-d0c0948c8881" />
    <UnitTestResult executionId="883fb894-d700-4a1e-8a2a-cb78a356e793" testId="4496488f-c883-aa7a-35a7-d9dbf4a2d3b2" testName="WileyWidget.Tests.EnterpriseModelTests.Enterprise_CurrentRate_Validation(rate: 0.01, shouldBeValid: True)" computerName="MCKITRICK" duration="00:00:00.0000064" startTime="2025-08-29T18:59:43.9123500-06:00" endTime="2025-08-29T18:59:43.9123500-06:00" testType="13cdc9d9-ddb5-4fa4-a97d-d965ccfc6d4b" outcome="Passed" testListId="8c84fa94-04c1-424b-9868-57a2d4851a1d" relativeResultsDirectory="883fb894-d700-4a1e-8a2a-cb78a356e793" />
    <UnitTestResult executionId="68aad6c3-8e5c-4236-9170-7a3f9412ed55" testId="efe067a6-c350-5edd-6794-b1c41a457952" testName="WileyWidget.Tests.BudgetAnalyticsTests.BudgetInsights_AlwaysIncludesGeneralRecommendations" computerName="MCKITRICK" duration="00:00:00.0000972" startTime="2025-08-29T18:59:44.5714858-06:00" endTime="2025-08-29T18:59:44.5714859-06:00" testType="13cdc9d9-ddb5-4fa4-a97d-d965ccfc6d4b" outcome="Passed" testListId="8c84fa94-04c1-424b-9868-57a2d4851a1d" relativeResultsDirectory="68aad6c3-8e5c-4236-9170-7a3f9412ed55" />
    <UnitTestResult executionId="fd95e7bf-b482-4d28-ab82-c6d4ed0f7a2e" testId="20d48984-149e-52a8-e707-e7c8d17f3d51" testName="WileyWidget.Tests.AppUnitTests.TryScheduleLicenseDialogAutoClose_HandlesDialogScheduling" computerName="MCKITRICK" duration="00:00:00.0001611" startTime="2025-08-29T18:59:45.6017087-06:00" endTime="2025-08-29T18:59:45.6017089-06:00" testType="13cdc9d9-ddb5-4fa4-a97d-d965ccfc6d4b" outcome="Failed" testListId="8c84fa94-04c1-424b-9868-57a2d4851a1d" relativeResultsDirectory="fd95e7bf-b482-4d28-ab82-c6d4ed0f7a2e">
      <Output>
        <ErrorInfo>
          <Message>System.InvalidOperationException : Cannot create more than one System.Windows.Application instance in the same AppDomain.</Message>
          <StackTrace>   at System.Windows.Application..ctor()&#xD;
   at WileyWidget.App..ctor() in C:\Users\biges\Desktop\Wiley_Widget\App.xaml.cs:line 345&#xD;
   at WileyWidget.Tests.AppUnitTests.TryScheduleLicenseDialogAutoClose_HandlesDialogScheduling() in C:\Users\biges\Desktop\Wiley_Widget\WileyWidget.Tests\AppUnitTests.cs:line 158&#xD;
   at System.RuntimeMethodHandle.InvokeMethod(Object target, Void** arguments, Signature sig, Boolean isConstructor)&#xD;
   at System.Reflection.MethodBaseInvoker.InvokeWithNoArgs(Object obj, BindingFlags invokeAttr)</StackTrace>
        </ErrorInfo>
      </Output>
    </UnitTestResult>
    <UnitTestResult executionId="88a73a78-6335-4d49-87a5-31fdd515d11c" testId="9c4061d1-7b4d-72a8-5d62-324df6948592" testName="WileyWidget.Tests.DatabaseIntegrationTests.DeleteAsync_RemovesEnterpriseFromDatabase" computerName="MCKITRICK" duration="00:00:00.0127683" startTime="2025-08-29T18:59:45.7144596-06:00" endTime="2025-08-29T18:59:45.7144597-06:00" testType="13cdc9d9-ddb5-4fa4-a97d-d965ccfc6d4b" outcome="Passed" testListId="8c84fa94-04c1-424b-9868-57a2d4851a1d" relativeResultsDirectory="88a73a78-6335-4d49-87a5-31fdd515d11c" />
    <UnitTestResult executionId="3d306302-8965-496d-8ca9-7f9e48537188" testId="3df038af-1fe3-8eba-40c5-e3791363704f" testName="WileyWidget.Tests.EnterpriseModelTests.Enterprise_CitizenCount_Validation(citizenCount: 1, shouldBeValid: True)" computerName="MCKITRICK" duration="00:00:00.0000309" startTime="2025-08-29T18:59:44.1790240-06:00" endTime="2025-08-29T18:59:44.1790241-06:00" testType="13cdc9d9-ddb5-4fa4-a97d-d965ccfc6d4b" outcome="Passed" testListId="8c84fa94-04c1-424b-9868-57a2d4851a1d" relativeResultsDirectory="3d306302-8965-496d-8ca9-7f9e48537188" />
    <UnitTestResult executionId="9f26504d-2849-4a43-a023-9cae2021a3f9" testId="12ac1ad0-f92b-82ce-7643-dcc2a493cae6" testName="WileyWidget.Tests.BudgetInteractionTests.BudgetInteraction_Notes_Validation(notes: &quot;&quot;, shouldBeValid: True)" computerName="MCKITRICK" duration="00:00:00.0001957" startTime="2025-08-29T18:59:44.1822562-06:00" endTime="2025-08-29T18:59:44.1822563-06:00" testType="13cdc9d9-ddb5-4fa4-a97d-d965ccfc6d4b" outcome="Passed" testListId="8c84fa94-04c1-424b-9868-57a2d4851a1d" relativeResultsDirectory="9f26504d-2849-4a43-a023-9cae2021a3f9" />
    <UnitTestResult executionId="bc20e482-827c-49f3-b681-d4b555799ad2" testId="ed2fc56e-1956-21e4-fa3d-840c8fe46677" testName="WileyWidget.Tests.MainViewModelTests.Widgets_Collection_IsObservable" computerName="MCKITRICK" duration="00:00:00.0006668" startTime="2025-08-29T18:59:45.0715798-06:00" endTime="2025-08-29T18:59:45.0715799-06:00" testType="13cdc9d9-ddb5-4fa4-a97d-d965ccfc6d4b" outcome="Passed" testListId="8c84fa94-04c1-424b-9868-57a2d4851a1d" relativeResultsDirectory="bc20e482-827c-49f3-b681-d4b555799ad2" />
    <UnitTestResult executionId="31c6251e-68d1-47b4-a176-1cf104613cc7" testId="ca7752fd-c28a-2eb8-8f5e-49b6ef0284d8" testName="WileyWidget.Tests.EnterpriseModelTests.Enterprise_CurrentRate_Validation(rate: 100, shouldBeValid: True)" computerName="MCKITRICK" duration="00:00:00.0000073" startTime="2025-08-29T18:59:43.9123401-06:00" endTime="2025-08-29T18:59:43.9123402-06:00" testType="13cdc9d9-ddb5-4fa4-a97d-d965ccfc6d4b" outcome="Passed" testListId="8c84fa94-04c1-424b-9868-57a2d4851a1d" relativeResultsDirectory="31c6251e-68d1-47b4-a176-1cf104613cc7" />
    <UnitTestResult executionId="3361dbb5-bd1e-4246-9fb2-e97a9179ca82" testId="abe5bbbb-5c34-074f-41c7-88d40b3e23b8" testName="WileyWidget.Tests.SettingsServiceTests.SettingsService_Migration_QuickBooksToQbo_Works" computerName="MCKITRICK" duration="00:00:00.0186563" startTime="2025-08-29T18:59:44.5751448-06:00" endTime="2025-08-29T18:59:44.5751451-06:00" testType="13cdc9d9-ddb5-4fa4-a97d-d965ccfc6d4b" outcome="Passed" testListId="8c84fa94-04c1-424b-9868-57a2d4851a1d" relativeResultsDirectory="3361dbb5-bd1e-4246-9fb2-e97a9179ca82" />
    <UnitTestResult executionId="ee71bc2f-5bc2-4751-9062-cab01d9e0898" testId="fdd256aa-95b4-4138-ef57-428d9bd57c15" testName="WileyWidget.Tests.MainViewModelTests.SelectNextCommand_WrapsToFirstWidget" computerName="MCKITRICK" duration="00:00:00.0011061" startTime="2025-08-29T18:59:45.0758994-06:00" endTime="2025-08-29T18:59:45.0758996-06:00" testType="13cdc9d9-ddb5-4fa4-a97d-d965ccfc6d4b" outcome="Passed" testListId="8c84fa94-04c1-424b-9868-57a2d4851a1d" relativeResultsDirectory="ee71bc2f-5bc2-4751-9062-cab01d9e0898" />
    <UnitTestResult executionId="7af80f25-0c80-4297-8d88-7fd77896e6f2" testId="e347da39-e3d7-9818-2827-c6fcf2b4c69d" testName="WileyWidget.Tests.EnterpriseTests.Enterprise_Creation_WithValidData_Succeeds" computerName="MCKITRICK" duration="00:00:00.0002989" startTime="2025-08-29T18:59:44.1791396-06:00" endTime="2025-08-29T18:59:44.1791396-06:00" testType="13cdc9d9-ddb5-4fa4-a97d-d965ccfc6d4b" outcome="Passed" testListId="8c84fa94-04c1-424b-9868-57a2d4851a1d" relativeResultsDirectory="7af80f25-0c80-4297-8d88-7fd77896e6f2" />
    <UnitTestResult executionId="c8bbca76-e644-4aa3-9dcd-04b0a0a676bc" testId="93f87e80-68d8-ef6d-e92d-98707d05f82e" testName="WileyWidget.Tests.AppUnitTests.RegisterSyncfusionLicense_WithNoValidSources_LogsWarning" computerName="MCKITRICK" duration="00:00:03.0358202" startTime="2025-08-29T18:59:45.5963062-06:00" endTime="2025-08-29T18:59:45.5963065-06:00" testType="13cdc9d9-ddb5-4fa4-a97d-d965ccfc6d4b" outcome="Passed" testListId="8c84fa94-04c1-424b-9868-57a2d4851a1d" relativeResultsDirectory="c8bbca76-e644-4aa3-9dcd-04b0a0a676bc" />
    <UnitTestResult executionId="bd18656c-c50b-415f-8208-73482174a7ff" testId="cb3b465a-00da-a1e4-c2c6-1368be36d3e5" testName="WileyWidget.Tests.EnterpriseTests.Enterprise_Name_Validation(name: &quot;Valid Name&quot;, shouldBeValid: True)" computerName="MCKITRICK" duration="00:00:00.0000279" startTime="2025-08-29T18:59:44.1830330-06:00" endTime="2025-08-29T18:59:44.1830330-06:00" testType="13cdc9d9-ddb5-4fa4-a97d-d965ccfc6d4b" outcome="Passed" testListId="8c84fa94-04c1-424b-9868-57a2d4851a1d" relativeResultsDirectory="bd18656c-c50b-415f-8208-73482174a7ff" />
    <UnitTestResult executionId="ddef5a7e-ae6c-4f04-b442-e34e8fa8d417" testId="14845400-28d3-9a25-f969-c0ad7612b7de" testName="WileyWidget.Tests.BudgetInteractionTests.BudgetInteraction_MonthlyAmount_Validation(amount: 0.01, shouldBeValid: True)" computerName="MCKITRICK" duration="00:00:00.0000697" startTime="2025-08-29T18:59:44.1871164-06:00" endTime="2025-08-29T18:59:44.1871166-06:00" testType="13cdc9d9-ddb5-4fa4-a97d-d965ccfc6d4b" outcome="Passed" testListId="8c84fa94-04c1-424b-9868-57a2d4851a1d" relativeResultsDirectory="ddef5a7e-ae6c-4f04-b442-e34e8fa8d417" />
    <UnitTestResult executionId="84e92df8-c167-415a-ae69-580fab9b0eb7" testId="4f96b557-5805-2ffc-7a99-6d790882f18b" testName="WileyWidget.Tests.EnterpriseTests.Enterprise_CalculatedProperties_WorkCorrectly(currentRate: 0.5, citizenCount: 1000, expenses: 1000, expectedBalance: -500)" computerName="MCKITRICK" duration="00:00:00.0000036" startTime="2025-08-29T18:59:43.9030700-06:00" endTime="2025-08-29T18:59:43.9030700-06:00" testType="13cdc9d9-ddb5-4fa4-a97d-d965ccfc6d4b" outcome="Passed" testListId="8c84fa94-04c1-424b-9868-57a2d4851a1d" relativeResultsDirectory="84e92df8-c167-415a-ae69-580fab9b0eb7" />
    <UnitTestResult executionId="91b091dc-ffde-439a-bd91-5471722a99f3" testId="b211dea4-7dcd-20f5-d31b-47d61cf807dd" testName="WileyWidget.Tests.WidgetTests.Widget_Category_AcceptsVariousValues(category: &quot;Home &amp; Garden&quot;)" computerName="MCKITRICK" duration="00:00:00.0000028" startTime="2025-08-29T18:59:44.1757525-06:00" endTime="2025-08-29T18:59:44.1757526-06:00" testType="13cdc9d9-ddb5-4fa4-a97d-d965ccfc6d4b" outcome="Passed" testListId="8c84fa94-04c1-424b-9868-57a2d4851a1d" relativeResultsDirectory="91b091dc-ffde-439a-bd91-5471722a99f3" />
    <UnitTestResult executionId="16d1754c-ce44-4f88-b5bd-c29c5984df13" testId="a9dc7ce3-2ee9-2217-fa87-9dcfd65a9dfd" testName="WileyWidget.Tests.BudgetAnalyticsTests.BudgetInsights_GeneratesCorrectInsights_ForSurplus" computerName="MCKITRICK" duration="00:00:00.0001862" startTime="2025-08-29T18:59:44.5713423-06:00" endTime="2025-08-29T18:59:44.5713424-06:00" testType="13cdc9d9-ddb5-4fa4-a97d-d965ccfc6d4b" outcome="Passed" testListId="8c84fa94-04c1-424b-9868-57a2d4851a1d" relativeResultsDirectory="16d1754c-ce44-4f88-b5bd-c29c5984df13" />
    <UnitTestResult executionId="b5f69f21-234c-4b3b-9b4c-1d12042cbe01" testId="0121a31e-93ae-d153-ca29-460cffa0b710" testName="WileyWidget.Tests.MainViewModelTests.QuickBooksInvoices_Collection_IsObservable" computerName="MCKITRICK" duration="00:00:00.0009522" startTime="2025-08-29T18:59:45.0794268-06:00" endTime="2025-08-29T18:59:45.0794271-06:00" testType="13cdc9d9-ddb5-4fa4-a97d-d965ccfc6d4b" outcome="Passed" testListId="8c84fa94-04c1-424b-9868-57a2d4851a1d" relativeResultsDirectory="b5f69f21-234c-4b3b-9b4c-1d12042cbe01" />
    <UnitTestResult executionId="5ffb235a-bdb2-4c0a-9058-fa41a5371adb" testId="c0f826c4-a2e8-a2fe-55fc-c1924806102d" testName="WileyWidget.Tests.WidgetTests.Widget_Quantity_Validation(quantity: 0, shouldBeValid: True)" computerName="MCKITRICK" duration="00:00:00.0001486" startTime="2025-08-29T18:59:44.1838471-06:00" endTime="2025-08-29T18:59:44.1838471-06:00" testType="13cdc9d9-ddb5-4fa4-a97d-d965ccfc6d4b" outcome="Passed" testListId="8c84fa94-04c1-424b-9868-57a2d4851a1d" relativeResultsDirectory="5ffb235a-bdb2-4c0a-9058-fa41a5371adb" />
    <UnitTestResult executionId="acbfa672-d7d7-47d6-83e4-6f0d8e96eec3" testId="bc7d1dad-4626-c238-a1b7-51e0ec90dede" testName="WileyWidget.Tests.BudgetAnalyticsTests.BudgetInsights_GeneratesCorrectInsights_ForDeficit" computerName="MCKITRICK" duration="00:00:00.0001711" startTime="2025-08-29T18:59:44.1927649-06:00" endTime="2025-08-29T18:59:44.1927649-06:00" testType="13cdc9d9-ddb5-4fa4-a97d-d965ccfc6d4b" outcome="Passed" testListId="8c84fa94-04c1-424b-9868-57a2d4851a1d" relativeResultsDirectory="acbfa672-d7d7-47d6-83e4-6f0d8e96eec3" />
    <UnitTestResult executionId="0d8e5337-6194-45b1-ba04-4496cdb9c614" testId="c79d0d0b-2c17-cda5-48a6-5d1589c048fd" testName="WileyWidget.Tests.BudgetInteractionTests.BudgetInteraction_InteractionType_Validation(type: &quot;SharedCost&quot;, shouldBeValid: True)" computerName="MCKITRICK" duration="00:00:00.0031482" startTime="2025-08-29T18:59:44.1779810-06:00" endTime="2025-08-29T18:59:44.1779812-06:00" testType="13cdc9d9-ddb5-4fa4-a97d-d965ccfc6d4b" outcome="Passed" testListId="8c84fa94-04c1-424b-9868-57a2d4851a1d" relativeResultsDirectory="0d8e5337-6194-45b1-ba04-4496cdb9c614" />
    <UnitTestResult executionId="e9ffa003-5155-42b2-a181-7d7fd2caeb19" testId="0203bce8-8571-4fae-356f-d40949bb5a7d" testName="WileyWidget.Tests.WidgetTests.Widget_FormattedPrice_ReturnsCorrectFormat(price: 10, expected: &quot;$10.00&quot;)" computerName="MCKITRICK" duration="00:00:00.0000010" startTime="2025-08-29T18:59:44.1797864-06:00" endTime="2025-08-29T18:59:44.1797865-06:00" testType="13cdc9d9-ddb5-4fa4-a97d-d965ccfc6d4b" outcome="Passed" testListId="8c84fa94-04c1-424b-9868-57a2d4851a1d" relativeResultsDirectory="e9ffa003-5155-42b2-a181-7d7fd2caeb19" />
    <UnitTestResult executionId="adb78f73-060d-43a2-a5dd-2856eb5b2235" testId="6fb64c30-f462-9da3-d1f6-08832453c990" testName="WileyWidget.Tests.MainWindowUnitTests.ApplyWpfTheme_MethodExists" computerName="MCKITRICK" duration="00:00:00.0001633" startTime="2025-08-29T18:59:44.8924684-06:00" endTime="2025-08-29T18:59:44.8924686-06:00" testType="13cdc9d9-ddb5-4fa4-a97d-d965ccfc6d4b" outcome="Failed" testListId="8c84fa94-04c1-424b-9868-57a2d4851a1d" relativeResultsDirectory="adb78f73-060d-43a2-a5dd-2856eb5b2235">
      <Output>
        <ErrorInfo>
          <Message>System.InvalidOperationException : The calling thread must be STA, because many UI components require this.</Message>
          <StackTrace>   at System.Windows.Input.InputManager..ctor()&#xD;
   at System.Windows.Input.InputManager.GetCurrentInputManagerImpl()&#xD;
   at System.Windows.Input.KeyboardNavigation..ctor()&#xD;
   at System.Windows.FrameworkElement.FrameworkServices..ctor()&#xD;
   at System.Windows.FrameworkElement.EnsureFrameworkServices()&#xD;
   at System.Windows.FrameworkElement..ctor()&#xD;
   at System.Windows.Controls.Control..ctor()&#xD;
   at System.Windows.Window..ctor()&#xD;
   at WileyWidget.MainWindow..ctor() in C:\Users\biges\Desktop\Wiley_Widget\Views\MainWindow.xaml.cs:line 59&#xD;
   at WileyWidget.Tests.MainWindowUnitTests.ApplyWpfTheme_MethodExists() in C:\Users\biges\Desktop\Wiley_Widget\WileyWidget.Tests\MainWindowUnitTests.cs:line 87&#xD;
   at System.RuntimeMethodHandle.InvokeMethod(Object target, Void** arguments, Signature sig, Boolean isConstructor)&#xD;
   at System.Reflection.MethodBaseInvoker.InvokeWithNoArgs(Object obj, BindingFlags invokeAttr)</StackTrace>
        </ErrorInfo>
      </Output>
    </UnitTestResult>
    <UnitTestResult executionId="cb691d18-cf3a-49d1-af07-eef52074a1e5" testId="2b6d2d98-9ff2-0efc-9085-3c305df50a78" testName="WileyWidget.Tests.BudgetInteractionTests.BudgetInteraction_Notes_Validation(notes: null, shouldBeValid: True)" computerName="MCKITRICK" duration="00:00:00.0002089" startTime="2025-08-29T18:59:44.1830649-06:00" endTime="2025-08-29T18:59:44.1830649-06:00" testType="13cdc9d9-ddb5-4fa4-a97d-d965ccfc6d4b" outcome="Passed" testListId="8c84fa94-04c1-424b-9868-57a2d4851a1d" relativeResultsDirectory="cb691d18-cf3a-49d1-af07-eef52074a1e5" />
    <UnitTestResult executionId="2a77c715-ad9b-473a-935b-45d13c352192" testId="7616251f-ba10-2865-c7c0-878cebe0f9bd" testName="WileyWidget.Tests.BudgetInteractionTests.BudgetInteraction_IsCost_CanBeSetToFalse" computerName="MCKITRICK" duration="00:00:00.0002663" startTime="2025-08-29T18:59:44.1747490-06:00" endTime="2025-08-29T18:59:44.1747491-06:00" testType="13cdc9d9-ddb5-4fa4-a97d-d965ccfc6d4b" outcome="Passed" testListId="8c84fa94-04c1-424b-9868-57a2d4851a1d" relativeResultsDirectory="2a77c715-ad9b-473a-935b-45d13c352192" />
    <UnitTestResult executionId="d9982b86-5770-445b-aae6-79eadab3426b" testId="cda48384-02ec-e8bf-7f92-391e842be3cc" testName="WileyWidget.Tests.EnterpriseDatabaseTests.QueryEnterpriseByName_ReturnsCorrectData_UsingDirectConnection" computerName="MCKITRICK" duration="00:00:00.0050904" startTime="2025-08-29T18:59:45.6143358-06:00" endTime="2025-08-29T18:59:45.6143361-06:00" testType="13cdc9d9-ddb5-4fa4-a97d-d965ccfc6d4b" outcome="Passed" testListId="8c84fa94-04c1-424b-9868-57a2d4851a1d" relativeResultsDirectory="d9982b86-5770-445b-aae6-79eadab3426b" />
    <UnitTestResult executionId="1019d3ba-5682-47f1-9692-5fe98bd8c127" testId="9f5c146e-0566-da9b-266b-e05a1f45f5d6" testName="WileyWidget.Tests.MainViewModelTests.AddEnterpriseCommand_AddsNewEnterprise" computerName="MCKITRICK" duration="00:00:00.1669221" startTime="2025-08-29T18:59:45.0640085-06:00" endTime="2025-08-29T18:59:45.0640089-06:00" testType="13cdc9d9-ddb5-4fa4-a97d-d965ccfc6d4b" outcome="Passed" testListId="8c84fa94-04c1-424b-9868-57a2d4851a1d" relativeResultsDirectory="1019d3ba-5682-47f1-9692-5fe98bd8c127" />
    <UnitTestResult executionId="579239b8-f196-4b79-a8ff-979afb67c236" testId="2beb22ae-6dec-0df2-163d-82054723e892" testName="WileyWidget.Tests.WidgetTests.Widget_Price_Validation(price: 0.01, shouldBeValid: True)" computerName="MCKITRICK" duration="00:00:00.0003954" startTime="2025-08-29T18:59:44.1811696-06:00" endTime="2025-08-29T18:59:44.1811697-06:00" testType="13cdc9d9-ddb5-4fa4-a97d-d965ccfc6d4b" outcome="Passed" testListId="8c84fa94-04c1-424b-9868-57a2d4851a1d" relativeResultsDirectory="579239b8-f196-4b79-a8ff-979afb67c236" />
    <UnitTestResult executionId="f6b06864-5a5b-47f3-9aa8-0f027670e3f0" testId="2969f2e0-70ae-84d9-8527-e1ee638f4f9b" testName="WileyWidget.Tests.SettingsServiceTests.SettingsService_Load_CreatesBackupOfCorruptFile" computerName="MCKITRICK" duration="00:00:00.0165298" startTime="2025-08-29T18:59:44.8859679-06:00" endTime="2025-08-29T18:59:44.8859683-06:00" testType="13cdc9d9-ddb5-4fa4-a97d-d965ccfc6d4b" outcome="Passed" testListId="8c84fa94-04c1-424b-9868-57a2d4851a1d" relativeResultsDirectory="f6b06864-5a5b-47f3-9aa8-0f027670e3f0" />
    <UnitTestResult executionId="592e2f29-2e6d-4eb1-9285-4593672015f6" testId="0c08c2f7-584f-44de-79b5-e35ec9541cbd" testName="WileyWidget.Tests.WidgetTests.Widget_Category_AcceptsVariousValues(category: &quot;Clothing&quot;)" computerName="MCKITRICK" duration="00:00:00.0001639" startTime="2025-08-29T18:59:44.1750039-06:00" endTime="2025-08-29T18:59:44.1750040-06:00" testType="13cdc9d9-ddb5-4fa4-a97d-d965ccfc6d4b" outcome="Passed" testListId="8c84fa94-04c1-424b-9868-57a2d4851a1d" relativeResultsDirectory="592e2f29-2e6d-4eb1-9285-4593672015f6" />
    <UnitTestResult executionId="25968ae4-9553-441b-8ae9-ceb24f70a7e8" testId="f4baf935-db3b-a3f6-b56f-3df0f1893080" testName="WileyWidget.Tests.DatabaseIntegrationTests.UpdateAsync_UpdatesExistingEnterprise" computerName="MCKITRICK" duration="00:00:00.0021866" startTime="2025-08-29T18:59:45.7016434-06:00" endTime="2025-08-29T18:59:45.7016437-06:00" testType="13cdc9d9-ddb5-4fa4-a97d-d965ccfc6d4b" outcome="Passed" testListId="8c84fa94-04c1-424b-9868-57a2d4851a1d" relativeResultsDirectory="25968ae4-9553-441b-8ae9-ceb24f70a7e8" />
    <UnitTestResult executionId="ff742fee-0c52-4559-a3ff-acfe8872644f" testId="8d616601-23ef-0d6f-a99d-c5f9d126d4fa" testName="WileyWidget.Tests.EnterpriseModelTests.Enterprise_BudgetStatus_ReturnsCorrectStatus(revenue: 2000, expenses: 2500, expectedStatus: &quot;Deficit&quot;)" computerName="MCKITRICK" duration="00:00:00.0000035" startTime="2025-08-29T18:59:44.1756765-06:00" endTime="2025-08-29T18:59:44.1756766-06:00" testType="13cdc9d9-ddb5-4fa4-a97d-d965ccfc6d4b" outcome="Passed" testListId="8c84fa94-04c1-424b-9868-57a2d4851a1d" relativeResultsDirectory="ff742fee-0c52-4559-a3ff-acfe8872644f" />
    <UnitTestResult executionId="b3785b67-865f-4447-8b14-064b04d28e64" testId="4ae2e854-082e-d2d9-91f7-448e1ba75efb" testName="WileyWidget.Tests.MainWindowUnitTests.NormalizeTheme_WithLowerCase_ReturnsNormalized" computerName="MCKITRICK" duration="00:00:00.0002111" startTime="2025-08-29T18:59:44.8966025-06:00" endTime="2025-08-29T18:59:44.8966025-06:00" testType="13cdc9d9-ddb5-4fa4-a97d-d965ccfc6d4b" outcome="Failed" testListId="8c84fa94-04c1-424b-9868-57a2d4851a1d" relativeResultsDirectory="b3785b67-865f-4447-8b14-064b04d28e64">
      <Output>
        <ErrorInfo>
          <Message>System.InvalidOperationException : The calling thread must be STA, because many UI components require this.</Message>
          <StackTrace>   at System.Windows.Input.InputManager..ctor()&#xD;
   at System.Windows.Input.InputManager.GetCurrentInputManagerImpl()&#xD;
   at System.Windows.Input.KeyboardNavigation..ctor()&#xD;
   at System.Windows.FrameworkElement.FrameworkServices..ctor()&#xD;
   at System.Windows.FrameworkElement.EnsureFrameworkServices()&#xD;
   at System.Windows.FrameworkElement..ctor()&#xD;
   at System.Windows.Controls.Control..ctor()&#xD;
   at System.Windows.Window..ctor()&#xD;
   at WileyWidget.MainWindow..ctor() in C:\Users\biges\Desktop\Wiley_Widget\Views\MainWindow.xaml.cs:line 59&#xD;
   at WileyWidget.Tests.MainWindowUnitTests.NormalizeTheme_WithLowerCase_ReturnsNormalized() in C:\Users\biges\Desktop\Wiley_Widget\WileyWidget.Tests\MainWindowUnitTests.cs:line 128&#xD;
   at System.RuntimeMethodHandle.InvokeMethod(Object target, Void** arguments, Signature sig, Boolean isConstructor)&#xD;
   at System.Reflection.MethodBaseInvoker.InvokeWithNoArgs(Object obj, BindingFlags invokeAttr)</StackTrace>
        </ErrorInfo>
      </Output>
    </UnitTestResult>
    <UnitTestResult executionId="f948a4b9-bb50-4369-a5b8-da7599d5bd44" testId="02a84783-afd8-9efb-6906-833a0d912242" testName="WileyWidget.Tests.MainViewModelTests.Widgets_Collection_ContainsInitialData" computerName="MCKITRICK" duration="00:00:00.0011164" startTime="2025-08-29T18:59:45.0727028-06:00" endTime="2025-08-29T18:59:45.0727030-06:00" testType="13cdc9d9-ddb5-4fa4-a97d-d965ccfc6d4b" outcome="Passed" testListId="8c84fa94-04c1-424b-9868-57a2d4851a1d" relativeResultsDirectory="f948a4b9-bb50-4369-a5b8-da7599d5bd44" />
    <UnitTestResult executionId="ab253389-b56d-4037-a77d-9f77e9dfaed8" testId="c92dc833-fd57-a263-2b90-5a13ee4f5081" testName="WileyWidget.Tests.EnterpriseModelTests.Enterprise_MonthlyExpenses_Validation(expenses: 0, shouldBeValid: True)" computerName="MCKITRICK" duration="00:00:00.0000404" startTime="2025-08-29T18:59:43.9122869-06:00" endTime="2025-08-29T18:59:43.9122870-06:00" testType="13cdc9d9-ddb5-4fa4-a97d-d965ccfc6d4b" outcome="Passed" testListId="8c84fa94-04c1-424b-9868-57a2d4851a1d" relativeResultsDirectory="ab253389-b56d-4037-a77d-9f77e9dfaed8" />
    <UnitTestResult executionId="ba2576ed-2d21-4715-b259-e75550682c25" testId="2917a8ba-f7f9-5b6b-3575-162e1a2173ef" testName="WileyWidget.Tests.WidgetTests.Widget_FormattedPrice_ReturnsCorrectFormat(price: 1234.56, expected: &quot;$1,234.56&quot;)" computerName="MCKITRICK" duration="00:00:00.0034535" startTime="2025-08-29T18:59:44.1790908-06:00" endTime="2025-08-29T18:59:44.1790908-06:00" testType="13cdc9d9-ddb5-4fa4-a97d-d965ccfc6d4b" outcome="Passed" testListId="8c84fa94-04c1-424b-9868-57a2d4851a1d" relativeResultsDirectory="ba2576ed-2d21-4715-b259-e75550682c25" />
    <UnitTestResult executionId="f61230d6-2487-4103-90e1-8b69c0231744" testId="e4fcf31a-94fb-bdf3-84e1-475471212d0f" testName="WileyWidget.Tests.BudgetInteractionTests.BudgetInteraction_InteractionType_Validation(type: null, shouldBeValid: False)" computerName="MCKITRICK" duration="00:00:00.0000359" startTime="2025-08-29T18:59:44.1805130-06:00" endTime="2025-08-29T18:59:44.1805130-06:00" testType="13cdc9d9-ddb5-4fa4-a97d-d965ccfc6d4b" outcome="Passed" testListId="8c84fa94-04c1-424b-9868-57a2d4851a1d" relativeResultsDirectory="f61230d6-2487-4103-90e1-8b69c0231744" />
    <UnitTestResult executionId="fdf5809f-1dac-43cb-98aa-fbbf873fb4e4" testId="efa2ee80-8a84-ce7d-1850-d99aa3c2923a" testName="WileyWidget.Tests.BudgetInteractionTests.BudgetInteraction_Creation_WithValidData_Succeeds" computerName="MCKITRICK" duration="00:00:00.0007776" startTime="2025-08-29T18:59:44.1813925-06:00" endTime="2025-08-29T18:59:44.1813926-06:00" testType="13cdc9d9-ddb5-4fa4-a97d-d965ccfc6d4b" outcome="Passed" testListId="8c84fa94-04c1-424b-9868-57a2d4851a1d" relativeResultsDirectory="fdf5809f-1dac-43cb-98aa-fbbf873fb4e4" />
    <UnitTestResult executionId="f50b8b14-8c8a-4281-8224-549be678b02b" testId="8ca5b6cf-7541-b621-6329-c030b30b7745" testName="WileyWidget.Tests.BudgetInteractionTests.BudgetInteraction_AcceptsVariousInteractionTypes(type: &quot;Subsidy&quot;, expected: True)" computerName="MCKITRICK" duration="00:00:00.0003818" startTime="2025-08-29T18:59:44.1850432-06:00" endTime="2025-08-29T18:59:44.1850433-06:00" testType="13cdc9d9-ddb5-4fa4-a97d-d965ccfc6d4b" outcome="Passed" testListId="8c84fa94-04c1-424b-9868-57a2d4851a1d" relativeResultsDirectory="f50b8b14-8c8a-4281-8224-549be678b02b" />
    <UnitTestResult executionId="4a09c22e-49f6-45c4-a722-6c25348d8b18" testId="668e1389-6a17-867c-cc8c-409430f2326f" testName="WileyWidget.Tests.WidgetTests.Widget_Name_Validation(name: &quot;Valid Name&quot;, shouldBeValid: True)" computerName="MCKITRICK" duration="00:00:00.0000178" startTime="2025-08-29T18:59:44.1831485-06:00" endTime="2025-08-29T18:59:44.1831486-06:00" testType="13cdc9d9-ddb5-4fa4-a97d-d965ccfc6d4b" outcome="Passed" testListId="8c84fa94-04c1-424b-9868-57a2d4851a1d" relativeResultsDirectory="4a09c22e-49f6-45c4-a722-6c25348d8b18" />
    <UnitTestResult executionId="2222efbc-c7d6-4619-a184-db4e66d796aa" testId="ee7898df-a28c-6e8b-8e6c-3ec70bd001f9" testName="WileyWidget.Tests.EnterpriseModelTests.Enterprise_BudgetStatus_ReturnsCorrectStatus(revenue: 2500, expenses: 2500, expectedStatus: &quot;Break-even&quot;)" computerName="MCKITRICK" duration="00:00:00.2666683" startTime="2025-08-29T18:59:44.1747872-06:00" endTime="2025-08-29T18:59:44.1747873-06:00" testType="13cdc9d9-ddb5-4fa4-a97d-d965ccfc6d4b" outcome="Passed" testListId="8c84fa94-04c1-424b-9868-57a2d4851a1d" relativeResultsDirectory="2222efbc-c7d6-4619-a184-db4e66d796aa" />
    <UnitTestResult executionId="bc5ef8fc-3a1d-436d-8780-46a29cf8ce17" testId="510fe505-3d5e-fa04-5438-1019c48dc099" testName="WileyWidget.Tests.WidgetTests.Widget_DisplayName_ReturnsCorrectFormat(name: &quot;Widget Name&quot;, sku: null, expected: &quot;Widget Name&quot;)" computerName="MCKITRICK" duration="00:00:00.0000016" startTime="2025-08-29T18:59:44.1821684-06:00" endTime="2025-08-29T18:59:44.1821684-06:00" testType="13cdc9d9-ddb5-4fa4-a97d-d965ccfc6d4b" outcome="Passed" testListId="8c84fa94-04c1-424b-9868-57a2d4851a1d" relativeResultsDirectory="bc5ef8fc-3a1d-436d-8780-46a29cf8ce17" />
    <UnitTestResult executionId="f7c8eadc-e4ed-45c7-a4c2-6a22780bd905" testId="7fe76a3a-9ac6-6844-b5f7-d4331eae2413" testName="WileyWidget.Tests.EnterpriseTests.Enterprise_Name_Validation(name: &quot;&quot;, shouldBeValid: False)" computerName="MCKITRICK" duration="00:00:00.0002658" startTime="2025-08-29T18:59:44.1812526-06:00" endTime="2025-08-29T18:59:44.1812526-06:00" testType="13cdc9d9-ddb5-4fa4-a97d-d965ccfc6d4b" outcome="Passed" testListId="8c84fa94-04c1-424b-9868-57a2d4851a1d" relativeResultsDirectory="f7c8eadc-e4ed-45c7-a4c2-6a22780bd905" />
    <UnitTestResult executionId="6dd70a56-207c-4099-84cf-acc3acc383f6" testId="d6a8afd6-4dff-6792-90e1-49cce70d3116" testName="WileyWidget.Tests.WidgetTests.Widget_Quantity_Validation(quantity: 100, shouldBeValid: True)" computerName="MCKITRICK" duration="00:00:00.0001521" startTime="2025-08-29T18:59:44.1838960-06:00" endTime="2025-08-29T18:59:44.1838961-06:00" testType="13cdc9d9-ddb5-4fa4-a97d-d965ccfc6d4b" outcome="Passed" testListId="8c84fa94-04c1-424b-9868-57a2d4851a1d" relativeResultsDirectory="6dd70a56-207c-4099-84cf-acc3acc383f6" />
    <UnitTestResult executionId="1e7cee90-c7d4-447a-93e7-5dc68c69fbee" testId="5f349e6c-e09e-70aa-e134-6073e4276708" testName="WileyWidget.Tests.WidgetTests.Widget_Name_Validation(name: &quot;&quot;, shouldBeValid: False)" computerName="MCKITRICK" duration="00:00:00.0000136" startTime="2025-08-29T18:59:44.1837372-06:00" endTime="2025-08-29T18:59:44.1837373-06:00" testType="13cdc9d9-ddb5-4fa4-a97d-d965ccfc6d4b" outcome="Passed" testListId="8c84fa94-04c1-424b-9868-57a2d4851a1d" relativeResultsDirectory="1e7cee90-c7d4-447a-93e7-5dc68c69fbee" />
    <UnitTestResult executionId="b69e269e-c0a9-4566-b663-f081b5e05cf0" testId="d76fce68-3bca-b1a7-0e69-ec7736a35394" testName="WileyWidget.Tests.EnterpriseDatabaseTests.StoredProcedure_InsertAndRetrieveEnterprise_UsingDirectConnection" computerName="MCKITRICK" duration="00:00:00.0100355" startTime="2025-08-29T18:59:45.6087983-06:00" endTime="2025-08-29T18:59:45.6087986-06:00" testType="13cdc9d9-ddb5-4fa4-a97d-d965ccfc6d4b" outcome="Passed" testListId="8c84fa94-04c1-424b-9868-57a2d4851a1d" relativeResultsDirectory="b69e269e-c0a9-4566-b663-f081b5e05cf0" />
    <UnitTestResult executionId="9f23dd5b-3aa8-4914-af3a-4f17c171e7c3" testId="4f4006d6-b3a2-e8ed-5bb3-4581fead82ab" testName="WileyWidget.Tests.EnterpriseModelTests.Enterprise_Name_Validation(name: null, shouldBeValid: False)" computerName="MCKITRICK" duration="00:00:00.0001590" startTime="2025-08-29T18:59:43.9123744-06:00" endTime="2025-08-29T18:59:43.9123745-06:00" testType="13cdc9d9-ddb5-4fa4-a97d-d965ccfc6d4b" outcome="Passed" testListId="8c84fa94-04c1-424b-9868-57a2d4851a1d" relativeResultsDirectory="9f23dd5b-3aa8-4914-af3a-4f17c171e7c3" />
    <UnitTestResult executionId="ae3eeda2-7946-4fec-9ca4-9bc7e9fa248f" testId="59042f06-6aea-38ed-f31b-f481b684060f" testName="WileyWidget.Tests.BudgetAnalyticsTests.BudgetMetrics_StatusBackground_ReturnsCorrectColor" computerName="MCKITRICK" duration="00:00:00.3784677" startTime="2025-08-29T18:59:44.5708823-06:00" endTime="2025-08-29T18:59:44.5708826-06:00" testType="13cdc9d9-ddb5-4fa4-a97d-d965ccfc6d4b" outcome="Passed" testListId="8c84fa94-04c1-424b-9868-57a2d4851a1d" relativeResultsDirectory="ae3eeda2-7946-4fec-9ca4-9bc7e9fa248f" />
    <UnitTestResult executionId="956b86a4-ef0c-4aad-9d21-8e4a0f87ca98" testId="c47db43f-5871-4aa9-b457-92ab04b7b502" testName="WileyWidget.Tests.EnterpriseTests.Enterprise_CurrentRate_Validation(rate: 0.01, shouldBeValid: True)" computerName="MCKITRICK" duration="00:00:00.0000446" startTime="2025-08-29T18:59:44.1811381-06:00" endTime="2025-08-29T18:59:44.1811381-06:00" testType="13cdc9d9-ddb5-4fa4-a97d-d965ccfc6d4b" outcome="Passed" testListId="8c84fa94-04c1-424b-9868-57a2d4851a1d" relativeResultsDirectory="956b86a4-ef0c-4aad-9d21-8e4a0f87ca98" />
    <UnitTestResult executionId="509152e3-58ce-4d76-b9eb-2e0966c279f8" testId="20fc74fb-086b-510b-ae28-7341d9a3029b" testName="WileyWidget.Tests.WidgetTests.Widget_DisplayName_ReturnsCorrectFormat(name: &quot;Widget Name&quot;, sku: &quot;SKU-001&quot;, expected: &quot;Widget Name (SKU-001)&quot;)" computerName="MCKITRICK" duration="00:00:00.0001039" startTime="2025-08-29T18:59:44.1820977-06:00" endTime="2025-08-29T18:59:44.1820978-06:00" testType="13cdc9d9-ddb5-4fa4-a97d-d965ccfc6d4b" outcome="Passed" testListId="8c84fa94-04c1-424b-9868-57a2d4851a1d" relativeResultsDirectory="509152e3-58ce-4d76-b9eb-2e0966c279f8" />
    <UnitTestResult executionId="3309087a-ceaf-4d0e-9d62-0ec689fb5b8a" testId="974b0525-eec9-9c0d-84c0-1e28bcdfdce9" testName="WileyWidget.Tests.WidgetTests.Widget_Category_AcceptsVariousValues(category: &quot;Books&quot;)" computerName="MCKITRICK" duration="00:00:00.6312873" startTime="2025-08-29T18:59:44.1747764-06:00" endTime="2025-08-29T18:59:44.1747765-06:00" testType="13cdc9d9-ddb5-4fa4-a97d-d965ccfc6d4b" outcome="Passed" testListId="8c84fa94-04c1-424b-9868-57a2d4851a1d" relativeResultsDirectory="3309087a-ceaf-4d0e-9d62-0ec689fb5b8a" />
    <UnitTestResult executionId="aedadbd3-cf80-47b0-992d-4a3562e04ddc" testId="0a00e6cb-49af-1b97-d7b2-bbdf194a8118" testName="WileyWidget.Tests.EnterpriseModelTests.Enterprise_BreakEvenRate_HandlesZeroCitizens" computerName="MCKITRICK" duration="00:00:00.0002316" startTime="2025-08-29T18:59:44.1804940-06:00" endTime="2025-08-29T18:59:44.1804940-06:00" testType="13cdc9d9-ddb5-4fa4-a97d-d965ccfc6d4b" outcome="Passed" testListId="8c84fa94-04c1-424b-9868-57a2d4851a1d" relativeResultsDirectory="aedadbd3-cf80-47b0-992d-4a3562e04ddc" />
    <UnitTestResult executionId="460f833d-dafc-4c87-aaa0-a6085e23ac45" testId="f0564e38-0932-37f9-f2ec-c59c84e4f319" testName="WileyWidget.Tests.EnterpriseDatabaseTests.ComplexAssertions_MultipleValidations_UsingDirectConnection" computerName="MCKITRICK" duration="00:00:00.0718580" startTime="2025-08-29T18:59:45.6867766-06:00" endTime="2025-08-29T18:59:45.6867771-06:00" testType="13cdc9d9-ddb5-4fa4-a97d-d965ccfc6d4b" outcome="Passed" testListId="8c84fa94-04c1-424b-9868-57a2d4851a1d" relativeResultsDirectory="460f833d-dafc-4c87-aaa0-a6085e23ac45" />
    <UnitTestResult executionId="f918ec2f-34b3-4c51-aae6-b7f5006881d9" testId="648bd338-a756-e64d-b4be-6a55c8a8cbe8" testName="WileyWidget.Tests.WidgetTests.Widget_Name_Validation(name: null, shouldBeValid: False)" computerName="MCKITRICK" duration="00:00:00.0002046" startTime="2025-08-29T18:59:44.1830926-06:00" endTime="2025-08-29T18:59:44.1830927-06:00" testType="13cdc9d9-ddb5-4fa4-a97d-d965ccfc6d4b" outcome="Passed" testListId="8c84fa94-04c1-424b-9868-57a2d4851a1d" relativeResultsDirectory="f918ec2f-34b3-4c51-aae6-b7f5006881d9" />
    <UnitTestResult executionId="2f990d8b-c46e-4fed-a209-3833a24bb216" testId="e624f24d-1a26-231f-cac9-67120c12c28b" testName="WileyWidget.Tests.BudgetInteractionTests.BudgetInteraction_IsCost_DefaultsToTrue" computerName="MCKITRICK" duration="00:00:00.0000679" startTime="2025-08-29T18:59:44.1943317-06:00" endTime="2025-08-29T18:59:44.1943318-06:00" testType="13cdc9d9-ddb5-4fa4-a97d-d965ccfc6d4b" outcome="Passed" testListId="8c84fa94-04c1-424b-9868-57a2d4851a1d" relativeResultsDirectory="2f990d8b-c46e-4fed-a209-3833a24bb216" />
    <UnitTestResult executionId="f7212f39-4514-4fe1-a72c-1013e2abaafc" testId="40809d6b-32d3-2519-3f96-4116b092b054" testName="WileyWidget.Tests.BudgetInteractionTests.BudgetInteraction_InteractionType_Validation(type: &quot;Transfer&quot;, shouldBeValid: True)" computerName="MCKITRICK" duration="00:00:00.0009808" startTime="2025-08-29T18:59:44.1797036-06:00" endTime="2025-08-29T18:59:44.1797036-06:00" testType="13cdc9d9-ddb5-4fa4-a97d-d965ccfc6d4b" outcome="Passed" testListId="8c84fa94-04c1-424b-9868-57a2d4851a1d" relativeResultsDirectory="f7212f39-4514-4fe1-a72c-1013e2abaafc" />
    <UnitTestResult executionId="86a33d31-7767-413c-b593-34e6aa397ebe" testId="97486250-1fe8-66a0-17d4-9ab973b2b619" testName="WileyWidget.Tests.AppUnitTests.RegisterSyncfusionLicense_WithNullConfig_HandlesGracefully" computerName="MCKITRICK" duration="00:00:00.0001986" startTime="2025-08-29T18:59:45.6021850-06:00" endTime="2025-08-29T18:59:45.6021852-06:00" testType="13cdc9d9-ddb5-4fa4-a97d-d965ccfc6d4b" outcome="Failed" testListId="8c84fa94-04c1-424b-9868-57a2d4851a1d" relativeResultsDirectory="86a33d31-7767-413c-b593-34e6aa397ebe">
      <Output>
        <ErrorInfo>
          <Message>System.InvalidOperationException : Cannot create more than one System.Windows.Application instance in the same AppDomain.</Message>
          <StackTrace>   at System.Windows.Application..ctor()&#xD;
   at WileyWidget.App..ctor() in C:\Users\biges\Desktop\Wiley_Widget\App.xaml.cs:line 345&#xD;
   at WileyWidget.Tests.AppUnitTests.RegisterSyncfusionLicense_WithNullConfig_HandlesGracefully() in C:\Users\biges\Desktop\Wiley_Widget\WileyWidget.Tests\AppUnitTests.cs:line 97&#xD;
   at System.RuntimeMethodHandle.InvokeMethod(Object target, Void** arguments, Signature sig, Boolean isConstructor)&#xD;
   at System.Reflection.MethodBaseInvoker.InvokeWithNoArgs(Object obj, BindingFlags invokeAttr)</StackTrace>
        </ErrorInfo>
      </Output>
    </UnitTestResult>
    <UnitTestResult executionId="e993b16d-34c6-4f5c-8972-886e7c60740f" testId="d332a652-b311-2f6e-2247-c3ce44c290ae" testName="WileyWidget.Tests.WidgetTests.Widget_MarkAsModified_UpdatesModifiedDate" computerName="MCKITRICK" duration="00:00:00.0002331" startTime="2025-08-29T18:59:44.1838142-06:00" endTime="2025-08-29T18:59:44.1838143-06:00" testType="13cdc9d9-ddb5-4fa4-a97d-d965ccfc6d4b" outcome="Passed" testListId="8c84fa94-04c1-424b-9868-57a2d4851a1d" relativeResultsDirectory="e993b16d-34c6-4f5c-8972-886e7c60740f" />
    <UnitTestResult executionId="c02a2cfc-b26a-4f8a-b093-51ba4354edad" testId="4bf0c2ec-7a7c-f8d8-6f1c-1f46f24b0af1" testName="WileyWidget.Tests.SettingsServiceTests.SettingsService_ResetForTests_Works" computerName="MCKITRICK" duration="00:00:00.0005911" startTime="2025-08-29T18:59:44.5757283-06:00" endTime="2025-08-29T18:59:44.5757285-06:00" testType="13cdc9d9-ddb5-4fa4-a97d-d965ccfc6d4b" outcome="Passed" testListId="8c84fa94-04c1-424b-9868-57a2d4851a1d" relativeResultsDirectory="c02a2cfc-b26a-4f8a-b093-51ba4354edad" />
    <UnitTestResult executionId="a8afffd2-f650-44af-ba1f-04147a0f4db7" testId="62021b67-5876-d70c-80d9-db2ebaaf208a" testName="WileyWidget.Tests.MainWindowUnitTests.InitializeBudgetDiagram_MethodExists" computerName="MCKITRICK" duration="00:00:00.0001491" startTime="2025-08-29T18:59:44.8942041-06:00" endTime="2025-08-29T18:59:44.8942042-06:00" testType="13cdc9d9-ddb5-4fa4-a97d-d965ccfc6d4b" outcome="Failed" testListId="8c84fa94-04c1-424b-9868-57a2d4851a1d" relativeResultsDirectory="a8afffd2-f650-44af-ba1f-04147a0f4db7">
      <Output>
        <ErrorInfo>
          <Message>System.InvalidOperationException : The calling thread must be STA, because many UI components require this.</Message>
          <StackTrace>   at System.Windows.Input.InputManager..ctor()&#xD;
   at System.Windows.Input.InputManager.GetCurrentInputManagerImpl()&#xD;
   at System.Windows.Input.KeyboardNavigation..ctor()&#xD;
   at System.Windows.FrameworkElement.FrameworkServices..ctor()&#xD;
   at System.Windows.FrameworkElement.EnsureFrameworkServices()&#xD;
   at System.Windows.FrameworkElement..ctor()&#xD;
   at System.Windows.Controls.Control..ctor()&#xD;
   at System.Windows.Window..ctor()&#xD;
   at WileyWidget.MainWindow..ctor() in C:\Users\biges\Desktop\Wiley_Widget\Views\MainWindow.xaml.cs:line 59&#xD;
   at WileyWidget.Tests.MainWindowUnitTests.InitializeBudgetDiagram_MethodExists() in C:\Users\biges\Desktop\Wiley_Widget\WileyWidget.Tests\MainWindowUnitTests.cs:line 22&#xD;
   at System.RuntimeMethodHandle.InvokeMethod(Object target, Void** arguments, Signature sig, Boolean isConstructor)&#xD;
   at System.Reflection.MethodBaseInvoker.InvokeWithNoArgs(Object obj, BindingFlags invokeAttr)</StackTrace>
        </ErrorInfo>
      </Output>
    </UnitTestResult>
    <UnitTestResult executionId="b8d8b641-9b25-4136-a7ed-d6605092ce11" testId="7246089f-63b6-7ef4-dd1c-f0a97a0cbf37" testName="WileyWidget.Tests.MainViewModelTests.SelectedWidget_PropertyChange_Notification" computerName="MCKITRICK" duration="00:00:00.0019142" startTime="2025-08-29T18:59:45.0747340-06:00" endTime="2025-08-29T18:59:45.0747343-06:00" testType="13cdc9d9-ddb5-4fa4-a97d-d965ccfc6d4b" outcome="Passed" testListId="8c84fa94-04c1-424b-9868-57a2d4851a1d" relativeResultsDirectory="b8d8b641-9b25-4136-a7ed-d6605092ce11" />
    <UnitTestResult executionId="d8c6c8a5-4a10-442b-805b-e979f78559e6" testId="1d6cc74e-b1aa-d571-8164-59cf85bf66e7" testName="WileyWidget.Tests.EnterpriseTests.Enterprise_CurrentRate_Validation(rate: 10000, shouldBeValid: False)" computerName="MCKITRICK" duration="00:00:00.0002670" startTime="2025-08-29T18:59:44.1804702-06:00" endTime="2025-08-29T18:59:44.1804702-06:00" testType="13cdc9d9-ddb5-4fa4-a97d-d965ccfc6d4b" outcome="Passed" testListId="8c84fa94-04c1-424b-9868-57a2d4851a1d" relativeResultsDirectory="d8c6c8a5-4a10-442b-805b-e979f78559e6" />
    <UnitTestResult executionId="2c8ff28e-c678-4d50-bdfd-e388c79575ca" testId="85ee0bd4-7821-b257-c0c8-28e38b9ba9de" testName="WileyWidget.Tests.EnterpriseDatabaseTests.DataIsolation_TestRollbackBehavior_UsingDirectConnection" computerName="MCKITRICK" duration="00:00:00.3269165" startTime="2025-08-29T18:59:45.5842816-06:00" endTime="2025-08-29T18:59:45.5842818-06:00" testType="13cdc9d9-ddb5-4fa4-a97d-d965ccfc6d4b" outcome="Passed" testListId="8c84fa94-04c1-424b-9868-57a2d4851a1d" relativeResultsDirectory="2c8ff28e-c678-4d50-bdfd-e388c79575ca" />
    <UnitTestResult executionId="72bf5a53-5b6f-4a5b-8374-731848e64192" testId="216d7b3f-febd-5cd7-9636-60001f76e735" testName="WileyWidget.Tests.EnterpriseTests.Enterprise_MonthlyRevenue_CalculatesCorrectly" computerName="MCKITRICK" duration="00:00:00.0004474" startTime="2025-08-29T18:59:44.1838749-06:00" endTime="2025-08-29T18:59:44.1838749-06:00" testType="13cdc9d9-ddb5-4fa4-a97d-d965ccfc6d4b" outcome="Passed" testListId="8c84fa94-04c1-424b-9868-57a2d4851a1d" relativeResultsDirectory="72bf5a53-5b6f-4a5b-8374-731848e64192" />
    <UnitTestResult executionId="6860e318-fd6a-452a-bf43-7a1857e79a33" testId="93b4d7b9-17c9-4651-e29a-009cb361e97b" testName="WileyWidget.Tests.EnterpriseModelTests.Enterprise_BreakEvenRate_CalculatesCorrectly" computerName="MCKITRICK" duration="00:00:00.0004030" startTime="2025-08-29T18:59:44.1796666-06:00" endTime="2025-08-29T18:59:44.1796667-06:00" testType="13cdc9d9-ddb5-4fa4-a97d-d965ccfc6d4b" outcome="Passed" testListId="8c84fa94-04c1-424b-9868-57a2d4851a1d" relativeResultsDirectory="6860e318-fd6a-452a-bf43-7a1857e79a33" />
    <UnitTestResult executionId="9e7ea232-9703-47f9-ae53-73c886147e73" testId="93bcc1b2-e756-be48-7f05-0eed9d834711" testName="WileyWidget.Tests.EnterpriseModelTests.Enterprise_Name_Validation(name: &quot;A&quot;, shouldBeValid: True)" computerName="MCKITRICK" duration="00:00:00.0001286" startTime="2025-08-29T18:59:43.9123627-06:00" endTime="2025-08-29T18:59:43.9123628-06:00" testType="13cdc9d9-ddb5-4fa4-a97d-d965ccfc6d4b" outcome="Passed" testListId="8c84fa94-04c1-424b-9868-57a2d4851a1d" relativeResultsDirectory="9e7ea232-9703-47f9-ae53-73c886147e73" />
    <UnitTestResult executionId="8d446d00-21a9-470e-ab15-ee2189bc6118" testId="7bcc6455-9ef8-ed52-9eb1-702e76df051d" testName="WileyWidget.Tests.WidgetTests.Widget_Price_Validation(price: -1, shouldBeValid: False)" computerName="MCKITRICK" duration="00:00:00.0000131" startTime="2025-08-29T18:59:44.1812214-06:00" endTime="2025-08-29T18:59:44.1812215-06:00" testType="13cdc9d9-ddb5-4fa4-a97d-d965ccfc6d4b" outcome="Passed" testListId="8c84fa94-04c1-424b-9868-57a2d4851a1d" relativeResultsDirectory="8d446d00-21a9-470e-ab15-ee2189bc6118" />
    <UnitTestResult executionId="e89f2a97-e3c3-4126-9d7b-7a2ec1ebb20b" testId="10b1ef9a-89d0-7820-4fdf-06d433c43486" testName="WileyWidget.Tests.EnterpriseModelTests.Enterprise_Name_Validation(name: &quot;&quot;, shouldBeValid: False)" computerName="MCKITRICK" duration="00:00:00.0000076" startTime="2025-08-29T18:59:43.9132350-06:00" endTime="2025-08-29T18:59:43.9132350-06:00" testType="13cdc9d9-ddb5-4fa4-a97d-d965ccfc6d4b" outcome="Passed" testListId="8c84fa94-04c1-424b-9868-57a2d4851a1d" relativeResultsDirectory="e89f2a97-e3c3-4126-9d7b-7a2ec1ebb20b" />
    <UnitTestResult executionId="38b9f629-fcdd-4082-be5a-74b9370ffc66" testId="19841e8f-f411-41cb-ae2b-9bc38aa5560d" testName="WileyWidget.Tests.BudgetAnalyticsTests.BudgetMetrics_ReturnsCorrectStatus_BreakEven" computerName="MCKITRICK" duration="00:00:00.0000621" startTime="2025-08-29T18:59:44.5715258-06:00" endTime="2025-08-29T18:59:44.5715259-06:00" testType="13cdc9d9-ddb5-4fa4-a97d-d965ccfc6d4b" outcome="Passed" testListId="8c84fa94-04c1-424b-9868-57a2d4851a1d" relativeResultsDirectory="38b9f629-fcdd-4082-be5a-74b9370ffc66" />
    <UnitTestResult executionId="06ab5b55-5b84-4293-b1f8-8ec7318fcdc9" testId="67185dae-1bb2-aa49-e096-b7b20c6fe73a" testName="WileyWidget.Tests.AppUnitTests.RegisterSyncfusionLicense_WithValidConfigKey_RegistersSuccessfully" computerName="MCKITRICK" duration="00:00:00.0005343" startTime="2025-08-29T18:59:45.6024966-06:00" endTime="2025-08-29T18:59:45.6024966-06:00" testType="13cdc9d9-ddb5-4fa4-a97d-d965ccfc6d4b" outcome="Failed" testListId="8c84fa94-04c1-424b-9868-57a2d4851a1d" relativeResultsDirectory="06ab5b55-5b84-4293-b1f8-8ec7318fcdc9">
      <Output>
        <ErrorInfo>
          <Message>System.InvalidOperationException : Cannot create more than one System.Windows.Application instance in the same AppDomain.</Message>
          <StackTrace>   at System.Windows.Application..ctor()&#xD;
   at WileyWidget.App..ctor() in C:\Users\biges\Desktop\Wiley_Widget\App.xaml.cs:line 345&#xD;
   at WileyWidget.Tests.AppUnitTests.RegisterSyncfusionLicense_WithValidConfigKey_RegistersSuccessfully() in C:\Users\biges\Desktop\Wiley_Widget\WileyWidget.Tests\AppUnitTests.cs:line 23&#xD;
   at System.RuntimeMethodHandle.InvokeMethod(Object target, Void** arguments, Signature sig, Boolean isConstructor)&#xD;
   at System.Reflection.MethodBaseInvoker.InvokeWithNoArgs(Object obj, BindingFlags invokeAttr)</StackTrace>
        </ErrorInfo>
      </Output>
    </UnitTestResult>
    <UnitTestResult executionId="b063d93c-3d5d-444f-bf27-cc99377cc69d" testId="2f6535a3-ca21-5a5e-d2ea-27f9db0d9635" testName="WileyWidget.Tests.BudgetInteractionTests.BudgetInteraction_SecondaryEnterpriseId_CanBeNull" computerName="MCKITRICK" duration="00:00:01.6139910" startTime="2025-08-29T18:59:44.1743913-06:00" endTime="2025-08-29T18:59:44.1743916-06:00" testType="13cdc9d9-ddb5-4fa4-a97d-d965ccfc6d4b" outcome="Passed" testListId="8c84fa94-04c1-424b-9868-57a2d4851a1d" relativeResultsDirectory="b063d93c-3d5d-444f-bf27-cc99377cc69d" />
    <UnitTestResult executionId="df99a745-1bec-48f3-aa77-695f0444b800" testId="3f32ff24-dbe4-5b18-602e-bcc79c03a51a" testName="WileyWidget.Tests.EnterpriseModelTests.Enterprise_MonthlyRevenue_CalculatesCorrectly" computerName="MCKITRICK" duration="00:00:00.0018255" startTime="2025-08-29T18:59:44.1768960-06:00" endTime="2025-08-29T18:59:44.1768962-06:00" testType="13cdc9d9-ddb5-4fa4-a97d-d965ccfc6d4b" outcome="Passed" testListId="8c84fa94-04c1-424b-9868-57a2d4851a1d" relativeResultsDirectory="df99a745-1bec-48f3-aa77-695f0444b800" />
    <UnitTestResult executionId="1df0f4e9-f27f-4e5a-b6c6-a2c92857b5b6" testId="917950f3-8248-2f78-cc8c-99370e6626ab" testName="WileyWidget.Tests.DatabaseIntegrationTests.Repository_CalculatesRevenueCorrectly" computerName="MCKITRICK" duration="00:00:00.0008515" startTime="2025-08-29T18:59:45.6961730-06:00" endTime="2025-08-29T18:59:45.6961731-06:00" testType="13cdc9d9-ddb5-4fa4-a97d-d965ccfc6d4b" outcome="Passed" testListId="8c84fa94-04c1-424b-9868-57a2d4851a1d" relativeResultsDirectory="1df0f4e9-f27f-4e5a-b6c6-a2c92857b5b6" />
    <UnitTestResult executionId="f3a2ac3a-1e4e-4249-b11b-4060a76dbc10" testId="83034d6a-ea47-0b26-b3c3-520cb2f8b99c" testName="WileyWidget.Tests.MainWindowUnitTests.VerifySpecificSyncfusionControls_MethodExists" computerName="MCKITRICK" duration="00:00:00.0001621" startTime="2025-08-29T18:59:44.8934750-06:00" endTime="2025-08-29T18:59:44.8934752-06:00" testType="13cdc9d9-ddb5-4fa4-a97d-d965ccfc6d4b" outcome="Failed" testListId="8c84fa94-04c1-424b-9868-57a2d4851a1d" relativeResultsDirectory="f3a2ac3a-1e4e-4249-b11b-4060a76dbc10">
      <Output>
        <ErrorInfo>
          <Message>System.InvalidOperationException : The calling thread must be STA, because many UI components require this.</Message>
          <StackTrace>   at System.Windows.Input.InputManager..ctor()&#xD;
   at System.Windows.Input.InputManager.GetCurrentInputManagerImpl()&#xD;
   at System.Windows.Input.KeyboardNavigation..ctor()&#xD;
   at System.Windows.FrameworkElement.FrameworkServices..ctor()&#xD;
   at System.Windows.FrameworkElement.EnsureFrameworkServices()&#xD;
   at System.Windows.FrameworkElement..ctor()&#xD;
   at System.Windows.Controls.Control..ctor()&#xD;
   at System.Windows.Window..ctor()&#xD;
   at WileyWidget.MainWindow..ctor() in C:\Users\biges\Desktop\Wiley_Widget\Views\MainWindow.xaml.cs:line 59&#xD;
   at WileyWidget.Tests.MainWindowUnitTests.VerifySpecificSyncfusionControls_MethodExists() in C:\Users\biges\Desktop\Wiley_Widget\WileyWidget.Tests\MainWindowUnitTests.cs:line 61&#xD;
   at System.RuntimeMethodHandle.InvokeMethod(Object target, Void** arguments, Signature sig, Boolean isConstructor)&#xD;
   at System.Reflection.MethodBaseInvoker.InvokeWithNoArgs(Object obj, BindingFlags invokeAttr)</StackTrace>
        </ErrorInfo>
      </Output>
    </UnitTestResult>
    <UnitTestResult executionId="4e317b35-65a6-4ba9-a16c-d1ed5645adde" testId="e7df05ca-3552-2715-64b0-211740e8ec70" testName="WileyWidget.Tests.EnterpriseModelTests.Enterprise_CurrentRate_Validation(rate: 0, shouldBeValid: False)" computerName="MCKITRICK" duration="00:00:00.0003216" startTime="2025-08-29T18:59:43.9123181-06:00" endTime="2025-08-29T18:59:43.9123182-06:00" testType="13cdc9d9-ddb5-4fa4-a97d-d965ccfc6d4b" outcome="Passed" testListId="8c84fa94-04c1-424b-9868-57a2d4851a1d" relativeResultsDirectory="4e317b35-65a6-4ba9-a16c-d1ed5645adde" />
    <UnitTestResult executionId="b868cb9a-ef57-49e4-bdc7-8ce8df53ac7b" testId="25b8fb25-b35c-750d-fc82-a043fadd7008" testName="WileyWidget.Tests.WidgetTests.Widget_DisplayName_ReturnsCorrectFormat(name: &quot;Widget Name&quot;, sku: &quot;   &quot;, expected: &quot;Widget Name&quot;)" computerName="MCKITRICK" duration="00:00:00.0000008" startTime="2025-08-29T18:59:44.1821952-06:00" endTime="2025-08-29T18:59:44.1821953-06:00" testType="13cdc9d9-ddb5-4fa4-a97d-d965ccfc6d4b" outcome="Passed" testListId="8c84fa94-04c1-424b-9868-57a2d4851a1d" relativeResultsDirectory="b868cb9a-ef57-49e4-bdc7-8ce8df53ac7b" />
    <UnitTestResult executionId="3d7da307-430f-4b3a-9c50-cc747fc7b8b4" testId="f5f343b0-4673-4f25-285c-1b1fcba58589" testName="WileyWidget.Tests.BudgetInteractionTests.BudgetInteraction_AcceptsVariousInteractionTypes(type: &quot;SharedCost&quot;, expected: True)" computerName="MCKITRICK" duration="00:00:00.0031317" startTime="2025-08-29T18:59:44.1842992-06:00" endTime="2025-08-29T18:59:44.1842993-06:00" testType="13cdc9d9-ddb5-4fa4-a97d-d965ccfc6d4b" outcome="Passed" testListId="8c84fa94-04c1-424b-9868-57a2d4851a1d" relativeResultsDirectory="3d7da307-430f-4b3a-9c50-cc747fc7b8b4" />
    <UnitTestResult executionId="3270308e-c36e-435b-badf-a77c5338ff3e" testId="33627335-316c-cbc4-3f2e-4374d3f98bd0" testName="WileyWidget.Tests.SettingsServiceTests.SettingsService_Load_ReadsFileCorrectly" computerName="MCKITRICK" duration="00:00:01.9984807" startTime="2025-08-29T18:59:44.5563257-06:00" endTime="2025-08-29T18:59:44.5563260-06:00" testType="13cdc9d9-ddb5-4fa4-a97d-d965ccfc6d4b" outcome="Passed" testListId="8c84fa94-04c1-424b-9868-57a2d4851a1d" relativeResultsDirectory="3270308e-c36e-435b-badf-a77c5338ff3e" />
    <UnitTestResult executionId="40e2a2ed-bd8d-46ac-bc42-47801431d3d1" testId="ccef2ce7-f385-9fbf-3fdd-191327867f3d" testName="WileyWidget.Tests.BudgetAnalyticsTests.BudgetMetrics_ReturnsCorrectStatus_Surplus" computerName="MCKITRICK" duration="00:00:01.6184159" startTime="2025-08-29T18:59:44.1791211-06:00" endTime="2025-08-29T18:59:44.1791212-06:00" testType="13cdc9d9-ddb5-4fa4-a97d-d965ccfc6d4b" outcome="Passed" testListId="8c84fa94-04c1-424b-9868-57a2d4851a1d" relativeResultsDirectory="40e2a2ed-bd8d-46ac-bc42-47801431d3d1" />
    <UnitTestResult executionId="c6f1af36-b185-470f-9d44-e673f54ea84c" testId="d621bb97-a6a4-4797-ce4f-9813ccfba719" testName="WileyWidget.Tests.MainViewModelTests.Enterprises_Collection_IsObservable" computerName="MCKITRICK" duration="00:00:00.0024109" startTime="2025-08-29T18:59:45.0708651-06:00" endTime="2025-08-29T18:59:45.0708655-06:00" testType="13cdc9d9-ddb5-4fa4-a97d-d965ccfc6d4b" outcome="Passed" testListId="8c84fa94-04c1-424b-9868-57a2d4851a1d" relativeResultsDirectory="c6f1af36-b185-470f-9d44-e673f54ea84c" />
    <UnitTestResult executionId="97ab89ff-17e5-43ae-8b74-3b411df6cf92" testId="c99ffb98-6608-7343-fd97-cece2671f5c7" testName="WileyWidget.Tests.WidgetTests.Widget_FormattedPrice_ReturnsCorrectFormat(price: 0.01, expected: &quot;$0.01&quot;)" computerName="MCKITRICK" duration="00:00:00.0000040" startTime="2025-08-29T18:59:44.1797597-06:00" endTime="2025-08-29T18:59:44.1797598-06:00" testType="13cdc9d9-ddb5-4fa4-a97d-d965ccfc6d4b" outcome="Passed" testListId="8c84fa94-04c1-424b-9868-57a2d4851a1d" relativeResultsDirectory="97ab89ff-17e5-43ae-8b74-3b411df6cf92" />
    <UnitTestResult executionId="14d94529-a009-417d-8056-344af4c6cbdb" testId="3c697a19-d738-59c1-c19c-a483654a946e" testName="WileyWidget.Tests.BudgetAnalyticsTests.BudgetMetrics_CalculatesMonthlyBalanceCorrectly" computerName="MCKITRICK" duration="00:00:00.0001066" startTime="2025-08-29T18:59:44.5709849-06:00" endTime="2025-08-29T18:59:44.5709851-06:00" testType="13cdc9d9-ddb5-4fa4-a97d-d965ccfc6d4b" outcome="Passed" testListId="8c84fa94-04c1-424b-9868-57a2d4851a1d" relativeResultsDirectory="14d94529-a009-417d-8056-344af4c6cbdb" />
    <UnitTestResult executionId="3f50bf9b-6bd9-497c-9f88-e86a5b77ebb7" testId="c596acca-eaa8-2cfc-b6e4-d65d1f704c2d" testName="WileyWidget.Tests.WidgetTests.Widget_IsActive_CanBeSet(isActive: False)" computerName="MCKITRICK" duration="00:00:00.9812146" startTime="2025-08-29T18:59:43.5433449-06:00" endTime="2025-08-29T18:59:43.5433539-06:00" testType="13cdc9d9-ddb5-4fa4-a97d-d965ccfc6d4b" outcome="Passed" testListId="8c84fa94-04c1-424b-9868-57a2d4851a1d" relativeResultsDirectory="3f50bf9b-6bd9-497c-9f88-e86a5b77ebb7" />
    <UnitTestResult executionId="8ad4d2f7-df9a-48c4-8a3a-eda0b16f80d9" testId="6cc406f6-5c68-c097-54c6-537a958e649e" testName="WileyWidget.Tests.MainViewModelTests.AddWidgetCommand_AddsWidgetToCollection" computerName="MCKITRICK" duration="00:00:00.0015063" startTime="2025-08-29T18:59:45.0783910-06:00" endTime="2025-08-29T18:59:45.0783913-06:00" testType="13cdc9d9-ddb5-4fa4-a97d-d965ccfc6d4b" outcome="Passed" testListId="8c84fa94-04c1-424b-9868-57a2d4851a1d" relativeResultsDirectory="8ad4d2f7-df9a-48c4-8a3a-eda0b16f80d9" />
    <UnitTestResult executionId="1173b193-1e7f-49ba-8b38-45bc51723d55" testId="80a94af4-7913-fd5c-01c4-b92eec2e4015" testName="WileyWidget.Tests.EnterpriseModelTests.Enterprise_CurrentRate_Validation(rate: -1, shouldBeValid: False)" computerName="MCKITRICK" duration="00:00:00.0004789" startTime="2025-08-29T18:59:43.9123044-06:00" endTime="2025-08-29T18:59:43.9123045-06:00" testType="13cdc9d9-ddb5-4fa4-a97d-d965ccfc6d4b" outcome="Passed" testListId="8c84fa94-04c1-424b-9868-57a2d4851a1d" relativeResultsDirectory="1173b193-1e7f-49ba-8b38-45bc51723d55" />
    <UnitTestResult executionId="48c1d66c-75f4-486c-82c8-b3f09716a157" testId="31f7b449-2a75-9290-2b1b-c1e2846a3973" testName="WileyWidget.Tests.DatabaseIntegrationTests.Repository_CalculatesBalanceCorrectly" computerName="MCKITRICK" duration="00:00:00.0010816" startTime="2025-08-29T18:59:45.6823437-06:00" endTime="2025-08-29T18:59:45.6823439-06:00" testType="13cdc9d9-ddb5-4fa4-a97d-d965ccfc6d4b" outcome="Passed" testListId="8c84fa94-04c1-424b-9868-57a2d4851a1d" relativeResultsDirectory="48c1d66c-75f4-486c-82c8-b3f09716a157" />
    <UnitTestResult executionId="9b119296-5118-428f-87e5-19d33fb29787" testId="08055736-1e09-8961-dc89-8e2a25887239" testName="WileyWidget.Tests.MainWindowUnitTests.LogSyncfusionControls_MethodExists" computerName="MCKITRICK" duration="00:00:00.0001426" startTime="2025-08-29T18:59:44.8952417-06:00" endTime="2025-08-29T18:59:44.8952418-06:00" testType="13cdc9d9-ddb5-4fa4-a97d-d965ccfc6d4b" outcome="Failed" testListId="8c84fa94-04c1-424b-9868-57a2d4851a1d" relativeResultsDirectory="9b119296-5118-428f-87e5-19d33fb29787">
      <Output>
        <ErrorInfo>
          <Message>System.InvalidOperationException : The calling thread must be STA, because many UI components require this.</Message>
          <StackTrace>   at System.Windows.Input.InputManager..ctor()&#xD;
   at System.Windows.Input.InputManager.GetCurrentInputManagerImpl()&#xD;
   at System.Windows.Input.KeyboardNavigation..ctor()&#xD;
   at System.Windows.FrameworkElement.FrameworkServices..ctor()&#xD;
   at System.Windows.FrameworkElement.EnsureFrameworkServices()&#xD;
   at System.Windows.FrameworkElement..ctor()&#xD;
   at System.Windows.Controls.Control..ctor()&#xD;
   at System.Windows.Window..ctor()&#xD;
   at WileyWidget.MainWindow..ctor() in C:\Users\biges\Desktop\Wiley_Widget\Views\MainWindow.xaml.cs:line 59&#xD;
   at WileyWidget.Tests.MainWindowUnitTests.LogSyncfusionControls_MethodExists() in C:\Users\biges\Desktop\Wiley_Widget\WileyWidget.Tests\MainWindowUnitTests.cs:line 48&#xD;
   at System.RuntimeMethodHandle.InvokeMethod(Object target, Void** arguments, Signature sig, Boolean isConstructor)&#xD;
   at System.Reflection.MethodBaseInvoker.InvokeWithNoArgs(Object obj, BindingFlags invokeAttr)</StackTrace>
        </ErrorInfo>
      </Output>
    </UnitTestResult>
    <UnitTestResult executionId="6e7b1714-b866-413f-b2bc-166e86734f33" testId="e82f29b2-da2d-1de7-97e4-1ecb0f1224d5" testName="WileyWidget.Tests.EnterpriseTests.Enterprise_Name_Validation(name: null, shouldBeValid: False)" computerName="MCKITRICK" duration="00:00:00.0002688" startTime="2025-08-29T18:59:44.1822276-06:00" endTime="2025-08-29T18:59:44.1822277-06:00" testType="13cdc9d9-ddb5-4fa4-a97d-d965ccfc6d4b" outcome="Passed" testListId="8c84fa94-04c1-424b-9868-57a2d4851a1d" relativeResultsDirectory="6e7b1714-b866-413f-b2bc-166e86734f33" />
    <UnitTestResult executionId="d02bd042-4b7d-4f38-8170-fb4b724aafad" testId="3d9418a8-7d7a-ace8-cce3-7f6d8639b60f" testName="WileyWidget.Tests.EnterpriseTests.Enterprise_Name_Validation(name: &quot;This is a very long enterprise name that exceeds t&quot;···, shouldBeValid: False)" computerName="MCKITRICK" duration="00:00:00.0000507" startTime="2025-08-29T18:59:44.1822839-06:00" endTime="2025-08-29T18:59:44.1822840-06:00" testType="13cdc9d9-ddb5-4fa4-a97d-d965ccfc6d4b" outcome="Passed" testListId="8c84fa94-04c1-424b-9868-57a2d4851a1d" relativeResultsDirectory="d02bd042-4b7d-4f38-8170-fb4b724aafad" />
    <UnitTestResult executionId="319cca68-6d09-46cc-a87c-6a0371eddd5b" testId="a1485da4-493d-cd3d-9e47-0f99906d1c2c" testName="WileyWidget.Tests.WidgetTests.Widget_FormattedPrice_ReturnsCorrectFormat(price: 99.99, expected: &quot;$99.99&quot;)" computerName="MCKITRICK" duration="00:00:00.0005423" startTime="2025-08-29T18:59:44.1797333-06:00" endTime="2025-08-29T18:59:44.1797333-06:00" testType="13cdc9d9-ddb5-4fa4-a97d-d965ccfc6d4b" outcome="Passed" testListId="8c84fa94-04c1-424b-9868-57a2d4851a1d" relativeResultsDirectory="319cca68-6d09-46cc-a87c-6a0371eddd5b" />
    <UnitTestResult executionId="2ecce28e-b959-44f1-9c99-abb4b7f7a413" testId="a870daa8-df1f-ef82-e638-57d5f0b05d91" testName="WileyWidget.Tests.SettingsServiceTests.SettingsService_Current_IsNotNull" computerName="MCKITRICK" duration="00:00:00.0013927" startTime="2025-08-29T18:59:44.5792148-06:00" endTime="2025-08-29T18:59:44.5792151-06:00" testType="13cdc9d9-ddb5-4fa4-a97d-d965ccfc6d4b" outcome="Passed" testListId="8c84fa94-04c1-424b-9868-57a2d4851a1d" relativeResultsDirectory="2ecce28e-b959-44f1-9c99-abb4b7f7a413" />
    <UnitTestResult executionId="843be7cc-df84-49a0-ab53-60a5dfd4dc2b" testId="49c4f10e-2239-3841-978f-d0dc2d82b2ba" testName="WileyWidget.Tests.MainWindowUnitTests.NormalizeTheme_WithNull_ReturnsDefault" computerName="MCKITRICK" duration="00:00:00.0002492" startTime="2025-08-29T18:59:44.8959369-06:00" endTime="2025-08-29T18:59:44.8959371-06:00" testType="13cdc9d9-ddb5-4fa4-a97d-d965ccfc6d4b" outcome="Failed" testListId="8c84fa94-04c1-424b-9868-57a2d4851a1d" relativeResultsDirectory="843be7cc-df84-49a0-ab53-60a5dfd4dc2b">
      <Output>
        <ErrorInfo>
          <Message>System.InvalidOperationException : The calling thread must be STA, because many UI components require this.</Message>
          <StackTrace>   at System.Windows.Input.InputManager..ctor()&#xD;
   at System.Windows.Input.InputManager.GetCurrentInputManagerImpl()&#xD;
   at System.Windows.Input.KeyboardNavigation..ctor()&#xD;
   at System.Windows.FrameworkElement.FrameworkServices..ctor()&#xD;
   at System.Windows.FrameworkElement.EnsureFrameworkServices()&#xD;
   at System.Windows.FrameworkElement..ctor()&#xD;
   at System.Windows.Controls.Control..ctor()&#xD;
   at System.Windows.Window..ctor()&#xD;
   at WileyWidget.MainWindow..ctor() in C:\Users\biges\Desktop\Wiley_Widget\Views\MainWindow.xaml.cs:line 59&#xD;
   at WileyWidget.Tests.MainWindowUnitTests.NormalizeTheme_WithNull_ReturnsDefault() in C:\Users\biges\Desktop\Wiley_Widget\WileyWidget.Tests\MainWindowUnitTests.cs:line 143&#xD;
   at System.RuntimeMethodHandle.InvokeMethod(Object target, Void** arguments, Signature sig, Boolean isConstructor)&#xD;
   at System.Reflection.MethodBaseInvoker.InvokeWithNoArgs(Object obj, BindingFlags invokeAttr)</StackTrace>
        </ErrorInfo>
      </Output>
    </UnitTestResult>
    <UnitTestResult executionId="2c9ff122-af9b-43e0-91d5-9b9caf7f9113" testId="174a61b8-26c2-f00a-4147-e3f64821944b" testName="WileyWidget.Tests.WidgetTests.Widget_DefaultValues_AreCorrect" computerName="MCKITRICK" duration="00:00:00.0001554" startTime="2025-08-29T18:59:44.1813305-06:00" endTime="2025-08-29T18:59:44.1813306-06:00" testType="13cdc9d9-ddb5-4fa4-a97d-d965ccfc6d4b" outcome="Passed" testListId="8c84fa94-04c1-424b-9868-57a2d4851a1d" relativeResultsDirectory="2c9ff122-af9b-43e0-91d5-9b9caf7f9113" />
    <UnitTestResult executionId="90d9a26a-310b-4ee2-94d1-6a0414e2c8b6" testId="4d20292b-dbaf-eee0-cf45-638c0a52c116" testName="WileyWidget.Tests.BudgetInteractionTests.BudgetInteraction_Description_Validation(description: null, shouldBeValid: False)" computerName="MCKITRICK" duration="00:00:00.0000339" startTime="2025-08-29T18:59:44.1928215-06:00" endTime="2025-08-29T18:59:44.1928215-06:00" testType="13cdc9d9-ddb5-4fa4-a97d-d965ccfc6d4b" outcome="Passed" testListId="8c84fa94-04c1-424b-9868-57a2d4851a1d" relativeResultsDirectory="90d9a26a-310b-4ee2-94d1-6a0414e2c8b6" />
    <UnitTestResult executionId="50bbdc6a-70f2-416d-aa11-a935eb5097c5" testId="250861d5-9d13-68af-2b01-b8c47d52fcf2" testName="WileyWidget.Tests.EnterpriseTests.Enterprise_CalculatedProperties_WorkCorrectly(currentRate: 1, citizenCount: 1000, expenses: 0, expectedBalance: 1000)" computerName="MCKITRICK" duration="00:00:00.0000106" startTime="2025-08-29T18:59:43.9030337-06:00" endTime="2025-08-29T18:59:43.9030337-06:00" testType="13cdc9d9-ddb5-4fa4-a97d-d965ccfc6d4b" outcome="Passed" testListId="8c84fa94-04c1-424b-9868-57a2d4851a1d" relativeResultsDirectory="50bbdc6a-70f2-416d-aa11-a935eb5097c5" />
    <UnitTestResult executionId="e2435880-0e93-4e9a-bec7-09cbe48af262" testId="a535ee6d-f14e-b507-e106-e575e4d351ae" testName="WileyWidget.Tests.WidgetTests.Widget_DisplayName_ReturnsCorrectFormat(name: &quot;Widget Name&quot;, sku: &quot;&quot;, expected: &quot;Widget Name&quot;)" computerName="MCKITRICK" duration="00:00:00.0000901" startTime="2025-08-29T18:59:44.1821409-06:00" endTime="2025-08-29T18:59:44.1821410-06:00" testType="13cdc9d9-ddb5-4fa4-a97d-d965ccfc6d4b" outcome="Passed" testListId="8c84fa94-04c1-424b-9868-57a2d4851a1d" relativeResultsDirectory="e2435880-0e93-4e9a-bec7-09cbe48af262" />
    <UnitTestResult executionId="19f9b1fa-5b00-44d7-a2e1-7c6bee8bbb70" testId="7e338c26-7d68-229c-5870-5a210a219a3a" testName="WileyWidget.Tests.EnterpriseModelTests.Enterprise_MonthlyBalance_CalculatesCorrectly" computerName="MCKITRICK" duration="00:00:00.0001124" startTime="2025-08-29T18:59:44.1803742-06:00" endTime="2025-08-29T18:59:44.1803743-06:00" testType="13cdc9d9-ddb5-4fa4-a97d-d965ccfc6d4b" outcome="Passed" testListId="8c84fa94-04c1-424b-9868-57a2d4851a1d" relativeResultsDirectory="19f9b1fa-5b00-44d7-a2e1-7c6bee8bbb70" />
    <UnitTestResult executionId="9afa20a4-fed0-431a-a04c-b23e3e68dc0c" testId="00f90a30-6cfb-102f-2905-fe6964421a8d" testName="WileyWidget.Tests.EnterpriseModelTests.Enterprise_CurrentRate_Validation(rate: 0.005, shouldBeValid: False)" computerName="MCKITRICK" duration="00:00:00.0000113" startTime="2025-08-29T18:59:43.9123285-06:00" endTime="2025-08-29T18:59:43.9123285-06:00" testType="13cdc9d9-ddb5-4fa4-a97d-d965ccfc6d4b" outcome="Passed" testListId="8c84fa94-04c1-424b-9868-57a2d4851a1d" relativeResultsDirectory="9afa20a4-fed0-431a-a04c-b23e3e68dc0c" />
    <UnitTestResult executionId="17047e00-1e27-4aae-89da-f27e76e9938b" testId="40d7657d-f657-0f30-1e57-f9b4790fea1e" testName="WileyWidget.Tests.BudgetInteractionTests.BudgetInteraction_MonthlyAmount_Validation(amount: 1000.99, shouldBeValid: True)" computerName="MCKITRICK" duration="00:00:00.0015146" startTime="2025-08-29T18:59:44.1864848-06:00" endTime="2025-08-29T18:59:44.1864851-06:00" testType="13cdc9d9-ddb5-4fa4-a97d-d965ccfc6d4b" outcome="Passed" testListId="8c84fa94-04c1-424b-9868-57a2d4851a1d" relativeResultsDirectory="17047e00-1e27-4aae-89da-f27e76e9938b" />
    <UnitTestResult executionId="23471204-5c17-41db-990e-2c6f8a169dde" testId="418cae58-aba0-b522-845a-715b8b8313eb" testName="WileyWidget.Tests.EnterpriseTests.Enterprise_CurrentRate_Validation(rate: 0, shouldBeValid: False)" computerName="MCKITRICK" duration="00:00:00.0000383" startTime="2025-08-29T18:59:44.1805449-06:00" endTime="2025-08-29T18:59:44.1805450-06:00" testType="13cdc9d9-ddb5-4fa4-a97d-d965ccfc6d4b" outcome="Passed" testListId="8c84fa94-04c1-424b-9868-57a2d4851a1d" relativeResultsDirectory="23471204-5c17-41db-990e-2c6f8a169dde" />
    <UnitTestResult executionId="c0e39776-3da5-49f2-b2c3-d0d6d77ba9bf" testId="06acef7a-66a9-41e5-0b52-833373b805fd" testName="WileyWidget.Tests.SettingsServiceTests.SettingsService_Instance_IsSingleton" computerName="MCKITRICK" duration="00:00:00.0007744" startTime="2025-08-29T18:59:44.8906038-06:00" endTime="2025-08-29T18:59:44.8906042-06:00" testType="13cdc9d9-ddb5-4fa4-a97d-d965ccfc6d4b" outcome="Passed" testListId="8c84fa94-04c1-424b-9868-57a2d4851a1d" relativeResultsDirectory="c0e39776-3da5-49f2-b2c3-d0d6d77ba9bf" />
  </Results>
  <TestDefinitions>
    <UnitTest name="WileyWidget.Tests.WidgetTests.Widget_Category_AcceptsVariousValues(category: &quot;Clothing&quot;)" storage="c:\users\biges\desktop\wiley_widget\wileywidget.tests\bin\release\net9.0-windows\wileywidget.tests.dll" id="0c08c2f7-584f-44de-79b5-e35ec9541cbd">
      <Execution id="592e2f29-2e6d-4eb1-9285-4593672015f6" />
      <TestMethod codeBase="C:\Users\biges\Desktop\Wiley_Widget\WileyWidget.Tests\bin\Release\net9.0-windows\WileyWidget.Tests.dll" adapterTypeName="executor://xunit/VsTestRunner2/netcoreapp" className="WileyWidget.Tests.WidgetTests" name="Widget_Category_AcceptsVariousValues" />
    </UnitTest>
    <UnitTest name="WileyWidget.Tests.EnterpriseTests.Enterprise_Creation_WithValidData_Succeeds" storage="c:\users\biges\desktop\wiley_widget\wileywidget.tests\bin\release\net9.0-windows\wileywidget.tests.dll" id="e347da39-e3d7-9818-2827-c6fcf2b4c69d">
      <Execution id="7af80f25-0c80-4297-8d88-7fd77896e6f2" />
      <TestMethod codeBase="C:\Users\biges\Desktop\Wiley_Widget\WileyWidget.Tests\bin\Release\net9.0-windows\WileyWidget.Tests.dll" adapterTypeName="executor://xunit/VsTestRunner2/netcoreapp" className="WileyWidget.Tests.EnterpriseTests" name="Enterprise_Creation_WithValidData_Succeeds" />
    </UnitTest>
    <UnitTest name="WileyWidget.Tests.EnterpriseTests.Enterprise_CalculatedProperties_WorkCorrectly(currentRate: 2, citizenCount: 500, expenses: 1000, expectedBalance: 0)" storage="c:\users\biges\desktop\wiley_widget\wileywidget.tests\bin\release\net9.0-windows\wileywidget.tests.dll" id="90cb2182-2da9-b142-9e98-2812635b6bad">
      <Execution id="db7d57a0-9c7c-413b-b626-3c8780ab1cae" />
      <TestMethod codeBase="C:\Users\biges\Desktop\Wiley_Widget\WileyWidget.Tests\bin\Release\net9.0-windows\WileyWidget.Tests.dll" adapterTypeName="executor://xunit/VsTestRunner2/netcoreapp" className="WileyWidget.Tests.EnterpriseTests" name="Enterprise_CalculatedProperties_WorkCorrectly" />
    </UnitTest>
    <UnitTest name="WileyWidget.Tests.BudgetInteractionTests.BudgetInteraction_MonthlyAmount_Validation(amount: -1, shouldBeValid: False)" storage="c:\users\biges\desktop\wiley_widget\wileywidget.tests\bin\release\net9.0-windows\wileywidget.tests.dll" id="0d4e12bb-b410-10f4-ea79-224ef1ad4ec2">
      <Execution id="8f38ac3d-626d-4e86-a388-0bc7fda5fc0b" />
      <TestMethod codeBase="C:\Users\biges\Desktop\Wiley_Widget\WileyWidget.Tests\bin\Release\net9.0-windows\WileyWidget.Tests.dll" adapterTypeName="executor://xunit/VsTestRunner2/netcoreapp" className="WileyWidget.Tests.BudgetInteractionTests" name="BudgetInteraction_MonthlyAmount_Validation" />
    </UnitTest>
    <UnitTest name="WileyWidget.Tests.AppUnitTests.TryRegisterEmbeddedLicense_DefaultImplementation_ReturnsFalse" storage="c:\users\biges\desktop\wiley_widget\wileywidget.tests\bin\release\net9.0-windows\wileywidget.tests.dll" id="87640105-c887-14a1-6f10-e810209647b1">
      <Execution id="d841b009-74e0-48d6-b069-84ca878bf069" />
      <TestMethod codeBase="C:\Users\biges\Desktop\Wiley_Widget\WileyWidget.Tests\bin\Release\net9.0-windows\WileyWidget.Tests.dll" adapterTypeName="executor://xunit/VsTestRunner2/netcoreapp" className="WileyWidget.Tests.AppUnitTests" name="TryRegisterEmbeddedLicense_DefaultImplementation_ReturnsFalse" />
    </UnitTest>
    <UnitTest name="WileyWidget.Tests.WidgetTests.Widget_Name_Validation(name: null, shouldBeValid: False)" storage="c:\users\biges\desktop\wiley_widget\wileywidget.tests\bin\release\net9.0-windows\wileywidget.tests.dll" id="648bd338-a756-e64d-b4be-6a55c8a8cbe8">
      <Execution id="f918ec2f-34b3-4c51-aae6-b7f5006881d9" />
      <TestMethod codeBase="C:\Users\biges\Desktop\Wiley_Widget\WileyWidget.Tests\bin\Release\net9.0-windows\WileyWidget.Tests.dll" adapterTypeName="executor://xunit/VsTestRunner2/netcoreapp" className="WileyWidget.Tests.WidgetTests" name="Widget_Name_Validation" />
    </UnitTest>
    <UnitTest name="WileyWidget.Tests.WidgetTests.Widget_Price_Validation(price: 1000.99, shouldBeValid: True)" storage="c:\users\biges\desktop\wiley_widget\wileywidget.tests\bin\release\net9.0-windows\wileywidget.tests.dll" id="de72c0f3-fa26-9d6c-6ca7-32a0c98717f3">
      <Execution id="190ab9e7-0b1d-4d54-944f-691d80333888" />
      <TestMethod codeBase="C:\Users\biges\Desktop\Wiley_Widget\WileyWidget.Tests\bin\Release\net9.0-windows\WileyWidget.Tests.dll" adapterTypeName="executor://xunit/VsTestRunner2/netcoreapp" className="WileyWidget.Tests.WidgetTests" name="Widget_Price_Validation" />
    </UnitTest>
    <UnitTest name="WileyWidget.Tests.BudgetInteractionTests.BudgetInteraction_InteractionType_Validation(type: &quot;Dependency&quot;, shouldBeValid: True)" storage="c:\users\biges\desktop\wiley_widget\wileywidget.tests\bin\release\net9.0-windows\wileywidget.tests.dll" id="a4b79d30-1b57-4783-2bc5-b481543036fd">
      <Execution id="68290458-bd95-44fb-a9c5-639d264d4618" />
      <TestMethod codeBase="C:\Users\biges\Desktop\Wiley_Widget\WileyWidget.Tests\bin\Release\net9.0-windows\WileyWidget.Tests.dll" adapterTypeName="executor://xunit/VsTestRunner2/netcoreapp" className="WileyWidget.Tests.BudgetInteractionTests" name="BudgetInteraction_InteractionType_Validation" />
    </UnitTest>
    <UnitTest name="WileyWidget.Tests.DatabaseIntegrationTests.Repository_EnforcesRateConstraints" storage="c:\users\biges\desktop\wiley_widget\wileywidget.tests\bin\release\net9.0-windows\wileywidget.tests.dll" id="168ae476-6639-8347-6432-3fafc0d8f784">
      <Execution id="cb0e3223-25d6-4492-90a0-594943af206c" />
      <TestMethod codeBase="C:\Users\biges\Desktop\Wiley_Widget\WileyWidget.Tests\bin\Release\net9.0-windows\WileyWidget.Tests.dll" adapterTypeName="executor://xunit/VsTestRunner2/netcoreapp" className="WileyWidget.Tests.DatabaseIntegrationTests" name="Repository_EnforcesRateConstraints" />
    </UnitTest>
    <UnitTest name="WileyWidget.Tests.EnterpriseDatabaseTests.CustomQuery_WithParameters_ReturnsFilteredData_UsingDirectConnection" storage="c:\users\biges\desktop\wiley_widget\wileywidget.tests\bin\release\net9.0-windows\wileywidget.tests.dll" id="7cf3aa98-98eb-f226-4182-b485eaa19c16">
      <Execution id="8ec33ab3-c651-4f98-9b31-3774605c70e9" />
      <TestMethod codeBase="C:\Users\biges\Desktop\Wiley_Widget\WileyWidget.Tests\bin\Release\net9.0-windows\WileyWidget.Tests.dll" adapterTypeName="executor://xunit/VsTestRunner2/netcoreapp" className="WileyWidget.Tests.EnterpriseDatabaseTests" name="CustomQuery_WithParameters_ReturnsFilteredData_UsingDirectConnection" />
    </UnitTest>
    <UnitTest name="WileyWidget.Tests.EnterpriseModelTests.Enterprise_CitizenCount_Validation(citizenCount: 1000, shouldBeValid: True)" storage="c:\users\biges\desktop\wiley_widget\wileywidget.tests\bin\release\net9.0-windows\wileywidget.tests.dll" id="20a34a95-a426-14ac-be1a-81af3da9062a">
      <Execution id="a4478032-cfea-4737-a7dc-a28a909b36b7" />
      <TestMethod codeBase="C:\Users\biges\Desktop\Wiley_Widget\WileyWidget.Tests\bin\Release\net9.0-windows\WileyWidget.Tests.dll" adapterTypeName="executor://xunit/VsTestRunner2/netcoreapp" className="WileyWidget.Tests.EnterpriseModelTests" name="Enterprise_CitizenCount_Validation" />
    </UnitTest>
    <UnitTest name="WileyWidget.Tests.DatabaseIntegrationTests.DeleteAsync_RemovesEnterpriseFromDatabase" storage="c:\users\biges\desktop\wiley_widget\wileywidget.tests\bin\release\net9.0-windows\wileywidget.tests.dll" id="9c4061d1-7b4d-72a8-5d62-324df6948592">
      <Execution id="88a73a78-6335-4d49-87a5-31fdd515d11c" />
      <TestMethod codeBase="C:\Users\biges\Desktop\Wiley_Widget\WileyWidget.Tests\bin\Release\net9.0-windows\WileyWidget.Tests.dll" adapterTypeName="executor://xunit/VsTestRunner2/netcoreapp" className="WileyWidget.Tests.DatabaseIntegrationTests" name="DeleteAsync_RemovesEnterpriseFromDatabase" />
    </UnitTest>
    <UnitTest name="WileyWidget.Tests.EnterpriseDatabaseTests.DataIsolation_TestRollbackBehavior_UsingDirectConnection" storage="c:\users\biges\desktop\wiley_widget\wileywidget.tests\bin\release\net9.0-windows\wileywidget.tests.dll" id="85ee0bd4-7821-b257-c0c8-28e38b9ba9de">
      <Execution id="2c8ff28e-c678-4d50-bdfd-e388c79575ca" />
      <TestMethod codeBase="C:\Users\biges\Desktop\Wiley_Widget\WileyWidget.Tests\bin\Release\net9.0-windows\WileyWidget.Tests.dll" adapterTypeName="executor://xunit/VsTestRunner2/netcoreapp" className="WileyWidget.Tests.EnterpriseDatabaseTests" name="DataIsolation_TestRollbackBehavior_UsingDirectConnection" />
    </UnitTest>
    <UnitTest name="WileyWidget.Tests.EnterpriseModelTests.Enterprise_MonthlyExpenses_Validation(expenses: -1, shouldBeValid: False)" storage="c:\users\biges\desktop\wiley_widget\wileywidget.tests\bin\release\net9.0-windows\wileywidget.tests.dll" id="e472ca0e-4d1f-2cb2-ae79-f619786a7e3f">
      <Execution id="6fd63b5b-4b3c-45e1-86b1-c498e93c6fc3" />
      <TestMethod codeBase="C:\Users\biges\Desktop\Wiley_Widget\WileyWidget.Tests\bin\Release\net9.0-windows\WileyWidget.Tests.dll" adapterTypeName="executor://xunit/VsTestRunner2/netcoreapp" className="WileyWidget.Tests.EnterpriseModelTests" name="Enterprise_MonthlyExpenses_Validation" />
    </UnitTest>
    <UnitTest name="WileyWidget.Tests.AppUnitTests.RegisterSyncfusionLicense_WithNullConfig_HandlesGracefully" storage="c:\users\biges\desktop\wiley_widget\wileywidget.tests\bin\release\net9.0-windows\wileywidget.tests.dll" id="97486250-1fe8-66a0-17d4-9ab973b2b619">
      <Execution id="86a33d31-7767-413c-b593-34e6aa397ebe" />
      <TestMethod codeBase="C:\Users\biges\Desktop\Wiley_Widget\WileyWidget.Tests\bin\Release\net9.0-windows\WileyWidget.Tests.dll" adapterTypeName="executor://xunit/VsTestRunner2/netcoreapp" className="WileyWidget.Tests.AppUnitTests" name="RegisterSyncfusionLicense_WithNullConfig_HandlesGracefully" />
    </UnitTest>
    <UnitTest name="WileyWidget.Tests.SettingsServiceTests.SettingsService_Load_CreatesBackupOfCorruptFile" storage="c:\users\biges\desktop\wiley_widget\wileywidget.tests\bin\release\net9.0-windows\wileywidget.tests.dll" id="2969f2e0-70ae-84d9-8527-e1ee638f4f9b">
      <Execution id="f6b06864-5a5b-47f3-9aa8-0f027670e3f0" />
      <TestMethod codeBase="C:\Users\biges\Desktop\Wiley_Widget\WileyWidget.Tests\bin\Release\net9.0-windows\WileyWidget.Tests.dll" adapterTypeName="executor://xunit/VsTestRunner2/netcoreapp" className="WileyWidget.Tests.SettingsServiceTests" name="SettingsService_Load_CreatesBackupOfCorruptFile" />
    </UnitTest>
    <UnitTest name="WileyWidget.Tests.MainViewModelTests.Widgets_Collection_IsObservable" storage="c:\users\biges\desktop\wiley_widget\wileywidget.tests\bin\release\net9.0-windows\wileywidget.tests.dll" id="ed2fc56e-1956-21e4-fa3d-840c8fe46677">
      <Execution id="bc20e482-827c-49f3-b681-d4b555799ad2" />
      <TestMethod codeBase="C:\Users\biges\Desktop\Wiley_Widget\WileyWidget.Tests\bin\Release\net9.0-windows\WileyWidget.Tests.dll" adapterTypeName="executor://xunit/VsTestRunner2/netcoreapp" className="WileyWidget.Tests.MainViewModelTests" name="Widgets_Collection_IsObservable" />
    </UnitTest>
    <UnitTest name="WileyWidget.Tests.AppUnitTests.ConfigureGlobalExceptionHandling_SetsUpHandlers" storage="c:\users\biges\desktop\wiley_widget\wileywidget.tests\bin\release\net9.0-windows\wileywidget.tests.dll" id="888d2b50-7b6d-6c90-d0fe-ec32083e79d4">
      <Execution id="37da2c93-793d-4a72-af1d-37fc184b15b7" />
      <TestMethod codeBase="C:\Users\biges\Desktop\Wiley_Widget\WileyWidget.Tests\bin\Release\net9.0-windows\WileyWidget.Tests.dll" adapterTypeName="executor://xunit/VsTestRunner2/netcoreapp" className="WileyWidget.Tests.AppUnitTests" name="ConfigureGlobalExceptionHandling_SetsUpHandlers" />
    </UnitTest>
    <UnitTest name="WileyWidget.Tests.EnterpriseTests.Enterprise_CalculatedProperties_WorkCorrectly(currentRate: 0.5, citizenCount: 1000, expenses: 1000, expectedBalance: -500)" storage="c:\users\biges\desktop\wiley_widget\wileywidget.tests\bin\release\net9.0-windows\wileywidget.tests.dll" id="4f96b557-5805-2ffc-7a99-6d790882f18b">
      <Execution id="84e92df8-c167-415a-ae69-580fab9b0eb7" />
      <TestMethod codeBase="C:\Users\biges\Desktop\Wiley_Widget\WileyWidget.Tests\bin\Release\net9.0-windows\WileyWidget.Tests.dll" adapterTypeName="executor://xunit/VsTestRunner2/netcoreapp" className="WileyWidget.Tests.EnterpriseTests" name="Enterprise_CalculatedProperties_WorkCorrectly" />
    </UnitTest>
    <UnitTest name="WileyWidget.Tests.DatabaseIntegrationTests.UpdateAsync_UpdatesExistingEnterprise" storage="c:\users\biges\desktop\wiley_widget\wileywidget.tests\bin\release\net9.0-windows\wileywidget.tests.dll" id="f4baf935-db3b-a3f6-b56f-3df0f1893080">
      <Execution id="25968ae4-9553-441b-8ae9-ceb24f70a7e8" />
      <TestMethod codeBase="C:\Users\biges\Desktop\Wiley_Widget\WileyWidget.Tests\bin\Release\net9.0-windows\WileyWidget.Tests.dll" adapterTypeName="executor://xunit/VsTestRunner2/netcoreapp" className="WileyWidget.Tests.DatabaseIntegrationTests" name="UpdateAsync_UpdatesExistingEnterprise" />
    </UnitTest>
    <UnitTest name="WileyWidget.Tests.BudgetInteractionTests.BudgetInteraction_Description_Validation(description: null, shouldBeValid: False)" storage="c:\users\biges\desktop\wiley_widget\wileywidget.tests\bin\release\net9.0-windows\wileywidget.tests.dll" id="4d20292b-dbaf-eee0-cf45-638c0a52c116">
      <Execution id="90d9a26a-310b-4ee2-94d1-6a0414e2c8b6" />
      <TestMethod codeBase="C:\Users\biges\Desktop\Wiley_Widget\WileyWidget.Tests\bin\Release\net9.0-windows\WileyWidget.Tests.dll" adapterTypeName="executor://xunit/VsTestRunner2/netcoreapp" className="WileyWidget.Tests.BudgetInteractionTests" name="BudgetInteraction_Description_Validation" />
    </UnitTest>
    <UnitTest name="WileyWidget.Tests.EnterpriseModelTests.Enterprise_CitizenCount_Validation(citizenCount: -1, shouldBeValid: False)" storage="c:\users\biges\desktop\wiley_widget\wileywidget.tests\bin\release\net9.0-windows\wileywidget.tests.dll" id="a2810c54-2114-8e84-bfe9-f4d0a5267d1f">
      <Execution id="18c967dc-e830-4fc3-b9cc-c6c7b6178628" />
      <TestMethod codeBase="C:\Users\biges\Desktop\Wiley_Widget\WileyWidget.Tests\bin\Release\net9.0-windows\WileyWidget.Tests.dll" adapterTypeName="executor://xunit/VsTestRunner2/netcoreapp" className="WileyWidget.Tests.EnterpriseModelTests" name="Enterprise_CitizenCount_Validation" />
    </UnitTest>
    <UnitTest name="WileyWidget.Tests.MainWindowUnitTests.NormalizeTheme_WithFluentDark_ReturnsFluentDark" storage="c:\users\biges\desktop\wiley_widget\wileywidget.tests\bin\release\net9.0-windows\wileywidget.tests.dll" id="5d639713-4743-ccd9-2f90-7e9060b35c6a">
      <Execution id="940b2eb6-80ac-477c-8f7a-a35c7ad59761" />
      <TestMethod codeBase="C:\Users\biges\Desktop\Wiley_Widget\WileyWidget.Tests\bin\Release\net9.0-windows\WileyWidget.Tests.dll" adapterTypeName="executor://xunit/VsTestRunner2/netcoreapp" className="WileyWidget.Tests.MainWindowUnitTests" name="NormalizeTheme_WithFluentDark_ReturnsFluentDark" />
    </UnitTest>
    <UnitTest name="WileyWidget.Tests.EnterpriseModelTests.Enterprise_BudgetStatus_ReturnsCorrectStatus(revenue: 3000, expenses: 2500, expectedStatus: &quot;Surplus&quot;)" storage="c:\users\biges\desktop\wiley_widget\wileywidget.tests\bin\release\net9.0-windows\wileywidget.tests.dll" id="44e15a9e-b1db-5915-a9b2-5e9b239ca9b3">
      <Execution id="31fed344-34ce-4803-80a7-ff9a925e4bdb" />
      <TestMethod codeBase="C:\Users\biges\Desktop\Wiley_Widget\WileyWidget.Tests\bin\Release\net9.0-windows\WileyWidget.Tests.dll" adapterTypeName="executor://xunit/VsTestRunner2/netcoreapp" className="WileyWidget.Tests.EnterpriseModelTests" name="Enterprise_BudgetStatus_ReturnsCorrectStatus" />
    </UnitTest>
    <UnitTest name="WileyWidget.Tests.EnterpriseDatabaseTests.SimpleDatabaseConnectionTest" storage="c:\users\biges\desktop\wiley_widget\wileywidget.tests\bin\release\net9.0-windows\wileywidget.tests.dll" id="e1f8a3e1-d467-b8d5-d368-b35a2dff4c81">
      <Execution id="37b350ed-6d74-4112-9ae7-a9556f35ddf6" />
      <TestMethod codeBase="C:\Users\biges\Desktop\Wiley_Widget\WileyWidget.Tests\bin\Release\net9.0-windows\WileyWidget.Tests.dll" adapterTypeName="executor://xunit/VsTestRunner2/netcoreapp" className="WileyWidget.Tests.EnterpriseDatabaseTests" name="SimpleDatabaseConnectionTest" />
    </UnitTest>
    <UnitTest name="WileyWidget.Tests.BudgetAnalyticsTests.BudgetMetrics_ReturnsCorrectStatus_Deficit" storage="c:\users\biges\desktop\wiley_widget\wileywidget.tests\bin\release\net9.0-windows\wileywidget.tests.dll" id="51c34e63-97c0-5e10-af10-340556c65011">
      <Execution id="e5c60656-bea6-4ec5-b663-cac126a61335" />
      <TestMethod codeBase="C:\Users\biges\Desktop\Wiley_Widget\WileyWidget.Tests\bin\Release\net9.0-windows\WileyWidget.Tests.dll" adapterTypeName="executor://xunit/VsTestRunner2/netcoreapp" className="WileyWidget.Tests.BudgetAnalyticsTests" name="BudgetMetrics_ReturnsCorrectStatus_Deficit" />
    </UnitTest>
    <UnitTest name="WileyWidget.Tests.WidgetTests.Widget_Quantity_Validation(quantity: -1, shouldBeValid: False)" storage="c:\users\biges\desktop\wiley_widget\wileywidget.tests\bin\release\net9.0-windows\wileywidget.tests.dll" id="40c28db5-98d0-9ac0-459d-782c32a105ab">
      <Execution id="2451d2b8-b5a8-49b9-9c79-efc0ac93b4af" />
      <TestMethod codeBase="C:\Users\biges\Desktop\Wiley_Widget\WileyWidget.Tests\bin\Release\net9.0-windows\WileyWidget.Tests.dll" adapterTypeName="executor://xunit/VsTestRunner2/netcoreapp" className="WileyWidget.Tests.WidgetTests" name="Widget_Quantity_Validation" />
    </UnitTest>
    <UnitTest name="WileyWidget.Tests.EnterpriseTests.Enterprise_CurrentRate_Validation(rate: 0.01, shouldBeValid: True)" storage="c:\users\biges\desktop\wiley_widget\wileywidget.tests\bin\release\net9.0-windows\wileywidget.tests.dll" id="c47db43f-5871-4aa9-b457-92ab04b7b502">
      <Execution id="956b86a4-ef0c-4aad-9d21-8e4a0f87ca98" />
      <TestMethod codeBase="C:\Users\biges\Desktop\Wiley_Widget\WileyWidget.Tests\bin\Release\net9.0-windows\WileyWidget.Tests.dll" adapterTypeName="executor://xunit/VsTestRunner2/netcoreapp" className="WileyWidget.Tests.EnterpriseTests" name="Enterprise_CurrentRate_Validation" />
    </UnitTest>
    <UnitTest name="WileyWidget.Tests.EnterpriseModelTests.Enterprise_CurrentRate_Validation(rate: 0, shouldBeValid: False)" storage="c:\users\biges\desktop\wiley_widget\wileywidget.tests\bin\release\net9.0-windows\wileywidget.tests.dll" id="e7df05ca-3552-2715-64b0-211740e8ec70">
      <Execution id="4e317b35-65a6-4ba9-a16c-d1ed5645adde" />
      <TestMethod codeBase="C:\Users\biges\Desktop\Wiley_Widget\WileyWidget.Tests\bin\Release\net9.0-windows\WileyWidget.Tests.dll" adapterTypeName="executor://xunit/VsTestRunner2/netcoreapp" className="WileyWidget.Tests.EnterpriseModelTests" name="Enterprise_CurrentRate_Validation" />
    </UnitTest>
    <UnitTest name="WileyWidget.Tests.SettingsServiceTests.SettingsService_Save_CreatesFile" storage="c:\users\biges\desktop\wiley_widget\wileywidget.tests\bin\release\net9.0-windows\wileywidget.tests.dll" id="c888132b-1015-a40a-2843-8a77b9425be8">
      <Execution id="55ece466-7685-4ea9-941e-66b8df5670f9" />
      <TestMethod codeBase="C:\Users\biges\Desktop\Wiley_Widget\WileyWidget.Tests\bin\Release\net9.0-windows\WileyWidget.Tests.dll" adapterTypeName="executor://xunit/VsTestRunner2/netcoreapp" className="WileyWidget.Tests.SettingsServiceTests" name="SettingsService_Save_CreatesFile" />
    </UnitTest>
    <UnitTest name="WileyWidget.Tests.WidgetTests.Widget_FormattedPrice_ReturnsCorrectFormat(price: 99.99, expected: &quot;$99.99&quot;)" storage="c:\users\biges\desktop\wiley_widget\wileywidget.tests\bin\release\net9.0-windows\wileywidget.tests.dll" id="a1485da4-493d-cd3d-9e47-0f99906d1c2c">
      <Execution id="319cca68-6d09-46cc-a87c-6a0371eddd5b" />
      <TestMethod codeBase="C:\Users\biges\Desktop\Wiley_Widget\WileyWidget.Tests\bin\Release\net9.0-windows\WileyWidget.Tests.dll" adapterTypeName="executor://xunit/VsTestRunner2/netcoreapp" className="WileyWidget.Tests.WidgetTests" name="Widget_FormattedPrice_ReturnsCorrectFormat" />
    </UnitTest>
    <UnitTest name="WileyWidget.Tests.MainViewModelTests.SelectNextCommand_SelectsNextWidget" storage="c:\users\biges\desktop\wiley_widget\wileywidget.tests\bin\release\net9.0-windows\wileywidget.tests.dll" id="d72bcf70-eede-0359-7f9b-84883d87f42f">
      <Execution id="9d63aa57-2570-47f4-ab07-afab4dd0a7de" />
      <TestMethod codeBase="C:\Users\biges\Desktop\Wiley_Widget\WileyWidget.Tests\bin\Release\net9.0-windows\WileyWidget.Tests.dll" adapterTypeName="executor://xunit/VsTestRunner2/netcoreapp" className="WileyWidget.Tests.MainViewModelTests" name="SelectNextCommand_SelectsNextWidget" />
    </UnitTest>
    <UnitTest name="WileyWidget.Tests.EnterpriseTests.Enterprise_Name_Validation(name: &quot;&quot;, shouldBeValid: False)" storage="c:\users\biges\desktop\wiley_widget\wileywidget.tests\bin\release\net9.0-windows\wileywidget.tests.dll" id="7fe76a3a-9ac6-6844-b5f7-d4331eae2413">
      <Execution id="f7c8eadc-e4ed-45c7-a4c2-6a22780bd905" />
      <TestMethod codeBase="C:\Users\biges\Desktop\Wiley_Widget\WileyWidget.Tests\bin\Release\net9.0-windows\WileyWidget.Tests.dll" adapterTypeName="executor://xunit/VsTestRunner2/netcoreapp" className="WileyWidget.Tests.EnterpriseTests" name="Enterprise_Name_Validation" />
    </UnitTest>
    <UnitTest name="WileyWidget.Tests.MainViewModelTests.Widgets_Collection_ContainsInitialData" storage="c:\users\biges\desktop\wiley_widget\wileywidget.tests\bin\release\net9.0-windows\wileywidget.tests.dll" id="02a84783-afd8-9efb-6906-833a0d912242">
      <Execution id="f948a4b9-bb50-4369-a5b8-da7599d5bd44" />
      <TestMethod codeBase="C:\Users\biges\Desktop\Wiley_Widget\WileyWidget.Tests\bin\Release\net9.0-windows\WileyWidget.Tests.dll" adapterTypeName="executor://xunit/VsTestRunner2/netcoreapp" className="WileyWidget.Tests.MainViewModelTests" name="Widgets_Collection_ContainsInitialData" />
    </UnitTest>
    <UnitTest name="WileyWidget.Tests.MainWindowUnitTests.UpdateThemeToggleVisuals_MethodExists" storage="c:\users\biges\desktop\wiley_widget\wileywidget.tests\bin\release\net9.0-windows\wileywidget.tests.dll" id="1a019a48-5289-21b6-90e2-05f5df28d217">
      <Execution id="76aa861f-813c-46a9-9441-d979182a8cf7" />
      <TestMethod codeBase="C:\Users\biges\Desktop\Wiley_Widget\WileyWidget.Tests\bin\Release\net9.0-windows\WileyWidget.Tests.dll" adapterTypeName="executor://xunit/VsTestRunner2/netcoreapp" className="WileyWidget.Tests.MainWindowUnitTests" name="UpdateThemeToggleVisuals_MethodExists" />
    </UnitTest>
    <UnitTest name="WileyWidget.Tests.EnterpriseModelTests.Enterprise_Name_Validation(name: &quot;&quot;, shouldBeValid: False)" storage="c:\users\biges\desktop\wiley_widget\wileywidget.tests\bin\release\net9.0-windows\wileywidget.tests.dll" id="10b1ef9a-89d0-7820-4fdf-06d433c43486">
      <Execution id="e89f2a97-e3c3-4126-9d7b-7a2ec1ebb20b" />
      <TestMethod codeBase="C:\Users\biges\Desktop\Wiley_Widget\WileyWidget.Tests\bin\Release\net9.0-windows\WileyWidget.Tests.dll" adapterTypeName="executor://xunit/VsTestRunner2/netcoreapp" className="WileyWidget.Tests.EnterpriseModelTests" name="Enterprise_Name_Validation" />
    </UnitTest>
    <UnitTest name="WileyWidget.Tests.WidgetTests.Widget_Price_Validation(price: -1, shouldBeValid: False)" storage="c:\users\biges\desktop\wiley_widget\wileywidget.tests\bin\release\net9.0-windows\wileywidget.tests.dll" id="7bcc6455-9ef8-ed52-9eb1-702e76df051d">
      <Execution id="8d446d00-21a9-470e-ab15-ee2189bc6118" />
      <TestMethod codeBase="C:\Users\biges\Desktop\Wiley_Widget\WileyWidget.Tests\bin\Release\net9.0-windows\WileyWidget.Tests.dll" adapterTypeName="executor://xunit/VsTestRunner2/netcoreapp" className="WileyWidget.Tests.WidgetTests" name="Widget_Price_Validation" />
    </UnitTest>
    <UnitTest name="WileyWidget.Tests.WidgetTests.Widget_MarkAsModified_UpdatesModifiedDate" storage="c:\users\biges\desktop\wiley_widget\wileywidget.tests\bin\release\net9.0-windows\wileywidget.tests.dll" id="d332a652-b311-2f6e-2247-c3ce44c290ae">
      <Execution id="e993b16d-34c6-4f5c-8972-886e7c60740f" />
      <TestMethod codeBase="C:\Users\biges\Desktop\Wiley_Widget\WileyWidget.Tests\bin\Release\net9.0-windows\WileyWidget.Tests.dll" adapterTypeName="executor://xunit/VsTestRunner2/netcoreapp" className="WileyWidget.Tests.WidgetTests" name="Widget_MarkAsModified_UpdatesModifiedDate" />
    </UnitTest>
    <UnitTest name="WileyWidget.Tests.WidgetTests.Widget_Name_Validation(name: &quot;&quot;, shouldBeValid: False)" storage="c:\users\biges\desktop\wiley_widget\wileywidget.tests\bin\release\net9.0-windows\wileywidget.tests.dll" id="5f349e6c-e09e-70aa-e134-6073e4276708">
      <Execution id="1e7cee90-c7d4-447a-93e7-5dc68c69fbee" />
      <TestMethod codeBase="C:\Users\biges\Desktop\Wiley_Widget\WileyWidget.Tests\bin\Release\net9.0-windows\WileyWidget.Tests.dll" adapterTypeName="executor://xunit/VsTestRunner2/netcoreapp" className="WileyWidget.Tests.WidgetTests" name="Widget_Name_Validation" />
    </UnitTest>
    <UnitTest name="WileyWidget.Tests.BudgetInteractionTests.BudgetInteraction_SecondaryEnterpriseId_CanBeSet" storage="c:\users\biges\desktop\wiley_widget\wileywidget.tests\bin\release\net9.0-windows\wileywidget.tests.dll" id="e5321f6f-e5a1-6e5b-e713-11e01758bd01">
      <Execution id="862547ff-6f19-4b91-8797-809867a6970d" />
      <TestMethod codeBase="C:\Users\biges\Desktop\Wiley_Widget\WileyWidget.Tests\bin\Release\net9.0-windows\WileyWidget.Tests.dll" adapterTypeName="executor://xunit/VsTestRunner2/netcoreapp" className="WileyWidget.Tests.BudgetInteractionTests" name="BudgetInteraction_SecondaryEnterpriseId_CanBeSet" />
    </UnitTest>
    <UnitTest name="WileyWidget.Tests.EnterpriseTests.Enterprise_CalculatedProperties_WorkCorrectly(currentRate: 1, citizenCount: 1000, expenses: 0, expectedBalance: 1000)" storage="c:\users\biges\desktop\wiley_widget\wileywidget.tests\bin\release\net9.0-windows\wileywidget.tests.dll" id="250861d5-9d13-68af-2b01-b8c47d52fcf2">
      <Execution id="50bbdc6a-70f2-416d-aa11-a935eb5097c5" />
      <TestMethod codeBase="C:\Users\biges\Desktop\Wiley_Widget\WileyWidget.Tests\bin\Release\net9.0-windows\WileyWidget.Tests.dll" adapterTypeName="executor://xunit/VsTestRunner2/netcoreapp" className="WileyWidget.Tests.EnterpriseTests" name="Enterprise_CalculatedProperties_WorkCorrectly" />
    </UnitTest>
    <UnitTest name="WileyWidget.Tests.EnterpriseModelTests.Enterprise_BreakEvenRate_HandlesZeroCitizens" storage="c:\users\biges\desktop\wiley_widget\wileywidget.tests\bin\release\net9.0-windows\wileywidget.tests.dll" id="0a00e6cb-49af-1b97-d7b2-bbdf194a8118">
      <Execution id="aedadbd3-cf80-47b0-992d-4a3562e04ddc" />
      <TestMethod codeBase="C:\Users\biges\Desktop\Wiley_Widget\WileyWidget.Tests\bin\Release\net9.0-windows\WileyWidget.Tests.dll" adapterTypeName="executor://xunit/VsTestRunner2/netcoreapp" className="WileyWidget.Tests.EnterpriseModelTests" name="Enterprise_BreakEvenRate_HandlesZeroCitizens" />
    </UnitTest>
    <UnitTest name="WileyWidget.Tests.WidgetTests.Widget_Category_AcceptsVariousValues(category: &quot;Books&quot;)" storage="c:\users\biges\desktop\wiley_widget\wileywidget.tests\bin\release\net9.0-windows\wileywidget.tests.dll" id="974b0525-eec9-9c0d-84c0-1e28bcdfdce9">
      <Execution id="3309087a-ceaf-4d0e-9d62-0ec689fb5b8a" />
      <TestMethod codeBase="C:\Users\biges\Desktop\Wiley_Widget\WileyWidget.Tests\bin\Release\net9.0-windows\WileyWidget.Tests.dll" adapterTypeName="executor://xunit/VsTestRunner2/netcoreapp" className="WileyWidget.Tests.WidgetTests" name="Widget_Category_AcceptsVariousValues" />
    </UnitTest>
    <UnitTest name="WileyWidget.Tests.WidgetTests.Widget_Quantity_Validation(quantity: 0, shouldBeValid: True)" storage="c:\users\biges\desktop\wiley_widget\wileywidget.tests\bin\release\net9.0-windows\wileywidget.tests.dll" id="c0f826c4-a2e8-a2fe-55fc-c1924806102d">
      <Execution id="5ffb235a-bdb2-4c0a-9058-fa41a5371adb" />
      <TestMethod codeBase="C:\Users\biges\Desktop\Wiley_Widget\WileyWidget.Tests\bin\Release\net9.0-windows\WileyWidget.Tests.dll" adapterTypeName="executor://xunit/VsTestRunner2/netcoreapp" className="WileyWidget.Tests.WidgetTests" name="Widget_Quantity_Validation" />
    </UnitTest>
    <UnitTest name="WileyWidget.Tests.DatabaseIntegrationTests.Repository_HandlesLargeDatasetEfficiently" storage="c:\users\biges\desktop\wiley_widget\wileywidget.tests\bin\release\net9.0-windows\wileywidget.tests.dll" id="f0a76b98-d14b-1f50-1a55-b715fcdffb9d">
      <Execution id="fc2cc71b-c27f-446b-9b46-abc65c83cf00" />
      <TestMethod codeBase="C:\Users\biges\Desktop\Wiley_Widget\WileyWidget.Tests\bin\Release\net9.0-windows\WileyWidget.Tests.dll" adapterTypeName="executor://xunit/VsTestRunner2/netcoreapp" className="WileyWidget.Tests.DatabaseIntegrationTests" name="Repository_HandlesLargeDatasetEfficiently" />
    </UnitTest>
    <UnitTest name="WileyWidget.Tests.SettingsServiceTests.SettingsService_Migration_QuickBooksToQbo_Works" storage="c:\users\biges\desktop\wiley_widget\wileywidget.tests\bin\release\net9.0-windows\wileywidget.tests.dll" id="abe5bbbb-5c34-074f-41c7-88d40b3e23b8">
      <Execution id="3361dbb5-bd1e-4246-9fb2-e97a9179ca82" />
      <TestMethod codeBase="C:\Users\biges\Desktop\Wiley_Widget\WileyWidget.Tests\bin\Release\net9.0-windows\WileyWidget.Tests.dll" adapterTypeName="executor://xunit/VsTestRunner2/netcoreapp" className="WileyWidget.Tests.SettingsServiceTests" name="SettingsService_Migration_QuickBooksToQbo_Works" />
    </UnitTest>
    <UnitTest name="WileyWidget.Tests.EnterpriseTests.Enterprise_CurrentRate_Validation(rate: 10000, shouldBeValid: False)" storage="c:\users\biges\desktop\wiley_widget\wileywidget.tests\bin\release\net9.0-windows\wileywidget.tests.dll" id="1d6cc74e-b1aa-d571-8164-59cf85bf66e7">
      <Execution id="d8c6c8a5-4a10-442b-805b-e979f78559e6" />
      <TestMethod codeBase="C:\Users\biges\Desktop\Wiley_Widget\WileyWidget.Tests\bin\Release\net9.0-windows\WileyWidget.Tests.dll" adapterTypeName="executor://xunit/VsTestRunner2/netcoreapp" className="WileyWidget.Tests.EnterpriseTests" name="Enterprise_CurrentRate_Validation" />
    </UnitTest>
    <UnitTest name="WileyWidget.Tests.AppUnitTests.TryScheduleLicenseDialogAutoClose_HandlesDialogScheduling" storage="c:\users\biges\desktop\wiley_widget\wileywidget.tests\bin\release\net9.0-windows\wileywidget.tests.dll" id="20d48984-149e-52a8-e707-e7c8d17f3d51">
      <Execution id="fd95e7bf-b482-4d28-ab82-c6d4ed0f7a2e" />
      <TestMethod codeBase="C:\Users\biges\Desktop\Wiley_Widget\WileyWidget.Tests\bin\Release\net9.0-windows\WileyWidget.Tests.dll" adapterTypeName="executor://xunit/VsTestRunner2/netcoreapp" className="WileyWidget.Tests.AppUnitTests" name="TryScheduleLicenseDialogAutoClose_HandlesDialogScheduling" />
    </UnitTest>
    <UnitTest name="WileyWidget.Tests.WidgetTests.Widget_DisplayName_ReturnsCorrectFormat(name: &quot;Widget Name&quot;, sku: &quot;&quot;, expected: &quot;Widget Name&quot;)" storage="c:\users\biges\desktop\wiley_widget\wileywidget.tests\bin\release\net9.0-windows\wileywidget.tests.dll" id="a535ee6d-f14e-b507-e106-e575e4d351ae">
      <Execution id="e2435880-0e93-4e9a-bec7-09cbe48af262" />
      <TestMethod codeBase="C:\Users\biges\Desktop\Wiley_Widget\WileyWidget.Tests\bin\Release\net9.0-windows\WileyWidget.Tests.dll" adapterTypeName="executor://xunit/VsTestRunner2/netcoreapp" className="WileyWidget.Tests.WidgetTests" name="Widget_DisplayName_ReturnsCorrectFormat" />
    </UnitTest>
    <UnitTest name="WileyWidget.Tests.EnterpriseDatabaseTests.StoredProcedure_InsertAndRetrieveEnterprise_UsingDirectConnection" storage="c:\users\biges\desktop\wiley_widget\wileywidget.tests\bin\release\net9.0-windows\wileywidget.tests.dll" id="d76fce68-3bca-b1a7-0e69-ec7736a35394">
      <Execution id="b69e269e-c0a9-4566-b663-f081b5e05cf0" />
      <TestMethod codeBase="C:\Users\biges\Desktop\Wiley_Widget\WileyWidget.Tests\bin\Release\net9.0-windows\WileyWidget.Tests.dll" adapterTypeName="executor://xunit/VsTestRunner2/netcoreapp" className="WileyWidget.Tests.EnterpriseDatabaseTests" name="StoredProcedure_InsertAndRetrieveEnterprise_UsingDirectConnection" />
    </UnitTest>
    <UnitTest name="WileyWidget.Tests.AppUnitTests.ConfigureLogging_SetsUpLoggerCorrectly" storage="c:\users\biges\desktop\wiley_widget\wileywidget.tests\bin\release\net9.0-windows\wileywidget.tests.dll" id="ef0f0bc6-05a9-f4ec-9eaa-324bcd7d0328">
      <Execution id="8e968fc1-10f3-4fa7-9992-2586d45d25fe" />
      <TestMethod codeBase="C:\Users\biges\Desktop\Wiley_Widget\WileyWidget.Tests\bin\Release\net9.0-windows\WileyWidget.Tests.dll" adapterTypeName="executor://xunit/VsTestRunner2/netcoreapp" className="WileyWidget.Tests.AppUnitTests" name="ConfigureLogging_SetsUpLoggerCorrectly" />
    </UnitTest>
    <UnitTest name="WileyWidget.Tests.BudgetAnalyticsTests.BudgetMetrics_ReturnsCorrectStatus_BreakEven" storage="c:\users\biges\desktop\wiley_widget\wileywidget.tests\bin\release\net9.0-windows\wileywidget.tests.dll" id="19841e8f-f411-41cb-ae2b-9bc38aa5560d">
      <Execution id="38b9f629-fcdd-4082-be5a-74b9370ffc66" />
      <TestMethod codeBase="C:\Users\biges\Desktop\Wiley_Widget\WileyWidget.Tests\bin\Release\net9.0-windows\WileyWidget.Tests.dll" adapterTypeName="executor://xunit/VsTestRunner2/netcoreapp" className="WileyWidget.Tests.BudgetAnalyticsTests" name="BudgetMetrics_ReturnsCorrectStatus_BreakEven" />
    </UnitTest>
    <UnitTest name="WileyWidget.Tests.WidgetTests.Widget_DisplayName_ReturnsCorrectFormat(name: &quot;Widget Name&quot;, sku: &quot;SKU-001&quot;, expected: &quot;Widget Name (SKU-001)&quot;)" storage="c:\users\biges\desktop\wiley_widget\wileywidget.tests\bin\release\net9.0-windows\wileywidget.tests.dll" id="20fc74fb-086b-510b-ae28-7341d9a3029b">
      <Execution id="509152e3-58ce-4d76-b9eb-2e0966c279f8" />
      <TestMethod codeBase="C:\Users\biges\Desktop\Wiley_Widget\WileyWidget.Tests\bin\Release\net9.0-windows\WileyWidget.Tests.dll" adapterTypeName="executor://xunit/VsTestRunner2/netcoreapp" className="WileyWidget.Tests.WidgetTests" name="Widget_DisplayName_ReturnsCorrectFormat" />
    </UnitTest>
    <UnitTest name="WileyWidget.Tests.MainWindowUnitTests.VerifySpecificSyncfusionControls_MethodExists" storage="c:\users\biges\desktop\wiley_widget\wileywidget.tests\bin\release\net9.0-windows\wileywidget.tests.dll" id="83034d6a-ea47-0b26-b3c3-520cb2f8b99c">
      <Execution id="f3a2ac3a-1e4e-4249-b11b-4060a76dbc10" />
      <TestMethod codeBase="C:\Users\biges\Desktop\Wiley_Widget\WileyWidget.Tests\bin\Release\net9.0-windows\WileyWidget.Tests.dll" adapterTypeName="executor://xunit/VsTestRunner2/netcoreapp" className="WileyWidget.Tests.MainWindowUnitTests" name="VerifySpecificSyncfusionControls_MethodExists" />
    </UnitTest>
    <UnitTest name="WileyWidget.Tests.BudgetInteractionTests.BudgetInteraction_MonthlyAmount_Validation(amount: 0, shouldBeValid: True)" storage="c:\users\biges\desktop\wiley_widget\wileywidget.tests\bin\release\net9.0-windows\wileywidget.tests.dll" id="9d53fc33-d776-6625-1b0a-4b6f01111549">
      <Execution id="1b278aa0-1121-4e3d-9e33-c8aace80e524" />
      <TestMethod codeBase="C:\Users\biges\Desktop\Wiley_Widget\WileyWidget.Tests\bin\Release\net9.0-windows\WileyWidget.Tests.dll" adapterTypeName="executor://xunit/VsTestRunner2/netcoreapp" className="WileyWidget.Tests.BudgetInteractionTests" name="BudgetInteraction_MonthlyAmount_Validation" />
    </UnitTest>
    <UnitTest name="WileyWidget.Tests.EnterpriseTests.Enterprise_Name_Validation(name: &quot;Valid Name&quot;, shouldBeValid: True)" storage="c:\users\biges\desktop\wiley_widget\wileywidget.tests\bin\release\net9.0-windows\wileywidget.tests.dll" id="cb3b465a-00da-a1e4-c2c6-1368be36d3e5">
      <Execution id="bd18656c-c50b-415f-8208-73482174a7ff" />
      <TestMethod codeBase="C:\Users\biges\Desktop\Wiley_Widget\WileyWidget.Tests\bin\Release\net9.0-windows\WileyWidget.Tests.dll" adapterTypeName="executor://xunit/VsTestRunner2/netcoreapp" className="WileyWidget.Tests.EnterpriseTests" name="Enterprise_Name_Validation" />
    </UnitTest>
    <UnitTest name="WileyWidget.Tests.BudgetInteractionTests.BudgetInteraction_InteractionType_Validation(type: null, shouldBeValid: False)" storage="c:\users\biges\desktop\wiley_widget\wileywidget.tests\bin\release\net9.0-windows\wileywidget.tests.dll" id="e4fcf31a-94fb-bdf3-84e1-475471212d0f">
      <Execution id="f61230d6-2487-4103-90e1-8b69c0231744" />
      <TestMethod codeBase="C:\Users\biges\Desktop\Wiley_Widget\WileyWidget.Tests\bin\Release\net9.0-windows\WileyWidget.Tests.dll" adapterTypeName="executor://xunit/VsTestRunner2/netcoreapp" className="WileyWidget.Tests.BudgetInteractionTests" name="BudgetInteraction_InteractionType_Validation" />
    </UnitTest>
    <UnitTest name="WileyWidget.Tests.EnterpriseModelTests.Enterprise_BudgetStatus_ReturnsCorrectStatus(revenue: 2000, expenses: 2500, expectedStatus: &quot;Deficit&quot;)" storage="c:\users\biges\desktop\wiley_widget\wileywidget.tests\bin\release\net9.0-windows\wileywidget.tests.dll" id="8d616601-23ef-0d6f-a99d-c5f9d126d4fa">
      <Execution id="ff742fee-0c52-4559-a3ff-acfe8872644f" />
      <TestMethod codeBase="C:\Users\biges\Desktop\Wiley_Widget\WileyWidget.Tests\bin\Release\net9.0-windows\WileyWidget.Tests.dll" adapterTypeName="executor://xunit/VsTestRunner2/netcoreapp" className="WileyWidget.Tests.EnterpriseModelTests" name="Enterprise_BudgetStatus_ReturnsCorrectStatus" />
    </UnitTest>
    <UnitTest name="WileyWidget.Tests.BudgetAnalyticsTests.BudgetMetrics_StatusBackground_ReturnsCorrectColor" storage="c:\users\biges\desktop\wiley_widget\wileywidget.tests\bin\release\net9.0-windows\wileywidget.tests.dll" id="59042f06-6aea-38ed-f31b-f481b684060f">
      <Execution id="ae3eeda2-7946-4fec-9ca4-9bc7e9fa248f" />
      <TestMethod codeBase="C:\Users\biges\Desktop\Wiley_Widget\WileyWidget.Tests\bin\Release\net9.0-windows\WileyWidget.Tests.dll" adapterTypeName="executor://xunit/VsTestRunner2/netcoreapp" className="WileyWidget.Tests.BudgetAnalyticsTests" name="BudgetMetrics_StatusBackground_ReturnsCorrectColor" />
    </UnitTest>
    <UnitTest name="WileyWidget.Tests.WidgetTests.Widget_DisplayName_ReturnsCorrectFormat(name: &quot;Widget Name&quot;, sku: null, expected: &quot;Widget Name&quot;)" storage="c:\users\biges\desktop\wiley_widget\wileywidget.tests\bin\release\net9.0-windows\wileywidget.tests.dll" id="510fe505-3d5e-fa04-5438-1019c48dc099">
      <Execution id="bc5ef8fc-3a1d-436d-8780-46a29cf8ce17" />
      <TestMethod codeBase="C:\Users\biges\Desktop\Wiley_Widget\WileyWidget.Tests\bin\Release\net9.0-windows\WileyWidget.Tests.dll" adapterTypeName="executor://xunit/VsTestRunner2/netcoreapp" className="WileyWidget.Tests.WidgetTests" name="Widget_DisplayName_ReturnsCorrectFormat" />
    </UnitTest>
    <UnitTest name="WileyWidget.Tests.EnterpriseDatabaseTests.QueryEnterpriseByName_ReturnsCorrectData_UsingDirectConnection" storage="c:\users\biges\desktop\wiley_widget\wileywidget.tests\bin\release\net9.0-windows\wileywidget.tests.dll" id="cda48384-02ec-e8bf-7f92-391e842be3cc">
      <Execution id="d9982b86-5770-445b-aae6-79eadab3426b" />
      <TestMethod codeBase="C:\Users\biges\Desktop\Wiley_Widget\WileyWidget.Tests\bin\Release\net9.0-windows\WileyWidget.Tests.dll" adapterTypeName="executor://xunit/VsTestRunner2/netcoreapp" className="WileyWidget.Tests.EnterpriseDatabaseTests" name="QueryEnterpriseByName_ReturnsCorrectData_UsingDirectConnection" />
    </UnitTest>
    <UnitTest name="WileyWidget.Tests.MainViewModelTests.QuickBooksCustomers_Collection_IsObservable" storage="c:\users\biges\desktop\wiley_widget\wileywidget.tests\bin\release\net9.0-windows\wileywidget.tests.dll" id="8b1e5a88-d61f-8bfb-af7a-001ec194b46c">
      <Execution id="b005da8c-5198-43a0-a0c5-a1cbeea6ac0f" />
      <TestMethod codeBase="C:\Users\biges\Desktop\Wiley_Widget\WileyWidget.Tests\bin\Release\net9.0-windows\WileyWidget.Tests.dll" adapterTypeName="executor://xunit/VsTestRunner2/netcoreapp" className="WileyWidget.Tests.MainViewModelTests" name="QuickBooksCustomers_Collection_IsObservable" />
    </UnitTest>
    <UnitTest name="WileyWidget.Tests.EnterpriseModelTests.Enterprise_MonthlyBalance_CalculatesCorrectly" storage="c:\users\biges\desktop\wiley_widget\wileywidget.tests\bin\release\net9.0-windows\wileywidget.tests.dll" id="7e338c26-7d68-229c-5870-5a210a219a3a">
      <Execution id="19f9b1fa-5b00-44d7-a2e1-7c6bee8bbb70" />
      <TestMethod codeBase="C:\Users\biges\Desktop\Wiley_Widget\WileyWidget.Tests\bin\Release\net9.0-windows\WileyWidget.Tests.dll" adapterTypeName="executor://xunit/VsTestRunner2/netcoreapp" className="WileyWidget.Tests.EnterpriseModelTests" name="Enterprise_MonthlyBalance_CalculatesCorrectly" />
    </UnitTest>
    <UnitTest name="WileyWidget.Tests.AppUnitTests.RegisterSyncfusionLicense_WithPlaceholderConfigKey_FallsBackToEnvironment" storage="c:\users\biges\desktop\wiley_widget\wileywidget.tests\bin\release\net9.0-windows\wileywidget.tests.dll" id="2eed4695-e3e7-5a59-502b-92e7e53fb8f1">
      <Execution id="ce2c4ffe-1937-414f-86f6-8a93c4ed1034" />
      <TestMethod codeBase="C:\Users\biges\Desktop\Wiley_Widget\WileyWidget.Tests\bin\Release\net9.0-windows\WileyWidget.Tests.dll" adapterTypeName="executor://xunit/VsTestRunner2/netcoreapp" className="WileyWidget.Tests.AppUnitTests" name="RegisterSyncfusionLicense_WithPlaceholderConfigKey_FallsBackToEnvironment" />
    </UnitTest>
    <UnitTest name="WileyWidget.Tests.WidgetTests.Widget_Name_Validation(name: &quot;Valid Name&quot;, shouldBeValid: True)" storage="c:\users\biges\desktop\wiley_widget\wileywidget.tests\bin\release\net9.0-windows\wileywidget.tests.dll" id="668e1389-6a17-867c-cc8c-409430f2326f">
      <Execution id="4a09c22e-49f6-45c4-a722-6c25348d8b18" />
      <TestMethod codeBase="C:\Users\biges\Desktop\Wiley_Widget\WileyWidget.Tests\bin\Release\net9.0-windows\WileyWidget.Tests.dll" adapterTypeName="executor://xunit/VsTestRunner2/netcoreapp" className="WileyWidget.Tests.WidgetTests" name="Widget_Name_Validation" />
    </UnitTest>
    <UnitTest name="WileyWidget.Tests.SettingsServiceTests.SettingsService_ResetForTests_Works" storage="c:\users\biges\desktop\wiley_widget\wileywidget.tests\bin\release\net9.0-windows\wileywidget.tests.dll" id="4bf0c2ec-7a7c-f8d8-6f1c-1f46f24b0af1">
      <Execution id="c02a2cfc-b26a-4f8a-b093-51ba4354edad" />
      <TestMethod codeBase="C:\Users\biges\Desktop\Wiley_Widget\WileyWidget.Tests\bin\Release\net9.0-windows\WileyWidget.Tests.dll" adapterTypeName="executor://xunit/VsTestRunner2/netcoreapp" className="WileyWidget.Tests.SettingsServiceTests" name="SettingsService_ResetForTests_Works" />
    </UnitTest>
    <UnitTest name="WileyWidget.Tests.WidgetTests.Widget_Creation_WithValidData_Succeeds" storage="c:\users\biges\desktop\wiley_widget\wileywidget.tests\bin\release\net9.0-windows\wileywidget.tests.dll" id="4a11ecda-ef05-73a1-b1d1-c3284d3e4afa">
      <Execution id="712dd031-56f1-4a5c-b933-106390a213a5" />
      <TestMethod codeBase="C:\Users\biges\Desktop\Wiley_Widget\WileyWidget.Tests\bin\Release\net9.0-windows\WileyWidget.Tests.dll" adapterTypeName="executor://xunit/VsTestRunner2/netcoreapp" className="WileyWidget.Tests.WidgetTests" name="Widget_Creation_WithValidData_Succeeds" />
    </UnitTest>
    <UnitTest name="WileyWidget.Tests.BudgetAnalyticsTests.BudgetInsights_AlwaysIncludesGeneralRecommendations" storage="c:\users\biges\desktop\wiley_widget\wileywidget.tests\bin\release\net9.0-windows\wileywidget.tests.dll" id="efe067a6-c350-5edd-6794-b1c41a457952">
      <Execution id="68aad6c3-8e5c-4236-9170-7a3f9412ed55" />
      <TestMethod codeBase="C:\Users\biges\Desktop\Wiley_Widget\WileyWidget.Tests\bin\Release\net9.0-windows\WileyWidget.Tests.dll" adapterTypeName="executor://xunit/VsTestRunner2/netcoreapp" className="WileyWidget.Tests.BudgetAnalyticsTests" name="BudgetInsights_AlwaysIncludesGeneralRecommendations" />
    </UnitTest>
    <UnitTest name="WileyWidget.Tests.SettingsServiceTests.SettingsService_Load_HandlesMissingFile" storage="c:\users\biges\desktop\wiley_widget\wileywidget.tests\bin\release\net9.0-windows\wileywidget.tests.dll" id="e72511ca-5da4-5e68-e2df-554a43fc47aa">
      <Execution id="884b8517-25e9-4aac-a455-b1ec0b972868" />
      <TestMethod codeBase="C:\Users\biges\Desktop\Wiley_Widget\WileyWidget.Tests\bin\Release\net9.0-windows\WileyWidget.Tests.dll" adapterTypeName="executor://xunit/VsTestRunner2/netcoreapp" className="WileyWidget.Tests.SettingsServiceTests" name="SettingsService_Load_HandlesMissingFile" />
    </UnitTest>
    <UnitTest name="WileyWidget.Tests.MainWindowUnitTests.NormalizeTheme_WithLowerCase_ReturnsNormalized" storage="c:\users\biges\desktop\wiley_widget\wileywidget.tests\bin\release\net9.0-windows\wileywidget.tests.dll" id="4ae2e854-082e-d2d9-91f7-448e1ba75efb">
      <Execution id="b3785b67-865f-4447-8b14-064b04d28e64" />
      <TestMethod codeBase="C:\Users\biges\Desktop\Wiley_Widget\WileyWidget.Tests\bin\Release\net9.0-windows\WileyWidget.Tests.dll" adapterTypeName="executor://xunit/VsTestRunner2/netcoreapp" className="WileyWidget.Tests.MainWindowUnitTests" name="NormalizeTheme_WithLowerCase_ReturnsNormalized" />
    </UnitTest>
    <UnitTest name="WileyWidget.Tests.EnterpriseModelTests.Enterprise_CitizenCount_Validation(citizenCount: 0, shouldBeValid: False)" storage="c:\users\biges\desktop\wiley_widget\wileywidget.tests\bin\release\net9.0-windows\wileywidget.tests.dll" id="73c56291-a896-78c5-1d0e-13918f0ef198">
      <Execution id="ebb3e49e-5d88-4500-a8c0-86edbf3350a2" />
      <TestMethod codeBase="C:\Users\biges\Desktop\Wiley_Widget\WileyWidget.Tests\bin\Release\net9.0-windows\WileyWidget.Tests.dll" adapterTypeName="executor://xunit/VsTestRunner2/netcoreapp" className="WileyWidget.Tests.EnterpriseModelTests" name="Enterprise_CitizenCount_Validation" />
    </UnitTest>
    <UnitTest name="WileyWidget.Tests.WidgetTests.Widget_Category_AcceptsVariousValues(category: &quot;Electronics&quot;)" storage="c:\users\biges\desktop\wiley_widget\wileywidget.tests\bin\release\net9.0-windows\wileywidget.tests.dll" id="cbeada98-fd74-8e95-0798-e8d59013190d">
      <Execution id="bddf3363-2318-475d-afa6-57a28cc49c6a" />
      <TestMethod codeBase="C:\Users\biges\Desktop\Wiley_Widget\WileyWidget.Tests\bin\Release\net9.0-windows\WileyWidget.Tests.dll" adapterTypeName="executor://xunit/VsTestRunner2/netcoreapp" className="WileyWidget.Tests.WidgetTests" name="Widget_Category_AcceptsVariousValues" />
    </UnitTest>
    <UnitTest name="WileyWidget.Tests.DatabaseIntegrationTests.Repository_HandlesCalculatedPropertiesCorrectly" storage="c:\users\biges\desktop\wiley_widget\wileywidget.tests\bin\release\net9.0-windows\wileywidget.tests.dll" id="6f8045c6-6937-39f1-af17-4e72f663e3b7">
      <Execution id="8b812a59-80d7-4ca0-bc7d-9baec1e1a13c" />
      <TestMethod codeBase="C:\Users\biges\Desktop\Wiley_Widget\WileyWidget.Tests\bin\Release\net9.0-windows\WileyWidget.Tests.dll" adapterTypeName="executor://xunit/VsTestRunner2/netcoreapp" className="WileyWidget.Tests.DatabaseIntegrationTests" name="Repository_HandlesCalculatedPropertiesCorrectly" />
    </UnitTest>
    <UnitTest name="WileyWidget.Tests.BudgetAnalyticsTests.BudgetInsights_IncludesCitizenAverageRevenue" storage="c:\users\biges\desktop\wiley_widget\wileywidget.tests\bin\release\net9.0-windows\wileywidget.tests.dll" id="be33b031-b799-d68d-9ac7-4be6a20a63bc">
      <Execution id="573a994b-3b51-4354-af74-a375ff295304" />
      <TestMethod codeBase="C:\Users\biges\Desktop\Wiley_Widget\WileyWidget.Tests\bin\Release\net9.0-windows\WileyWidget.Tests.dll" adapterTypeName="executor://xunit/VsTestRunner2/netcoreapp" className="WileyWidget.Tests.BudgetAnalyticsTests" name="BudgetInsights_IncludesCitizenAverageRevenue" />
    </UnitTest>
    <UnitTest name="WileyWidget.Tests.EnterpriseTests.Enterprise_Name_Validation(name: null, shouldBeValid: False)" storage="c:\users\biges\desktop\wiley_widget\wileywidget.tests\bin\release\net9.0-windows\wileywidget.tests.dll" id="e82f29b2-da2d-1de7-97e4-1ecb0f1224d5">
      <Execution id="6e7b1714-b866-413f-b2bc-166e86734f33" />
      <TestMethod codeBase="C:\Users\biges\Desktop\Wiley_Widget\WileyWidget.Tests\bin\Release\net9.0-windows\WileyWidget.Tests.dll" adapterTypeName="executor://xunit/VsTestRunner2/netcoreapp" className="WileyWidget.Tests.EnterpriseTests" name="Enterprise_Name_Validation" />
    </UnitTest>
    <UnitTest name="WileyWidget.Tests.BudgetInteractionTests.BudgetInteraction_InteractionType_Validation(type: &quot;Transfer&quot;, shouldBeValid: True)" storage="c:\users\biges\desktop\wiley_widget\wileywidget.tests\bin\release\net9.0-windows\wileywidget.tests.dll" id="40809d6b-32d3-2519-3f96-4116b092b054">
      <Execution id="f7212f39-4514-4fe1-a72c-1013e2abaafc" />
      <TestMethod codeBase="C:\Users\biges\Desktop\Wiley_Widget\WileyWidget.Tests\bin\Release\net9.0-windows\WileyWidget.Tests.dll" adapterTypeName="executor://xunit/VsTestRunner2/netcoreapp" className="WileyWidget.Tests.BudgetInteractionTests" name="BudgetInteraction_InteractionType_Validation" />
    </UnitTest>
    <UnitTest name="WileyWidget.Tests.EnterpriseTests.Enterprise_CurrentRate_Validation(rate: 1000, shouldBeValid: True)" storage="c:\users\biges\desktop\wiley_widget\wileywidget.tests\bin\release\net9.0-windows\wileywidget.tests.dll" id="bab73118-bcc5-733a-969d-4c306d5de5ef">
      <Execution id="80ed4af4-accd-4ebd-9ecb-fa437acad25d" />
      <TestMethod codeBase="C:\Users\biges\Desktop\Wiley_Widget\WileyWidget.Tests\bin\Release\net9.0-windows\WileyWidget.Tests.dll" adapterTypeName="executor://xunit/VsTestRunner2/netcoreapp" className="WileyWidget.Tests.EnterpriseTests" name="Enterprise_CurrentRate_Validation" />
    </UnitTest>
    <UnitTest name="WileyWidget.Tests.EnterpriseModelTests.Enterprise_Creation_WithValidData_Succeeds" storage="c:\users\biges\desktop\wiley_widget\wileywidget.tests\bin\release\net9.0-windows\wileywidget.tests.dll" id="a72d91bf-1ba0-06c7-1002-ab2af50818f2">
      <Execution id="e83a00a9-bf00-407f-baaf-0ac4a1684fa7" />
      <TestMethod codeBase="C:\Users\biges\Desktop\Wiley_Widget\WileyWidget.Tests\bin\Release\net9.0-windows\WileyWidget.Tests.dll" adapterTypeName="executor://xunit/VsTestRunner2/netcoreapp" className="WileyWidget.Tests.EnterpriseModelTests" name="Enterprise_Creation_WithValidData_Succeeds" />
    </UnitTest>
    <UnitTest name="WileyWidget.Tests.BudgetInteractionTests.BudgetInteraction_Description_Validation(description: &quot;&quot;, shouldBeValid: False)" storage="c:\users\biges\desktop\wiley_widget\wileywidget.tests\bin\release\net9.0-windows\wileywidget.tests.dll" id="d952c50c-d956-1f7c-9b09-2b7891193ead">
      <Execution id="d529e20c-5730-417f-ba12-1f69df451d25" />
      <TestMethod codeBase="C:\Users\biges\Desktop\Wiley_Widget\WileyWidget.Tests\bin\Release\net9.0-windows\WileyWidget.Tests.dll" adapterTypeName="executor://xunit/VsTestRunner2/netcoreapp" className="WileyWidget.Tests.BudgetInteractionTests" name="BudgetInteraction_Description_Validation" />
    </UnitTest>
    <UnitTest name="WileyWidget.Tests.EnterpriseModelTests.Enterprise_CurrentRate_Validation(rate: -1, shouldBeValid: False)" storage="c:\users\biges\desktop\wiley_widget\wileywidget.tests\bin\release\net9.0-windows\wileywidget.tests.dll" id="80a94af4-7913-fd5c-01c4-b92eec2e4015">
      <Execution id="1173b193-1e7f-49ba-8b38-45bc51723d55" />
      <TestMethod codeBase="C:\Users\biges\Desktop\Wiley_Widget\WileyWidget.Tests\bin\Release\net9.0-windows\WileyWidget.Tests.dll" adapterTypeName="executor://xunit/VsTestRunner2/netcoreapp" className="WileyWidget.Tests.EnterpriseModelTests" name="Enterprise_CurrentRate_Validation" />
    </UnitTest>
    <UnitTest name="WileyWidget.Tests.EnterpriseTests.Enterprise_CalculatedProperties_WorkCorrectly(currentRate: 1.5, citizenCount: 1000, expenses: 500, expectedBalance: 1000)" storage="c:\users\biges\desktop\wiley_widget\wileywidget.tests\bin\release\net9.0-windows\wileywidget.tests.dll" id="b7c1d19c-bee4-911c-3a8a-0800f7a4f194">
      <Execution id="44283583-bc8c-4fce-961b-4e64c1c47fec" />
      <TestMethod codeBase="C:\Users\biges\Desktop\Wiley_Widget\WileyWidget.Tests\bin\Release\net9.0-windows\WileyWidget.Tests.dll" adapterTypeName="executor://xunit/VsTestRunner2/netcoreapp" className="WileyWidget.Tests.EnterpriseTests" name="Enterprise_CalculatedProperties_WorkCorrectly" />
    </UnitTest>
    <UnitTest name="WileyWidget.Tests.WidgetTests.Widget_DisplayName_ReturnsCorrectFormat(name: &quot;Widget Name&quot;, sku: &quot;   &quot;, expected: &quot;Widget Name&quot;)" storage="c:\users\biges\desktop\wiley_widget\wileywidget.tests\bin\release\net9.0-windows\wileywidget.tests.dll" id="25b8fb25-b35c-750d-fc82-a043fadd7008">
      <Execution id="b868cb9a-ef57-49e4-bdc7-8ce8df53ac7b" />
      <TestMethod codeBase="C:\Users\biges\Desktop\Wiley_Widget\WileyWidget.Tests\bin\Release\net9.0-windows\WileyWidget.Tests.dll" adapterTypeName="executor://xunit/VsTestRunner2/netcoreapp" className="WileyWidget.Tests.WidgetTests" name="Widget_DisplayName_ReturnsCorrectFormat" />
    </UnitTest>
    <UnitTest name="WileyWidget.Tests.WidgetTests.Widget_Name_Validation(name: &quot;A&quot;, shouldBeValid: True)" storage="c:\users\biges\desktop\wiley_widget\wileywidget.tests\bin\release\net9.0-windows\wileywidget.tests.dll" id="5903b2e2-620c-d805-6dec-cff9749cf54d">
      <Execution id="f079292c-2001-43be-a55d-ac8d2fa01d86" />
      <TestMethod codeBase="C:\Users\biges\Desktop\Wiley_Widget\WileyWidget.Tests\bin\Release\net9.0-windows\WileyWidget.Tests.dll" adapterTypeName="executor://xunit/VsTestRunner2/netcoreapp" className="WileyWidget.Tests.WidgetTests" name="Widget_Name_Validation" />
    </UnitTest>
    <UnitTest name="WileyWidget.Tests.BudgetInteractionTests.BudgetInteraction_SecondaryEnterpriseId_CanBeNull" storage="c:\users\biges\desktop\wiley_widget\wileywidget.tests\bin\release\net9.0-windows\wileywidget.tests.dll" id="2f6535a3-ca21-5a5e-d2ea-27f9db0d9635">
      <Execution id="b063d93c-3d5d-444f-bf27-cc99377cc69d" />
      <TestMethod codeBase="C:\Users\biges\Desktop\Wiley_Widget\WileyWidget.Tests\bin\Release\net9.0-windows\WileyWidget.Tests.dll" adapterTypeName="executor://xunit/VsTestRunner2/netcoreapp" className="WileyWidget.Tests.BudgetInteractionTests" name="BudgetInteraction_SecondaryEnterpriseId_CanBeNull" />
    </UnitTest>
    <UnitTest name="WileyWidget.Tests.EnterpriseModelTests.Enterprise_Name_Validation(name: &quot;Valid Name&quot;, shouldBeValid: True)" storage="c:\users\biges\desktop\wiley_widget\wileywidget.tests\bin\release\net9.0-windows\wileywidget.tests.dll" id="266048de-3f2b-fdbd-2e09-1b7eae8e8964">
      <Execution id="18ccf1ec-47c4-4f08-ba00-d6806d290d9b" />
      <TestMethod codeBase="C:\Users\biges\Desktop\Wiley_Widget\WileyWidget.Tests\bin\Release\net9.0-windows\WileyWidget.Tests.dll" adapterTypeName="executor://xunit/VsTestRunner2/netcoreapp" className="WileyWidget.Tests.EnterpriseModelTests" name="Enterprise_Name_Validation" />
    </UnitTest>
    <UnitTest name="WileyWidget.Tests.BudgetInteractionTests.BudgetInteraction_Notes_Validation(notes: &quot;Normal length notes&quot;, shouldBeValid: True)" storage="c:\users\biges\desktop\wiley_widget\wileywidget.tests\bin\release\net9.0-windows\wileywidget.tests.dll" id="6cdef057-5472-5dc2-1e24-0c140874339b">
      <Execution id="4ba05e24-61d3-4084-8bd1-d0c0948c8881" />
      <TestMethod codeBase="C:\Users\biges\Desktop\Wiley_Widget\WileyWidget.Tests\bin\Release\net9.0-windows\WileyWidget.Tests.dll" adapterTypeName="executor://xunit/VsTestRunner2/netcoreapp" className="WileyWidget.Tests.BudgetInteractionTests" name="BudgetInteraction_Notes_Validation" />
    </UnitTest>
    <UnitTest name="WileyWidget.Tests.EnterpriseTests.Enterprise_Validation_HandlesMultipleErrors" storage="c:\users\biges\desktop\wiley_widget\wileywidget.tests\bin\release\net9.0-windows\wileywidget.tests.dll" id="4a107ce6-33da-a97e-bc39-9415fc198e08">
      <Execution id="16651a21-118b-43b7-aedc-ced3a0306f9e" />
      <TestMethod codeBase="C:\Users\biges\Desktop\Wiley_Widget\WileyWidget.Tests\bin\Release\net9.0-windows\WileyWidget.Tests.dll" adapterTypeName="executor://xunit/VsTestRunner2/netcoreapp" className="WileyWidget.Tests.EnterpriseTests" name="Enterprise_Validation_HandlesMultipleErrors" />
    </UnitTest>
    <UnitTest name="WileyWidget.Tests.DatabaseIntegrationTests.AddAsync_AddsEnterpriseToDatabase" storage="c:\users\biges\desktop\wiley_widget\wileywidget.tests\bin\release\net9.0-windows\wileywidget.tests.dll" id="1340ffff-d167-8c9f-1446-195b0fb1d86f">
      <Execution id="18e0ac5f-79c5-42e5-9062-72e6172d47c3" />
      <TestMethod codeBase="C:\Users\biges\Desktop\Wiley_Widget\WileyWidget.Tests\bin\Release\net9.0-windows\WileyWidget.Tests.dll" adapterTypeName="executor://xunit/VsTestRunner2/netcoreapp" className="WileyWidget.Tests.DatabaseIntegrationTests" name="AddAsync_AddsEnterpriseToDatabase" />
    </UnitTest>
    <UnitTest name="WileyWidget.Tests.DatabaseIntegrationTests.Repository_ValidatesRequiredFields" storage="c:\users\biges\desktop\wiley_widget\wileywidget.tests\bin\release\net9.0-windows\wileywidget.tests.dll" id="97655ffa-dca1-a12a-5ad2-019d9211febe">
      <Execution id="84968876-19a9-4b13-8ca8-0f8e33ac7431" />
      <TestMethod codeBase="C:\Users\biges\Desktop\Wiley_Widget\WileyWidget.Tests\bin\Release\net9.0-windows\WileyWidget.Tests.dll" adapterTypeName="executor://xunit/VsTestRunner2/netcoreapp" className="WileyWidget.Tests.DatabaseIntegrationTests" name="Repository_ValidatesRequiredFields" />
    </UnitTest>
    <UnitTest name="WileyWidget.Tests.WidgetTests.Widget_Quantity_Validation(quantity: 100, shouldBeValid: True)" storage="c:\users\biges\desktop\wiley_widget\wileywidget.tests\bin\release\net9.0-windows\wileywidget.tests.dll" id="d6a8afd6-4dff-6792-90e1-49cce70d3116">
      <Execution id="6dd70a56-207c-4099-84cf-acc3acc383f6" />
      <TestMethod codeBase="C:\Users\biges\Desktop\Wiley_Widget\WileyWidget.Tests\bin\Release\net9.0-windows\WileyWidget.Tests.dll" adapterTypeName="executor://xunit/VsTestRunner2/netcoreapp" className="WileyWidget.Tests.WidgetTests" name="Widget_Quantity_Validation" />
    </UnitTest>
    <UnitTest name="WileyWidget.Tests.MainViewModelTests.AddEnterpriseCommand_AddsNewEnterprise" storage="c:\users\biges\desktop\wiley_widget\wileywidget.tests\bin\release\net9.0-windows\wileywidget.tests.dll" id="9f5c146e-0566-da9b-266b-e05a1f45f5d6">
      <Execution id="1019d3ba-5682-47f1-9692-5fe98bd8c127" />
      <TestMethod codeBase="C:\Users\biges\Desktop\Wiley_Widget\WileyWidget.Tests\bin\Release\net9.0-windows\WileyWidget.Tests.dll" adapterTypeName="executor://xunit/VsTestRunner2/netcoreapp" className="WileyWidget.Tests.MainViewModelTests" name="AddEnterpriseCommand_AddsNewEnterprise" />
    </UnitTest>
    <UnitTest name="WileyWidget.Tests.SettingsServiceTests.SettingsService_Load_ReadsFileCorrectly" storage="c:\users\biges\desktop\wiley_widget\wileywidget.tests\bin\release\net9.0-windows\wileywidget.tests.dll" id="33627335-316c-cbc4-3f2e-4374d3f98bd0">
      <Execution id="3270308e-c36e-435b-badf-a77c5338ff3e" />
      <TestMethod codeBase="C:\Users\biges\Desktop\Wiley_Widget\WileyWidget.Tests\bin\Release\net9.0-windows\WileyWidget.Tests.dll" adapterTypeName="executor://xunit/VsTestRunner2/netcoreapp" className="WileyWidget.Tests.SettingsServiceTests" name="SettingsService_Load_ReadsFileCorrectly" />
    </UnitTest>
    <UnitTest name="WileyWidget.Tests.BudgetAnalyticsTests.BudgetMetrics_CalculatesMonthlyBalanceCorrectly" storage="c:\users\biges\desktop\wiley_widget\wileywidget.tests\bin\release\net9.0-windows\wileywidget.tests.dll" id="3c697a19-d738-59c1-c19c-a483654a946e">
      <Execution id="14d94529-a009-417d-8056-344af4c6cbdb" />
      <TestMethod codeBase="C:\Users\biges\Desktop\Wiley_Widget\WileyWidget.Tests\bin\Release\net9.0-windows\WileyWidget.Tests.dll" adapterTypeName="executor://xunit/VsTestRunner2/netcoreapp" className="WileyWidget.Tests.BudgetAnalyticsTests" name="BudgetMetrics_CalculatesMonthlyBalanceCorrectly" />
    </UnitTest>
    <UnitTest name="WileyWidget.Tests.EnterpriseModelTests.Enterprise_MonthlyRevenue_CalculatesCorrectly" storage="c:\users\biges\desktop\wiley_widget\wileywidget.tests\bin\release\net9.0-windows\wileywidget.tests.dll" id="3f32ff24-dbe4-5b18-602e-bcc79c03a51a">
      <Execution id="df99a745-1bec-48f3-aa77-695f0444b800" />
      <TestMethod codeBase="C:\Users\biges\Desktop\Wiley_Widget\WileyWidget.Tests\bin\Release\net9.0-windows\WileyWidget.Tests.dll" adapterTypeName="executor://xunit/VsTestRunner2/netcoreapp" className="WileyWidget.Tests.EnterpriseModelTests" name="Enterprise_MonthlyRevenue_CalculatesCorrectly" />
    </UnitTest>
    <UnitTest name="WileyWidget.Tests.BudgetAnalyticsTests.BudgetInsights_GeneratesCorrectInsights_ForSurplus" storage="c:\users\biges\desktop\wiley_widget\wileywidget.tests\bin\release\net9.0-windows\wileywidget.tests.dll" id="a9dc7ce3-2ee9-2217-fa87-9dcfd65a9dfd">
      <Execution id="16d1754c-ce44-4f88-b5bd-c29c5984df13" />
      <TestMethod codeBase="C:\Users\biges\Desktop\Wiley_Widget\WileyWidget.Tests\bin\Release\net9.0-windows\WileyWidget.Tests.dll" adapterTypeName="executor://xunit/VsTestRunner2/netcoreapp" className="WileyWidget.Tests.BudgetAnalyticsTests" name="BudgetInsights_GeneratesCorrectInsights_ForSurplus" />
    </UnitTest>
    <UnitTest name="WileyWidget.Tests.EnterpriseModelTests.Enterprise_BreakEvenRate_CalculatesCorrectly" storage="c:\users\biges\desktop\wiley_widget\wileywidget.tests\bin\release\net9.0-windows\wileywidget.tests.dll" id="93b4d7b9-17c9-4651-e29a-009cb361e97b">
      <Execution id="6860e318-fd6a-452a-bf43-7a1857e79a33" />
      <TestMethod codeBase="C:\Users\biges\Desktop\Wiley_Widget\WileyWidget.Tests\bin\Release\net9.0-windows\WileyWidget.Tests.dll" adapterTypeName="executor://xunit/VsTestRunner2/netcoreapp" className="WileyWidget.Tests.EnterpriseModelTests" name="Enterprise_BreakEvenRate_CalculatesCorrectly" />
    </UnitTest>
    <UnitTest name="WileyWidget.Tests.MainViewModelTests.QuickBooksInvoices_Collection_IsObservable" storage="c:\users\biges\desktop\wiley_widget\wileywidget.tests\bin\release\net9.0-windows\wileywidget.tests.dll" id="0121a31e-93ae-d153-ca29-460cffa0b710">
      <Execution id="b5f69f21-234c-4b3b-9b4c-1d12042cbe01" />
      <TestMethod codeBase="C:\Users\biges\Desktop\Wiley_Widget\WileyWidget.Tests\bin\Release\net9.0-windows\WileyWidget.Tests.dll" adapterTypeName="executor://xunit/VsTestRunner2/netcoreapp" className="WileyWidget.Tests.MainViewModelTests" name="QuickBooksInvoices_Collection_IsObservable" />
    </UnitTest>
    <UnitTest name="WileyWidget.Tests.EnterpriseModelTests.Enterprise_CurrentRate_Validation(rate: 100, shouldBeValid: True)" storage="c:\users\biges\desktop\wiley_widget\wileywidget.tests\bin\release\net9.0-windows\wileywidget.tests.dll" id="ca7752fd-c28a-2eb8-8f5e-49b6ef0284d8">
      <Execution id="31c6251e-68d1-47b4-a176-1cf104613cc7" />
      <TestMethod codeBase="C:\Users\biges\Desktop\Wiley_Widget\WileyWidget.Tests\bin\Release\net9.0-windows\WileyWidget.Tests.dll" adapterTypeName="executor://xunit/VsTestRunner2/netcoreapp" className="WileyWidget.Tests.EnterpriseModelTests" name="Enterprise_CurrentRate_Validation" />
    </UnitTest>
    <UnitTest name="WileyWidget.Tests.MainWindowUnitTests.LogCurrentThemeState_MethodExists" storage="c:\users\biges\desktop\wiley_widget\wileywidget.tests\bin\release\net9.0-windows\wileywidget.tests.dll" id="118c5093-dd4d-05af-5b6d-0f37c0d730c3">
      <Execution id="ac9a0230-e651-49ed-8b63-e815065a0732" />
      <TestMethod codeBase="C:\Users\biges\Desktop\Wiley_Widget\WileyWidget.Tests\bin\Release\net9.0-windows\WileyWidget.Tests.dll" adapterTypeName="executor://xunit/VsTestRunner2/netcoreapp" className="WileyWidget.Tests.MainWindowUnitTests" name="LogCurrentThemeState_MethodExists" />
    </UnitTest>
    <UnitTest name="WileyWidget.Tests.MainWindowUnitTests.InitializeBudgetDiagram_MethodExists" storage="c:\users\biges\desktop\wiley_widget\wileywidget.tests\bin\release\net9.0-windows\wileywidget.tests.dll" id="62021b67-5876-d70c-80d9-db2ebaaf208a">
      <Execution id="a8afffd2-f650-44af-ba1f-04147a0f4db7" />
      <TestMethod codeBase="C:\Users\biges\Desktop\Wiley_Widget\WileyWidget.Tests\bin\Release\net9.0-windows\WileyWidget.Tests.dll" adapterTypeName="executor://xunit/VsTestRunner2/netcoreapp" className="WileyWidget.Tests.MainWindowUnitTests" name="InitializeBudgetDiagram_MethodExists" />
    </UnitTest>
    <UnitTest name="WileyWidget.Tests.EnterpriseDatabaseTests.ComplexAssertions_MultipleValidations_UsingDirectConnection" storage="c:\users\biges\desktop\wiley_widget\wileywidget.tests\bin\release\net9.0-windows\wileywidget.tests.dll" id="f0564e38-0932-37f9-f2ec-c59c84e4f319">
      <Execution id="460f833d-dafc-4c87-aaa0-a6085e23ac45" />
      <TestMethod codeBase="C:\Users\biges\Desktop\Wiley_Widget\WileyWidget.Tests\bin\Release\net9.0-windows\WileyWidget.Tests.dll" adapterTypeName="executor://xunit/VsTestRunner2/netcoreapp" className="WileyWidget.Tests.EnterpriseDatabaseTests" name="ComplexAssertions_MultipleValidations_UsingDirectConnection" />
    </UnitTest>
    <UnitTest name="WileyWidget.Tests.WidgetTests.Widget_Category_AcceptsVariousValues(category: &quot;Home &amp; Garden&quot;)" storage="c:\users\biges\desktop\wiley_widget\wileywidget.tests\bin\release\net9.0-windows\wileywidget.tests.dll" id="b211dea4-7dcd-20f5-d31b-47d61cf807dd">
      <Execution id="91b091dc-ffde-439a-bd91-5471722a99f3" />
      <TestMethod codeBase="C:\Users\biges\Desktop\Wiley_Widget\WileyWidget.Tests\bin\Release\net9.0-windows\WileyWidget.Tests.dll" adapterTypeName="executor://xunit/VsTestRunner2/netcoreapp" className="WileyWidget.Tests.WidgetTests" name="Widget_Category_AcceptsVariousValues" />
    </UnitTest>
    <UnitTest name="WileyWidget.Tests.DatabaseIntegrationTests.GetAllAsync_ReturnsAllEnterprises" storage="c:\users\biges\desktop\wiley_widget\wileywidget.tests\bin\release\net9.0-windows\wileywidget.tests.dll" id="59a77b29-012a-7f31-5abd-f2349c80ceff">
      <Execution id="96a9ce23-51e6-4aaa-a1d3-daebdf6fa49d" />
      <TestMethod codeBase="C:\Users\biges\Desktop\Wiley_Widget\WileyWidget.Tests\bin\Release\net9.0-windows\WileyWidget.Tests.dll" adapterTypeName="executor://xunit/VsTestRunner2/netcoreapp" className="WileyWidget.Tests.DatabaseIntegrationTests" name="GetAllAsync_ReturnsAllEnterprises" />
    </UnitTest>
    <UnitTest name="WileyWidget.Tests.BudgetInteractionTests.BudgetInteraction_IsCost_CanBeSetToFalse" storage="c:\users\biges\desktop\wiley_widget\wileywidget.tests\bin\release\net9.0-windows\wileywidget.tests.dll" id="7616251f-ba10-2865-c7c0-878cebe0f9bd">
      <Execution id="2a77c715-ad9b-473a-935b-45d13c352192" />
      <TestMethod codeBase="C:\Users\biges\Desktop\Wiley_Widget\WileyWidget.Tests\bin\Release\net9.0-windows\WileyWidget.Tests.dll" adapterTypeName="executor://xunit/VsTestRunner2/netcoreapp" className="WileyWidget.Tests.BudgetInteractionTests" name="BudgetInteraction_IsCost_CanBeSetToFalse" />
    </UnitTest>
    <UnitTest name="WileyWidget.Tests.BudgetAnalyticsTests.BudgetMetrics_ReturnsCorrectStatus_Surplus" storage="c:\users\biges\desktop\wiley_widget\wileywidget.tests\bin\release\net9.0-windows\wileywidget.tests.dll" id="ccef2ce7-f385-9fbf-3fdd-191327867f3d">
      <Execution id="40e2a2ed-bd8d-46ac-bc42-47801431d3d1" />
      <TestMethod codeBase="C:\Users\biges\Desktop\Wiley_Widget\WileyWidget.Tests\bin\Release\net9.0-windows\WileyWidget.Tests.dll" adapterTypeName="executor://xunit/VsTestRunner2/netcoreapp" className="WileyWidget.Tests.BudgetAnalyticsTests" name="BudgetMetrics_ReturnsCorrectStatus_Surplus" />
    </UnitTest>
    <UnitTest name="WileyWidget.Tests.EnterpriseDatabaseTests.InsertEnterprise_DataIsInsertedCorrectly_UsingDirectConnection" storage="c:\users\biges\desktop\wiley_widget\wileywidget.tests\bin\release\net9.0-windows\wileywidget.tests.dll" id="f1c4230d-c873-a695-bf0b-dd9c7f8ad220">
      <Execution id="cb1073c1-01d2-4671-bc39-931f2bd9d7dc" />
      <TestMethod codeBase="C:\Users\biges\Desktop\Wiley_Widget\WileyWidget.Tests\bin\Release\net9.0-windows\WileyWidget.Tests.dll" adapterTypeName="executor://xunit/VsTestRunner2/netcoreapp" className="WileyWidget.Tests.EnterpriseDatabaseTests" name="InsertEnterprise_DataIsInsertedCorrectly_UsingDirectConnection" />
    </UnitTest>
    <UnitTest name="WileyWidget.Tests.BudgetInteractionTests.BudgetInteraction_Description_Validation(description: &quot;Valid description&quot;, shouldBeValid: True)" storage="c:\users\biges\desktop\wiley_widget\wileywidget.tests\bin\release\net9.0-windows\wileywidget.tests.dll" id="d106bb70-67c4-1dcc-e1c1-b1453099822c">
      <Execution id="61c6934c-16d8-43e7-b8cd-17a1b56d13f0" />
      <TestMethod codeBase="C:\Users\biges\Desktop\Wiley_Widget\WileyWidget.Tests\bin\Release\net9.0-windows\WileyWidget.Tests.dll" adapterTypeName="executor://xunit/VsTestRunner2/netcoreapp" className="WileyWidget.Tests.BudgetInteractionTests" name="BudgetInteraction_Description_Validation" />
    </UnitTest>
    <UnitTest name="WileyWidget.Tests.WidgetTests.Widget_IsActive_CanBeSet(isActive: False)" storage="c:\users\biges\desktop\wiley_widget\wileywidget.tests\bin\release\net9.0-windows\wileywidget.tests.dll" id="c596acca-eaa8-2cfc-b6e4-d65d1f704c2d">
      <Execution id="3f50bf9b-6bd9-497c-9f88-e86a5b77ebb7" />
      <TestMethod codeBase="C:\Users\biges\Desktop\Wiley_Widget\WileyWidget.Tests\bin\Release\net9.0-windows\WileyWidget.Tests.dll" adapterTypeName="executor://xunit/VsTestRunner2/netcoreapp" className="WileyWidget.Tests.WidgetTests" name="Widget_IsActive_CanBeSet" />
    </UnitTest>
    <UnitTest name="WileyWidget.Tests.AppUnitTests.RegisterSyncfusionLicense_WithNoValidSources_LogsWarning" storage="c:\users\biges\desktop\wiley_widget\wileywidget.tests\bin\release\net9.0-windows\wileywidget.tests.dll" id="93f87e80-68d8-ef6d-e92d-98707d05f82e">
      <Execution id="c8bbca76-e644-4aa3-9dcd-04b0a0a676bc" />
      <TestMethod codeBase="C:\Users\biges\Desktop\Wiley_Widget\WileyWidget.Tests\bin\Release\net9.0-windows\WileyWidget.Tests.dll" adapterTypeName="executor://xunit/VsTestRunner2/netcoreapp" className="WileyWidget.Tests.AppUnitTests" name="RegisterSyncfusionLicense_WithNoValidSources_LogsWarning" />
    </UnitTest>
    <UnitTest name="WileyWidget.Tests.MainWindowUnitTests.BuildDynamicColumns_MethodExists" storage="c:\users\biges\desktop\wiley_widget\wileywidget.tests\bin\release\net9.0-windows\wileywidget.tests.dll" id="52b06d6e-0e7b-45f1-e848-734105f0bc9a">
      <Execution id="03c3acd9-dd85-4c18-8b75-a981a6db13a9" />
      <TestMethod codeBase="C:\Users\biges\Desktop\Wiley_Widget\WileyWidget.Tests\bin\Release\net9.0-windows\WileyWidget.Tests.dll" adapterTypeName="executor://xunit/VsTestRunner2/netcoreapp" className="WileyWidget.Tests.MainWindowUnitTests" name="BuildDynamicColumns_MethodExists" />
    </UnitTest>
    <UnitTest name="WileyWidget.Tests.EnterpriseTests.Enterprise_Name_Validation(name: &quot;A&quot;, shouldBeValid: True)" storage="c:\users\biges\desktop\wiley_widget\wileywidget.tests\bin\release\net9.0-windows\wileywidget.tests.dll" id="c093cc50-deee-4751-29ce-343ea9d35c10">
      <Execution id="bbb0b3f7-29b1-4549-9453-eb69f3af2320" />
      <TestMethod codeBase="C:\Users\biges\Desktop\Wiley_Widget\WileyWidget.Tests\bin\Release\net9.0-windows\WileyWidget.Tests.dll" adapterTypeName="executor://xunit/VsTestRunner2/netcoreapp" className="WileyWidget.Tests.EnterpriseTests" name="Enterprise_Name_Validation" />
    </UnitTest>
    <UnitTest name="WileyWidget.Tests.EnterpriseTests.Enterprise_DefaultValues_AreSetCorrectly" storage="c:\users\biges\desktop\wiley_widget\wileywidget.tests\bin\release\net9.0-windows\wileywidget.tests.dll" id="cc0265d4-60a7-3f55-fdff-2713f678dbad">
      <Execution id="ec4b8db1-7acc-4de7-b2c9-7b5049725aca" />
      <TestMethod codeBase="C:\Users\biges\Desktop\Wiley_Widget\WileyWidget.Tests\bin\Release\net9.0-windows\WileyWidget.Tests.dll" adapterTypeName="executor://xunit/VsTestRunner2/netcoreapp" className="WileyWidget.Tests.EnterpriseTests" name="Enterprise_DefaultValues_AreSetCorrectly" />
    </UnitTest>
    <UnitTest name="WileyWidget.Tests.AppUnitTests.RegisterSyncfusionLicense_WithValidConfigKey_RegistersSuccessfully" storage="c:\users\biges\desktop\wiley_widget\wileywidget.tests\bin\release\net9.0-windows\wileywidget.tests.dll" id="67185dae-1bb2-aa49-e096-b7b20c6fe73a">
      <Execution id="06ab5b55-5b84-4293-b1f8-8ec7318fcdc9" />
      <TestMethod codeBase="C:\Users\biges\Desktop\Wiley_Widget\WileyWidget.Tests\bin\Release\net9.0-windows\WileyWidget.Tests.dll" adapterTypeName="executor://xunit/VsTestRunner2/netcoreapp" className="WileyWidget.Tests.AppUnitTests" name="RegisterSyncfusionLicense_WithValidConfigKey_RegistersSuccessfully" />
    </UnitTest>
    <UnitTest name="WileyWidget.Tests.MainViewModelTests.Enterprises_Collection_IsObservable" storage="c:\users\biges\desktop\wiley_widget\wileywidget.tests\bin\release\net9.0-windows\wileywidget.tests.dll" id="d621bb97-a6a4-4797-ce4f-9813ccfba719">
      <Execution id="c6f1af36-b185-470f-9d44-e673f54ea84c" />
      <TestMethod codeBase="C:\Users\biges\Desktop\Wiley_Widget\WileyWidget.Tests\bin\Release\net9.0-windows\WileyWidget.Tests.dll" adapterTypeName="executor://xunit/VsTestRunner2/netcoreapp" className="WileyWidget.Tests.MainViewModelTests" name="Enterprises_Collection_IsObservable" />
    </UnitTest>
    <UnitTest name="WileyWidget.Tests.SettingsServiceTests.SettingsService_Instance_IsSingleton" storage="c:\users\biges\desktop\wiley_widget\wileywidget.tests\bin\release\net9.0-windows\wileywidget.tests.dll" id="06acef7a-66a9-41e5-0b52-833373b805fd">
      <Execution id="c0e39776-3da5-49f2-b2c3-d0d6d77ba9bf" />
      <TestMethod codeBase="C:\Users\biges\Desktop\Wiley_Widget\WileyWidget.Tests\bin\Release\net9.0-windows\WileyWidget.Tests.dll" adapterTypeName="executor://xunit/VsTestRunner2/netcoreapp" className="WileyWidget.Tests.SettingsServiceTests" name="SettingsService_Instance_IsSingleton" />
    </UnitTest>
    <UnitTest name="WileyWidget.Tests.BudgetAnalyticsTests.BudgetInsights_GeneratesCorrectInsights_ForDeficit" storage="c:\users\biges\desktop\wiley_widget\wileywidget.tests\bin\release\net9.0-windows\wileywidget.tests.dll" id="bc7d1dad-4626-c238-a1b7-51e0ec90dede">
      <Execution id="acbfa672-d7d7-47d6-83e4-6f0d8e96eec3" />
      <TestMethod codeBase="C:\Users\biges\Desktop\Wiley_Widget\WileyWidget.Tests\bin\Release\net9.0-windows\WileyWidget.Tests.dll" adapterTypeName="executor://xunit/VsTestRunner2/netcoreapp" className="WileyWidget.Tests.BudgetAnalyticsTests" name="BudgetInsights_GeneratesCorrectInsights_ForDeficit" />
    </UnitTest>
    <UnitTest name="WileyWidget.Tests.SettingsServiceTests.SettingsService_Current_IsNotNull" storage="c:\users\biges\desktop\wiley_widget\wileywidget.tests\bin\release\net9.0-windows\wileywidget.tests.dll" id="a870daa8-df1f-ef82-e638-57d5f0b05d91">
      <Execution id="2ecce28e-b959-44f1-9c99-abb4b7f7a413" />
      <TestMethod codeBase="C:\Users\biges\Desktop\Wiley_Widget\WileyWidget.Tests\bin\Release\net9.0-windows\WileyWidget.Tests.dll" adapterTypeName="executor://xunit/VsTestRunner2/netcoreapp" className="WileyWidget.Tests.SettingsServiceTests" name="SettingsService_Current_IsNotNull" />
    </UnitTest>
    <UnitTest name="WileyWidget.Tests.EnterpriseModelTests.Enterprise_MonthlyExpenses_Validation(expenses: 0, shouldBeValid: True)" storage="c:\users\biges\desktop\wiley_widget\wileywidget.tests\bin\release\net9.0-windows\wileywidget.tests.dll" id="c92dc833-fd57-a263-2b90-5a13ee4f5081">
      <Execution id="ab253389-b56d-4037-a77d-9f77e9dfaed8" />
      <TestMethod codeBase="C:\Users\biges\Desktop\Wiley_Widget\WileyWidget.Tests\bin\Release\net9.0-windows\WileyWidget.Tests.dll" adapterTypeName="executor://xunit/VsTestRunner2/netcoreapp" className="WileyWidget.Tests.EnterpriseModelTests" name="Enterprise_MonthlyExpenses_Validation" />
    </UnitTest>
    <UnitTest name="WileyWidget.Tests.EnterpriseModelTests.Enterprise_CitizenCount_Validation(citizenCount: 1, shouldBeValid: True)" storage="c:\users\biges\desktop\wiley_widget\wileywidget.tests\bin\release\net9.0-windows\wileywidget.tests.dll" id="3df038af-1fe3-8eba-40c5-e3791363704f">
      <Execution id="3d306302-8965-496d-8ca9-7f9e48537188" />
      <TestMethod codeBase="C:\Users\biges\Desktop\Wiley_Widget\WileyWidget.Tests\bin\Release\net9.0-windows\WileyWidget.Tests.dll" adapterTypeName="executor://xunit/VsTestRunner2/netcoreapp" className="WileyWidget.Tests.EnterpriseModelTests" name="Enterprise_CitizenCount_Validation" />
    </UnitTest>
    <UnitTest name="WileyWidget.Tests.BudgetInteractionTests.BudgetInteraction_Creation_WithValidData_Succeeds" storage="c:\users\biges\desktop\wiley_widget\wileywidget.tests\bin\release\net9.0-windows\wileywidget.tests.dll" id="efa2ee80-8a84-ce7d-1850-d99aa3c2923a">
      <Execution id="fdf5809f-1dac-43cb-98aa-fbbf873fb4e4" />
      <TestMethod codeBase="C:\Users\biges\Desktop\Wiley_Widget\WileyWidget.Tests\bin\Release\net9.0-windows\WileyWidget.Tests.dll" adapterTypeName="executor://xunit/VsTestRunner2/netcoreapp" className="WileyWidget.Tests.BudgetInteractionTests" name="BudgetInteraction_Creation_WithValidData_Succeeds" />
    </UnitTest>
    <UnitTest name="WileyWidget.Tests.EnterpriseTests.Enterprise_CurrentRate_Validation(rate: -1, shouldBeValid: False)" storage="c:\users\biges\desktop\wiley_widget\wileywidget.tests\bin\release\net9.0-windows\wileywidget.tests.dll" id="8df32280-d2cc-aff4-2ff0-10224e8b8552">
      <Execution id="aa097c7c-515f-41da-b546-b19b6d012024" />
      <TestMethod codeBase="C:\Users\biges\Desktop\Wiley_Widget\WileyWidget.Tests\bin\Release\net9.0-windows\WileyWidget.Tests.dll" adapterTypeName="executor://xunit/VsTestRunner2/netcoreapp" className="WileyWidget.Tests.EnterpriseTests" name="Enterprise_CurrentRate_Validation" />
    </UnitTest>
    <UnitTest name="WileyWidget.Tests.WidgetTests.Widget_Price_Validation(price: 0.01, shouldBeValid: True)" storage="c:\users\biges\desktop\wiley_widget\wileywidget.tests\bin\release\net9.0-windows\wileywidget.tests.dll" id="2beb22ae-6dec-0df2-163d-82054723e892">
      <Execution id="579239b8-f196-4b79-a8ff-979afb67c236" />
      <TestMethod codeBase="C:\Users\biges\Desktop\Wiley_Widget\WileyWidget.Tests\bin\Release\net9.0-windows\WileyWidget.Tests.dll" adapterTypeName="executor://xunit/VsTestRunner2/netcoreapp" className="WileyWidget.Tests.WidgetTests" name="Widget_Price_Validation" />
    </UnitTest>
    <UnitTest name="WileyWidget.Tests.BudgetInteractionTests.BudgetInteraction_Notes_Validation(notes: null, shouldBeValid: True)" storage="c:\users\biges\desktop\wiley_widget\wileywidget.tests\bin\release\net9.0-windows\wileywidget.tests.dll" id="2b6d2d98-9ff2-0efc-9085-3c305df50a78">
      <Execution id="cb691d18-cf3a-49d1-af07-eef52074a1e5" />
      <TestMethod codeBase="C:\Users\biges\Desktop\Wiley_Widget\WileyWidget.Tests\bin\Release\net9.0-windows\WileyWidget.Tests.dll" adapterTypeName="executor://xunit/VsTestRunner2/netcoreapp" className="WileyWidget.Tests.BudgetInteractionTests" name="BudgetInteraction_Notes_Validation" />
    </UnitTest>
    <UnitTest name="WileyWidget.Tests.EnterpriseModelTests.Enterprise_CurrentRate_Validation(rate: 0.01, shouldBeValid: True)" storage="c:\users\biges\desktop\wiley_widget\wileywidget.tests\bin\release\net9.0-windows\wileywidget.tests.dll" id="4496488f-c883-aa7a-35a7-d9dbf4a2d3b2">
      <Execution id="883fb894-d700-4a1e-8a2a-cb78a356e793" />
      <TestMethod codeBase="C:\Users\biges\Desktop\Wiley_Widget\WileyWidget.Tests\bin\Release\net9.0-windows\WileyWidget.Tests.dll" adapterTypeName="executor://xunit/VsTestRunner2/netcoreapp" className="WileyWidget.Tests.EnterpriseModelTests" name="Enterprise_CurrentRate_Validation" />
    </UnitTest>
    <UnitTest name="WileyWidget.Tests.MainViewModelTests.SelectedWidget_PropertyChange_Notification" storage="c:\users\biges\desktop\wiley_widget\wileywidget.tests\bin\release\net9.0-windows\wileywidget.tests.dll" id="7246089f-63b6-7ef4-dd1c-f0a97a0cbf37">
      <Execution id="b8d8b641-9b25-4136-a7ed-d6605092ce11" />
      <TestMethod codeBase="C:\Users\biges\Desktop\Wiley_Widget\WileyWidget.Tests\bin\Release\net9.0-windows\WileyWidget.Tests.dll" adapterTypeName="executor://xunit/VsTestRunner2/netcoreapp" className="WileyWidget.Tests.MainViewModelTests" name="SelectedWidget_PropertyChange_Notification" />
    </UnitTest>
    <UnitTest name="WileyWidget.Tests.WidgetTests.Widget_IsActive_CanBeSet(isActive: True)" storage="c:\users\biges\desktop\wiley_widget\wileywidget.tests\bin\release\net9.0-windows\wileywidget.tests.dll" id="28afac11-75f2-4277-47ce-175ecd6d5bf3">
      <Execution id="d9d7fac3-174d-41cc-98a6-37b01bc44c1d" />
      <TestMethod codeBase="C:\Users\biges\Desktop\Wiley_Widget\WileyWidget.Tests\bin\Release\net9.0-windows\WileyWidget.Tests.dll" adapterTypeName="executor://xunit/VsTestRunner2/netcoreapp" className="WileyWidget.Tests.WidgetTests" name="Widget_IsActive_CanBeSet" />
    </UnitTest>
    <UnitTest name="WileyWidget.Tests.DatabaseIntegrationTests.GetByIdAsync_ReturnsCorrectEnterprise" storage="c:\users\biges\desktop\wiley_widget\wileywidget.tests\bin\release\net9.0-windows\wileywidget.tests.dll" id="4e31e5ac-795c-6664-b1e1-6987564c4e12">
      <Execution id="98b1d08d-4aa1-4bf6-b984-92fb8e646aed" />
      <TestMethod codeBase="C:\Users\biges\Desktop\Wiley_Widget\WileyWidget.Tests\bin\Release\net9.0-windows\WileyWidget.Tests.dll" adapterTypeName="executor://xunit/VsTestRunner2/netcoreapp" className="WileyWidget.Tests.DatabaseIntegrationTests" name="GetByIdAsync_ReturnsCorrectEnterprise" />
    </UnitTest>
    <UnitTest name="WileyWidget.Tests.WidgetTests.Widget_Price_Validation(price: 0, shouldBeValid: False)" storage="c:\users\biges\desktop\wiley_widget\wileywidget.tests\bin\release\net9.0-windows\wileywidget.tests.dll" id="69a6cf07-6d56-fd82-65cd-93be98d990d5">
      <Execution id="4644005e-c4de-45c7-bda0-bc08d450ad6f" />
      <TestMethod codeBase="C:\Users\biges\Desktop\Wiley_Widget\WileyWidget.Tests\bin\Release\net9.0-windows\WileyWidget.Tests.dll" adapterTypeName="executor://xunit/VsTestRunner2/netcoreapp" className="WileyWidget.Tests.WidgetTests" name="Widget_Price_Validation" />
    </UnitTest>
    <UnitTest name="WileyWidget.Tests.DatabaseIntegrationTests.Repository_HandlesConcurrentReads" storage="c:\users\biges\desktop\wiley_widget\wileywidget.tests\bin\release\net9.0-windows\wileywidget.tests.dll" id="8b807870-505b-71ed-7f55-1b57860f38f6">
      <Execution id="f58d2845-b606-41bf-b2a4-3fc23bbe202c" />
      <TestMethod codeBase="C:\Users\biges\Desktop\Wiley_Widget\WileyWidget.Tests\bin\Release\net9.0-windows\WileyWidget.Tests.dll" adapterTypeName="executor://xunit/VsTestRunner2/netcoreapp" className="WileyWidget.Tests.DatabaseIntegrationTests" name="Repository_HandlesConcurrentReads" />
    </UnitTest>
    <UnitTest name="WileyWidget.Tests.WidgetTests.Widget_FormattedPrice_ReturnsCorrectFormat(price: 0.01, expected: &quot;$0.01&quot;)" storage="c:\users\biges\desktop\wiley_widget\wileywidget.tests\bin\release\net9.0-windows\wileywidget.tests.dll" id="c99ffb98-6608-7343-fd97-cece2671f5c7">
      <Execution id="97ab89ff-17e5-43ae-8b74-3b411df6cf92" />
      <TestMethod codeBase="C:\Users\biges\Desktop\Wiley_Widget\WileyWidget.Tests\bin\Release\net9.0-windows\WileyWidget.Tests.dll" adapterTypeName="executor://xunit/VsTestRunner2/netcoreapp" className="WileyWidget.Tests.WidgetTests" name="Widget_FormattedPrice_ReturnsCorrectFormat" />
    </UnitTest>
    <UnitTest name="WileyWidget.Tests.BudgetInteractionTests.BudgetInteraction_MonthlyAmount_Validation(amount: 1000.99, shouldBeValid: True)" storage="c:\users\biges\desktop\wiley_widget\wileywidget.tests\bin\release\net9.0-windows\wileywidget.tests.dll" id="40d7657d-f657-0f30-1e57-f9b4790fea1e">
      <Execution id="17047e00-1e27-4aae-89da-f27e76e9938b" />
      <TestMethod codeBase="C:\Users\biges\Desktop\Wiley_Widget\WileyWidget.Tests\bin\Release\net9.0-windows\WileyWidget.Tests.dll" adapterTypeName="executor://xunit/VsTestRunner2/netcoreapp" className="WileyWidget.Tests.BudgetInteractionTests" name="BudgetInteraction_MonthlyAmount_Validation" />
    </UnitTest>
    <UnitTest name="WileyWidget.Tests.BudgetInteractionTests.BudgetInteraction_Notes_Validation(notes: &quot;&quot;, shouldBeValid: True)" storage="c:\users\biges\desktop\wiley_widget\wileywidget.tests\bin\release\net9.0-windows\wileywidget.tests.dll" id="12ac1ad0-f92b-82ce-7643-dcc2a493cae6">
      <Execution id="9f26504d-2849-4a43-a023-9cae2021a3f9" />
      <TestMethod codeBase="C:\Users\biges\Desktop\Wiley_Widget\WileyWidget.Tests\bin\Release\net9.0-windows\WileyWidget.Tests.dll" adapterTypeName="executor://xunit/VsTestRunner2/netcoreapp" className="WileyWidget.Tests.BudgetInteractionTests" name="BudgetInteraction_Notes_Validation" />
    </UnitTest>
    <UnitTest name="WileyWidget.Tests.BudgetInteractionTests.BudgetInteraction_Description_Validation(description: &quot;A&quot;, shouldBeValid: True)" storage="c:\users\biges\desktop\wiley_widget\wileywidget.tests\bin\release\net9.0-windows\wileywidget.tests.dll" id="df5aec0e-ef6f-cdc6-14fa-f5e50593b465">
      <Execution id="856687c7-b51d-48f3-ab6f-6a5dc1ac0e20" />
      <TestMethod codeBase="C:\Users\biges\Desktop\Wiley_Widget\WileyWidget.Tests\bin\Release\net9.0-windows\WileyWidget.Tests.dll" adapterTypeName="executor://xunit/VsTestRunner2/netcoreapp" className="WileyWidget.Tests.BudgetInteractionTests" name="BudgetInteraction_Description_Validation" />
    </UnitTest>
    <UnitTest name="WileyWidget.Tests.WidgetTests.Widget_FormattedPrice_ReturnsCorrectFormat(price: 10, expected: &quot;$10.00&quot;)" storage="c:\users\biges\desktop\wiley_widget\wileywidget.tests\bin\release\net9.0-windows\wileywidget.tests.dll" id="0203bce8-8571-4fae-356f-d40949bb5a7d">
      <Execution id="e9ffa003-5155-42b2-a181-7d7fd2caeb19" />
      <TestMethod codeBase="C:\Users\biges\Desktop\Wiley_Widget\WileyWidget.Tests\bin\Release\net9.0-windows\WileyWidget.Tests.dll" adapterTypeName="executor://xunit/VsTestRunner2/netcoreapp" className="WileyWidget.Tests.WidgetTests" name="Widget_FormattedPrice_ReturnsCorrectFormat" />
    </UnitTest>
    <UnitTest name="WileyWidget.Tests.DatabaseIntegrationTests.Repository_CalculatesRevenueCorrectly" storage="c:\users\biges\desktop\wiley_widget\wileywidget.tests\bin\release\net9.0-windows\wileywidget.tests.dll" id="917950f3-8248-2f78-cc8c-99370e6626ab">
      <Execution id="1df0f4e9-f27f-4e5a-b6c6-a2c92857b5b6" />
      <TestMethod codeBase="C:\Users\biges\Desktop\Wiley_Widget\WileyWidget.Tests\bin\Release\net9.0-windows\WileyWidget.Tests.dll" adapterTypeName="executor://xunit/VsTestRunner2/netcoreapp" className="WileyWidget.Tests.DatabaseIntegrationTests" name="Repository_CalculatesRevenueCorrectly" />
    </UnitTest>
    <UnitTest name="WileyWidget.Tests.EnterpriseTests.Enterprise_MonthlyRevenue_CalculatesCorrectly" storage="c:\users\biges\desktop\wiley_widget\wileywidget.tests\bin\release\net9.0-windows\wileywidget.tests.dll" id="216d7b3f-febd-5cd7-9636-60001f76e735">
      <Execution id="72bf5a53-5b6f-4a5b-8374-731848e64192" />
      <TestMethod codeBase="C:\Users\biges\Desktop\Wiley_Widget\WileyWidget.Tests\bin\Release\net9.0-windows\WileyWidget.Tests.dll" adapterTypeName="executor://xunit/VsTestRunner2/netcoreapp" className="WileyWidget.Tests.EnterpriseTests" name="Enterprise_MonthlyRevenue_CalculatesCorrectly" />
    </UnitTest>
    <UnitTest name="WileyWidget.Tests.DatabaseIntegrationTests.Repository_EnforcesCitizenCountConstraints" storage="c:\users\biges\desktop\wiley_widget\wileywidget.tests\bin\release\net9.0-windows\wileywidget.tests.dll" id="a590d7ab-a37d-241b-b41d-e926aae9e190">
      <Execution id="e3afa312-fc92-4a86-a2ef-8062fe23ab39" />
      <TestMethod codeBase="C:\Users\biges\Desktop\Wiley_Widget\WileyWidget.Tests\bin\Release\net9.0-windows\WileyWidget.Tests.dll" adapterTypeName="executor://xunit/VsTestRunner2/netcoreapp" className="WileyWidget.Tests.DatabaseIntegrationTests" name="Repository_EnforcesCitizenCountConstraints" />
    </UnitTest>
    <UnitTest name="WileyWidget.Tests.SettingsServiceTests.SettingsService_Load_HandlesCorruptFile" storage="c:\users\biges\desktop\wiley_widget\wileywidget.tests\bin\release\net9.0-windows\wileywidget.tests.dll" id="04dd675b-629e-a516-a8ca-baee13393506">
      <Execution id="af97be5a-271d-4525-bca9-feea7b6e9177" />
      <TestMethod codeBase="C:\Users\biges\Desktop\Wiley_Widget\WileyWidget.Tests\bin\Release\net9.0-windows\WileyWidget.Tests.dll" adapterTypeName="executor://xunit/VsTestRunner2/netcoreapp" className="WileyWidget.Tests.SettingsServiceTests" name="SettingsService_Load_HandlesCorruptFile" />
    </UnitTest>
    <UnitTest name="WileyWidget.Tests.MainWindowUnitTests.ApplyWpfTheme_MethodExists" storage="c:\users\biges\desktop\wiley_widget\wileywidget.tests\bin\release\net9.0-windows\wileywidget.tests.dll" id="6fb64c30-f462-9da3-d1f6-08832453c990">
      <Execution id="adb78f73-060d-43a2-a5dd-2856eb5b2235" />
      <TestMethod codeBase="C:\Users\biges\Desktop\Wiley_Widget\WileyWidget.Tests\bin\Release\net9.0-windows\WileyWidget.Tests.dll" adapterTypeName="executor://xunit/VsTestRunner2/netcoreapp" className="WileyWidget.Tests.MainWindowUnitTests" name="ApplyWpfTheme_MethodExists" />
    </UnitTest>
    <UnitTest name="WileyWidget.Tests.BudgetInteractionTests.BudgetInteraction_InteractionType_Validation(type: &quot;&quot;, shouldBeValid: False)" storage="c:\users\biges\desktop\wiley_widget\wileywidget.tests\bin\release\net9.0-windows\wileywidget.tests.dll" id="a4f037bc-7338-9135-cfbf-a9e8758843b8">
      <Execution id="30b8d8a2-5ea3-479b-ae54-04051b957df7" />
      <TestMethod codeBase="C:\Users\biges\Desktop\Wiley_Widget\WileyWidget.Tests\bin\Release\net9.0-windows\WileyWidget.Tests.dll" adapterTypeName="executor://xunit/VsTestRunner2/netcoreapp" className="WileyWidget.Tests.BudgetInteractionTests" name="BudgetInteraction_InteractionType_Validation" />
    </UnitTest>
    <UnitTest name="WileyWidget.Tests.MainViewModelTests.SelectNextCommand_WrapsToFirstWidget" storage="c:\users\biges\desktop\wiley_widget\wileywidget.tests\bin\release\net9.0-windows\wileywidget.tests.dll" id="fdd256aa-95b4-4138-ef57-428d9bd57c15">
      <Execution id="ee71bc2f-5bc2-4751-9062-cab01d9e0898" />
      <TestMethod codeBase="C:\Users\biges\Desktop\Wiley_Widget\WileyWidget.Tests\bin\Release\net9.0-windows\WileyWidget.Tests.dll" adapterTypeName="executor://xunit/VsTestRunner2/netcoreapp" className="WileyWidget.Tests.MainViewModelTests" name="SelectNextCommand_WrapsToFirstWidget" />
    </UnitTest>
    <UnitTest name="WileyWidget.Tests.MainViewModelTests.AddWidgetCommand_AddsWidgetToCollection" storage="c:\users\biges\desktop\wiley_widget\wileywidget.tests\bin\release\net9.0-windows\wileywidget.tests.dll" id="6cc406f6-5c68-c097-54c6-537a958e649e">
      <Execution id="8ad4d2f7-df9a-48c4-8a3a-eda0b16f80d9" />
      <TestMethod codeBase="C:\Users\biges\Desktop\Wiley_Widget\WileyWidget.Tests\bin\Release\net9.0-windows\WileyWidget.Tests.dll" adapterTypeName="executor://xunit/VsTestRunner2/netcoreapp" className="WileyWidget.Tests.MainViewModelTests" name="AddWidgetCommand_AddsWidgetToCollection" />
    </UnitTest>
    <UnitTest name="WileyWidget.Tests.BudgetInteractionTests.BudgetInteraction_MonthlyAmount_Validation(amount: 0.01, shouldBeValid: True)" storage="c:\users\biges\desktop\wiley_widget\wileywidget.tests\bin\release\net9.0-windows\wileywidget.tests.dll" id="14845400-28d3-9a25-f969-c0ad7612b7de">
      <Execution id="ddef5a7e-ae6c-4f04-b442-e34e8fa8d417" />
      <TestMethod codeBase="C:\Users\biges\Desktop\Wiley_Widget\WileyWidget.Tests\bin\Release\net9.0-windows\WileyWidget.Tests.dll" adapterTypeName="executor://xunit/VsTestRunner2/netcoreapp" className="WileyWidget.Tests.BudgetInteractionTests" name="BudgetInteraction_MonthlyAmount_Validation" />
    </UnitTest>
    <UnitTest name="WileyWidget.Tests.BudgetInteractionTests.BudgetInteraction_AcceptsVariousInteractionTypes(type: &quot;Transfer&quot;, expected: True)" storage="c:\users\biges\desktop\wiley_widget\wileywidget.tests\bin\release\net9.0-windows\wileywidget.tests.dll" id="53bedddd-9e7e-05b6-0db9-6c4d6523d66b">
      <Execution id="97435c46-3249-4d4d-abc3-3fb02c7b3699" />
      <TestMethod codeBase="C:\Users\biges\Desktop\Wiley_Widget\WileyWidget.Tests\bin\Release\net9.0-windows\WileyWidget.Tests.dll" adapterTypeName="executor://xunit/VsTestRunner2/netcoreapp" className="WileyWidget.Tests.BudgetInteractionTests" name="BudgetInteraction_AcceptsVariousInteractionTypes" />
    </UnitTest>
    <UnitTest name="WileyWidget.Tests.WidgetTests.Widget_FormattedPrice_ReturnsCorrectFormat(price: 1234.56, expected: &quot;$1,234.56&quot;)" storage="c:\users\biges\desktop\wiley_widget\wileywidget.tests\bin\release\net9.0-windows\wileywidget.tests.dll" id="2917a8ba-f7f9-5b6b-3575-162e1a2173ef">
      <Execution id="ba2576ed-2d21-4715-b259-e75550682c25" />
      <TestMethod codeBase="C:\Users\biges\Desktop\Wiley_Widget\WileyWidget.Tests\bin\Release\net9.0-windows\WileyWidget.Tests.dll" adapterTypeName="executor://xunit/VsTestRunner2/netcoreapp" className="WileyWidget.Tests.WidgetTests" name="Widget_FormattedPrice_ReturnsCorrectFormat" />
    </UnitTest>
    <UnitTest name="WileyWidget.Tests.BudgetInteractionTests.BudgetInteraction_AcceptsVariousInteractionTypes(type: &quot;Subsidy&quot;, expected: True)" storage="c:\users\biges\desktop\wiley_widget\wileywidget.tests\bin\release\net9.0-windows\wileywidget.tests.dll" id="8ca5b6cf-7541-b621-6329-c030b30b7745">
      <Execution id="f50b8b14-8c8a-4281-8224-549be678b02b" />
      <TestMethod codeBase="C:\Users\biges\Desktop\Wiley_Widget\WileyWidget.Tests\bin\Release\net9.0-windows\WileyWidget.Tests.dll" adapterTypeName="executor://xunit/VsTestRunner2/netcoreapp" className="WileyWidget.Tests.BudgetInteractionTests" name="BudgetInteraction_AcceptsVariousInteractionTypes" />
    </UnitTest>
    <UnitTest name="WileyWidget.Tests.BudgetInteractionTests.BudgetInteraction_InteractionType_Validation(type: &quot;SharedCost&quot;, shouldBeValid: True)" storage="c:\users\biges\desktop\wiley_widget\wileywidget.tests\bin\release\net9.0-windows\wileywidget.tests.dll" id="c79d0d0b-2c17-cda5-48a6-5d1589c048fd">
      <Execution id="0d8e5337-6194-45b1-ba04-4496cdb9c614" />
      <TestMethod codeBase="C:\Users\biges\Desktop\Wiley_Widget\WileyWidget.Tests\bin\Release\net9.0-windows\WileyWidget.Tests.dll" adapterTypeName="executor://xunit/VsTestRunner2/netcoreapp" className="WileyWidget.Tests.BudgetInteractionTests" name="BudgetInteraction_InteractionType_Validation" />
    </UnitTest>
    <UnitTest name="WileyWidget.Tests.EnterpriseModelTests.Enterprise_MonthlyExpenses_Validation(expenses: 1000, shouldBeValid: True)" storage="c:\users\biges\desktop\wiley_widget\wileywidget.tests\bin\release\net9.0-windows\wileywidget.tests.dll" id="9929003c-3c0b-e178-ebdf-bba67d8898cc">
      <Execution id="a3b6ec62-ca36-42f5-87cf-1ffff7bf7c89" />
      <TestMethod codeBase="C:\Users\biges\Desktop\Wiley_Widget\WileyWidget.Tests\bin\Release\net9.0-windows\WileyWidget.Tests.dll" adapterTypeName="executor://xunit/VsTestRunner2/netcoreapp" className="WileyWidget.Tests.EnterpriseModelTests" name="Enterprise_MonthlyExpenses_Validation" />
    </UnitTest>
    <UnitTest name="WileyWidget.Tests.MainViewModelTests.SelectNextCommand_HandlesEmptyList" storage="c:\users\biges\desktop\wiley_widget\wileywidget.tests\bin\release\net9.0-windows\wileywidget.tests.dll" id="b43e3dd0-44c9-3349-d80b-08150cc5294d">
      <Execution id="673aea78-9165-4963-8631-12d6306fe4b1" />
      <TestMethod codeBase="C:\Users\biges\Desktop\Wiley_Widget\WileyWidget.Tests\bin\Release\net9.0-windows\WileyWidget.Tests.dll" adapterTypeName="executor://xunit/VsTestRunner2/netcoreapp" className="WileyWidget.Tests.MainViewModelTests" name="SelectNextCommand_HandlesEmptyList" />
    </UnitTest>
    <UnitTest name="WileyWidget.Tests.EnterpriseTests.Enterprise_Name_Validation(name: &quot;This is a very long enterprise name that exceeds t&quot;···, shouldBeValid: False)" storage="c:\users\biges\desktop\wiley_widget\wileywidget.tests\bin\release\net9.0-windows\wileywidget.tests.dll" id="3d9418a8-7d7a-ace8-cce3-7f6d8639b60f">
      <Execution id="d02bd042-4b7d-4f38-8170-fb4b724aafad" />
      <TestMethod codeBase="C:\Users\biges\Desktop\Wiley_Widget\WileyWidget.Tests\bin\Release\net9.0-windows\WileyWidget.Tests.dll" adapterTypeName="executor://xunit/VsTestRunner2/netcoreapp" className="WileyWidget.Tests.EnterpriseTests" name="Enterprise_Name_Validation" />
    </UnitTest>
    <UnitTest name="WileyWidget.Tests.WidgetTests.Widget_DefaultValues_AreCorrect" storage="c:\users\biges\desktop\wiley_widget\wileywidget.tests\bin\release\net9.0-windows\wileywidget.tests.dll" id="174a61b8-26c2-f00a-4147-e3f64821944b">
      <Execution id="2c9ff122-af9b-43e0-91d5-9b9caf7f9113" />
      <TestMethod codeBase="C:\Users\biges\Desktop\Wiley_Widget\WileyWidget.Tests\bin\Release\net9.0-windows\WileyWidget.Tests.dll" adapterTypeName="executor://xunit/VsTestRunner2/netcoreapp" className="WileyWidget.Tests.WidgetTests" name="Widget_DefaultValues_AreCorrect" />
    </UnitTest>
    <UnitTest name="WileyWidget.Tests.DatabaseIntegrationTests.Repository_CalculatesBalanceCorrectly" storage="c:\users\biges\desktop\wiley_widget\wileywidget.tests\bin\release\net9.0-windows\wileywidget.tests.dll" id="31f7b449-2a75-9290-2b1b-c1e2846a3973">
      <Execution id="48c1d66c-75f4-486c-82c8-b3f09716a157" />
      <TestMethod codeBase="C:\Users\biges\Desktop\Wiley_Widget\WileyWidget.Tests\bin\Release\net9.0-windows\WileyWidget.Tests.dll" adapterTypeName="executor://xunit/VsTestRunner2/netcoreapp" className="WileyWidget.Tests.DatabaseIntegrationTests" name="Repository_CalculatesBalanceCorrectly" />
    </UnitTest>
    <UnitTest name="WileyWidget.Tests.EnterpriseModelTests.Enterprise_Name_Validation(name: &quot;A&quot;, shouldBeValid: True)" storage="c:\users\biges\desktop\wiley_widget\wileywidget.tests\bin\release\net9.0-windows\wileywidget.tests.dll" id="93bcc1b2-e756-be48-7f05-0eed9d834711">
      <Execution id="9e7ea232-9703-47f9-ae53-73c886147e73" />
      <TestMethod codeBase="C:\Users\biges\Desktop\Wiley_Widget\WileyWidget.Tests\bin\Release\net9.0-windows\WileyWidget.Tests.dll" adapterTypeName="executor://xunit/VsTestRunner2/netcoreapp" className="WileyWidget.Tests.EnterpriseModelTests" name="Enterprise_Name_Validation" />
    </UnitTest>
    <UnitTest name="WileyWidget.Tests.MainWindowUnitTests.NormalizeTheme_WithNull_ReturnsDefault" storage="c:\users\biges\desktop\wiley_widget\wileywidget.tests\bin\release\net9.0-windows\wileywidget.tests.dll" id="49c4f10e-2239-3841-978f-d0dc2d82b2ba">
      <Execution id="843be7cc-df84-49a0-ab53-60a5dfd4dc2b" />
      <TestMethod codeBase="C:\Users\biges\Desktop\Wiley_Widget\WileyWidget.Tests\bin\Release\net9.0-windows\WileyWidget.Tests.dll" adapterTypeName="executor://xunit/VsTestRunner2/netcoreapp" className="WileyWidget.Tests.MainWindowUnitTests" name="NormalizeTheme_WithNull_ReturnsDefault" />
    </UnitTest>
    <UnitTest name="WileyWidget.Tests.EnterpriseModelTests.Enterprise_BudgetStatus_ReturnsCorrectStatus(revenue: 2500, expenses: 2500, expectedStatus: &quot;Break-even&quot;)" storage="c:\users\biges\desktop\wiley_widget\wileywidget.tests\bin\release\net9.0-windows\wileywidget.tests.dll" id="ee7898df-a28c-6e8b-8e6c-3ec70bd001f9">
      <Execution id="2222efbc-c7d6-4619-a184-db4e66d796aa" />
      <TestMethod codeBase="C:\Users\biges\Desktop\Wiley_Widget\WileyWidget.Tests\bin\Release\net9.0-windows\WileyWidget.Tests.dll" adapterTypeName="executor://xunit/VsTestRunner2/netcoreapp" className="WileyWidget.Tests.EnterpriseModelTests" name="Enterprise_BudgetStatus_ReturnsCorrectStatus" />
    </UnitTest>
    <UnitTest name="WileyWidget.Tests.EnterpriseModelTests.Enterprise_Name_Validation(name: null, shouldBeValid: False)" storage="c:\users\biges\desktop\wiley_widget\wileywidget.tests\bin\release\net9.0-windows\wileywidget.tests.dll" id="4f4006d6-b3a2-e8ed-5bb3-4581fead82ab">
      <Execution id="9f23dd5b-3aa8-4914-af3a-4f17c171e7c3" />
      <TestMethod codeBase="C:\Users\biges\Desktop\Wiley_Widget\WileyWidget.Tests\bin\Release\net9.0-windows\WileyWidget.Tests.dll" adapterTypeName="executor://xunit/VsTestRunner2/netcoreapp" className="WileyWidget.Tests.EnterpriseModelTests" name="Enterprise_Name_Validation" />
    </UnitTest>
    <UnitTest name="WileyWidget.Tests.MainWindowUnitTests.LogSyncfusionControls_MethodExists" storage="c:\users\biges\desktop\wiley_widget\wileywidget.tests\bin\release\net9.0-windows\wileywidget.tests.dll" id="08055736-1e09-8961-dc89-8e2a25887239">
      <Execution id="9b119296-5118-428f-87e5-19d33fb29787" />
      <TestMethod codeBase="C:\Users\biges\Desktop\Wiley_Widget\WileyWidget.Tests\bin\Release\net9.0-windows\WileyWidget.Tests.dll" adapterTypeName="executor://xunit/VsTestRunner2/netcoreapp" className="WileyWidget.Tests.MainWindowUnitTests" name="LogSyncfusionControls_MethodExists" />
    </UnitTest>
    <UnitTest name="WileyWidget.Tests.DatabaseIntegrationTests.GetByIdAsync_ReturnsNullForNonExistentId" storage="c:\users\biges\desktop\wiley_widget\wileywidget.tests\bin\release\net9.0-windows\wileywidget.tests.dll" id="7d89b2b7-2e04-1507-fb4c-fafb91c62761">
      <Execution id="c58d58e5-f435-4a49-8655-fdeda99ea692" />
      <TestMethod codeBase="C:\Users\biges\Desktop\Wiley_Widget\WileyWidget.Tests\bin\Release\net9.0-windows\WileyWidget.Tests.dll" adapterTypeName="executor://xunit/VsTestRunner2/netcoreapp" className="WileyWidget.Tests.DatabaseIntegrationTests" name="GetByIdAsync_ReturnsNullForNonExistentId" />
    </UnitTest>
    <UnitTest name="WileyWidget.Tests.EnterpriseTests.Enterprise_CurrentRate_Validation(rate: 0, shouldBeValid: False)" storage="c:\users\biges\desktop\wiley_widget\wileywidget.tests\bin\release\net9.0-windows\wileywidget.tests.dll" id="418cae58-aba0-b522-845a-715b8b8313eb">
      <Execution id="23471204-5c17-41db-990e-2c6f8a169dde" />
      <TestMethod codeBase="C:\Users\biges\Desktop\Wiley_Widget\WileyWidget.Tests\bin\Release\net9.0-windows\WileyWidget.Tests.dll" adapterTypeName="executor://xunit/VsTestRunner2/netcoreapp" className="WileyWidget.Tests.EnterpriseTests" name="Enterprise_CurrentRate_Validation" />
    </UnitTest>
    <UnitTest name="WileyWidget.Tests.BudgetInteractionTests.BudgetInteraction_AcceptsVariousInteractionTypes(type: &quot;Dependency&quot;, expected: True)" storage="c:\users\biges\desktop\wiley_widget\wileywidget.tests\bin\release\net9.0-windows\wileywidget.tests.dll" id="2b9ee214-5fed-0842-d648-dd6ae7f87bc4">
      <Execution id="8fe9c60e-8902-4320-abec-563e7d23340c" />
      <TestMethod codeBase="C:\Users\biges\Desktop\Wiley_Widget\WileyWidget.Tests\bin\Release\net9.0-windows\WileyWidget.Tests.dll" adapterTypeName="executor://xunit/VsTestRunner2/netcoreapp" className="WileyWidget.Tests.BudgetInteractionTests" name="BudgetInteraction_AcceptsVariousInteractionTypes" />
    </UnitTest>
    <UnitTest name="WileyWidget.Tests.EnterpriseModelTests.Enterprise_CurrentRate_Validation(rate: 0.005, shouldBeValid: False)" storage="c:\users\biges\desktop\wiley_widget\wileywidget.tests\bin\release\net9.0-windows\wileywidget.tests.dll" id="00f90a30-6cfb-102f-2905-fe6964421a8d">
      <Execution id="9afa20a4-fed0-431a-a04c-b23e3e68dc0c" />
      <TestMethod codeBase="C:\Users\biges\Desktop\Wiley_Widget\WileyWidget.Tests\bin\Release\net9.0-windows\WileyWidget.Tests.dll" adapterTypeName="executor://xunit/VsTestRunner2/netcoreapp" className="WileyWidget.Tests.EnterpriseModelTests" name="Enterprise_CurrentRate_Validation" />
    </UnitTest>
    <UnitTest name="WileyWidget.Tests.BudgetInteractionTests.BudgetInteraction_IsCost_DefaultsToTrue" storage="c:\users\biges\desktop\wiley_widget\wileywidget.tests\bin\release\net9.0-windows\wileywidget.tests.dll" id="e624f24d-1a26-231f-cac9-67120c12c28b">
      <Execution id="2f990d8b-c46e-4fed-a209-3833a24bb216" />
      <TestMethod codeBase="C:\Users\biges\Desktop\Wiley_Widget\WileyWidget.Tests\bin\Release\net9.0-windows\WileyWidget.Tests.dll" adapterTypeName="executor://xunit/VsTestRunner2/netcoreapp" className="WileyWidget.Tests.BudgetInteractionTests" name="BudgetInteraction_IsCost_DefaultsToTrue" />
    </UnitTest>
    <UnitTest name="WileyWidget.Tests.BudgetInteractionTests.BudgetInteraction_AcceptsVariousInteractionTypes(type: &quot;SharedCost&quot;, expected: True)" storage="c:\users\biges\desktop\wiley_widget\wileywidget.tests\bin\release\net9.0-windows\wileywidget.tests.dll" id="f5f343b0-4673-4f25-285c-1b1fcba58589">
      <Execution id="3d7da307-430f-4b3a-9c50-cc747fc7b8b4" />
      <TestMethod codeBase="C:\Users\biges\Desktop\Wiley_Widget\WileyWidget.Tests\bin\Release\net9.0-windows\WileyWidget.Tests.dll" adapterTypeName="executor://xunit/VsTestRunner2/netcoreapp" className="WileyWidget.Tests.BudgetInteractionTests" name="BudgetInteraction_AcceptsVariousInteractionTypes" />
    </UnitTest>
  </TestDefinitions>
  <TestEntries>
    <TestEntry testId="d952c50c-d956-1f7c-9b09-2b7891193ead" executionId="d529e20c-5730-417f-ba12-1f69df451d25" testListId="8c84fa94-04c1-424b-9868-57a2d4851a1d" />
    <TestEntry testId="f0a76b98-d14b-1f50-1a55-b715fcdffb9d" executionId="fc2cc71b-c27f-446b-9b46-abc65c83cf00" testListId="8c84fa94-04c1-424b-9868-57a2d4851a1d" />
    <TestEntry testId="a72d91bf-1ba0-06c7-1002-ab2af50818f2" executionId="e83a00a9-bf00-407f-baaf-0ac4a1684fa7" testListId="8c84fa94-04c1-424b-9868-57a2d4851a1d" />
    <TestEntry testId="d106bb70-67c4-1dcc-e1c1-b1453099822c" executionId="61c6934c-16d8-43e7-b8cd-17a1b56d13f0" testListId="8c84fa94-04c1-424b-9868-57a2d4851a1d" />
    <TestEntry testId="8df32280-d2cc-aff4-2ff0-10224e8b8552" executionId="aa097c7c-515f-41da-b546-b19b6d012024" testListId="8c84fa94-04c1-424b-9868-57a2d4851a1d" />
    <TestEntry testId="2b9ee214-5fed-0842-d648-dd6ae7f87bc4" executionId="8fe9c60e-8902-4320-abec-563e7d23340c" testListId="8c84fa94-04c1-424b-9868-57a2d4851a1d" />
    <TestEntry testId="5d639713-4743-ccd9-2f90-7e9060b35c6a" executionId="940b2eb6-80ac-477c-8f7a-a35c7ad59761" testListId="8c84fa94-04c1-424b-9868-57a2d4851a1d" />
    <TestEntry testId="a4b79d30-1b57-4783-2bc5-b481543036fd" executionId="68290458-bd95-44fb-a9c5-639d264d4618" testListId="8c84fa94-04c1-424b-9868-57a2d4851a1d" />
    <TestEntry testId="cbeada98-fd74-8e95-0798-e8d59013190d" executionId="bddf3363-2318-475d-afa6-57a28cc49c6a" testListId="8c84fa94-04c1-424b-9868-57a2d4851a1d" />
    <TestEntry testId="51c34e63-97c0-5e10-af10-340556c65011" executionId="e5c60656-bea6-4ec5-b663-cac126a61335" testListId="8c84fa94-04c1-424b-9868-57a2d4851a1d" />
    <TestEntry testId="4a11ecda-ef05-73a1-b1d1-c3284d3e4afa" executionId="712dd031-56f1-4a5c-b933-106390a213a5" testListId="8c84fa94-04c1-424b-9868-57a2d4851a1d" />
    <TestEntry testId="87640105-c887-14a1-6f10-e810209647b1" executionId="d841b009-74e0-48d6-b069-84ca878bf069" testListId="8c84fa94-04c1-424b-9868-57a2d4851a1d" />
    <TestEntry testId="28afac11-75f2-4277-47ce-175ecd6d5bf3" executionId="d9d7fac3-174d-41cc-98a6-37b01bc44c1d" testListId="8c84fa94-04c1-424b-9868-57a2d4851a1d" />
    <TestEntry testId="ef0f0bc6-05a9-f4ec-9eaa-324bcd7d0328" executionId="8e968fc1-10f3-4fa7-9992-2586d45d25fe" testListId="8c84fa94-04c1-424b-9868-57a2d4851a1d" />
    <TestEntry testId="e72511ca-5da4-5e68-e2df-554a43fc47aa" executionId="884b8517-25e9-4aac-a455-b1ec0b972868" testListId="8c84fa94-04c1-424b-9868-57a2d4851a1d" />
    <TestEntry testId="97655ffa-dca1-a12a-5ad2-019d9211febe" executionId="84968876-19a9-4b13-8ca8-0f8e33ac7431" testListId="8c84fa94-04c1-424b-9868-57a2d4851a1d" />
    <TestEntry testId="e1f8a3e1-d467-b8d5-d368-b35a2dff4c81" executionId="37b350ed-6d74-4112-9ae7-a9556f35ddf6" testListId="8c84fa94-04c1-424b-9868-57a2d4851a1d" />
    <TestEntry testId="7d89b2b7-2e04-1507-fb4c-fafb91c62761" executionId="c58d58e5-f435-4a49-8655-fdeda99ea692" testListId="8c84fa94-04c1-424b-9868-57a2d4851a1d" />
    <TestEntry testId="20a34a95-a426-14ac-be1a-81af3da9062a" executionId="a4478032-cfea-4737-a7dc-a28a909b36b7" testListId="8c84fa94-04c1-424b-9868-57a2d4851a1d" />
    <TestEntry testId="9929003c-3c0b-e178-ebdf-bba67d8898cc" executionId="a3b6ec62-ca36-42f5-87cf-1ffff7bf7c89" testListId="8c84fa94-04c1-424b-9868-57a2d4851a1d" />
    <TestEntry testId="9d53fc33-d776-6625-1b0a-4b6f01111549" executionId="1b278aa0-1121-4e3d-9e33-c8aace80e524" testListId="8c84fa94-04c1-424b-9868-57a2d4851a1d" />
    <TestEntry testId="40c28db5-98d0-9ac0-459d-782c32a105ab" executionId="2451d2b8-b5a8-49b9-9c79-efc0ac93b4af" testListId="8c84fa94-04c1-424b-9868-57a2d4851a1d" />
    <TestEntry testId="59a77b29-012a-7f31-5abd-f2349c80ceff" executionId="96a9ce23-51e6-4aaa-a1d3-daebdf6fa49d" testListId="8c84fa94-04c1-424b-9868-57a2d4851a1d" />
    <TestEntry testId="69a6cf07-6d56-fd82-65cd-93be98d990d5" executionId="4644005e-c4de-45c7-bda0-bc08d450ad6f" testListId="8c84fa94-04c1-424b-9868-57a2d4851a1d" />
    <TestEntry testId="04dd675b-629e-a516-a8ca-baee13393506" executionId="af97be5a-271d-4525-bca9-feea7b6e9177" testListId="8c84fa94-04c1-424b-9868-57a2d4851a1d" />
    <TestEntry testId="c888132b-1015-a40a-2843-8a77b9425be8" executionId="55ece466-7685-4ea9-941e-66b8df5670f9" testListId="8c84fa94-04c1-424b-9868-57a2d4851a1d" />
    <TestEntry testId="a4f037bc-7338-9135-cfbf-a9e8758843b8" executionId="30b8d8a2-5ea3-479b-ae54-04051b957df7" testListId="8c84fa94-04c1-424b-9868-57a2d4851a1d" />
    <TestEntry testId="888d2b50-7b6d-6c90-d0fe-ec32083e79d4" executionId="37da2c93-793d-4a72-af1d-37fc184b15b7" testListId="8c84fa94-04c1-424b-9868-57a2d4851a1d" />
    <TestEntry testId="a2810c54-2114-8e84-bfe9-f4d0a5267d1f" executionId="18c967dc-e830-4fc3-b9cc-c6c7b6178628" testListId="8c84fa94-04c1-424b-9868-57a2d4851a1d" />
    <TestEntry testId="118c5093-dd4d-05af-5b6d-0f37c0d730c3" executionId="ac9a0230-e651-49ed-8b63-e815065a0732" testListId="8c84fa94-04c1-424b-9868-57a2d4851a1d" />
    <TestEntry testId="52b06d6e-0e7b-45f1-e848-734105f0bc9a" executionId="03c3acd9-dd85-4c18-8b75-a981a6db13a9" testListId="8c84fa94-04c1-424b-9868-57a2d4851a1d" />
    <TestEntry testId="a590d7ab-a37d-241b-b41d-e926aae9e190" executionId="e3afa312-fc92-4a86-a2ef-8062fe23ab39" testListId="8c84fa94-04c1-424b-9868-57a2d4851a1d" />
    <TestEntry testId="be33b031-b799-d68d-9ac7-4be6a20a63bc" executionId="573a994b-3b51-4354-af74-a375ff295304" testListId="8c84fa94-04c1-424b-9868-57a2d4851a1d" />
    <TestEntry testId="4a107ce6-33da-a97e-bc39-9415fc198e08" executionId="16651a21-118b-43b7-aedc-ced3a0306f9e" testListId="8c84fa94-04c1-424b-9868-57a2d4851a1d" />
    <TestEntry testId="c093cc50-deee-4751-29ce-343ea9d35c10" executionId="bbb0b3f7-29b1-4549-9453-eb69f3af2320" testListId="8c84fa94-04c1-424b-9868-57a2d4851a1d" />
    <TestEntry testId="bab73118-bcc5-733a-969d-4c306d5de5ef" executionId="80ed4af4-accd-4ebd-9ecb-fa437acad25d" testListId="8c84fa94-04c1-424b-9868-57a2d4851a1d" />
    <TestEntry testId="1a019a48-5289-21b6-90e2-05f5df28d217" executionId="76aa861f-813c-46a9-9441-d979182a8cf7" testListId="8c84fa94-04c1-424b-9868-57a2d4851a1d" />
    <TestEntry testId="d72bcf70-eede-0359-7f9b-84883d87f42f" executionId="9d63aa57-2570-47f4-ab07-afab4dd0a7de" testListId="8c84fa94-04c1-424b-9868-57a2d4851a1d" />
    <TestEntry testId="de72c0f3-fa26-9d6c-6ca7-32a0c98717f3" executionId="190ab9e7-0b1d-4d54-944f-691d80333888" testListId="8c84fa94-04c1-424b-9868-57a2d4851a1d" />
    <TestEntry testId="53bedddd-9e7e-05b6-0db9-6c4d6523d66b" executionId="97435c46-3249-4d4d-abc3-3fb02c7b3699" testListId="8c84fa94-04c1-424b-9868-57a2d4851a1d" />
    <TestEntry testId="90cb2182-2da9-b142-9e98-2812635b6bad" executionId="db7d57a0-9c7c-413b-b626-3c8780ab1cae" testListId="8c84fa94-04c1-424b-9868-57a2d4851a1d" />
    <TestEntry testId="cc0265d4-60a7-3f55-fdff-2713f678dbad" executionId="ec4b8db1-7acc-4de7-b2c9-7b5049725aca" testListId="8c84fa94-04c1-424b-9868-57a2d4851a1d" />
    <TestEntry testId="2eed4695-e3e7-5a59-502b-92e7e53fb8f1" executionId="ce2c4ffe-1937-414f-86f6-8a93c4ed1034" testListId="8c84fa94-04c1-424b-9868-57a2d4851a1d" />
    <TestEntry testId="e5321f6f-e5a1-6e5b-e713-11e01758bd01" executionId="862547ff-6f19-4b91-8797-809867a6970d" testListId="8c84fa94-04c1-424b-9868-57a2d4851a1d" />
    <TestEntry testId="266048de-3f2b-fdbd-2e09-1b7eae8e8964" executionId="18ccf1ec-47c4-4f08-ba00-d6806d290d9b" testListId="8c84fa94-04c1-424b-9868-57a2d4851a1d" />
    <TestEntry testId="1340ffff-d167-8c9f-1446-195b0fb1d86f" executionId="18e0ac5f-79c5-42e5-9062-72e6172d47c3" testListId="8c84fa94-04c1-424b-9868-57a2d4851a1d" />
    <TestEntry testId="f1c4230d-c873-a695-bf0b-dd9c7f8ad220" executionId="cb1073c1-01d2-4671-bc39-931f2bd9d7dc" testListId="8c84fa94-04c1-424b-9868-57a2d4851a1d" />
    <TestEntry testId="6f8045c6-6937-39f1-af17-4e72f663e3b7" executionId="8b812a59-80d7-4ca0-bc7d-9baec1e1a13c" testListId="8c84fa94-04c1-424b-9868-57a2d4851a1d" />
    <TestEntry testId="e472ca0e-4d1f-2cb2-ae79-f619786a7e3f" executionId="6fd63b5b-4b3c-45e1-86b1-c498e93c6fc3" testListId="8c84fa94-04c1-424b-9868-57a2d4851a1d" />
    <TestEntry testId="8b1e5a88-d61f-8bfb-af7a-001ec194b46c" executionId="b005da8c-5198-43a0-a0c5-a1cbeea6ac0f" testListId="8c84fa94-04c1-424b-9868-57a2d4851a1d" />
    <TestEntry testId="b43e3dd0-44c9-3349-d80b-08150cc5294d" executionId="673aea78-9165-4963-8631-12d6306fe4b1" testListId="8c84fa94-04c1-424b-9868-57a2d4851a1d" />
    <TestEntry testId="8b807870-505b-71ed-7f55-1b57860f38f6" executionId="f58d2845-b606-41bf-b2a4-3fc23bbe202c" testListId="8c84fa94-04c1-424b-9868-57a2d4851a1d" />
    <TestEntry testId="b7c1d19c-bee4-911c-3a8a-0800f7a4f194" executionId="44283583-bc8c-4fce-961b-4e64c1c47fec" testListId="8c84fa94-04c1-424b-9868-57a2d4851a1d" />
    <TestEntry testId="7cf3aa98-98eb-f226-4182-b485eaa19c16" executionId="8ec33ab3-c651-4f98-9b31-3774605c70e9" testListId="8c84fa94-04c1-424b-9868-57a2d4851a1d" />
    <TestEntry testId="168ae476-6639-8347-6432-3fafc0d8f784" executionId="cb0e3223-25d6-4492-90a0-594943af206c" testListId="8c84fa94-04c1-424b-9868-57a2d4851a1d" />
    <TestEntry testId="0d4e12bb-b410-10f4-ea79-224ef1ad4ec2" executionId="8f38ac3d-626d-4e86-a388-0bc7fda5fc0b" testListId="8c84fa94-04c1-424b-9868-57a2d4851a1d" />
    <TestEntry testId="4e31e5ac-795c-6664-b1e1-6987564c4e12" executionId="98b1d08d-4aa1-4bf6-b984-92fb8e646aed" testListId="8c84fa94-04c1-424b-9868-57a2d4851a1d" />
    <TestEntry testId="5903b2e2-620c-d805-6dec-cff9749cf54d" executionId="f079292c-2001-43be-a55d-ac8d2fa01d86" testListId="8c84fa94-04c1-424b-9868-57a2d4851a1d" />
    <TestEntry testId="44e15a9e-b1db-5915-a9b2-5e9b239ca9b3" executionId="31fed344-34ce-4803-80a7-ff9a925e4bdb" testListId="8c84fa94-04c1-424b-9868-57a2d4851a1d" />
    <TestEntry testId="df5aec0e-ef6f-cdc6-14fa-f5e50593b465" executionId="856687c7-b51d-48f3-ab6f-6a5dc1ac0e20" testListId="8c84fa94-04c1-424b-9868-57a2d4851a1d" />
    <TestEntry testId="73c56291-a896-78c5-1d0e-13918f0ef198" executionId="ebb3e49e-5d88-4500-a8c0-86edbf3350a2" testListId="8c84fa94-04c1-424b-9868-57a2d4851a1d" />
    <TestEntry testId="6cdef057-5472-5dc2-1e24-0c140874339b" executionId="4ba05e24-61d3-4084-8bd1-d0c0948c8881" testListId="8c84fa94-04c1-424b-9868-57a2d4851a1d" />
    <TestEntry testId="4496488f-c883-aa7a-35a7-d9dbf4a2d3b2" executionId="883fb894-d700-4a1e-8a2a-cb78a356e793" testListId="8c84fa94-04c1-424b-9868-57a2d4851a1d" />
    <TestEntry testId="efe067a6-c350-5edd-6794-b1c41a457952" executionId="68aad6c3-8e5c-4236-9170-7a3f9412ed55" testListId="8c84fa94-04c1-424b-9868-57a2d4851a1d" />
    <TestEntry testId="20d48984-149e-52a8-e707-e7c8d17f3d51" executionId="fd95e7bf-b482-4d28-ab82-c6d4ed0f7a2e" testListId="8c84fa94-04c1-424b-9868-57a2d4851a1d" />
    <TestEntry testId="9c4061d1-7b4d-72a8-5d62-324df6948592" executionId="88a73a78-6335-4d49-87a5-31fdd515d11c" testListId="8c84fa94-04c1-424b-9868-57a2d4851a1d" />
    <TestEntry testId="3df038af-1fe3-8eba-40c5-e3791363704f" executionId="3d306302-8965-496d-8ca9-7f9e48537188" testListId="8c84fa94-04c1-424b-9868-57a2d4851a1d" />
    <TestEntry testId="12ac1ad0-f92b-82ce-7643-dcc2a493cae6" executionId="9f26504d-2849-4a43-a023-9cae2021a3f9" testListId="8c84fa94-04c1-424b-9868-57a2d4851a1d" />
    <TestEntry testId="ed2fc56e-1956-21e4-fa3d-840c8fe46677" executionId="bc20e482-827c-49f3-b681-d4b555799ad2" testListId="8c84fa94-04c1-424b-9868-57a2d4851a1d" />
    <TestEntry testId="ca7752fd-c28a-2eb8-8f5e-49b6ef0284d8" executionId="31c6251e-68d1-47b4-a176-1cf104613cc7" testListId="8c84fa94-04c1-424b-9868-57a2d4851a1d" />
    <TestEntry testId="abe5bbbb-5c34-074f-41c7-88d40b3e23b8" executionId="3361dbb5-bd1e-4246-9fb2-e97a9179ca82" testListId="8c84fa94-04c1-424b-9868-57a2d4851a1d" />
    <TestEntry testId="fdd256aa-95b4-4138-ef57-428d9bd57c15" executionId="ee71bc2f-5bc2-4751-9062-cab01d9e0898" testListId="8c84fa94-04c1-424b-9868-57a2d4851a1d" />
    <TestEntry testId="e347da39-e3d7-9818-2827-c6fcf2b4c69d" executionId="7af80f25-0c80-4297-8d88-7fd77896e6f2" testListId="8c84fa94-04c1-424b-9868-57a2d4851a1d" />
    <TestEntry testId="93f87e80-68d8-ef6d-e92d-98707d05f82e" executionId="c8bbca76-e644-4aa3-9dcd-04b0a0a676bc" testListId="8c84fa94-04c1-424b-9868-57a2d4851a1d" />
    <TestEntry testId="cb3b465a-00da-a1e4-c2c6-1368be36d3e5" executionId="bd18656c-c50b-415f-8208-73482174a7ff" testListId="8c84fa94-04c1-424b-9868-57a2d4851a1d" />
    <TestEntry testId="14845400-28d3-9a25-f969-c0ad7612b7de" executionId="ddef5a7e-ae6c-4f04-b442-e34e8fa8d417" testListId="8c84fa94-04c1-424b-9868-57a2d4851a1d" />
    <TestEntry testId="4f96b557-5805-2ffc-7a99-6d790882f18b" executionId="84e92df8-c167-415a-ae69-580fab9b0eb7" testListId="8c84fa94-04c1-424b-9868-57a2d4851a1d" />
    <TestEntry testId="b211dea4-7dcd-20f5-d31b-47d61cf807dd" executionId="91b091dc-ffde-439a-bd91-5471722a99f3" testListId="8c84fa94-04c1-424b-9868-57a2d4851a1d" />
    <TestEntry testId="a9dc7ce3-2ee9-2217-fa87-9dcfd65a9dfd" executionId="16d1754c-ce44-4f88-b5bd-c29c5984df13" testListId="8c84fa94-04c1-424b-9868-57a2d4851a1d" />
    <TestEntry testId="0121a31e-93ae-d153-ca29-460cffa0b710" executionId="b5f69f21-234c-4b3b-9b4c-1d12042cbe01" testListId="8c84fa94-04c1-424b-9868-57a2d4851a1d" />
    <TestEntry testId="c0f826c4-a2e8-a2fe-55fc-c1924806102d" executionId="5ffb235a-bdb2-4c0a-9058-fa41a5371adb" testListId="8c84fa94-04c1-424b-9868-57a2d4851a1d" />
    <TestEntry testId="bc7d1dad-4626-c238-a1b7-51e0ec90dede" executionId="acbfa672-d7d7-47d6-83e4-6f0d8e96eec3" testListId="8c84fa94-04c1-424b-9868-57a2d4851a1d" />
    <TestEntry testId="c79d0d0b-2c17-cda5-48a6-5d1589c048fd" executionId="0d8e5337-6194-45b1-ba04-4496cdb9c614" testListId="8c84fa94-04c1-424b-9868-57a2d4851a1d" />
    <TestEntry testId="0203bce8-8571-4fae-356f-d40949bb5a7d" executionId="e9ffa003-5155-42b2-a181-7d7fd2caeb19" testListId="8c84fa94-04c1-424b-9868-57a2d4851a1d" />
    <TestEntry testId="6fb64c30-f462-9da3-d1f6-08832453c990" executionId="adb78f73-060d-43a2-a5dd-2856eb5b2235" testListId="8c84fa94-04c1-424b-9868-57a2d4851a1d" />
    <TestEntry testId="2b6d2d98-9ff2-0efc-9085-3c305df50a78" executionId="cb691d18-cf3a-49d1-af07-eef52074a1e5" testListId="8c84fa94-04c1-424b-9868-57a2d4851a1d" />
    <TestEntry testId="7616251f-ba10-2865-c7c0-878cebe0f9bd" executionId="2a77c715-ad9b-473a-935b-45d13c352192" testListId="8c84fa94-04c1-424b-9868-57a2d4851a1d" />
    <TestEntry testId="cda48384-02ec-e8bf-7f92-391e842be3cc" executionId="d9982b86-5770-445b-aae6-79eadab3426b" testListId="8c84fa94-04c1-424b-9868-57a2d4851a1d" />
    <TestEntry testId="9f5c146e-0566-da9b-266b-e05a1f45f5d6" executionId="1019d3ba-5682-47f1-9692-5fe98bd8c127" testListId="8c84fa94-04c1-424b-9868-57a2d4851a1d" />
    <TestEntry testId="2beb22ae-6dec-0df2-163d-82054723e892" executionId="579239b8-f196-4b79-a8ff-979afb67c236" testListId="8c84fa94-04c1-424b-9868-57a2d4851a1d" />
    <TestEntry testId="2969f2e0-70ae-84d9-8527-e1ee638f4f9b" executionId="f6b06864-5a5b-47f3-9aa8-0f027670e3f0" testListId="8c84fa94-04c1-424b-9868-57a2d4851a1d" />
    <TestEntry testId="0c08c2f7-584f-44de-79b5-e35ec9541cbd" executionId="592e2f29-2e6d-4eb1-9285-4593672015f6" testListId="8c84fa94-04c1-424b-9868-57a2d4851a1d" />
    <TestEntry testId="f4baf935-db3b-a3f6-b56f-3df0f1893080" executionId="25968ae4-9553-441b-8ae9-ceb24f70a7e8" testListId="8c84fa94-04c1-424b-9868-57a2d4851a1d" />
    <TestEntry testId="8d616601-23ef-0d6f-a99d-c5f9d126d4fa" executionId="ff742fee-0c52-4559-a3ff-acfe8872644f" testListId="8c84fa94-04c1-424b-9868-57a2d4851a1d" />
    <TestEntry testId="4ae2e854-082e-d2d9-91f7-448e1ba75efb" executionId="b3785b67-865f-4447-8b14-064b04d28e64" testListId="8c84fa94-04c1-424b-9868-57a2d4851a1d" />
    <TestEntry testId="02a84783-afd8-9efb-6906-833a0d912242" executionId="f948a4b9-bb50-4369-a5b8-da7599d5bd44" testListId="8c84fa94-04c1-424b-9868-57a2d4851a1d" />
    <TestEntry testId="c92dc833-fd57-a263-2b90-5a13ee4f5081" executionId="ab253389-b56d-4037-a77d-9f77e9dfaed8" testListId="8c84fa94-04c1-424b-9868-57a2d4851a1d" />
    <TestEntry testId="2917a8ba-f7f9-5b6b-3575-162e1a2173ef" executionId="ba2576ed-2d21-4715-b259-e75550682c25" testListId="8c84fa94-04c1-424b-9868-57a2d4851a1d" />
    <TestEntry testId="e4fcf31a-94fb-bdf3-84e1-475471212d0f" executionId="f61230d6-2487-4103-90e1-8b69c0231744" testListId="8c84fa94-04c1-424b-9868-57a2d4851a1d" />
    <TestEntry testId="efa2ee80-8a84-ce7d-1850-d99aa3c2923a" executionId="fdf5809f-1dac-43cb-98aa-fbbf873fb4e4" testListId="8c84fa94-04c1-424b-9868-57a2d4851a1d" />
    <TestEntry testId="8ca5b6cf-7541-b621-6329-c030b30b7745" executionId="f50b8b14-8c8a-4281-8224-549be678b02b" testListId="8c84fa94-04c1-424b-9868-57a2d4851a1d" />
    <TestEntry testId="668e1389-6a17-867c-cc8c-409430f2326f" executionId="4a09c22e-49f6-45c4-a722-6c25348d8b18" testListId="8c84fa94-04c1-424b-9868-57a2d4851a1d" />
    <TestEntry testId="ee7898df-a28c-6e8b-8e6c-3ec70bd001f9" executionId="2222efbc-c7d6-4619-a184-db4e66d796aa" testListId="8c84fa94-04c1-424b-9868-57a2d4851a1d" />
    <TestEntry testId="510fe505-3d5e-fa04-5438-1019c48dc099" executionId="bc5ef8fc-3a1d-436d-8780-46a29cf8ce17" testListId="8c84fa94-04c1-424b-9868-57a2d4851a1d" />
    <TestEntry testId="7fe76a3a-9ac6-6844-b5f7-d4331eae2413" executionId="f7c8eadc-e4ed-45c7-a4c2-6a22780bd905" testListId="8c84fa94-04c1-424b-9868-57a2d4851a1d" />
    <TestEntry testId="d6a8afd6-4dff-6792-90e1-49cce70d3116" executionId="6dd70a56-207c-4099-84cf-acc3acc383f6" testListId="8c84fa94-04c1-424b-9868-57a2d4851a1d" />
    <TestEntry testId="5f349e6c-e09e-70aa-e134-6073e4276708" executionId="1e7cee90-c7d4-447a-93e7-5dc68c69fbee" testListId="8c84fa94-04c1-424b-9868-57a2d4851a1d" />
    <TestEntry testId="d76fce68-3bca-b1a7-0e69-ec7736a35394" executionId="b69e269e-c0a9-4566-b663-f081b5e05cf0" testListId="8c84fa94-04c1-424b-9868-57a2d4851a1d" />
    <TestEntry testId="4f4006d6-b3a2-e8ed-5bb3-4581fead82ab" executionId="9f23dd5b-3aa8-4914-af3a-4f17c171e7c3" testListId="8c84fa94-04c1-424b-9868-57a2d4851a1d" />
    <TestEntry testId="59042f06-6aea-38ed-f31b-f481b684060f" executionId="ae3eeda2-7946-4fec-9ca4-9bc7e9fa248f" testListId="8c84fa94-04c1-424b-9868-57a2d4851a1d" />
    <TestEntry testId="c47db43f-5871-4aa9-b457-92ab04b7b502" executionId="956b86a4-ef0c-4aad-9d21-8e4a0f87ca98" testListId="8c84fa94-04c1-424b-9868-57a2d4851a1d" />
    <TestEntry testId="20fc74fb-086b-510b-ae28-7341d9a3029b" executionId="509152e3-58ce-4d76-b9eb-2e0966c279f8" testListId="8c84fa94-04c1-424b-9868-57a2d4851a1d" />
    <TestEntry testId="974b0525-eec9-9c0d-84c0-1e28bcdfdce9" executionId="3309087a-ceaf-4d0e-9d62-0ec689fb5b8a" testListId="8c84fa94-04c1-424b-9868-57a2d4851a1d" />
    <TestEntry testId="0a00e6cb-49af-1b97-d7b2-bbdf194a8118" executionId="aedadbd3-cf80-47b0-992d-4a3562e04ddc" testListId="8c84fa94-04c1-424b-9868-57a2d4851a1d" />
    <TestEntry testId="f0564e38-0932-37f9-f2ec-c59c84e4f319" executionId="460f833d-dafc-4c87-aaa0-a6085e23ac45" testListId="8c84fa94-04c1-424b-9868-57a2d4851a1d" />
    <TestEntry testId="648bd338-a756-e64d-b4be-6a55c8a8cbe8" executionId="f918ec2f-34b3-4c51-aae6-b7f5006881d9" testListId="8c84fa94-04c1-424b-9868-57a2d4851a1d" />
    <TestEntry testId="e624f24d-1a26-231f-cac9-67120c12c28b" executionId="2f990d8b-c46e-4fed-a209-3833a24bb216" testListId="8c84fa94-04c1-424b-9868-57a2d4851a1d" />
    <TestEntry testId="40809d6b-32d3-2519-3f96-4116b092b054" executionId="f7212f39-4514-4fe1-a72c-1013e2abaafc" testListId="8c84fa94-04c1-424b-9868-57a2d4851a1d" />
    <TestEntry testId="97486250-1fe8-66a0-17d4-9ab973b2b619" executionId="86a33d31-7767-413c-b593-34e6aa397ebe" testListId="8c84fa94-04c1-424b-9868-57a2d4851a1d" />
    <TestEntry testId="d332a652-b311-2f6e-2247-c3ce44c290ae" executionId="e993b16d-34c6-4f5c-8972-886e7c60740f" testListId="8c84fa94-04c1-424b-9868-57a2d4851a1d" />
    <TestEntry testId="4bf0c2ec-7a7c-f8d8-6f1c-1f46f24b0af1" executionId="c02a2cfc-b26a-4f8a-b093-51ba4354edad" testListId="8c84fa94-04c1-424b-9868-57a2d4851a1d" />
    <TestEntry testId="62021b67-5876-d70c-80d9-db2ebaaf208a" executionId="a8afffd2-f650-44af-ba1f-04147a0f4db7" testListId="8c84fa94-04c1-424b-9868-57a2d4851a1d" />
    <TestEntry testId="7246089f-63b6-7ef4-dd1c-f0a97a0cbf37" executionId="b8d8b641-9b25-4136-a7ed-d6605092ce11" testListId="8c84fa94-04c1-424b-9868-57a2d4851a1d" />
    <TestEntry testId="1d6cc74e-b1aa-d571-8164-59cf85bf66e7" executionId="d8c6c8a5-4a10-442b-805b-e979f78559e6" testListId="8c84fa94-04c1-424b-9868-57a2d4851a1d" />
    <TestEntry testId="85ee0bd4-7821-b257-c0c8-28e38b9ba9de" executionId="2c8ff28e-c678-4d50-bdfd-e388c79575ca" testListId="8c84fa94-04c1-424b-9868-57a2d4851a1d" />
    <TestEntry testId="216d7b3f-febd-5cd7-9636-60001f76e735" executionId="72bf5a53-5b6f-4a5b-8374-731848e64192" testListId="8c84fa94-04c1-424b-9868-57a2d4851a1d" />
    <TestEntry testId="93b4d7b9-17c9-4651-e29a-009cb361e97b" executionId="6860e318-fd6a-452a-bf43-7a1857e79a33" testListId="8c84fa94-04c1-424b-9868-57a2d4851a1d" />
    <TestEntry testId="93bcc1b2-e756-be48-7f05-0eed9d834711" executionId="9e7ea232-9703-47f9-ae53-73c886147e73" testListId="8c84fa94-04c1-424b-9868-57a2d4851a1d" />
    <TestEntry testId="7bcc6455-9ef8-ed52-9eb1-702e76df051d" executionId="8d446d00-21a9-470e-ab15-ee2189bc6118" testListId="8c84fa94-04c1-424b-9868-57a2d4851a1d" />
    <TestEntry testId="10b1ef9a-89d0-7820-4fdf-06d433c43486" executionId="e89f2a97-e3c3-4126-9d7b-7a2ec1ebb20b" testListId="8c84fa94-04c1-424b-9868-57a2d4851a1d" />
    <TestEntry testId="19841e8f-f411-41cb-ae2b-9bc38aa5560d" executionId="38b9f629-fcdd-4082-be5a-74b9370ffc66" testListId="8c84fa94-04c1-424b-9868-57a2d4851a1d" />
    <TestEntry testId="67185dae-1bb2-aa49-e096-b7b20c6fe73a" executionId="06ab5b55-5b84-4293-b1f8-8ec7318fcdc9" testListId="8c84fa94-04c1-424b-9868-57a2d4851a1d" />
    <TestEntry testId="2f6535a3-ca21-5a5e-d2ea-27f9db0d9635" executionId="b063d93c-3d5d-444f-bf27-cc99377cc69d" testListId="8c84fa94-04c1-424b-9868-57a2d4851a1d" />
    <TestEntry testId="3f32ff24-dbe4-5b18-602e-bcc79c03a51a" executionId="df99a745-1bec-48f3-aa77-695f0444b800" testListId="8c84fa94-04c1-424b-9868-57a2d4851a1d" />
    <TestEntry testId="917950f3-8248-2f78-cc8c-99370e6626ab" executionId="1df0f4e9-f27f-4e5a-b6c6-a2c92857b5b6" testListId="8c84fa94-04c1-424b-9868-57a2d4851a1d" />
    <TestEntry testId="83034d6a-ea47-0b26-b3c3-520cb2f8b99c" executionId="f3a2ac3a-1e4e-4249-b11b-4060a76dbc10" testListId="8c84fa94-04c1-424b-9868-57a2d4851a1d" />
    <TestEntry testId="e7df05ca-3552-2715-64b0-211740e8ec70" executionId="4e317b35-65a6-4ba9-a16c-d1ed5645adde" testListId="8c84fa94-04c1-424b-9868-57a2d4851a1d" />
    <TestEntry testId="25b8fb25-b35c-750d-fc82-a043fadd7008" executionId="b868cb9a-ef57-49e4-bdc7-8ce8df53ac7b" testListId="8c84fa94-04c1-424b-9868-57a2d4851a1d" />
    <TestEntry testId="f5f343b0-4673-4f25-285c-1b1fcba58589" executionId="3d7da307-430f-4b3a-9c50-cc747fc7b8b4" testListId="8c84fa94-04c1-424b-9868-57a2d4851a1d" />
    <TestEntry testId="33627335-316c-cbc4-3f2e-4374d3f98bd0" executionId="3270308e-c36e-435b-badf-a77c5338ff3e" testListId="8c84fa94-04c1-424b-9868-57a2d4851a1d" />
    <TestEntry testId="ccef2ce7-f385-9fbf-3fdd-191327867f3d" executionId="40e2a2ed-bd8d-46ac-bc42-47801431d3d1" testListId="8c84fa94-04c1-424b-9868-57a2d4851a1d" />
    <TestEntry testId="d621bb97-a6a4-4797-ce4f-9813ccfba719" executionId="c6f1af36-b185-470f-9d44-e673f54ea84c" testListId="8c84fa94-04c1-424b-9868-57a2d4851a1d" />
    <TestEntry testId="c99ffb98-6608-7343-fd97-cece2671f5c7" executionId="97ab89ff-17e5-43ae-8b74-3b411df6cf92" testListId="8c84fa94-04c1-424b-9868-57a2d4851a1d" />
    <TestEntry testId="3c697a19-d738-59c1-c19c-a483654a946e" executionId="14d94529-a009-417d-8056-344af4c6cbdb" testListId="8c84fa94-04c1-424b-9868-57a2d4851a1d" />
    <TestEntry testId="c596acca-eaa8-2cfc-b6e4-d65d1f704c2d" executionId="3f50bf9b-6bd9-497c-9f88-e86a5b77ebb7" testListId="8c84fa94-04c1-424b-9868-57a2d4851a1d" />
    <TestEntry testId="6cc406f6-5c68-c097-54c6-537a958e649e" executionId="8ad4d2f7-df9a-48c4-8a3a-eda0b16f80d9" testListId="8c84fa94-04c1-424b-9868-57a2d4851a1d" />
    <TestEntry testId="80a94af4-7913-fd5c-01c4-b92eec2e4015" executionId="1173b193-1e7f-49ba-8b38-45bc51723d55" testListId="8c84fa94-04c1-424b-9868-57a2d4851a1d" />
    <TestEntry testId="31f7b449-2a75-9290-2b1b-c1e2846a3973" executionId="48c1d66c-75f4-486c-82c8-b3f09716a157" testListId="8c84fa94-04c1-424b-9868-57a2d4851a1d" />
    <TestEntry testId="08055736-1e09-8961-dc89-8e2a25887239" executionId="9b119296-5118-428f-87e5-19d33fb29787" testListId="8c84fa94-04c1-424b-9868-57a2d4851a1d" />
    <TestEntry testId="e82f29b2-da2d-1de7-97e4-1ecb0f1224d5" executionId="6e7b1714-b866-413f-b2bc-166e86734f33" testListId="8c84fa94-04c1-424b-9868-57a2d4851a1d" />
    <TestEntry testId="3d9418a8-7d7a-ace8-cce3-7f6d8639b60f" executionId="d02bd042-4b7d-4f38-8170-fb4b724aafad" testListId="8c84fa94-04c1-424b-9868-57a2d4851a1d" />
    <TestEntry testId="a1485da4-493d-cd3d-9e47-0f99906d1c2c" executionId="319cca68-6d09-46cc-a87c-6a0371eddd5b" testListId="8c84fa94-04c1-424b-9868-57a2d4851a1d" />
    <TestEntry testId="a870daa8-df1f-ef82-e638-57d5f0b05d91" executionId="2ecce28e-b959-44f1-9c99-abb4b7f7a413" testListId="8c84fa94-04c1-424b-9868-57a2d4851a1d" />
    <TestEntry testId="49c4f10e-2239-3841-978f-d0dc2d82b2ba" executionId="843be7cc-df84-49a0-ab53-60a5dfd4dc2b" testListId="8c84fa94-04c1-424b-9868-57a2d4851a1d" />
    <TestEntry testId="174a61b8-26c2-f00a-4147-e3f64821944b" executionId="2c9ff122-af9b-43e0-91d5-9b9caf7f9113" testListId="8c84fa94-04c1-424b-9868-57a2d4851a1d" />
    <TestEntry testId="4d20292b-dbaf-eee0-cf45-638c0a52c116" executionId="90d9a26a-310b-4ee2-94d1-6a0414e2c8b6" testListId="8c84fa94-04c1-424b-9868-57a2d4851a1d" />
    <TestEntry testId="250861d5-9d13-68af-2b01-b8c47d52fcf2" executionId="50bbdc6a-70f2-416d-aa11-a935eb5097c5" testListId="8c84fa94-04c1-424b-9868-57a2d4851a1d" />
    <TestEntry testId="a535ee6d-f14e-b507-e106-e575e4d351ae" executionId="e2435880-0e93-4e9a-bec7-09cbe48af262" testListId="8c84fa94-04c1-424b-9868-57a2d4851a1d" />
    <TestEntry testId="7e338c26-7d68-229c-5870-5a210a219a3a" executionId="19f9b1fa-5b00-44d7-a2e1-7c6bee8bbb70" testListId="8c84fa94-04c1-424b-9868-57a2d4851a1d" />
    <TestEntry testId="00f90a30-6cfb-102f-2905-fe6964421a8d" executionId="9afa20a4-fed0-431a-a04c-b23e3e68dc0c" testListId="8c84fa94-04c1-424b-9868-57a2d4851a1d" />
    <TestEntry testId="40d7657d-f657-0f30-1e57-f9b4790fea1e" executionId="17047e00-1e27-4aae-89da-f27e76e9938b" testListId="8c84fa94-04c1-424b-9868-57a2d4851a1d" />
    <TestEntry testId="418cae58-aba0-b522-845a-715b8b8313eb" executionId="23471204-5c17-41db-990e-2c6f8a169dde" testListId="8c84fa94-04c1-424b-9868-57a2d4851a1d" />
    <TestEntry testId="06acef7a-66a9-41e5-0b52-833373b805fd" executionId="c0e39776-3da5-49f2-b2c3-d0d6d77ba9bf" testListId="8c84fa94-04c1-424b-9868-57a2d4851a1d" />
  </TestEntries>
  <TestLists>
    <TestList name="Results Not in a List" id="8c84fa94-04c1-424b-9868-57a2d4851a1d" />
    <TestList name="All Loaded Results" id="19431567-8539-422a-85d7-44ee4e166bda" />
  </TestLists>
  <ResultSummary outcome="Failed">
    <Counters total="163" executed="163" passed="146" failed="17" error="0" timeout="0" aborted="0" inconclusive="0" passedButRunAborted="0" notRunnable="0" notExecuted="0" disconnected="0" warning="0" completed="0" inProgress="0" pending="0" />
    <Output>
      <StdOut>[xUnit.net 00:00:00.00] xUnit.net VSTest Adapter v2.8.2+699d445a1a (64-bit .NET 9.0.8)&#xD;
[xUnit.net 00:00:02.38]   Discovering: WileyWidget.Tests&#xD;
[xUnit.net 00:00:02.69]   Discovered:  WileyWidget.Tests&#xD;
[xUnit.net 00:00:02.69]   Starting:    WileyWidget.Tests&#xD;
[xUnit.net 00:00:05.05]       System.InvalidOperationException : The calling thread must be STA, because many UI components require this.&#xD;
[xUnit.net 00:00:05.05]       Stack Trace:&#xD;
[xUnit.net 00:00:05.05]            at System.Windows.Input.InputManager..ctor()&#xD;
[xUnit.net 00:00:05.05]            at System.Windows.Input.InputManager.GetCurrentInputManagerImpl()&#xD;
[xUnit.net 00:00:05.05]            at System.Windows.Input.KeyboardNavigation..ctor()&#xD;
[xUnit.net 00:00:05.05]            at System.Windows.FrameworkElement.FrameworkServices..ctor()&#xD;
[xUnit.net 00:00:05.05]            at System.Windows.FrameworkElement.EnsureFrameworkServices()&#xD;
[xUnit.net 00:00:05.05]            at System.Windows.FrameworkElement..ctor()&#xD;
[xUnit.net 00:00:05.05]            at System.Windows.Controls.Control..ctor()&#xD;
[xUnit.net 00:00:05.05]            at System.Windows.Window..ctor()&#xD;
[xUnit.net 00:00:05.05]         C:\Users\biges\Desktop\Wiley_Widget\Views\MainWindow.xaml.cs(59,0): at WileyWidget.MainWindow..ctor()&#xD;
[xUnit.net 00:00:05.05]         C:\Users\biges\Desktop\Wiley_Widget\WileyWidget.Tests\MainWindowUnitTests.cs(35,0): at WileyWidget.Tests.MainWindowUnitTests.UpdateThemeToggleVisuals_MethodExists()&#xD;
[xUnit.net 00:00:05.05]            at System.RuntimeMethodHandle.InvokeMethod(Object target, Void** arguments, Signature sig, Boolean isConstructor)&#xD;
[xUnit.net 00:00:05.05]            at System.Reflection.MethodBaseInvoker.InvokeWithNoArgs(Object obj, BindingFlags invokeAttr)&#xD;
[xUnit.net 00:00:05.05]       System.InvalidOperationException : The calling thread must be STA, because many UI components require this.&#xD;
[xUnit.net 00:00:05.05]       Stack Trace:&#xD;
[xUnit.net 00:00:05.05]            at System.Windows.Input.InputManager..ctor()&#xD;
[xUnit.net 00:00:05.05]            at System.Windows.Input.InputManager.GetCurrentInputManagerImpl()&#xD;
[xUnit.net 00:00:05.05]            at System.Windows.Input.KeyboardNavigation..ctor()&#xD;
[xUnit.net 00:00:05.05]            at System.Windows.FrameworkElement.FrameworkServices..ctor()&#xD;
[xUnit.net 00:00:05.05]            at System.Windows.FrameworkElement.EnsureFrameworkServices()&#xD;
[xUnit.net 00:00:05.05]            at System.Windows.FrameworkElement..ctor()&#xD;
[xUnit.net 00:00:05.05]            at System.Windows.Controls.Control..ctor()&#xD;
[xUnit.net 00:00:05.05]            at System.Windows.Window..ctor()&#xD;
[xUnit.net 00:00:05.05]         C:\Users\biges\Desktop\Wiley_Widget\Views\MainWindow.xaml.cs(59,0): at WileyWidget.MainWindow..ctor()&#xD;
[xUnit.net 00:00:05.05]         C:\Users\biges\Desktop\Wiley_Widget\WileyWidget.Tests\MainWindowUnitTests.cs(113,0): at WileyWidget.Tests.MainWindowUnitTests.NormalizeTheme_WithFluentDark_ReturnsFluentDark()&#xD;
[xUnit.net 00:00:05.05]            at System.RuntimeMethodHandle.InvokeMethod(Object target, Void** arguments, Signature sig, Boolean isConstructor)&#xD;
[xUnit.net 00:00:05.05]            at System.Reflection.MethodBaseInvoker.InvokeWithNoArgs(Object obj, BindingFlags invokeAttr)&#xD;
[xUnit.net 00:00:05.05]       System.InvalidOperationException : The calling thread must be STA, because many UI components require this.&#xD;
[xUnit.net 00:00:05.05]       Stack Trace:&#xD;
[xUnit.net 00:00:05.05]            at System.Windows.Input.InputManager..ctor()&#xD;
[xUnit.net 00:00:05.05]            at System.Windows.Input.InputManager.GetCurrentInputManagerImpl()&#xD;
[xUnit.net 00:00:05.05]            at System.Windows.Input.KeyboardNavigation..ctor()&#xD;
[xUnit.net 00:00:05.05]            at System.Windows.FrameworkElement.FrameworkServices..ctor()&#xD;
[xUnit.net 00:00:05.05]            at System.Windows.FrameworkElement.EnsureFrameworkServices()&#xD;
[xUnit.net 00:00:05.05]            at System.Windows.FrameworkElement..ctor()&#xD;
[xUnit.net 00:00:05.05]            at System.Windows.Controls.Control..ctor()&#xD;
[xUnit.net 00:00:05.05]            at System.Windows.Window..ctor()&#xD;
[xUnit.net 00:00:05.05]         C:\Users\biges\Desktop\Wiley_Widget\Views\MainWindow.xaml.cs(59,0): at WileyWidget.MainWindow..ctor()&#xD;
[xUnit.net 00:00:05.05]         C:\Users\biges\Desktop\Wiley_Widget\WileyWidget.Tests\MainWindowUnitTests.cs(87,0): at WileyWidget.Tests.MainWindowUnitTests.ApplyWpfTheme_MethodExists()&#xD;
[xUnit.net 00:00:05.05]            at System.RuntimeMethodHandle.InvokeMethod(Object target, Void** arguments, Signature sig, Boolean isConstructor)&#xD;
[xUnit.net 00:00:05.05]            at System.Reflection.MethodBaseInvoker.InvokeWithNoArgs(Object obj, BindingFlags invokeAttr)&#xD;
[xUnit.net 00:00:05.05]       System.InvalidOperationException : The calling thread must be STA, because many UI components require this.&#xD;
[xUnit.net 00:00:05.05]       Stack Trace:&#xD;
[xUnit.net 00:00:05.05]            at System.Windows.Input.InputManager..ctor()&#xD;
[xUnit.net 00:00:05.05]            at System.Windows.Input.InputManager.GetCurrentInputManagerImpl()&#xD;
[xUnit.net 00:00:05.05]            at System.Windows.Input.KeyboardNavigation..ctor()&#xD;
[xUnit.net 00:00:05.05]            at System.Windows.FrameworkElement.FrameworkServices..ctor()&#xD;
[xUnit.net 00:00:05.05]            at System.Windows.FrameworkElement.EnsureFrameworkServices()&#xD;
[xUnit.net 00:00:05.05]            at System.Windows.FrameworkElement..ctor()&#xD;
[xUnit.net 00:00:05.05]            at System.Windows.Controls.Control..ctor()&#xD;
[xUnit.net 00:00:05.05]            at System.Windows.Window..ctor()&#xD;
[xUnit.net 00:00:05.05]         C:\Users\biges\Desktop\Wiley_Widget\Views\MainWindow.xaml.cs(59,0): at WileyWidget.MainWindow..ctor()&#xD;
[xUnit.net 00:00:05.05]         C:\Users\biges\Desktop\Wiley_Widget\WileyWidget.Tests\MainWindowUnitTests.cs(61,0): at WileyWidget.Tests.MainWindowUnitTests.VerifySpecificSyncfusionControls_MethodExists()&#xD;
[xUnit.net 00:00:05.05]            at System.RuntimeMethodHandle.InvokeMethod(Object target, Void** arguments, Signature sig, Boolean isConstructor)&#xD;
[xUnit.net 00:00:05.05]            at System.Reflection.MethodBaseInvoker.InvokeWithNoArgs(Object obj, BindingFlags invokeAttr)&#xD;
[xUnit.net 00:00:05.05]       System.InvalidOperationException : The calling thread must be STA, because many UI components require this.&#xD;
[xUnit.net 00:00:05.05]       Stack Trace:&#xD;
[xUnit.net 00:00:05.05]            at System.Windows.Input.InputManager..ctor()&#xD;
[xUnit.net 00:00:05.05]            at System.Windows.Input.InputManager.GetCurrentInputManagerImpl()&#xD;
[xUnit.net 00:00:05.05]            at System.Windows.Input.KeyboardNavigation..ctor()&#xD;
[xUnit.net 00:00:05.05]            at System.Windows.FrameworkElement.FrameworkServices..ctor()&#xD;
[xUnit.net 00:00:05.05]            at System.Windows.FrameworkElement.EnsureFrameworkServices()&#xD;
[xUnit.net 00:00:05.05]            at System.Windows.FrameworkElement..ctor()&#xD;
[xUnit.net 00:00:05.05]            at System.Windows.Controls.Control..ctor()&#xD;
[xUnit.net 00:00:05.05]            at System.Windows.Window..ctor()&#xD;
[xUnit.net 00:00:05.05]         C:\Users\biges\Desktop\Wiley_Widget\Views\MainWindow.xaml.cs(59,0): at WileyWidget.MainWindow..ctor()&#xD;
[xUnit.net 00:00:05.05]         C:\Users\biges\Desktop\Wiley_Widget\WileyWidget.Tests\MainWindowUnitTests.cs(22,0): at WileyWidget.Tests.MainWindowUnitTests.InitializeBudgetDiagram_MethodExists()&#xD;
[xUnit.net 00:00:05.05]            at System.RuntimeMethodHandle.InvokeMethod(Object target, Void** arguments, Signature sig, Boolean isConstructor)&#xD;
[xUnit.net 00:00:05.05]            at System.Reflection.MethodBaseInvoker.InvokeWithNoArgs(Object obj, BindingFlags invokeAttr)&#xD;
[xUnit.net 00:00:05.05]       System.InvalidOperationException : The calling thread must be STA, because many UI components require this.&#xD;
[xUnit.net 00:00:05.05]       Stack Trace:&#xD;
[xUnit.net 00:00:05.05]            at System.Windows.Input.InputManager..ctor()&#xD;
[xUnit.net 00:00:05.05]            at System.Windows.Input.InputManager.GetCurrentInputManagerImpl()&#xD;
[xUnit.net 00:00:05.05]            at System.Windows.Input.KeyboardNavigation..ctor()&#xD;
[xUnit.net 00:00:05.05]            at System.Windows.FrameworkElement.FrameworkServices..ctor()&#xD;
[xUnit.net 00:00:05.05]            at System.Windows.FrameworkElement.EnsureFrameworkServices()&#xD;
[xUnit.net 00:00:05.05]            at System.Windows.FrameworkElement..ctor()&#xD;
[xUnit.net 00:00:05.05]            at System.Windows.Controls.Control..ctor()&#xD;
[xUnit.net 00:00:05.05]            at System.Windows.Window..ctor()&#xD;
[xUnit.net 00:00:05.05]         C:\Users\biges\Desktop\Wiley_Widget\Views\MainWindow.xaml.cs(59,0): at WileyWidget.MainWindow..ctor()&#xD;
[xUnit.net 00:00:05.05]         C:\Users\biges\Desktop\Wiley_Widget\WileyWidget.Tests\MainWindowUnitTests.cs(48,0): at WileyWidget.Tests.MainWindowUnitTests.LogSyncfusionControls_MethodExists()&#xD;
[xUnit.net 00:00:05.05]            at System.RuntimeMethodHandle.InvokeMethod(Object target, Void** arguments, Signature sig, Boolean isConstructor)&#xD;
[xUnit.net 00:00:05.05]            at System.Reflection.MethodBaseInvoker.InvokeWithNoArgs(Object obj, BindingFlags invokeAttr)&#xD;
[xUnit.net 00:00:05.05]       System.InvalidOperationException : The calling thread must be STA, because many UI components require this.&#xD;
[xUnit.net 00:00:05.05]       Stack Trace:&#xD;
[xUnit.net 00:00:05.05]            at System.Windows.Input.InputManager..ctor()&#xD;
[xUnit.net 00:00:05.05]            at System.Windows.Input.InputManager.GetCurrentInputManagerImpl()&#xD;
[xUnit.net 00:00:05.05]            at System.Windows.Input.KeyboardNavigation..ctor()&#xD;
[xUnit.net 00:00:05.05]            at System.Windows.FrameworkElement.FrameworkServices..ctor()&#xD;
[xUnit.net 00:00:05.05]            at System.Windows.FrameworkElement.EnsureFrameworkServices()&#xD;
[xUnit.net 00:00:05.05]            at System.Windows.FrameworkElement..ctor()&#xD;
[xUnit.net 00:00:05.05]            at System.Windows.Controls.Control..ctor()&#xD;
[xUnit.net 00:00:05.05]            at System.Windows.Window..ctor()&#xD;
[xUnit.net 00:00:05.05]         C:\Users\biges\Desktop\Wiley_Widget\Views\MainWindow.xaml.cs(59,0): at WileyWidget.MainWindow..ctor()&#xD;
[xUnit.net 00:00:05.05]         C:\Users\biges\Desktop\Wiley_Widget\WileyWidget.Tests\MainWindowUnitTests.cs(143,0): at WileyWidget.Tests.MainWindowUnitTests.NormalizeTheme_WithNull_ReturnsDefault()&#xD;
[xUnit.net 00:00:05.05]            at System.RuntimeMethodHandle.InvokeMethod(Object target, Void** arguments, Signature sig, Boolean isConstructor)&#xD;
[xUnit.net 00:00:05.05]            at System.Reflection.MethodBaseInvoker.InvokeWithNoArgs(Object obj, BindingFlags invokeAttr)&#xD;
[xUnit.net 00:00:05.06]       System.InvalidOperationException : The calling thread must be STA, because many UI components require this.&#xD;
[xUnit.net 00:00:05.06]       Stack Trace:&#xD;
[xUnit.net 00:00:05.06]            at System.Windows.Input.InputManager..ctor()&#xD;
[xUnit.net 00:00:05.06]            at System.Windows.Input.InputManager.GetCurrentInputManagerImpl()&#xD;
[xUnit.net 00:00:05.06]            at System.Windows.Input.KeyboardNavigation..ctor()&#xD;
[xUnit.net 00:00:05.06]            at System.Windows.FrameworkElement.FrameworkServices..ctor()&#xD;
[xUnit.net 00:00:05.06]            at System.Windows.FrameworkElement.EnsureFrameworkServices()&#xD;
[xUnit.net 00:00:05.06]            at System.Windows.FrameworkElement..ctor()&#xD;
[xUnit.net 00:00:05.06]            at System.Windows.Controls.Control..ctor()&#xD;
[xUnit.net 00:00:05.06]            at System.Windows.Window..ctor()&#xD;
[xUnit.net 00:00:05.06]         C:\Users\biges\Desktop\Wiley_Widget\Views\MainWindow.xaml.cs(59,0): at WileyWidget.MainWindow..ctor()&#xD;
[xUnit.net 00:00:05.06]         C:\Users\biges\Desktop\Wiley_Widget\WileyWidget.Tests\MainWindowUnitTests.cs(128,0): at WileyWidget.Tests.MainWindowUnitTests.NormalizeTheme_WithLowerCase_ReturnsNormalized()&#xD;
[xUnit.net 00:00:05.06]            at System.RuntimeMethodHandle.InvokeMethod(Object target, Void** arguments, Signature sig, Boolean isConstructor)&#xD;
[xUnit.net 00:00:05.06]            at System.Reflection.MethodBaseInvoker.InvokeWithNoArgs(Object obj, BindingFlags invokeAttr)&#xD;
[xUnit.net 00:00:05.06]       System.InvalidOperationException : The calling thread must be STA, because many UI components require this.&#xD;
[xUnit.net 00:00:05.06]       Stack Trace:&#xD;
[xUnit.net 00:00:05.06]            at System.Windows.Input.InputManager..ctor()&#xD;
[xUnit.net 00:00:05.06]            at System.Windows.Input.InputManager.GetCurrentInputManagerImpl()&#xD;
[xUnit.net 00:00:05.06]            at System.Windows.Input.KeyboardNavigation..ctor()&#xD;
[xUnit.net 00:00:05.06]            at System.Windows.FrameworkElement.FrameworkServices..ctor()&#xD;
[xUnit.net 00:00:05.06]            at System.Windows.FrameworkElement.EnsureFrameworkServices()&#xD;
[xUnit.net 00:00:05.06]            at System.Windows.FrameworkElement..ctor()&#xD;
[xUnit.net 00:00:05.06]            at System.Windows.Controls.Control..ctor()&#xD;
[xUnit.net 00:00:05.06]            at System.Windows.Window..ctor()&#xD;
[xUnit.net 00:00:05.06]         C:\Users\biges\Desktop\Wiley_Widget\Views\MainWindow.xaml.cs(59,0): at WileyWidget.MainWindow..ctor()&#xD;
[xUnit.net 00:00:05.06]         C:\Users\biges\Desktop\Wiley_Widget\WileyWidget.Tests\MainWindowUnitTests.cs(100,0): at WileyWidget.Tests.MainWindowUnitTests.BuildDynamicColumns_MethodExists()&#xD;
[xUnit.net 00:00:05.06]            at System.RuntimeMethodHandle.InvokeMethod(Object target, Void** arguments, Signature sig, Boolean isConstructor)&#xD;
[xUnit.net 00:00:05.06]            at System.Reflection.MethodBaseInvoker.InvokeWithNoArgs(Object obj, BindingFlags invokeAttr)&#xD;
[xUnit.net 00:00:05.06]       System.InvalidOperationException : The calling thread must be STA, because many UI components require this.&#xD;
[xUnit.net 00:00:05.06]       Stack Trace:&#xD;
[xUnit.net 00:00:05.06]            at System.Windows.Input.InputManager..ctor()&#xD;
[xUnit.net 00:00:05.06]            at System.Windows.Input.InputManager.GetCurrentInputManagerImpl()&#xD;
[xUnit.net 00:00:05.06]            at System.Windows.Input.KeyboardNavigation..ctor()&#xD;
[xUnit.net 00:00:05.06]            at System.Windows.FrameworkElement.FrameworkServices..ctor()&#xD;
[xUnit.net 00:00:05.06]            at System.Windows.FrameworkElement.EnsureFrameworkServices()&#xD;
[xUnit.net 00:00:05.06]            at System.Windows.FrameworkElement..ctor()&#xD;
[xUnit.net 00:00:05.06]            at System.Windows.Controls.Control..ctor()&#xD;
[xUnit.net 00:00:05.06]            at System.Windows.Window..ctor()&#xD;
[xUnit.net 00:00:05.06]         C:\Users\biges\Desktop\Wiley_Widget\Views\MainWindow.xaml.cs(59,0): at WileyWidget.MainWindow..ctor()&#xD;
[xUnit.net 00:00:05.06]         C:\Users\biges\Desktop\Wiley_Widget\WileyWidget.Tests\MainWindowUnitTests.cs(74,0): at WileyWidget.Tests.MainWindowUnitTests.LogCurrentThemeState_MethodExists()&#xD;
[xUnit.net 00:00:05.06]            at System.RuntimeMethodHandle.InvokeMethod(Object target, Void** arguments, Signature sig, Boolean isConstructor)&#xD;
[xUnit.net 00:00:05.06]            at System.Reflection.MethodBaseInvoker.InvokeWithNoArgs(Object obj, BindingFlags invokeAttr)&#xD;
Error adding enterprise: Cannot access a disposed context instance. A common cause of this error is disposing a context instance that was resolved from dependency injection and then later trying to use the same context instance elsewhere in your application. This may occur if you are calling 'Dispose' on the context instance, or wrapping it in a using statement. If you are using dependency injection, you should let the dependency injection container take care of disposing context instances.&#xD;
Object name: 'AppDbContext'.&#xD;
[18:59:45] [INF] WileyWidget 519d7370-7ab5-4c35-bc01-8bbb5b71821d ? Serilog structured logging system configured successfully&#xD;
[18:59:45] [INF] WileyWidget 519d7370-7ab5-4c35-bc01-8bbb5b71821d ?? Log files location: C:\Users\biges\Desktop\Wiley_Widget\WileyWidget.Tests\bin\Release\net9.0-windows\logs&#xD;
[18:59:45] [INF] WileyWidget 519d7370-7ab5-4c35-bc01-8bbb5b71821d ?? Performance monitoring enabled with separate log file&#xD;
[18:59:45] [INF] WileyWidget 519d7370-7ab5-4c35-bc01-8bbb5b71821d ?? Error tracking enabled with dedicated error log file&#xD;
[18:59:45] [INF] WileyWidget 519d7370-7ab5-4c35-bc01-8bbb5b71821d ?? User action tracking enabled&#xD;
[18:59:45] [INF] WileyWidget 519d7370-7ab5-4c35-bc01-8bbb5b71821d ?? Theme change tracking enabled&#xD;
[18:59:45] [INF] WileyWidget 519d7370-7ab5-4c35-bc01-8bbb5b71821d ?? Syncfusion operation tracking enabled&#xD;
[18:59:45] [INF] WileyWidget 519d7370-7ab5-4c35-bc01-8bbb5b71821d ? Security event tracking enabled&#xD;
[18:59:45] [INF] WileyWidget 519d7370-7ab5-4c35-bc01-8bbb5b71821d ?? Health monitoring enabled&#xD;
[18:59:45] [INF] WileyWidget 519d7370-7ab5-4c35-bc01-8bbb5b71821d ??? Structured JSON logging enabled for analysis tools&#xD;
[18:59:45] [INF] WileyWidget 519d7370-7ab5-4c35-bc01-8bbb5b71821d ?? === Application Constructor Started ===&#xD;
[18:59:45] [INF] WileyWidget 519d7370-7ab5-4c35-bc01-8bbb5b71821d ?? Loading application configuration...&#xD;
[18:59:45] [INF] WileyWidget 519d7370-7ab5-4c35-bc01-8bbb5b71821d ? Configuration loaded successfully&#xD;
[18:59:45] [INF] WileyWidget 519d7370-7ab5-4c35-bc01-8bbb5b71821d ? Configuration loaded successfully&#xD;
[18:59:45] [INF] WileyWidget 519d7370-7ab5-4c35-bc01-8bbb5b71821d === Starting Syncfusion License Registration ===&#xD;
[18:59:45] [INF] WileyWidget 519d7370-7ab5-4c35-bc01-8bbb5b71821d ? Syncfusion license registered from configuration.&#xD;
[18:59:45] [INF] WileyWidget 519d7370-7ab5-4c35-bc01-8bbb5b71821d ?? === Application Constructor Completed ===&#xD;
[18:59:45] [INF] WileyWidget 519d7370-7ab5-4c35-bc01-8bbb5b71821d ??  Application initialization took 989ms&#xD;
[xUnit.net 00:00:05.76]       System.InvalidOperationException : Cannot create more than one System.Windows.Application instance in the same AppDomain.&#xD;
[xUnit.net 00:00:05.76]       Stack Trace:&#xD;
[xUnit.net 00:00:05.76]            at System.Windows.Application..ctor()&#xD;
[xUnit.net 00:00:05.76]         C:\Users\biges\Desktop\Wiley_Widget\App.xaml.cs(345,0): at WileyWidget.App..ctor()&#xD;
[xUnit.net 00:00:05.76]         C:\Users\biges\Desktop\Wiley_Widget\WileyWidget.Tests\AppUnitTests.cs(114,0): at WileyWidget.Tests.AppUnitTests.TryRegisterEmbeddedLicense_DefaultImplementation_ReturnsFalse()&#xD;
[xUnit.net 00:00:05.76]            at System.RuntimeMethodHandle.InvokeMethod(Object target, Void** arguments, Signature sig, Boolean isConstructor)&#xD;
[xUnit.net 00:00:05.76]            at System.Reflection.MethodBaseInvoker.InvokeWithNoArgs(Object obj, BindingFlags invokeAttr)&#xD;
[xUnit.net 00:00:05.76]       System.InvalidOperationException : Cannot create more than one System.Windows.Application instance in the same AppDomain.&#xD;
[xUnit.net 00:00:05.76]       Stack Trace:&#xD;
[xUnit.net 00:00:05.76]            at System.Windows.Application..ctor()&#xD;
[xUnit.net 00:00:05.76]         C:\Users\biges\Desktop\Wiley_Widget\App.xaml.cs(345,0): at WileyWidget.App..ctor()&#xD;
[xUnit.net 00:00:05.76]         C:\Users\biges\Desktop\Wiley_Widget\WileyWidget.Tests\AppUnitTests.cs(44,0): at WileyWidget.Tests.AppUnitTests.RegisterSyncfusionLicense_WithPlaceholderConfigKey_FallsBackToEnvironment()&#xD;
[xUnit.net 00:00:05.76]            at System.RuntimeMethodHandle.InvokeMethod(Object target, Void** arguments, Signature sig, Boolean isConstructor)&#xD;
[xUnit.net 00:00:05.76]            at System.Reflection.MethodBaseInvoker.InvokeWithNoArgs(Object obj, BindingFlags invokeAttr)&#xD;
[xUnit.net 00:00:05.76]       System.InvalidOperationException : Cannot create more than one System.Windows.Application instance in the same AppDomain.&#xD;
[xUnit.net 00:00:05.76]       Stack Trace:&#xD;
[xUnit.net 00:00:05.76]            at System.Windows.Application..ctor()&#xD;
[xUnit.net 00:00:05.76]         C:\Users\biges\Desktop\Wiley_Widget\App.xaml.cs(345,0): at WileyWidget.App..ctor()&#xD;
[xUnit.net 00:00:05.76]         C:\Users\biges\Desktop\Wiley_Widget\WileyWidget.Tests\AppUnitTests.cs(145,0): at WileyWidget.Tests.AppUnitTests.ConfigureGlobalExceptionHandling_SetsUpHandlers()&#xD;
[xUnit.net 00:00:05.76]            at System.RuntimeMethodHandle.InvokeMethod(Object target, Void** arguments, Signature sig, Boolean isConstructor)&#xD;
[xUnit.net 00:00:05.76]            at System.Reflection.MethodBaseInvoker.InvokeWithNoArgs(Object obj, BindingFlags invokeAttr)&#xD;
[xUnit.net 00:00:05.76]       System.InvalidOperationException : Cannot create more than one System.Windows.Application instance in the same AppDomain.&#xD;
[xUnit.net 00:00:05.76]       Stack Trace:&#xD;
[xUnit.net 00:00:05.76]            at System.Windows.Application..ctor()&#xD;
[xUnit.net 00:00:05.76]         C:\Users\biges\Desktop\Wiley_Widget\App.xaml.cs(345,0): at WileyWidget.App..ctor()&#xD;
[xUnit.net 00:00:05.76]         C:\Users\biges\Desktop\Wiley_Widget\WileyWidget.Tests\AppUnitTests.cs(158,0): at WileyWidget.Tests.AppUnitTests.TryScheduleLicenseDialogAutoClose_HandlesDialogScheduling()&#xD;
[xUnit.net 00:00:05.76]            at System.RuntimeMethodHandle.InvokeMethod(Object target, Void** arguments, Signature sig, Boolean isConstructor)&#xD;
[xUnit.net 00:00:05.76]            at System.Reflection.MethodBaseInvoker.InvokeWithNoArgs(Object obj, BindingFlags invokeAttr)&#xD;
[xUnit.net 00:00:05.76]       System.InvalidOperationException : Cannot create more than one System.Windows.Application instance in the same AppDomain.&#xD;
[xUnit.net 00:00:05.76]       Stack Trace:&#xD;
[xUnit.net 00:00:05.76]            at System.Windows.Application..ctor()&#xD;
[xUnit.net 00:00:05.76]         C:\Users\biges\Desktop\Wiley_Widget\App.xaml.cs(345,0): at WileyWidget.App..ctor()&#xD;
[xUnit.net 00:00:05.76]         C:\Users\biges\Desktop\Wiley_Widget\WileyWidget.Tests\AppUnitTests.cs(97,0): at WileyWidget.Tests.AppUnitTests.RegisterSyncfusionLicense_WithNullConfig_HandlesGracefully()&#xD;
[xUnit.net 00:00:05.76]            at System.RuntimeMethodHandle.InvokeMethod(Object target, Void** arguments, Signature sig, Boolean isConstructor)&#xD;
[xUnit.net 00:00:05.76]            at System.Reflection.MethodBaseInvoker.InvokeWithNoArgs(Object obj, BindingFlags invokeAttr)&#xD;
[xUnit.net 00:00:05.76]       System.InvalidOperationException : Cannot create more than one System.Windows.Application instance in the same AppDomain.&#xD;
[xUnit.net 00:00:05.76]       Stack Trace:&#xD;
[xUnit.net 00:00:05.76]            at System.Windows.Application..ctor()&#xD;
[xUnit.net 00:00:05.76]         C:\Users\biges\Desktop\Wiley_Widget\App.xaml.cs(345,0): at WileyWidget.App..ctor()&#xD;
[xUnit.net 00:00:05.76]         C:\Users\biges\Desktop\Wiley_Widget\WileyWidget.Tests\AppUnitTests.cs(23,0): at WileyWidget.Tests.AppUnitTests.RegisterSyncfusionLicense_WithValidConfigKey_RegistersSuccessfully()&#xD;
[xUnit.net 00:00:05.76]            at System.RuntimeMethodHandle.InvokeMethod(Object target, Void** arguments, Signature sig, Boolean isConstructor)&#xD;
[xUnit.net 00:00:05.76]            at System.Reflection.MethodBaseInvoker.InvokeWithNoArgs(Object obj, BindingFlags invokeAttr)&#xD;
[xUnit.net 00:00:05.76]       System.InvalidOperationException : Cannot create more than one System.Windows.Application instance in the same AppDomain.&#xD;
[xUnit.net 00:00:05.76]       Stack Trace:&#xD;
[xUnit.net 00:00:05.76]            at System.Windows.Application..ctor()&#xD;
[xUnit.net 00:00:05.76]         C:\Users\biges\Desktop\Wiley_Widget\App.xaml.cs(345,0): at WileyWidget.App..ctor()&#xD;
[xUnit.net 00:00:05.76]         C:\Users\biges\Desktop\Wiley_Widget\WileyWidget.Tests\AppUnitTests.cs(131,0): at WileyWidget.Tests.AppUnitTests.ConfigureLogging_SetsUpLoggerCorrectly()&#xD;
[xUnit.net 00:00:05.76]            at System.RuntimeMethodHandle.InvokeMethod(Object target, Void** arguments, Signature sig, Boolean isConstructor)&#xD;
[xUnit.net 00:00:05.76]            at System.Reflection.MethodBaseInvoker.InvokeWithNoArgs(Object obj, BindingFlags invokeAttr)&#xD;
[xUnit.net 00:00:05.88]   Finished:    WileyWidget.Tests&#xD;
</StdOut>
    </Output>
    <RunInfos>
      <RunInfo computerName="MCKITRICK" outcome="Error" timestamp="2025-08-29T18:59:44.8887023-06:00">
        <Text>[xUnit.net 00:00:05.05]     WileyWidget.Tests.MainWindowUnitTests.UpdateThemeToggleVisuals_MethodExists [FAIL]</Text>
      </RunInfo>
      <RunInfo computerName="MCKITRICK" outcome="Error" timestamp="2025-08-29T18:59:44.8909094-06:00">
        <Text>[xUnit.net 00:00:05.05]     WileyWidget.Tests.MainWindowUnitTests.NormalizeTheme_WithFluentDark_ReturnsFluentDark [FAIL]</Text>
      </RunInfo>
      <RunInfo computerName="MCKITRICK" outcome="Error" timestamp="2025-08-29T18:59:44.8918190-06:00">
        <Text>[xUnit.net 00:00:05.05]     WileyWidget.Tests.MainWindowUnitTests.ApplyWpfTheme_MethodExists [FAIL]</Text>
      </RunInfo>
      <RunInfo computerName="MCKITRICK" outcome="Error" timestamp="2025-08-29T18:59:44.8927729-06:00">
        <Text>[xUnit.net 00:00:05.05]     WileyWidget.Tests.MainWindowUnitTests.VerifySpecificSyncfusionControls_MethodExists [FAIL]</Text>
      </RunInfo>
      <RunInfo computerName="MCKITRICK" outcome="Error" timestamp="2025-08-29T18:59:44.8937615-06:00">
        <Text>[xUnit.net 00:00:05.05]     WileyWidget.Tests.MainWindowUnitTests.InitializeBudgetDiagram_MethodExists [FAIL]</Text>
      </RunInfo>
      <RunInfo computerName="MCKITRICK" outcome="Error" timestamp="2025-08-29T18:59:44.9065232-06:00">
        <Text>[xUnit.net 00:00:05.05]     WileyWidget.Tests.MainWindowUnitTests.LogSyncfusionControls_MethodExists [FAIL]</Text>
      </RunInfo>
      <RunInfo computerName="MCKITRICK" outcome="Error" timestamp="2025-08-29T18:59:44.9068510-06:00">
        <Text>[xUnit.net 00:00:05.05]     WileyWidget.Tests.MainWindowUnitTests.NormalizeTheme_WithNull_ReturnsDefault [FAIL]</Text>
      </RunInfo>
      <RunInfo computerName="MCKITRICK" outcome="Error" timestamp="2025-08-29T18:59:44.9071900-06:00">
        <Text>[xUnit.net 00:00:05.06]     WileyWidget.Tests.MainWindowUnitTests.NormalizeTheme_WithLowerCase_ReturnsNormalized [FAIL]</Text>
      </RunInfo>
      <RunInfo computerName="MCKITRICK" outcome="Error" timestamp="2025-08-29T18:59:44.9075201-06:00">
        <Text>[xUnit.net 00:00:05.06]     WileyWidget.Tests.MainWindowUnitTests.BuildDynamicColumns_MethodExists [FAIL]</Text>
      </RunInfo>
      <RunInfo computerName="MCKITRICK" outcome="Error" timestamp="2025-08-29T18:59:44.9078391-06:00">
        <Text>[xUnit.net 00:00:05.06]     WileyWidget.Tests.MainWindowUnitTests.LogCurrentThemeState_MethodExists [FAIL]</Text>
      </RunInfo>
      <RunInfo computerName="MCKITRICK" outcome="Error" timestamp="2025-08-29T18:59:45.5990950-06:00">
        <Text>[xUnit.net 00:00:05.76]     WileyWidget.Tests.AppUnitTests.TryRegisterEmbeddedLicense_DefaultImplementation_ReturnsFalse [FAIL]</Text>
      </RunInfo>
      <RunInfo computerName="MCKITRICK" outcome="Error" timestamp="2025-08-29T18:59:45.6000084-06:00">
        <Text>[xUnit.net 00:00:05.76]     WileyWidget.Tests.AppUnitTests.RegisterSyncfusionLicense_WithPlaceholderConfigKey_FallsBackToEnvironment [FAIL]</Text>
      </RunInfo>
      <RunInfo computerName="MCKITRICK" outcome="Error" timestamp="2025-08-29T18:59:45.6008866-06:00">
        <Text>[xUnit.net 00:00:05.76]     WileyWidget.Tests.AppUnitTests.ConfigureGlobalExceptionHandling_SetsUpHandlers [FAIL]</Text>
      </RunInfo>
      <RunInfo computerName="MCKITRICK" outcome="Error" timestamp="2025-08-29T18:59:45.6012319-06:00">
        <Text>[xUnit.net 00:00:05.76]     WileyWidget.Tests.AppUnitTests.TryScheduleLicenseDialogAutoClose_HandlesDialogScheduling [FAIL]</Text>
      </RunInfo>
      <RunInfo computerName="MCKITRICK" outcome="Error" timestamp="2025-08-29T18:59:45.6019325-06:00">
        <Text>[xUnit.net 00:00:05.76]     WileyWidget.Tests.AppUnitTests.RegisterSyncfusionLicense_WithNullConfig_HandlesGracefully [FAIL]</Text>
      </RunInfo>
      <RunInfo computerName="MCKITRICK" outcome="Error" timestamp="2025-08-29T18:59:45.6024566-06:00">
        <Text>[xUnit.net 00:00:05.76]     WileyWidget.Tests.AppUnitTests.RegisterSyncfusionLicense_WithValidConfigKey_RegistersSuccessfully [FAIL]</Text>
      </RunInfo>
      <RunInfo computerName="MCKITRICK" outcome="Error" timestamp="2025-08-29T18:59:45.6041593-06:00">
        <Text>[xUnit.net 00:00:05.76]     WileyWidget.Tests.AppUnitTests.ConfigureLogging_SetsUpLoggerCorrectly [FAIL]</Text>
      </RunInfo>
    </RunInfos>
  </ResultSummary>
</TestRun>