<?xml version="1.0" encoding="utf-8"?>
<TestRun id="e6c2cb9b-3969-44b1-9504-2ed0a3402b16" name="biges@MCKITRICK 2025-08-12 18:53:15" runUser="MCKITRICK\biges" xmlns="http://microsoft.com/schemas/VisualStudio/TeamTest/2010">
  <Times creation="2025-08-12T18:53:15.3923798-06:00" queuing="2025-08-12T18:53:15.3923812-06:00" start="2025-08-12T18:53:08.5722883-06:00" finish="2025-08-12T18:53:15.4366069-06:00" />
  <TestSettings name="default" id="ef38a35b-74bb-478d-bac0-ea8d6514bc9a">
    <Deployment runDeploymentRoot="biges_MCKITRICK_2025-08-12_18_53_15" />
  </TestSettings>
  <Results>
    <UnitTestResult executionId="7cfb1c6d-bf79-4b63-ac5c-bcfbe034835a" testId="cf7d7172-aad2-c0bd-55b2-8f2a67b02b75" testName="Can_Set_And_Get_Properties" computerName="MCKITRICK" duration="00:00:00.0296890" startTime="2025-08-12T18:53:14.6993047-06:00" endTime="2025-08-12T18:53:14.7289934-06:00" testType="13cdc9d9-ddb5-4fa4-a97d-d965ccfc6d4b" outcome="Passed" testListId="8c84fa94-04c1-424b-9868-57a2d4851a1d" relativeResultsDirectory="7cfb1c6d-bf79-4b63-ac5c-bcfbe034835a" />
    <UnitTestResult executionId="5f49e984-21c6-449f-8206-20d737d1c613" testId="0f65cd61-15b2-7297-41f5-e5192d956c51" testName="SelectNext_Should_Set_SelectedWidget_When_Null" computerName="MCKITRICK" duration="00:00:00.0315790" startTime="2025-08-12T18:53:13.9816040-06:00" endTime="2025-08-12T18:53:14.0131826-06:00" testType="13cdc9d9-ddb5-4fa4-a97d-d965ccfc6d4b" outcome="Passed" testListId="8c84fa94-04c1-424b-9868-57a2d4851a1d" relativeResultsDirectory="5f49e984-21c6-449f-8206-20d737d1c613" />
    <UnitTestResult executionId="df4450c5-66dd-453d-b351-6396b8f6259d" testId="b43c6928-ef98-5db7-4789-4cf0833d8155" testName="CorruptFile_RenamesAndRecreates" computerName="MCKITRICK" duration="00:00:00.5285480" startTime="2025-08-12T18:53:14.0545546-06:00" endTime="2025-08-12T18:53:14.5831053-06:00" testType="13cdc9d9-ddb5-4fa4-a97d-d965ccfc6d4b" outcome="Passed" testListId="8c84fa94-04c1-424b-9868-57a2d4851a1d" relativeResultsDirectory="df4450c5-66dd-453d-b351-6396b8f6259d" />
    <UnitTestResult executionId="a9e413f6-6ad9-4b64-9a0a-af023b75aeda" testId="cb8590da-bcaa-40ed-1420-e551e49e0329" testName="SelectNext_Should_Cycle" computerName="MCKITRICK" duration="00:00:00.0162210" startTime="2025-08-12T18:53:13.9632482-06:00" endTime="2025-08-12T18:53:13.9794703-06:00" testType="13cdc9d9-ddb5-4fa4-a97d-d965ccfc6d4b" outcome="Passed" testListId="8c84fa94-04c1-424b-9868-57a2d4851a1d" relativeResultsDirectory="a9e413f6-6ad9-4b64-9a0a-af023b75aeda" />
    <UnitTestResult executionId="6197a2c6-3009-427a-b4d8-17fb99d930cb" testId="b68fdbe5-186c-cb38-2e88-78e536cfaac0" testName="SaveThenLoad_PersistsTheme" computerName="MCKITRICK" duration="00:00:00.1142880" startTime="2025-08-12T18:53:14.5834703-06:00" endTime="2025-08-12T18:53:14.6977603-06:00" testType="13cdc9d9-ddb5-4fa4-a97d-d965ccfc6d4b" outcome="Passed" testListId="8c84fa94-04c1-424b-9868-57a2d4851a1d" relativeResultsDirectory="6197a2c6-3009-427a-b4d8-17fb99d930cb" />
    <UnitTestResult executionId="1251113c-f3db-4b8b-9bb9-562b568b9b0f" testId="04870d83-63d8-ea8c-efa1-4f3839dae43a" testName="First_Widget_Should_Be_Alpha" computerName="MCKITRICK" duration="00:00:00.0766460" startTime="2025-08-12T18:53:13.8699101-06:00" endTime="2025-08-12T18:53:13.9459381-06:00" testType="13cdc9d9-ddb5-4fa4-a97d-d965ccfc6d4b" outcome="Passed" testListId="8c84fa94-04c1-424b-9868-57a2d4851a1d" relativeResultsDirectory="1251113c-f3db-4b8b-9bb9-562b568b9b0f" />
    <UnitTestResult executionId="54da6d89-a757-4500-abb5-b995d6af37f9" testId="ede5a6c6-fe7b-4854-1b70-9b2ce70778fe" testName="Widgets_Should_Have_Seed_Data" computerName="MCKITRICK" duration="00:00:00.0168520" startTime="2025-08-12T18:53:14.0133177-06:00" endTime="2025-08-12T18:53:14.0301673-06:00" testType="13cdc9d9-ddb5-4fa4-a97d-d965ccfc6d4b" outcome="Passed" testListId="8c84fa94-04c1-424b-9868-57a2d4851a1d" relativeResultsDirectory="54da6d89-a757-4500-abb5-b995d6af37f9" />
  </Results>
  <TestDefinitions>
    <UnitTest name="Widgets_Should_Have_Seed_Data" storage="c:\users\biges\desktop\wiley_widget\wileywidget.tests\bin\debug\net9.0-windows\wileywidget.tests.dll" id="ede5a6c6-fe7b-4854-1b70-9b2ce70778fe">
      <Execution id="54da6d89-a757-4500-abb5-b995d6af37f9" />
      <TestMethod codeBase="C:\Users\biges\Desktop\Wiley_Widget\WileyWidget.Tests\bin\Debug\net9.0-windows\WileyWidget.Tests.dll" adapterTypeName="executor://nunit3testexecutor/" className="WileyWidget.Tests.MainViewModelTests" name="Widgets_Should_Have_Seed_Data" />
    </UnitTest>
    <UnitTest name="Can_Set_And_Get_Properties" storage="c:\users\biges\desktop\wiley_widget\wileywidget.tests\bin\debug\net9.0-windows\wileywidget.tests.dll" id="cf7d7172-aad2-c0bd-55b2-8f2a67b02b75">
      <Execution id="7cfb1c6d-bf79-4b63-ac5c-bcfbe034835a" />
      <TestMethod codeBase="C:\Users\biges\Desktop\Wiley_Widget\WileyWidget.Tests\bin\Debug\net9.0-windows\WileyWidget.Tests.dll" adapterTypeName="executor://nunit3testexecutor/" className="WileyWidget.Tests.WidgetModelTests" name="Can_Set_And_Get_Properties" />
    </UnitTest>
    <UnitTest name="SelectNext_Should_Set_SelectedWidget_When_Null" storage="c:\users\biges\desktop\wiley_widget\wileywidget.tests\bin\debug\net9.0-windows\wileywidget.tests.dll" id="0f65cd61-15b2-7297-41f5-e5192d956c51">
      <Execution id="5f49e984-21c6-449f-8206-20d737d1c613" />
      <TestMethod codeBase="C:\Users\biges\Desktop\Wiley_Widget\WileyWidget.Tests\bin\Debug\net9.0-windows\WileyWidget.Tests.dll" adapterTypeName="executor://nunit3testexecutor/" className="WileyWidget.Tests.MainViewModelTests" name="SelectNext_Should_Set_SelectedWidget_When_Null" />
    </UnitTest>
    <UnitTest name="SaveThenLoad_PersistsTheme" storage="c:\users\biges\desktop\wiley_widget\wileywidget.tests\bin\debug\net9.0-windows\wileywidget.tests.dll" id="b68fdbe5-186c-cb38-2e88-78e536cfaac0">
      <Execution id="6197a2c6-3009-427a-b4d8-17fb99d930cb" />
      <TestMethod codeBase="C:\Users\biges\Desktop\Wiley_Widget\WileyWidget.Tests\bin\Debug\net9.0-windows\WileyWidget.Tests.dll" adapterTypeName="executor://nunit3testexecutor/" className="WileyWidget.Tests.SettingsServiceTests" name="SaveThenLoad_PersistsTheme" />
    </UnitTest>
    <UnitTest name="CorruptFile_RenamesAndRecreates" storage="c:\users\biges\desktop\wiley_widget\wileywidget.tests\bin\debug\net9.0-windows\wileywidget.tests.dll" id="b43c6928-ef98-5db7-4789-4cf0833d8155">
      <Execution id="df4450c5-66dd-453d-b351-6396b8f6259d" />
      <TestMethod codeBase="C:\Users\biges\Desktop\Wiley_Widget\WileyWidget.Tests\bin\Debug\net9.0-windows\WileyWidget.Tests.dll" adapterTypeName="executor://nunit3testexecutor/" className="WileyWidget.Tests.SettingsServiceTests" name="CorruptFile_RenamesAndRecreates" />
    </UnitTest>
    <UnitTest name="First_Widget_Should_Be_Alpha" storage="c:\users\biges\desktop\wiley_widget\wileywidget.tests\bin\debug\net9.0-windows\wileywidget.tests.dll" id="04870d83-63d8-ea8c-efa1-4f3839dae43a">
      <Execution id="1251113c-f3db-4b8b-9bb9-562b568b9b0f" />
      <TestMethod codeBase="C:\Users\biges\Desktop\Wiley_Widget\WileyWidget.Tests\bin\Debug\net9.0-windows\WileyWidget.Tests.dll" adapterTypeName="executor://nunit3testexecutor/" className="WileyWidget.Tests.MainViewModelTests" name="First_Widget_Should_Be_Alpha" />
    </UnitTest>
    <UnitTest name="SelectNext_Should_Cycle" storage="c:\users\biges\desktop\wiley_widget\wileywidget.tests\bin\debug\net9.0-windows\wileywidget.tests.dll" id="cb8590da-bcaa-40ed-1420-e551e49e0329">
      <Execution id="a9e413f6-6ad9-4b64-9a0a-af023b75aeda" />
      <TestMethod codeBase="C:\Users\biges\Desktop\Wiley_Widget\WileyWidget.Tests\bin\Debug\net9.0-windows\WileyWidget.Tests.dll" adapterTypeName="executor://nunit3testexecutor/" className="WileyWidget.Tests.MainViewModelTests" name="SelectNext_Should_Cycle" />
    </UnitTest>
  </TestDefinitions>
  <TestEntries>
    <TestEntry testId="cf7d7172-aad2-c0bd-55b2-8f2a67b02b75" executionId="7cfb1c6d-bf79-4b63-ac5c-bcfbe034835a" testListId="8c84fa94-04c1-424b-9868-57a2d4851a1d" />
    <TestEntry testId="0f65cd61-15b2-7297-41f5-e5192d956c51" executionId="5f49e984-21c6-449f-8206-20d737d1c613" testListId="8c84fa94-04c1-424b-9868-57a2d4851a1d" />
    <TestEntry testId="b43c6928-ef98-5db7-4789-4cf0833d8155" executionId="df4450c5-66dd-453d-b351-6396b8f6259d" testListId="8c84fa94-04c1-424b-9868-57a2d4851a1d" />
    <TestEntry testId="cb8590da-bcaa-40ed-1420-e551e49e0329" executionId="a9e413f6-6ad9-4b64-9a0a-af023b75aeda" testListId="8c84fa94-04c1-424b-9868-57a2d4851a1d" />
    <TestEntry testId="b68fdbe5-186c-cb38-2e88-78e536cfaac0" executionId="6197a2c6-3009-427a-b4d8-17fb99d930cb" testListId="8c84fa94-04c1-424b-9868-57a2d4851a1d" />
    <TestEntry testId="04870d83-63d8-ea8c-efa1-4f3839dae43a" executionId="1251113c-f3db-4b8b-9bb9-562b568b9b0f" testListId="8c84fa94-04c1-424b-9868-57a2d4851a1d" />
    <TestEntry testId="ede5a6c6-fe7b-4854-1b70-9b2ce70778fe" executionId="54da6d89-a757-4500-abb5-b995d6af37f9" testListId="8c84fa94-04c1-424b-9868-57a2d4851a1d" />
  </TestEntries>
  <TestLists>
    <TestList name="Results Not in a List" id="8c84fa94-04c1-424b-9868-57a2d4851a1d" />
    <TestList name="All Loaded Results" id="19431567-8539-422a-85d7-44ee4e166bda" />
  </TestLists>
  <ResultSummary outcome="Completed">
    <Counters total="7" executed="7" passed="7" failed="0" error="0" timeout="0" aborted="0" inconclusive="0" passedButRunAborted="0" notRunnable="0" notExecuted="0" disconnected="0" warning="0" completed="0" inProgress="0" pending="0" />
    <Output>
      <StdOut>NUnit Adapter 4.6.0.0: Test execution started&#xD;
Running all tests in C:\Users\biges\Desktop\Wiley_Widget\WileyWidget.Tests\bin\Debug\net9.0-windows\WileyWidget.Tests.dll&#xD;
   NUnit3TestExecutor discovered 7 of 7 NUnit test cases using Current Discovery mode, Non-Explicit run&#xD;
NUnit Adapter 4.6.0.0: Test execution complete&#xD;
</StdOut>
    </Output>
  </ResultSummary>
</TestRun>