<?xml version="1.0" encoding="utf-8"?>
<TestRun id="7ac668de-7cec-40a9-b4d7-34a938f896a3" name="biges@MCKITRICK 2025-08-30 05:59:37" runUser="MCKITRICK\biges" xmlns="http://microsoft.com/schemas/VisualStudio/TeamTest/2010">
  <Times creation="2025-08-30T05:59:37.4179780-06:00" queuing="2025-08-30T05:59:37.4179784-06:00" start="2025-08-30T05:59:36.2595077-06:00" finish="2025-08-30T05:59:38.7038026-06:00" />
  <TestSettings name="default" id="c8e1f460-b529-4625-a6f4-84861a2b26c0">
    <Deployment runDeploymentRoot="biges_MCKITRICK_2025-08-30_05_59_37" />
  </TestSettings>
  <Results>
    <UnitTestResult executionId="cb7b9bce-5f31-40a8-81a4-df250b22a665" testId="93f87e80-68d8-ef6d-e92d-98707d05f82e" testName="WileyWidget.Tests.AppUnitTests.RegisterSyncfusionLicense_WithNoValidSources_LogsWarning" computerName="MCKITRICK" duration="00:00:00.0399305" startTime="2025-08-30T05:59:37.4252443-06:00" endTime="2025-08-30T05:59:37.4252444-06:00" testType="13cdc9d9-ddb5-4fa4-a97d-d965ccfc6d4b" outcome="Passed" testListId="8c84fa94-04c1-424b-9868-57a2d4851a1d" relativeResultsDirectory="cb7b9bce-5f31-40a8-81a4-df250b22a665" />
    <UnitTestResult executionId="a508fff0-ab2b-49df-a3bf-878e04edad2b" testId="174a61b8-26c2-f00a-4147-e3f64821944b" testName="WileyWidget.Tests.WidgetTests.Widget_DefaultValues_AreCorrect" computerName="MCKITRICK" duration="00:00:00.0006068" startTime="2025-08-30T05:59:37.4119018-06:00" endTime="2025-08-30T05:59:37.4119018-06:00" testType="13cdc9d9-ddb5-4fa4-a97d-d965ccfc6d4b" outcome="Passed" testListId="8c84fa94-04c1-424b-9868-57a2d4851a1d" relativeResultsDirectory="a508fff0-ab2b-49df-a3bf-878e04edad2b" />
    <UnitTestResult executionId="cb001d3f-b1f5-4074-9b5a-8da8abfc609f" testId="90cb2182-2da9-b142-9e98-2812635b6bad" testName="WileyWidget.Tests.EnterpriseTests.Enterprise_CalculatedProperties_WorkCorrectly(currentRate: 2, citizenCount: 500, expenses: 1000, expectedBalance: 0)" computerName="MCKITRICK" duration="00:00:00.0066454" startTime="2025-08-30T05:59:37.3860315-06:00" endTime="2025-08-30T05:59:37.3860315-06:00" testType="13cdc9d9-ddb5-4fa4-a97d-d965ccfc6d4b" outcome="Passed" testListId="8c84fa94-04c1-424b-9868-57a2d4851a1d" relativeResultsDirectory="cb001d3f-b1f5-4074-9b5a-8da8abfc609f" />
    <UnitTestResult executionId="7638632f-3455-4545-8e97-1a902ba2f77f" testId="02a84783-afd8-9efb-6906-833a0d912242" testName="WileyWidget.Tests.MainViewModelTests.Widgets_Collection_ContainsInitialData" computerName="MCKITRICK" duration="00:00:00.0007436" startTime="2025-08-30T05:59:37.4911231-06:00" endTime="2025-08-30T05:59:37.4911232-06:00" testType="13cdc9d9-ddb5-4fa4-a97d-d965ccfc6d4b" outcome="Passed" testListId="8c84fa94-04c1-424b-9868-57a2d4851a1d" relativeResultsDirectory="7638632f-3455-4545-8e97-1a902ba2f77f" />
    <UnitTestResult executionId="5103aa10-a429-41fb-a1e4-b88c96cf5c06" testId="56a1702d-a123-50c1-1373-ed4b2dc0b51f" testName="WileyWidget.Tests.DatabaseConfigurationTests.AddDatabaseServices_ConnectionStringVariations(connectionString: &quot;Data Source=:memory:&quot;)" computerName="MCKITRICK" duration="00:00:00.0513051" startTime="2025-08-30T05:59:37.4734392-06:00" endTime="2025-08-30T05:59:37.4734393-06:00" testType="13cdc9d9-ddb5-4fa4-a97d-d965ccfc6d4b" outcome="Passed" testListId="8c84fa94-04c1-424b-9868-57a2d4851a1d" relativeResultsDirectory="5103aa10-a429-41fb-a1e4-b88c96cf5c06" />
    <UnitTestResult executionId="2e2ffbdf-bb4e-41c2-8d58-0a10cdcf12b4" testId="266048de-3f2b-fdbd-2e09-1b7eae8e8964" testName="WileyWidget.Tests.EnterpriseModelTests.Enterprise_Name_Validation(name: &quot;Valid Name&quot;, shouldBeValid: True)" computerName="MCKITRICK" duration="00:00:00.0000756" startTime="2025-08-30T05:59:37.4235933-06:00" endTime="2025-08-30T05:59:37.4235934-06:00" testType="13cdc9d9-ddb5-4fa4-a97d-d965ccfc6d4b" outcome="Passed" testListId="8c84fa94-04c1-424b-9868-57a2d4851a1d" relativeResultsDirectory="2e2ffbdf-bb4e-41c2-8d58-0a10cdcf12b4" />
    <UnitTestResult executionId="5a259a3d-4cdb-40c4-a2b5-7af38ac2b77c" testId="51c34e63-97c0-5e10-af10-340556c65011" testName="WileyWidget.Tests.BudgetAnalyticsTests.BudgetMetrics_ReturnsCorrectStatus_Deficit" computerName="MCKITRICK" duration="00:00:00.0001533" startTime="2025-08-30T05:59:37.4141456-06:00" endTime="2025-08-30T05:59:37.4141456-06:00" testType="13cdc9d9-ddb5-4fa4-a97d-d965ccfc6d4b" outcome="Passed" testListId="8c84fa94-04c1-424b-9868-57a2d4851a1d" relativeResultsDirectory="5a259a3d-4cdb-40c4-a2b5-7af38ac2b77c" />
    <UnitTestResult executionId="f610f547-35c2-4a95-bb85-6f23ddc1998e" testId="bc7d1dad-4626-c238-a1b7-51e0ec90dede" testName="WileyWidget.Tests.BudgetAnalyticsTests.BudgetInsights_GeneratesCorrectInsights_ForDeficit" computerName="MCKITRICK" duration="00:00:00.0002561" startTime="2025-08-30T05:59:37.4142361-06:00" endTime="2025-08-30T05:59:37.4142361-06:00" testType="13cdc9d9-ddb5-4fa4-a97d-d965ccfc6d4b" outcome="Passed" testListId="8c84fa94-04c1-424b-9868-57a2d4851a1d" relativeResultsDirectory="f610f547-35c2-4a95-bb85-6f23ddc1998e" />
    <UnitTestResult executionId="13646e51-b8ac-4fbf-b294-bfe82f994e28" testId="5e00cc24-af68-8e5e-7215-9a710f60e406" testName="WileyWidget.Tests.AppUnitTests.RegisterSyncfusionLicense_MethodExists" computerName="MCKITRICK" duration="00:00:00.0000357" startTime="2025-08-30T05:59:37.4263265-06:00" endTime="2025-08-30T05:59:37.4263266-06:00" testType="13cdc9d9-ddb5-4fa4-a97d-d965ccfc6d4b" outcome="Passed" testListId="8c84fa94-04c1-424b-9868-57a2d4851a1d" relativeResultsDirectory="13646e51-b8ac-4fbf-b294-bfe82f994e28" />
    <UnitTestResult executionId="cab7a9d1-f53f-4169-9182-e030071dc98b" testId="cda48384-02ec-e8bf-7f92-391e842be3cc" testName="WileyWidget.Tests.EnterpriseDatabaseTests.QueryEnterpriseByName_ReturnsCorrectData_UsingDirectConnection" computerName="MCKITRICK" duration="00:00:00.0081175" startTime="2025-08-30T05:59:37.6685416-06:00" endTime="2025-08-30T05:59:37.6685417-06:00" testType="13cdc9d9-ddb5-4fa4-a97d-d965ccfc6d4b" outcome="Passed" testListId="8c84fa94-04c1-424b-9868-57a2d4851a1d" relativeResultsDirectory="cab7a9d1-f53f-4169-9182-e030071dc98b" />
    <UnitTestResult executionId="08b1a16b-3590-4a62-8b9c-9a66b592ef13" testId="06acef7a-66a9-41e5-0b52-833373b805fd" testName="WileyWidget.Tests.SettingsServiceTests.SettingsService_Instance_IsSingleton" computerName="MCKITRICK" duration="00:00:00.0012174" startTime="2025-08-30T05:59:37.4794642-06:00" endTime="2025-08-30T05:59:37.4794646-06:00" testType="13cdc9d9-ddb5-4fa4-a97d-d965ccfc6d4b" outcome="Passed" testListId="8c84fa94-04c1-424b-9868-57a2d4851a1d" relativeResultsDirectory="08b1a16b-3590-4a62-8b9c-9a66b592ef13" />
    <UnitTestResult executionId="fb48a534-6b78-4319-80e5-75a3d2a1a34c" testId="fdd256aa-95b4-4138-ef57-428d9bd57c15" testName="WileyWidget.Tests.MainViewModelTests.SelectNextCommand_WrapsToFirstWidget" computerName="MCKITRICK" duration="00:00:00.0011538" startTime="2025-08-30T05:59:37.4936534-06:00" endTime="2025-08-30T05:59:37.4936537-06:00" testType="13cdc9d9-ddb5-4fa4-a97d-d965ccfc6d4b" outcome="Passed" testListId="8c84fa94-04c1-424b-9868-57a2d4851a1d" relativeResultsDirectory="fb48a534-6b78-4319-80e5-75a3d2a1a34c" />
    <UnitTestResult executionId="642e1774-6ccc-4115-a27d-28e40d9caf96" testId="4a107ce6-33da-a97e-bc39-9415fc198e08" testName="WileyWidget.Tests.EnterpriseTests.Enterprise_Validation_HandlesMultipleErrors" computerName="MCKITRICK" duration="00:00:00.0002089" startTime="2025-08-30T05:59:37.4217862-06:00" endTime="2025-08-30T05:59:37.4217862-06:00" testType="13cdc9d9-ddb5-4fa4-a97d-d965ccfc6d4b" outcome="Passed" testListId="8c84fa94-04c1-424b-9868-57a2d4851a1d" relativeResultsDirectory="642e1774-6ccc-4115-a27d-28e40d9caf96" />
    <UnitTestResult executionId="3f0677ec-899d-4bd7-b1dd-b7f96f5a4121" testId="5903b2e2-620c-d805-6dec-cff9749cf54d" testName="WileyWidget.Tests.WidgetTests.Widget_Name_Validation(name: &quot;A&quot;, shouldBeValid: True)" computerName="MCKITRICK" duration="00:00:00.0001911" startTime="2025-08-30T05:59:37.4130794-06:00" endTime="2025-08-30T05:59:37.4130794-06:00" testType="13cdc9d9-ddb5-4fa4-a97d-d965ccfc6d4b" outcome="Passed" testListId="8c84fa94-04c1-424b-9868-57a2d4851a1d" relativeResultsDirectory="3f0677ec-899d-4bd7-b1dd-b7f96f5a4121" />
    <UnitTestResult executionId="80d26a86-572f-458b-b095-6d3734748328" testId="216d7b3f-febd-5cd7-9636-60001f76e735" testName="WileyWidget.Tests.EnterpriseTests.Enterprise_MonthlyRevenue_CalculatesCorrectly" computerName="MCKITRICK" duration="00:00:00.0003668" startTime="2025-08-30T05:59:37.4227553-06:00" endTime="2025-08-30T05:59:37.4227554-06:00" testType="13cdc9d9-ddb5-4fa4-a97d-d965ccfc6d4b" outcome="Passed" testListId="8c84fa94-04c1-424b-9868-57a2d4851a1d" relativeResultsDirectory="80d26a86-572f-458b-b095-6d3734748328" />
    <UnitTestResult executionId="3215eaf2-549b-4d69-bc60-0eaffb460c22" testId="f5f343b0-4673-4f25-285c-1b1fcba58589" testName="WileyWidget.Tests.BudgetInteractionTests.BudgetInteraction_AcceptsVariousInteractionTypes(type: &quot;SharedCost&quot;, expected: True)" computerName="MCKITRICK" duration="00:00:00.0001417" startTime="2025-08-30T05:59:37.4105208-06:00" endTime="2025-08-30T05:59:37.4105209-06:00" testType="13cdc9d9-ddb5-4fa4-a97d-d965ccfc6d4b" outcome="Passed" testListId="8c84fa94-04c1-424b-9868-57a2d4851a1d" relativeResultsDirectory="3215eaf2-549b-4d69-bc60-0eaffb460c22" />
    <UnitTestResult executionId="99a629e5-40bc-4306-8fdd-9b5bb15ffd33" testId="8df32280-d2cc-aff4-2ff0-10224e8b8552" testName="WileyWidget.Tests.EnterpriseTests.Enterprise_CurrentRate_Validation(rate: -1, shouldBeValid: False)" computerName="MCKITRICK" duration="00:00:00.0017629" startTime="2025-08-30T05:59:37.4083850-06:00" endTime="2025-08-30T05:59:37.4083852-06:00" testType="13cdc9d9-ddb5-4fa4-a97d-d965ccfc6d4b" outcome="Passed" testListId="8c84fa94-04c1-424b-9868-57a2d4851a1d" relativeResultsDirectory="99a629e5-40bc-4306-8fdd-9b5bb15ffd33" />
    <UnitTestResult executionId="33a407e3-06aa-4593-8bbd-7b38882b23ce" testId="c093cc50-deee-4751-29ce-343ea9d35c10" testName="WileyWidget.Tests.EnterpriseTests.Enterprise_Name_Validation(name: &quot;A&quot;, shouldBeValid: True)" computerName="MCKITRICK" duration="00:00:00.0000504" startTime="2025-08-30T05:59:37.4211052-06:00" endTime="2025-08-30T05:59:37.4211053-06:00" testType="13cdc9d9-ddb5-4fa4-a97d-d965ccfc6d4b" outcome="Passed" testListId="8c84fa94-04c1-424b-9868-57a2d4851a1d" relativeResultsDirectory="33a407e3-06aa-4593-8bbd-7b38882b23ce" />
    <UnitTestResult executionId="113af572-e8f9-4aa0-a61b-ce2d17bcb8c3" testId="7616251f-ba10-2865-c7c0-878cebe0f9bd" testName="WileyWidget.Tests.BudgetInteractionTests.BudgetInteraction_IsCost_CanBeSetToFalse" computerName="MCKITRICK" duration="00:00:00.0004120" startTime="2025-08-30T05:59:37.3843794-06:00" endTime="2025-08-30T05:59:37.3843795-06:00" testType="13cdc9d9-ddb5-4fa4-a97d-d965ccfc6d4b" outcome="Passed" testListId="8c84fa94-04c1-424b-9868-57a2d4851a1d" relativeResultsDirectory="113af572-e8f9-4aa0-a61b-ce2d17bcb8c3" />
    <UnitTestResult executionId="c3fb0105-21c9-4ab8-89d9-0dede108ddff" testId="648bd338-a756-e64d-b4be-6a55c8a8cbe8" testName="WileyWidget.Tests.WidgetTests.Widget_Name_Validation(name: null, shouldBeValid: False)" computerName="MCKITRICK" duration="00:00:00.0002534" startTime="2025-08-30T05:59:37.4131249-06:00" endTime="2025-08-30T05:59:37.4131250-06:00" testType="13cdc9d9-ddb5-4fa4-a97d-d965ccfc6d4b" outcome="Passed" testListId="8c84fa94-04c1-424b-9868-57a2d4851a1d" relativeResultsDirectory="c3fb0105-21c9-4ab8-89d9-0dede108ddff" />
    <UnitTestResult executionId="12a66cb3-71ba-4c89-9d29-697104820675" testId="59042f06-6aea-38ed-f31b-f481b684060f" testName="WileyWidget.Tests.BudgetAnalyticsTests.BudgetMetrics_StatusBackground_ReturnsCorrectColor" computerName="MCKITRICK" duration="00:00:00.0438199" startTime="2025-08-30T05:59:37.4283364-06:00" endTime="2025-08-30T05:59:37.4283364-06:00" testType="13cdc9d9-ddb5-4fa4-a97d-d965ccfc6d4b" outcome="Passed" testListId="8c84fa94-04c1-424b-9868-57a2d4851a1d" relativeResultsDirectory="12a66cb3-71ba-4c89-9d29-697104820675" />
    <UnitTestResult executionId="4e11611a-c0ec-4deb-9538-0a4a8db113d5" testId="4e31e5ac-795c-6664-b1e1-6987564c4e12" testName="WileyWidget.Tests.DatabaseIntegrationTests.GetByIdAsync_ReturnsCorrectEnterprise" computerName="MCKITRICK" duration="00:00:00.0016528" startTime="2025-08-30T05:59:37.9529041-06:00" endTime="2025-08-30T05:59:37.9529042-06:00" testType="13cdc9d9-ddb5-4fa4-a97d-d965ccfc6d4b" outcome="Passed" testListId="8c84fa94-04c1-424b-9868-57a2d4851a1d" relativeResultsDirectory="4e11611a-c0ec-4deb-9538-0a4a8db113d5" />
    <UnitTestResult executionId="500df087-5803-4f63-ba16-6f592f612d48" testId="93b4d7b9-17c9-4651-e29a-009cb361e97b" testName="WileyWidget.Tests.EnterpriseModelTests.Enterprise_BreakEvenRate_CalculatesCorrectly" computerName="MCKITRICK" duration="00:00:00.0002050" startTime="2025-08-30T05:59:37.4249616-06:00" endTime="2025-08-30T05:59:37.4249617-06:00" testType="13cdc9d9-ddb5-4fa4-a97d-d965ccfc6d4b" outcome="Passed" testListId="8c84fa94-04c1-424b-9868-57a2d4851a1d" relativeResultsDirectory="500df087-5803-4f63-ba16-6f592f612d48" />
    <UnitTestResult executionId="1b1d7b4a-7500-4326-8ffc-bdfdae68cc9c" testId="53bedddd-9e7e-05b6-0db9-6c4d6523d66b" testName="WileyWidget.Tests.BudgetInteractionTests.BudgetInteraction_AcceptsVariousInteractionTypes(type: &quot;Transfer&quot;, expected: True)" computerName="MCKITRICK" duration="00:00:00.0000226" startTime="2025-08-30T05:59:37.4117096-06:00" endTime="2025-08-30T05:59:37.4117096-06:00" testType="13cdc9d9-ddb5-4fa4-a97d-d965ccfc6d4b" outcome="Passed" testListId="8c84fa94-04c1-424b-9868-57a2d4851a1d" relativeResultsDirectory="1b1d7b4a-7500-4326-8ffc-bdfdae68cc9c" />
    <UnitTestResult executionId="9e79f081-b21a-4c5f-8724-bb3483527249" testId="7d26dc11-9068-1965-0e72-e725c90e0da3" testName="WileyWidget.Tests.DatabaseConfigurationTests.AddDatabaseServices_WithValidConfiguration_RegistersServices" computerName="MCKITRICK" duration="00:00:00.0001698" startTime="2025-08-30T05:59:38.3245333-06:00" endTime="2025-08-30T05:59:38.3245333-06:00" testType="13cdc9d9-ddb5-4fa4-a97d-d965ccfc6d4b" outcome="Passed" testListId="8c84fa94-04c1-424b-9868-57a2d4851a1d" relativeResultsDirectory="9e79f081-b21a-4c5f-8724-bb3483527249" />
    <UnitTestResult executionId="c3470348-e25c-475c-b874-10ee8a5134f6" testId="1340ffff-d167-8c9f-1446-195b0fb1d86f" testName="WileyWidget.Tests.DatabaseIntegrationTests.AddAsync_AddsEnterpriseToDatabase" computerName="MCKITRICK" duration="00:00:00.0152747" startTime="2025-08-30T05:59:37.9308116-06:00" endTime="2025-08-30T05:59:37.9308119-06:00" testType="13cdc9d9-ddb5-4fa4-a97d-d965ccfc6d4b" outcome="Passed" testListId="8c84fa94-04c1-424b-9868-57a2d4851a1d" relativeResultsDirectory="c3470348-e25c-475c-b874-10ee8a5134f6" />
    <UnitTestResult executionId="9eb5ae4a-5267-4bf4-a9a4-6128b1a8d757" testId="62021b67-5876-d70c-80d9-db2ebaaf208a" testName="WileyWidget.Tests.MainWindowUnitTests.InitializeBudgetDiagram_MethodExists" computerName="MCKITRICK" duration="00:00:00.0002245" startTime="2025-08-30T05:59:37.4273457-06:00" endTime="2025-08-30T05:59:37.4273457-06:00" testType="13cdc9d9-ddb5-4fa4-a97d-d965ccfc6d4b" outcome="Passed" testListId="8c84fa94-04c1-424b-9868-57a2d4851a1d" relativeResultsDirectory="9eb5ae4a-5267-4bf4-a9a4-6128b1a8d757" />
    <UnitTestResult executionId="385b2afd-f112-4463-b30c-456f1602a196" testId="b43e3dd0-44c9-3349-d80b-08150cc5294d" testName="WileyWidget.Tests.MainViewModelTests.SelectNextCommand_HandlesEmptyList" computerName="MCKITRICK" duration="00:00:00.0007622" startTime="2025-08-30T05:59:37.4890049-06:00" endTime="2025-08-30T05:59:37.4890050-06:00" testType="13cdc9d9-ddb5-4fa4-a97d-d965ccfc6d4b" outcome="Passed" testListId="8c84fa94-04c1-424b-9868-57a2d4851a1d" relativeResultsDirectory="385b2afd-f112-4463-b30c-456f1602a196" />
    <UnitTestResult executionId="3610e3bc-f51a-41ae-afd1-8e3f945e9909" testId="b211dea4-7dcd-20f5-d31b-47d61cf807dd" testName="WileyWidget.Tests.WidgetTests.Widget_Category_AcceptsVariousValues(category: &quot;Home &amp; Garden&quot;)" computerName="MCKITRICK" duration="00:00:00.0000033" startTime="2025-08-30T05:59:37.4040333-06:00" endTime="2025-08-30T05:59:37.4040333-06:00" testType="13cdc9d9-ddb5-4fa4-a97d-d965ccfc6d4b" outcome="Passed" testListId="8c84fa94-04c1-424b-9868-57a2d4851a1d" relativeResultsDirectory="3610e3bc-f51a-41ae-afd1-8e3f945e9909" />
    <UnitTestResult executionId="f7844db8-0e40-403a-bedc-086cf603cf45" testId="0203bce8-8571-4fae-356f-d40949bb5a7d" testName="WileyWidget.Tests.WidgetTests.Widget_FormattedPrice_ReturnsCorrectFormat(price: 10, expected: &quot;$10.00&quot;)" computerName="MCKITRICK" duration="00:00:00.0000075" startTime="2025-08-30T05:59:37.4068082-06:00" endTime="2025-08-30T05:59:37.4068082-06:00" testType="13cdc9d9-ddb5-4fa4-a97d-d965ccfc6d4b" outcome="Passed" testListId="8c84fa94-04c1-424b-9868-57a2d4851a1d" relativeResultsDirectory="f7844db8-0e40-403a-bedc-086cf603cf45" />
    <UnitTestResult executionId="080c64f0-db6c-4a07-bb61-cb7b3f38d43a" testId="b7c1d19c-bee4-911c-3a8a-0800f7a4f194" testName="WileyWidget.Tests.EnterpriseTests.Enterprise_CalculatedProperties_WorkCorrectly(currentRate: 1.5, citizenCount: 1000, expenses: 500, expectedBalance: 1000)" computerName="MCKITRICK" duration="00:00:00.0003012" startTime="2025-08-30T05:59:37.4041876-06:00" endTime="2025-08-30T05:59:37.4041877-06:00" testType="13cdc9d9-ddb5-4fa4-a97d-d965ccfc6d4b" outcome="Passed" testListId="8c84fa94-04c1-424b-9868-57a2d4851a1d" relativeResultsDirectory="080c64f0-db6c-4a07-bb61-cb7b3f38d43a" />
    <UnitTestResult executionId="83313c34-38da-440a-a10a-37154ee75571" testId="1f08a6ae-d40a-f06a-8f73-f4bc296dbdea" testName="WileyWidget.Tests.DatabaseConfigurationTests.AddDatabaseServices_ConnectionStringVariations(connectionString: null)" computerName="MCKITRICK" duration="00:00:00.0002254" startTime="2025-08-30T05:59:37.4737309-06:00" endTime="2025-08-30T05:59:37.4737310-06:00" testType="13cdc9d9-ddb5-4fa4-a97d-d965ccfc6d4b" outcome="Passed" testListId="8c84fa94-04c1-424b-9868-57a2d4851a1d" relativeResultsDirectory="83313c34-38da-440a-a10a-37154ee75571" />
    <UnitTestResult executionId="8707c788-f85a-457d-b162-72112ffe5ed0" testId="f4baf935-db3b-a3f6-b56f-3df0f1893080" testName="WileyWidget.Tests.DatabaseIntegrationTests.UpdateAsync_UpdatesExistingEnterprise" computerName="MCKITRICK" duration="00:00:00.0023793" startTime="2025-08-30T05:59:37.9732503-06:00" endTime="2025-08-30T05:59:37.9732504-06:00" testType="13cdc9d9-ddb5-4fa4-a97d-d965ccfc6d4b" outcome="Passed" testListId="8c84fa94-04c1-424b-9868-57a2d4851a1d" relativeResultsDirectory="8707c788-f85a-457d-b162-72112ffe5ed0" />
    <UnitTestResult executionId="57eb1aa6-e9e8-4c44-be37-b51a191f6371" testId="0d4e12bb-b410-10f4-ea79-224ef1ad4ec2" testName="WileyWidget.Tests.BudgetInteractionTests.BudgetInteraction_MonthlyAmount_Validation(amount: -1, shouldBeValid: False)" computerName="MCKITRICK" duration="00:00:00.0008245" startTime="2025-08-30T05:59:37.4205844-06:00" endTime="2025-08-30T05:59:37.4205844-06:00" testType="13cdc9d9-ddb5-4fa4-a97d-d965ccfc6d4b" outcome="Failed" testListId="8c84fa94-04c1-424b-9868-57a2d4851a1d" relativeResultsDirectory="57eb1aa6-e9e8-4c44-be37-b51a191f6371">
      <Output>
        <ErrorInfo>
          <Message>Assert.Contains() Failure: Filter not matched in collection&#xD;
Collection: [Amount must be greater than 0]</Message>
          <StackTrace>   at WileyWidget.Tests.BudgetInteractionTests.BudgetInteraction_MonthlyAmount_Validation(Decimal amount, Boolean shouldBeValid) in C:\Users\biges\Desktop\Wiley_Widget\WileyWidget.Tests\BudgetInteractionTests.cs:line 122&#xD;
   at InvokeStub_BudgetInteractionTests.BudgetInteraction_MonthlyAmount_Validation(Object, Span`1)&#xD;
   at System.Reflection.MethodBaseInvoker.InvokeWithFewArgs(Object obj, BindingFlags invokeAttr, Binder binder, Object[] parameters, CultureInfo culture)</StackTrace>
        </ErrorInfo>
      </Output>
    </UnitTestResult>
    <UnitTestResult executionId="73c9119b-3fbf-44d1-af67-8254adcbe060" testId="f4174a06-6862-c4a5-f342-e402b6115247" testName="WileyWidget.Tests.DatabaseConfigurationTests.EnsureDatabaseCreatedAsync_SeedsDataCorrectly" computerName="MCKITRICK" duration="00:00:00.0999954" startTime="2025-08-30T05:59:38.4404668-06:00" endTime="2025-08-30T05:59:38.4404670-06:00" testType="13cdc9d9-ddb5-4fa4-a97d-d965ccfc6d4b" outcome="Passed" testListId="8c84fa94-04c1-424b-9868-57a2d4851a1d" relativeResultsDirectory="73c9119b-3fbf-44d1-af67-8254adcbe060" />
    <UnitTestResult executionId="a389a775-b85e-49e4-a7b2-7fb58e92a9cb" testId="6cc406f6-5c68-c097-54c6-537a958e649e" testName="WileyWidget.Tests.MainViewModelTests.AddWidgetCommand_AddsWidgetToCollection" computerName="MCKITRICK" duration="00:00:00.0019504" startTime="2025-08-30T05:59:37.4969860-06:00" endTime="2025-08-30T05:59:37.4969862-06:00" testType="13cdc9d9-ddb5-4fa4-a97d-d965ccfc6d4b" outcome="Passed" testListId="8c84fa94-04c1-424b-9868-57a2d4851a1d" relativeResultsDirectory="a389a775-b85e-49e4-a7b2-7fb58e92a9cb" />
    <UnitTestResult executionId="8392bb92-666b-4662-b376-9fdf53270e32" testId="902c438e-0da5-711b-13f6-74a2b1da3f5a" testName="WileyWidget.Tests.DatabaseConfigurationTests.EnsureDatabaseCreatedAsync_ErrorHandling_WithInvalidConnection" computerName="MCKITRICK" duration="00:00:00.0166982" startTime="2025-08-30T05:59:38.3401989-06:00" endTime="2025-08-30T05:59:38.3401990-06:00" testType="13cdc9d9-ddb5-4fa4-a97d-d965ccfc6d4b" outcome="Passed" testListId="8c84fa94-04c1-424b-9868-57a2d4851a1d" relativeResultsDirectory="8392bb92-666b-4662-b376-9fdf53270e32" />
    <UnitTestResult executionId="d21bfa35-081b-4cd5-b816-65707ec119a5" testId="7bcc6455-9ef8-ed52-9eb1-702e76df051d" testName="WileyWidget.Tests.WidgetTests.Widget_Price_Validation(price: -1, shouldBeValid: False)" computerName="MCKITRICK" duration="00:00:00.0000386" startTime="2025-08-30T05:59:37.4114122-06:00" endTime="2025-08-30T05:59:37.4114122-06:00" testType="13cdc9d9-ddb5-4fa4-a97d-d965ccfc6d4b" outcome="Passed" testListId="8c84fa94-04c1-424b-9868-57a2d4851a1d" relativeResultsDirectory="d21bfa35-081b-4cd5-b816-65707ec119a5" />
    <UnitTestResult executionId="95e1e013-02f9-4c57-8a93-8e873623d26b" testId="40809d6b-32d3-2519-3f96-4116b092b054" testName="WileyWidget.Tests.BudgetInteractionTests.BudgetInteraction_InteractionType_Validation(type: &quot;Transfer&quot;, shouldBeValid: True)" computerName="MCKITRICK" duration="00:00:00.0004039" startTime="2025-08-30T05:59:37.4070286-06:00" endTime="2025-08-30T05:59:37.4070286-06:00" testType="13cdc9d9-ddb5-4fa4-a97d-d965ccfc6d4b" outcome="Passed" testListId="8c84fa94-04c1-424b-9868-57a2d4851a1d" relativeResultsDirectory="95e1e013-02f9-4c57-8a93-8e873623d26b" />
    <UnitTestResult executionId="2630ce6e-cdb0-4575-97c7-e540b1554bc1" testId="e72511ca-5da4-5e68-e2df-554a43fc47aa" testName="WileyWidget.Tests.SettingsServiceTests.SettingsService_Load_HandlesMissingFile" computerName="MCKITRICK" duration="00:00:00.0019285" startTime="2025-08-30T05:59:37.4672975-06:00" endTime="2025-08-30T05:59:37.4672977-06:00" testType="13cdc9d9-ddb5-4fa4-a97d-d965ccfc6d4b" outcome="Passed" testListId="8c84fa94-04c1-424b-9868-57a2d4851a1d" relativeResultsDirectory="2630ce6e-cdb0-4575-97c7-e540b1554bc1" />
    <UnitTestResult executionId="d68187bd-4073-4720-8b09-77ee5c06f484" testId="a9dc7ce3-2ee9-2217-fa87-9dcfd65a9dfd" testName="WileyWidget.Tests.BudgetAnalyticsTests.BudgetInsights_GeneratesCorrectInsights_ForSurplus" computerName="MCKITRICK" duration="00:00:00.0001856" startTime="2025-08-30T05:59:37.4284967-06:00" endTime="2025-08-30T05:59:37.4284968-06:00" testType="13cdc9d9-ddb5-4fa4-a97d-d965ccfc6d4b" outcome="Passed" testListId="8c84fa94-04c1-424b-9868-57a2d4851a1d" relativeResultsDirectory="d68187bd-4073-4720-8b09-77ee5c06f484" />
    <UnitTestResult executionId="8fb75ca5-f8ee-4bed-9ae0-e34ead15421c" testId="20fc74fb-086b-510b-ae28-7341d9a3029b" testName="WileyWidget.Tests.WidgetTests.Widget_DisplayName_ReturnsCorrectFormat(name: &quot;Widget Name&quot;, sku: &quot;SKU-001&quot;, expected: &quot;Widget Name (SKU-001)&quot;)" computerName="MCKITRICK" duration="00:00:00.0002105" startTime="2025-08-30T05:59:37.4127301-06:00" endTime="2025-08-30T05:59:37.4127302-06:00" testType="13cdc9d9-ddb5-4fa4-a97d-d965ccfc6d4b" outcome="Passed" testListId="8c84fa94-04c1-424b-9868-57a2d4851a1d" relativeResultsDirectory="8fb75ca5-f8ee-4bed-9ae0-e34ead15421c" />
    <UnitTestResult executionId="536d5feb-1b00-4b3f-b654-6c3f2a869be4" testId="28afac11-75f2-4277-47ce-175ecd6d5bf3" testName="WileyWidget.Tests.WidgetTests.Widget_IsActive_CanBeSet(isActive: True)" computerName="MCKITRICK" duration="00:00:00.0001713" startTime="2025-08-30T05:59:37.3857732-06:00" endTime="2025-08-30T05:59:37.3857733-06:00" testType="13cdc9d9-ddb5-4fa4-a97d-d965ccfc6d4b" outcome="Passed" testListId="8c84fa94-04c1-424b-9868-57a2d4851a1d" relativeResultsDirectory="536d5feb-1b00-4b3f-b654-6c3f2a869be4" />
    <UnitTestResult executionId="eca7b9d4-76da-428d-a4e8-aa8e721e3826" testId="6cdef057-5472-5dc2-1e24-0c140874339b" testName="WileyWidget.Tests.BudgetInteractionTests.BudgetInteraction_Notes_Validation(notes: &quot;Normal length notes&quot;, shouldBeValid: True)" computerName="MCKITRICK" duration="00:00:00.0000313" startTime="2025-08-30T05:59:37.4103868-06:00" endTime="2025-08-30T05:59:37.4103868-06:00" testType="13cdc9d9-ddb5-4fa4-a97d-d965ccfc6d4b" outcome="Passed" testListId="8c84fa94-04c1-424b-9868-57a2d4851a1d" relativeResultsDirectory="eca7b9d4-76da-428d-a4e8-aa8e721e3826" />
    <UnitTestResult executionId="ab0dec92-344c-49f1-b4f4-2c21497f88b9" testId="4f96b557-5805-2ffc-7a99-6d790882f18b" testName="WileyWidget.Tests.EnterpriseTests.Enterprise_CalculatedProperties_WorkCorrectly(currentRate: 0.5, citizenCount: 1000, expenses: 1000, expectedBalance: -500)" computerName="MCKITRICK" duration="00:00:00.0000098" startTime="2025-08-30T05:59:37.4043846-06:00" endTime="2025-08-30T05:59:37.4043846-06:00" testType="13cdc9d9-ddb5-4fa4-a97d-d965ccfc6d4b" outcome="Passed" testListId="8c84fa94-04c1-424b-9868-57a2d4851a1d" relativeResultsDirectory="ab0dec92-344c-49f1-b4f4-2c21497f88b9" />
    <UnitTestResult executionId="fd9aa307-e065-47a9-9642-343aeeb554b6" testId="2eed4695-e3e7-5a59-502b-92e7e53fb8f1" testName="WileyWidget.Tests.AppUnitTests.RegisterSyncfusionLicense_WithPlaceholderConfigKey_FallsBackToEnvironment" computerName="MCKITRICK" duration="00:00:00.0004127" startTime="2025-08-30T05:59:37.4260193-06:00" endTime="2025-08-30T05:59:37.4260193-06:00" testType="13cdc9d9-ddb5-4fa4-a97d-d965ccfc6d4b" outcome="Passed" testListId="8c84fa94-04c1-424b-9868-57a2d4851a1d" relativeResultsDirectory="fd9aa307-e065-47a9-9642-343aeeb554b6" />
    <UnitTestResult executionId="43bf8d2b-119c-466d-aa43-40e7c3b24186" testId="a1485da4-493d-cd3d-9e47-0f99906d1c2c" testName="WileyWidget.Tests.WidgetTests.Widget_FormattedPrice_ReturnsCorrectFormat(price: 99.99, expected: &quot;$99.99&quot;)" computerName="MCKITRICK" duration="00:00:00.0005515" startTime="2025-08-30T05:59:37.4065961-06:00" endTime="2025-08-30T05:59:37.4065962-06:00" testType="13cdc9d9-ddb5-4fa4-a97d-d965ccfc6d4b" outcome="Passed" testListId="8c84fa94-04c1-424b-9868-57a2d4851a1d" relativeResultsDirectory="43bf8d2b-119c-466d-aa43-40e7c3b24186" />
    <UnitTestResult executionId="ae529a2c-370c-4138-89ad-071a76de4fee" testId="e5321f6f-e5a1-6e5b-e713-11e01758bd01" testName="WileyWidget.Tests.BudgetInteractionTests.BudgetInteraction_SecondaryEnterpriseId_CanBeSet" computerName="MCKITRICK" duration="00:00:00.0024828" startTime="2025-08-30T05:59:37.4237431-06:00" endTime="2025-08-30T05:59:37.4237432-06:00" testType="13cdc9d9-ddb5-4fa4-a97d-d965ccfc6d4b" outcome="Passed" testListId="8c84fa94-04c1-424b-9868-57a2d4851a1d" relativeResultsDirectory="ae529a2c-370c-4138-89ad-071a76de4fee" />
    <UnitTestResult executionId="4667168c-82d2-4486-9ea0-5b3d2a4cdd68" testId="d6a8afd6-4dff-6792-90e1-49cce70d3116" testName="WileyWidget.Tests.WidgetTests.Widget_Quantity_Validation(quantity: 100, shouldBeValid: True)" computerName="MCKITRICK" duration="00:00:00.0002330" startTime="2025-08-30T05:59:37.4137875-06:00" endTime="2025-08-30T05:59:37.4137876-06:00" testType="13cdc9d9-ddb5-4fa4-a97d-d965ccfc6d4b" outcome="Passed" testListId="8c84fa94-04c1-424b-9868-57a2d4851a1d" relativeResultsDirectory="4667168c-82d2-4486-9ea0-5b3d2a4cdd68" />
    <UnitTestResult executionId="7c76e189-c1b3-49b6-a4dc-03f6edf0e405" testId="83034d6a-ea47-0b26-b3c3-520cb2f8b99c" testName="WileyWidget.Tests.MainWindowUnitTests.VerifySpecificSyncfusionControls_MethodExists" computerName="MCKITRICK" duration="00:00:00.0002083" startTime="2025-08-30T05:59:37.4272447-06:00" endTime="2025-08-30T05:59:37.4272447-06:00" testType="13cdc9d9-ddb5-4fa4-a97d-d965ccfc6d4b" outcome="Passed" testListId="8c84fa94-04c1-424b-9868-57a2d4851a1d" relativeResultsDirectory="7c76e189-c1b3-49b6-a4dc-03f6edf0e405" />
    <UnitTestResult executionId="e5381aef-c1f6-453c-83e4-27ca0e711999" testId="2969f2e0-70ae-84d9-8527-e1ee638f4f9b" testName="WileyWidget.Tests.SettingsServiceTests.SettingsService_Load_CreatesBackupOfCorruptFile" computerName="MCKITRICK" duration="00:00:00.0054681" startTime="2025-08-30T05:59:37.4781133-06:00" endTime="2025-08-30T05:59:37.4781136-06:00" testType="13cdc9d9-ddb5-4fa4-a97d-d965ccfc6d4b" outcome="Passed" testListId="8c84fa94-04c1-424b-9868-57a2d4851a1d" relativeResultsDirectory="e5381aef-c1f6-453c-83e4-27ca0e711999" />
    <UnitTestResult executionId="e91db4db-171a-40ca-9518-cb8bf02bcaed" testId="ccef2ce7-f385-9fbf-3fdd-191327867f3d" testName="WileyWidget.Tests.BudgetAnalyticsTests.BudgetMetrics_ReturnsCorrectStatus_Surplus" computerName="MCKITRICK" duration="00:00:00.0069282" startTime="2025-08-30T05:59:37.4045093-06:00" endTime="2025-08-30T05:59:37.4045093-06:00" testType="13cdc9d9-ddb5-4fa4-a97d-d965ccfc6d4b" outcome="Passed" testListId="8c84fa94-04c1-424b-9868-57a2d4851a1d" relativeResultsDirectory="e91db4db-171a-40ca-9518-cb8bf02bcaed" />
    <UnitTestResult executionId="884e40bf-6f3b-46b8-9b74-77e8433a4a31" testId="67d1af25-c91b-f470-e429-2abc11443142" testName="WileyWidget.Tests.DatabaseConfigurationTests.EnsureDatabaseCreatedAsync_WithMissingDbContext_ThrowsException" computerName="MCKITRICK" duration="00:00:00.0005097" startTime="2025-08-30T05:59:38.5487354-06:00" endTime="2025-08-30T05:59:38.5487355-06:00" testType="13cdc9d9-ddb5-4fa4-a97d-d965ccfc6d4b" outcome="Passed" testListId="8c84fa94-04c1-424b-9868-57a2d4851a1d" relativeResultsDirectory="884e40bf-6f3b-46b8-9b74-77e8433a4a31" />
    <UnitTestResult executionId="c72c885b-08f8-4766-8a5c-b41fb292058d" testId="a535ee6d-f14e-b507-e106-e575e4d351ae" testName="WileyWidget.Tests.WidgetTests.Widget_DisplayName_ReturnsCorrectFormat(name: &quot;Widget Name&quot;, sku: &quot;&quot;, expected: &quot;Widget Name&quot;)" computerName="MCKITRICK" duration="00:00:00.0001079" startTime="2025-08-30T05:59:37.4128277-06:00" endTime="2025-08-30T05:59:37.4128277-06:00" testType="13cdc9d9-ddb5-4fa4-a97d-d965ccfc6d4b" outcome="Passed" testListId="8c84fa94-04c1-424b-9868-57a2d4851a1d" relativeResultsDirectory="c72c885b-08f8-4766-8a5c-b41fb292058d" />
    <UnitTestResult executionId="ed0189f9-3e91-40b5-8b26-4f364818c830" testId="93bcc1b2-e756-be48-7f05-0eed9d834711" testName="WileyWidget.Tests.EnterpriseModelTests.Enterprise_Name_Validation(name: &quot;A&quot;, shouldBeValid: True)" computerName="MCKITRICK" duration="00:00:00.0002734" startTime="2025-08-30T05:59:37.4234510-06:00" endTime="2025-08-30T05:59:37.4234510-06:00" testType="13cdc9d9-ddb5-4fa4-a97d-d965ccfc6d4b" outcome="Passed" testListId="8c84fa94-04c1-424b-9868-57a2d4851a1d" relativeResultsDirectory="ed0189f9-3e91-40b5-8b26-4f364818c830" />
    <UnitTestResult executionId="70ec5f92-7877-4522-b517-2f88d2ef1a91" testId="efe067a6-c350-5edd-6794-b1c41a457952" testName="WileyWidget.Tests.BudgetAnalyticsTests.BudgetInsights_AlwaysIncludesGeneralRecommendations" computerName="MCKITRICK" duration="00:00:00.0001789" startTime="2025-08-30T05:59:37.4285739-06:00" endTime="2025-08-30T05:59:37.4285739-06:00" testType="13cdc9d9-ddb5-4fa4-a97d-d965ccfc6d4b" outcome="Passed" testListId="8c84fa94-04c1-424b-9868-57a2d4851a1d" relativeResultsDirectory="70ec5f92-7877-4522-b517-2f88d2ef1a91" />
    <UnitTestResult executionId="f65f4f28-474c-4a2f-8b7a-92738aa0cb35" testId="e7df05ca-3552-2715-64b0-211740e8ec70" testName="WileyWidget.Tests.EnterpriseModelTests.Enterprise_CurrentRate_Validation(rate: 0, shouldBeValid: False)" computerName="MCKITRICK" duration="00:00:00.0004334" startTime="2025-08-30T05:59:37.4213664-06:00" endTime="2025-08-30T05:59:37.4213664-06:00" testType="13cdc9d9-ddb5-4fa4-a97d-d965ccfc6d4b" outcome="Failed" testListId="8c84fa94-04c1-424b-9868-57a2d4851a1d" relativeResultsDirectory="f65f4f28-474c-4a2f-8b7a-92738aa0cb35">
      <Output>
        <ErrorInfo>
          <Message>Assert.Equal() Failure: Values differ&#xD;
Expected: False&#xD;
Actual:   True</Message>
          <StackTrace>   at WileyWidget.Tests.EnterpriseModelTests.Enterprise_CurrentRate_Validation(Decimal rate, Boolean shouldBeValid) in C:\Users\biges\Desktop\Wiley_Widget\WileyWidget.Tests\ComprehensiveViewModelTests.cs:line 383&#xD;
   at InvokeStub_EnterpriseModelTests.Enterprise_CurrentRate_Validation(Object, Span`1)&#xD;
   at System.Reflection.MethodBaseInvoker.InvokeWithFewArgs(Object obj, BindingFlags invokeAttr, Binder binder, Object[] parameters, CultureInfo culture)</StackTrace>
        </ErrorInfo>
      </Output>
    </UnitTestResult>
    <UnitTestResult executionId="d659e23d-33b4-44d6-97c9-fe088e89aae4" testId="8b807870-505b-71ed-7f55-1b57860f38f6" testName="WileyWidget.Tests.DatabaseIntegrationTests.Repository_HandlesConcurrentReads" computerName="MCKITRICK" duration="00:00:00.0018472" startTime="2025-08-30T05:59:37.9700839-06:00" endTime="2025-08-30T05:59:37.9700841-06:00" testType="13cdc9d9-ddb5-4fa4-a97d-d965ccfc6d4b" outcome="Passed" testListId="8c84fa94-04c1-424b-9868-57a2d4851a1d" relativeResultsDirectory="d659e23d-33b4-44d6-97c9-fe088e89aae4" />
    <UnitTestResult executionId="020d41fe-f198-4c02-848f-9b322f2e8c54" testId="be33b031-b799-d68d-9ac7-4be6a20a63bc" testName="WileyWidget.Tests.BudgetAnalyticsTests.BudgetInsights_IncludesCitizenAverageRevenue" computerName="MCKITRICK" duration="00:00:00.0108884" startTime="2025-08-30T05:59:37.4140419-06:00" endTime="2025-08-30T05:59:37.4140420-06:00" testType="13cdc9d9-ddb5-4fa4-a97d-d965ccfc6d4b" outcome="Passed" testListId="8c84fa94-04c1-424b-9868-57a2d4851a1d" relativeResultsDirectory="020d41fe-f198-4c02-848f-9b322f2e8c54" />
    <UnitTestResult executionId="e843081d-3609-4917-a555-3f6482a96d0e" testId="4bf0c2ec-7a7c-f8d8-6f1c-1f46f24b0af1" testName="WileyWidget.Tests.SettingsServiceTests.SettingsService_ResetForTests_Works" computerName="MCKITRICK" duration="00:00:00.0011116" startTime="2025-08-30T05:59:37.4611706-06:00" endTime="2025-08-30T05:59:37.4611710-06:00" testType="13cdc9d9-ddb5-4fa4-a97d-d965ccfc6d4b" outcome="Passed" testListId="8c84fa94-04c1-424b-9868-57a2d4851a1d" relativeResultsDirectory="e843081d-3609-4917-a555-3f6482a96d0e" />
    <UnitTestResult executionId="25a37799-5d1b-4691-8fe3-b93810644a8e" testId="3c697a19-d738-59c1-c19c-a483654a946e" testName="WileyWidget.Tests.BudgetAnalyticsTests.BudgetMetrics_CalculatesMonthlyBalanceCorrectly" computerName="MCKITRICK" duration="00:00:00.0001571" startTime="2025-08-30T05:59:37.4284200-06:00" endTime="2025-08-30T05:59:37.4284201-06:00" testType="13cdc9d9-ddb5-4fa4-a97d-d965ccfc6d4b" outcome="Passed" testListId="8c84fa94-04c1-424b-9868-57a2d4851a1d" relativeResultsDirectory="25a37799-5d1b-4691-8fe3-b93810644a8e" />
    <UnitTestResult executionId="a9d63c66-9a13-4271-983c-3be44eb329fb" testId="80a94af4-7913-fd5c-01c4-b92eec2e4015" testName="WileyWidget.Tests.EnterpriseModelTests.Enterprise_CurrentRate_Validation(rate: -1, shouldBeValid: False)" computerName="MCKITRICK" duration="00:00:00.0003755" startTime="2025-08-30T05:59:37.4203323-06:00" endTime="2025-08-30T05:59:37.4203324-06:00" testType="13cdc9d9-ddb5-4fa4-a97d-d965ccfc6d4b" outcome="Passed" testListId="8c84fa94-04c1-424b-9868-57a2d4851a1d" relativeResultsDirectory="a9d63c66-9a13-4271-983c-3be44eb329fb" />
    <UnitTestResult executionId="53d0aadc-cbbd-499b-ac23-ee2a260e3c8c" testId="40d7657d-f657-0f30-1e57-f9b4790fea1e" testName="WileyWidget.Tests.BudgetInteractionTests.BudgetInteraction_MonthlyAmount_Validation(amount: 1000.99, shouldBeValid: True)" computerName="MCKITRICK" duration="00:00:00.0001758" startTime="2025-08-30T05:59:37.4118170-06:00" endTime="2025-08-30T05:59:37.4118171-06:00" testType="13cdc9d9-ddb5-4fa4-a97d-d965ccfc6d4b" outcome="Passed" testListId="8c84fa94-04c1-424b-9868-57a2d4851a1d" relativeResultsDirectory="53d0aadc-cbbd-499b-ac23-ee2a260e3c8c" />
    <UnitTestResult executionId="df2f67f8-e888-4693-916d-f430d5fb964c" testId="20a34a95-a426-14ac-be1a-81af3da9062a" testName="WileyWidget.Tests.EnterpriseModelTests.Enterprise_CitizenCount_Validation(citizenCount: 1000, shouldBeValid: True)" computerName="MCKITRICK" duration="00:00:00.0000764" startTime="2025-08-30T05:59:37.4248233-06:00" endTime="2025-08-30T05:59:37.4248234-06:00" testType="13cdc9d9-ddb5-4fa4-a97d-d965ccfc6d4b" outcome="Passed" testListId="8c84fa94-04c1-424b-9868-57a2d4851a1d" relativeResultsDirectory="df2f67f8-e888-4693-916d-f430d5fb964c" />
    <UnitTestResult executionId="1e150596-caf5-491b-95e4-b3f63e352302" testId="69a6cf07-6d56-fd82-65cd-93be98d990d5" testName="WileyWidget.Tests.WidgetTests.Widget_Price_Validation(price: 0, shouldBeValid: False)" computerName="MCKITRICK" duration="00:00:00.0037525" startTime="2025-08-30T05:59:37.4088402-06:00" endTime="2025-08-30T05:59:37.4088403-06:00" testType="13cdc9d9-ddb5-4fa4-a97d-d965ccfc6d4b" outcome="Passed" testListId="8c84fa94-04c1-424b-9868-57a2d4851a1d" relativeResultsDirectory="1e150596-caf5-491b-95e4-b3f63e352302" />
    <UnitTestResult executionId="20a6dae1-4d5a-4f08-8817-1ab0828ea7ed" testId="917950f3-8248-2f78-cc8c-99370e6626ab" testName="WileyWidget.Tests.DatabaseIntegrationTests.Repository_CalculatesRevenueCorrectly" computerName="MCKITRICK" duration="00:00:00.0008500" startTime="2025-08-30T05:59:37.9681962-06:00" endTime="2025-08-30T05:59:37.9681963-06:00" testType="13cdc9d9-ddb5-4fa4-a97d-d965ccfc6d4b" outcome="Passed" testListId="8c84fa94-04c1-424b-9868-57a2d4851a1d" relativeResultsDirectory="20a6dae1-4d5a-4f08-8817-1ab0828ea7ed" />
    <UnitTestResult executionId="5966a7de-dd56-4522-8074-5435dde6b67b" testId="1663b73b-6287-a4b0-edce-f88f858df2aa" testName="WileyWidget.Tests.DatabaseConfigurationTests.EnsureDatabaseCreatedAsync_AppliesMigrations" computerName="MCKITRICK" duration="00:00:00.1062313" startTime="2025-08-30T05:59:38.6551342-06:00" endTime="2025-08-30T05:59:38.6551344-06:00" testType="13cdc9d9-ddb5-4fa4-a97d-d965ccfc6d4b" outcome="Passed" testListId="8c84fa94-04c1-424b-9868-57a2d4851a1d" relativeResultsDirectory="5966a7de-dd56-4522-8074-5435dde6b67b" />
    <UnitTestResult executionId="05a06f41-d77a-433e-91ea-6fd229630178" testId="67185dae-1bb2-aa49-e096-b7b20c6fe73a" testName="WileyWidget.Tests.AppUnitTests.RegisterSyncfusionLicense_WithValidConfigKey_RegistersSuccessfully" computerName="MCKITRICK" duration="00:00:00.0002153" startTime="2025-08-30T05:59:37.4268210-06:00" endTime="2025-08-30T05:59:37.4268210-06:00" testType="13cdc9d9-ddb5-4fa4-a97d-d965ccfc6d4b" outcome="Passed" testListId="8c84fa94-04c1-424b-9868-57a2d4851a1d" relativeResultsDirectory="05a06f41-d77a-433e-91ea-6fd229630178" />
    <UnitTestResult executionId="68e71ae4-47c5-4c34-be63-66ada499f0ce" testId="1d6cc74e-b1aa-d571-8164-59cf85bf66e7" testName="WileyWidget.Tests.EnterpriseTests.Enterprise_CurrentRate_Validation(rate: 10000, shouldBeValid: False)" computerName="MCKITRICK" duration="00:00:00.0013563" startTime="2025-08-30T05:59:37.4101843-06:00" endTime="2025-08-30T05:59:37.4101843-06:00" testType="13cdc9d9-ddb5-4fa4-a97d-d965ccfc6d4b" outcome="Passed" testListId="8c84fa94-04c1-424b-9868-57a2d4851a1d" relativeResultsDirectory="68e71ae4-47c5-4c34-be63-66ada499f0ce" />
    <UnitTestResult executionId="fd51c6b6-c251-496f-99b7-3dc369a7fadc" testId="14845400-28d3-9a25-f969-c0ad7612b7de" testName="WileyWidget.Tests.BudgetInteractionTests.BudgetInteraction_MonthlyAmount_Validation(amount: 0.01, shouldBeValid: True)" computerName="MCKITRICK" duration="00:00:00.0000571" startTime="2025-08-30T05:59:37.4209734-06:00" endTime="2025-08-30T05:59:37.4209735-06:00" testType="13cdc9d9-ddb5-4fa4-a97d-d965ccfc6d4b" outcome="Passed" testListId="8c84fa94-04c1-424b-9868-57a2d4851a1d" relativeResultsDirectory="fd51c6b6-c251-496f-99b7-3dc369a7fadc" />
    <UnitTestResult executionId="9e4d0f11-8ee5-4205-98d4-ddb134abaf10" testId="c99ffb98-6608-7343-fd97-cece2671f5c7" testName="WileyWidget.Tests.WidgetTests.Widget_FormattedPrice_ReturnsCorrectFormat(price: 0.01, expected: &quot;$0.01&quot;)" computerName="MCKITRICK" duration="00:00:00.0000127" startTime="2025-08-30T05:59:37.4067115-06:00" endTime="2025-08-30T05:59:37.4067115-06:00" testType="13cdc9d9-ddb5-4fa4-a97d-d965ccfc6d4b" outcome="Passed" testListId="8c84fa94-04c1-424b-9868-57a2d4851a1d" relativeResultsDirectory="9e4d0f11-8ee5-4205-98d4-ddb134abaf10" />
    <UnitTestResult executionId="67485eed-9da2-48f6-ad49-7f02dd70098a" testId="40c28db5-98d0-9ac0-459d-782c32a105ab" testName="WileyWidget.Tests.WidgetTests.Widget_Quantity_Validation(quantity: -1, shouldBeValid: False)" computerName="MCKITRICK" duration="00:00:00.0000901" startTime="2025-08-30T05:59:37.4138617-06:00" endTime="2025-08-30T05:59:37.4138618-06:00" testType="13cdc9d9-ddb5-4fa4-a97d-d965ccfc6d4b" outcome="Passed" testListId="8c84fa94-04c1-424b-9868-57a2d4851a1d" relativeResultsDirectory="67485eed-9da2-48f6-ad49-7f02dd70098a" />
    <UnitTestResult executionId="f00af6e0-f46e-43a1-ab65-5c05d7f338bb" testId="85ee0bd4-7821-b257-c0c8-28e38b9ba9de" testName="WileyWidget.Tests.EnterpriseDatabaseTests.DataIsolation_TestRollbackBehavior_UsingDirectConnection" computerName="MCKITRICK" duration="00:00:00.0276198" startTime="2025-08-30T05:59:37.6424722-06:00" endTime="2025-08-30T05:59:37.6424723-06:00" testType="13cdc9d9-ddb5-4fa4-a97d-d965ccfc6d4b" outcome="Passed" testListId="8c84fa94-04c1-424b-9868-57a2d4851a1d" relativeResultsDirectory="f00af6e0-f46e-43a1-ab65-5c05d7f338bb" />
    <UnitTestResult executionId="3a7bb675-a05e-4665-99ae-b8d2b687eea5" testId="418cae58-aba0-b522-845a-715b8b8313eb" testName="WileyWidget.Tests.EnterpriseTests.Enterprise_CurrentRate_Validation(rate: 0, shouldBeValid: False)" computerName="MCKITRICK" duration="00:00:00.0009052" startTime="2025-08-30T05:59:37.4184257-06:00" endTime="2025-08-30T05:59:37.4184260-06:00" testType="13cdc9d9-ddb5-4fa4-a97d-d965ccfc6d4b" outcome="Failed" testListId="8c84fa94-04c1-424b-9868-57a2d4851a1d" relativeResultsDirectory="3a7bb675-a05e-4665-99ae-b8d2b687eea5">
      <Output>
        <ErrorInfo>
          <Message>Expected validation to fail but it passed</Message>
          <StackTrace>   at WileyWidget.Tests.EnterpriseTests.Enterprise_CurrentRate_Validation(Decimal rate, Boolean shouldBeValid) in C:\Users\biges\Desktop\Wiley_Widget\WileyWidget.Tests\EnterpriseTests.cs:line 96&#xD;
   at InvokeStub_EnterpriseTests.Enterprise_CurrentRate_Validation(Object, Span`1)&#xD;
   at System.Reflection.MethodBaseInvoker.InvokeWithFewArgs(Object obj, BindingFlags invokeAttr, Binder binder, Object[] parameters, CultureInfo culture)</StackTrace>
        </ErrorInfo>
      </Output>
    </UnitTestResult>
    <UnitTestResult executionId="7f526bb8-791c-4004-864d-f240e9016e32" testId="a590d7ab-a37d-241b-b41d-e926aae9e190" testName="WileyWidget.Tests.DatabaseIntegrationTests.Repository_EnforcesCitizenCountConstraints" computerName="MCKITRICK" duration="00:00:00.0003083" startTime="2025-08-30T05:59:37.9707606-06:00" endTime="2025-08-30T05:59:37.9707607-06:00" testType="13cdc9d9-ddb5-4fa4-a97d-d965ccfc6d4b" outcome="Passed" testListId="8c84fa94-04c1-424b-9868-57a2d4851a1d" relativeResultsDirectory="7f526bb8-791c-4004-864d-f240e9016e32" />
    <UnitTestResult executionId="19849496-3388-4703-a44f-41c254e41b8a" testId="c888132b-1015-a40a-2843-8a77b9425be8" testName="WileyWidget.Tests.SettingsServiceTests.SettingsService_Save_CreatesFile" computerName="MCKITRICK" duration="00:00:00.0020338" startTime="2025-08-30T05:59:37.4633871-06:00" endTime="2025-08-30T05:59:37.4633876-06:00" testType="13cdc9d9-ddb5-4fa4-a97d-d965ccfc6d4b" outcome="Passed" testListId="8c84fa94-04c1-424b-9868-57a2d4851a1d" relativeResultsDirectory="19849496-3388-4703-a44f-41c254e41b8a" />
    <UnitTestResult executionId="12e20657-7cc0-4906-ac9a-3bfe5a4a3c81" testId="2f6535a3-ca21-5a5e-d2ea-27f9db0d9635" testName="WileyWidget.Tests.BudgetInteractionTests.BudgetInteraction_SecondaryEnterpriseId_CanBeNull" computerName="MCKITRICK" duration="00:00:00.0024226" startTime="2025-08-30T05:59:37.3797650-06:00" endTime="2025-08-30T05:59:37.3798011-06:00" testType="13cdc9d9-ddb5-4fa4-a97d-d965ccfc6d4b" outcome="Passed" testListId="8c84fa94-04c1-424b-9868-57a2d4851a1d" relativeResultsDirectory="12e20657-7cc0-4906-ac9a-3bfe5a4a3c81" />
    <UnitTestResult executionId="54cf2c13-53ca-4e30-890f-f3a52e2e5884" testId="e472ca0e-4d1f-2cb2-ae79-f619786a7e3f" testName="WileyWidget.Tests.EnterpriseModelTests.Enterprise_MonthlyExpenses_Validation(expenses: -1, shouldBeValid: False)" computerName="MCKITRICK" duration="00:00:00.0123748" startTime="2025-08-30T05:59:37.4085685-06:00" endTime="2025-08-30T05:59:37.4085685-06:00" testType="13cdc9d9-ddb5-4fa4-a97d-d965ccfc6d4b" outcome="Passed" testListId="8c84fa94-04c1-424b-9868-57a2d4851a1d" relativeResultsDirectory="54cf2c13-53ca-4e30-890f-f3a52e2e5884" />
    <UnitTestResult executionId="124d0e36-2909-406b-9cd5-ab8cae5cd725" testId="a72d91bf-1ba0-06c7-1002-ab2af50818f2" testName="WileyWidget.Tests.EnterpriseModelTests.Enterprise_Creation_WithValidData_Succeeds" computerName="MCKITRICK" duration="00:00:00.0002413" startTime="2025-08-30T05:59:37.4250392-06:00" endTime="2025-08-30T05:59:37.4250393-06:00" testType="13cdc9d9-ddb5-4fa4-a97d-d965ccfc6d4b" outcome="Passed" testListId="8c84fa94-04c1-424b-9868-57a2d4851a1d" relativeResultsDirectory="124d0e36-2909-406b-9cd5-ab8cae5cd725" />
    <UnitTestResult executionId="31d1e416-a33d-4e93-8238-8559c25059c1" testId="168ae476-6639-8347-6432-3fafc0d8f784" testName="WileyWidget.Tests.DatabaseIntegrationTests.Repository_EnforcesRateConstraints" computerName="MCKITRICK" duration="00:00:00.0003498" startTime="2025-08-30T05:59:37.9704153-06:00" endTime="2025-08-30T05:59:37.9704154-06:00" testType="13cdc9d9-ddb5-4fa4-a97d-d965ccfc6d4b" outcome="Passed" testListId="8c84fa94-04c1-424b-9868-57a2d4851a1d" relativeResultsDirectory="31d1e416-a33d-4e93-8238-8559c25059c1" />
    <UnitTestResult executionId="c9fd5456-9d09-4cdf-b2b2-4ffd7852683e" testId="888d2b50-7b6d-6c90-d0fe-ec32083e79d4" testName="WileyWidget.Tests.AppUnitTests.ConfigureGlobalExceptionHandling_SetsUpHandlers" computerName="MCKITRICK" duration="00:00:00.0000727" startTime="2025-08-30T05:59:37.4260966-06:00" endTime="2025-08-30T05:59:37.4260966-06:00" testType="13cdc9d9-ddb5-4fa4-a97d-d965ccfc6d4b" outcome="Passed" testListId="8c84fa94-04c1-424b-9868-57a2d4851a1d" relativeResultsDirectory="c9fd5456-9d09-4cdf-b2b2-4ffd7852683e" />
    <UnitTestResult executionId="1c62f76d-6cbe-427c-9ce3-e456ec76d47a" testId="c596acca-eaa8-2cfc-b6e4-d65d1f704c2d" testName="WileyWidget.Tests.WidgetTests.Widget_IsActive_CanBeSet(isActive: False)" computerName="MCKITRICK" duration="00:00:00.0049732" startTime="2025-08-30T05:59:37.3855500-06:00" endTime="2025-08-30T05:59:37.3855501-06:00" testType="13cdc9d9-ddb5-4fa4-a97d-d965ccfc6d4b" outcome="Passed" testListId="8c84fa94-04c1-424b-9868-57a2d4851a1d" relativeResultsDirectory="1c62f76d-6cbe-427c-9ce3-e456ec76d47a" />
    <UnitTestResult executionId="40b2e168-ff0a-45bc-b71a-1eff114756d1" testId="97486250-1fe8-66a0-17d4-9ab973b2b619" testName="WileyWidget.Tests.AppUnitTests.RegisterSyncfusionLicense_WithNullConfig_HandlesGracefully" computerName="MCKITRICK" duration="00:00:00.0000388" startTime="2025-08-30T05:59:37.4263942-06:00" endTime="2025-08-30T05:59:37.4263942-06:00" testType="13cdc9d9-ddb5-4fa4-a97d-d965ccfc6d4b" outcome="Passed" testListId="8c84fa94-04c1-424b-9868-57a2d4851a1d" relativeResultsDirectory="40b2e168-ff0a-45bc-b71a-1eff114756d1" />
    <UnitTestResult executionId="a99fb728-3f94-432a-989f-6f797d1e3993" testId="1c6d9cc5-a386-96ff-1534-848f8d293769" testName="WileyWidget.Tests.DatabaseConfigurationTests.AddDatabaseServices_ConnectionStringVariations(connectionString: &quot;Data Source=test.db&quot;)" computerName="MCKITRICK" duration="00:00:00.0069084" startTime="2025-08-30T05:59:37.4806470-06:00" endTime="2025-08-30T05:59:37.4806470-06:00" testType="13cdc9d9-ddb5-4fa4-a97d-d965ccfc6d4b" outcome="Passed" testListId="8c84fa94-04c1-424b-9868-57a2d4851a1d" relativeResultsDirectory="a99fb728-3f94-432a-989f-6f797d1e3993" />
    <UnitTestResult executionId="b599e2a0-41bc-4aca-a5db-0f58e3d877ff" testId="dd77f057-e1e9-d9f4-cea3-7509791bffd8" testName="WileyWidget.Tests.DatabaseConfigurationTests.EnsureDatabaseCreatedAsync_WithMissingSeeder_ThrowsException" computerName="MCKITRICK" duration="00:00:00.0014575" startTime="2025-08-30T05:59:38.5481734-06:00" endTime="2025-08-30T05:59:38.5481735-06:00" testType="13cdc9d9-ddb5-4fa4-a97d-d965ccfc6d4b" outcome="Passed" testListId="8c84fa94-04c1-424b-9868-57a2d4851a1d" relativeResultsDirectory="b599e2a0-41bc-4aca-a5db-0f58e3d877ff" />
    <UnitTestResult executionId="2e275126-acf8-44a2-9521-70ea3f207339" testId="efa2ee80-8a84-ce7d-1850-d99aa3c2923a" testName="WileyWidget.Tests.BudgetInteractionTests.BudgetInteraction_Creation_WithValidData_Succeeds" computerName="MCKITRICK" duration="00:00:00.0003732" startTime="2025-08-30T05:59:37.4098932-06:00" endTime="2025-08-30T05:59:37.4098933-06:00" testType="13cdc9d9-ddb5-4fa4-a97d-d965ccfc6d4b" outcome="Passed" testListId="8c84fa94-04c1-424b-9868-57a2d4851a1d" relativeResultsDirectory="2e275126-acf8-44a2-9521-70ea3f207339" />
    <UnitTestResult executionId="26e18ffa-b9df-491d-b2bc-f43acf9b3f03" testId="a4f037bc-7338-9135-cfbf-a9e8758843b8" testName="WileyWidget.Tests.BudgetInteractionTests.BudgetInteraction_InteractionType_Validation(type: &quot;&quot;, shouldBeValid: False)" computerName="MCKITRICK" duration="00:00:00.0025306" startTime="2025-08-30T05:59:37.4085071-06:00" endTime="2025-08-30T05:59:37.4085072-06:00" testType="13cdc9d9-ddb5-4fa4-a97d-d965ccfc6d4b" outcome="Passed" testListId="8c84fa94-04c1-424b-9868-57a2d4851a1d" relativeResultsDirectory="26e18ffa-b9df-491d-b2bc-f43acf9b3f03" />
    <UnitTestResult executionId="8bd21e3e-ae61-49a4-9a39-cf02d6aeb016" testId="1e85481e-c1cb-a7d9-6ebb-5c71fd699ae6" testName="WileyWidget.Tests.DatabaseConfigurationTests.AddDatabaseServices_ConnectionStringVariations(connectionString: &quot;&quot;)" computerName="MCKITRICK" duration="00:00:00.0594718" startTime="2025-08-30T05:59:37.4282716-06:00" endTime="2025-08-30T05:59:37.4282716-06:00" testType="13cdc9d9-ddb5-4fa4-a97d-d965ccfc6d4b" outcome="Passed" testListId="8c84fa94-04c1-424b-9868-57a2d4851a1d" relativeResultsDirectory="8bd21e3e-ae61-49a4-9a39-cf02d6aeb016" />
    <UnitTestResult executionId="bb3dddd1-7061-437d-8558-5085ca8d4daa" testId="7fe76a3a-9ac6-6844-b5f7-d4331eae2413" testName="WileyWidget.Tests.EnterpriseTests.Enterprise_Name_Validation(name: &quot;&quot;, shouldBeValid: False)" computerName="MCKITRICK" duration="00:00:00.0002132" startTime="2025-08-30T05:59:37.4203785-06:00" endTime="2025-08-30T05:59:37.4203786-06:00" testType="13cdc9d9-ddb5-4fa4-a97d-d965ccfc6d4b" outcome="Passed" testListId="8c84fa94-04c1-424b-9868-57a2d4851a1d" relativeResultsDirectory="bb3dddd1-7061-437d-8558-5085ca8d4daa" />
    <UnitTestResult executionId="dd6e472e-8f6e-4fcc-aa05-218d41d05cc5" testId="9f5c146e-0566-da9b-266b-e05a1f45f5d6" testName="WileyWidget.Tests.MainViewModelTests.AddEnterpriseCommand_AddsNewEnterprise" computerName="MCKITRICK" duration="00:00:00.0075075" startTime="2025-08-30T05:59:37.4881883-06:00" endTime="2025-08-30T05:59:37.4881884-06:00" testType="13cdc9d9-ddb5-4fa4-a97d-d965ccfc6d4b" outcome="Passed" testListId="8c84fa94-04c1-424b-9868-57a2d4851a1d" relativeResultsDirectory="dd6e472e-8f6e-4fcc-aa05-218d41d05cc5" />
    <UnitTestResult executionId="21ce8735-3650-4429-ac85-8ddd1d7bb5a2" testId="a2810c54-2114-8e84-bfe9-f4d0a5267d1f" testName="WileyWidget.Tests.EnterpriseModelTests.Enterprise_CitizenCount_Validation(citizenCount: -1, shouldBeValid: False)" computerName="MCKITRICK" duration="00:00:00.0004110" startTime="2025-08-30T05:59:37.4247573-06:00" endTime="2025-08-30T05:59:37.4247574-06:00" testType="13cdc9d9-ddb5-4fa4-a97d-d965ccfc6d4b" outcome="Passed" testListId="8c84fa94-04c1-424b-9868-57a2d4851a1d" relativeResultsDirectory="21ce8735-3650-4429-ac85-8ddd1d7bb5a2" />
    <UnitTestResult executionId="9c1ec3b4-e62c-43c5-9471-303bc9ff8bfd" testId="2b9ee214-5fed-0842-d648-dd6ae7f87bc4" testName="WileyWidget.Tests.BudgetInteractionTests.BudgetInteraction_AcceptsVariousInteractionTypes(type: &quot;Dependency&quot;, expected: True)" computerName="MCKITRICK" duration="00:00:00.0000254" startTime="2025-08-30T05:59:37.4116029-06:00" endTime="2025-08-30T05:59:37.4116030-06:00" testType="13cdc9d9-ddb5-4fa4-a97d-d965ccfc6d4b" outcome="Passed" testListId="8c84fa94-04c1-424b-9868-57a2d4851a1d" relativeResultsDirectory="9c1ec3b4-e62c-43c5-9471-303bc9ff8bfd" />
    <UnitTestResult executionId="ca4fe0fe-01bd-4afa-b129-82219ae97db0" testId="c0f826c4-a2e8-a2fe-55fc-c1924806102d" testName="WileyWidget.Tests.WidgetTests.Widget_Quantity_Validation(quantity: 0, shouldBeValid: True)" computerName="MCKITRICK" duration="00:00:00.0004118" startTime="2025-08-30T05:59:37.4137075-06:00" endTime="2025-08-30T05:59:37.4137076-06:00" testType="13cdc9d9-ddb5-4fa4-a97d-d965ccfc6d4b" outcome="Passed" testListId="8c84fa94-04c1-424b-9868-57a2d4851a1d" relativeResultsDirectory="ca4fe0fe-01bd-4afa-b129-82219ae97db0" />
    <UnitTestResult executionId="7dbdd7c6-0364-45e9-aeab-aaafe7bcb8e6" testId="08055736-1e09-8961-dc89-8e2a25887239" testName="WileyWidget.Tests.MainWindowUnitTests.LogSyncfusionControls_MethodExists" computerName="MCKITRICK" duration="00:00:00.0002732" startTime="2025-08-30T05:59:37.4274407-06:00" endTime="2025-08-30T05:59:37.4274408-06:00" testType="13cdc9d9-ddb5-4fa4-a97d-d965ccfc6d4b" outcome="Passed" testListId="8c84fa94-04c1-424b-9868-57a2d4851a1d" relativeResultsDirectory="7dbdd7c6-0364-45e9-aeab-aaafe7bcb8e6" />
    <UnitTestResult executionId="2a729238-5c2d-43ad-8356-deed9f31b3b8" testId="d621bb97-a6a4-4797-ce4f-9813ccfba719" testName="WileyWidget.Tests.MainViewModelTests.Enterprises_Collection_IsObservable" computerName="MCKITRICK" duration="00:00:00.0006087" startTime="2025-08-30T05:59:37.4896646-06:00" endTime="2025-08-30T05:59:37.4896646-06:00" testType="13cdc9d9-ddb5-4fa4-a97d-d965ccfc6d4b" outcome="Passed" testListId="8c84fa94-04c1-424b-9868-57a2d4851a1d" relativeResultsDirectory="2a729238-5c2d-43ad-8356-deed9f31b3b8" />
    <UnitTestResult executionId="2ec8d5e5-0350-4901-984e-268261bea532" testId="250861d5-9d13-68af-2b01-b8c47d52fcf2" testName="WileyWidget.Tests.EnterpriseTests.Enterprise_CalculatedProperties_WorkCorrectly(currentRate: 1, citizenCount: 1000, expenses: 0, expectedBalance: 1000)" computerName="MCKITRICK" duration="00:00:00.0000135" startTime="2025-08-30T05:59:37.4042877-06:00" endTime="2025-08-30T05:59:37.4042877-06:00" testType="13cdc9d9-ddb5-4fa4-a97d-d965ccfc6d4b" outcome="Passed" testListId="8c84fa94-04c1-424b-9868-57a2d4851a1d" relativeResultsDirectory="2ec8d5e5-0350-4901-984e-268261bea532" />
    <UnitTestResult executionId="cb5673d8-950a-45a3-aa24-a249d27011fc" testId="4a11ecda-ef05-73a1-b1d1-c3284d3e4afa" testName="WileyWidget.Tests.WidgetTests.Widget_Creation_WithValidData_Succeeds" computerName="MCKITRICK" duration="00:00:00.0001830" startTime="2025-08-30T05:59:37.4139539-06:00" endTime="2025-08-30T05:59:37.4139540-06:00" testType="13cdc9d9-ddb5-4fa4-a97d-d965ccfc6d4b" outcome="Passed" testListId="8c84fa94-04c1-424b-9868-57a2d4851a1d" relativeResultsDirectory="cb5673d8-950a-45a3-aa24-a249d27011fc" />
    <UnitTestResult executionId="8e595c69-fb51-4cfe-916d-cd8e98f4d625" testId="c79d0d0b-2c17-cda5-48a6-5d1589c048fd" testName="WileyWidget.Tests.BudgetInteractionTests.BudgetInteraction_InteractionType_Validation(type: &quot;SharedCost&quot;, shouldBeValid: True)" computerName="MCKITRICK" duration="00:00:00.0032375" startTime="2025-08-30T05:59:37.4069259-06:00" endTime="2025-08-30T05:59:37.4069260-06:00" testType="13cdc9d9-ddb5-4fa4-a97d-d965ccfc6d4b" outcome="Passed" testListId="8c84fa94-04c1-424b-9868-57a2d4851a1d" relativeResultsDirectory="8e595c69-fb51-4cfe-916d-cd8e98f4d625" />
    <UnitTestResult executionId="e12ff9e4-a496-44e8-9f15-3bb86f1f55d6" testId="510fe505-3d5e-fa04-5438-1019c48dc099" testName="WileyWidget.Tests.WidgetTests.Widget_DisplayName_ReturnsCorrectFormat(name: &quot;Widget Name&quot;, sku: null, expected: &quot;Widget Name&quot;)" computerName="MCKITRICK" duration="00:00:00.0000052" startTime="2025-08-30T05:59:37.4129128-06:00" endTime="2025-08-30T05:59:37.4129128-06:00" testType="13cdc9d9-ddb5-4fa4-a97d-d965ccfc6d4b" outcome="Passed" testListId="8c84fa94-04c1-424b-9868-57a2d4851a1d" relativeResultsDirectory="e12ff9e4-a496-44e8-9f15-3bb86f1f55d6" />
    <UnitTestResult executionId="ff935c76-0f62-4839-a92b-b0eabea932a1" testId="de72c0f3-fa26-9d6c-6ca7-32a0c98717f3" testName="WileyWidget.Tests.WidgetTests.Widget_Price_Validation(price: 1000.99, shouldBeValid: True)" computerName="MCKITRICK" duration="00:00:00.0000306" startTime="2025-08-30T05:59:37.4113291-06:00" endTime="2025-08-30T05:59:37.4113291-06:00" testType="13cdc9d9-ddb5-4fa4-a97d-d965ccfc6d4b" outcome="Passed" testListId="8c84fa94-04c1-424b-9868-57a2d4851a1d" relativeResultsDirectory="ff935c76-0f62-4839-a92b-b0eabea932a1" />
    <UnitTestResult executionId="b0c48863-1a41-4baa-9a3c-1fa7a4608252" testId="97655ffa-dca1-a12a-5ad2-019d9211febe" testName="WileyWidget.Tests.DatabaseIntegrationTests.Repository_ValidatesRequiredFields" computerName="MCKITRICK" duration="00:00:00.0004125" startTime="2025-08-30T05:59:37.9545984-06:00" endTime="2025-08-30T05:59:37.9545985-06:00" testType="13cdc9d9-ddb5-4fa4-a97d-d965ccfc6d4b" outcome="Passed" testListId="8c84fa94-04c1-424b-9868-57a2d4851a1d" relativeResultsDirectory="b0c48863-1a41-4baa-9a3c-1fa7a4608252" />
    <UnitTestResult executionId="33164358-ba94-4a72-b8b3-b3605107afde" testId="668e1389-6a17-867c-cc8c-409430f2326f" testName="WileyWidget.Tests.WidgetTests.Widget_Name_Validation(name: &quot;Valid Name&quot;, shouldBeValid: True)" computerName="MCKITRICK" duration="00:00:00.0000295" startTime="2025-08-30T05:59:37.4131686-06:00" endTime="2025-08-30T05:59:37.4131687-06:00" testType="13cdc9d9-ddb5-4fa4-a97d-d965ccfc6d4b" outcome="Passed" testListId="8c84fa94-04c1-424b-9868-57a2d4851a1d" relativeResultsDirectory="33164358-ba94-4a72-b8b3-b3605107afde" />
    <UnitTestResult executionId="2314e031-8782-4424-95dc-ec83f6beed57" testId="3d9418a8-7d7a-ace8-cce3-7f6d8639b60f" testName="WileyWidget.Tests.EnterpriseTests.Enterprise_Name_Validation(name: &quot;This is a very long enterprise name that exceeds t&quot;···, shouldBeValid: False)" computerName="MCKITRICK" duration="00:00:00.0000547" startTime="2025-08-30T05:59:37.4210598-06:00" endTime="2025-08-30T05:59:37.4210599-06:00" testType="13cdc9d9-ddb5-4fa4-a97d-d965ccfc6d4b" outcome="Passed" testListId="8c84fa94-04c1-424b-9868-57a2d4851a1d" relativeResultsDirectory="2314e031-8782-4424-95dc-ec83f6beed57" />
    <UnitTestResult executionId="a412722f-8700-4896-a22d-8a906b973921" testId="d76fce68-3bca-b1a7-0e69-ec7736a35394" testName="WileyWidget.Tests.EnterpriseDatabaseTests.StoredProcedure_InsertAndRetrieveEnterprise_UsingDirectConnection" computerName="MCKITRICK" duration="00:00:00.0064415" startTime="2025-08-30T05:59:37.6597046-06:00" endTime="2025-08-30T05:59:37.6597047-06:00" testType="13cdc9d9-ddb5-4fa4-a97d-d965ccfc6d4b" outcome="Passed" testListId="8c84fa94-04c1-424b-9868-57a2d4851a1d" relativeResultsDirectory="a412722f-8700-4896-a22d-8a906b973921" />
    <UnitTestResult executionId="23e124f7-f4ab-46ee-b3e3-08633f44a366" testId="0c08c2f7-584f-44de-79b5-e35ec9541cbd" testName="WileyWidget.Tests.WidgetTests.Widget_Category_AcceptsVariousValues(category: &quot;Clothing&quot;)" computerName="MCKITRICK" duration="00:00:00.0000863" startTime="2025-08-30T05:59:37.3859707-06:00" endTime="2025-08-30T05:59:37.3859708-06:00" testType="13cdc9d9-ddb5-4fa4-a97d-d965ccfc6d4b" outcome="Passed" testListId="8c84fa94-04c1-424b-9868-57a2d4851a1d" relativeResultsDirectory="23e124f7-f4ab-46ee-b3e3-08633f44a366" />
    <UnitTestResult executionId="83e2fced-1993-4b58-ba3f-7bdd609498fd" testId="4496488f-c883-aa7a-35a7-d9dbf4a2d3b2" testName="WileyWidget.Tests.EnterpriseModelTests.Enterprise_CurrentRate_Validation(rate: 0.01, shouldBeValid: True)" computerName="MCKITRICK" duration="00:00:00.0000768" startTime="2025-08-30T05:59:37.4228410-06:00" endTime="2025-08-30T05:59:37.4228411-06:00" testType="13cdc9d9-ddb5-4fa4-a97d-d965ccfc6d4b" outcome="Passed" testListId="8c84fa94-04c1-424b-9868-57a2d4851a1d" relativeResultsDirectory="83e2fced-1993-4b58-ba3f-7bdd609498fd" />
    <UnitTestResult executionId="9cd732b0-0e51-488e-b6ce-8d4bb77c24e9" testId="7d89b2b7-2e04-1507-fb4c-fafb91c62761" testName="WileyWidget.Tests.DatabaseIntegrationTests.GetByIdAsync_ReturnsNullForNonExistentId" computerName="MCKITRICK" duration="00:00:00.0202850" startTime="2025-08-30T05:59:37.9511872-06:00" endTime="2025-08-30T05:59:37.9511873-06:00" testType="13cdc9d9-ddb5-4fa4-a97d-d965ccfc6d4b" outcome="Passed" testListId="8c84fa94-04c1-424b-9868-57a2d4851a1d" relativeResultsDirectory="9cd732b0-0e51-488e-b6ce-8d4bb77c24e9" />
    <UnitTestResult executionId="01ab3c8e-0720-4d39-aa67-0ea73ad3553f" testId="e624f24d-1a26-231f-cac9-67120c12c28b" testName="WileyWidget.Tests.BudgetInteractionTests.BudgetInteraction_IsCost_DefaultsToTrue" computerName="MCKITRICK" duration="00:00:00.0001517" startTime="2025-08-30T05:59:37.4238406-06:00" endTime="2025-08-30T05:59:37.4238406-06:00" testType="13cdc9d9-ddb5-4fa4-a97d-d965ccfc6d4b" outcome="Passed" testListId="8c84fa94-04c1-424b-9868-57a2d4851a1d" relativeResultsDirectory="01ab3c8e-0720-4d39-aa67-0ea73ad3553f" />
    <UnitTestResult executionId="7b9fa4cc-04ec-4b3c-82f4-a37a2a6214f6" testId="e1f8a3e1-d467-b8d5-d368-b35a2dff4c81" testName="WileyWidget.Tests.EnterpriseDatabaseTests.SimpleDatabaseConnectionTest" computerName="MCKITRICK" duration="00:00:00.2503591" startTime="2025-08-30T05:59:37.6138232-06:00" endTime="2025-08-30T05:59:37.6138234-06:00" testType="13cdc9d9-ddb5-4fa4-a97d-d965ccfc6d4b" outcome="Passed" testListId="8c84fa94-04c1-424b-9868-57a2d4851a1d" relativeResultsDirectory="7b9fa4cc-04ec-4b3c-82f4-a37a2a6214f6" />
    <UnitTestResult executionId="34ce83e8-5a89-4dee-a7c6-f93641637b7c" testId="ef0f0bc6-05a9-f4ec-9eaa-324bcd7d0328" testName="WileyWidget.Tests.AppUnitTests.ConfigureLogging_SetsUpLoggerCorrectly" computerName="MCKITRICK" duration="00:00:00.0000504" startTime="2025-08-30T05:59:37.4268908-06:00" endTime="2025-08-30T05:59:37.4268908-06:00" testType="13cdc9d9-ddb5-4fa4-a97d-d965ccfc6d4b" outcome="Passed" testListId="8c84fa94-04c1-424b-9868-57a2d4851a1d" relativeResultsDirectory="34ce83e8-5a89-4dee-a7c6-f93641637b7c" />
    <UnitTestResult executionId="84333fce-3f4d-4049-b370-a1303280c758" testId="d106bb70-67c4-1dcc-e1c1-b1453099822c" testName="WileyWidget.Tests.BudgetInteractionTests.BudgetInteraction_Description_Validation(description: &quot;Valid description&quot;, shouldBeValid: True)" computerName="MCKITRICK" duration="00:00:00.0002116" startTime="2025-08-30T05:59:37.4218456-06:00" endTime="2025-08-30T05:59:37.4218457-06:00" testType="13cdc9d9-ddb5-4fa4-a97d-d965ccfc6d4b" outcome="Passed" testListId="8c84fa94-04c1-424b-9868-57a2d4851a1d" relativeResultsDirectory="84333fce-3f4d-4049-b370-a1303280c758" />
    <UnitTestResult executionId="e7607aa4-a1a8-4e39-8724-c5f0ebd05101" testId="f1c4230d-c873-a695-bf0b-dd9c7f8ad220" testName="WileyWidget.Tests.EnterpriseDatabaseTests.InsertEnterprise_DataIsInsertedCorrectly_UsingDirectConnection" computerName="MCKITRICK" duration="00:00:00.0095163" startTime="2025-08-30T05:59:37.6525798-06:00" endTime="2025-08-30T05:59:37.6525799-06:00" testType="13cdc9d9-ddb5-4fa4-a97d-d965ccfc6d4b" outcome="Passed" testListId="8c84fa94-04c1-424b-9868-57a2d4851a1d" relativeResultsDirectory="e7607aa4-a1a8-4e39-8724-c5f0ebd05101" />
    <UnitTestResult executionId="1871382b-3cb7-4adc-8851-df59b46a9962" testId="3f32ff24-dbe4-5b18-602e-bcc79c03a51a" testName="WileyWidget.Tests.EnterpriseModelTests.Enterprise_MonthlyRevenue_CalculatesCorrectly" computerName="MCKITRICK" duration="00:00:00.0007789" startTime="2025-08-30T05:59:37.4245885-06:00" endTime="2025-08-30T05:59:37.4245886-06:00" testType="13cdc9d9-ddb5-4fa4-a97d-d965ccfc6d4b" outcome="Passed" testListId="8c84fa94-04c1-424b-9868-57a2d4851a1d" relativeResultsDirectory="1871382b-3cb7-4adc-8851-df59b46a9962" />
    <UnitTestResult executionId="ce180518-2d2d-45bd-ac6c-a6c4d17698e7" testId="ccb7df2b-4d5c-e170-73db-923a830f1d8c" testName="WileyWidget.Tests.DatabaseConfigurationTests.EnsureDatabaseCreatedAsync_WithValidServiceProvider_CreatesDatabase" computerName="MCKITRICK" duration="00:00:00.1062062" startTime="2025-08-30T05:59:38.5466616-06:00" endTime="2025-08-30T05:59:38.5466618-06:00" testType="13cdc9d9-ddb5-4fa4-a97d-d965ccfc6d4b" outcome="Passed" testListId="8c84fa94-04c1-424b-9868-57a2d4851a1d" relativeResultsDirectory="ce180518-2d2d-45bd-ac6c-a6c4d17698e7" />
    <UnitTestResult executionId="2a19b62c-b61f-43aa-a740-0bb250e296da" testId="a4b79d30-1b57-4783-2bc5-b481543036fd" testName="WileyWidget.Tests.BudgetInteractionTests.BudgetInteraction_InteractionType_Validation(type: &quot;Dependency&quot;, shouldBeValid: True)" computerName="MCKITRICK" duration="00:00:00.0000558" startTime="2025-08-30T05:59:37.4087325-06:00" endTime="2025-08-30T05:59:37.4087325-06:00" testType="13cdc9d9-ddb5-4fa4-a97d-d965ccfc6d4b" outcome="Passed" testListId="8c84fa94-04c1-424b-9868-57a2d4851a1d" relativeResultsDirectory="2a19b62c-b61f-43aa-a740-0bb250e296da" />
    <UnitTestResult executionId="2a860e9a-863d-4519-ad4c-ece73d004d8f" testId="e347da39-e3d7-9818-2827-c6fcf2b4c69d" testName="WileyWidget.Tests.EnterpriseTests.Enterprise_Creation_WithValidData_Succeeds" computerName="MCKITRICK" duration="00:00:00.0002169" startTime="2025-08-30T05:59:37.4072492-06:00" endTime="2025-08-30T05:59:37.4072493-06:00" testType="13cdc9d9-ddb5-4fa4-a97d-d965ccfc6d4b" outcome="Passed" testListId="8c84fa94-04c1-424b-9868-57a2d4851a1d" relativeResultsDirectory="2a860e9a-863d-4519-ad4c-ece73d004d8f" />
    <UnitTestResult executionId="920fd6dc-6d7a-4a42-99f1-7ec5a5bce736" testId="2b6d2d98-9ff2-0efc-9085-3c305df50a78" testName="WileyWidget.Tests.BudgetInteractionTests.BudgetInteraction_Notes_Validation(notes: null, shouldBeValid: True)" computerName="MCKITRICK" duration="00:00:00.0001925" startTime="2025-08-30T05:59:37.4101157-06:00" endTime="2025-08-30T05:59:37.4101158-06:00" testType="13cdc9d9-ddb5-4fa4-a97d-d965ccfc6d4b" outcome="Passed" testListId="8c84fa94-04c1-424b-9868-57a2d4851a1d" relativeResultsDirectory="920fd6dc-6d7a-4a42-99f1-7ec5a5bce736" />
    <UnitTestResult executionId="213bfcfc-720e-4668-b997-cae85c8c7b3a" testId="1a019a48-5289-21b6-90e2-05f5df28d217" testName="WileyWidget.Tests.MainWindowUnitTests.UpdateThemeToggleVisuals_MethodExists" computerName="MCKITRICK" duration="00:00:00.0023915" startTime="2025-08-30T05:59:37.4270369-06:00" endTime="2025-08-30T05:59:37.4270369-06:00" testType="13cdc9d9-ddb5-4fa4-a97d-d965ccfc6d4b" outcome="Passed" testListId="8c84fa94-04c1-424b-9868-57a2d4851a1d" relativeResultsDirectory="213bfcfc-720e-4668-b997-cae85c8c7b3a" />
    <UnitTestResult executionId="81b6ed98-e39e-4503-8456-4f6ba91930a4" testId="c3e9fc9c-637b-6721-3c64-e57c86c03371" testName="WileyWidget.Tests.AppUnitTests.ConfigureGlobalExceptionHandling_MethodExists" computerName="MCKITRICK" duration="00:00:00.0000486" startTime="2025-08-30T05:59:37.4261749-06:00" endTime="2025-08-30T05:59:37.4261750-06:00" testType="13cdc9d9-ddb5-4fa4-a97d-d965ccfc6d4b" outcome="Passed" testListId="8c84fa94-04c1-424b-9868-57a2d4851a1d" relativeResultsDirectory="81b6ed98-e39e-4503-8456-4f6ba91930a4" />
    <UnitTestResult executionId="6862a54d-cbc2-4af4-9fd5-dc8f82ee1c6d" testId="0a00e6cb-49af-1b97-d7b2-bbdf194a8118" testName="WileyWidget.Tests.EnterpriseModelTests.Enterprise_BreakEvenRate_HandlesZeroCitizens" computerName="MCKITRICK" duration="00:00:00.0001044" startTime="2025-08-30T05:59:37.4251903-06:00" endTime="2025-08-30T05:59:37.4251903-06:00" testType="13cdc9d9-ddb5-4fa4-a97d-d965ccfc6d4b" outcome="Passed" testListId="8c84fa94-04c1-424b-9868-57a2d4851a1d" relativeResultsDirectory="6862a54d-cbc2-4af4-9fd5-dc8f82ee1c6d" />
    <UnitTestResult executionId="32d87615-872b-4465-ac1a-6c040c2ce424" testId="9929003c-3c0b-e178-ebdf-bba67d8898cc" testName="WileyWidget.Tests.EnterpriseModelTests.Enterprise_MonthlyExpenses_Validation(expenses: 1000, shouldBeValid: True)" computerName="MCKITRICK" duration="00:00:00.0009576" startTime="2025-08-30T05:59:37.4102348-06:00" endTime="2025-08-30T05:59:37.4102349-06:00" testType="13cdc9d9-ddb5-4fa4-a97d-d965ccfc6d4b" outcome="Passed" testListId="8c84fa94-04c1-424b-9868-57a2d4851a1d" relativeResultsDirectory="32d87615-872b-4465-ac1a-6c040c2ce424" />
    <UnitTestResult executionId="f6f54284-aa6a-409b-bbb2-55e6ddcd5bc0" testId="00f90a30-6cfb-102f-2905-fe6964421a8d" testName="WileyWidget.Tests.EnterpriseModelTests.Enterprise_CurrentRate_Validation(rate: 0.005, shouldBeValid: False)" computerName="MCKITRICK" duration="00:00:00.0001499" startTime="2025-08-30T05:59:37.4220971-06:00" endTime="2025-08-30T05:59:37.4220973-06:00" testType="13cdc9d9-ddb5-4fa4-a97d-d965ccfc6d4b" outcome="Failed" testListId="8c84fa94-04c1-424b-9868-57a2d4851a1d" relativeResultsDirectory="f6f54284-aa6a-409b-bbb2-55e6ddcd5bc0">
      <Output>
        <ErrorInfo>
          <Message>Assert.Equal() Failure: Values differ&#xD;
Expected: False&#xD;
Actual:   True</Message>
          <StackTrace>   at WileyWidget.Tests.EnterpriseModelTests.Enterprise_CurrentRate_Validation(Decimal rate, Boolean shouldBeValid) in C:\Users\biges\Desktop\Wiley_Widget\WileyWidget.Tests\ComprehensiveViewModelTests.cs:line 383&#xD;
   at InvokeStub_EnterpriseModelTests.Enterprise_CurrentRate_Validation(Object, Span`1)&#xD;
   at System.Reflection.MethodBaseInvoker.InvokeWithFewArgs(Object obj, BindingFlags invokeAttr, Binder binder, Object[] parameters, CultureInfo culture)</StackTrace>
        </ErrorInfo>
      </Output>
    </UnitTestResult>
    <UnitTestResult executionId="335cbff6-e375-40e2-a32e-85ba8d999b4c" testId="52b06d6e-0e7b-45f1-e848-734105f0bc9a" testName="WileyWidget.Tests.MainWindowUnitTests.BuildDynamicColumns_MethodExists" computerName="MCKITRICK" duration="00:00:00.0002509" startTime="2025-08-30T05:59:37.4275347-06:00" endTime="2025-08-30T05:59:37.4275348-06:00" testType="13cdc9d9-ddb5-4fa4-a97d-d965ccfc6d4b" outcome="Passed" testListId="8c84fa94-04c1-424b-9868-57a2d4851a1d" relativeResultsDirectory="335cbff6-e375-40e2-a32e-85ba8d999b4c" />
    <UnitTestResult executionId="34d74c23-9de6-4c4d-8bdf-f3f621b6a18d" testId="2beb22ae-6dec-0df2-163d-82054723e892" testName="WileyWidget.Tests.WidgetTests.Widget_Price_Validation(price: 0.01, shouldBeValid: True)" computerName="MCKITRICK" duration="00:00:00.0010380" startTime="2025-08-30T05:59:37.4112179-06:00" endTime="2025-08-30T05:59:37.4112180-06:00" testType="13cdc9d9-ddb5-4fa4-a97d-d965ccfc6d4b" outcome="Passed" testListId="8c84fa94-04c1-424b-9868-57a2d4851a1d" relativeResultsDirectory="34d74c23-9de6-4c4d-8bdf-f3f621b6a18d" />
    <UnitTestResult executionId="ac29b82e-94ee-4d0d-93b5-52dc3612c1e5" testId="6fb64c30-f462-9da3-d1f6-08832453c990" testName="WileyWidget.Tests.MainWindowUnitTests.ApplyWpfTheme_MethodExists" computerName="MCKITRICK" duration="00:00:00.0002469" startTime="2025-08-30T05:59:37.4271389-06:00" endTime="2025-08-30T05:59:37.4271389-06:00" testType="13cdc9d9-ddb5-4fa4-a97d-d965ccfc6d4b" outcome="Passed" testListId="8c84fa94-04c1-424b-9868-57a2d4851a1d" relativeResultsDirectory="ac29b82e-94ee-4d0d-93b5-52dc3612c1e5" />
    <UnitTestResult executionId="4f52761d-aaa6-4f11-9810-bb6c6124872a" testId="7e338c26-7d68-229c-5870-5a210a219a3a" testName="WileyWidget.Tests.EnterpriseModelTests.Enterprise_MonthlyBalance_CalculatesCorrectly" computerName="MCKITRICK" duration="00:00:00.0001261" startTime="2025-08-30T05:59:37.4251158-06:00" endTime="2025-08-30T05:59:37.4251158-06:00" testType="13cdc9d9-ddb5-4fa4-a97d-d965ccfc6d4b" outcome="Passed" testListId="8c84fa94-04c1-424b-9868-57a2d4851a1d" relativeResultsDirectory="4f52761d-aaa6-4f11-9810-bb6c6124872a" />
    <UnitTestResult executionId="35ed7fae-e395-44af-aeb7-e1758c585b58" testId="cbeada98-fd74-8e95-0798-e8d59013190d" testName="WileyWidget.Tests.WidgetTests.Widget_Category_AcceptsVariousValues(category: &quot;Electronics&quot;)" computerName="MCKITRICK" duration="00:00:00.0000058" startTime="2025-08-30T05:59:37.4038550-06:00" endTime="2025-08-30T05:59:37.4038552-06:00" testType="13cdc9d9-ddb5-4fa4-a97d-d965ccfc6d4b" outcome="Passed" testListId="8c84fa94-04c1-424b-9868-57a2d4851a1d" relativeResultsDirectory="35ed7fae-e395-44af-aeb7-e1758c585b58" />
    <UnitTestResult executionId="4db719e3-312d-4c66-b2e5-d49aa61f9e75" testId="04dd675b-629e-a516-a8ca-baee13393506" testName="WileyWidget.Tests.SettingsServiceTests.SettingsService_Load_HandlesCorruptFile" computerName="MCKITRICK" duration="00:00:00.0049350" startTime="2025-08-30T05:59:37.4723788-06:00" endTime="2025-08-30T05:59:37.4723790-06:00" testType="13cdc9d9-ddb5-4fa4-a97d-d965ccfc6d4b" outcome="Passed" testListId="8c84fa94-04c1-424b-9868-57a2d4851a1d" relativeResultsDirectory="4db719e3-312d-4c66-b2e5-d49aa61f9e75" />
    <UnitTestResult executionId="828a0ac5-7216-486b-8ad1-224ad2b0e0e6" testId="59a77b29-012a-7f31-5abd-f2349c80ceff" testName="WileyWidget.Tests.DatabaseIntegrationTests.GetAllAsync_ReturnsAllEnterprises" computerName="MCKITRICK" duration="00:00:00.0086202" startTime="2025-08-30T05:59:37.9628808-06:00" endTime="2025-08-30T05:59:37.9628809-06:00" testType="13cdc9d9-ddb5-4fa4-a97d-d965ccfc6d4b" outcome="Passed" testListId="8c84fa94-04c1-424b-9868-57a2d4851a1d" relativeResultsDirectory="828a0ac5-7216-486b-8ad1-224ad2b0e0e6" />
    <UnitTestResult executionId="53c338aa-bbf5-4465-905b-5a03e120add9" testId="8ca5b6cf-7541-b621-6329-c030b30b7745" testName="WileyWidget.Tests.BudgetInteractionTests.BudgetInteraction_AcceptsVariousInteractionTypes(type: &quot;Subsidy&quot;, expected: True)" computerName="MCKITRICK" duration="00:00:00.0001710" startTime="2025-08-30T05:59:37.4115152-06:00" endTime="2025-08-30T05:59:37.4115153-06:00" testType="13cdc9d9-ddb5-4fa4-a97d-d965ccfc6d4b" outcome="Passed" testListId="8c84fa94-04c1-424b-9868-57a2d4851a1d" relativeResultsDirectory="53c338aa-bbf5-4465-905b-5a03e120add9" />
    <UnitTestResult executionId="295fa9e6-a038-42e2-9a5c-8daadab84f14" testId="c47db43f-5871-4aa9-b457-92ab04b7b502" testName="WileyWidget.Tests.EnterpriseTests.Enterprise_CurrentRate_Validation(rate: 0.01, shouldBeValid: True)" computerName="MCKITRICK" duration="00:00:00.0000612" startTime="2025-08-30T05:59:37.4202731-06:00" endTime="2025-08-30T05:59:37.4202732-06:00" testType="13cdc9d9-ddb5-4fa4-a97d-d965ccfc6d4b" outcome="Passed" testListId="8c84fa94-04c1-424b-9868-57a2d4851a1d" relativeResultsDirectory="295fa9e6-a038-42e2-9a5c-8daadab84f14" />
    <UnitTestResult executionId="53cc596f-dcdf-47b9-aa2b-baacb60eb56d" testId="df5aec0e-ef6f-cdc6-14fa-f5e50593b465" testName="WileyWidget.Tests.BudgetInteractionTests.BudgetInteraction_Description_Validation(description: &quot;A&quot;, shouldBeValid: True)" computerName="MCKITRICK" duration="00:00:00.0000323" startTime="2025-08-30T05:59:37.4222813-06:00" endTime="2025-08-30T05:59:37.4222813-06:00" testType="13cdc9d9-ddb5-4fa4-a97d-d965ccfc6d4b" outcome="Passed" testListId="8c84fa94-04c1-424b-9868-57a2d4851a1d" relativeResultsDirectory="53cc596f-dcdf-47b9-aa2b-baacb60eb56d" />
    <UnitTestResult executionId="a55e0f42-b04b-4aba-b702-eeb3b9f02a68" testId="b7030ce1-05f2-f041-773e-ef3e29b9eb03" testName="WileyWidget.Tests.AppUnitTests.ConfigureLogging_MethodExists" computerName="MCKITRICK" duration="00:00:00.0000971" startTime="2025-08-30T05:59:37.4257838-06:00" endTime="2025-08-30T05:59:37.4257839-06:00" testType="13cdc9d9-ddb5-4fa4-a97d-d965ccfc6d4b" outcome="Passed" testListId="8c84fa94-04c1-424b-9868-57a2d4851a1d" relativeResultsDirectory="a55e0f42-b04b-4aba-b702-eeb3b9f02a68" />
    <UnitTestResult executionId="e5652f6e-1d69-40fa-80b8-718fa02d159a" testId="33627335-316c-cbc4-3f2e-4374d3f98bd0" testName="WileyWidget.Tests.SettingsServiceTests.SettingsService_Load_ReadsFileCorrectly" computerName="MCKITRICK" duration="00:00:00.0834666" startTime="2025-08-30T05:59:37.4448252-06:00" endTime="2025-08-30T05:59:37.4448253-06:00" testType="13cdc9d9-ddb5-4fa4-a97d-d965ccfc6d4b" outcome="Passed" testListId="8c84fa94-04c1-424b-9868-57a2d4851a1d" relativeResultsDirectory="e5652f6e-1d69-40fa-80b8-718fa02d159a" />
    <UnitTestResult executionId="7695bae8-5504-4f97-82a8-be24d8d034a2" testId="bab73118-bcc5-733a-969d-4c306d5de5ef" testName="WileyWidget.Tests.EnterpriseTests.Enterprise_CurrentRate_Validation(rate: 1000, shouldBeValid: True)" computerName="MCKITRICK" duration="00:00:00.0004310" startTime="2025-08-30T05:59:37.4202105-06:00" endTime="2025-08-30T05:59:37.4202106-06:00" testType="13cdc9d9-ddb5-4fa4-a97d-d965ccfc6d4b" outcome="Failed" testListId="8c84fa94-04c1-424b-9868-57a2d4851a1d" relativeResultsDirectory="7695bae8-5504-4f97-82a8-be24d8d034a2">
      <Output>
        <ErrorInfo>
          <Message>Expected valid but got validation errors: Warning: Enterprise is operating at a deficit!</Message>
          <StackTrace>   at WileyWidget.Tests.EnterpriseTests.Enterprise_CurrentRate_Validation(Decimal rate, Boolean shouldBeValid) in C:\Users\biges\Desktop\Wiley_Widget\WileyWidget.Tests\EnterpriseTests.cs:line 92&#xD;
   at InvokeStub_EnterpriseTests.Enterprise_CurrentRate_Validation(Object, Span`1)&#xD;
   at System.Reflection.MethodBaseInvoker.InvokeWithFewArgs(Object obj, BindingFlags invokeAttr, Binder binder, Object[] parameters, CultureInfo culture)</StackTrace>
        </ErrorInfo>
      </Output>
    </UnitTestResult>
    <UnitTestResult executionId="7a6a9b10-093b-48ea-a82d-3b58ac4380bb" testId="10b1ef9a-89d0-7820-4fdf-06d433c43486" testName="WileyWidget.Tests.EnterpriseModelTests.Enterprise_Name_Validation(name: &quot;&quot;, shouldBeValid: False)" computerName="MCKITRICK" duration="00:00:00.0000743" startTime="2025-08-30T05:59:37.4236570-06:00" endTime="2025-08-30T05:59:37.4236570-06:00" testType="13cdc9d9-ddb5-4fa4-a97d-d965ccfc6d4b" outcome="Passed" testListId="8c84fa94-04c1-424b-9868-57a2d4851a1d" relativeResultsDirectory="7a6a9b10-093b-48ea-a82d-3b58ac4380bb" />
    <UnitTestResult executionId="b90bf7f1-0456-459d-b20d-5c3d2ff6c00d" testId="87640105-c887-14a1-6f10-e810209647b1" testName="WileyWidget.Tests.AppUnitTests.TryRegisterEmbeddedLicense_DefaultImplementation_ReturnsFalse" computerName="MCKITRICK" duration="00:00:00.0000747" startTime="2025-08-30T05:59:37.4258680-06:00" endTime="2025-08-30T05:59:37.4258680-06:00" testType="13cdc9d9-ddb5-4fa4-a97d-d965ccfc6d4b" outcome="Passed" testListId="8c84fa94-04c1-424b-9868-57a2d4851a1d" relativeResultsDirectory="b90bf7f1-0456-459d-b20d-5c3d2ff6c00d" />
    <UnitTestResult executionId="0983af7a-4beb-4680-b5e2-d26d99cac78d" testId="5f349e6c-e09e-70aa-e134-6073e4276708" testName="WileyWidget.Tests.WidgetTests.Widget_Name_Validation(name: &quot;&quot;, shouldBeValid: False)" computerName="MCKITRICK" duration="00:00:00.0000237" startTime="2025-08-30T05:59:37.4132129-06:00" endTime="2025-08-30T05:59:37.4132130-06:00" testType="13cdc9d9-ddb5-4fa4-a97d-d965ccfc6d4b" outcome="Passed" testListId="8c84fa94-04c1-424b-9868-57a2d4851a1d" relativeResultsDirectory="0983af7a-4beb-4680-b5e2-d26d99cac78d" />
    <UnitTestResult executionId="79a2ea08-9b1d-4b77-b08e-2df47201a6b8" testId="f0a76b98-d14b-1f50-1a55-b715fcdffb9d" testName="WileyWidget.Tests.DatabaseIntegrationTests.Repository_HandlesLargeDatasetEfficiently" computerName="MCKITRICK" duration="00:00:00.0041291" startTime="2025-08-30T05:59:37.9671304-06:00" endTime="2025-08-30T05:59:37.9671305-06:00" testType="13cdc9d9-ddb5-4fa4-a97d-d965ccfc6d4b" outcome="Passed" testListId="8c84fa94-04c1-424b-9868-57a2d4851a1d" relativeResultsDirectory="79a2ea08-9b1d-4b77-b08e-2df47201a6b8" />
    <UnitTestResult executionId="b8675b35-3ba1-479c-99ae-9d1da6fcdaf6" testId="cb3b465a-00da-a1e4-c2c6-1368be36d3e5" testName="WileyWidget.Tests.EnterpriseTests.Enterprise_Name_Validation(name: &quot;Valid Name&quot;, shouldBeValid: True)" computerName="MCKITRICK" duration="00:00:00.0000386" startTime="2025-08-30T05:59:37.4213987-06:00" endTime="2025-08-30T05:59:37.4213987-06:00" testType="13cdc9d9-ddb5-4fa4-a97d-d965ccfc6d4b" outcome="Passed" testListId="8c84fa94-04c1-424b-9868-57a2d4851a1d" relativeResultsDirectory="b8675b35-3ba1-479c-99ae-9d1da6fcdaf6" />
    <UnitTestResult executionId="be0d1dab-b0ef-4e72-a236-efd101e6a89a" testId="2917a8ba-f7f9-5b6b-3575-162e1a2173ef" testName="WileyWidget.Tests.WidgetTests.Widget_FormattedPrice_ReturnsCorrectFormat(price: 1234.56, expected: &quot;$1,234.56&quot;)" computerName="MCKITRICK" duration="00:00:00.0013325" startTime="2025-08-30T05:59:37.4046105-06:00" endTime="2025-08-30T05:59:37.4046106-06:00" testType="13cdc9d9-ddb5-4fa4-a97d-d965ccfc6d4b" outcome="Passed" testListId="8c84fa94-04c1-424b-9868-57a2d4851a1d" relativeResultsDirectory="be0d1dab-b0ef-4e72-a236-efd101e6a89a" />
    <UnitTestResult executionId="688dbe44-1a94-4c31-a894-45a73958875d" testId="a870daa8-df1f-ef82-e638-57d5f0b05d91" testName="WileyWidget.Tests.SettingsServiceTests.SettingsService_Current_IsNotNull" computerName="MCKITRICK" duration="00:00:00.0016751" startTime="2025-08-30T05:59:37.4652520-06:00" endTime="2025-08-30T05:59:37.4652523-06:00" testType="13cdc9d9-ddb5-4fa4-a97d-d965ccfc6d4b" outcome="Passed" testListId="8c84fa94-04c1-424b-9868-57a2d4851a1d" relativeResultsDirectory="688dbe44-1a94-4c31-a894-45a73958875d" />
    <UnitTestResult executionId="fba8d8dd-1f67-4f15-b3e5-008a31645f7e" testId="e82f29b2-da2d-1de7-97e4-1ecb0f1224d5" testName="WileyWidget.Tests.EnterpriseTests.Enterprise_Name_Validation(name: null, shouldBeValid: False)" computerName="MCKITRICK" duration="00:00:00.0002177" startTime="2025-08-30T05:59:37.4209552-06:00" endTime="2025-08-30T05:59:37.4209552-06:00" testType="13cdc9d9-ddb5-4fa4-a97d-d965ccfc6d4b" outcome="Passed" testListId="8c84fa94-04c1-424b-9868-57a2d4851a1d" relativeResultsDirectory="fba8d8dd-1f67-4f15-b3e5-008a31645f7e" />
    <UnitTestResult executionId="605beb9b-4584-4364-88c4-92427fdf3ce8" testId="d332a652-b311-2f6e-2247-c3ce44c290ae" testName="WileyWidget.Tests.WidgetTests.Widget_MarkAsModified_UpdatesModifiedDate" computerName="MCKITRICK" duration="00:00:00.0004372" startTime="2025-08-30T05:59:37.4132683-06:00" endTime="2025-08-30T05:59:37.4132684-06:00" testType="13cdc9d9-ddb5-4fa4-a97d-d965ccfc6d4b" outcome="Passed" testListId="8c84fa94-04c1-424b-9868-57a2d4851a1d" relativeResultsDirectory="605beb9b-4584-4364-88c4-92427fdf3ce8" />
    <UnitTestResult executionId="422a9645-4223-46a3-96b0-d9f4849f5ec2" testId="12ac1ad0-f92b-82ce-7643-dcc2a493cae6" testName="WileyWidget.Tests.BudgetInteractionTests.BudgetInteraction_Notes_Validation(notes: &quot;&quot;, shouldBeValid: True)" computerName="MCKITRICK" duration="00:00:00.0001672" startTime="2025-08-30T05:59:37.4100214-06:00" endTime="2025-08-30T05:59:37.4100214-06:00" testType="13cdc9d9-ddb5-4fa4-a97d-d965ccfc6d4b" outcome="Passed" testListId="8c84fa94-04c1-424b-9868-57a2d4851a1d" relativeResultsDirectory="422a9645-4223-46a3-96b0-d9f4849f5ec2" />
    <UnitTestResult executionId="9e8928bb-bd5c-4385-a00c-66afe26dfd0e" testId="cc0265d4-60a7-3f55-fdff-2713f678dbad" testName="WileyWidget.Tests.EnterpriseTests.Enterprise_DefaultValues_AreSetCorrectly" computerName="MCKITRICK" duration="00:00:00.0027298" startTime="2025-08-30T05:59:37.4071258-06:00" endTime="2025-08-30T05:59:37.4071258-06:00" testType="13cdc9d9-ddb5-4fa4-a97d-d965ccfc6d4b" outcome="Passed" testListId="8c84fa94-04c1-424b-9868-57a2d4851a1d" relativeResultsDirectory="9e8928bb-bd5c-4385-a00c-66afe26dfd0e" />
    <UnitTestResult executionId="2526b145-9ba7-48a0-a5b3-463180d4f21e" testId="e4fcf31a-94fb-bdf3-84e1-475471212d0f" testName="WileyWidget.Tests.BudgetInteractionTests.BudgetInteraction_InteractionType_Validation(type: null, shouldBeValid: False)" computerName="MCKITRICK" duration="00:00:00.0000444" startTime="2025-08-30T05:59:37.4088685-06:00" endTime="2025-08-30T05:59:37.4088685-06:00" testType="13cdc9d9-ddb5-4fa4-a97d-d965ccfc6d4b" outcome="Passed" testListId="8c84fa94-04c1-424b-9868-57a2d4851a1d" relativeResultsDirectory="2526b145-9ba7-48a0-a5b3-463180d4f21e" />
    <UnitTestResult executionId="3bae0f54-750a-443f-99e9-4e70ad752e3d" testId="abe5bbbb-5c34-074f-41c7-88d40b3e23b8" testName="WileyWidget.Tests.SettingsServiceTests.SettingsService_Migration_QuickBooksToQbo_Works" computerName="MCKITRICK" duration="00:00:00.0149876" startTime="2025-08-30T05:59:37.4599417-06:00" endTime="2025-08-30T05:59:37.4599420-06:00" testType="13cdc9d9-ddb5-4fa4-a97d-d965ccfc6d4b" outcome="Passed" testListId="8c84fa94-04c1-424b-9868-57a2d4851a1d" relativeResultsDirectory="3bae0f54-750a-443f-99e9-4e70ad752e3d" />
    <UnitTestResult executionId="69cbaa08-8722-4ca7-ba77-3f79046b1b73" testId="8b1e5a88-d61f-8bfb-af7a-001ec194b46c" testName="WileyWidget.Tests.MainViewModelTests.QuickBooksCustomers_Collection_IsObservable" computerName="MCKITRICK" duration="00:00:00.0011285" startTime="2025-08-30T05:59:37.4949023-06:00" endTime="2025-08-30T05:59:37.4949027-06:00" testType="13cdc9d9-ddb5-4fa4-a97d-d965ccfc6d4b" outcome="Passed" testListId="8c84fa94-04c1-424b-9868-57a2d4851a1d" relativeResultsDirectory="69cbaa08-8722-4ca7-ba77-3f79046b1b73" />
    <UnitTestResult executionId="7bc89d55-93a9-4e5a-9a8b-03eefe006250" testId="d952c50c-d956-1f7c-9b09-2b7891193ead" testName="WileyWidget.Tests.BudgetInteractionTests.BudgetInteraction_Description_Validation(description: &quot;&quot;, shouldBeValid: False)" computerName="MCKITRICK" duration="00:00:00.0002634" startTime="2025-08-30T05:59:37.4214712-06:00" endTime="2025-08-30T05:59:37.4214713-06:00" testType="13cdc9d9-ddb5-4fa4-a97d-d965ccfc6d4b" outcome="Passed" testListId="8c84fa94-04c1-424b-9868-57a2d4851a1d" relativeResultsDirectory="7bc89d55-93a9-4e5a-9a8b-03eefe006250" />
    <UnitTestResult executionId="af48af54-396d-44c3-8596-da8b9db8c3fa" testId="f0564e38-0932-37f9-f2ec-c59c84e4f319" testName="WileyWidget.Tests.EnterpriseDatabaseTests.ComplexAssertions_MultipleValidations_UsingDirectConnection" computerName="MCKITRICK" duration="00:00:00.0823412" startTime="2025-08-30T05:59:37.7513150-06:00" endTime="2025-08-30T05:59:37.7513151-06:00" testType="13cdc9d9-ddb5-4fa4-a97d-d965ccfc6d4b" outcome="Passed" testListId="8c84fa94-04c1-424b-9868-57a2d4851a1d" relativeResultsDirectory="af48af54-396d-44c3-8596-da8b9db8c3fa" />
    <UnitTestResult executionId="eba6be03-2f0a-4c48-a7dd-b150ff48188a" testId="7cf3aa98-98eb-f226-4182-b485eaa19c16" testName="WileyWidget.Tests.EnterpriseDatabaseTests.CustomQuery_WithParameters_ReturnsFilteredData_UsingDirectConnection" computerName="MCKITRICK" duration="00:00:00.0087988" startTime="2025-08-30T05:59:37.7607014-06:00" endTime="2025-08-30T05:59:37.7607016-06:00" testType="13cdc9d9-ddb5-4fa4-a97d-d965ccfc6d4b" outcome="Passed" testListId="8c84fa94-04c1-424b-9868-57a2d4851a1d" relativeResultsDirectory="eba6be03-2f0a-4c48-a7dd-b150ff48188a" />
    <UnitTestResult executionId="e6439103-13bc-4140-9b4c-35829d0ea5d1" testId="8d616601-23ef-0d6f-a99d-c5f9d126d4fa" testName="WileyWidget.Tests.EnterpriseModelTests.Enterprise_BudgetStatus_ReturnsCorrectStatus(revenue: 2000, expenses: 2500, expectedStatus: &quot;Deficit&quot;)" computerName="MCKITRICK" duration="00:00:00.0000124" startTime="2025-08-30T05:59:37.4240335-06:00" endTime="2025-08-30T05:59:37.4240335-06:00" testType="13cdc9d9-ddb5-4fa4-a97d-d965ccfc6d4b" outcome="Passed" testListId="8c84fa94-04c1-424b-9868-57a2d4851a1d" relativeResultsDirectory="e6439103-13bc-4140-9b4c-35829d0ea5d1" />
    <UnitTestResult executionId="9851dbc9-ecb7-4758-b692-5c7686e0b277" testId="4f4006d6-b3a2-e8ed-5bb3-4581fead82ab" testName="WileyWidget.Tests.EnterpriseModelTests.Enterprise_Name_Validation(name: null, shouldBeValid: False)" computerName="MCKITRICK" duration="00:00:00.0003446" startTime="2025-08-30T05:59:37.4235276-06:00" endTime="2025-08-30T05:59:37.4235276-06:00" testType="13cdc9d9-ddb5-4fa4-a97d-d965ccfc6d4b" outcome="Passed" testListId="8c84fa94-04c1-424b-9868-57a2d4851a1d" relativeResultsDirectory="9851dbc9-ecb7-4758-b692-5c7686e0b277" />
    <UnitTestResult executionId="352f461a-8953-4c06-a227-ebf40585cc4f" testId="c92dc833-fd57-a263-2b90-5a13ee4f5081" testName="WileyWidget.Tests.EnterpriseModelTests.Enterprise_MonthlyExpenses_Validation(expenses: 0, shouldBeValid: True)" computerName="MCKITRICK" duration="00:00:00.0016946" startTime="2025-08-30T05:59:37.4199108-06:00" endTime="2025-08-30T05:59:37.4199109-06:00" testType="13cdc9d9-ddb5-4fa4-a97d-d965ccfc6d4b" outcome="Failed" testListId="8c84fa94-04c1-424b-9868-57a2d4851a1d" relativeResultsDirectory="352f461a-8953-4c06-a227-ebf40585cc4f">
      <Output>
        <ErrorInfo>
          <Message>Assert.Equal() Failure: Values differ&#xD;
Expected: True&#xD;
Actual:   False</Message>
          <StackTrace>   at WileyWidget.Tests.EnterpriseModelTests.Enterprise_MonthlyExpenses_Validation(Decimal expenses, Boolean shouldBeValid) in C:\Users\biges\Desktop\Wiley_Widget\WileyWidget.Tests\ComprehensiveViewModelTests.cs:line 411&#xD;
   at InvokeStub_EnterpriseModelTests.Enterprise_MonthlyExpenses_Validation(Object, Span`1)&#xD;
   at System.Reflection.MethodBaseInvoker.InvokeWithFewArgs(Object obj, BindingFlags invokeAttr, Binder binder, Object[] parameters, CultureInfo culture)</StackTrace>
        </ErrorInfo>
      </Output>
    </UnitTestResult>
    <UnitTestResult executionId="757e981c-68c1-4fe4-a500-98929642f4f4" testId="44e15a9e-b1db-5915-a9b2-5e9b239ca9b3" testName="WileyWidget.Tests.EnterpriseModelTests.Enterprise_BudgetStatus_ReturnsCorrectStatus(revenue: 3000, expenses: 2500, expectedStatus: &quot;Surplus&quot;)" computerName="MCKITRICK" duration="00:00:00.0003159" startTime="2025-08-30T05:59:37.4239631-06:00" endTime="2025-08-30T05:59:37.4239632-06:00" testType="13cdc9d9-ddb5-4fa4-a97d-d965ccfc6d4b" outcome="Passed" testListId="8c84fa94-04c1-424b-9868-57a2d4851a1d" relativeResultsDirectory="757e981c-68c1-4fe4-a500-98929642f4f4" />
    <UnitTestResult executionId="0b9367f4-7f56-44e2-8e30-abf77544129a" testId="ee7898df-a28c-6e8b-8e6c-3ec70bd001f9" testName="WileyWidget.Tests.EnterpriseModelTests.Enterprise_BudgetStatus_ReturnsCorrectStatus(revenue: 2500, expenses: 2500, expectedStatus: &quot;Break-even&quot;)" computerName="MCKITRICK" duration="00:00:00.0021040" startTime="2025-08-30T05:59:37.4238966-06:00" endTime="2025-08-30T05:59:37.4238966-06:00" testType="13cdc9d9-ddb5-4fa4-a97d-d965ccfc6d4b" outcome="Passed" testListId="8c84fa94-04c1-424b-9868-57a2d4851a1d" relativeResultsDirectory="0b9367f4-7f56-44e2-8e30-abf77544129a" />
    <UnitTestResult executionId="6a897214-d21f-4f59-bace-1da96352b20d" testId="20d48984-149e-52a8-e707-e7c8d17f3d51" testName="WileyWidget.Tests.AppUnitTests.TryScheduleLicenseDialogAutoClose_HandlesDialogScheduling" computerName="MCKITRICK" duration="00:00:00.0000478" startTime="2025-08-30T05:59:37.4262515-06:00" endTime="2025-08-30T05:59:37.4262516-06:00" testType="13cdc9d9-ddb5-4fa4-a97d-d965ccfc6d4b" outcome="Passed" testListId="8c84fa94-04c1-424b-9868-57a2d4851a1d" relativeResultsDirectory="6a897214-d21f-4f59-bace-1da96352b20d" />
    <UnitTestResult executionId="af0928d5-7ea7-4bb1-a1e7-2641567b882b" testId="6f8045c6-6937-39f1-af17-4e72f663e3b7" testName="WileyWidget.Tests.DatabaseIntegrationTests.Repository_HandlesCalculatedPropertiesCorrectly" computerName="MCKITRICK" duration="00:00:00.5540444" startTime="2025-08-30T05:59:37.9154456-06:00" endTime="2025-08-30T05:59:37.9154458-06:00" testType="13cdc9d9-ddb5-4fa4-a97d-d965ccfc6d4b" outcome="Passed" testListId="8c84fa94-04c1-424b-9868-57a2d4851a1d" relativeResultsDirectory="af0928d5-7ea7-4bb1-a1e7-2641567b882b" />
    <UnitTestResult executionId="dad5bf77-992d-421b-95f7-a15c36af893b" testId="3df038af-1fe3-8eba-40c5-e3791363704f" testName="WileyWidget.Tests.EnterpriseModelTests.Enterprise_CitizenCount_Validation(citizenCount: 1, shouldBeValid: True)" computerName="MCKITRICK" duration="00:00:00.0000698" startTime="2025-08-30T05:59:37.4248840-06:00" endTime="2025-08-30T05:59:37.4248840-06:00" testType="13cdc9d9-ddb5-4fa4-a97d-d965ccfc6d4b" outcome="Passed" testListId="8c84fa94-04c1-424b-9868-57a2d4851a1d" relativeResultsDirectory="dad5bf77-992d-421b-95f7-a15c36af893b" />
    <UnitTestResult executionId="d0a168eb-2853-4625-966b-3ccdc791544a" testId="ca7752fd-c28a-2eb8-8f5e-49b6ef0284d8" testName="WileyWidget.Tests.EnterpriseModelTests.Enterprise_CurrentRate_Validation(rate: 100, shouldBeValid: True)" computerName="MCKITRICK" duration="00:00:00.0001484" startTime="2025-08-30T05:59:37.4226527-06:00" endTime="2025-08-30T05:59:37.4226528-06:00" testType="13cdc9d9-ddb5-4fa4-a97d-d965ccfc6d4b" outcome="Failed" testListId="8c84fa94-04c1-424b-9868-57a2d4851a1d" relativeResultsDirectory="d0a168eb-2853-4625-966b-3ccdc791544a">
      <Output>
        <ErrorInfo>
          <Message>Assert.Equal() Failure: Values differ&#xD;
Expected: True&#xD;
Actual:   False</Message>
          <StackTrace>   at WileyWidget.Tests.EnterpriseModelTests.Enterprise_CurrentRate_Validation(Decimal rate, Boolean shouldBeValid) in C:\Users\biges\Desktop\Wiley_Widget\WileyWidget.Tests\ComprehensiveViewModelTests.cs:line 383&#xD;
   at InvokeStub_EnterpriseModelTests.Enterprise_CurrentRate_Validation(Object, Span`1)&#xD;
   at System.Reflection.MethodBaseInvoker.InvokeWithFewArgs(Object obj, BindingFlags invokeAttr, Binder binder, Object[] parameters, CultureInfo culture)</StackTrace>
        </ErrorInfo>
      </Output>
    </UnitTestResult>
    <UnitTestResult executionId="34c4daa0-9e7b-47b0-bc3c-e88dbfa929d6" testId="31f7b449-2a75-9290-2b1b-c1e2846a3973" testName="WileyWidget.Tests.DatabaseIntegrationTests.Repository_CalculatesBalanceCorrectly" computerName="MCKITRICK" duration="00:00:00.0008246" startTime="2025-08-30T05:59:37.9537851-06:00" endTime="2025-08-30T05:59:37.9537853-06:00" testType="13cdc9d9-ddb5-4fa4-a97d-d965ccfc6d4b" outcome="Passed" testListId="8c84fa94-04c1-424b-9868-57a2d4851a1d" relativeResultsDirectory="34c4daa0-9e7b-47b0-bc3c-e88dbfa929d6" />
    <UnitTestResult executionId="4d41c48d-96b4-498f-8016-8c97761cc413" testId="9c4061d1-7b4d-72a8-5d62-324df6948592" testName="WileyWidget.Tests.DatabaseIntegrationTests.DeleteAsync_RemovesEnterpriseFromDatabase" computerName="MCKITRICK" duration="00:00:00.0146216" startTime="2025-08-30T05:59:37.9879326-06:00" endTime="2025-08-30T05:59:37.9879327-06:00" testType="13cdc9d9-ddb5-4fa4-a97d-d965ccfc6d4b" outcome="Passed" testListId="8c84fa94-04c1-424b-9868-57a2d4851a1d" relativeResultsDirectory="4d41c48d-96b4-498f-8016-8c97761cc413" />
    <UnitTestResult executionId="7f5a618c-bd13-49c7-9c1c-fbdbd683ca20" testId="767d2771-3c39-19fb-57bf-e8e2daef4940" testName="WileyWidget.Tests.DatabaseConfigurationTests.AddDatabaseServices_WithMissingConnectionString_ThrowsException" computerName="MCKITRICK" duration="00:00:00.0003124" startTime="2025-08-30T05:59:38.3244330-06:00" endTime="2025-08-30T05:59:38.3244331-06:00" testType="13cdc9d9-ddb5-4fa4-a97d-d965ccfc6d4b" outcome="Passed" testListId="8c84fa94-04c1-424b-9868-57a2d4851a1d" relativeResultsDirectory="7f5a618c-bd13-49c7-9c1c-fbdbd683ca20" />
    <UnitTestResult executionId="4376e2d9-b9ea-4bc3-84c2-ecd701b7d596" testId="9d53fc33-d776-6625-1b0a-4b6f01111549" testName="WileyWidget.Tests.BudgetInteractionTests.BudgetInteraction_MonthlyAmount_Validation(amount: 0, shouldBeValid: True)" computerName="MCKITRICK" duration="00:00:00.0010028" startTime="2025-08-30T05:59:37.4195581-06:00" endTime="2025-08-30T05:59:37.4195583-06:00" testType="13cdc9d9-ddb5-4fa4-a97d-d965ccfc6d4b" outcome="Failed" testListId="8c84fa94-04c1-424b-9868-57a2d4851a1d" relativeResultsDirectory="4376e2d9-b9ea-4bc3-84c2-ecd701b7d596">
      <Output>
        <ErrorInfo>
          <Message>Assert.Equal() Failure: Values differ&#xD;
Expected: True&#xD;
Actual:   False</Message>
          <StackTrace>   at WileyWidget.Tests.BudgetInteractionTests.BudgetInteraction_MonthlyAmount_Validation(Decimal amount, Boolean shouldBeValid) in C:\Users\biges\Desktop\Wiley_Widget\WileyWidget.Tests\BudgetInteractionTests.cs:line 119&#xD;
   at InvokeStub_BudgetInteractionTests.BudgetInteraction_MonthlyAmount_Validation(Object, Span`1)&#xD;
   at System.Reflection.MethodBaseInvoker.InvokeWithFewArgs(Object obj, BindingFlags invokeAttr, Binder binder, Object[] parameters, CultureInfo culture)</StackTrace>
        </ErrorInfo>
      </Output>
    </UnitTestResult>
    <UnitTestResult executionId="2361432d-57ef-4fe9-9839-69ed551d6c48" testId="73c56291-a896-78c5-1d0e-13918f0ef198" testName="WileyWidget.Tests.EnterpriseModelTests.Enterprise_CitizenCount_Validation(citizenCount: 0, shouldBeValid: False)" computerName="MCKITRICK" duration="00:00:00.0004973" startTime="2025-08-30T05:59:37.4246774-06:00" endTime="2025-08-30T05:59:37.4246774-06:00" testType="13cdc9d9-ddb5-4fa4-a97d-d965ccfc6d4b" outcome="Passed" testListId="8c84fa94-04c1-424b-9868-57a2d4851a1d" relativeResultsDirectory="2361432d-57ef-4fe9-9839-69ed551d6c48" />
    <UnitTestResult executionId="90e13ea8-7915-48af-bd76-d7a9666d725b" testId="7246089f-63b6-7ef4-dd1c-f0a97a0cbf37" testName="WileyWidget.Tests.MainViewModelTests.SelectedWidget_PropertyChange_Notification" computerName="MCKITRICK" duration="00:00:00.0013091" startTime="2025-08-30T05:59:37.4924195-06:00" endTime="2025-08-30T05:59:37.4924196-06:00" testType="13cdc9d9-ddb5-4fa4-a97d-d965ccfc6d4b" outcome="Passed" testListId="8c84fa94-04c1-424b-9868-57a2d4851a1d" relativeResultsDirectory="90e13ea8-7915-48af-bd76-d7a9666d725b" />
    <UnitTestResult executionId="29441af4-6ba6-498a-8d27-da17080489fe" testId="d72bcf70-eede-0359-7f9b-84883d87f42f" testName="WileyWidget.Tests.MainViewModelTests.SelectNextCommand_SelectsNextWidget" computerName="MCKITRICK" duration="00:00:00.1191964" startTime="2025-08-30T05:59:37.4805402-06:00" endTime="2025-08-30T05:59:37.4805403-06:00" testType="13cdc9d9-ddb5-4fa4-a97d-d965ccfc6d4b" outcome="Passed" testListId="8c84fa94-04c1-424b-9868-57a2d4851a1d" relativeResultsDirectory="29441af4-6ba6-498a-8d27-da17080489fe" />
    <UnitTestResult executionId="6db3ba68-d6c1-4c3e-bdeb-4640dd98605e" testId="d60d3051-e4c9-0f9c-9d61-8cc77d0b060c" testName="WileyWidget.Tests.AppUnitTests.LoadConfiguration_MethodExists" computerName="MCKITRICK" duration="00:00:00.0000726" startTime="2025-08-30T05:59:37.4259454-06:00" endTime="2025-08-30T05:59:37.4259455-06:00" testType="13cdc9d9-ddb5-4fa4-a97d-d965ccfc6d4b" outcome="Passed" testListId="8c84fa94-04c1-424b-9868-57a2d4851a1d" relativeResultsDirectory="6db3ba68-d6c1-4c3e-bdeb-4640dd98605e" />
    <UnitTestResult executionId="98a18b0c-acf2-4d6b-bb58-938402f92221" testId="795064b0-2888-68bc-0d9d-08f16c34f1ea" testName="WileyWidget.Tests.MainWindowUnitTests.NormalizeTheme_MethodExists" computerName="MCKITRICK" duration="00:00:00.0002045" startTime="2025-08-30T05:59:37.4282004-06:00" endTime="2025-08-30T05:59:37.4282005-06:00" testType="13cdc9d9-ddb5-4fa4-a97d-d965ccfc6d4b" outcome="Passed" testListId="8c84fa94-04c1-424b-9868-57a2d4851a1d" relativeResultsDirectory="98a18b0c-acf2-4d6b-bb58-938402f92221" />
    <UnitTestResult executionId="0cde5354-69d6-487c-bf05-51d12ce477f0" testId="0121a31e-93ae-d153-ca29-460cffa0b710" testName="WileyWidget.Tests.MainViewModelTests.QuickBooksInvoices_Collection_IsObservable" computerName="MCKITRICK" duration="00:00:00.0011324" startTime="2025-08-30T05:59:37.4982369-06:00" endTime="2025-08-30T05:59:37.4982371-06:00" testType="13cdc9d9-ddb5-4fa4-a97d-d965ccfc6d4b" outcome="Passed" testListId="8c84fa94-04c1-424b-9868-57a2d4851a1d" relativeResultsDirectory="0cde5354-69d6-487c-bf05-51d12ce477f0" />
    <UnitTestResult executionId="5ec067e5-ee00-4225-801b-8c6e69fde461" testId="0d55a627-fd9d-8340-fffa-8d6e51b78a92" testName="WileyWidget.Tests.DatabaseConfigurationTests.EnsureDatabaseCreatedAsync_SeedingIdempotency" computerName="MCKITRICK" duration="00:00:00.8421457" startTime="2025-08-30T05:59:38.3230086-06:00" endTime="2025-08-30T05:59:38.3230087-06:00" testType="13cdc9d9-ddb5-4fa4-a97d-d965ccfc6d4b" outcome="Passed" testListId="8c84fa94-04c1-424b-9868-57a2d4851a1d" relativeResultsDirectory="5ec067e5-ee00-4225-801b-8c6e69fde461" />
    <UnitTestResult executionId="36f3e375-aa78-48bc-9dd7-61c0a2e3be6e" testId="ed2fc56e-1956-21e4-fa3d-840c8fe46677" testName="WileyWidget.Tests.MainViewModelTests.Widgets_Collection_IsObservable" computerName="MCKITRICK" duration="00:00:00.0004620" startTime="2025-08-30T05:59:37.4901697-06:00" endTime="2025-08-30T05:59:37.4901698-06:00" testType="13cdc9d9-ddb5-4fa4-a97d-d965ccfc6d4b" outcome="Passed" testListId="8c84fa94-04c1-424b-9868-57a2d4851a1d" relativeResultsDirectory="36f3e375-aa78-48bc-9dd7-61c0a2e3be6e" />
    <UnitTestResult executionId="652ff248-ac6d-463c-b8b9-f03e0e1df938" testId="19841e8f-f411-41cb-ae2b-9bc38aa5560d" testName="WileyWidget.Tests.BudgetAnalyticsTests.BudgetMetrics_ReturnsCorrectStatus_BreakEven" computerName="MCKITRICK" duration="00:00:00.0001342" startTime="2025-08-30T05:59:37.4286515-06:00" endTime="2025-08-30T05:59:37.4286515-06:00" testType="13cdc9d9-ddb5-4fa4-a97d-d965ccfc6d4b" outcome="Passed" testListId="8c84fa94-04c1-424b-9868-57a2d4851a1d" relativeResultsDirectory="652ff248-ac6d-463c-b8b9-f03e0e1df938" />
    <UnitTestResult executionId="b017a206-d22f-44ec-8f99-023324bcbd20" testId="118c5093-dd4d-05af-5b6d-0f37c0d730c3" testName="WileyWidget.Tests.MainWindowUnitTests.LogCurrentThemeState_MethodExists" computerName="MCKITRICK" duration="00:00:00.0002165" startTime="2025-08-30T05:59:37.4276265-06:00" endTime="2025-08-30T05:59:37.4276266-06:00" testType="13cdc9d9-ddb5-4fa4-a97d-d965ccfc6d4b" outcome="Passed" testListId="8c84fa94-04c1-424b-9868-57a2d4851a1d" relativeResultsDirectory="b017a206-d22f-44ec-8f99-023324bcbd20" />
    <UnitTestResult executionId="83f17c2b-15ea-432b-b747-03de1e84de2d" testId="4d20292b-dbaf-eee0-cf45-638c0a52c116" testName="WileyWidget.Tests.BudgetInteractionTests.BudgetInteraction_Description_Validation(description: null, shouldBeValid: False)" computerName="MCKITRICK" duration="00:00:00.0000335" startTime="2025-08-30T05:59:37.4222081-06:00" endTime="2025-08-30T05:59:37.4222081-06:00" testType="13cdc9d9-ddb5-4fa4-a97d-d965ccfc6d4b" outcome="Passed" testListId="8c84fa94-04c1-424b-9868-57a2d4851a1d" relativeResultsDirectory="83f17c2b-15ea-432b-b747-03de1e84de2d" />
    <UnitTestResult executionId="0d66a333-d525-4b80-ac54-d62d4aed29ea" testId="974b0525-eec9-9c0d-84c0-1e28bcdfdce9" testName="WileyWidget.Tests.WidgetTests.Widget_Category_AcceptsVariousValues(category: &quot;Books&quot;)" computerName="MCKITRICK" duration="00:00:00.0002251" startTime="2025-08-30T05:59:37.3858824-06:00" endTime="2025-08-30T05:59:37.3858824-06:00" testType="13cdc9d9-ddb5-4fa4-a97d-d965ccfc6d4b" outcome="Passed" testListId="8c84fa94-04c1-424b-9868-57a2d4851a1d" relativeResultsDirectory="0d66a333-d525-4b80-ac54-d62d4aed29ea" />
    <UnitTestResult executionId="67b77ecf-5097-4a46-8915-71dab0610731" testId="25b8fb25-b35c-750d-fc82-a043fadd7008" testName="WileyWidget.Tests.WidgetTests.Widget_DisplayName_ReturnsCorrectFormat(name: &quot;Widget Name&quot;, sku: &quot;   &quot;, expected: &quot;Widget Name&quot;)" computerName="MCKITRICK" duration="00:00:00.0000083" startTime="2025-08-30T05:59:37.4130135-06:00" endTime="2025-08-30T05:59:37.4130135-06:00" testType="13cdc9d9-ddb5-4fa4-a97d-d965ccfc6d4b" outcome="Passed" testListId="8c84fa94-04c1-424b-9868-57a2d4851a1d" relativeResultsDirectory="67b77ecf-5097-4a46-8915-71dab0610731" />
  </Results>
  <TestDefinitions>
    <UnitTest name="WileyWidget.Tests.EnterpriseTests.Enterprise_Validation_HandlesMultipleErrors" storage="c:\users\biges\desktop\wiley_widget\wileywidget.tests\bin\release\net9.0-windows\wileywidget.tests.dll" id="4a107ce6-33da-a97e-bc39-9415fc198e08">
      <Execution id="642e1774-6ccc-4115-a27d-28e40d9caf96" />
      <TestMethod codeBase="C:\Users\biges\Desktop\Wiley_Widget\WileyWidget.Tests\bin\Release\net9.0-windows\WileyWidget.Tests.dll" adapterTypeName="executor://xunit/VsTestRunner2/netcoreapp" className="WileyWidget.Tests.EnterpriseTests" name="Enterprise_Validation_HandlesMultipleErrors" />
    </UnitTest>
    <UnitTest name="WileyWidget.Tests.BudgetAnalyticsTests.BudgetMetrics_ReturnsCorrectStatus_Deficit" storage="c:\users\biges\desktop\wiley_widget\wileywidget.tests\bin\release\net9.0-windows\wileywidget.tests.dll" id="51c34e63-97c0-5e10-af10-340556c65011">
      <Execution id="5a259a3d-4cdb-40c4-a2b5-7af38ac2b77c" />
      <TestMethod codeBase="C:\Users\biges\Desktop\Wiley_Widget\WileyWidget.Tests\bin\Release\net9.0-windows\WileyWidget.Tests.dll" adapterTypeName="executor://xunit/VsTestRunner2/netcoreapp" className="WileyWidget.Tests.BudgetAnalyticsTests" name="BudgetMetrics_ReturnsCorrectStatus_Deficit" />
    </UnitTest>
    <UnitTest name="WileyWidget.Tests.BudgetInteractionTests.BudgetInteraction_Description_Validation(description: &quot;Valid description&quot;, shouldBeValid: True)" storage="c:\users\biges\desktop\wiley_widget\wileywidget.tests\bin\release\net9.0-windows\wileywidget.tests.dll" id="d106bb70-67c4-1dcc-e1c1-b1453099822c">
      <Execution id="84333fce-3f4d-4049-b370-a1303280c758" />
      <TestMethod codeBase="C:\Users\biges\Desktop\Wiley_Widget\WileyWidget.Tests\bin\Release\net9.0-windows\WileyWidget.Tests.dll" adapterTypeName="executor://xunit/VsTestRunner2/netcoreapp" className="WileyWidget.Tests.BudgetInteractionTests" name="BudgetInteraction_Description_Validation" />
    </UnitTest>
    <UnitTest name="WileyWidget.Tests.WidgetTests.Widget_Quantity_Validation(quantity: 100, shouldBeValid: True)" storage="c:\users\biges\desktop\wiley_widget\wileywidget.tests\bin\release\net9.0-windows\wileywidget.tests.dll" id="d6a8afd6-4dff-6792-90e1-49cce70d3116">
      <Execution id="4667168c-82d2-4486-9ea0-5b3d2a4cdd68" />
      <TestMethod codeBase="C:\Users\biges\Desktop\Wiley_Widget\WileyWidget.Tests\bin\Release\net9.0-windows\WileyWidget.Tests.dll" adapterTypeName="executor://xunit/VsTestRunner2/netcoreapp" className="WileyWidget.Tests.WidgetTests" name="Widget_Quantity_Validation" />
    </UnitTest>
    <UnitTest name="WileyWidget.Tests.WidgetTests.Widget_Name_Validation(name: &quot;&quot;, shouldBeValid: False)" storage="c:\users\biges\desktop\wiley_widget\wileywidget.tests\bin\release\net9.0-windows\wileywidget.tests.dll" id="5f349e6c-e09e-70aa-e134-6073e4276708">
      <Execution id="0983af7a-4beb-4680-b5e2-d26d99cac78d" />
      <TestMethod codeBase="C:\Users\biges\Desktop\Wiley_Widget\WileyWidget.Tests\bin\Release\net9.0-windows\WileyWidget.Tests.dll" adapterTypeName="executor://xunit/VsTestRunner2/netcoreapp" className="WileyWidget.Tests.WidgetTests" name="Widget_Name_Validation" />
    </UnitTest>
    <UnitTest name="WileyWidget.Tests.DatabaseIntegrationTests.AddAsync_AddsEnterpriseToDatabase" storage="c:\users\biges\desktop\wiley_widget\wileywidget.tests\bin\release\net9.0-windows\wileywidget.tests.dll" id="1340ffff-d167-8c9f-1446-195b0fb1d86f">
      <Execution id="c3470348-e25c-475c-b874-10ee8a5134f6" />
      <TestMethod codeBase="C:\Users\biges\Desktop\Wiley_Widget\WileyWidget.Tests\bin\Release\net9.0-windows\WileyWidget.Tests.dll" adapterTypeName="executor://xunit/VsTestRunner2/netcoreapp" className="WileyWidget.Tests.DatabaseIntegrationTests" name="AddAsync_AddsEnterpriseToDatabase" />
    </UnitTest>
    <UnitTest name="WileyWidget.Tests.BudgetInteractionTests.BudgetInteraction_Notes_Validation(notes: &quot;Normal length notes&quot;, shouldBeValid: True)" storage="c:\users\biges\desktop\wiley_widget\wileywidget.tests\bin\release\net9.0-windows\wileywidget.tests.dll" id="6cdef057-5472-5dc2-1e24-0c140874339b">
      <Execution id="eca7b9d4-76da-428d-a4e8-aa8e721e3826" />
      <TestMethod codeBase="C:\Users\biges\Desktop\Wiley_Widget\WileyWidget.Tests\bin\Release\net9.0-windows\WileyWidget.Tests.dll" adapterTypeName="executor://xunit/VsTestRunner2/netcoreapp" className="WileyWidget.Tests.BudgetInteractionTests" name="BudgetInteraction_Notes_Validation" />
    </UnitTest>
    <UnitTest name="WileyWidget.Tests.DatabaseConfigurationTests.EnsureDatabaseCreatedAsync_WithValidServiceProvider_CreatesDatabase" storage="c:\users\biges\desktop\wiley_widget\wileywidget.tests\bin\release\net9.0-windows\wileywidget.tests.dll" id="ccb7df2b-4d5c-e170-73db-923a830f1d8c">
      <Execution id="ce180518-2d2d-45bd-ac6c-a6c4d17698e7" />
      <TestMethod codeBase="C:\Users\biges\Desktop\Wiley_Widget\WileyWidget.Tests\bin\Release\net9.0-windows\WileyWidget.Tests.dll" adapterTypeName="executor://xunit/VsTestRunner2/netcoreapp" className="WileyWidget.Tests.DatabaseConfigurationTests" name="EnsureDatabaseCreatedAsync_WithValidServiceProvider_CreatesDatabase" />
    </UnitTest>
    <UnitTest name="WileyWidget.Tests.BudgetInteractionTests.BudgetInteraction_Description_Validation(description: &quot;A&quot;, shouldBeValid: True)" storage="c:\users\biges\desktop\wiley_widget\wileywidget.tests\bin\release\net9.0-windows\wileywidget.tests.dll" id="df5aec0e-ef6f-cdc6-14fa-f5e50593b465">
      <Execution id="53cc596f-dcdf-47b9-aa2b-baacb60eb56d" />
      <TestMethod codeBase="C:\Users\biges\Desktop\Wiley_Widget\WileyWidget.Tests\bin\Release\net9.0-windows\WileyWidget.Tests.dll" adapterTypeName="executor://xunit/VsTestRunner2/netcoreapp" className="WileyWidget.Tests.BudgetInteractionTests" name="BudgetInteraction_Description_Validation" />
    </UnitTest>
    <UnitTest name="WileyWidget.Tests.EnterpriseModelTests.Enterprise_CurrentRate_Validation(rate: 0.01, shouldBeValid: True)" storage="c:\users\biges\desktop\wiley_widget\wileywidget.tests\bin\release\net9.0-windows\wileywidget.tests.dll" id="4496488f-c883-aa7a-35a7-d9dbf4a2d3b2">
      <Execution id="83e2fced-1993-4b58-ba3f-7bdd609498fd" />
      <TestMethod codeBase="C:\Users\biges\Desktop\Wiley_Widget\WileyWidget.Tests\bin\Release\net9.0-windows\WileyWidget.Tests.dll" adapterTypeName="executor://xunit/VsTestRunner2/netcoreapp" className="WileyWidget.Tests.EnterpriseModelTests" name="Enterprise_CurrentRate_Validation" />
    </UnitTest>
    <UnitTest name="WileyWidget.Tests.WidgetTests.Widget_Price_Validation(price: -1, shouldBeValid: False)" storage="c:\users\biges\desktop\wiley_widget\wileywidget.tests\bin\release\net9.0-windows\wileywidget.tests.dll" id="7bcc6455-9ef8-ed52-9eb1-702e76df051d">
      <Execution id="d21bfa35-081b-4cd5-b816-65707ec119a5" />
      <TestMethod codeBase="C:\Users\biges\Desktop\Wiley_Widget\WileyWidget.Tests\bin\Release\net9.0-windows\WileyWidget.Tests.dll" adapterTypeName="executor://xunit/VsTestRunner2/netcoreapp" className="WileyWidget.Tests.WidgetTests" name="Widget_Price_Validation" />
    </UnitTest>
    <UnitTest name="WileyWidget.Tests.BudgetInteractionTests.BudgetInteraction_Notes_Validation(notes: &quot;&quot;, shouldBeValid: True)" storage="c:\users\biges\desktop\wiley_widget\wileywidget.tests\bin\release\net9.0-windows\wileywidget.tests.dll" id="12ac1ad0-f92b-82ce-7643-dcc2a493cae6">
      <Execution id="422a9645-4223-46a3-96b0-d9f4849f5ec2" />
      <TestMethod codeBase="C:\Users\biges\Desktop\Wiley_Widget\WileyWidget.Tests\bin\Release\net9.0-windows\WileyWidget.Tests.dll" adapterTypeName="executor://xunit/VsTestRunner2/netcoreapp" className="WileyWidget.Tests.BudgetInteractionTests" name="BudgetInteraction_Notes_Validation" />
    </UnitTest>
    <UnitTest name="WileyWidget.Tests.AppUnitTests.ConfigureGlobalExceptionHandling_MethodExists" storage="c:\users\biges\desktop\wiley_widget\wileywidget.tests\bin\release\net9.0-windows\wileywidget.tests.dll" id="c3e9fc9c-637b-6721-3c64-e57c86c03371">
      <Execution id="81b6ed98-e39e-4503-8456-4f6ba91930a4" />
      <TestMethod codeBase="C:\Users\biges\Desktop\Wiley_Widget\WileyWidget.Tests\bin\Release\net9.0-windows\WileyWidget.Tests.dll" adapterTypeName="executor://xunit/VsTestRunner2/netcoreapp" className="WileyWidget.Tests.AppUnitTests" name="ConfigureGlobalExceptionHandling_MethodExists" />
    </UnitTest>
    <UnitTest name="WileyWidget.Tests.EnterpriseTests.Enterprise_CurrentRate_Validation(rate: -1, shouldBeValid: False)" storage="c:\users\biges\desktop\wiley_widget\wileywidget.tests\bin\release\net9.0-windows\wileywidget.tests.dll" id="8df32280-d2cc-aff4-2ff0-10224e8b8552">
      <Execution id="99a629e5-40bc-4306-8fdd-9b5bb15ffd33" />
      <TestMethod codeBase="C:\Users\biges\Desktop\Wiley_Widget\WileyWidget.Tests\bin\Release\net9.0-windows\WileyWidget.Tests.dll" adapterTypeName="executor://xunit/VsTestRunner2/netcoreapp" className="WileyWidget.Tests.EnterpriseTests" name="Enterprise_CurrentRate_Validation" />
    </UnitTest>
    <UnitTest name="WileyWidget.Tests.SettingsServiceTests.SettingsService_Load_HandlesCorruptFile" storage="c:\users\biges\desktop\wiley_widget\wileywidget.tests\bin\release\net9.0-windows\wileywidget.tests.dll" id="04dd675b-629e-a516-a8ca-baee13393506">
      <Execution id="4db719e3-312d-4c66-b2e5-d49aa61f9e75" />
      <TestMethod codeBase="C:\Users\biges\Desktop\Wiley_Widget\WileyWidget.Tests\bin\Release\net9.0-windows\WileyWidget.Tests.dll" adapterTypeName="executor://xunit/VsTestRunner2/netcoreapp" className="WileyWidget.Tests.SettingsServiceTests" name="SettingsService_Load_HandlesCorruptFile" />
    </UnitTest>
    <UnitTest name="WileyWidget.Tests.EnterpriseDatabaseTests.DataIsolation_TestRollbackBehavior_UsingDirectConnection" storage="c:\users\biges\desktop\wiley_widget\wileywidget.tests\bin\release\net9.0-windows\wileywidget.tests.dll" id="85ee0bd4-7821-b257-c0c8-28e38b9ba9de">
      <Execution id="f00af6e0-f46e-43a1-ab65-5c05d7f338bb" />
      <TestMethod codeBase="C:\Users\biges\Desktop\Wiley_Widget\WileyWidget.Tests\bin\Release\net9.0-windows\WileyWidget.Tests.dll" adapterTypeName="executor://xunit/VsTestRunner2/netcoreapp" className="WileyWidget.Tests.EnterpriseDatabaseTests" name="DataIsolation_TestRollbackBehavior_UsingDirectConnection" />
    </UnitTest>
    <UnitTest name="WileyWidget.Tests.MainViewModelTests.Widgets_Collection_ContainsInitialData" storage="c:\users\biges\desktop\wiley_widget\wileywidget.tests\bin\release\net9.0-windows\wileywidget.tests.dll" id="02a84783-afd8-9efb-6906-833a0d912242">
      <Execution id="7638632f-3455-4545-8e97-1a902ba2f77f" />
      <TestMethod codeBase="C:\Users\biges\Desktop\Wiley_Widget\WileyWidget.Tests\bin\Release\net9.0-windows\WileyWidget.Tests.dll" adapterTypeName="executor://xunit/VsTestRunner2/netcoreapp" className="WileyWidget.Tests.MainViewModelTests" name="Widgets_Collection_ContainsInitialData" />
    </UnitTest>
    <UnitTest name="WileyWidget.Tests.MainWindowUnitTests.LogSyncfusionControls_MethodExists" storage="c:\users\biges\desktop\wiley_widget\wileywidget.tests\bin\release\net9.0-windows\wileywidget.tests.dll" id="08055736-1e09-8961-dc89-8e2a25887239">
      <Execution id="7dbdd7c6-0364-45e9-aeab-aaafe7bcb8e6" />
      <TestMethod codeBase="C:\Users\biges\Desktop\Wiley_Widget\WileyWidget.Tests\bin\Release\net9.0-windows\WileyWidget.Tests.dll" adapterTypeName="executor://xunit/VsTestRunner2/netcoreapp" className="WileyWidget.Tests.MainWindowUnitTests" name="LogSyncfusionControls_MethodExists" />
    </UnitTest>
    <UnitTest name="WileyWidget.Tests.DatabaseConfigurationTests.AddDatabaseServices_ConnectionStringVariations(connectionString: &quot;&quot;)" storage="c:\users\biges\desktop\wiley_widget\wileywidget.tests\bin\release\net9.0-windows\wileywidget.tests.dll" id="1e85481e-c1cb-a7d9-6ebb-5c71fd699ae6">
      <Execution id="8bd21e3e-ae61-49a4-9a39-cf02d6aeb016" />
      <TestMethod codeBase="C:\Users\biges\Desktop\Wiley_Widget\WileyWidget.Tests\bin\Release\net9.0-windows\WileyWidget.Tests.dll" adapterTypeName="executor://xunit/VsTestRunner2/netcoreapp" className="WileyWidget.Tests.DatabaseConfigurationTests" name="AddDatabaseServices_ConnectionStringVariations" />
    </UnitTest>
    <UnitTest name="WileyWidget.Tests.AppUnitTests.ConfigureLogging_MethodExists" storage="c:\users\biges\desktop\wiley_widget\wileywidget.tests\bin\release\net9.0-windows\wileywidget.tests.dll" id="b7030ce1-05f2-f041-773e-ef3e29b9eb03">
      <Execution id="a55e0f42-b04b-4aba-b702-eeb3b9f02a68" />
      <TestMethod codeBase="C:\Users\biges\Desktop\Wiley_Widget\WileyWidget.Tests\bin\Release\net9.0-windows\WileyWidget.Tests.dll" adapterTypeName="executor://xunit/VsTestRunner2/netcoreapp" className="WileyWidget.Tests.AppUnitTests" name="ConfigureLogging_MethodExists" />
    </UnitTest>
    <UnitTest name="WileyWidget.Tests.EnterpriseDatabaseTests.QueryEnterpriseByName_ReturnsCorrectData_UsingDirectConnection" storage="c:\users\biges\desktop\wiley_widget\wileywidget.tests\bin\release\net9.0-windows\wileywidget.tests.dll" id="cda48384-02ec-e8bf-7f92-391e842be3cc">
      <Execution id="cab7a9d1-f53f-4169-9182-e030071dc98b" />
      <TestMethod codeBase="C:\Users\biges\Desktop\Wiley_Widget\WileyWidget.Tests\bin\Release\net9.0-windows\WileyWidget.Tests.dll" adapterTypeName="executor://xunit/VsTestRunner2/netcoreapp" className="WileyWidget.Tests.EnterpriseDatabaseTests" name="QueryEnterpriseByName_ReturnsCorrectData_UsingDirectConnection" />
    </UnitTest>
    <UnitTest name="WileyWidget.Tests.WidgetTests.Widget_FormattedPrice_ReturnsCorrectFormat(price: 0.01, expected: &quot;$0.01&quot;)" storage="c:\users\biges\desktop\wiley_widget\wileywidget.tests\bin\release\net9.0-windows\wileywidget.tests.dll" id="c99ffb98-6608-7343-fd97-cece2671f5c7">
      <Execution id="9e4d0f11-8ee5-4205-98d4-ddb134abaf10" />
      <TestMethod codeBase="C:\Users\biges\Desktop\Wiley_Widget\WileyWidget.Tests\bin\Release\net9.0-windows\WileyWidget.Tests.dll" adapterTypeName="executor://xunit/VsTestRunner2/netcoreapp" className="WileyWidget.Tests.WidgetTests" name="Widget_FormattedPrice_ReturnsCorrectFormat" />
    </UnitTest>
    <UnitTest name="WileyWidget.Tests.BudgetInteractionTests.BudgetInteraction_InteractionType_Validation(type: &quot;Transfer&quot;, shouldBeValid: True)" storage="c:\users\biges\desktop\wiley_widget\wileywidget.tests\bin\release\net9.0-windows\wileywidget.tests.dll" id="40809d6b-32d3-2519-3f96-4116b092b054">
      <Execution id="95e1e013-02f9-4c57-8a93-8e873623d26b" />
      <TestMethod codeBase="C:\Users\biges\Desktop\Wiley_Widget\WileyWidget.Tests\bin\Release\net9.0-windows\WileyWidget.Tests.dll" adapterTypeName="executor://xunit/VsTestRunner2/netcoreapp" className="WileyWidget.Tests.BudgetInteractionTests" name="BudgetInteraction_InteractionType_Validation" />
    </UnitTest>
    <UnitTest name="WileyWidget.Tests.WidgetTests.Widget_Category_AcceptsVariousValues(category: &quot;Clothing&quot;)" storage="c:\users\biges\desktop\wiley_widget\wileywidget.tests\bin\release\net9.0-windows\wileywidget.tests.dll" id="0c08c2f7-584f-44de-79b5-e35ec9541cbd">
      <Execution id="23e124f7-f4ab-46ee-b3e3-08633f44a366" />
      <TestMethod codeBase="C:\Users\biges\Desktop\Wiley_Widget\WileyWidget.Tests\bin\Release\net9.0-windows\WileyWidget.Tests.dll" adapterTypeName="executor://xunit/VsTestRunner2/netcoreapp" className="WileyWidget.Tests.WidgetTests" name="Widget_Category_AcceptsVariousValues" />
    </UnitTest>
    <UnitTest name="WileyWidget.Tests.SettingsServiceTests.SettingsService_Load_HandlesMissingFile" storage="c:\users\biges\desktop\wiley_widget\wileywidget.tests\bin\release\net9.0-windows\wileywidget.tests.dll" id="e72511ca-5da4-5e68-e2df-554a43fc47aa">
      <Execution id="2630ce6e-cdb0-4575-97c7-e540b1554bc1" />
      <TestMethod codeBase="C:\Users\biges\Desktop\Wiley_Widget\WileyWidget.Tests\bin\Release\net9.0-windows\WileyWidget.Tests.dll" adapterTypeName="executor://xunit/VsTestRunner2/netcoreapp" className="WileyWidget.Tests.SettingsServiceTests" name="SettingsService_Load_HandlesMissingFile" />
    </UnitTest>
    <UnitTest name="WileyWidget.Tests.AppUnitTests.RegisterSyncfusionLicense_WithValidConfigKey_RegistersSuccessfully" storage="c:\users\biges\desktop\wiley_widget\wileywidget.tests\bin\release\net9.0-windows\wileywidget.tests.dll" id="67185dae-1bb2-aa49-e096-b7b20c6fe73a">
      <Execution id="05a06f41-d77a-433e-91ea-6fd229630178" />
      <TestMethod codeBase="C:\Users\biges\Desktop\Wiley_Widget\WileyWidget.Tests\bin\Release\net9.0-windows\WileyWidget.Tests.dll" adapterTypeName="executor://xunit/VsTestRunner2/netcoreapp" className="WileyWidget.Tests.AppUnitTests" name="RegisterSyncfusionLicense_WithValidConfigKey_RegistersSuccessfully" />
    </UnitTest>
    <UnitTest name="WileyWidget.Tests.EnterpriseTests.Enterprise_MonthlyRevenue_CalculatesCorrectly" storage="c:\users\biges\desktop\wiley_widget\wileywidget.tests\bin\release\net9.0-windows\wileywidget.tests.dll" id="216d7b3f-febd-5cd7-9636-60001f76e735">
      <Execution id="80d26a86-572f-458b-b095-6d3734748328" />
      <TestMethod codeBase="C:\Users\biges\Desktop\Wiley_Widget\WileyWidget.Tests\bin\Release\net9.0-windows\WileyWidget.Tests.dll" adapterTypeName="executor://xunit/VsTestRunner2/netcoreapp" className="WileyWidget.Tests.EnterpriseTests" name="Enterprise_MonthlyRevenue_CalculatesCorrectly" />
    </UnitTest>
    <UnitTest name="WileyWidget.Tests.EnterpriseModelTests.Enterprise_CitizenCount_Validation(citizenCount: 1000, shouldBeValid: True)" storage="c:\users\biges\desktop\wiley_widget\wileywidget.tests\bin\release\net9.0-windows\wileywidget.tests.dll" id="20a34a95-a426-14ac-be1a-81af3da9062a">
      <Execution id="df2f67f8-e888-4693-916d-f430d5fb964c" />
      <TestMethod codeBase="C:\Users\biges\Desktop\Wiley_Widget\WileyWidget.Tests\bin\Release\net9.0-windows\WileyWidget.Tests.dll" adapterTypeName="executor://xunit/VsTestRunner2/netcoreapp" className="WileyWidget.Tests.EnterpriseModelTests" name="Enterprise_CitizenCount_Validation" />
    </UnitTest>
    <UnitTest name="WileyWidget.Tests.WidgetTests.Widget_Category_AcceptsVariousValues(category: &quot;Electronics&quot;)" storage="c:\users\biges\desktop\wiley_widget\wileywidget.tests\bin\release\net9.0-windows\wileywidget.tests.dll" id="cbeada98-fd74-8e95-0798-e8d59013190d">
      <Execution id="35ed7fae-e395-44af-aeb7-e1758c585b58" />
      <TestMethod codeBase="C:\Users\biges\Desktop\Wiley_Widget\WileyWidget.Tests\bin\Release\net9.0-windows\WileyWidget.Tests.dll" adapterTypeName="executor://xunit/VsTestRunner2/netcoreapp" className="WileyWidget.Tests.WidgetTests" name="Widget_Category_AcceptsVariousValues" />
    </UnitTest>
    <UnitTest name="WileyWidget.Tests.WidgetTests.Widget_Name_Validation(name: null, shouldBeValid: False)" storage="c:\users\biges\desktop\wiley_widget\wileywidget.tests\bin\release\net9.0-windows\wileywidget.tests.dll" id="648bd338-a756-e64d-b4be-6a55c8a8cbe8">
      <Execution id="c3fb0105-21c9-4ab8-89d9-0dede108ddff" />
      <TestMethod codeBase="C:\Users\biges\Desktop\Wiley_Widget\WileyWidget.Tests\bin\Release\net9.0-windows\WileyWidget.Tests.dll" adapterTypeName="executor://xunit/VsTestRunner2/netcoreapp" className="WileyWidget.Tests.WidgetTests" name="Widget_Name_Validation" />
    </UnitTest>
    <UnitTest name="WileyWidget.Tests.EnterpriseTests.Enterprise_Name_Validation(name: &quot;This is a very long enterprise name that exceeds t&quot;···, shouldBeValid: False)" storage="c:\users\biges\desktop\wiley_widget\wileywidget.tests\bin\release\net9.0-windows\wileywidget.tests.dll" id="3d9418a8-7d7a-ace8-cce3-7f6d8639b60f">
      <Execution id="2314e031-8782-4424-95dc-ec83f6beed57" />
      <TestMethod codeBase="C:\Users\biges\Desktop\Wiley_Widget\WileyWidget.Tests\bin\Release\net9.0-windows\WileyWidget.Tests.dll" adapterTypeName="executor://xunit/VsTestRunner2/netcoreapp" className="WileyWidget.Tests.EnterpriseTests" name="Enterprise_Name_Validation" />
    </UnitTest>
    <UnitTest name="WileyWidget.Tests.BudgetInteractionTests.BudgetInteraction_MonthlyAmount_Validation(amount: -1, shouldBeValid: False)" storage="c:\users\biges\desktop\wiley_widget\wileywidget.tests\bin\release\net9.0-windows\wileywidget.tests.dll" id="0d4e12bb-b410-10f4-ea79-224ef1ad4ec2">
      <Execution id="57eb1aa6-e9e8-4c44-be37-b51a191f6371" />
      <TestMethod codeBase="C:\Users\biges\Desktop\Wiley_Widget\WileyWidget.Tests\bin\Release\net9.0-windows\WileyWidget.Tests.dll" adapterTypeName="executor://xunit/VsTestRunner2/netcoreapp" className="WileyWidget.Tests.BudgetInteractionTests" name="BudgetInteraction_MonthlyAmount_Validation" />
    </UnitTest>
    <UnitTest name="WileyWidget.Tests.EnterpriseModelTests.Enterprise_CurrentRate_Validation(rate: 0.005, shouldBeValid: False)" storage="c:\users\biges\desktop\wiley_widget\wileywidget.tests\bin\release\net9.0-windows\wileywidget.tests.dll" id="00f90a30-6cfb-102f-2905-fe6964421a8d">
      <Execution id="f6f54284-aa6a-409b-bbb2-55e6ddcd5bc0" />
      <TestMethod codeBase="C:\Users\biges\Desktop\Wiley_Widget\WileyWidget.Tests\bin\Release\net9.0-windows\WileyWidget.Tests.dll" adapterTypeName="executor://xunit/VsTestRunner2/netcoreapp" className="WileyWidget.Tests.EnterpriseModelTests" name="Enterprise_CurrentRate_Validation" />
    </UnitTest>
    <UnitTest name="WileyWidget.Tests.BudgetInteractionTests.BudgetInteraction_Creation_WithValidData_Succeeds" storage="c:\users\biges\desktop\wiley_widget\wileywidget.tests\bin\release\net9.0-windows\wileywidget.tests.dll" id="efa2ee80-8a84-ce7d-1850-d99aa3c2923a">
      <Execution id="2e275126-acf8-44a2-9521-70ea3f207339" />
      <TestMethod codeBase="C:\Users\biges\Desktop\Wiley_Widget\WileyWidget.Tests\bin\Release\net9.0-windows\WileyWidget.Tests.dll" adapterTypeName="executor://xunit/VsTestRunner2/netcoreapp" className="WileyWidget.Tests.BudgetInteractionTests" name="BudgetInteraction_Creation_WithValidData_Succeeds" />
    </UnitTest>
    <UnitTest name="WileyWidget.Tests.BudgetAnalyticsTests.BudgetInsights_AlwaysIncludesGeneralRecommendations" storage="c:\users\biges\desktop\wiley_widget\wileywidget.tests\bin\release\net9.0-windows\wileywidget.tests.dll" id="efe067a6-c350-5edd-6794-b1c41a457952">
      <Execution id="70ec5f92-7877-4522-b517-2f88d2ef1a91" />
      <TestMethod codeBase="C:\Users\biges\Desktop\Wiley_Widget\WileyWidget.Tests\bin\Release\net9.0-windows\WileyWidget.Tests.dll" adapterTypeName="executor://xunit/VsTestRunner2/netcoreapp" className="WileyWidget.Tests.BudgetAnalyticsTests" name="BudgetInsights_AlwaysIncludesGeneralRecommendations" />
    </UnitTest>
    <UnitTest name="WileyWidget.Tests.EnterpriseTests.Enterprise_Name_Validation(name: &quot;&quot;, shouldBeValid: False)" storage="c:\users\biges\desktop\wiley_widget\wileywidget.tests\bin\release\net9.0-windows\wileywidget.tests.dll" id="7fe76a3a-9ac6-6844-b5f7-d4331eae2413">
      <Execution id="bb3dddd1-7061-437d-8558-5085ca8d4daa" />
      <TestMethod codeBase="C:\Users\biges\Desktop\Wiley_Widget\WileyWidget.Tests\bin\Release\net9.0-windows\WileyWidget.Tests.dll" adapterTypeName="executor://xunit/VsTestRunner2/netcoreapp" className="WileyWidget.Tests.EnterpriseTests" name="Enterprise_Name_Validation" />
    </UnitTest>
    <UnitTest name="WileyWidget.Tests.WidgetTests.Widget_FormattedPrice_ReturnsCorrectFormat(price: 10, expected: &quot;$10.00&quot;)" storage="c:\users\biges\desktop\wiley_widget\wileywidget.tests\bin\release\net9.0-windows\wileywidget.tests.dll" id="0203bce8-8571-4fae-356f-d40949bb5a7d">
      <Execution id="f7844db8-0e40-403a-bedc-086cf603cf45" />
      <TestMethod codeBase="C:\Users\biges\Desktop\Wiley_Widget\WileyWidget.Tests\bin\Release\net9.0-windows\WileyWidget.Tests.dll" adapterTypeName="executor://xunit/VsTestRunner2/netcoreapp" className="WileyWidget.Tests.WidgetTests" name="Widget_FormattedPrice_ReturnsCorrectFormat" />
    </UnitTest>
    <UnitTest name="WileyWidget.Tests.AppUnitTests.RegisterSyncfusionLicense_WithNoValidSources_LogsWarning" storage="c:\users\biges\desktop\wiley_widget\wileywidget.tests\bin\release\net9.0-windows\wileywidget.tests.dll" id="93f87e80-68d8-ef6d-e92d-98707d05f82e">
      <Execution id="cb7b9bce-5f31-40a8-81a4-df250b22a665" />
      <TestMethod codeBase="C:\Users\biges\Desktop\Wiley_Widget\WileyWidget.Tests\bin\Release\net9.0-windows\WileyWidget.Tests.dll" adapterTypeName="executor://xunit/VsTestRunner2/netcoreapp" className="WileyWidget.Tests.AppUnitTests" name="RegisterSyncfusionLicense_WithNoValidSources_LogsWarning" />
    </UnitTest>
    <UnitTest name="WileyWidget.Tests.WidgetTests.Widget_Category_AcceptsVariousValues(category: &quot;Home &amp; Garden&quot;)" storage="c:\users\biges\desktop\wiley_widget\wileywidget.tests\bin\release\net9.0-windows\wileywidget.tests.dll" id="b211dea4-7dcd-20f5-d31b-47d61cf807dd">
      <Execution id="3610e3bc-f51a-41ae-afd1-8e3f945e9909" />
      <TestMethod codeBase="C:\Users\biges\Desktop\Wiley_Widget\WileyWidget.Tests\bin\Release\net9.0-windows\WileyWidget.Tests.dll" adapterTypeName="executor://xunit/VsTestRunner2/netcoreapp" className="WileyWidget.Tests.WidgetTests" name="Widget_Category_AcceptsVariousValues" />
    </UnitTest>
    <UnitTest name="WileyWidget.Tests.BudgetAnalyticsTests.BudgetMetrics_ReturnsCorrectStatus_Surplus" storage="c:\users\biges\desktop\wiley_widget\wileywidget.tests\bin\release\net9.0-windows\wileywidget.tests.dll" id="ccef2ce7-f385-9fbf-3fdd-191327867f3d">
      <Execution id="e91db4db-171a-40ca-9518-cb8bf02bcaed" />
      <TestMethod codeBase="C:\Users\biges\Desktop\Wiley_Widget\WileyWidget.Tests\bin\Release\net9.0-windows\WileyWidget.Tests.dll" adapterTypeName="executor://xunit/VsTestRunner2/netcoreapp" className="WileyWidget.Tests.BudgetAnalyticsTests" name="BudgetMetrics_ReturnsCorrectStatus_Surplus" />
    </UnitTest>
    <UnitTest name="WileyWidget.Tests.WidgetTests.Widget_Quantity_Validation(quantity: -1, shouldBeValid: False)" storage="c:\users\biges\desktop\wiley_widget\wileywidget.tests\bin\release\net9.0-windows\wileywidget.tests.dll" id="40c28db5-98d0-9ac0-459d-782c32a105ab">
      <Execution id="67485eed-9da2-48f6-ad49-7f02dd70098a" />
      <TestMethod codeBase="C:\Users\biges\Desktop\Wiley_Widget\WileyWidget.Tests\bin\Release\net9.0-windows\WileyWidget.Tests.dll" adapterTypeName="executor://xunit/VsTestRunner2/netcoreapp" className="WileyWidget.Tests.WidgetTests" name="Widget_Quantity_Validation" />
    </UnitTest>
    <UnitTest name="WileyWidget.Tests.EnterpriseTests.Enterprise_CalculatedProperties_WorkCorrectly(currentRate: 1.5, citizenCount: 1000, expenses: 500, expectedBalance: 1000)" storage="c:\users\biges\desktop\wiley_widget\wileywidget.tests\bin\release\net9.0-windows\wileywidget.tests.dll" id="b7c1d19c-bee4-911c-3a8a-0800f7a4f194">
      <Execution id="080c64f0-db6c-4a07-bb61-cb7b3f38d43a" />
      <TestMethod codeBase="C:\Users\biges\Desktop\Wiley_Widget\WileyWidget.Tests\bin\Release\net9.0-windows\WileyWidget.Tests.dll" adapterTypeName="executor://xunit/VsTestRunner2/netcoreapp" className="WileyWidget.Tests.EnterpriseTests" name="Enterprise_CalculatedProperties_WorkCorrectly" />
    </UnitTest>
    <UnitTest name="WileyWidget.Tests.SettingsServiceTests.SettingsService_Load_ReadsFileCorrectly" storage="c:\users\biges\desktop\wiley_widget\wileywidget.tests\bin\release\net9.0-windows\wileywidget.tests.dll" id="33627335-316c-cbc4-3f2e-4374d3f98bd0">
      <Execution id="e5652f6e-1d69-40fa-80b8-718fa02d159a" />
      <TestMethod codeBase="C:\Users\biges\Desktop\Wiley_Widget\WileyWidget.Tests\bin\Release\net9.0-windows\WileyWidget.Tests.dll" adapterTypeName="executor://xunit/VsTestRunner2/netcoreapp" className="WileyWidget.Tests.SettingsServiceTests" name="SettingsService_Load_ReadsFileCorrectly" />
    </UnitTest>
    <UnitTest name="WileyWidget.Tests.WidgetTests.Widget_Price_Validation(price: 0.01, shouldBeValid: True)" storage="c:\users\biges\desktop\wiley_widget\wileywidget.tests\bin\release\net9.0-windows\wileywidget.tests.dll" id="2beb22ae-6dec-0df2-163d-82054723e892">
      <Execution id="34d74c23-9de6-4c4d-8bdf-f3f621b6a18d" />
      <TestMethod codeBase="C:\Users\biges\Desktop\Wiley_Widget\WileyWidget.Tests\bin\Release\net9.0-windows\WileyWidget.Tests.dll" adapterTypeName="executor://xunit/VsTestRunner2/netcoreapp" className="WileyWidget.Tests.WidgetTests" name="Widget_Price_Validation" />
    </UnitTest>
    <UnitTest name="WileyWidget.Tests.SettingsServiceTests.SettingsService_Instance_IsSingleton" storage="c:\users\biges\desktop\wiley_widget\wileywidget.tests\bin\release\net9.0-windows\wileywidget.tests.dll" id="06acef7a-66a9-41e5-0b52-833373b805fd">
      <Execution id="08b1a16b-3590-4a62-8b9c-9a66b592ef13" />
      <TestMethod codeBase="C:\Users\biges\Desktop\Wiley_Widget\WileyWidget.Tests\bin\Release\net9.0-windows\WileyWidget.Tests.dll" adapterTypeName="executor://xunit/VsTestRunner2/netcoreapp" className="WileyWidget.Tests.SettingsServiceTests" name="SettingsService_Instance_IsSingleton" />
    </UnitTest>
    <UnitTest name="WileyWidget.Tests.BudgetInteractionTests.BudgetInteraction_InteractionType_Validation(type: &quot;SharedCost&quot;, shouldBeValid: True)" storage="c:\users\biges\desktop\wiley_widget\wileywidget.tests\bin\release\net9.0-windows\wileywidget.tests.dll" id="c79d0d0b-2c17-cda5-48a6-5d1589c048fd">
      <Execution id="8e595c69-fb51-4cfe-916d-cd8e98f4d625" />
      <TestMethod codeBase="C:\Users\biges\Desktop\Wiley_Widget\WileyWidget.Tests\bin\Release\net9.0-windows\WileyWidget.Tests.dll" adapterTypeName="executor://xunit/VsTestRunner2/netcoreapp" className="WileyWidget.Tests.BudgetInteractionTests" name="BudgetInteraction_InteractionType_Validation" />
    </UnitTest>
    <UnitTest name="WileyWidget.Tests.EnterpriseModelTests.Enterprise_CurrentRate_Validation(rate: 100, shouldBeValid: True)" storage="c:\users\biges\desktop\wiley_widget\wileywidget.tests\bin\release\net9.0-windows\wileywidget.tests.dll" id="ca7752fd-c28a-2eb8-8f5e-49b6ef0284d8">
      <Execution id="d0a168eb-2853-4625-966b-3ccdc791544a" />
      <TestMethod codeBase="C:\Users\biges\Desktop\Wiley_Widget\WileyWidget.Tests\bin\Release\net9.0-windows\WileyWidget.Tests.dll" adapterTypeName="executor://xunit/VsTestRunner2/netcoreapp" className="WileyWidget.Tests.EnterpriseModelTests" name="Enterprise_CurrentRate_Validation" />
    </UnitTest>
    <UnitTest name="WileyWidget.Tests.EnterpriseModelTests.Enterprise_BreakEvenRate_HandlesZeroCitizens" storage="c:\users\biges\desktop\wiley_widget\wileywidget.tests\bin\release\net9.0-windows\wileywidget.tests.dll" id="0a00e6cb-49af-1b97-d7b2-bbdf194a8118">
      <Execution id="6862a54d-cbc2-4af4-9fd5-dc8f82ee1c6d" />
      <TestMethod codeBase="C:\Users\biges\Desktop\Wiley_Widget\WileyWidget.Tests\bin\Release\net9.0-windows\WileyWidget.Tests.dll" adapterTypeName="executor://xunit/VsTestRunner2/netcoreapp" className="WileyWidget.Tests.EnterpriseModelTests" name="Enterprise_BreakEvenRate_HandlesZeroCitizens" />
    </UnitTest>
    <UnitTest name="WileyWidget.Tests.BudgetInteractionTests.BudgetInteraction_SecondaryEnterpriseId_CanBeNull" storage="c:\users\biges\desktop\wiley_widget\wileywidget.tests\bin\release\net9.0-windows\wileywidget.tests.dll" id="2f6535a3-ca21-5a5e-d2ea-27f9db0d9635">
      <Execution id="12e20657-7cc0-4906-ac9a-3bfe5a4a3c81" />
      <TestMethod codeBase="C:\Users\biges\Desktop\Wiley_Widget\WileyWidget.Tests\bin\Release\net9.0-windows\WileyWidget.Tests.dll" adapterTypeName="executor://xunit/VsTestRunner2/netcoreapp" className="WileyWidget.Tests.BudgetInteractionTests" name="BudgetInteraction_SecondaryEnterpriseId_CanBeNull" />
    </UnitTest>
    <UnitTest name="WileyWidget.Tests.EnterpriseModelTests.Enterprise_BudgetStatus_ReturnsCorrectStatus(revenue: 3000, expenses: 2500, expectedStatus: &quot;Surplus&quot;)" storage="c:\users\biges\desktop\wiley_widget\wileywidget.tests\bin\release\net9.0-windows\wileywidget.tests.dll" id="44e15a9e-b1db-5915-a9b2-5e9b239ca9b3">
      <Execution id="757e981c-68c1-4fe4-a500-98929642f4f4" />
      <TestMethod codeBase="C:\Users\biges\Desktop\Wiley_Widget\WileyWidget.Tests\bin\Release\net9.0-windows\WileyWidget.Tests.dll" adapterTypeName="executor://xunit/VsTestRunner2/netcoreapp" className="WileyWidget.Tests.EnterpriseModelTests" name="Enterprise_BudgetStatus_ReturnsCorrectStatus" />
    </UnitTest>
    <UnitTest name="WileyWidget.Tests.DatabaseIntegrationTests.Repository_CalculatesRevenueCorrectly" storage="c:\users\biges\desktop\wiley_widget\wileywidget.tests\bin\release\net9.0-windows\wileywidget.tests.dll" id="917950f3-8248-2f78-cc8c-99370e6626ab">
      <Execution id="20a6dae1-4d5a-4f08-8817-1ab0828ea7ed" />
      <TestMethod codeBase="C:\Users\biges\Desktop\Wiley_Widget\WileyWidget.Tests\bin\Release\net9.0-windows\WileyWidget.Tests.dll" adapterTypeName="executor://xunit/VsTestRunner2/netcoreapp" className="WileyWidget.Tests.DatabaseIntegrationTests" name="Repository_CalculatesRevenueCorrectly" />
    </UnitTest>
    <UnitTest name="WileyWidget.Tests.WidgetTests.Widget_Creation_WithValidData_Succeeds" storage="c:\users\biges\desktop\wiley_widget\wileywidget.tests\bin\release\net9.0-windows\wileywidget.tests.dll" id="4a11ecda-ef05-73a1-b1d1-c3284d3e4afa">
      <Execution id="cb5673d8-950a-45a3-aa24-a249d27011fc" />
      <TestMethod codeBase="C:\Users\biges\Desktop\Wiley_Widget\WileyWidget.Tests\bin\Release\net9.0-windows\WileyWidget.Tests.dll" adapterTypeName="executor://xunit/VsTestRunner2/netcoreapp" className="WileyWidget.Tests.WidgetTests" name="Widget_Creation_WithValidData_Succeeds" />
    </UnitTest>
    <UnitTest name="WileyWidget.Tests.EnterpriseDatabaseTests.SimpleDatabaseConnectionTest" storage="c:\users\biges\desktop\wiley_widget\wileywidget.tests\bin\release\net9.0-windows\wileywidget.tests.dll" id="e1f8a3e1-d467-b8d5-d368-b35a2dff4c81">
      <Execution id="7b9fa4cc-04ec-4b3c-82f4-a37a2a6214f6" />
      <TestMethod codeBase="C:\Users\biges\Desktop\Wiley_Widget\WileyWidget.Tests\bin\Release\net9.0-windows\WileyWidget.Tests.dll" adapterTypeName="executor://xunit/VsTestRunner2/netcoreapp" className="WileyWidget.Tests.EnterpriseDatabaseTests" name="SimpleDatabaseConnectionTest" />
    </UnitTest>
    <UnitTest name="WileyWidget.Tests.EnterpriseModelTests.Enterprise_BudgetStatus_ReturnsCorrectStatus(revenue: 2500, expenses: 2500, expectedStatus: &quot;Break-even&quot;)" storage="c:\users\biges\desktop\wiley_widget\wileywidget.tests\bin\release\net9.0-windows\wileywidget.tests.dll" id="ee7898df-a28c-6e8b-8e6c-3ec70bd001f9">
      <Execution id="0b9367f4-7f56-44e2-8e30-abf77544129a" />
      <TestMethod codeBase="C:\Users\biges\Desktop\Wiley_Widget\WileyWidget.Tests\bin\Release\net9.0-windows\WileyWidget.Tests.dll" adapterTypeName="executor://xunit/VsTestRunner2/netcoreapp" className="WileyWidget.Tests.EnterpriseModelTests" name="Enterprise_BudgetStatus_ReturnsCorrectStatus" />
    </UnitTest>
    <UnitTest name="WileyWidget.Tests.EnterpriseTests.Enterprise_CurrentRate_Validation(rate: 10000, shouldBeValid: False)" storage="c:\users\biges\desktop\wiley_widget\wileywidget.tests\bin\release\net9.0-windows\wileywidget.tests.dll" id="1d6cc74e-b1aa-d571-8164-59cf85bf66e7">
      <Execution id="68e71ae4-47c5-4c34-be63-66ada499f0ce" />
      <TestMethod codeBase="C:\Users\biges\Desktop\Wiley_Widget\WileyWidget.Tests\bin\Release\net9.0-windows\WileyWidget.Tests.dll" adapterTypeName="executor://xunit/VsTestRunner2/netcoreapp" className="WileyWidget.Tests.EnterpriseTests" name="Enterprise_CurrentRate_Validation" />
    </UnitTest>
    <UnitTest name="WileyWidget.Tests.MainWindowUnitTests.UpdateThemeToggleVisuals_MethodExists" storage="c:\users\biges\desktop\wiley_widget\wileywidget.tests\bin\release\net9.0-windows\wileywidget.tests.dll" id="1a019a48-5289-21b6-90e2-05f5df28d217">
      <Execution id="213bfcfc-720e-4668-b997-cae85c8c7b3a" />
      <TestMethod codeBase="C:\Users\biges\Desktop\Wiley_Widget\WileyWidget.Tests\bin\Release\net9.0-windows\WileyWidget.Tests.dll" adapterTypeName="executor://xunit/VsTestRunner2/netcoreapp" className="WileyWidget.Tests.MainWindowUnitTests" name="UpdateThemeToggleVisuals_MethodExists" />
    </UnitTest>
    <UnitTest name="WileyWidget.Tests.BudgetInteractionTests.BudgetInteraction_SecondaryEnterpriseId_CanBeSet" storage="c:\users\biges\desktop\wiley_widget\wileywidget.tests\bin\release\net9.0-windows\wileywidget.tests.dll" id="e5321f6f-e5a1-6e5b-e713-11e01758bd01">
      <Execution id="ae529a2c-370c-4138-89ad-071a76de4fee" />
      <TestMethod codeBase="C:\Users\biges\Desktop\Wiley_Widget\WileyWidget.Tests\bin\Release\net9.0-windows\WileyWidget.Tests.dll" adapterTypeName="executor://xunit/VsTestRunner2/netcoreapp" className="WileyWidget.Tests.BudgetInteractionTests" name="BudgetInteraction_SecondaryEnterpriseId_CanBeSet" />
    </UnitTest>
    <UnitTest name="WileyWidget.Tests.EnterpriseTests.Enterprise_CalculatedProperties_WorkCorrectly(currentRate: 1, citizenCount: 1000, expenses: 0, expectedBalance: 1000)" storage="c:\users\biges\desktop\wiley_widget\wileywidget.tests\bin\release\net9.0-windows\wileywidget.tests.dll" id="250861d5-9d13-68af-2b01-b8c47d52fcf2">
      <Execution id="2ec8d5e5-0350-4901-984e-268261bea532" />
      <TestMethod codeBase="C:\Users\biges\Desktop\Wiley_Widget\WileyWidget.Tests\bin\Release\net9.0-windows\WileyWidget.Tests.dll" adapterTypeName="executor://xunit/VsTestRunner2/netcoreapp" className="WileyWidget.Tests.EnterpriseTests" name="Enterprise_CalculatedProperties_WorkCorrectly" />
    </UnitTest>
    <UnitTest name="WileyWidget.Tests.DatabaseConfigurationTests.AddDatabaseServices_ConnectionStringVariations(connectionString: &quot;Data Source=test.db&quot;)" storage="c:\users\biges\desktop\wiley_widget\wileywidget.tests\bin\release\net9.0-windows\wileywidget.tests.dll" id="1c6d9cc5-a386-96ff-1534-848f8d293769">
      <Execution id="a99fb728-3f94-432a-989f-6f797d1e3993" />
      <TestMethod codeBase="C:\Users\biges\Desktop\Wiley_Widget\WileyWidget.Tests\bin\Release\net9.0-windows\WileyWidget.Tests.dll" adapterTypeName="executor://xunit/VsTestRunner2/netcoreapp" className="WileyWidget.Tests.DatabaseConfigurationTests" name="AddDatabaseServices_ConnectionStringVariations" />
    </UnitTest>
    <UnitTest name="WileyWidget.Tests.EnterpriseModelTests.Enterprise_Creation_WithValidData_Succeeds" storage="c:\users\biges\desktop\wiley_widget\wileywidget.tests\bin\release\net9.0-windows\wileywidget.tests.dll" id="a72d91bf-1ba0-06c7-1002-ab2af50818f2">
      <Execution id="124d0e36-2909-406b-9cd5-ab8cae5cd725" />
      <TestMethod codeBase="C:\Users\biges\Desktop\Wiley_Widget\WileyWidget.Tests\bin\Release\net9.0-windows\WileyWidget.Tests.dll" adapterTypeName="executor://xunit/VsTestRunner2/netcoreapp" className="WileyWidget.Tests.EnterpriseModelTests" name="Enterprise_Creation_WithValidData_Succeeds" />
    </UnitTest>
    <UnitTest name="WileyWidget.Tests.DatabaseIntegrationTests.GetByIdAsync_ReturnsCorrectEnterprise" storage="c:\users\biges\desktop\wiley_widget\wileywidget.tests\bin\release\net9.0-windows\wileywidget.tests.dll" id="4e31e5ac-795c-6664-b1e1-6987564c4e12">
      <Execution id="4e11611a-c0ec-4deb-9538-0a4a8db113d5" />
      <TestMethod codeBase="C:\Users\biges\Desktop\Wiley_Widget\WileyWidget.Tests\bin\Release\net9.0-windows\WileyWidget.Tests.dll" adapterTypeName="executor://xunit/VsTestRunner2/netcoreapp" className="WileyWidget.Tests.DatabaseIntegrationTests" name="GetByIdAsync_ReturnsCorrectEnterprise" />
    </UnitTest>
    <UnitTest name="WileyWidget.Tests.AppUnitTests.TryScheduleLicenseDialogAutoClose_HandlesDialogScheduling" storage="c:\users\biges\desktop\wiley_widget\wileywidget.tests\bin\release\net9.0-windows\wileywidget.tests.dll" id="20d48984-149e-52a8-e707-e7c8d17f3d51">
      <Execution id="6a897214-d21f-4f59-bace-1da96352b20d" />
      <TestMethod codeBase="C:\Users\biges\Desktop\Wiley_Widget\WileyWidget.Tests\bin\Release\net9.0-windows\WileyWidget.Tests.dll" adapterTypeName="executor://xunit/VsTestRunner2/netcoreapp" className="WileyWidget.Tests.AppUnitTests" name="TryScheduleLicenseDialogAutoClose_HandlesDialogScheduling" />
    </UnitTest>
    <UnitTest name="WileyWidget.Tests.BudgetInteractionTests.BudgetInteraction_AcceptsVariousInteractionTypes(type: &quot;Transfer&quot;, expected: True)" storage="c:\users\biges\desktop\wiley_widget\wileywidget.tests\bin\release\net9.0-windows\wileywidget.tests.dll" id="53bedddd-9e7e-05b6-0db9-6c4d6523d66b">
      <Execution id="1b1d7b4a-7500-4326-8ffc-bdfdae68cc9c" />
      <TestMethod codeBase="C:\Users\biges\Desktop\Wiley_Widget\WileyWidget.Tests\bin\Release\net9.0-windows\WileyWidget.Tests.dll" adapterTypeName="executor://xunit/VsTestRunner2/netcoreapp" className="WileyWidget.Tests.BudgetInteractionTests" name="BudgetInteraction_AcceptsVariousInteractionTypes" />
    </UnitTest>
    <UnitTest name="WileyWidget.Tests.MainViewModelTests.SelectNextCommand_HandlesEmptyList" storage="c:\users\biges\desktop\wiley_widget\wileywidget.tests\bin\release\net9.0-windows\wileywidget.tests.dll" id="b43e3dd0-44c9-3349-d80b-08150cc5294d">
      <Execution id="385b2afd-f112-4463-b30c-456f1602a196" />
      <TestMethod codeBase="C:\Users\biges\Desktop\Wiley_Widget\WileyWidget.Tests\bin\Release\net9.0-windows\WileyWidget.Tests.dll" adapterTypeName="executor://xunit/VsTestRunner2/netcoreapp" className="WileyWidget.Tests.MainViewModelTests" name="SelectNextCommand_HandlesEmptyList" />
    </UnitTest>
    <UnitTest name="WileyWidget.Tests.BudgetInteractionTests.BudgetInteraction_AcceptsVariousInteractionTypes(type: &quot;SharedCost&quot;, expected: True)" storage="c:\users\biges\desktop\wiley_widget\wileywidget.tests\bin\release\net9.0-windows\wileywidget.tests.dll" id="f5f343b0-4673-4f25-285c-1b1fcba58589">
      <Execution id="3215eaf2-549b-4d69-bc60-0eaffb460c22" />
      <TestMethod codeBase="C:\Users\biges\Desktop\Wiley_Widget\WileyWidget.Tests\bin\Release\net9.0-windows\WileyWidget.Tests.dll" adapterTypeName="executor://xunit/VsTestRunner2/netcoreapp" className="WileyWidget.Tests.BudgetInteractionTests" name="BudgetInteraction_AcceptsVariousInteractionTypes" />
    </UnitTest>
    <UnitTest name="WileyWidget.Tests.BudgetInteractionTests.BudgetInteraction_MonthlyAmount_Validation(amount: 0, shouldBeValid: True)" storage="c:\users\biges\desktop\wiley_widget\wileywidget.tests\bin\release\net9.0-windows\wileywidget.tests.dll" id="9d53fc33-d776-6625-1b0a-4b6f01111549">
      <Execution id="4376e2d9-b9ea-4bc3-84c2-ecd701b7d596" />
      <TestMethod codeBase="C:\Users\biges\Desktop\Wiley_Widget\WileyWidget.Tests\bin\Release\net9.0-windows\WileyWidget.Tests.dll" adapterTypeName="executor://xunit/VsTestRunner2/netcoreapp" className="WileyWidget.Tests.BudgetInteractionTests" name="BudgetInteraction_MonthlyAmount_Validation" />
    </UnitTest>
    <UnitTest name="WileyWidget.Tests.SettingsServiceTests.SettingsService_ResetForTests_Works" storage="c:\users\biges\desktop\wiley_widget\wileywidget.tests\bin\release\net9.0-windows\wileywidget.tests.dll" id="4bf0c2ec-7a7c-f8d8-6f1c-1f46f24b0af1">
      <Execution id="e843081d-3609-4917-a555-3f6482a96d0e" />
      <TestMethod codeBase="C:\Users\biges\Desktop\Wiley_Widget\WileyWidget.Tests\bin\Release\net9.0-windows\WileyWidget.Tests.dll" adapterTypeName="executor://xunit/VsTestRunner2/netcoreapp" className="WileyWidget.Tests.SettingsServiceTests" name="SettingsService_ResetForTests_Works" />
    </UnitTest>
    <UnitTest name="WileyWidget.Tests.MainWindowUnitTests.InitializeBudgetDiagram_MethodExists" storage="c:\users\biges\desktop\wiley_widget\wileywidget.tests\bin\release\net9.0-windows\wileywidget.tests.dll" id="62021b67-5876-d70c-80d9-db2ebaaf208a">
      <Execution id="9eb5ae4a-5267-4bf4-a9a4-6128b1a8d757" />
      <TestMethod codeBase="C:\Users\biges\Desktop\Wiley_Widget\WileyWidget.Tests\bin\Release\net9.0-windows\WileyWidget.Tests.dll" adapterTypeName="executor://xunit/VsTestRunner2/netcoreapp" className="WileyWidget.Tests.MainWindowUnitTests" name="InitializeBudgetDiagram_MethodExists" />
    </UnitTest>
    <UnitTest name="WileyWidget.Tests.MainWindowUnitTests.LogCurrentThemeState_MethodExists" storage="c:\users\biges\desktop\wiley_widget\wileywidget.tests\bin\release\net9.0-windows\wileywidget.tests.dll" id="118c5093-dd4d-05af-5b6d-0f37c0d730c3">
      <Execution id="b017a206-d22f-44ec-8f99-023324bcbd20" />
      <TestMethod codeBase="C:\Users\biges\Desktop\Wiley_Widget\WileyWidget.Tests\bin\Release\net9.0-windows\WileyWidget.Tests.dll" adapterTypeName="executor://xunit/VsTestRunner2/netcoreapp" className="WileyWidget.Tests.MainWindowUnitTests" name="LogCurrentThemeState_MethodExists" />
    </UnitTest>
    <UnitTest name="WileyWidget.Tests.DatabaseIntegrationTests.Repository_HandlesLargeDatasetEfficiently" storage="c:\users\biges\desktop\wiley_widget\wileywidget.tests\bin\release\net9.0-windows\wileywidget.tests.dll" id="f0a76b98-d14b-1f50-1a55-b715fcdffb9d">
      <Execution id="79a2ea08-9b1d-4b77-b08e-2df47201a6b8" />
      <TestMethod codeBase="C:\Users\biges\Desktop\Wiley_Widget\WileyWidget.Tests\bin\Release\net9.0-windows\WileyWidget.Tests.dll" adapterTypeName="executor://xunit/VsTestRunner2/netcoreapp" className="WileyWidget.Tests.DatabaseIntegrationTests" name="Repository_HandlesLargeDatasetEfficiently" />
    </UnitTest>
    <UnitTest name="WileyWidget.Tests.AppUnitTests.RegisterSyncfusionLicense_MethodExists" storage="c:\users\biges\desktop\wiley_widget\wileywidget.tests\bin\release\net9.0-windows\wileywidget.tests.dll" id="5e00cc24-af68-8e5e-7215-9a710f60e406">
      <Execution id="13646e51-b8ac-4fbf-b294-bfe82f994e28" />
      <TestMethod codeBase="C:\Users\biges\Desktop\Wiley_Widget\WileyWidget.Tests\bin\Release\net9.0-windows\WileyWidget.Tests.dll" adapterTypeName="executor://xunit/VsTestRunner2/netcoreapp" className="WileyWidget.Tests.AppUnitTests" name="RegisterSyncfusionLicense_MethodExists" />
    </UnitTest>
    <UnitTest name="WileyWidget.Tests.EnterpriseDatabaseTests.CustomQuery_WithParameters_ReturnsFilteredData_UsingDirectConnection" storage="c:\users\biges\desktop\wiley_widget\wileywidget.tests\bin\release\net9.0-windows\wileywidget.tests.dll" id="7cf3aa98-98eb-f226-4182-b485eaa19c16">
      <Execution id="eba6be03-2f0a-4c48-a7dd-b150ff48188a" />
      <TestMethod codeBase="C:\Users\biges\Desktop\Wiley_Widget\WileyWidget.Tests\bin\Release\net9.0-windows\WileyWidget.Tests.dll" adapterTypeName="executor://xunit/VsTestRunner2/netcoreapp" className="WileyWidget.Tests.EnterpriseDatabaseTests" name="CustomQuery_WithParameters_ReturnsFilteredData_UsingDirectConnection" />
    </UnitTest>
    <UnitTest name="WileyWidget.Tests.EnterpriseTests.Enterprise_CurrentRate_Validation(rate: 0.01, shouldBeValid: True)" storage="c:\users\biges\desktop\wiley_widget\wileywidget.tests\bin\release\net9.0-windows\wileywidget.tests.dll" id="c47db43f-5871-4aa9-b457-92ab04b7b502">
      <Execution id="295fa9e6-a038-42e2-9a5c-8daadab84f14" />
      <TestMethod codeBase="C:\Users\biges\Desktop\Wiley_Widget\WileyWidget.Tests\bin\Release\net9.0-windows\WileyWidget.Tests.dll" adapterTypeName="executor://xunit/VsTestRunner2/netcoreapp" className="WileyWidget.Tests.EnterpriseTests" name="Enterprise_CurrentRate_Validation" />
    </UnitTest>
    <UnitTest name="WileyWidget.Tests.EnterpriseDatabaseTests.ComplexAssertions_MultipleValidations_UsingDirectConnection" storage="c:\users\biges\desktop\wiley_widget\wileywidget.tests\bin\release\net9.0-windows\wileywidget.tests.dll" id="f0564e38-0932-37f9-f2ec-c59c84e4f319">
      <Execution id="af48af54-396d-44c3-8596-da8b9db8c3fa" />
      <TestMethod codeBase="C:\Users\biges\Desktop\Wiley_Widget\WileyWidget.Tests\bin\Release\net9.0-windows\WileyWidget.Tests.dll" adapterTypeName="executor://xunit/VsTestRunner2/netcoreapp" className="WileyWidget.Tests.EnterpriseDatabaseTests" name="ComplexAssertions_MultipleValidations_UsingDirectConnection" />
    </UnitTest>
    <UnitTest name="WileyWidget.Tests.BudgetInteractionTests.BudgetInteraction_Description_Validation(description: null, shouldBeValid: False)" storage="c:\users\biges\desktop\wiley_widget\wileywidget.tests\bin\release\net9.0-windows\wileywidget.tests.dll" id="4d20292b-dbaf-eee0-cf45-638c0a52c116">
      <Execution id="83f17c2b-15ea-432b-b747-03de1e84de2d" />
      <TestMethod codeBase="C:\Users\biges\Desktop\Wiley_Widget\WileyWidget.Tests\bin\Release\net9.0-windows\WileyWidget.Tests.dll" adapterTypeName="executor://xunit/VsTestRunner2/netcoreapp" className="WileyWidget.Tests.BudgetInteractionTests" name="BudgetInteraction_Description_Validation" />
    </UnitTest>
    <UnitTest name="WileyWidget.Tests.BudgetAnalyticsTests.BudgetInsights_GeneratesCorrectInsights_ForDeficit" storage="c:\users\biges\desktop\wiley_widget\wileywidget.tests\bin\release\net9.0-windows\wileywidget.tests.dll" id="bc7d1dad-4626-c238-a1b7-51e0ec90dede">
      <Execution id="f610f547-35c2-4a95-bb85-6f23ddc1998e" />
      <TestMethod codeBase="C:\Users\biges\Desktop\Wiley_Widget\WileyWidget.Tests\bin\Release\net9.0-windows\WileyWidget.Tests.dll" adapterTypeName="executor://xunit/VsTestRunner2/netcoreapp" className="WileyWidget.Tests.BudgetAnalyticsTests" name="BudgetInsights_GeneratesCorrectInsights_ForDeficit" />
    </UnitTest>
    <UnitTest name="WileyWidget.Tests.EnterpriseModelTests.Enterprise_MonthlyExpenses_Validation(expenses: -1, shouldBeValid: False)" storage="c:\users\biges\desktop\wiley_widget\wileywidget.tests\bin\release\net9.0-windows\wileywidget.tests.dll" id="e472ca0e-4d1f-2cb2-ae79-f619786a7e3f">
      <Execution id="54cf2c13-53ca-4e30-890f-f3a52e2e5884" />
      <TestMethod codeBase="C:\Users\biges\Desktop\Wiley_Widget\WileyWidget.Tests\bin\Release\net9.0-windows\WileyWidget.Tests.dll" adapterTypeName="executor://xunit/VsTestRunner2/netcoreapp" className="WileyWidget.Tests.EnterpriseModelTests" name="Enterprise_MonthlyExpenses_Validation" />
    </UnitTest>
    <UnitTest name="WileyWidget.Tests.BudgetInteractionTests.BudgetInteraction_InteractionType_Validation(type: &quot;&quot;, shouldBeValid: False)" storage="c:\users\biges\desktop\wiley_widget\wileywidget.tests\bin\release\net9.0-windows\wileywidget.tests.dll" id="a4f037bc-7338-9135-cfbf-a9e8758843b8">
      <Execution id="26e18ffa-b9df-491d-b2bc-f43acf9b3f03" />
      <TestMethod codeBase="C:\Users\biges\Desktop\Wiley_Widget\WileyWidget.Tests\bin\Release\net9.0-windows\WileyWidget.Tests.dll" adapterTypeName="executor://xunit/VsTestRunner2/netcoreapp" className="WileyWidget.Tests.BudgetInteractionTests" name="BudgetInteraction_InteractionType_Validation" />
    </UnitTest>
    <UnitTest name="WileyWidget.Tests.BudgetInteractionTests.BudgetInteraction_IsCost_CanBeSetToFalse" storage="c:\users\biges\desktop\wiley_widget\wileywidget.tests\bin\release\net9.0-windows\wileywidget.tests.dll" id="7616251f-ba10-2865-c7c0-878cebe0f9bd">
      <Execution id="113af572-e8f9-4aa0-a61b-ce2d17bcb8c3" />
      <TestMethod codeBase="C:\Users\biges\Desktop\Wiley_Widget\WileyWidget.Tests\bin\Release\net9.0-windows\WileyWidget.Tests.dll" adapterTypeName="executor://xunit/VsTestRunner2/netcoreapp" className="WileyWidget.Tests.BudgetInteractionTests" name="BudgetInteraction_IsCost_CanBeSetToFalse" />
    </UnitTest>
    <UnitTest name="WileyWidget.Tests.EnterpriseTests.Enterprise_Name_Validation(name: &quot;A&quot;, shouldBeValid: True)" storage="c:\users\biges\desktop\wiley_widget\wileywidget.tests\bin\release\net9.0-windows\wileywidget.tests.dll" id="c093cc50-deee-4751-29ce-343ea9d35c10">
      <Execution id="33a407e3-06aa-4593-8bbd-7b38882b23ce" />
      <TestMethod codeBase="C:\Users\biges\Desktop\Wiley_Widget\WileyWidget.Tests\bin\Release\net9.0-windows\WileyWidget.Tests.dll" adapterTypeName="executor://xunit/VsTestRunner2/netcoreapp" className="WileyWidget.Tests.EnterpriseTests" name="Enterprise_Name_Validation" />
    </UnitTest>
    <UnitTest name="WileyWidget.Tests.MainViewModelTests.SelectNextCommand_WrapsToFirstWidget" storage="c:\users\biges\desktop\wiley_widget\wileywidget.tests\bin\release\net9.0-windows\wileywidget.tests.dll" id="fdd256aa-95b4-4138-ef57-428d9bd57c15">
      <Execution id="fb48a534-6b78-4319-80e5-75a3d2a1a34c" />
      <TestMethod codeBase="C:\Users\biges\Desktop\Wiley_Widget\WileyWidget.Tests\bin\Release\net9.0-windows\WileyWidget.Tests.dll" adapterTypeName="executor://xunit/VsTestRunner2/netcoreapp" className="WileyWidget.Tests.MainViewModelTests" name="SelectNextCommand_WrapsToFirstWidget" />
    </UnitTest>
    <UnitTest name="WileyWidget.Tests.AppUnitTests.LoadConfiguration_MethodExists" storage="c:\users\biges\desktop\wiley_widget\wileywidget.tests\bin\release\net9.0-windows\wileywidget.tests.dll" id="d60d3051-e4c9-0f9c-9d61-8cc77d0b060c">
      <Execution id="6db3ba68-d6c1-4c3e-bdeb-4640dd98605e" />
      <TestMethod codeBase="C:\Users\biges\Desktop\Wiley_Widget\WileyWidget.Tests\bin\Release\net9.0-windows\WileyWidget.Tests.dll" adapterTypeName="executor://xunit/VsTestRunner2/netcoreapp" className="WileyWidget.Tests.AppUnitTests" name="LoadConfiguration_MethodExists" />
    </UnitTest>
    <UnitTest name="WileyWidget.Tests.EnterpriseModelTests.Enterprise_CurrentRate_Validation(rate: -1, shouldBeValid: False)" storage="c:\users\biges\desktop\wiley_widget\wileywidget.tests\bin\release\net9.0-windows\wileywidget.tests.dll" id="80a94af4-7913-fd5c-01c4-b92eec2e4015">
      <Execution id="a9d63c66-9a13-4271-983c-3be44eb329fb" />
      <TestMethod codeBase="C:\Users\biges\Desktop\Wiley_Widget\WileyWidget.Tests\bin\Release\net9.0-windows\WileyWidget.Tests.dll" adapterTypeName="executor://xunit/VsTestRunner2/netcoreapp" className="WileyWidget.Tests.EnterpriseModelTests" name="Enterprise_CurrentRate_Validation" />
    </UnitTest>
    <UnitTest name="WileyWidget.Tests.DatabaseConfigurationTests.AddDatabaseServices_WithValidConfiguration_RegistersServices" storage="c:\users\biges\desktop\wiley_widget\wileywidget.tests\bin\release\net9.0-windows\wileywidget.tests.dll" id="7d26dc11-9068-1965-0e72-e725c90e0da3">
      <Execution id="9e79f081-b21a-4c5f-8724-bb3483527249" />
      <TestMethod codeBase="C:\Users\biges\Desktop\Wiley_Widget\WileyWidget.Tests\bin\Release\net9.0-windows\WileyWidget.Tests.dll" adapterTypeName="executor://xunit/VsTestRunner2/netcoreapp" className="WileyWidget.Tests.DatabaseConfigurationTests" name="AddDatabaseServices_WithValidConfiguration_RegistersServices" />
    </UnitTest>
    <UnitTest name="WileyWidget.Tests.WidgetTests.Widget_DisplayName_ReturnsCorrectFormat(name: &quot;Widget Name&quot;, sku: &quot;&quot;, expected: &quot;Widget Name&quot;)" storage="c:\users\biges\desktop\wiley_widget\wileywidget.tests\bin\release\net9.0-windows\wileywidget.tests.dll" id="a535ee6d-f14e-b507-e106-e575e4d351ae">
      <Execution id="c72c885b-08f8-4766-8a5c-b41fb292058d" />
      <TestMethod codeBase="C:\Users\biges\Desktop\Wiley_Widget\WileyWidget.Tests\bin\Release\net9.0-windows\WileyWidget.Tests.dll" adapterTypeName="executor://xunit/VsTestRunner2/netcoreapp" className="WileyWidget.Tests.WidgetTests" name="Widget_DisplayName_ReturnsCorrectFormat" />
    </UnitTest>
    <UnitTest name="WileyWidget.Tests.EnterpriseModelTests.Enterprise_MonthlyBalance_CalculatesCorrectly" storage="c:\users\biges\desktop\wiley_widget\wileywidget.tests\bin\release\net9.0-windows\wileywidget.tests.dll" id="7e338c26-7d68-229c-5870-5a210a219a3a">
      <Execution id="4f52761d-aaa6-4f11-9810-bb6c6124872a" />
      <TestMethod codeBase="C:\Users\biges\Desktop\Wiley_Widget\WileyWidget.Tests\bin\Release\net9.0-windows\WileyWidget.Tests.dll" adapterTypeName="executor://xunit/VsTestRunner2/netcoreapp" className="WileyWidget.Tests.EnterpriseModelTests" name="Enterprise_MonthlyBalance_CalculatesCorrectly" />
    </UnitTest>
    <UnitTest name="WileyWidget.Tests.DatabaseConfigurationTests.AddDatabaseServices_ConnectionStringVariations(connectionString: &quot;Data Source=:memory:&quot;)" storage="c:\users\biges\desktop\wiley_widget\wileywidget.tests\bin\release\net9.0-windows\wileywidget.tests.dll" id="56a1702d-a123-50c1-1373-ed4b2dc0b51f">
      <Execution id="5103aa10-a429-41fb-a1e4-b88c96cf5c06" />
      <TestMethod codeBase="C:\Users\biges\Desktop\Wiley_Widget\WileyWidget.Tests\bin\Release\net9.0-windows\WileyWidget.Tests.dll" adapterTypeName="executor://xunit/VsTestRunner2/netcoreapp" className="WileyWidget.Tests.DatabaseConfigurationTests" name="AddDatabaseServices_ConnectionStringVariations" />
    </UnitTest>
    <UnitTest name="WileyWidget.Tests.EnterpriseModelTests.Enterprise_Name_Validation(name: &quot;Valid Name&quot;, shouldBeValid: True)" storage="c:\users\biges\desktop\wiley_widget\wileywidget.tests\bin\release\net9.0-windows\wileywidget.tests.dll" id="266048de-3f2b-fdbd-2e09-1b7eae8e8964">
      <Execution id="2e2ffbdf-bb4e-41c2-8d58-0a10cdcf12b4" />
      <TestMethod codeBase="C:\Users\biges\Desktop\Wiley_Widget\WileyWidget.Tests\bin\Release\net9.0-windows\WileyWidget.Tests.dll" adapterTypeName="executor://xunit/VsTestRunner2/netcoreapp" className="WileyWidget.Tests.EnterpriseModelTests" name="Enterprise_Name_Validation" />
    </UnitTest>
    <UnitTest name="WileyWidget.Tests.BudgetInteractionTests.BudgetInteraction_AcceptsVariousInteractionTypes(type: &quot;Dependency&quot;, expected: True)" storage="c:\users\biges\desktop\wiley_widget\wileywidget.tests\bin\release\net9.0-windows\wileywidget.tests.dll" id="2b9ee214-5fed-0842-d648-dd6ae7f87bc4">
      <Execution id="9c1ec3b4-e62c-43c5-9471-303bc9ff8bfd" />
      <TestMethod codeBase="C:\Users\biges\Desktop\Wiley_Widget\WileyWidget.Tests\bin\Release\net9.0-windows\WileyWidget.Tests.dll" adapterTypeName="executor://xunit/VsTestRunner2/netcoreapp" className="WileyWidget.Tests.BudgetInteractionTests" name="BudgetInteraction_AcceptsVariousInteractionTypes" />
    </UnitTest>
    <UnitTest name="WileyWidget.Tests.DatabaseConfigurationTests.AddDatabaseServices_WithMissingConnectionString_ThrowsException" storage="c:\users\biges\desktop\wiley_widget\wileywidget.tests\bin\release\net9.0-windows\wileywidget.tests.dll" id="767d2771-3c39-19fb-57bf-e8e2daef4940">
      <Execution id="7f5a618c-bd13-49c7-9c1c-fbdbd683ca20" />
      <TestMethod codeBase="C:\Users\biges\Desktop\Wiley_Widget\WileyWidget.Tests\bin\Release\net9.0-windows\WileyWidget.Tests.dll" adapterTypeName="executor://xunit/VsTestRunner2/netcoreapp" className="WileyWidget.Tests.DatabaseConfigurationTests" name="AddDatabaseServices_WithMissingConnectionString_ThrowsException" />
    </UnitTest>
    <UnitTest name="WileyWidget.Tests.BudgetInteractionTests.BudgetInteraction_AcceptsVariousInteractionTypes(type: &quot;Subsidy&quot;, expected: True)" storage="c:\users\biges\desktop\wiley_widget\wileywidget.tests\bin\release\net9.0-windows\wileywidget.tests.dll" id="8ca5b6cf-7541-b621-6329-c030b30b7745">
      <Execution id="53c338aa-bbf5-4465-905b-5a03e120add9" />
      <TestMethod codeBase="C:\Users\biges\Desktop\Wiley_Widget\WileyWidget.Tests\bin\Release\net9.0-windows\WileyWidget.Tests.dll" adapterTypeName="executor://xunit/VsTestRunner2/netcoreapp" className="WileyWidget.Tests.BudgetInteractionTests" name="BudgetInteraction_AcceptsVariousInteractionTypes" />
    </UnitTest>
    <UnitTest name="WileyWidget.Tests.MainWindowUnitTests.VerifySpecificSyncfusionControls_MethodExists" storage="c:\users\biges\desktop\wiley_widget\wileywidget.tests\bin\release\net9.0-windows\wileywidget.tests.dll" id="83034d6a-ea47-0b26-b3c3-520cb2f8b99c">
      <Execution id="7c76e189-c1b3-49b6-a4dc-03f6edf0e405" />
      <TestMethod codeBase="C:\Users\biges\Desktop\Wiley_Widget\WileyWidget.Tests\bin\Release\net9.0-windows\WileyWidget.Tests.dll" adapterTypeName="executor://xunit/VsTestRunner2/netcoreapp" className="WileyWidget.Tests.MainWindowUnitTests" name="VerifySpecificSyncfusionControls_MethodExists" />
    </UnitTest>
    <UnitTest name="WileyWidget.Tests.EnterpriseTests.Enterprise_CurrentRate_Validation(rate: 1000, shouldBeValid: True)" storage="c:\users\biges\desktop\wiley_widget\wileywidget.tests\bin\release\net9.0-windows\wileywidget.tests.dll" id="bab73118-bcc5-733a-969d-4c306d5de5ef">
      <Execution id="7695bae8-5504-4f97-82a8-be24d8d034a2" />
      <TestMethod codeBase="C:\Users\biges\Desktop\Wiley_Widget\WileyWidget.Tests\bin\Release\net9.0-windows\WileyWidget.Tests.dll" adapterTypeName="executor://xunit/VsTestRunner2/netcoreapp" className="WileyWidget.Tests.EnterpriseTests" name="Enterprise_CurrentRate_Validation" />
    </UnitTest>
    <UnitTest name="WileyWidget.Tests.MainViewModelTests.AddWidgetCommand_AddsWidgetToCollection" storage="c:\users\biges\desktop\wiley_widget\wileywidget.tests\bin\release\net9.0-windows\wileywidget.tests.dll" id="6cc406f6-5c68-c097-54c6-537a958e649e">
      <Execution id="a389a775-b85e-49e4-a7b2-7fb58e92a9cb" />
      <TestMethod codeBase="C:\Users\biges\Desktop\Wiley_Widget\WileyWidget.Tests\bin\Release\net9.0-windows\WileyWidget.Tests.dll" adapterTypeName="executor://xunit/VsTestRunner2/netcoreapp" className="WileyWidget.Tests.MainViewModelTests" name="AddWidgetCommand_AddsWidgetToCollection" />
    </UnitTest>
    <UnitTest name="WileyWidget.Tests.EnterpriseTests.Enterprise_Name_Validation(name: &quot;Valid Name&quot;, shouldBeValid: True)" storage="c:\users\biges\desktop\wiley_widget\wileywidget.tests\bin\release\net9.0-windows\wileywidget.tests.dll" id="cb3b465a-00da-a1e4-c2c6-1368be36d3e5">
      <Execution id="b8675b35-3ba1-479c-99ae-9d1da6fcdaf6" />
      <TestMethod codeBase="C:\Users\biges\Desktop\Wiley_Widget\WileyWidget.Tests\bin\Release\net9.0-windows\WileyWidget.Tests.dll" adapterTypeName="executor://xunit/VsTestRunner2/netcoreapp" className="WileyWidget.Tests.EnterpriseTests" name="Enterprise_Name_Validation" />
    </UnitTest>
    <UnitTest name="WileyWidget.Tests.EnterpriseModelTests.Enterprise_MonthlyExpenses_Validation(expenses: 0, shouldBeValid: True)" storage="c:\users\biges\desktop\wiley_widget\wileywidget.tests\bin\release\net9.0-windows\wileywidget.tests.dll" id="c92dc833-fd57-a263-2b90-5a13ee4f5081">
      <Execution id="352f461a-8953-4c06-a227-ebf40585cc4f" />
      <TestMethod codeBase="C:\Users\biges\Desktop\Wiley_Widget\WileyWidget.Tests\bin\Release\net9.0-windows\WileyWidget.Tests.dll" adapterTypeName="executor://xunit/VsTestRunner2/netcoreapp" className="WileyWidget.Tests.EnterpriseModelTests" name="Enterprise_MonthlyExpenses_Validation" />
    </UnitTest>
    <UnitTest name="WileyWidget.Tests.DatabaseIntegrationTests.Repository_HandlesConcurrentReads" storage="c:\users\biges\desktop\wiley_widget\wileywidget.tests\bin\release\net9.0-windows\wileywidget.tests.dll" id="8b807870-505b-71ed-7f55-1b57860f38f6">
      <Execution id="d659e23d-33b4-44d6-97c9-fe088e89aae4" />
      <TestMethod codeBase="C:\Users\biges\Desktop\Wiley_Widget\WileyWidget.Tests\bin\Release\net9.0-windows\WileyWidget.Tests.dll" adapterTypeName="executor://xunit/VsTestRunner2/netcoreapp" className="WileyWidget.Tests.DatabaseIntegrationTests" name="Repository_HandlesConcurrentReads" />
    </UnitTest>
    <UnitTest name="WileyWidget.Tests.BudgetInteractionTests.BudgetInteraction_InteractionType_Validation(type: &quot;Dependency&quot;, shouldBeValid: True)" storage="c:\users\biges\desktop\wiley_widget\wileywidget.tests\bin\release\net9.0-windows\wileywidget.tests.dll" id="a4b79d30-1b57-4783-2bc5-b481543036fd">
      <Execution id="2a19b62c-b61f-43aa-a740-0bb250e296da" />
      <TestMethod codeBase="C:\Users\biges\Desktop\Wiley_Widget\WileyWidget.Tests\bin\Release\net9.0-windows\WileyWidget.Tests.dll" adapterTypeName="executor://xunit/VsTestRunner2/netcoreapp" className="WileyWidget.Tests.BudgetInteractionTests" name="BudgetInteraction_InteractionType_Validation" />
    </UnitTest>
    <UnitTest name="WileyWidget.Tests.EnterpriseModelTests.Enterprise_Name_Validation(name: null, shouldBeValid: False)" storage="c:\users\biges\desktop\wiley_widget\wileywidget.tests\bin\release\net9.0-windows\wileywidget.tests.dll" id="4f4006d6-b3a2-e8ed-5bb3-4581fead82ab">
      <Execution id="9851dbc9-ecb7-4758-b692-5c7686e0b277" />
      <TestMethod codeBase="C:\Users\biges\Desktop\Wiley_Widget\WileyWidget.Tests\bin\Release\net9.0-windows\WileyWidget.Tests.dll" adapterTypeName="executor://xunit/VsTestRunner2/netcoreapp" className="WileyWidget.Tests.EnterpriseModelTests" name="Enterprise_Name_Validation" />
    </UnitTest>
    <UnitTest name="WileyWidget.Tests.EnterpriseModelTests.Enterprise_BreakEvenRate_CalculatesCorrectly" storage="c:\users\biges\desktop\wiley_widget\wileywidget.tests\bin\release\net9.0-windows\wileywidget.tests.dll" id="93b4d7b9-17c9-4651-e29a-009cb361e97b">
      <Execution id="500df087-5803-4f63-ba16-6f592f612d48" />
      <TestMethod codeBase="C:\Users\biges\Desktop\Wiley_Widget\WileyWidget.Tests\bin\Release\net9.0-windows\WileyWidget.Tests.dll" adapterTypeName="executor://xunit/VsTestRunner2/netcoreapp" className="WileyWidget.Tests.EnterpriseModelTests" name="Enterprise_BreakEvenRate_CalculatesCorrectly" />
    </UnitTest>
    <UnitTest name="WileyWidget.Tests.BudgetAnalyticsTests.BudgetInsights_GeneratesCorrectInsights_ForSurplus" storage="c:\users\biges\desktop\wiley_widget\wileywidget.tests\bin\release\net9.0-windows\wileywidget.tests.dll" id="a9dc7ce3-2ee9-2217-fa87-9dcfd65a9dfd">
      <Execution id="d68187bd-4073-4720-8b09-77ee5c06f484" />
      <TestMethod codeBase="C:\Users\biges\Desktop\Wiley_Widget\WileyWidget.Tests\bin\Release\net9.0-windows\WileyWidget.Tests.dll" adapterTypeName="executor://xunit/VsTestRunner2/netcoreapp" className="WileyWidget.Tests.BudgetAnalyticsTests" name="BudgetInsights_GeneratesCorrectInsights_ForSurplus" />
    </UnitTest>
    <UnitTest name="WileyWidget.Tests.WidgetTests.Widget_Name_Validation(name: &quot;Valid Name&quot;, shouldBeValid: True)" storage="c:\users\biges\desktop\wiley_widget\wileywidget.tests\bin\release\net9.0-windows\wileywidget.tests.dll" id="668e1389-6a17-867c-cc8c-409430f2326f">
      <Execution id="33164358-ba94-4a72-b8b3-b3605107afde" />
      <TestMethod codeBase="C:\Users\biges\Desktop\Wiley_Widget\WileyWidget.Tests\bin\Release\net9.0-windows\WileyWidget.Tests.dll" adapterTypeName="executor://xunit/VsTestRunner2/netcoreapp" className="WileyWidget.Tests.WidgetTests" name="Widget_Name_Validation" />
    </UnitTest>
    <UnitTest name="WileyWidget.Tests.EnterpriseModelTests.Enterprise_CurrentRate_Validation(rate: 0, shouldBeValid: False)" storage="c:\users\biges\desktop\wiley_widget\wileywidget.tests\bin\release\net9.0-windows\wileywidget.tests.dll" id="e7df05ca-3552-2715-64b0-211740e8ec70">
      <Execution id="f65f4f28-474c-4a2f-8b7a-92738aa0cb35" />
      <TestMethod codeBase="C:\Users\biges\Desktop\Wiley_Widget\WileyWidget.Tests\bin\Release\net9.0-windows\WileyWidget.Tests.dll" adapterTypeName="executor://xunit/VsTestRunner2/netcoreapp" className="WileyWidget.Tests.EnterpriseModelTests" name="Enterprise_CurrentRate_Validation" />
    </UnitTest>
    <UnitTest name="WileyWidget.Tests.WidgetTests.Widget_FormattedPrice_ReturnsCorrectFormat(price: 1234.56, expected: &quot;$1,234.56&quot;)" storage="c:\users\biges\desktop\wiley_widget\wileywidget.tests\bin\release\net9.0-windows\wileywidget.tests.dll" id="2917a8ba-f7f9-5b6b-3575-162e1a2173ef">
      <Execution id="be0d1dab-b0ef-4e72-a236-efd101e6a89a" />
      <TestMethod codeBase="C:\Users\biges\Desktop\Wiley_Widget\WileyWidget.Tests\bin\Release\net9.0-windows\WileyWidget.Tests.dll" adapterTypeName="executor://xunit/VsTestRunner2/netcoreapp" className="WileyWidget.Tests.WidgetTests" name="Widget_FormattedPrice_ReturnsCorrectFormat" />
    </UnitTest>
    <UnitTest name="WileyWidget.Tests.EnterpriseModelTests.Enterprise_MonthlyExpenses_Validation(expenses: 1000, shouldBeValid: True)" storage="c:\users\biges\desktop\wiley_widget\wileywidget.tests\bin\release\net9.0-windows\wileywidget.tests.dll" id="9929003c-3c0b-e178-ebdf-bba67d8898cc">
      <Execution id="32d87615-872b-4465-ac1a-6c040c2ce424" />
      <TestMethod codeBase="C:\Users\biges\Desktop\Wiley_Widget\WileyWidget.Tests\bin\Release\net9.0-windows\WileyWidget.Tests.dll" adapterTypeName="executor://xunit/VsTestRunner2/netcoreapp" className="WileyWidget.Tests.EnterpriseModelTests" name="Enterprise_MonthlyExpenses_Validation" />
    </UnitTest>
    <UnitTest name="WileyWidget.Tests.DatabaseIntegrationTests.GetByIdAsync_ReturnsNullForNonExistentId" storage="c:\users\biges\desktop\wiley_widget\wileywidget.tests\bin\release\net9.0-windows\wileywidget.tests.dll" id="7d89b2b7-2e04-1507-fb4c-fafb91c62761">
      <Execution id="9cd732b0-0e51-488e-b6ce-8d4bb77c24e9" />
      <TestMethod codeBase="C:\Users\biges\Desktop\Wiley_Widget\WileyWidget.Tests\bin\Release\net9.0-windows\WileyWidget.Tests.dll" adapterTypeName="executor://xunit/VsTestRunner2/netcoreapp" className="WileyWidget.Tests.DatabaseIntegrationTests" name="GetByIdAsync_ReturnsNullForNonExistentId" />
    </UnitTest>
    <UnitTest name="WileyWidget.Tests.DatabaseConfigurationTests.EnsureDatabaseCreatedAsync_SeedsDataCorrectly" storage="c:\users\biges\desktop\wiley_widget\wileywidget.tests\bin\release\net9.0-windows\wileywidget.tests.dll" id="f4174a06-6862-c4a5-f342-e402b6115247">
      <Execution id="73c9119b-3fbf-44d1-af67-8254adcbe060" />
      <TestMethod codeBase="C:\Users\biges\Desktop\Wiley_Widget\WileyWidget.Tests\bin\Release\net9.0-windows\WileyWidget.Tests.dll" adapterTypeName="executor://xunit/VsTestRunner2/netcoreapp" className="WileyWidget.Tests.DatabaseConfigurationTests" name="EnsureDatabaseCreatedAsync_SeedsDataCorrectly" />
    </UnitTest>
    <UnitTest name="WileyWidget.Tests.BudgetAnalyticsTests.BudgetInsights_IncludesCitizenAverageRevenue" storage="c:\users\biges\desktop\wiley_widget\wileywidget.tests\bin\release\net9.0-windows\wileywidget.tests.dll" id="be33b031-b799-d68d-9ac7-4be6a20a63bc">
      <Execution id="020d41fe-f198-4c02-848f-9b322f2e8c54" />
      <TestMethod codeBase="C:\Users\biges\Desktop\Wiley_Widget\WileyWidget.Tests\bin\Release\net9.0-windows\WileyWidget.Tests.dll" adapterTypeName="executor://xunit/VsTestRunner2/netcoreapp" className="WileyWidget.Tests.BudgetAnalyticsTests" name="BudgetInsights_IncludesCitizenAverageRevenue" />
    </UnitTest>
    <UnitTest name="WileyWidget.Tests.BudgetInteractionTests.BudgetInteraction_MonthlyAmount_Validation(amount: 0.01, shouldBeValid: True)" storage="c:\users\biges\desktop\wiley_widget\wileywidget.tests\bin\release\net9.0-windows\wileywidget.tests.dll" id="14845400-28d3-9a25-f969-c0ad7612b7de">
      <Execution id="fd51c6b6-c251-496f-99b7-3dc369a7fadc" />
      <TestMethod codeBase="C:\Users\biges\Desktop\Wiley_Widget\WileyWidget.Tests\bin\Release\net9.0-windows\WileyWidget.Tests.dll" adapterTypeName="executor://xunit/VsTestRunner2/netcoreapp" className="WileyWidget.Tests.BudgetInteractionTests" name="BudgetInteraction_MonthlyAmount_Validation" />
    </UnitTest>
    <UnitTest name="WileyWidget.Tests.WidgetTests.Widget_DisplayName_ReturnsCorrectFormat(name: &quot;Widget Name&quot;, sku: &quot;   &quot;, expected: &quot;Widget Name&quot;)" storage="c:\users\biges\desktop\wiley_widget\wileywidget.tests\bin\release\net9.0-windows\wileywidget.tests.dll" id="25b8fb25-b35c-750d-fc82-a043fadd7008">
      <Execution id="67b77ecf-5097-4a46-8915-71dab0610731" />
      <TestMethod codeBase="C:\Users\biges\Desktop\Wiley_Widget\WileyWidget.Tests\bin\Release\net9.0-windows\WileyWidget.Tests.dll" adapterTypeName="executor://xunit/VsTestRunner2/netcoreapp" className="WileyWidget.Tests.WidgetTests" name="Widget_DisplayName_ReturnsCorrectFormat" />
    </UnitTest>
    <UnitTest name="WileyWidget.Tests.DatabaseConfigurationTests.EnsureDatabaseCreatedAsync_WithMissingDbContext_ThrowsException" storage="c:\users\biges\desktop\wiley_widget\wileywidget.tests\bin\release\net9.0-windows\wileywidget.tests.dll" id="67d1af25-c91b-f470-e429-2abc11443142">
      <Execution id="884e40bf-6f3b-46b8-9b74-77e8433a4a31" />
      <TestMethod codeBase="C:\Users\biges\Desktop\Wiley_Widget\WileyWidget.Tests\bin\Release\net9.0-windows\WileyWidget.Tests.dll" adapterTypeName="executor://xunit/VsTestRunner2/netcoreapp" className="WileyWidget.Tests.DatabaseConfigurationTests" name="EnsureDatabaseCreatedAsync_WithMissingDbContext_ThrowsException" />
    </UnitTest>
    <UnitTest name="WileyWidget.Tests.WidgetTests.Widget_IsActive_CanBeSet(isActive: False)" storage="c:\users\biges\desktop\wiley_widget\wileywidget.tests\bin\release\net9.0-windows\wileywidget.tests.dll" id="c596acca-eaa8-2cfc-b6e4-d65d1f704c2d">
      <Execution id="1c62f76d-6cbe-427c-9ce3-e456ec76d47a" />
      <TestMethod codeBase="C:\Users\biges\Desktop\Wiley_Widget\WileyWidget.Tests\bin\Release\net9.0-windows\WileyWidget.Tests.dll" adapterTypeName="executor://xunit/VsTestRunner2/netcoreapp" className="WileyWidget.Tests.WidgetTests" name="Widget_IsActive_CanBeSet" />
    </UnitTest>
    <UnitTest name="WileyWidget.Tests.BudgetInteractionTests.BudgetInteraction_Notes_Validation(notes: null, shouldBeValid: True)" storage="c:\users\biges\desktop\wiley_widget\wileywidget.tests\bin\release\net9.0-windows\wileywidget.tests.dll" id="2b6d2d98-9ff2-0efc-9085-3c305df50a78">
      <Execution id="920fd6dc-6d7a-4a42-99f1-7ec5a5bce736" />
      <TestMethod codeBase="C:\Users\biges\Desktop\Wiley_Widget\WileyWidget.Tests\bin\Release\net9.0-windows\WileyWidget.Tests.dll" adapterTypeName="executor://xunit/VsTestRunner2/netcoreapp" className="WileyWidget.Tests.BudgetInteractionTests" name="BudgetInteraction_Notes_Validation" />
    </UnitTest>
    <UnitTest name="WileyWidget.Tests.EnterpriseModelTests.Enterprise_Name_Validation(name: &quot;A&quot;, shouldBeValid: True)" storage="c:\users\biges\desktop\wiley_widget\wileywidget.tests\bin\release\net9.0-windows\wileywidget.tests.dll" id="93bcc1b2-e756-be48-7f05-0eed9d834711">
      <Execution id="ed0189f9-3e91-40b5-8b26-4f364818c830" />
      <TestMethod codeBase="C:\Users\biges\Desktop\Wiley_Widget\WileyWidget.Tests\bin\Release\net9.0-windows\WileyWidget.Tests.dll" adapterTypeName="executor://xunit/VsTestRunner2/netcoreapp" className="WileyWidget.Tests.EnterpriseModelTests" name="Enterprise_Name_Validation" />
    </UnitTest>
    <UnitTest name="WileyWidget.Tests.MainViewModelTests.AddEnterpriseCommand_AddsNewEnterprise" storage="c:\users\biges\desktop\wiley_widget\wileywidget.tests\bin\release\net9.0-windows\wileywidget.tests.dll" id="9f5c146e-0566-da9b-266b-e05a1f45f5d6">
      <Execution id="dd6e472e-8f6e-4fcc-aa05-218d41d05cc5" />
      <TestMethod codeBase="C:\Users\biges\Desktop\Wiley_Widget\WileyWidget.Tests\bin\Release\net9.0-windows\WileyWidget.Tests.dll" adapterTypeName="executor://xunit/VsTestRunner2/netcoreapp" className="WileyWidget.Tests.MainViewModelTests" name="AddEnterpriseCommand_AddsNewEnterprise" />
    </UnitTest>
    <UnitTest name="WileyWidget.Tests.WidgetTests.Widget_MarkAsModified_UpdatesModifiedDate" storage="c:\users\biges\desktop\wiley_widget\wileywidget.tests\bin\release\net9.0-windows\wileywidget.tests.dll" id="d332a652-b311-2f6e-2247-c3ce44c290ae">
      <Execution id="605beb9b-4584-4364-88c4-92427fdf3ce8" />
      <TestMethod codeBase="C:\Users\biges\Desktop\Wiley_Widget\WileyWidget.Tests\bin\Release\net9.0-windows\WileyWidget.Tests.dll" adapterTypeName="executor://xunit/VsTestRunner2/netcoreapp" className="WileyWidget.Tests.WidgetTests" name="Widget_MarkAsModified_UpdatesModifiedDate" />
    </UnitTest>
    <UnitTest name="WileyWidget.Tests.EnterpriseTests.Enterprise_Name_Validation(name: null, shouldBeValid: False)" storage="c:\users\biges\desktop\wiley_widget\wileywidget.tests\bin\release\net9.0-windows\wileywidget.tests.dll" id="e82f29b2-da2d-1de7-97e4-1ecb0f1224d5">
      <Execution id="fba8d8dd-1f67-4f15-b3e5-008a31645f7e" />
      <TestMethod codeBase="C:\Users\biges\Desktop\Wiley_Widget\WileyWidget.Tests\bin\Release\net9.0-windows\WileyWidget.Tests.dll" adapterTypeName="executor://xunit/VsTestRunner2/netcoreapp" className="WileyWidget.Tests.EnterpriseTests" name="Enterprise_Name_Validation" />
    </UnitTest>
    <UnitTest name="WileyWidget.Tests.DatabaseIntegrationTests.GetAllAsync_ReturnsAllEnterprises" storage="c:\users\biges\desktop\wiley_widget\wileywidget.tests\bin\release\net9.0-windows\wileywidget.tests.dll" id="59a77b29-012a-7f31-5abd-f2349c80ceff">
      <Execution id="828a0ac5-7216-486b-8ad1-224ad2b0e0e6" />
      <TestMethod codeBase="C:\Users\biges\Desktop\Wiley_Widget\WileyWidget.Tests\bin\Release\net9.0-windows\WileyWidget.Tests.dll" adapterTypeName="executor://xunit/VsTestRunner2/netcoreapp" className="WileyWidget.Tests.DatabaseIntegrationTests" name="GetAllAsync_ReturnsAllEnterprises" />
    </UnitTest>
    <UnitTest name="WileyWidget.Tests.EnterpriseTests.Enterprise_CurrentRate_Validation(rate: 0, shouldBeValid: False)" storage="c:\users\biges\desktop\wiley_widget\wileywidget.tests\bin\release\net9.0-windows\wileywidget.tests.dll" id="418cae58-aba0-b522-845a-715b8b8313eb">
      <Execution id="3a7bb675-a05e-4665-99ae-b8d2b687eea5" />
      <TestMethod codeBase="C:\Users\biges\Desktop\Wiley_Widget\WileyWidget.Tests\bin\Release\net9.0-windows\WileyWidget.Tests.dll" adapterTypeName="executor://xunit/VsTestRunner2/netcoreapp" className="WileyWidget.Tests.EnterpriseTests" name="Enterprise_CurrentRate_Validation" />
    </UnitTest>
    <UnitTest name="WileyWidget.Tests.MainWindowUnitTests.ApplyWpfTheme_MethodExists" storage="c:\users\biges\desktop\wiley_widget\wileywidget.tests\bin\release\net9.0-windows\wileywidget.tests.dll" id="6fb64c30-f462-9da3-d1f6-08832453c990">
      <Execution id="ac29b82e-94ee-4d0d-93b5-52dc3612c1e5" />
      <TestMethod codeBase="C:\Users\biges\Desktop\Wiley_Widget\WileyWidget.Tests\bin\Release\net9.0-windows\WileyWidget.Tests.dll" adapterTypeName="executor://xunit/VsTestRunner2/netcoreapp" className="WileyWidget.Tests.MainWindowUnitTests" name="ApplyWpfTheme_MethodExists" />
    </UnitTest>
    <UnitTest name="WileyWidget.Tests.AppUnitTests.TryRegisterEmbeddedLicense_DefaultImplementation_ReturnsFalse" storage="c:\users\biges\desktop\wiley_widget\wileywidget.tests\bin\release\net9.0-windows\wileywidget.tests.dll" id="87640105-c887-14a1-6f10-e810209647b1">
      <Execution id="b90bf7f1-0456-459d-b20d-5c3d2ff6c00d" />
      <TestMethod codeBase="C:\Users\biges\Desktop\Wiley_Widget\WileyWidget.Tests\bin\Release\net9.0-windows\WileyWidget.Tests.dll" adapterTypeName="executor://xunit/VsTestRunner2/netcoreapp" className="WileyWidget.Tests.AppUnitTests" name="TryRegisterEmbeddedLicense_DefaultImplementation_ReturnsFalse" />
    </UnitTest>
    <UnitTest name="WileyWidget.Tests.MainViewModelTests.Widgets_Collection_IsObservable" storage="c:\users\biges\desktop\wiley_widget\wileywidget.tests\bin\release\net9.0-windows\wileywidget.tests.dll" id="ed2fc56e-1956-21e4-fa3d-840c8fe46677">
      <Execution id="36f3e375-aa78-48bc-9dd7-61c0a2e3be6e" />
      <TestMethod codeBase="C:\Users\biges\Desktop\Wiley_Widget\WileyWidget.Tests\bin\Release\net9.0-windows\WileyWidget.Tests.dll" adapterTypeName="executor://xunit/VsTestRunner2/netcoreapp" className="WileyWidget.Tests.MainViewModelTests" name="Widgets_Collection_IsObservable" />
    </UnitTest>
    <UnitTest name="WileyWidget.Tests.EnterpriseTests.Enterprise_Creation_WithValidData_Succeeds" storage="c:\users\biges\desktop\wiley_widget\wileywidget.tests\bin\release\net9.0-windows\wileywidget.tests.dll" id="e347da39-e3d7-9818-2827-c6fcf2b4c69d">
      <Execution id="2a860e9a-863d-4519-ad4c-ece73d004d8f" />
      <TestMethod codeBase="C:\Users\biges\Desktop\Wiley_Widget\WileyWidget.Tests\bin\Release\net9.0-windows\WileyWidget.Tests.dll" adapterTypeName="executor://xunit/VsTestRunner2/netcoreapp" className="WileyWidget.Tests.EnterpriseTests" name="Enterprise_Creation_WithValidData_Succeeds" />
    </UnitTest>
    <UnitTest name="WileyWidget.Tests.DatabaseIntegrationTests.Repository_HandlesCalculatedPropertiesCorrectly" storage="c:\users\biges\desktop\wiley_widget\wileywidget.tests\bin\release\net9.0-windows\wileywidget.tests.dll" id="6f8045c6-6937-39f1-af17-4e72f663e3b7">
      <Execution id="af0928d5-7ea7-4bb1-a1e7-2641567b882b" />
      <TestMethod codeBase="C:\Users\biges\Desktop\Wiley_Widget\WileyWidget.Tests\bin\Release\net9.0-windows\WileyWidget.Tests.dll" adapterTypeName="executor://xunit/VsTestRunner2/netcoreapp" className="WileyWidget.Tests.DatabaseIntegrationTests" name="Repository_HandlesCalculatedPropertiesCorrectly" />
    </UnitTest>
    <UnitTest name="WileyWidget.Tests.EnterpriseTests.Enterprise_DefaultValues_AreSetCorrectly" storage="c:\users\biges\desktop\wiley_widget\wileywidget.tests\bin\release\net9.0-windows\wileywidget.tests.dll" id="cc0265d4-60a7-3f55-fdff-2713f678dbad">
      <Execution id="9e8928bb-bd5c-4385-a00c-66afe26dfd0e" />
      <TestMethod codeBase="C:\Users\biges\Desktop\Wiley_Widget\WileyWidget.Tests\bin\Release\net9.0-windows\WileyWidget.Tests.dll" adapterTypeName="executor://xunit/VsTestRunner2/netcoreapp" className="WileyWidget.Tests.EnterpriseTests" name="Enterprise_DefaultValues_AreSetCorrectly" />
    </UnitTest>
    <UnitTest name="WileyWidget.Tests.EnterpriseTests.Enterprise_CalculatedProperties_WorkCorrectly(currentRate: 2, citizenCount: 500, expenses: 1000, expectedBalance: 0)" storage="c:\users\biges\desktop\wiley_widget\wileywidget.tests\bin\release\net9.0-windows\wileywidget.tests.dll" id="90cb2182-2da9-b142-9e98-2812635b6bad">
      <Execution id="cb001d3f-b1f5-4074-9b5a-8da8abfc609f" />
      <TestMethod codeBase="C:\Users\biges\Desktop\Wiley_Widget\WileyWidget.Tests\bin\Release\net9.0-windows\WileyWidget.Tests.dll" adapterTypeName="executor://xunit/VsTestRunner2/netcoreapp" className="WileyWidget.Tests.EnterpriseTests" name="Enterprise_CalculatedProperties_WorkCorrectly" />
    </UnitTest>
    <UnitTest name="WileyWidget.Tests.AppUnitTests.ConfigureGlobalExceptionHandling_SetsUpHandlers" storage="c:\users\biges\desktop\wiley_widget\wileywidget.tests\bin\release\net9.0-windows\wileywidget.tests.dll" id="888d2b50-7b6d-6c90-d0fe-ec32083e79d4">
      <Execution id="c9fd5456-9d09-4cdf-b2b2-4ffd7852683e" />
      <TestMethod codeBase="C:\Users\biges\Desktop\Wiley_Widget\WileyWidget.Tests\bin\Release\net9.0-windows\WileyWidget.Tests.dll" adapterTypeName="executor://xunit/VsTestRunner2/netcoreapp" className="WileyWidget.Tests.AppUnitTests" name="ConfigureGlobalExceptionHandling_SetsUpHandlers" />
    </UnitTest>
    <UnitTest name="WileyWidget.Tests.WidgetTests.Widget_DisplayName_ReturnsCorrectFormat(name: &quot;Widget Name&quot;, sku: null, expected: &quot;Widget Name&quot;)" storage="c:\users\biges\desktop\wiley_widget\wileywidget.tests\bin\release\net9.0-windows\wileywidget.tests.dll" id="510fe505-3d5e-fa04-5438-1019c48dc099">
      <Execution id="e12ff9e4-a496-44e8-9f15-3bb86f1f55d6" />
      <TestMethod codeBase="C:\Users\biges\Desktop\Wiley_Widget\WileyWidget.Tests\bin\Release\net9.0-windows\WileyWidget.Tests.dll" adapterTypeName="executor://xunit/VsTestRunner2/netcoreapp" className="WileyWidget.Tests.WidgetTests" name="Widget_DisplayName_ReturnsCorrectFormat" />
    </UnitTest>
    <UnitTest name="WileyWidget.Tests.AppUnitTests.RegisterSyncfusionLicense_WithNullConfig_HandlesGracefully" storage="c:\users\biges\desktop\wiley_widget\wileywidget.tests\bin\release\net9.0-windows\wileywidget.tests.dll" id="97486250-1fe8-66a0-17d4-9ab973b2b619">
      <Execution id="40b2e168-ff0a-45bc-b71a-1eff114756d1" />
      <TestMethod codeBase="C:\Users\biges\Desktop\Wiley_Widget\WileyWidget.Tests\bin\Release\net9.0-windows\WileyWidget.Tests.dll" adapterTypeName="executor://xunit/VsTestRunner2/netcoreapp" className="WileyWidget.Tests.AppUnitTests" name="RegisterSyncfusionLicense_WithNullConfig_HandlesGracefully" />
    </UnitTest>
    <UnitTest name="WileyWidget.Tests.SettingsServiceTests.SettingsService_Current_IsNotNull" storage="c:\users\biges\desktop\wiley_widget\wileywidget.tests\bin\release\net9.0-windows\wileywidget.tests.dll" id="a870daa8-df1f-ef82-e638-57d5f0b05d91">
      <Execution id="688dbe44-1a94-4c31-a894-45a73958875d" />
      <TestMethod codeBase="C:\Users\biges\Desktop\Wiley_Widget\WileyWidget.Tests\bin\Release\net9.0-windows\WileyWidget.Tests.dll" adapterTypeName="executor://xunit/VsTestRunner2/netcoreapp" className="WileyWidget.Tests.SettingsServiceTests" name="SettingsService_Current_IsNotNull" />
    </UnitTest>
    <UnitTest name="WileyWidget.Tests.WidgetTests.Widget_Price_Validation(price: 0, shouldBeValid: False)" storage="c:\users\biges\desktop\wiley_widget\wileywidget.tests\bin\release\net9.0-windows\wileywidget.tests.dll" id="69a6cf07-6d56-fd82-65cd-93be98d990d5">
      <Execution id="1e150596-caf5-491b-95e4-b3f63e352302" />
      <TestMethod codeBase="C:\Users\biges\Desktop\Wiley_Widget\WileyWidget.Tests\bin\Release\net9.0-windows\WileyWidget.Tests.dll" adapterTypeName="executor://xunit/VsTestRunner2/netcoreapp" className="WileyWidget.Tests.WidgetTests" name="Widget_Price_Validation" />
    </UnitTest>
    <UnitTest name="WileyWidget.Tests.AppUnitTests.RegisterSyncfusionLicense_WithPlaceholderConfigKey_FallsBackToEnvironment" storage="c:\users\biges\desktop\wiley_widget\wileywidget.tests\bin\release\net9.0-windows\wileywidget.tests.dll" id="2eed4695-e3e7-5a59-502b-92e7e53fb8f1">
      <Execution id="fd9aa307-e065-47a9-9642-343aeeb554b6" />
      <TestMethod codeBase="C:\Users\biges\Desktop\Wiley_Widget\WileyWidget.Tests\bin\Release\net9.0-windows\WileyWidget.Tests.dll" adapterTypeName="executor://xunit/VsTestRunner2/netcoreapp" className="WileyWidget.Tests.AppUnitTests" name="RegisterSyncfusionLicense_WithPlaceholderConfigKey_FallsBackToEnvironment" />
    </UnitTest>
    <UnitTest name="WileyWidget.Tests.WidgetTests.Widget_Quantity_Validation(quantity: 0, shouldBeValid: True)" storage="c:\users\biges\desktop\wiley_widget\wileywidget.tests\bin\release\net9.0-windows\wileywidget.tests.dll" id="c0f826c4-a2e8-a2fe-55fc-c1924806102d">
      <Execution id="ca4fe0fe-01bd-4afa-b129-82219ae97db0" />
      <TestMethod codeBase="C:\Users\biges\Desktop\Wiley_Widget\WileyWidget.Tests\bin\Release\net9.0-windows\WileyWidget.Tests.dll" adapterTypeName="executor://xunit/VsTestRunner2/netcoreapp" className="WileyWidget.Tests.WidgetTests" name="Widget_Quantity_Validation" />
    </UnitTest>
    <UnitTest name="WileyWidget.Tests.EnterpriseModelTests.Enterprise_Name_Validation(name: &quot;&quot;, shouldBeValid: False)" storage="c:\users\biges\desktop\wiley_widget\wileywidget.tests\bin\release\net9.0-windows\wileywidget.tests.dll" id="10b1ef9a-89d0-7820-4fdf-06d433c43486">
      <Execution id="7a6a9b10-093b-48ea-a82d-3b58ac4380bb" />
      <TestMethod codeBase="C:\Users\biges\Desktop\Wiley_Widget\WileyWidget.Tests\bin\Release\net9.0-windows\WileyWidget.Tests.dll" adapterTypeName="executor://xunit/VsTestRunner2/netcoreapp" className="WileyWidget.Tests.EnterpriseModelTests" name="Enterprise_Name_Validation" />
    </UnitTest>
    <UnitTest name="WileyWidget.Tests.EnterpriseModelTests.Enterprise_BudgetStatus_ReturnsCorrectStatus(revenue: 2000, expenses: 2500, expectedStatus: &quot;Deficit&quot;)" storage="c:\users\biges\desktop\wiley_widget\wileywidget.tests\bin\release\net9.0-windows\wileywidget.tests.dll" id="8d616601-23ef-0d6f-a99d-c5f9d126d4fa">
      <Execution id="e6439103-13bc-4140-9b4c-35829d0ea5d1" />
      <TestMethod codeBase="C:\Users\biges\Desktop\Wiley_Widget\WileyWidget.Tests\bin\Release\net9.0-windows\WileyWidget.Tests.dll" adapterTypeName="executor://xunit/VsTestRunner2/netcoreapp" className="WileyWidget.Tests.EnterpriseModelTests" name="Enterprise_BudgetStatus_ReturnsCorrectStatus" />
    </UnitTest>
    <UnitTest name="WileyWidget.Tests.EnterpriseTests.Enterprise_CalculatedProperties_WorkCorrectly(currentRate: 0.5, citizenCount: 1000, expenses: 1000, expectedBalance: -500)" storage="c:\users\biges\desktop\wiley_widget\wileywidget.tests\bin\release\net9.0-windows\wileywidget.tests.dll" id="4f96b557-5805-2ffc-7a99-6d790882f18b">
      <Execution id="ab0dec92-344c-49f1-b4f4-2c21497f88b9" />
      <TestMethod codeBase="C:\Users\biges\Desktop\Wiley_Widget\WileyWidget.Tests\bin\Release\net9.0-windows\WileyWidget.Tests.dll" adapterTypeName="executor://xunit/VsTestRunner2/netcoreapp" className="WileyWidget.Tests.EnterpriseTests" name="Enterprise_CalculatedProperties_WorkCorrectly" />
    </UnitTest>
    <UnitTest name="WileyWidget.Tests.DatabaseConfigurationTests.EnsureDatabaseCreatedAsync_WithMissingSeeder_ThrowsException" storage="c:\users\biges\desktop\wiley_widget\wileywidget.tests\bin\release\net9.0-windows\wileywidget.tests.dll" id="dd77f057-e1e9-d9f4-cea3-7509791bffd8">
      <Execution id="b599e2a0-41bc-4aca-a5db-0f58e3d877ff" />
      <TestMethod codeBase="C:\Users\biges\Desktop\Wiley_Widget\WileyWidget.Tests\bin\Release\net9.0-windows\WileyWidget.Tests.dll" adapterTypeName="executor://xunit/VsTestRunner2/netcoreapp" className="WileyWidget.Tests.DatabaseConfigurationTests" name="EnsureDatabaseCreatedAsync_WithMissingSeeder_ThrowsException" />
    </UnitTest>
    <UnitTest name="WileyWidget.Tests.BudgetAnalyticsTests.BudgetMetrics_CalculatesMonthlyBalanceCorrectly" storage="c:\users\biges\desktop\wiley_widget\wileywidget.tests\bin\release\net9.0-windows\wileywidget.tests.dll" id="3c697a19-d738-59c1-c19c-a483654a946e">
      <Execution id="25a37799-5d1b-4691-8fe3-b93810644a8e" />
      <TestMethod codeBase="C:\Users\biges\Desktop\Wiley_Widget\WileyWidget.Tests\bin\Release\net9.0-windows\WileyWidget.Tests.dll" adapterTypeName="executor://xunit/VsTestRunner2/netcoreapp" className="WileyWidget.Tests.BudgetAnalyticsTests" name="BudgetMetrics_CalculatesMonthlyBalanceCorrectly" />
    </UnitTest>
    <UnitTest name="WileyWidget.Tests.DatabaseIntegrationTests.Repository_CalculatesBalanceCorrectly" storage="c:\users\biges\desktop\wiley_widget\wileywidget.tests\bin\release\net9.0-windows\wileywidget.tests.dll" id="31f7b449-2a75-9290-2b1b-c1e2846a3973">
      <Execution id="34c4daa0-9e7b-47b0-bc3c-e88dbfa929d6" />
      <TestMethod codeBase="C:\Users\biges\Desktop\Wiley_Widget\WileyWidget.Tests\bin\Release\net9.0-windows\WileyWidget.Tests.dll" adapterTypeName="executor://xunit/VsTestRunner2/netcoreapp" className="WileyWidget.Tests.DatabaseIntegrationTests" name="Repository_CalculatesBalanceCorrectly" />
    </UnitTest>
    <UnitTest name="WileyWidget.Tests.EnterpriseModelTests.Enterprise_CitizenCount_Validation(citizenCount: 1, shouldBeValid: True)" storage="c:\users\biges\desktop\wiley_widget\wileywidget.tests\bin\release\net9.0-windows\wileywidget.tests.dll" id="3df038af-1fe3-8eba-40c5-e3791363704f">
      <Execution id="dad5bf77-992d-421b-95f7-a15c36af893b" />
      <TestMethod codeBase="C:\Users\biges\Desktop\Wiley_Widget\WileyWidget.Tests\bin\Release\net9.0-windows\WileyWidget.Tests.dll" adapterTypeName="executor://xunit/VsTestRunner2/netcoreapp" className="WileyWidget.Tests.EnterpriseModelTests" name="Enterprise_CitizenCount_Validation" />
    </UnitTest>
    <UnitTest name="WileyWidget.Tests.WidgetTests.Widget_DefaultValues_AreCorrect" storage="c:\users\biges\desktop\wiley_widget\wileywidget.tests\bin\release\net9.0-windows\wileywidget.tests.dll" id="174a61b8-26c2-f00a-4147-e3f64821944b">
      <Execution id="a508fff0-ab2b-49df-a3bf-878e04edad2b" />
      <TestMethod codeBase="C:\Users\biges\Desktop\Wiley_Widget\WileyWidget.Tests\bin\Release\net9.0-windows\WileyWidget.Tests.dll" adapterTypeName="executor://xunit/VsTestRunner2/netcoreapp" className="WileyWidget.Tests.WidgetTests" name="Widget_DefaultValues_AreCorrect" />
    </UnitTest>
    <UnitTest name="WileyWidget.Tests.MainViewModelTests.SelectedWidget_PropertyChange_Notification" storage="c:\users\biges\desktop\wiley_widget\wileywidget.tests\bin\release\net9.0-windows\wileywidget.tests.dll" id="7246089f-63b6-7ef4-dd1c-f0a97a0cbf37">
      <Execution id="90e13ea8-7915-48af-bd76-d7a9666d725b" />
      <TestMethod codeBase="C:\Users\biges\Desktop\Wiley_Widget\WileyWidget.Tests\bin\Release\net9.0-windows\WileyWidget.Tests.dll" adapterTypeName="executor://xunit/VsTestRunner2/netcoreapp" className="WileyWidget.Tests.MainViewModelTests" name="SelectedWidget_PropertyChange_Notification" />
    </UnitTest>
    <UnitTest name="WileyWidget.Tests.WidgetTests.Widget_Name_Validation(name: &quot;A&quot;, shouldBeValid: True)" storage="c:\users\biges\desktop\wiley_widget\wileywidget.tests\bin\release\net9.0-windows\wileywidget.tests.dll" id="5903b2e2-620c-d805-6dec-cff9749cf54d">
      <Execution id="3f0677ec-899d-4bd7-b1dd-b7f96f5a4121" />
      <TestMethod codeBase="C:\Users\biges\Desktop\Wiley_Widget\WileyWidget.Tests\bin\Release\net9.0-windows\WileyWidget.Tests.dll" adapterTypeName="executor://xunit/VsTestRunner2/netcoreapp" className="WileyWidget.Tests.WidgetTests" name="Widget_Name_Validation" />
    </UnitTest>
    <UnitTest name="WileyWidget.Tests.EnterpriseDatabaseTests.InsertEnterprise_DataIsInsertedCorrectly_UsingDirectConnection" storage="c:\users\biges\desktop\wiley_widget\wileywidget.tests\bin\release\net9.0-windows\wileywidget.tests.dll" id="f1c4230d-c873-a695-bf0b-dd9c7f8ad220">
      <Execution id="e7607aa4-a1a8-4e39-8724-c5f0ebd05101" />
      <TestMethod codeBase="C:\Users\biges\Desktop\Wiley_Widget\WileyWidget.Tests\bin\Release\net9.0-windows\WileyWidget.Tests.dll" adapterTypeName="executor://xunit/VsTestRunner2/netcoreapp" className="WileyWidget.Tests.EnterpriseDatabaseTests" name="InsertEnterprise_DataIsInsertedCorrectly_UsingDirectConnection" />
    </UnitTest>
    <UnitTest name="WileyWidget.Tests.DatabaseConfigurationTests.EnsureDatabaseCreatedAsync_SeedingIdempotency" storage="c:\users\biges\desktop\wiley_widget\wileywidget.tests\bin\release\net9.0-windows\wileywidget.tests.dll" id="0d55a627-fd9d-8340-fffa-8d6e51b78a92">
      <Execution id="5ec067e5-ee00-4225-801b-8c6e69fde461" />
      <TestMethod codeBase="C:\Users\biges\Desktop\Wiley_Widget\WileyWidget.Tests\bin\Release\net9.0-windows\WileyWidget.Tests.dll" adapterTypeName="executor://xunit/VsTestRunner2/netcoreapp" className="WileyWidget.Tests.DatabaseConfigurationTests" name="EnsureDatabaseCreatedAsync_SeedingIdempotency" />
    </UnitTest>
    <UnitTest name="WileyWidget.Tests.MainViewModelTests.Enterprises_Collection_IsObservable" storage="c:\users\biges\desktop\wiley_widget\wileywidget.tests\bin\release\net9.0-windows\wileywidget.tests.dll" id="d621bb97-a6a4-4797-ce4f-9813ccfba719">
      <Execution id="2a729238-5c2d-43ad-8356-deed9f31b3b8" />
      <TestMethod codeBase="C:\Users\biges\Desktop\Wiley_Widget\WileyWidget.Tests\bin\Release\net9.0-windows\WileyWidget.Tests.dll" adapterTypeName="executor://xunit/VsTestRunner2/netcoreapp" className="WileyWidget.Tests.MainViewModelTests" name="Enterprises_Collection_IsObservable" />
    </UnitTest>
    <UnitTest name="WileyWidget.Tests.BudgetAnalyticsTests.BudgetMetrics_ReturnsCorrectStatus_BreakEven" storage="c:\users\biges\desktop\wiley_widget\wileywidget.tests\bin\release\net9.0-windows\wileywidget.tests.dll" id="19841e8f-f411-41cb-ae2b-9bc38aa5560d">
      <Execution id="652ff248-ac6d-463c-b8b9-f03e0e1df938" />
      <TestMethod codeBase="C:\Users\biges\Desktop\Wiley_Widget\WileyWidget.Tests\bin\Release\net9.0-windows\WileyWidget.Tests.dll" adapterTypeName="executor://xunit/VsTestRunner2/netcoreapp" className="WileyWidget.Tests.BudgetAnalyticsTests" name="BudgetMetrics_ReturnsCorrectStatus_BreakEven" />
    </UnitTest>
    <UnitTest name="WileyWidget.Tests.AppUnitTests.ConfigureLogging_SetsUpLoggerCorrectly" storage="c:\users\biges\desktop\wiley_widget\wileywidget.tests\bin\release\net9.0-windows\wileywidget.tests.dll" id="ef0f0bc6-05a9-f4ec-9eaa-324bcd7d0328">
      <Execution id="34ce83e8-5a89-4dee-a7c6-f93641637b7c" />
      <TestMethod codeBase="C:\Users\biges\Desktop\Wiley_Widget\WileyWidget.Tests\bin\Release\net9.0-windows\WileyWidget.Tests.dll" adapterTypeName="executor://xunit/VsTestRunner2/netcoreapp" className="WileyWidget.Tests.AppUnitTests" name="ConfigureLogging_SetsUpLoggerCorrectly" />
    </UnitTest>
    <UnitTest name="WileyWidget.Tests.EnterpriseModelTests.Enterprise_MonthlyRevenue_CalculatesCorrectly" storage="c:\users\biges\desktop\wiley_widget\wileywidget.tests\bin\release\net9.0-windows\wileywidget.tests.dll" id="3f32ff24-dbe4-5b18-602e-bcc79c03a51a">
      <Execution id="1871382b-3cb7-4adc-8851-df59b46a9962" />
      <TestMethod codeBase="C:\Users\biges\Desktop\Wiley_Widget\WileyWidget.Tests\bin\Release\net9.0-windows\WileyWidget.Tests.dll" adapterTypeName="executor://xunit/VsTestRunner2/netcoreapp" className="WileyWidget.Tests.EnterpriseModelTests" name="Enterprise_MonthlyRevenue_CalculatesCorrectly" />
    </UnitTest>
    <UnitTest name="WileyWidget.Tests.DatabaseConfigurationTests.AddDatabaseServices_ConnectionStringVariations(connectionString: null)" storage="c:\users\biges\desktop\wiley_widget\wileywidget.tests\bin\release\net9.0-windows\wileywidget.tests.dll" id="1f08a6ae-d40a-f06a-8f73-f4bc296dbdea">
      <Execution id="83313c34-38da-440a-a10a-37154ee75571" />
      <TestMethod codeBase="C:\Users\biges\Desktop\Wiley_Widget\WileyWidget.Tests\bin\Release\net9.0-windows\WileyWidget.Tests.dll" adapterTypeName="executor://xunit/VsTestRunner2/netcoreapp" className="WileyWidget.Tests.DatabaseConfigurationTests" name="AddDatabaseServices_ConnectionStringVariations" />
    </UnitTest>
    <UnitTest name="WileyWidget.Tests.DatabaseIntegrationTests.Repository_ValidatesRequiredFields" storage="c:\users\biges\desktop\wiley_widget\wileywidget.tests\bin\release\net9.0-windows\wileywidget.tests.dll" id="97655ffa-dca1-a12a-5ad2-019d9211febe">
      <Execution id="b0c48863-1a41-4baa-9a3c-1fa7a4608252" />
      <TestMethod codeBase="C:\Users\biges\Desktop\Wiley_Widget\WileyWidget.Tests\bin\Release\net9.0-windows\WileyWidget.Tests.dll" adapterTypeName="executor://xunit/VsTestRunner2/netcoreapp" className="WileyWidget.Tests.DatabaseIntegrationTests" name="Repository_ValidatesRequiredFields" />
    </UnitTest>
    <UnitTest name="WileyWidget.Tests.SettingsServiceTests.SettingsService_Migration_QuickBooksToQbo_Works" storage="c:\users\biges\desktop\wiley_widget\wileywidget.tests\bin\release\net9.0-windows\wileywidget.tests.dll" id="abe5bbbb-5c34-074f-41c7-88d40b3e23b8">
      <Execution id="3bae0f54-750a-443f-99e9-4e70ad752e3d" />
      <TestMethod codeBase="C:\Users\biges\Desktop\Wiley_Widget\WileyWidget.Tests\bin\Release\net9.0-windows\WileyWidget.Tests.dll" adapterTypeName="executor://xunit/VsTestRunner2/netcoreapp" className="WileyWidget.Tests.SettingsServiceTests" name="SettingsService_Migration_QuickBooksToQbo_Works" />
    </UnitTest>
    <UnitTest name="WileyWidget.Tests.BudgetAnalyticsTests.BudgetMetrics_StatusBackground_ReturnsCorrectColor" storage="c:\users\biges\desktop\wiley_widget\wileywidget.tests\bin\release\net9.0-windows\wileywidget.tests.dll" id="59042f06-6aea-38ed-f31b-f481b684060f">
      <Execution id="12a66cb3-71ba-4c89-9d29-697104820675" />
      <TestMethod codeBase="C:\Users\biges\Desktop\Wiley_Widget\WileyWidget.Tests\bin\Release\net9.0-windows\WileyWidget.Tests.dll" adapterTypeName="executor://xunit/VsTestRunner2/netcoreapp" className="WileyWidget.Tests.BudgetAnalyticsTests" name="BudgetMetrics_StatusBackground_ReturnsCorrectColor" />
    </UnitTest>
    <UnitTest name="WileyWidget.Tests.BudgetInteractionTests.BudgetInteraction_Description_Validation(description: &quot;&quot;, shouldBeValid: False)" storage="c:\users\biges\desktop\wiley_widget\wileywidget.tests\bin\release\net9.0-windows\wileywidget.tests.dll" id="d952c50c-d956-1f7c-9b09-2b7891193ead">
      <Execution id="7bc89d55-93a9-4e5a-9a8b-03eefe006250" />
      <TestMethod codeBase="C:\Users\biges\Desktop\Wiley_Widget\WileyWidget.Tests\bin\Release\net9.0-windows\WileyWidget.Tests.dll" adapterTypeName="executor://xunit/VsTestRunner2/netcoreapp" className="WileyWidget.Tests.BudgetInteractionTests" name="BudgetInteraction_Description_Validation" />
    </UnitTest>
    <UnitTest name="WileyWidget.Tests.DatabaseIntegrationTests.Repository_EnforcesRateConstraints" storage="c:\users\biges\desktop\wiley_widget\wileywidget.tests\bin\release\net9.0-windows\wileywidget.tests.dll" id="168ae476-6639-8347-6432-3fafc0d8f784">
      <Execution id="31d1e416-a33d-4e93-8238-8559c25059c1" />
      <TestMethod codeBase="C:\Users\biges\Desktop\Wiley_Widget\WileyWidget.Tests\bin\Release\net9.0-windows\WileyWidget.Tests.dll" adapterTypeName="executor://xunit/VsTestRunner2/netcoreapp" className="WileyWidget.Tests.DatabaseIntegrationTests" name="Repository_EnforcesRateConstraints" />
    </UnitTest>
    <UnitTest name="WileyWidget.Tests.DatabaseConfigurationTests.EnsureDatabaseCreatedAsync_ErrorHandling_WithInvalidConnection" storage="c:\users\biges\desktop\wiley_widget\wileywidget.tests\bin\release\net9.0-windows\wileywidget.tests.dll" id="902c438e-0da5-711b-13f6-74a2b1da3f5a">
      <Execution id="8392bb92-666b-4662-b376-9fdf53270e32" />
      <TestMethod codeBase="C:\Users\biges\Desktop\Wiley_Widget\WileyWidget.Tests\bin\Release\net9.0-windows\WileyWidget.Tests.dll" adapterTypeName="executor://xunit/VsTestRunner2/netcoreapp" className="WileyWidget.Tests.DatabaseConfigurationTests" name="EnsureDatabaseCreatedAsync_ErrorHandling_WithInvalidConnection" />
    </UnitTest>
    <UnitTest name="WileyWidget.Tests.MainViewModelTests.SelectNextCommand_SelectsNextWidget" storage="c:\users\biges\desktop\wiley_widget\wileywidget.tests\bin\release\net9.0-windows\wileywidget.tests.dll" id="d72bcf70-eede-0359-7f9b-84883d87f42f">
      <Execution id="29441af4-6ba6-498a-8d27-da17080489fe" />
      <TestMethod codeBase="C:\Users\biges\Desktop\Wiley_Widget\WileyWidget.Tests\bin\Release\net9.0-windows\WileyWidget.Tests.dll" adapterTypeName="executor://xunit/VsTestRunner2/netcoreapp" className="WileyWidget.Tests.MainViewModelTests" name="SelectNextCommand_SelectsNextWidget" />
    </UnitTest>
    <UnitTest name="WileyWidget.Tests.BudgetInteractionTests.BudgetInteraction_MonthlyAmount_Validation(amount: 1000.99, shouldBeValid: True)" storage="c:\users\biges\desktop\wiley_widget\wileywidget.tests\bin\release\net9.0-windows\wileywidget.tests.dll" id="40d7657d-f657-0f30-1e57-f9b4790fea1e">
      <Execution id="53d0aadc-cbbd-499b-ac23-ee2a260e3c8c" />
      <TestMethod codeBase="C:\Users\biges\Desktop\Wiley_Widget\WileyWidget.Tests\bin\Release\net9.0-windows\WileyWidget.Tests.dll" adapterTypeName="executor://xunit/VsTestRunner2/netcoreapp" className="WileyWidget.Tests.BudgetInteractionTests" name="BudgetInteraction_MonthlyAmount_Validation" />
    </UnitTest>
    <UnitTest name="WileyWidget.Tests.WidgetTests.Widget_Category_AcceptsVariousValues(category: &quot;Books&quot;)" storage="c:\users\biges\desktop\wiley_widget\wileywidget.tests\bin\release\net9.0-windows\wileywidget.tests.dll" id="974b0525-eec9-9c0d-84c0-1e28bcdfdce9">
      <Execution id="0d66a333-d525-4b80-ac54-d62d4aed29ea" />
      <TestMethod codeBase="C:\Users\biges\Desktop\Wiley_Widget\WileyWidget.Tests\bin\Release\net9.0-windows\WileyWidget.Tests.dll" adapterTypeName="executor://xunit/VsTestRunner2/netcoreapp" className="WileyWidget.Tests.WidgetTests" name="Widget_Category_AcceptsVariousValues" />
    </UnitTest>
    <UnitTest name="WileyWidget.Tests.DatabaseConfigurationTests.EnsureDatabaseCreatedAsync_AppliesMigrations" storage="c:\users\biges\desktop\wiley_widget\wileywidget.tests\bin\release\net9.0-windows\wileywidget.tests.dll" id="1663b73b-6287-a4b0-edce-f88f858df2aa">
      <Execution id="5966a7de-dd56-4522-8074-5435dde6b67b" />
      <TestMethod codeBase="C:\Users\biges\Desktop\Wiley_Widget\WileyWidget.Tests\bin\Release\net9.0-windows\WileyWidget.Tests.dll" adapterTypeName="executor://xunit/VsTestRunner2/netcoreapp" className="WileyWidget.Tests.DatabaseConfigurationTests" name="EnsureDatabaseCreatedAsync_AppliesMigrations" />
    </UnitTest>
    <UnitTest name="WileyWidget.Tests.EnterpriseModelTests.Enterprise_CitizenCount_Validation(citizenCount: 0, shouldBeValid: False)" storage="c:\users\biges\desktop\wiley_widget\wileywidget.tests\bin\release\net9.0-windows\wileywidget.tests.dll" id="73c56291-a896-78c5-1d0e-13918f0ef198">
      <Execution id="2361432d-57ef-4fe9-9839-69ed551d6c48" />
      <TestMethod codeBase="C:\Users\biges\Desktop\Wiley_Widget\WileyWidget.Tests\bin\Release\net9.0-windows\WileyWidget.Tests.dll" adapterTypeName="executor://xunit/VsTestRunner2/netcoreapp" className="WileyWidget.Tests.EnterpriseModelTests" name="Enterprise_CitizenCount_Validation" />
    </UnitTest>
    <UnitTest name="WileyWidget.Tests.DatabaseIntegrationTests.DeleteAsync_RemovesEnterpriseFromDatabase" storage="c:\users\biges\desktop\wiley_widget\wileywidget.tests\bin\release\net9.0-windows\wileywidget.tests.dll" id="9c4061d1-7b4d-72a8-5d62-324df6948592">
      <Execution id="4d41c48d-96b4-498f-8016-8c97761cc413" />
      <TestMethod codeBase="C:\Users\biges\Desktop\Wiley_Widget\WileyWidget.Tests\bin\Release\net9.0-windows\WileyWidget.Tests.dll" adapterTypeName="executor://xunit/VsTestRunner2/netcoreapp" className="WileyWidget.Tests.DatabaseIntegrationTests" name="DeleteAsync_RemovesEnterpriseFromDatabase" />
    </UnitTest>
    <UnitTest name="WileyWidget.Tests.DatabaseIntegrationTests.Repository_EnforcesCitizenCountConstraints" storage="c:\users\biges\desktop\wiley_widget\wileywidget.tests\bin\release\net9.0-windows\wileywidget.tests.dll" id="a590d7ab-a37d-241b-b41d-e926aae9e190">
      <Execution id="7f526bb8-791c-4004-864d-f240e9016e32" />
      <TestMethod codeBase="C:\Users\biges\Desktop\Wiley_Widget\WileyWidget.Tests\bin\Release\net9.0-windows\WileyWidget.Tests.dll" adapterTypeName="executor://xunit/VsTestRunner2/netcoreapp" className="WileyWidget.Tests.DatabaseIntegrationTests" name="Repository_EnforcesCitizenCountConstraints" />
    </UnitTest>
    <UnitTest name="WileyWidget.Tests.MainViewModelTests.QuickBooksCustomers_Collection_IsObservable" storage="c:\users\biges\desktop\wiley_widget\wileywidget.tests\bin\release\net9.0-windows\wileywidget.tests.dll" id="8b1e5a88-d61f-8bfb-af7a-001ec194b46c">
      <Execution id="69cbaa08-8722-4ca7-ba77-3f79046b1b73" />
      <TestMethod codeBase="C:\Users\biges\Desktop\Wiley_Widget\WileyWidget.Tests\bin\Release\net9.0-windows\WileyWidget.Tests.dll" adapterTypeName="executor://xunit/VsTestRunner2/netcoreapp" className="WileyWidget.Tests.MainViewModelTests" name="QuickBooksCustomers_Collection_IsObservable" />
    </UnitTest>
    <UnitTest name="WileyWidget.Tests.EnterpriseModelTests.Enterprise_CitizenCount_Validation(citizenCount: -1, shouldBeValid: False)" storage="c:\users\biges\desktop\wiley_widget\wileywidget.tests\bin\release\net9.0-windows\wileywidget.tests.dll" id="a2810c54-2114-8e84-bfe9-f4d0a5267d1f">
      <Execution id="21ce8735-3650-4429-ac85-8ddd1d7bb5a2" />
      <TestMethod codeBase="C:\Users\biges\Desktop\Wiley_Widget\WileyWidget.Tests\bin\Release\net9.0-windows\WileyWidget.Tests.dll" adapterTypeName="executor://xunit/VsTestRunner2/netcoreapp" className="WileyWidget.Tests.EnterpriseModelTests" name="Enterprise_CitizenCount_Validation" />
    </UnitTest>
    <UnitTest name="WileyWidget.Tests.MainWindowUnitTests.NormalizeTheme_MethodExists" storage="c:\users\biges\desktop\wiley_widget\wileywidget.tests\bin\release\net9.0-windows\wileywidget.tests.dll" id="795064b0-2888-68bc-0d9d-08f16c34f1ea">
      <Execution id="98a18b0c-acf2-4d6b-bb58-938402f92221" />
      <TestMethod codeBase="C:\Users\biges\Desktop\Wiley_Widget\WileyWidget.Tests\bin\Release\net9.0-windows\WileyWidget.Tests.dll" adapterTypeName="executor://xunit/VsTestRunner2/netcoreapp" className="WileyWidget.Tests.MainWindowUnitTests" name="NormalizeTheme_MethodExists" />
    </UnitTest>
    <UnitTest name="WileyWidget.Tests.WidgetTests.Widget_IsActive_CanBeSet(isActive: True)" storage="c:\users\biges\desktop\wiley_widget\wileywidget.tests\bin\release\net9.0-windows\wileywidget.tests.dll" id="28afac11-75f2-4277-47ce-175ecd6d5bf3">
      <Execution id="536d5feb-1b00-4b3f-b654-6c3f2a869be4" />
      <TestMethod codeBase="C:\Users\biges\Desktop\Wiley_Widget\WileyWidget.Tests\bin\Release\net9.0-windows\WileyWidget.Tests.dll" adapterTypeName="executor://xunit/VsTestRunner2/netcoreapp" className="WileyWidget.Tests.WidgetTests" name="Widget_IsActive_CanBeSet" />
    </UnitTest>
    <UnitTest name="WileyWidget.Tests.BudgetInteractionTests.BudgetInteraction_IsCost_DefaultsToTrue" storage="c:\users\biges\desktop\wiley_widget\wileywidget.tests\bin\release\net9.0-windows\wileywidget.tests.dll" id="e624f24d-1a26-231f-cac9-67120c12c28b">
      <Execution id="01ab3c8e-0720-4d39-aa67-0ea73ad3553f" />
      <TestMethod codeBase="C:\Users\biges\Desktop\Wiley_Widget\WileyWidget.Tests\bin\Release\net9.0-windows\WileyWidget.Tests.dll" adapterTypeName="executor://xunit/VsTestRunner2/netcoreapp" className="WileyWidget.Tests.BudgetInteractionTests" name="BudgetInteraction_IsCost_DefaultsToTrue" />
    </UnitTest>
    <UnitTest name="WileyWidget.Tests.EnterpriseDatabaseTests.StoredProcedure_InsertAndRetrieveEnterprise_UsingDirectConnection" storage="c:\users\biges\desktop\wiley_widget\wileywidget.tests\bin\release\net9.0-windows\wileywidget.tests.dll" id="d76fce68-3bca-b1a7-0e69-ec7736a35394">
      <Execution id="a412722f-8700-4896-a22d-8a906b973921" />
      <TestMethod codeBase="C:\Users\biges\Desktop\Wiley_Widget\WileyWidget.Tests\bin\Release\net9.0-windows\WileyWidget.Tests.dll" adapterTypeName="executor://xunit/VsTestRunner2/netcoreapp" className="WileyWidget.Tests.EnterpriseDatabaseTests" name="StoredProcedure_InsertAndRetrieveEnterprise_UsingDirectConnection" />
    </UnitTest>
    <UnitTest name="WileyWidget.Tests.MainViewModelTests.QuickBooksInvoices_Collection_IsObservable" storage="c:\users\biges\desktop\wiley_widget\wileywidget.tests\bin\release\net9.0-windows\wileywidget.tests.dll" id="0121a31e-93ae-d153-ca29-460cffa0b710">
      <Execution id="0cde5354-69d6-487c-bf05-51d12ce477f0" />
      <TestMethod codeBase="C:\Users\biges\Desktop\Wiley_Widget\WileyWidget.Tests\bin\Release\net9.0-windows\WileyWidget.Tests.dll" adapterTypeName="executor://xunit/VsTestRunner2/netcoreapp" className="WileyWidget.Tests.MainViewModelTests" name="QuickBooksInvoices_Collection_IsObservable" />
    </UnitTest>
    <UnitTest name="WileyWidget.Tests.DatabaseIntegrationTests.UpdateAsync_UpdatesExistingEnterprise" storage="c:\users\biges\desktop\wiley_widget\wileywidget.tests\bin\release\net9.0-windows\wileywidget.tests.dll" id="f4baf935-db3b-a3f6-b56f-3df0f1893080">
      <Execution id="8707c788-f85a-457d-b162-72112ffe5ed0" />
      <TestMethod codeBase="C:\Users\biges\Desktop\Wiley_Widget\WileyWidget.Tests\bin\Release\net9.0-windows\WileyWidget.Tests.dll" adapterTypeName="executor://xunit/VsTestRunner2/netcoreapp" className="WileyWidget.Tests.DatabaseIntegrationTests" name="UpdateAsync_UpdatesExistingEnterprise" />
    </UnitTest>
    <UnitTest name="WileyWidget.Tests.WidgetTests.Widget_Price_Validation(price: 1000.99, shouldBeValid: True)" storage="c:\users\biges\desktop\wiley_widget\wileywidget.tests\bin\release\net9.0-windows\wileywidget.tests.dll" id="de72c0f3-fa26-9d6c-6ca7-32a0c98717f3">
      <Execution id="ff935c76-0f62-4839-a92b-b0eabea932a1" />
      <TestMethod codeBase="C:\Users\biges\Desktop\Wiley_Widget\WileyWidget.Tests\bin\Release\net9.0-windows\WileyWidget.Tests.dll" adapterTypeName="executor://xunit/VsTestRunner2/netcoreapp" className="WileyWidget.Tests.WidgetTests" name="Widget_Price_Validation" />
    </UnitTest>
    <UnitTest name="WileyWidget.Tests.WidgetTests.Widget_FormattedPrice_ReturnsCorrectFormat(price: 99.99, expected: &quot;$99.99&quot;)" storage="c:\users\biges\desktop\wiley_widget\wileywidget.tests\bin\release\net9.0-windows\wileywidget.tests.dll" id="a1485da4-493d-cd3d-9e47-0f99906d1c2c">
      <Execution id="43bf8d2b-119c-466d-aa43-40e7c3b24186" />
      <TestMethod codeBase="C:\Users\biges\Desktop\Wiley_Widget\WileyWidget.Tests\bin\Release\net9.0-windows\WileyWidget.Tests.dll" adapterTypeName="executor://xunit/VsTestRunner2/netcoreapp" className="WileyWidget.Tests.WidgetTests" name="Widget_FormattedPrice_ReturnsCorrectFormat" />
    </UnitTest>
    <UnitTest name="WileyWidget.Tests.MainWindowUnitTests.BuildDynamicColumns_MethodExists" storage="c:\users\biges\desktop\wiley_widget\wileywidget.tests\bin\release\net9.0-windows\wileywidget.tests.dll" id="52b06d6e-0e7b-45f1-e848-734105f0bc9a">
      <Execution id="335cbff6-e375-40e2-a32e-85ba8d999b4c" />
      <TestMethod codeBase="C:\Users\biges\Desktop\Wiley_Widget\WileyWidget.Tests\bin\Release\net9.0-windows\WileyWidget.Tests.dll" adapterTypeName="executor://xunit/VsTestRunner2/netcoreapp" className="WileyWidget.Tests.MainWindowUnitTests" name="BuildDynamicColumns_MethodExists" />
    </UnitTest>
    <UnitTest name="WileyWidget.Tests.SettingsServiceTests.SettingsService_Load_CreatesBackupOfCorruptFile" storage="c:\users\biges\desktop\wiley_widget\wileywidget.tests\bin\release\net9.0-windows\wileywidget.tests.dll" id="2969f2e0-70ae-84d9-8527-e1ee638f4f9b">
      <Execution id="e5381aef-c1f6-453c-83e4-27ca0e711999" />
      <TestMethod codeBase="C:\Users\biges\Desktop\Wiley_Widget\WileyWidget.Tests\bin\Release\net9.0-windows\WileyWidget.Tests.dll" adapterTypeName="executor://xunit/VsTestRunner2/netcoreapp" className="WileyWidget.Tests.SettingsServiceTests" name="SettingsService_Load_CreatesBackupOfCorruptFile" />
    </UnitTest>
    <UnitTest name="WileyWidget.Tests.WidgetTests.Widget_DisplayName_ReturnsCorrectFormat(name: &quot;Widget Name&quot;, sku: &quot;SKU-001&quot;, expected: &quot;Widget Name (SKU-001)&quot;)" storage="c:\users\biges\desktop\wiley_widget\wileywidget.tests\bin\release\net9.0-windows\wileywidget.tests.dll" id="20fc74fb-086b-510b-ae28-7341d9a3029b">
      <Execution id="8fb75ca5-f8ee-4bed-9ae0-e34ead15421c" />
      <TestMethod codeBase="C:\Users\biges\Desktop\Wiley_Widget\WileyWidget.Tests\bin\Release\net9.0-windows\WileyWidget.Tests.dll" adapterTypeName="executor://xunit/VsTestRunner2/netcoreapp" className="WileyWidget.Tests.WidgetTests" name="Widget_DisplayName_ReturnsCorrectFormat" />
    </UnitTest>
    <UnitTest name="WileyWidget.Tests.SettingsServiceTests.SettingsService_Save_CreatesFile" storage="c:\users\biges\desktop\wiley_widget\wileywidget.tests\bin\release\net9.0-windows\wileywidget.tests.dll" id="c888132b-1015-a40a-2843-8a77b9425be8">
      <Execution id="19849496-3388-4703-a44f-41c254e41b8a" />
      <TestMethod codeBase="C:\Users\biges\Desktop\Wiley_Widget\WileyWidget.Tests\bin\Release\net9.0-windows\WileyWidget.Tests.dll" adapterTypeName="executor://xunit/VsTestRunner2/netcoreapp" className="WileyWidget.Tests.SettingsServiceTests" name="SettingsService_Save_CreatesFile" />
    </UnitTest>
    <UnitTest name="WileyWidget.Tests.BudgetInteractionTests.BudgetInteraction_InteractionType_Validation(type: null, shouldBeValid: False)" storage="c:\users\biges\desktop\wiley_widget\wileywidget.tests\bin\release\net9.0-windows\wileywidget.tests.dll" id="e4fcf31a-94fb-bdf3-84e1-475471212d0f">
      <Execution id="2526b145-9ba7-48a0-a5b3-463180d4f21e" />
      <TestMethod codeBase="C:\Users\biges\Desktop\Wiley_Widget\WileyWidget.Tests\bin\Release\net9.0-windows\WileyWidget.Tests.dll" adapterTypeName="executor://xunit/VsTestRunner2/netcoreapp" className="WileyWidget.Tests.BudgetInteractionTests" name="BudgetInteraction_InteractionType_Validation" />
    </UnitTest>
  </TestDefinitions>
  <TestEntries>
    <TestEntry testId="93f87e80-68d8-ef6d-e92d-98707d05f82e" executionId="cb7b9bce-5f31-40a8-81a4-df250b22a665" testListId="8c84fa94-04c1-424b-9868-57a2d4851a1d" />
    <TestEntry testId="174a61b8-26c2-f00a-4147-e3f64821944b" executionId="a508fff0-ab2b-49df-a3bf-878e04edad2b" testListId="8c84fa94-04c1-424b-9868-57a2d4851a1d" />
    <TestEntry testId="90cb2182-2da9-b142-9e98-2812635b6bad" executionId="cb001d3f-b1f5-4074-9b5a-8da8abfc609f" testListId="8c84fa94-04c1-424b-9868-57a2d4851a1d" />
    <TestEntry testId="02a84783-afd8-9efb-6906-833a0d912242" executionId="7638632f-3455-4545-8e97-1a902ba2f77f" testListId="8c84fa94-04c1-424b-9868-57a2d4851a1d" />
    <TestEntry testId="56a1702d-a123-50c1-1373-ed4b2dc0b51f" executionId="5103aa10-a429-41fb-a1e4-b88c96cf5c06" testListId="8c84fa94-04c1-424b-9868-57a2d4851a1d" />
    <TestEntry testId="266048de-3f2b-fdbd-2e09-1b7eae8e8964" executionId="2e2ffbdf-bb4e-41c2-8d58-0a10cdcf12b4" testListId="8c84fa94-04c1-424b-9868-57a2d4851a1d" />
    <TestEntry testId="51c34e63-97c0-5e10-af10-340556c65011" executionId="5a259a3d-4cdb-40c4-a2b5-7af38ac2b77c" testListId="8c84fa94-04c1-424b-9868-57a2d4851a1d" />
    <TestEntry testId="bc7d1dad-4626-c238-a1b7-51e0ec90dede" executionId="f610f547-35c2-4a95-bb85-6f23ddc1998e" testListId="8c84fa94-04c1-424b-9868-57a2d4851a1d" />
    <TestEntry testId="5e00cc24-af68-8e5e-7215-9a710f60e406" executionId="13646e51-b8ac-4fbf-b294-bfe82f994e28" testListId="8c84fa94-04c1-424b-9868-57a2d4851a1d" />
    <TestEntry testId="cda48384-02ec-e8bf-7f92-391e842be3cc" executionId="cab7a9d1-f53f-4169-9182-e030071dc98b" testListId="8c84fa94-04c1-424b-9868-57a2d4851a1d" />
    <TestEntry testId="06acef7a-66a9-41e5-0b52-833373b805fd" executionId="08b1a16b-3590-4a62-8b9c-9a66b592ef13" testListId="8c84fa94-04c1-424b-9868-57a2d4851a1d" />
    <TestEntry testId="fdd256aa-95b4-4138-ef57-428d9bd57c15" executionId="fb48a534-6b78-4319-80e5-75a3d2a1a34c" testListId="8c84fa94-04c1-424b-9868-57a2d4851a1d" />
    <TestEntry testId="4a107ce6-33da-a97e-bc39-9415fc198e08" executionId="642e1774-6ccc-4115-a27d-28e40d9caf96" testListId="8c84fa94-04c1-424b-9868-57a2d4851a1d" />
    <TestEntry testId="5903b2e2-620c-d805-6dec-cff9749cf54d" executionId="3f0677ec-899d-4bd7-b1dd-b7f96f5a4121" testListId="8c84fa94-04c1-424b-9868-57a2d4851a1d" />
    <TestEntry testId="216d7b3f-febd-5cd7-9636-60001f76e735" executionId="80d26a86-572f-458b-b095-6d3734748328" testListId="8c84fa94-04c1-424b-9868-57a2d4851a1d" />
    <TestEntry testId="f5f343b0-4673-4f25-285c-1b1fcba58589" executionId="3215eaf2-549b-4d69-bc60-0eaffb460c22" testListId="8c84fa94-04c1-424b-9868-57a2d4851a1d" />
    <TestEntry testId="8df32280-d2cc-aff4-2ff0-10224e8b8552" executionId="99a629e5-40bc-4306-8fdd-9b5bb15ffd33" testListId="8c84fa94-04c1-424b-9868-57a2d4851a1d" />
    <TestEntry testId="c093cc50-deee-4751-29ce-343ea9d35c10" executionId="33a407e3-06aa-4593-8bbd-7b38882b23ce" testListId="8c84fa94-04c1-424b-9868-57a2d4851a1d" />
    <TestEntry testId="7616251f-ba10-2865-c7c0-878cebe0f9bd" executionId="113af572-e8f9-4aa0-a61b-ce2d17bcb8c3" testListId="8c84fa94-04c1-424b-9868-57a2d4851a1d" />
    <TestEntry testId="648bd338-a756-e64d-b4be-6a55c8a8cbe8" executionId="c3fb0105-21c9-4ab8-89d9-0dede108ddff" testListId="8c84fa94-04c1-424b-9868-57a2d4851a1d" />
    <TestEntry testId="59042f06-6aea-38ed-f31b-f481b684060f" executionId="12a66cb3-71ba-4c89-9d29-697104820675" testListId="8c84fa94-04c1-424b-9868-57a2d4851a1d" />
    <TestEntry testId="4e31e5ac-795c-6664-b1e1-6987564c4e12" executionId="4e11611a-c0ec-4deb-9538-0a4a8db113d5" testListId="8c84fa94-04c1-424b-9868-57a2d4851a1d" />
    <TestEntry testId="93b4d7b9-17c9-4651-e29a-009cb361e97b" executionId="500df087-5803-4f63-ba16-6f592f612d48" testListId="8c84fa94-04c1-424b-9868-57a2d4851a1d" />
    <TestEntry testId="53bedddd-9e7e-05b6-0db9-6c4d6523d66b" executionId="1b1d7b4a-7500-4326-8ffc-bdfdae68cc9c" testListId="8c84fa94-04c1-424b-9868-57a2d4851a1d" />
    <TestEntry testId="7d26dc11-9068-1965-0e72-e725c90e0da3" executionId="9e79f081-b21a-4c5f-8724-bb3483527249" testListId="8c84fa94-04c1-424b-9868-57a2d4851a1d" />
    <TestEntry testId="1340ffff-d167-8c9f-1446-195b0fb1d86f" executionId="c3470348-e25c-475c-b874-10ee8a5134f6" testListId="8c84fa94-04c1-424b-9868-57a2d4851a1d" />
    <TestEntry testId="62021b67-5876-d70c-80d9-db2ebaaf208a" executionId="9eb5ae4a-5267-4bf4-a9a4-6128b1a8d757" testListId="8c84fa94-04c1-424b-9868-57a2d4851a1d" />
    <TestEntry testId="b43e3dd0-44c9-3349-d80b-08150cc5294d" executionId="385b2afd-f112-4463-b30c-456f1602a196" testListId="8c84fa94-04c1-424b-9868-57a2d4851a1d" />
    <TestEntry testId="b211dea4-7dcd-20f5-d31b-47d61cf807dd" executionId="3610e3bc-f51a-41ae-afd1-8e3f945e9909" testListId="8c84fa94-04c1-424b-9868-57a2d4851a1d" />
    <TestEntry testId="0203bce8-8571-4fae-356f-d40949bb5a7d" executionId="f7844db8-0e40-403a-bedc-086cf603cf45" testListId="8c84fa94-04c1-424b-9868-57a2d4851a1d" />
    <TestEntry testId="b7c1d19c-bee4-911c-3a8a-0800f7a4f194" executionId="080c64f0-db6c-4a07-bb61-cb7b3f38d43a" testListId="8c84fa94-04c1-424b-9868-57a2d4851a1d" />
    <TestEntry testId="1f08a6ae-d40a-f06a-8f73-f4bc296dbdea" executionId="83313c34-38da-440a-a10a-37154ee75571" testListId="8c84fa94-04c1-424b-9868-57a2d4851a1d" />
    <TestEntry testId="f4baf935-db3b-a3f6-b56f-3df0f1893080" executionId="8707c788-f85a-457d-b162-72112ffe5ed0" testListId="8c84fa94-04c1-424b-9868-57a2d4851a1d" />
    <TestEntry testId="0d4e12bb-b410-10f4-ea79-224ef1ad4ec2" executionId="57eb1aa6-e9e8-4c44-be37-b51a191f6371" testListId="8c84fa94-04c1-424b-9868-57a2d4851a1d" />
    <TestEntry testId="f4174a06-6862-c4a5-f342-e402b6115247" executionId="73c9119b-3fbf-44d1-af67-8254adcbe060" testListId="8c84fa94-04c1-424b-9868-57a2d4851a1d" />
    <TestEntry testId="6cc406f6-5c68-c097-54c6-537a958e649e" executionId="a389a775-b85e-49e4-a7b2-7fb58e92a9cb" testListId="8c84fa94-04c1-424b-9868-57a2d4851a1d" />
    <TestEntry testId="902c438e-0da5-711b-13f6-74a2b1da3f5a" executionId="8392bb92-666b-4662-b376-9fdf53270e32" testListId="8c84fa94-04c1-424b-9868-57a2d4851a1d" />
    <TestEntry testId="7bcc6455-9ef8-ed52-9eb1-702e76df051d" executionId="d21bfa35-081b-4cd5-b816-65707ec119a5" testListId="8c84fa94-04c1-424b-9868-57a2d4851a1d" />
    <TestEntry testId="40809d6b-32d3-2519-3f96-4116b092b054" executionId="95e1e013-02f9-4c57-8a93-8e873623d26b" testListId="8c84fa94-04c1-424b-9868-57a2d4851a1d" />
    <TestEntry testId="e72511ca-5da4-5e68-e2df-554a43fc47aa" executionId="2630ce6e-cdb0-4575-97c7-e540b1554bc1" testListId="8c84fa94-04c1-424b-9868-57a2d4851a1d" />
    <TestEntry testId="a9dc7ce3-2ee9-2217-fa87-9dcfd65a9dfd" executionId="d68187bd-4073-4720-8b09-77ee5c06f484" testListId="8c84fa94-04c1-424b-9868-57a2d4851a1d" />
    <TestEntry testId="20fc74fb-086b-510b-ae28-7341d9a3029b" executionId="8fb75ca5-f8ee-4bed-9ae0-e34ead15421c" testListId="8c84fa94-04c1-424b-9868-57a2d4851a1d" />
    <TestEntry testId="28afac11-75f2-4277-47ce-175ecd6d5bf3" executionId="536d5feb-1b00-4b3f-b654-6c3f2a869be4" testListId="8c84fa94-04c1-424b-9868-57a2d4851a1d" />
    <TestEntry testId="6cdef057-5472-5dc2-1e24-0c140874339b" executionId="eca7b9d4-76da-428d-a4e8-aa8e721e3826" testListId="8c84fa94-04c1-424b-9868-57a2d4851a1d" />
    <TestEntry testId="4f96b557-5805-2ffc-7a99-6d790882f18b" executionId="ab0dec92-344c-49f1-b4f4-2c21497f88b9" testListId="8c84fa94-04c1-424b-9868-57a2d4851a1d" />
    <TestEntry testId="2eed4695-e3e7-5a59-502b-92e7e53fb8f1" executionId="fd9aa307-e065-47a9-9642-343aeeb554b6" testListId="8c84fa94-04c1-424b-9868-57a2d4851a1d" />
    <TestEntry testId="a1485da4-493d-cd3d-9e47-0f99906d1c2c" executionId="43bf8d2b-119c-466d-aa43-40e7c3b24186" testListId="8c84fa94-04c1-424b-9868-57a2d4851a1d" />
    <TestEntry testId="e5321f6f-e5a1-6e5b-e713-11e01758bd01" executionId="ae529a2c-370c-4138-89ad-071a76de4fee" testListId="8c84fa94-04c1-424b-9868-57a2d4851a1d" />
    <TestEntry testId="d6a8afd6-4dff-6792-90e1-49cce70d3116" executionId="4667168c-82d2-4486-9ea0-5b3d2a4cdd68" testListId="8c84fa94-04c1-424b-9868-57a2d4851a1d" />
    <TestEntry testId="83034d6a-ea47-0b26-b3c3-520cb2f8b99c" executionId="7c76e189-c1b3-49b6-a4dc-03f6edf0e405" testListId="8c84fa94-04c1-424b-9868-57a2d4851a1d" />
    <TestEntry testId="2969f2e0-70ae-84d9-8527-e1ee638f4f9b" executionId="e5381aef-c1f6-453c-83e4-27ca0e711999" testListId="8c84fa94-04c1-424b-9868-57a2d4851a1d" />
    <TestEntry testId="ccef2ce7-f385-9fbf-3fdd-191327867f3d" executionId="e91db4db-171a-40ca-9518-cb8bf02bcaed" testListId="8c84fa94-04c1-424b-9868-57a2d4851a1d" />
    <TestEntry testId="67d1af25-c91b-f470-e429-2abc11443142" executionId="884e40bf-6f3b-46b8-9b74-77e8433a4a31" testListId="8c84fa94-04c1-424b-9868-57a2d4851a1d" />
    <TestEntry testId="a535ee6d-f14e-b507-e106-e575e4d351ae" executionId="c72c885b-08f8-4766-8a5c-b41fb292058d" testListId="8c84fa94-04c1-424b-9868-57a2d4851a1d" />
    <TestEntry testId="93bcc1b2-e756-be48-7f05-0eed9d834711" executionId="ed0189f9-3e91-40b5-8b26-4f364818c830" testListId="8c84fa94-04c1-424b-9868-57a2d4851a1d" />
    <TestEntry testId="efe067a6-c350-5edd-6794-b1c41a457952" executionId="70ec5f92-7877-4522-b517-2f88d2ef1a91" testListId="8c84fa94-04c1-424b-9868-57a2d4851a1d" />
    <TestEntry testId="e7df05ca-3552-2715-64b0-211740e8ec70" executionId="f65f4f28-474c-4a2f-8b7a-92738aa0cb35" testListId="8c84fa94-04c1-424b-9868-57a2d4851a1d" />
    <TestEntry testId="8b807870-505b-71ed-7f55-1b57860f38f6" executionId="d659e23d-33b4-44d6-97c9-fe088e89aae4" testListId="8c84fa94-04c1-424b-9868-57a2d4851a1d" />
    <TestEntry testId="be33b031-b799-d68d-9ac7-4be6a20a63bc" executionId="020d41fe-f198-4c02-848f-9b322f2e8c54" testListId="8c84fa94-04c1-424b-9868-57a2d4851a1d" />
    <TestEntry testId="4bf0c2ec-7a7c-f8d8-6f1c-1f46f24b0af1" executionId="e843081d-3609-4917-a555-3f6482a96d0e" testListId="8c84fa94-04c1-424b-9868-57a2d4851a1d" />
    <TestEntry testId="3c697a19-d738-59c1-c19c-a483654a946e" executionId="25a37799-5d1b-4691-8fe3-b93810644a8e" testListId="8c84fa94-04c1-424b-9868-57a2d4851a1d" />
    <TestEntry testId="80a94af4-7913-fd5c-01c4-b92eec2e4015" executionId="a9d63c66-9a13-4271-983c-3be44eb329fb" testListId="8c84fa94-04c1-424b-9868-57a2d4851a1d" />
    <TestEntry testId="40d7657d-f657-0f30-1e57-f9b4790fea1e" executionId="53d0aadc-cbbd-499b-ac23-ee2a260e3c8c" testListId="8c84fa94-04c1-424b-9868-57a2d4851a1d" />
    <TestEntry testId="20a34a95-a426-14ac-be1a-81af3da9062a" executionId="df2f67f8-e888-4693-916d-f430d5fb964c" testListId="8c84fa94-04c1-424b-9868-57a2d4851a1d" />
    <TestEntry testId="69a6cf07-6d56-fd82-65cd-93be98d990d5" executionId="1e150596-caf5-491b-95e4-b3f63e352302" testListId="8c84fa94-04c1-424b-9868-57a2d4851a1d" />
    <TestEntry testId="917950f3-8248-2f78-cc8c-99370e6626ab" executionId="20a6dae1-4d5a-4f08-8817-1ab0828ea7ed" testListId="8c84fa94-04c1-424b-9868-57a2d4851a1d" />
    <TestEntry testId="1663b73b-6287-a4b0-edce-f88f858df2aa" executionId="5966a7de-dd56-4522-8074-5435dde6b67b" testListId="8c84fa94-04c1-424b-9868-57a2d4851a1d" />
    <TestEntry testId="67185dae-1bb2-aa49-e096-b7b20c6fe73a" executionId="05a06f41-d77a-433e-91ea-6fd229630178" testListId="8c84fa94-04c1-424b-9868-57a2d4851a1d" />
    <TestEntry testId="1d6cc74e-b1aa-d571-8164-59cf85bf66e7" executionId="68e71ae4-47c5-4c34-be63-66ada499f0ce" testListId="8c84fa94-04c1-424b-9868-57a2d4851a1d" />
    <TestEntry testId="14845400-28d3-9a25-f969-c0ad7612b7de" executionId="fd51c6b6-c251-496f-99b7-3dc369a7fadc" testListId="8c84fa94-04c1-424b-9868-57a2d4851a1d" />
    <TestEntry testId="c99ffb98-6608-7343-fd97-cece2671f5c7" executionId="9e4d0f11-8ee5-4205-98d4-ddb134abaf10" testListId="8c84fa94-04c1-424b-9868-57a2d4851a1d" />
    <TestEntry testId="40c28db5-98d0-9ac0-459d-782c32a105ab" executionId="67485eed-9da2-48f6-ad49-7f02dd70098a" testListId="8c84fa94-04c1-424b-9868-57a2d4851a1d" />
    <TestEntry testId="85ee0bd4-7821-b257-c0c8-28e38b9ba9de" executionId="f00af6e0-f46e-43a1-ab65-5c05d7f338bb" testListId="8c84fa94-04c1-424b-9868-57a2d4851a1d" />
    <TestEntry testId="418cae58-aba0-b522-845a-715b8b8313eb" executionId="3a7bb675-a05e-4665-99ae-b8d2b687eea5" testListId="8c84fa94-04c1-424b-9868-57a2d4851a1d" />
    <TestEntry testId="a590d7ab-a37d-241b-b41d-e926aae9e190" executionId="7f526bb8-791c-4004-864d-f240e9016e32" testListId="8c84fa94-04c1-424b-9868-57a2d4851a1d" />
    <TestEntry testId="c888132b-1015-a40a-2843-8a77b9425be8" executionId="19849496-3388-4703-a44f-41c254e41b8a" testListId="8c84fa94-04c1-424b-9868-57a2d4851a1d" />
    <TestEntry testId="2f6535a3-ca21-5a5e-d2ea-27f9db0d9635" executionId="12e20657-7cc0-4906-ac9a-3bfe5a4a3c81" testListId="8c84fa94-04c1-424b-9868-57a2d4851a1d" />
    <TestEntry testId="e472ca0e-4d1f-2cb2-ae79-f619786a7e3f" executionId="54cf2c13-53ca-4e30-890f-f3a52e2e5884" testListId="8c84fa94-04c1-424b-9868-57a2d4851a1d" />
    <TestEntry testId="a72d91bf-1ba0-06c7-1002-ab2af50818f2" executionId="124d0e36-2909-406b-9cd5-ab8cae5cd725" testListId="8c84fa94-04c1-424b-9868-57a2d4851a1d" />
    <TestEntry testId="168ae476-6639-8347-6432-3fafc0d8f784" executionId="31d1e416-a33d-4e93-8238-8559c25059c1" testListId="8c84fa94-04c1-424b-9868-57a2d4851a1d" />
    <TestEntry testId="888d2b50-7b6d-6c90-d0fe-ec32083e79d4" executionId="c9fd5456-9d09-4cdf-b2b2-4ffd7852683e" testListId="8c84fa94-04c1-424b-9868-57a2d4851a1d" />
    <TestEntry testId="c596acca-eaa8-2cfc-b6e4-d65d1f704c2d" executionId="1c62f76d-6cbe-427c-9ce3-e456ec76d47a" testListId="8c84fa94-04c1-424b-9868-57a2d4851a1d" />
    <TestEntry testId="97486250-1fe8-66a0-17d4-9ab973b2b619" executionId="40b2e168-ff0a-45bc-b71a-1eff114756d1" testListId="8c84fa94-04c1-424b-9868-57a2d4851a1d" />
    <TestEntry testId="1c6d9cc5-a386-96ff-1534-848f8d293769" executionId="a99fb728-3f94-432a-989f-6f797d1e3993" testListId="8c84fa94-04c1-424b-9868-57a2d4851a1d" />
    <TestEntry testId="dd77f057-e1e9-d9f4-cea3-7509791bffd8" executionId="b599e2a0-41bc-4aca-a5db-0f58e3d877ff" testListId="8c84fa94-04c1-424b-9868-57a2d4851a1d" />
    <TestEntry testId="efa2ee80-8a84-ce7d-1850-d99aa3c2923a" executionId="2e275126-acf8-44a2-9521-70ea3f207339" testListId="8c84fa94-04c1-424b-9868-57a2d4851a1d" />
    <TestEntry testId="a4f037bc-7338-9135-cfbf-a9e8758843b8" executionId="26e18ffa-b9df-491d-b2bc-f43acf9b3f03" testListId="8c84fa94-04c1-424b-9868-57a2d4851a1d" />
    <TestEntry testId="1e85481e-c1cb-a7d9-6ebb-5c71fd699ae6" executionId="8bd21e3e-ae61-49a4-9a39-cf02d6aeb016" testListId="8c84fa94-04c1-424b-9868-57a2d4851a1d" />
    <TestEntry testId="7fe76a3a-9ac6-6844-b5f7-d4331eae2413" executionId="bb3dddd1-7061-437d-8558-5085ca8d4daa" testListId="8c84fa94-04c1-424b-9868-57a2d4851a1d" />
    <TestEntry testId="9f5c146e-0566-da9b-266b-e05a1f45f5d6" executionId="dd6e472e-8f6e-4fcc-aa05-218d41d05cc5" testListId="8c84fa94-04c1-424b-9868-57a2d4851a1d" />
    <TestEntry testId="a2810c54-2114-8e84-bfe9-f4d0a5267d1f" executionId="21ce8735-3650-4429-ac85-8ddd1d7bb5a2" testListId="8c84fa94-04c1-424b-9868-57a2d4851a1d" />
    <TestEntry testId="2b9ee214-5fed-0842-d648-dd6ae7f87bc4" executionId="9c1ec3b4-e62c-43c5-9471-303bc9ff8bfd" testListId="8c84fa94-04c1-424b-9868-57a2d4851a1d" />
    <TestEntry testId="c0f826c4-a2e8-a2fe-55fc-c1924806102d" executionId="ca4fe0fe-01bd-4afa-b129-82219ae97db0" testListId="8c84fa94-04c1-424b-9868-57a2d4851a1d" />
    <TestEntry testId="08055736-1e09-8961-dc89-8e2a25887239" executionId="7dbdd7c6-0364-45e9-aeab-aaafe7bcb8e6" testListId="8c84fa94-04c1-424b-9868-57a2d4851a1d" />
    <TestEntry testId="d621bb97-a6a4-4797-ce4f-9813ccfba719" executionId="2a729238-5c2d-43ad-8356-deed9f31b3b8" testListId="8c84fa94-04c1-424b-9868-57a2d4851a1d" />
    <TestEntry testId="250861d5-9d13-68af-2b01-b8c47d52fcf2" executionId="2ec8d5e5-0350-4901-984e-268261bea532" testListId="8c84fa94-04c1-424b-9868-57a2d4851a1d" />
    <TestEntry testId="4a11ecda-ef05-73a1-b1d1-c3284d3e4afa" executionId="cb5673d8-950a-45a3-aa24-a249d27011fc" testListId="8c84fa94-04c1-424b-9868-57a2d4851a1d" />
    <TestEntry testId="c79d0d0b-2c17-cda5-48a6-5d1589c048fd" executionId="8e595c69-fb51-4cfe-916d-cd8e98f4d625" testListId="8c84fa94-04c1-424b-9868-57a2d4851a1d" />
    <TestEntry testId="510fe505-3d5e-fa04-5438-1019c48dc099" executionId="e12ff9e4-a496-44e8-9f15-3bb86f1f55d6" testListId="8c84fa94-04c1-424b-9868-57a2d4851a1d" />
    <TestEntry testId="de72c0f3-fa26-9d6c-6ca7-32a0c98717f3" executionId="ff935c76-0f62-4839-a92b-b0eabea932a1" testListId="8c84fa94-04c1-424b-9868-57a2d4851a1d" />
    <TestEntry testId="97655ffa-dca1-a12a-5ad2-019d9211febe" executionId="b0c48863-1a41-4baa-9a3c-1fa7a4608252" testListId="8c84fa94-04c1-424b-9868-57a2d4851a1d" />
    <TestEntry testId="668e1389-6a17-867c-cc8c-409430f2326f" executionId="33164358-ba94-4a72-b8b3-b3605107afde" testListId="8c84fa94-04c1-424b-9868-57a2d4851a1d" />
    <TestEntry testId="3d9418a8-7d7a-ace8-cce3-7f6d8639b60f" executionId="2314e031-8782-4424-95dc-ec83f6beed57" testListId="8c84fa94-04c1-424b-9868-57a2d4851a1d" />
    <TestEntry testId="d76fce68-3bca-b1a7-0e69-ec7736a35394" executionId="a412722f-8700-4896-a22d-8a906b973921" testListId="8c84fa94-04c1-424b-9868-57a2d4851a1d" />
    <TestEntry testId="0c08c2f7-584f-44de-79b5-e35ec9541cbd" executionId="23e124f7-f4ab-46ee-b3e3-08633f44a366" testListId="8c84fa94-04c1-424b-9868-57a2d4851a1d" />
    <TestEntry testId="4496488f-c883-aa7a-35a7-d9dbf4a2d3b2" executionId="83e2fced-1993-4b58-ba3f-7bdd609498fd" testListId="8c84fa94-04c1-424b-9868-57a2d4851a1d" />
    <TestEntry testId="7d89b2b7-2e04-1507-fb4c-fafb91c62761" executionId="9cd732b0-0e51-488e-b6ce-8d4bb77c24e9" testListId="8c84fa94-04c1-424b-9868-57a2d4851a1d" />
    <TestEntry testId="e624f24d-1a26-231f-cac9-67120c12c28b" executionId="01ab3c8e-0720-4d39-aa67-0ea73ad3553f" testListId="8c84fa94-04c1-424b-9868-57a2d4851a1d" />
    <TestEntry testId="e1f8a3e1-d467-b8d5-d368-b35a2dff4c81" executionId="7b9fa4cc-04ec-4b3c-82f4-a37a2a6214f6" testListId="8c84fa94-04c1-424b-9868-57a2d4851a1d" />
    <TestEntry testId="ef0f0bc6-05a9-f4ec-9eaa-324bcd7d0328" executionId="34ce83e8-5a89-4dee-a7c6-f93641637b7c" testListId="8c84fa94-04c1-424b-9868-57a2d4851a1d" />
    <TestEntry testId="d106bb70-67c4-1dcc-e1c1-b1453099822c" executionId="84333fce-3f4d-4049-b370-a1303280c758" testListId="8c84fa94-04c1-424b-9868-57a2d4851a1d" />
    <TestEntry testId="f1c4230d-c873-a695-bf0b-dd9c7f8ad220" executionId="e7607aa4-a1a8-4e39-8724-c5f0ebd05101" testListId="8c84fa94-04c1-424b-9868-57a2d4851a1d" />
    <TestEntry testId="3f32ff24-dbe4-5b18-602e-bcc79c03a51a" executionId="1871382b-3cb7-4adc-8851-df59b46a9962" testListId="8c84fa94-04c1-424b-9868-57a2d4851a1d" />
    <TestEntry testId="ccb7df2b-4d5c-e170-73db-923a830f1d8c" executionId="ce180518-2d2d-45bd-ac6c-a6c4d17698e7" testListId="8c84fa94-04c1-424b-9868-57a2d4851a1d" />
    <TestEntry testId="a4b79d30-1b57-4783-2bc5-b481543036fd" executionId="2a19b62c-b61f-43aa-a740-0bb250e296da" testListId="8c84fa94-04c1-424b-9868-57a2d4851a1d" />
    <TestEntry testId="e347da39-e3d7-9818-2827-c6fcf2b4c69d" executionId="2a860e9a-863d-4519-ad4c-ece73d004d8f" testListId="8c84fa94-04c1-424b-9868-57a2d4851a1d" />
    <TestEntry testId="2b6d2d98-9ff2-0efc-9085-3c305df50a78" executionId="920fd6dc-6d7a-4a42-99f1-7ec5a5bce736" testListId="8c84fa94-04c1-424b-9868-57a2d4851a1d" />
    <TestEntry testId="1a019a48-5289-21b6-90e2-05f5df28d217" executionId="213bfcfc-720e-4668-b997-cae85c8c7b3a" testListId="8c84fa94-04c1-424b-9868-57a2d4851a1d" />
    <TestEntry testId="c3e9fc9c-637b-6721-3c64-e57c86c03371" executionId="81b6ed98-e39e-4503-8456-4f6ba91930a4" testListId="8c84fa94-04c1-424b-9868-57a2d4851a1d" />
    <TestEntry testId="0a00e6cb-49af-1b97-d7b2-bbdf194a8118" executionId="6862a54d-cbc2-4af4-9fd5-dc8f82ee1c6d" testListId="8c84fa94-04c1-424b-9868-57a2d4851a1d" />
    <TestEntry testId="9929003c-3c0b-e178-ebdf-bba67d8898cc" executionId="32d87615-872b-4465-ac1a-6c040c2ce424" testListId="8c84fa94-04c1-424b-9868-57a2d4851a1d" />
    <TestEntry testId="00f90a30-6cfb-102f-2905-fe6964421a8d" executionId="f6f54284-aa6a-409b-bbb2-55e6ddcd5bc0" testListId="8c84fa94-04c1-424b-9868-57a2d4851a1d" />
    <TestEntry testId="52b06d6e-0e7b-45f1-e848-734105f0bc9a" executionId="335cbff6-e375-40e2-a32e-85ba8d999b4c" testListId="8c84fa94-04c1-424b-9868-57a2d4851a1d" />
    <TestEntry testId="2beb22ae-6dec-0df2-163d-82054723e892" executionId="34d74c23-9de6-4c4d-8bdf-f3f621b6a18d" testListId="8c84fa94-04c1-424b-9868-57a2d4851a1d" />
    <TestEntry testId="6fb64c30-f462-9da3-d1f6-08832453c990" executionId="ac29b82e-94ee-4d0d-93b5-52dc3612c1e5" testListId="8c84fa94-04c1-424b-9868-57a2d4851a1d" />
    <TestEntry testId="7e338c26-7d68-229c-5870-5a210a219a3a" executionId="4f52761d-aaa6-4f11-9810-bb6c6124872a" testListId="8c84fa94-04c1-424b-9868-57a2d4851a1d" />
    <TestEntry testId="cbeada98-fd74-8e95-0798-e8d59013190d" executionId="35ed7fae-e395-44af-aeb7-e1758c585b58" testListId="8c84fa94-04c1-424b-9868-57a2d4851a1d" />
    <TestEntry testId="04dd675b-629e-a516-a8ca-baee13393506" executionId="4db719e3-312d-4c66-b2e5-d49aa61f9e75" testListId="8c84fa94-04c1-424b-9868-57a2d4851a1d" />
    <TestEntry testId="59a77b29-012a-7f31-5abd-f2349c80ceff" executionId="828a0ac5-7216-486b-8ad1-224ad2b0e0e6" testListId="8c84fa94-04c1-424b-9868-57a2d4851a1d" />
    <TestEntry testId="8ca5b6cf-7541-b621-6329-c030b30b7745" executionId="53c338aa-bbf5-4465-905b-5a03e120add9" testListId="8c84fa94-04c1-424b-9868-57a2d4851a1d" />
    <TestEntry testId="c47db43f-5871-4aa9-b457-92ab04b7b502" executionId="295fa9e6-a038-42e2-9a5c-8daadab84f14" testListId="8c84fa94-04c1-424b-9868-57a2d4851a1d" />
    <TestEntry testId="df5aec0e-ef6f-cdc6-14fa-f5e50593b465" executionId="53cc596f-dcdf-47b9-aa2b-baacb60eb56d" testListId="8c84fa94-04c1-424b-9868-57a2d4851a1d" />
    <TestEntry testId="b7030ce1-05f2-f041-773e-ef3e29b9eb03" executionId="a55e0f42-b04b-4aba-b702-eeb3b9f02a68" testListId="8c84fa94-04c1-424b-9868-57a2d4851a1d" />
    <TestEntry testId="33627335-316c-cbc4-3f2e-4374d3f98bd0" executionId="e5652f6e-1d69-40fa-80b8-718fa02d159a" testListId="8c84fa94-04c1-424b-9868-57a2d4851a1d" />
    <TestEntry testId="bab73118-bcc5-733a-969d-4c306d5de5ef" executionId="7695bae8-5504-4f97-82a8-be24d8d034a2" testListId="8c84fa94-04c1-424b-9868-57a2d4851a1d" />
    <TestEntry testId="10b1ef9a-89d0-7820-4fdf-06d433c43486" executionId="7a6a9b10-093b-48ea-a82d-3b58ac4380bb" testListId="8c84fa94-04c1-424b-9868-57a2d4851a1d" />
    <TestEntry testId="87640105-c887-14a1-6f10-e810209647b1" executionId="b90bf7f1-0456-459d-b20d-5c3d2ff6c00d" testListId="8c84fa94-04c1-424b-9868-57a2d4851a1d" />
    <TestEntry testId="5f349e6c-e09e-70aa-e134-6073e4276708" executionId="0983af7a-4beb-4680-b5e2-d26d99cac78d" testListId="8c84fa94-04c1-424b-9868-57a2d4851a1d" />
    <TestEntry testId="f0a76b98-d14b-1f50-1a55-b715fcdffb9d" executionId="79a2ea08-9b1d-4b77-b08e-2df47201a6b8" testListId="8c84fa94-04c1-424b-9868-57a2d4851a1d" />
    <TestEntry testId="cb3b465a-00da-a1e4-c2c6-1368be36d3e5" executionId="b8675b35-3ba1-479c-99ae-9d1da6fcdaf6" testListId="8c84fa94-04c1-424b-9868-57a2d4851a1d" />
    <TestEntry testId="2917a8ba-f7f9-5b6b-3575-162e1a2173ef" executionId="be0d1dab-b0ef-4e72-a236-efd101e6a89a" testListId="8c84fa94-04c1-424b-9868-57a2d4851a1d" />
    <TestEntry testId="a870daa8-df1f-ef82-e638-57d5f0b05d91" executionId="688dbe44-1a94-4c31-a894-45a73958875d" testListId="8c84fa94-04c1-424b-9868-57a2d4851a1d" />
    <TestEntry testId="e82f29b2-da2d-1de7-97e4-1ecb0f1224d5" executionId="fba8d8dd-1f67-4f15-b3e5-008a31645f7e" testListId="8c84fa94-04c1-424b-9868-57a2d4851a1d" />
    <TestEntry testId="d332a652-b311-2f6e-2247-c3ce44c290ae" executionId="605beb9b-4584-4364-88c4-92427fdf3ce8" testListId="8c84fa94-04c1-424b-9868-57a2d4851a1d" />
    <TestEntry testId="12ac1ad0-f92b-82ce-7643-dcc2a493cae6" executionId="422a9645-4223-46a3-96b0-d9f4849f5ec2" testListId="8c84fa94-04c1-424b-9868-57a2d4851a1d" />
    <TestEntry testId="cc0265d4-60a7-3f55-fdff-2713f678dbad" executionId="9e8928bb-bd5c-4385-a00c-66afe26dfd0e" testListId="8c84fa94-04c1-424b-9868-57a2d4851a1d" />
    <TestEntry testId="e4fcf31a-94fb-bdf3-84e1-475471212d0f" executionId="2526b145-9ba7-48a0-a5b3-463180d4f21e" testListId="8c84fa94-04c1-424b-9868-57a2d4851a1d" />
    <TestEntry testId="abe5bbbb-5c34-074f-41c7-88d40b3e23b8" executionId="3bae0f54-750a-443f-99e9-4e70ad752e3d" testListId="8c84fa94-04c1-424b-9868-57a2d4851a1d" />
    <TestEntry testId="8b1e5a88-d61f-8bfb-af7a-001ec194b46c" executionId="69cbaa08-8722-4ca7-ba77-3f79046b1b73" testListId="8c84fa94-04c1-424b-9868-57a2d4851a1d" />
    <TestEntry testId="d952c50c-d956-1f7c-9b09-2b7891193ead" executionId="7bc89d55-93a9-4e5a-9a8b-03eefe006250" testListId="8c84fa94-04c1-424b-9868-57a2d4851a1d" />
    <TestEntry testId="f0564e38-0932-37f9-f2ec-c59c84e4f319" executionId="af48af54-396d-44c3-8596-da8b9db8c3fa" testListId="8c84fa94-04c1-424b-9868-57a2d4851a1d" />
    <TestEntry testId="7cf3aa98-98eb-f226-4182-b485eaa19c16" executionId="eba6be03-2f0a-4c48-a7dd-b150ff48188a" testListId="8c84fa94-04c1-424b-9868-57a2d4851a1d" />
    <TestEntry testId="8d616601-23ef-0d6f-a99d-c5f9d126d4fa" executionId="e6439103-13bc-4140-9b4c-35829d0ea5d1" testListId="8c84fa94-04c1-424b-9868-57a2d4851a1d" />
    <TestEntry testId="4f4006d6-b3a2-e8ed-5bb3-4581fead82ab" executionId="9851dbc9-ecb7-4758-b692-5c7686e0b277" testListId="8c84fa94-04c1-424b-9868-57a2d4851a1d" />
    <TestEntry testId="c92dc833-fd57-a263-2b90-5a13ee4f5081" executionId="352f461a-8953-4c06-a227-ebf40585cc4f" testListId="8c84fa94-04c1-424b-9868-57a2d4851a1d" />
    <TestEntry testId="44e15a9e-b1db-5915-a9b2-5e9b239ca9b3" executionId="757e981c-68c1-4fe4-a500-98929642f4f4" testListId="8c84fa94-04c1-424b-9868-57a2d4851a1d" />
    <TestEntry testId="ee7898df-a28c-6e8b-8e6c-3ec70bd001f9" executionId="0b9367f4-7f56-44e2-8e30-abf77544129a" testListId="8c84fa94-04c1-424b-9868-57a2d4851a1d" />
    <TestEntry testId="20d48984-149e-52a8-e707-e7c8d17f3d51" executionId="6a897214-d21f-4f59-bace-1da96352b20d" testListId="8c84fa94-04c1-424b-9868-57a2d4851a1d" />
    <TestEntry testId="6f8045c6-6937-39f1-af17-4e72f663e3b7" executionId="af0928d5-7ea7-4bb1-a1e7-2641567b882b" testListId="8c84fa94-04c1-424b-9868-57a2d4851a1d" />
    <TestEntry testId="3df038af-1fe3-8eba-40c5-e3791363704f" executionId="dad5bf77-992d-421b-95f7-a15c36af893b" testListId="8c84fa94-04c1-424b-9868-57a2d4851a1d" />
    <TestEntry testId="ca7752fd-c28a-2eb8-8f5e-49b6ef0284d8" executionId="d0a168eb-2853-4625-966b-3ccdc791544a" testListId="8c84fa94-04c1-424b-9868-57a2d4851a1d" />
    <TestEntry testId="31f7b449-2a75-9290-2b1b-c1e2846a3973" executionId="34c4daa0-9e7b-47b0-bc3c-e88dbfa929d6" testListId="8c84fa94-04c1-424b-9868-57a2d4851a1d" />
    <TestEntry testId="9c4061d1-7b4d-72a8-5d62-324df6948592" executionId="4d41c48d-96b4-498f-8016-8c97761cc413" testListId="8c84fa94-04c1-424b-9868-57a2d4851a1d" />
    <TestEntry testId="767d2771-3c39-19fb-57bf-e8e2daef4940" executionId="7f5a618c-bd13-49c7-9c1c-fbdbd683ca20" testListId="8c84fa94-04c1-424b-9868-57a2d4851a1d" />
    <TestEntry testId="9d53fc33-d776-6625-1b0a-4b6f01111549" executionId="4376e2d9-b9ea-4bc3-84c2-ecd701b7d596" testListId="8c84fa94-04c1-424b-9868-57a2d4851a1d" />
    <TestEntry testId="73c56291-a896-78c5-1d0e-13918f0ef198" executionId="2361432d-57ef-4fe9-9839-69ed551d6c48" testListId="8c84fa94-04c1-424b-9868-57a2d4851a1d" />
    <TestEntry testId="7246089f-63b6-7ef4-dd1c-f0a97a0cbf37" executionId="90e13ea8-7915-48af-bd76-d7a9666d725b" testListId="8c84fa94-04c1-424b-9868-57a2d4851a1d" />
    <TestEntry testId="d72bcf70-eede-0359-7f9b-84883d87f42f" executionId="29441af4-6ba6-498a-8d27-da17080489fe" testListId="8c84fa94-04c1-424b-9868-57a2d4851a1d" />
    <TestEntry testId="d60d3051-e4c9-0f9c-9d61-8cc77d0b060c" executionId="6db3ba68-d6c1-4c3e-bdeb-4640dd98605e" testListId="8c84fa94-04c1-424b-9868-57a2d4851a1d" />
    <TestEntry testId="795064b0-2888-68bc-0d9d-08f16c34f1ea" executionId="98a18b0c-acf2-4d6b-bb58-938402f92221" testListId="8c84fa94-04c1-424b-9868-57a2d4851a1d" />
    <TestEntry testId="0121a31e-93ae-d153-ca29-460cffa0b710" executionId="0cde5354-69d6-487c-bf05-51d12ce477f0" testListId="8c84fa94-04c1-424b-9868-57a2d4851a1d" />
    <TestEntry testId="0d55a627-fd9d-8340-fffa-8d6e51b78a92" executionId="5ec067e5-ee00-4225-801b-8c6e69fde461" testListId="8c84fa94-04c1-424b-9868-57a2d4851a1d" />
    <TestEntry testId="ed2fc56e-1956-21e4-fa3d-840c8fe46677" executionId="36f3e375-aa78-48bc-9dd7-61c0a2e3be6e" testListId="8c84fa94-04c1-424b-9868-57a2d4851a1d" />
    <TestEntry testId="19841e8f-f411-41cb-ae2b-9bc38aa5560d" executionId="652ff248-ac6d-463c-b8b9-f03e0e1df938" testListId="8c84fa94-04c1-424b-9868-57a2d4851a1d" />
    <TestEntry testId="118c5093-dd4d-05af-5b6d-0f37c0d730c3" executionId="b017a206-d22f-44ec-8f99-023324bcbd20" testListId="8c84fa94-04c1-424b-9868-57a2d4851a1d" />
    <TestEntry testId="4d20292b-dbaf-eee0-cf45-638c0a52c116" executionId="83f17c2b-15ea-432b-b747-03de1e84de2d" testListId="8c84fa94-04c1-424b-9868-57a2d4851a1d" />
    <TestEntry testId="974b0525-eec9-9c0d-84c0-1e28bcdfdce9" executionId="0d66a333-d525-4b80-ac54-d62d4aed29ea" testListId="8c84fa94-04c1-424b-9868-57a2d4851a1d" />
    <TestEntry testId="25b8fb25-b35c-750d-fc82-a043fadd7008" executionId="67b77ecf-5097-4a46-8915-71dab0610731" testListId="8c84fa94-04c1-424b-9868-57a2d4851a1d" />
  </TestEntries>
  <TestLists>
    <TestList name="Results Not in a List" id="8c84fa94-04c1-424b-9868-57a2d4851a1d" />
    <TestList name="All Loaded Results" id="19431567-8539-422a-85d7-44ee4e166bda" />
  </TestLists>
  <ResultSummary outcome="Failed">
    <Counters total="178" executed="178" passed="170" failed="8" error="0" timeout="0" aborted="0" inconclusive="0" passedButRunAborted="0" notRunnable="0" notExecuted="0" disconnected="0" warning="0" completed="0" inProgress="0" pending="0" />
    <Output>
      <StdOut>[xUnit.net 00:00:00.00] xUnit.net VSTest Adapter v2.8.2+699d445a1a (64-bit .NET 9.0.8)&#xD;
[xUnit.net 00:00:00.42]   Discovering: WileyWidget.Tests&#xD;
[xUnit.net 00:00:00.47]   Discovered:  WileyWidget.Tests&#xD;
[xUnit.net 00:00:00.47]   Starting:    WileyWidget.Tests&#xD;
[xUnit.net 00:00:00.55]       Expected validation to fail but it passed&#xD;
[xUnit.net 00:00:00.55]       Stack Trace:&#xD;
[xUnit.net 00:00:00.56]         C:\Users\biges\Desktop\Wiley_Widget\WileyWidget.Tests\EnterpriseTests.cs(96,0): at WileyWidget.Tests.EnterpriseTests.Enterprise_CurrentRate_Validation(Decimal rate, Boolean shouldBeValid)&#xD;
[xUnit.net 00:00:00.56]            at InvokeStub_EnterpriseTests.Enterprise_CurrentRate_Validation(Object, Span`1)&#xD;
[xUnit.net 00:00:00.56]            at System.Reflection.MethodBaseInvoker.InvokeWithFewArgs(Object obj, BindingFlags invokeAttr, Binder binder, Object[] parameters, CultureInfo culture)&#xD;
[xUnit.net 00:00:00.56]       Assert.Equal() Failure: Values differ&#xD;
[xUnit.net 00:00:00.56]       Expected: True&#xD;
[xUnit.net 00:00:00.56]       Actual:   False&#xD;
[xUnit.net 00:00:00.56]       Stack Trace:&#xD;
[xUnit.net 00:00:00.56]         C:\Users\biges\Desktop\Wiley_Widget\WileyWidget.Tests\BudgetInteractionTests.cs(119,0): at WileyWidget.Tests.BudgetInteractionTests.BudgetInteraction_MonthlyAmount_Validation(Decimal amount, Boolean shouldBeValid)&#xD;
[xUnit.net 00:00:00.56]            at InvokeStub_BudgetInteractionTests.BudgetInteraction_MonthlyAmount_Validation(Object, Span`1)&#xD;
[xUnit.net 00:00:00.56]            at System.Reflection.MethodBaseInvoker.InvokeWithFewArgs(Object obj, BindingFlags invokeAttr, Binder binder, Object[] parameters, CultureInfo culture)&#xD;
[xUnit.net 00:00:00.56]       Assert.Equal() Failure: Values differ&#xD;
[xUnit.net 00:00:00.56]       Expected: True&#xD;
[xUnit.net 00:00:00.56]       Actual:   False&#xD;
[xUnit.net 00:00:00.56]       Stack Trace:&#xD;
[xUnit.net 00:00:00.56]         C:\Users\biges\Desktop\Wiley_Widget\WileyWidget.Tests\ComprehensiveViewModelTests.cs(411,0): at WileyWidget.Tests.EnterpriseModelTests.Enterprise_MonthlyExpenses_Validation(Decimal expenses, Boolean shouldBeValid)&#xD;
[xUnit.net 00:00:00.56]            at InvokeStub_EnterpriseModelTests.Enterprise_MonthlyExpenses_Validation(Object, Span`1)&#xD;
[xUnit.net 00:00:00.56]            at System.Reflection.MethodBaseInvoker.InvokeWithFewArgs(Object obj, BindingFlags invokeAttr, Binder binder, Object[] parameters, CultureInfo culture)&#xD;
[xUnit.net 00:00:00.56]       Expected valid but got validation errors: Warning: Enterprise is operating at a deficit!&#xD;
[xUnit.net 00:00:00.56]       Stack Trace:&#xD;
[xUnit.net 00:00:00.56]         C:\Users\biges\Desktop\Wiley_Widget\WileyWidget.Tests\EnterpriseTests.cs(92,0): at WileyWidget.Tests.EnterpriseTests.Enterprise_CurrentRate_Validation(Decimal rate, Boolean shouldBeValid)&#xD;
[xUnit.net 00:00:00.56]            at InvokeStub_EnterpriseTests.Enterprise_CurrentRate_Validation(Object, Span`1)&#xD;
[xUnit.net 00:00:00.56]            at System.Reflection.MethodBaseInvoker.InvokeWithFewArgs(Object obj, BindingFlags invokeAttr, Binder binder, Object[] parameters, CultureInfo culture)&#xD;
[xUnit.net 00:00:00.56]       Assert.Contains() Failure: Filter not matched in collection&#xD;
[xUnit.net 00:00:00.56]       Collection: [Amount must be greater than 0]&#xD;
[xUnit.net 00:00:00.56]       Stack Trace:&#xD;
[xUnit.net 00:00:00.56]         C:\Users\biges\Desktop\Wiley_Widget\WileyWidget.Tests\BudgetInteractionTests.cs(122,0): at WileyWidget.Tests.BudgetInteractionTests.BudgetInteraction_MonthlyAmount_Validation(Decimal amount, Boolean shouldBeValid)&#xD;
[xUnit.net 00:00:00.56]            at InvokeStub_BudgetInteractionTests.BudgetInteraction_MonthlyAmount_Validation(Object, Span`1)&#xD;
[xUnit.net 00:00:00.56]            at System.Reflection.MethodBaseInvoker.InvokeWithFewArgs(Object obj, BindingFlags invokeAttr, Binder binder, Object[] parameters, CultureInfo culture)&#xD;
[xUnit.net 00:00:00.56]       Assert.Equal() Failure: Values differ&#xD;
[xUnit.net 00:00:00.56]       Expected: False&#xD;
[xUnit.net 00:00:00.56]       Actual:   True&#xD;
[xUnit.net 00:00:00.56]       Stack Trace:&#xD;
[xUnit.net 00:00:00.56]         C:\Users\biges\Desktop\Wiley_Widget\WileyWidget.Tests\ComprehensiveViewModelTests.cs(383,0): at WileyWidget.Tests.EnterpriseModelTests.Enterprise_CurrentRate_Validation(Decimal rate, Boolean shouldBeValid)&#xD;
[xUnit.net 00:00:00.56]            at InvokeStub_EnterpriseModelTests.Enterprise_CurrentRate_Validation(Object, Span`1)&#xD;
[xUnit.net 00:00:00.56]            at System.Reflection.MethodBaseInvoker.InvokeWithFewArgs(Object obj, BindingFlags invokeAttr, Binder binder, Object[] parameters, CultureInfo culture)&#xD;
[xUnit.net 00:00:00.56]       Assert.Equal() Failure: Values differ&#xD;
[xUnit.net 00:00:00.56]       Expected: False&#xD;
[xUnit.net 00:00:00.56]       Actual:   True&#xD;
[xUnit.net 00:00:00.56]       Stack Trace:&#xD;
[xUnit.net 00:00:00.56]         C:\Users\biges\Desktop\Wiley_Widget\WileyWidget.Tests\ComprehensiveViewModelTests.cs(383,0): at WileyWidget.Tests.EnterpriseModelTests.Enterprise_CurrentRate_Validation(Decimal rate, Boolean shouldBeValid)&#xD;
[xUnit.net 00:00:00.56]            at InvokeStub_EnterpriseModelTests.Enterprise_CurrentRate_Validation(Object, Span`1)&#xD;
[xUnit.net 00:00:00.56]            at System.Reflection.MethodBaseInvoker.InvokeWithFewArgs(Object obj, BindingFlags invokeAttr, Binder binder, Object[] parameters, CultureInfo culture)&#xD;
[xUnit.net 00:00:00.56]       Assert.Equal() Failure: Values differ&#xD;
[xUnit.net 00:00:00.56]       Expected: True&#xD;
[xUnit.net 00:00:00.56]       Actual:   False&#xD;
[xUnit.net 00:00:00.56]       Stack Trace:&#xD;
[xUnit.net 00:00:00.56]         C:\Users\biges\Desktop\Wiley_Widget\WileyWidget.Tests\ComprehensiveViewModelTests.cs(383,0): at WileyWidget.Tests.EnterpriseModelTests.Enterprise_CurrentRate_Validation(Decimal rate, Boolean shouldBeValid)&#xD;
[xUnit.net 00:00:00.56]            at InvokeStub_EnterpriseModelTests.Enterprise_CurrentRate_Validation(Object, Span`1)&#xD;
[xUnit.net 00:00:00.56]            at System.Reflection.MethodBaseInvoker.InvokeWithFewArgs(Object obj, BindingFlags invokeAttr, Binder binder, Object[] parameters, CultureInfo culture)&#xD;
Error adding enterprise: Cannot access a disposed context instance. A common cause of this error is disposing a context instance that was resolved from dependency injection and then later trying to use the same context instance elsewhere in your application. This may occur if you are calling 'Dispose' on the context instance, or wrapping it in a using statement. If you are using dependency injection, you should let the dependency injection container take care of disposing context instances.&#xD;
Object name: 'AppDbContext'.&#xD;
Seeding database with sample enterprise data...&#xD;
Database seeded successfully!&#xD;
Created 4 enterprises&#xD;
Created 2 budget interactions&#xD;
Total Monthly Revenue: $11750.00&#xD;
Total Monthly Expenses: $15700.00&#xD;
Monthly Balance: $-3950.00&#xD;
Database already seeded. Skipping...&#xD;
Database initialization failed: SQLite Error 14: 'unable to open database file'.&#xD;
Seeding database with sample enterprise data...&#xD;
Database seeded successfully!&#xD;
Created 4 enterprises&#xD;
Created 2 budget interactions&#xD;
Total Monthly Revenue: $11750.00&#xD;
Total Monthly Expenses: $15700.00&#xD;
Monthly Balance: $-3950.00&#xD;
Seeding database with sample enterprise data...&#xD;
Database seeded successfully!&#xD;
Created 4 enterprises&#xD;
Created 2 budget interactions&#xD;
Total Monthly Revenue: $11750.00&#xD;
Total Monthly Expenses: $15700.00&#xD;
Monthly Balance: $-3950.00&#xD;
Seeding database with sample enterprise data...&#xD;
Database seeded successfully!&#xD;
Created 4 enterprises&#xD;
Created 2 budget interactions&#xD;
Total Monthly Revenue: $11750.00&#xD;
Total Monthly Expenses: $15700.00&#xD;
Monthly Balance: $-3950.00&#xD;
[xUnit.net 00:00:01.79]   Finished:    WileyWidget.Tests&#xD;
</StdOut>
    </Output>
    <RunInfos>
      <RunInfo computerName="MCKITRICK" outcome="Error" timestamp="2025-08-30T05:59:37.4255726-06:00">
        <Text>[xUnit.net 00:00:00.55]     WileyWidget.Tests.EnterpriseTests.Enterprise_CurrentRate_Validation(rate: 0, shouldBeValid: False) [FAIL]</Text>
      </RunInfo>
      <RunInfo computerName="MCKITRICK" outcome="Error" timestamp="2025-08-30T05:59:37.4321831-06:00">
        <Text>[xUnit.net 00:00:00.56]     WileyWidget.Tests.BudgetInteractionTests.BudgetInteraction_MonthlyAmount_Validation(amount: 0, shouldBeValid: True) [FAIL]</Text>
      </RunInfo>
      <RunInfo computerName="MCKITRICK" outcome="Error" timestamp="2025-08-30T05:59:37.4327382-06:00">
        <Text>[xUnit.net 00:00:00.56]     WileyWidget.Tests.EnterpriseModelTests.Enterprise_MonthlyExpenses_Validation(expenses: 0, shouldBeValid: True) [FAIL]</Text>
      </RunInfo>
      <RunInfo computerName="MCKITRICK" outcome="Error" timestamp="2025-08-30T05:59:37.4330347-06:00">
        <Text>[xUnit.net 00:00:00.56]     WileyWidget.Tests.EnterpriseTests.Enterprise_CurrentRate_Validation(rate: 1000, shouldBeValid: True) [FAIL]</Text>
      </RunInfo>
      <RunInfo computerName="MCKITRICK" outcome="Error" timestamp="2025-08-30T05:59:37.4333163-06:00">
        <Text>[xUnit.net 00:00:00.56]     WileyWidget.Tests.BudgetInteractionTests.BudgetInteraction_MonthlyAmount_Validation(amount: -1, shouldBeValid: False) [FAIL]</Text>
      </RunInfo>
      <RunInfo computerName="MCKITRICK" outcome="Error" timestamp="2025-08-30T05:59:37.4371975-06:00">
        <Text>[xUnit.net 00:00:00.56]     WileyWidget.Tests.EnterpriseModelTests.Enterprise_CurrentRate_Validation(rate: 0, shouldBeValid: False) [FAIL]</Text>
      </RunInfo>
      <RunInfo computerName="MCKITRICK" outcome="Error" timestamp="2025-08-30T05:59:37.4386682-06:00">
        <Text>[xUnit.net 00:00:00.56]     WileyWidget.Tests.EnterpriseModelTests.Enterprise_CurrentRate_Validation(rate: 0.005, shouldBeValid: False) [FAIL]</Text>
      </RunInfo>
      <RunInfo computerName="MCKITRICK" outcome="Error" timestamp="2025-08-30T05:59:37.4390606-06:00">
        <Text>[xUnit.net 00:00:00.56]     WileyWidget.Tests.EnterpriseModelTests.Enterprise_CurrentRate_Validation(rate: 100, shouldBeValid: True) [FAIL]</Text>
      </RunInfo>
    </RunInfos>
  </ResultSummary>
</TestRun>