<?xml version="1.0" encoding="utf-8"?>
<TestRun id="45ae121f-3e7a-4195-94d4-f86208e05606" name="biges@MCKITRICK 2025-08-30 05:59:44" runUser="MCKITRICK\biges" xmlns="http://microsoft.com/schemas/VisualStudio/TeamTest/2010">
  <Times creation="2025-08-30T05:59:44.2212619-06:00" queuing="2025-08-30T05:59:44.2212622-06:00" start="2025-08-30T05:59:36.3511460-06:00" finish="2025-08-30T06:00:16.1187963-06:00" />
  <TestSettings name="default" id="4d2d8c63-2dfd-4dea-9c84-c22e562699d5">
    <Deployment runDeploymentRoot="biges_MCKITRICK_2025-08-30_05_59_44" />
  </TestSettings>
  <Results>
    <UnitTestResult executionId="20988952-c236-4ffc-95b7-721329c4d0e7" testId="b784be1b-b728-44f4-8e70-095fc6250191" testName="WileyWidget.UiTests.MainWindowUITests.MainWindow_ContainsRibbonInterface" computerName="MCKITRICK" duration="00:00:04.2193636" startTime="2025-08-30T05:59:48.4228913-06:00" endTime="2025-08-30T05:59:48.4228915-06:00" testType="13cdc9d9-ddb5-4fa4-a97d-d965ccfc6d4b" outcome="Failed" testListId="8c84fa94-04c1-424b-9868-57a2d4851a1d" relativeResultsDirectory="20988952-c236-4ffc-95b7-721329c4d0e7">
      <Output>
        <ErrorInfo>
          <Message>System.Exception : Failed to launch application after 3 attempts. Last error: Could not find process with id: 97964&#xD;
---- System.Exception : Could not find process with id: 97964&#xD;
-------- System.ArgumentException : Process with an Id of 97964 is not running.</Message>
          <StackTrace>   at WileyWidget.UiTests.MainWindowUITests.MainWindow_ContainsRibbonInterface() in C:\Users\biges\Desktop\Wiley_Widget\WileyWidget.UiTests\MainWindowUITests.cs:line 678&#xD;
   at System.RuntimeMethodHandle.InvokeMethod(Object target, Void** arguments, Signature sig, Boolean isConstructor)&#xD;
   at System.Reflection.MethodBaseInvoker.InvokeWithNoArgs(Object obj, BindingFlags invokeAttr)&#xD;
----- Inner Stack Trace -----&#xD;
   at FlaUI.Core.Application.FindProcess(Int32 processId)&#xD;
   at FlaUI.Core.Application.&lt;WaitWhileMainHandleIsMissing&gt;b__33_0()&#xD;
   at FlaUI.Core.Tools.Retry.&lt;&gt;c__DisplayClass12_0.&lt;WhileTrue&gt;b__0()&#xD;
   at FlaUI.Core.Tools.Retry.While[T](Func`1 retryMethod, Func`2 checkMethod, Nullable`1 timeout, Nullable`1 interval, Boolean throwOnTimeout, Boolean ignoreException, String timeoutMessage, Boolean lastValueOnTimeout, T defaultOnTimeout)&#xD;
   at FlaUI.Core.Tools.Retry.WhileTrue(Func`1 checkMethod, Nullable`1 timeout, Nullable`1 interval, Boolean throwOnTimeout, Boolean ignoreException, String timeoutMessage)&#xD;
   at FlaUI.Core.Application.WaitWhileMainHandleIsMissing(Nullable`1 waitTimeout)&#xD;
   at FlaUI.Core.Application.GetMainWindow(AutomationBase automation, Nullable`1 waitTimeout)&#xD;
   at WileyWidget.UiTests.MainWindowUITests.MainWindow_ContainsRibbonInterface() in C:\Users\biges\Desktop\Wiley_Widget\WileyWidget.UiTests\MainWindowUITests.cs:line 644&#xD;
----- Inner Stack Trace -----&#xD;
   at System.Diagnostics.Process.GetProcessById(Int32 processId, String machineName)&#xD;
   at FlaUI.Core.Application.FindProcess(Int32 processId)</StackTrace>
        </ErrorInfo>
      </Output>
    </UnitTestResult>
    <UnitTestResult executionId="5355d54d-2114-409d-8d38-26e3f4552dcd" testId="759a79a0-c917-a9ba-b00f-8ffc9e102928" testName="WileyWidget.UiTests.MainWindowUITests.MainWindow_HasAllExpectedTabs" computerName="MCKITRICK" duration="00:00:04.2349308" startTime="2025-08-30T06:00:16.0543582-06:00" endTime="2025-08-30T06:00:16.0543590-06:00" testType="13cdc9d9-ddb5-4fa4-a97d-d965ccfc6d4b" outcome="Failed" testListId="8c84fa94-04c1-424b-9868-57a2d4851a1d" relativeResultsDirectory="5355d54d-2114-409d-8d38-26e3f4552dcd">
      <Output>
        <ErrorInfo>
          <Message>System.Exception : Failed to launch application after 3 attempts. Last error: Could not find process with id: 86900&#xD;
---- System.Exception : Could not find process with id: 86900&#xD;
-------- System.ArgumentException : Process with an Id of 86900 is not running.</Message>
          <StackTrace>   at WileyWidget.UiTests.MainWindowUITests.MainWindow_HasAllExpectedTabs() in C:\Users\biges\Desktop\Wiley_Widget\WileyWidget.UiTests\MainWindowUITests.cs:line 892&#xD;
   at System.RuntimeMethodHandle.InvokeMethod(Object target, Void** arguments, Signature sig, Boolean isConstructor)&#xD;
   at System.Reflection.MethodBaseInvoker.InvokeWithNoArgs(Object obj, BindingFlags invokeAttr)&#xD;
----- Inner Stack Trace -----&#xD;
   at FlaUI.Core.Application.FindProcess(Int32 processId)&#xD;
   at FlaUI.Core.Application.&lt;WaitWhileMainHandleIsMissing&gt;b__33_0()&#xD;
   at FlaUI.Core.Tools.Retry.&lt;&gt;c__DisplayClass12_0.&lt;WhileTrue&gt;b__0()&#xD;
   at FlaUI.Core.Tools.Retry.While[T](Func`1 retryMethod, Func`2 checkMethod, Nullable`1 timeout, Nullable`1 interval, Boolean throwOnTimeout, Boolean ignoreException, String timeoutMessage, Boolean lastValueOnTimeout, T defaultOnTimeout)&#xD;
   at FlaUI.Core.Tools.Retry.WhileTrue(Func`1 checkMethod, Nullable`1 timeout, Nullable`1 interval, Boolean throwOnTimeout, Boolean ignoreException, String timeoutMessage)&#xD;
   at FlaUI.Core.Application.WaitWhileMainHandleIsMissing(Nullable`1 waitTimeout)&#xD;
   at FlaUI.Core.Application.GetMainWindow(AutomationBase automation, Nullable`1 waitTimeout)&#xD;
   at WileyWidget.UiTests.MainWindowUITests.MainWindow_HasAllExpectedTabs() in C:\Users\biges\Desktop\Wiley_Widget\WileyWidget.UiTests\MainWindowUITests.cs:line 858&#xD;
----- Inner Stack Trace -----&#xD;
   at System.Diagnostics.Process.GetProcessById(Int32 processId, String machineName)&#xD;
   at FlaUI.Core.Application.FindProcess(Int32 processId)</StackTrace>
        </ErrorInfo>
      </Output>
    </UnitTestResult>
    <UnitTestResult executionId="722b6d0c-9a7a-4beb-a4d7-1869a1fc35a6" testId="4e09d0f0-d0e3-ce1a-54bc-44a73be06ad0" testName="WileyWidget.UiTests.MainWindowUITests.Application_CanBeLaunchedFromTestEnvironment" computerName="MCKITRICK" duration="00:00:08.0662852" startTime="2025-08-30T06:00:02.7360920-06:00" endTime="2025-08-30T06:00:02.7360924-06:00" testType="13cdc9d9-ddb5-4fa4-a97d-d965ccfc6d4b" outcome="Failed" testListId="8c84fa94-04c1-424b-9868-57a2d4851a1d" relativeResultsDirectory="722b6d0c-9a7a-4beb-a4d7-1869a1fc35a6">
      <Output>
        <ErrorInfo>
          <Message>Assert.NotNull() Failure: Value is null</Message>
          <StackTrace>   at WileyWidget.UiTests.MainWindowUITests.Application_CanBeLaunchedFromTestEnvironment() in C:\Users\biges\Desktop\Wiley_Widget\WileyWidget.UiTests\MainWindowUITests.cs:line 396&#xD;
   at System.RuntimeMethodHandle.InvokeMethod(Object target, Void** arguments, Signature sig, Boolean isConstructor)&#xD;
   at System.Reflection.MethodBaseInvoker.InvokeWithNoArgs(Object obj, BindingFlags invokeAttr)</StackTrace>
        </ErrorInfo>
      </Output>
    </UnitTestResult>
    <UnitTestResult executionId="606d3cfe-cf5a-423c-a28f-1a59d11405d8" testId="9ab75ed6-d1cd-9d2c-d923-2c24a71bf80f" testName="WileyWidget.UiTests.MainWindowUITests.Application_Process_CanBeLaunched" computerName="MCKITRICK" duration="00:00:02.0177144" startTime="2025-08-30T05:59:54.6688991-06:00" endTime="2025-08-30T05:59:54.6688992-06:00" testType="13cdc9d9-ddb5-4fa4-a97d-d965ccfc6d4b" outcome="Failed" testListId="8c84fa94-04c1-424b-9868-57a2d4851a1d" relativeResultsDirectory="606d3cfe-cf5a-423c-a28f-1a59d11405d8">
      <Output>
        <ErrorInfo>
          <Message>System.ArgumentException : Process with an Id of 43016 is not running.</Message>
          <StackTrace>   at System.Diagnostics.Process.GetProcessById(Int32 processId, String machineName)&#xD;
   at WileyWidget.UiTests.MainWindowUITests.Application_Process_CanBeLaunched() in C:\Users\biges\Desktop\Wiley_Widget\WileyWidget.UiTests\MainWindowUITests.cs:line 303&#xD;
   at System.RuntimeMethodHandle.InvokeMethod(Object target, Void** arguments, Signature sig, Boolean isConstructor)&#xD;
   at System.Reflection.MethodBaseInvoker.InvokeWithNoArgs(Object obj, BindingFlags invokeAttr)</StackTrace>
        </ErrorInfo>
      </Output>
    </UnitTestResult>
    <UnitTestResult executionId="0b6f3a87-16ce-4303-9d70-0200579b77d8" testId="c573233b-408e-6660-ac37-3cc6b7d50246" testName="WileyWidget.UiTests.MainWindowUITests.UI_Framework_Compatibility_Check" computerName="MCKITRICK" duration="00:00:00.0014982" startTime="2025-08-30T05:59:48.4239228-06:00" endTime="2025-08-30T05:59:48.4239230-06:00" testType="13cdc9d9-ddb5-4fa4-a97d-d965ccfc6d4b" outcome="Passed" testListId="8c84fa94-04c1-424b-9868-57a2d4851a1d" relativeResultsDirectory="0b6f3a87-16ce-4303-9d70-0200579b77d8" />
    <UnitTestResult executionId="1401dffe-e4e5-4828-bbeb-5f25edd23901" testId="fba49196-ded9-4235-7a6e-d8bc3d32b0fa" testName="WileyWidget.UiTests.MainWindowUITests.MainWindow_CanBeLaunched" computerName="MCKITRICK" duration="00:00:00.0010000" startTime="2025-08-30T06:00:02.7369943-06:00" endTime="2025-08-30T06:00:02.7369946-06:00" testType="13cdc9d9-ddb5-4fa4-a97d-d965ccfc6d4b" outcome="NotExecuted" testListId="8c84fa94-04c1-424b-9868-57a2d4851a1d" relativeResultsDirectory="1401dffe-e4e5-4828-bbeb-5f25edd23901">
      <Output>
        <ErrorInfo>
          <Message>Requires application to be built and available</Message>
        </ErrorInfo>
      </Output>
    </UnitTestResult>
    <UnitTestResult executionId="296d689a-290e-41f8-84f2-9db45f40c515" testId="f6d5f5bb-05c6-918d-ca59-9e31473e5112" testName="WileyWidget.UiTests.MainWindowUITests.MainWindow_HasExpectedDimensions" computerName="MCKITRICK" duration="00:00:09.0804721" startTime="2025-08-30T06:00:11.8163674-06:00" endTime="2025-08-30T06:00:11.8163676-06:00" testType="13cdc9d9-ddb5-4fa4-a97d-d965ccfc6d4b" outcome="Failed" testListId="8c84fa94-04c1-424b-9868-57a2d4851a1d" relativeResultsDirectory="296d689a-290e-41f8-84f2-9db45f40c515">
      <Output>
        <ErrorInfo>
          <Message>Assert.NotNull() Failure: Value is null</Message>
          <StackTrace>   at WileyWidget.UiTests.MainWindowUITests.MainWindow_HasExpectedDimensions() in C:\Users\biges\Desktop\Wiley_Widget\WileyWidget.UiTests\MainWindowUITests.cs:line 573&#xD;
   at System.RuntimeMethodHandle.InvokeMethod(Object target, Void** arguments, Signature sig, Boolean isConstructor)&#xD;
   at System.Reflection.MethodBaseInvoker.InvokeWithNoArgs(Object obj, BindingFlags invokeAttr)</StackTrace>
        </ErrorInfo>
      </Output>
    </UnitTestResult>
    <UnitTestResult executionId="89f0ff5f-1936-4e75-ba59-63fc81116790" testId="9daec5f3-5b2a-58a6-e44e-972fdbc203a3" testName="WileyWidget.UiTests.MainWindowUITests.MainWindow_HasExpectedUIElements" computerName="MCKITRICK" duration="00:00:00.0010000" startTime="2025-08-30T05:59:48.4244522-06:00" endTime="2025-08-30T05:59:48.4244523-06:00" testType="13cdc9d9-ddb5-4fa4-a97d-d965ccfc6d4b" outcome="NotExecuted" testListId="8c84fa94-04c1-424b-9868-57a2d4851a1d" relativeResultsDirectory="89f0ff5f-1936-4e75-ba59-63fc81116790">
      <Output>
        <ErrorInfo>
          <Message>Requires application to be built and available</Message>
        </ErrorInfo>
      </Output>
    </UnitTestResult>
    <UnitTestResult executionId="412d8a26-ca21-4e40-b022-7cacd92e6168" testId="8ccd3ba8-584e-e74e-cadd-221f276c8394" testName="WileyWidget.UiTests.MainWindowUITests.MainWindow_ContainsTabControl" computerName="MCKITRICK" duration="00:00:04.2273426" startTime="2025-08-30T05:59:52.6515086-06:00" endTime="2025-08-30T05:59:52.6515088-06:00" testType="13cdc9d9-ddb5-4fa4-a97d-d965ccfc6d4b" outcome="Failed" testListId="8c84fa94-04c1-424b-9868-57a2d4851a1d" relativeResultsDirectory="412d8a26-ca21-4e40-b022-7cacd92e6168">
      <Output>
        <ErrorInfo>
          <Message>System.Exception : Failed to launch application after 3 attempts. Last error: Could not find process with id: 73532&#xD;
---- System.Exception : Could not find process with id: 73532&#xD;
-------- System.ArgumentException : Process with an Id of 73532 is not running.</Message>
          <StackTrace>   at WileyWidget.UiTests.MainWindowUITests.MainWindow_ContainsTabControl() in C:\Users\biges\Desktop\Wiley_Widget\WileyWidget.UiTests\MainWindowUITests.cs:line 785&#xD;
   at System.RuntimeMethodHandle.InvokeMethod(Object target, Void** arguments, Signature sig, Boolean isConstructor)&#xD;
   at System.Reflection.MethodBaseInvoker.InvokeWithNoArgs(Object obj, BindingFlags invokeAttr)&#xD;
----- Inner Stack Trace -----&#xD;
   at FlaUI.Core.Application.FindProcess(Int32 processId)&#xD;
   at FlaUI.Core.Application.&lt;WaitWhileMainHandleIsMissing&gt;b__33_0()&#xD;
   at FlaUI.Core.Tools.Retry.&lt;&gt;c__DisplayClass12_0.&lt;WhileTrue&gt;b__0()&#xD;
   at FlaUI.Core.Tools.Retry.While[T](Func`1 retryMethod, Func`2 checkMethod, Nullable`1 timeout, Nullable`1 interval, Boolean throwOnTimeout, Boolean ignoreException, String timeoutMessage, Boolean lastValueOnTimeout, T defaultOnTimeout)&#xD;
   at FlaUI.Core.Tools.Retry.WhileTrue(Func`1 checkMethod, Nullable`1 timeout, Nullable`1 interval, Boolean throwOnTimeout, Boolean ignoreException, String timeoutMessage)&#xD;
   at FlaUI.Core.Application.WaitWhileMainHandleIsMissing(Nullable`1 waitTimeout)&#xD;
   at FlaUI.Core.Application.GetMainWindow(AutomationBase automation, Nullable`1 waitTimeout)&#xD;
   at WileyWidget.UiTests.MainWindowUITests.MainWindow_ContainsTabControl() in C:\Users\biges\Desktop\Wiley_Widget\WileyWidget.UiTests\MainWindowUITests.cs:line 751&#xD;
----- Inner Stack Trace -----&#xD;
   at System.Diagnostics.Process.GetProcessById(Int32 processId, String machineName)&#xD;
   at FlaUI.Core.Application.FindProcess(Int32 processId)</StackTrace>
        </ErrorInfo>
      </Output>
    </UnitTestResult>
    <UnitTestResult executionId="05721575-0ea1-4581-a9e5-c57b0687f51e" testId="9b8797f9-7eae-a20c-6f76-1f24c45beaf5" testName="WileyWidget.UiTests.MainWindowUITests.UI_Automation_CanFindDesktop" computerName="MCKITRICK" duration="00:00:00.0297198" startTime="2025-08-30T06:00:16.0813853-06:00" endTime="2025-08-30T06:00:16.0813856-06:00" testType="13cdc9d9-ddb5-4fa4-a97d-d965ccfc6d4b" outcome="Passed" testListId="8c84fa94-04c1-424b-9868-57a2d4851a1d" relativeResultsDirectory="05721575-0ea1-4581-a9e5-c57b0687f51e" />
    <UnitTestResult executionId="56fc85e8-2de4-46c9-947d-dae900708cd4" testId="3866c083-a176-cae2-61ee-b71cb6185d2b" testName="WileyWidget.UiTests.MainWindowUITests.MainWindow_LoadsWithExpectedTitle" computerName="MCKITRICK" duration="00:00:07.1764680" startTime="2025-08-30T05:59:44.2044899-06:00" endTime="2025-08-30T05:59:44.2045003-06:00" testType="13cdc9d9-ddb5-4fa4-a97d-d965ccfc6d4b" outcome="Failed" testListId="8c84fa94-04c1-424b-9868-57a2d4851a1d" relativeResultsDirectory="56fc85e8-2de4-46c9-947d-dae900708cd4">
      <Output>
        <ErrorInfo>
          <Message>Assert.NotNull() Failure: Value is null</Message>
          <StackTrace>   at WileyWidget.UiTests.MainWindowUITests.MainWindow_LoadsWithExpectedTitle() in C:\Users\biges\Desktop\Wiley_Widget\WileyWidget.UiTests\MainWindowUITests.cs:line 487&#xD;
   at System.RuntimeMethodHandle.InvokeMethod(Object target, Void** arguments, Signature sig, Boolean isConstructor)&#xD;
   at System.Reflection.MethodBaseInvoker.InvokeWithNoArgs(Object obj, BindingFlags invokeAttr)</StackTrace>
        </ErrorInfo>
      </Output>
    </UnitTestResult>
  </Results>
  <TestDefinitions>
    <UnitTest name="WileyWidget.UiTests.MainWindowUITests.Application_Process_CanBeLaunched" storage="c:\users\biges\desktop\wiley_widget\wileywidget.uitests\bin\release\net9.0-windows\wileywidget.uitests.dll" id="9ab75ed6-d1cd-9d2c-d923-2c24a71bf80f">
      <Execution id="606d3cfe-cf5a-423c-a28f-1a59d11405d8" />
      <TestMethod codeBase="C:\Users\biges\Desktop\Wiley_Widget\WileyWidget.UiTests\bin\Release\net9.0-windows\WileyWidget.UiTests.dll" adapterTypeName="executor://xunit/VsTestRunner2/netcoreapp" className="WileyWidget.UiTests.MainWindowUITests" name="Application_Process_CanBeLaunched" />
    </UnitTest>
    <UnitTest name="WileyWidget.UiTests.MainWindowUITests.MainWindow_ContainsTabControl" storage="c:\users\biges\desktop\wiley_widget\wileywidget.uitests\bin\release\net9.0-windows\wileywidget.uitests.dll" id="8ccd3ba8-584e-e74e-cadd-221f276c8394">
      <Execution id="412d8a26-ca21-4e40-b022-7cacd92e6168" />
      <TestMethod codeBase="C:\Users\biges\Desktop\Wiley_Widget\WileyWidget.UiTests\bin\Release\net9.0-windows\WileyWidget.UiTests.dll" adapterTypeName="executor://xunit/VsTestRunner2/netcoreapp" className="WileyWidget.UiTests.MainWindowUITests" name="MainWindow_ContainsTabControl" />
    </UnitTest>
    <UnitTest name="WileyWidget.UiTests.MainWindowUITests.MainWindow_CanBeLaunched" storage="c:\users\biges\desktop\wiley_widget\wileywidget.uitests\bin\release\net9.0-windows\wileywidget.uitests.dll" id="fba49196-ded9-4235-7a6e-d8bc3d32b0fa">
      <Execution id="1401dffe-e4e5-4828-bbeb-5f25edd23901" />
      <TestMethod codeBase="C:\Users\biges\Desktop\Wiley_Widget\WileyWidget.UiTests\bin\Release\net9.0-windows\WileyWidget.UiTests.dll" adapterTypeName="executor://xunit/VsTestRunner2/netcoreapp" className="WileyWidget.UiTests.MainWindowUITests" name="MainWindow_CanBeLaunched" />
    </UnitTest>
    <UnitTest name="WileyWidget.UiTests.MainWindowUITests.UI_Automation_CanFindDesktop" storage="c:\users\biges\desktop\wiley_widget\wileywidget.uitests\bin\release\net9.0-windows\wileywidget.uitests.dll" id="9b8797f9-7eae-a20c-6f76-1f24c45beaf5">
      <Execution id="05721575-0ea1-4581-a9e5-c57b0687f51e" />
      <TestMethod codeBase="C:\Users\biges\Desktop\Wiley_Widget\WileyWidget.UiTests\bin\Release\net9.0-windows\WileyWidget.UiTests.dll" adapterTypeName="executor://xunit/VsTestRunner2/netcoreapp" className="WileyWidget.UiTests.MainWindowUITests" name="UI_Automation_CanFindDesktop" />
    </UnitTest>
    <UnitTest name="WileyWidget.UiTests.MainWindowUITests.MainWindow_HasExpectedDimensions" storage="c:\users\biges\desktop\wiley_widget\wileywidget.uitests\bin\release\net9.0-windows\wileywidget.uitests.dll" id="f6d5f5bb-05c6-918d-ca59-9e31473e5112">
      <Execution id="296d689a-290e-41f8-84f2-9db45f40c515" />
      <TestMethod codeBase="C:\Users\biges\Desktop\Wiley_Widget\WileyWidget.UiTests\bin\Release\net9.0-windows\WileyWidget.UiTests.dll" adapterTypeName="executor://xunit/VsTestRunner2/netcoreapp" className="WileyWidget.UiTests.MainWindowUITests" name="MainWindow_HasExpectedDimensions" />
    </UnitTest>
    <UnitTest name="WileyWidget.UiTests.MainWindowUITests.MainWindow_HasExpectedUIElements" storage="c:\users\biges\desktop\wiley_widget\wileywidget.uitests\bin\release\net9.0-windows\wileywidget.uitests.dll" id="9daec5f3-5b2a-58a6-e44e-972fdbc203a3">
      <Execution id="89f0ff5f-1936-4e75-ba59-63fc81116790" />
      <TestMethod codeBase="C:\Users\biges\Desktop\Wiley_Widget\WileyWidget.UiTests\bin\Release\net9.0-windows\WileyWidget.UiTests.dll" adapterTypeName="executor://xunit/VsTestRunner2/netcoreapp" className="WileyWidget.UiTests.MainWindowUITests" name="MainWindow_HasExpectedUIElements" />
    </UnitTest>
    <UnitTest name="WileyWidget.UiTests.MainWindowUITests.Application_CanBeLaunchedFromTestEnvironment" storage="c:\users\biges\desktop\wiley_widget\wileywidget.uitests\bin\release\net9.0-windows\wileywidget.uitests.dll" id="4e09d0f0-d0e3-ce1a-54bc-44a73be06ad0">
      <Execution id="722b6d0c-9a7a-4beb-a4d7-1869a1fc35a6" />
      <TestMethod codeBase="C:\Users\biges\Desktop\Wiley_Widget\WileyWidget.UiTests\bin\Release\net9.0-windows\WileyWidget.UiTests.dll" adapterTypeName="executor://xunit/VsTestRunner2/netcoreapp" className="WileyWidget.UiTests.MainWindowUITests" name="Application_CanBeLaunchedFromTestEnvironment" />
    </UnitTest>
    <UnitTest name="WileyWidget.UiTests.MainWindowUITests.MainWindow_ContainsRibbonInterface" storage="c:\users\biges\desktop\wiley_widget\wileywidget.uitests\bin\release\net9.0-windows\wileywidget.uitests.dll" id="b784be1b-b728-44f4-8e70-095fc6250191">
      <Execution id="20988952-c236-4ffc-95b7-721329c4d0e7" />
      <TestMethod codeBase="C:\Users\biges\Desktop\Wiley_Widget\WileyWidget.UiTests\bin\Release\net9.0-windows\WileyWidget.UiTests.dll" adapterTypeName="executor://xunit/VsTestRunner2/netcoreapp" className="WileyWidget.UiTests.MainWindowUITests" name="MainWindow_ContainsRibbonInterface" />
    </UnitTest>
    <UnitTest name="WileyWidget.UiTests.MainWindowUITests.UI_Framework_Compatibility_Check" storage="c:\users\biges\desktop\wiley_widget\wileywidget.uitests\bin\release\net9.0-windows\wileywidget.uitests.dll" id="c573233b-408e-6660-ac37-3cc6b7d50246">
      <Execution id="0b6f3a87-16ce-4303-9d70-0200579b77d8" />
      <TestMethod codeBase="C:\Users\biges\Desktop\Wiley_Widget\WileyWidget.UiTests\bin\Release\net9.0-windows\WileyWidget.UiTests.dll" adapterTypeName="executor://xunit/VsTestRunner2/netcoreapp" className="WileyWidget.UiTests.MainWindowUITests" name="UI_Framework_Compatibility_Check" />
    </UnitTest>
    <UnitTest name="WileyWidget.UiTests.MainWindowUITests.MainWindow_LoadsWithExpectedTitle" storage="c:\users\biges\desktop\wiley_widget\wileywidget.uitests\bin\release\net9.0-windows\wileywidget.uitests.dll" id="3866c083-a176-cae2-61ee-b71cb6185d2b">
      <Execution id="56fc85e8-2de4-46c9-947d-dae900708cd4" />
      <TestMethod codeBase="C:\Users\biges\Desktop\Wiley_Widget\WileyWidget.UiTests\bin\Release\net9.0-windows\WileyWidget.UiTests.dll" adapterTypeName="executor://xunit/VsTestRunner2/netcoreapp" className="WileyWidget.UiTests.MainWindowUITests" name="MainWindow_LoadsWithExpectedTitle" />
    </UnitTest>
    <UnitTest name="WileyWidget.UiTests.MainWindowUITests.MainWindow_HasAllExpectedTabs" storage="c:\users\biges\desktop\wiley_widget\wileywidget.uitests\bin\release\net9.0-windows\wileywidget.uitests.dll" id="759a79a0-c917-a9ba-b00f-8ffc9e102928">
      <Execution id="5355d54d-2114-409d-8d38-26e3f4552dcd" />
      <TestMethod codeBase="C:\Users\biges\Desktop\Wiley_Widget\WileyWidget.UiTests\bin\Release\net9.0-windows\WileyWidget.UiTests.dll" adapterTypeName="executor://xunit/VsTestRunner2/netcoreapp" className="WileyWidget.UiTests.MainWindowUITests" name="MainWindow_HasAllExpectedTabs" />
    </UnitTest>
  </TestDefinitions>
  <TestEntries>
    <TestEntry testId="b784be1b-b728-44f4-8e70-095fc6250191" executionId="20988952-c236-4ffc-95b7-721329c4d0e7" testListId="8c84fa94-04c1-424b-9868-57a2d4851a1d" />
    <TestEntry testId="759a79a0-c917-a9ba-b00f-8ffc9e102928" executionId="5355d54d-2114-409d-8d38-26e3f4552dcd" testListId="8c84fa94-04c1-424b-9868-57a2d4851a1d" />
    <TestEntry testId="4e09d0f0-d0e3-ce1a-54bc-44a73be06ad0" executionId="722b6d0c-9a7a-4beb-a4d7-1869a1fc35a6" testListId="8c84fa94-04c1-424b-9868-57a2d4851a1d" />
    <TestEntry testId="9ab75ed6-d1cd-9d2c-d923-2c24a71bf80f" executionId="606d3cfe-cf5a-423c-a28f-1a59d11405d8" testListId="8c84fa94-04c1-424b-9868-57a2d4851a1d" />
    <TestEntry testId="c573233b-408e-6660-ac37-3cc6b7d50246" executionId="0b6f3a87-16ce-4303-9d70-0200579b77d8" testListId="8c84fa94-04c1-424b-9868-57a2d4851a1d" />
    <TestEntry testId="fba49196-ded9-4235-7a6e-d8bc3d32b0fa" executionId="1401dffe-e4e5-4828-bbeb-5f25edd23901" testListId="8c84fa94-04c1-424b-9868-57a2d4851a1d" />
    <TestEntry testId="f6d5f5bb-05c6-918d-ca59-9e31473e5112" executionId="296d689a-290e-41f8-84f2-9db45f40c515" testListId="8c84fa94-04c1-424b-9868-57a2d4851a1d" />
    <TestEntry testId="9daec5f3-5b2a-58a6-e44e-972fdbc203a3" executionId="89f0ff5f-1936-4e75-ba59-63fc81116790" testListId="8c84fa94-04c1-424b-9868-57a2d4851a1d" />
    <TestEntry testId="8ccd3ba8-584e-e74e-cadd-221f276c8394" executionId="412d8a26-ca21-4e40-b022-7cacd92e6168" testListId="8c84fa94-04c1-424b-9868-57a2d4851a1d" />
    <TestEntry testId="9b8797f9-7eae-a20c-6f76-1f24c45beaf5" executionId="05721575-0ea1-4581-a9e5-c57b0687f51e" testListId="8c84fa94-04c1-424b-9868-57a2d4851a1d" />
    <TestEntry testId="3866c083-a176-cae2-61ee-b71cb6185d2b" executionId="56fc85e8-2de4-46c9-947d-dae900708cd4" testListId="8c84fa94-04c1-424b-9868-57a2d4851a1d" />
  </TestEntries>
  <TestLists>
    <TestList name="Results Not in a List" id="8c84fa94-04c1-424b-9868-57a2d4851a1d" />
    <TestList name="All Loaded Results" id="19431567-8539-422a-85d7-44ee4e166bda" />
  </TestLists>
  <ResultSummary outcome="Failed">
    <Counters total="11" executed="9" passed="2" failed="7" error="0" timeout="0" aborted="0" inconclusive="0" passedButRunAborted="0" notRunnable="0" notExecuted="0" disconnected="0" warning="0" completed="0" inProgress="0" pending="0" />
    <Output>
      <StdOut>[xUnit.net 00:00:00.00] xUnit.net VSTest Adapter v2.8.2+699d445a1a (64-bit .NET 9.0.8)&#xD;
[xUnit.net 00:00:00.06]   Discovering: WileyWidget.UiTests&#xD;
[xUnit.net 00:00:00.10]   Discovered:  WileyWidget.UiTests&#xD;
[xUnit.net 00:00:00.11]   Starting:    WileyWidget.UiTests&#xD;
[xUnit.net 00:00:07.33]       Assert.NotNull() Failure: Value is null&#xD;
[xUnit.net 00:00:07.33]       Stack Trace:&#xD;
[xUnit.net 00:00:07.33]         C:\Users\biges\Desktop\Wiley_Widget\WileyWidget.UiTests\MainWindowUITests.cs(487,0): at WileyWidget.UiTests.MainWindowUITests.MainWindow_LoadsWithExpectedTitle()&#xD;
[xUnit.net 00:00:07.33]            at System.RuntimeMethodHandle.InvokeMethod(Object target, Void** arguments, Signature sig, Boolean isConstructor)&#xD;
[xUnit.net 00:00:07.33]            at System.Reflection.MethodBaseInvoker.InvokeWithNoArgs(Object obj, BindingFlags invokeAttr)&#xD;
[xUnit.net 00:00:11.55]       System.Exception : Failed to launch application after 3 attempts. Last error: Could not find process with id: 97964&#xD;
[xUnit.net 00:00:11.55]       ---- System.Exception : Could not find process with id: 97964&#xD;
[xUnit.net 00:00:11.55]       -------- System.ArgumentException : Process with an Id of 97964 is not running.&#xD;
[xUnit.net 00:00:11.55]       Stack Trace:&#xD;
[xUnit.net 00:00:11.55]         C:\Users\biges\Desktop\Wiley_Widget\WileyWidget.UiTests\MainWindowUITests.cs(678,0): at WileyWidget.UiTests.MainWindowUITests.MainWindow_ContainsRibbonInterface()&#xD;
[xUnit.net 00:00:11.55]            at System.RuntimeMethodHandle.InvokeMethod(Object target, Void** arguments, Signature sig, Boolean isConstructor)&#xD;
[xUnit.net 00:00:11.55]            at System.Reflection.MethodBaseInvoker.InvokeWithNoArgs(Object obj, BindingFlags invokeAttr)&#xD;
[xUnit.net 00:00:11.55]         ----- Inner Stack Trace -----&#xD;
[xUnit.net 00:00:11.55]            at FlaUI.Core.Application.FindProcess(Int32 processId)&#xD;
[xUnit.net 00:00:11.55]            at FlaUI.Core.Application.&lt;WaitWhileMainHandleIsMissing&gt;b__33_0()&#xD;
[xUnit.net 00:00:11.55]            at FlaUI.Core.Tools.Retry.&lt;&gt;c__DisplayClass12_0.&lt;WhileTrue&gt;b__0()&#xD;
[xUnit.net 00:00:11.55]            at FlaUI.Core.Tools.Retry.While[T](Func`1 retryMethod, Func`2 checkMethod, Nullable`1 timeout, Nullable`1 interval, Boolean throwOnTimeout, Boolean ignoreException, String timeoutMessage, Boolean lastValueOnTimeout, T defaultOnTimeout)&#xD;
[xUnit.net 00:00:11.55]            at FlaUI.Core.Tools.Retry.WhileTrue(Func`1 checkMethod, Nullable`1 timeout, Nullable`1 interval, Boolean throwOnTimeout, Boolean ignoreException, String timeoutMessage)&#xD;
[xUnit.net 00:00:11.55]            at FlaUI.Core.Application.WaitWhileMainHandleIsMissing(Nullable`1 waitTimeout)&#xD;
[xUnit.net 00:00:11.55]            at FlaUI.Core.Application.GetMainWindow(AutomationBase automation, Nullable`1 waitTimeout)&#xD;
[xUnit.net 00:00:11.55]         C:\Users\biges\Desktop\Wiley_Widget\WileyWidget.UiTests\MainWindowUITests.cs(644,0): at WileyWidget.UiTests.MainWindowUITests.MainWindow_ContainsRibbonInterface()&#xD;
[xUnit.net 00:00:11.55]         ----- Inner Stack Trace -----&#xD;
[xUnit.net 00:00:11.55]            at System.Diagnostics.Process.GetProcessById(Int32 processId, String machineName)&#xD;
[xUnit.net 00:00:11.55]            at FlaUI.Core.Application.FindProcess(Int32 processId)&#xD;
[xUnit.net 00:00:11.55]       Requires application to be built and available&#xD;
Test 'WileyWidget.UiTests.MainWindowUITests.MainWindow_HasExpectedUIElements' was skipped in the test run.&#xD;
[xUnit.net 00:00:15.78]       System.Exception : Failed to launch application after 3 attempts. Last error: Could not find process with id: 73532&#xD;
[xUnit.net 00:00:15.78]       ---- System.Exception : Could not find process with id: 73532&#xD;
[xUnit.net 00:00:15.78]       -------- System.ArgumentException : Process with an Id of 73532 is not running.&#xD;
[xUnit.net 00:00:15.78]       Stack Trace:&#xD;
[xUnit.net 00:00:15.78]         C:\Users\biges\Desktop\Wiley_Widget\WileyWidget.UiTests\MainWindowUITests.cs(785,0): at WileyWidget.UiTests.MainWindowUITests.MainWindow_ContainsTabControl()&#xD;
[xUnit.net 00:00:15.78]            at System.RuntimeMethodHandle.InvokeMethod(Object target, Void** arguments, Signature sig, Boolean isConstructor)&#xD;
[xUnit.net 00:00:15.78]            at System.Reflection.MethodBaseInvoker.InvokeWithNoArgs(Object obj, BindingFlags invokeAttr)&#xD;
[xUnit.net 00:00:15.78]         ----- Inner Stack Trace -----&#xD;
[xUnit.net 00:00:15.78]            at FlaUI.Core.Application.FindProcess(Int32 processId)&#xD;
[xUnit.net 00:00:15.78]            at FlaUI.Core.Application.&lt;WaitWhileMainHandleIsMissing&gt;b__33_0()&#xD;
[xUnit.net 00:00:15.78]            at FlaUI.Core.Tools.Retry.&lt;&gt;c__DisplayClass12_0.&lt;WhileTrue&gt;b__0()&#xD;
[xUnit.net 00:00:15.78]            at FlaUI.Core.Tools.Retry.While[T](Func`1 retryMethod, Func`2 checkMethod, Nullable`1 timeout, Nullable`1 interval, Boolean throwOnTimeout, Boolean ignoreException, String timeoutMessage, Boolean lastValueOnTimeout, T defaultOnTimeout)&#xD;
[xUnit.net 00:00:15.78]            at FlaUI.Core.Tools.Retry.WhileTrue(Func`1 checkMethod, Nullable`1 timeout, Nullable`1 interval, Boolean throwOnTimeout, Boolean ignoreException, String timeoutMessage)&#xD;
[xUnit.net 00:00:15.78]            at FlaUI.Core.Application.WaitWhileMainHandleIsMissing(Nullable`1 waitTimeout)&#xD;
[xUnit.net 00:00:15.78]            at FlaUI.Core.Application.GetMainWindow(AutomationBase automation, Nullable`1 waitTimeout)&#xD;
[xUnit.net 00:00:15.78]         C:\Users\biges\Desktop\Wiley_Widget\WileyWidget.UiTests\MainWindowUITests.cs(751,0): at WileyWidget.UiTests.MainWindowUITests.MainWindow_ContainsTabControl()&#xD;
[xUnit.net 00:00:15.78]         ----- Inner Stack Trace -----&#xD;
[xUnit.net 00:00:15.78]            at System.Diagnostics.Process.GetProcessById(Int32 processId, String machineName)&#xD;
[xUnit.net 00:00:15.78]            at FlaUI.Core.Application.FindProcess(Int32 processId)&#xD;
[xUnit.net 00:00:17.80]       System.ArgumentException : Process with an Id of 43016 is not running.&#xD;
[xUnit.net 00:00:17.80]       Stack Trace:&#xD;
[xUnit.net 00:00:17.80]            at System.Diagnostics.Process.GetProcessById(Int32 processId, String machineName)&#xD;
[xUnit.net 00:00:17.80]         C:\Users\biges\Desktop\Wiley_Widget\WileyWidget.UiTests\MainWindowUITests.cs(303,0): at WileyWidget.UiTests.MainWindowUITests.Application_Process_CanBeLaunched()&#xD;
[xUnit.net 00:00:17.80]            at System.RuntimeMethodHandle.InvokeMethod(Object target, Void** arguments, Signature sig, Boolean isConstructor)&#xD;
[xUnit.net 00:00:17.80]            at System.Reflection.MethodBaseInvoker.InvokeWithNoArgs(Object obj, BindingFlags invokeAttr)&#xD;
[xUnit.net 00:00:25.86]       Assert.NotNull() Failure: Value is null&#xD;
[xUnit.net 00:00:25.86]       Stack Trace:&#xD;
[xUnit.net 00:00:25.86]         C:\Users\biges\Desktop\Wiley_Widget\WileyWidget.UiTests\MainWindowUITests.cs(396,0): at WileyWidget.UiTests.MainWindowUITests.Application_CanBeLaunchedFromTestEnvironment()&#xD;
[xUnit.net 00:00:25.86]            at System.RuntimeMethodHandle.InvokeMethod(Object target, Void** arguments, Signature sig, Boolean isConstructor)&#xD;
[xUnit.net 00:00:25.86]            at System.Reflection.MethodBaseInvoker.InvokeWithNoArgs(Object obj, BindingFlags invokeAttr)&#xD;
[xUnit.net 00:00:25.87]       Requires application to be built and available&#xD;
Test 'WileyWidget.UiTests.MainWindowUITests.MainWindow_CanBeLaunched' was skipped in the test run.&#xD;
[xUnit.net 00:00:34.94]       Assert.NotNull() Failure: Value is null&#xD;
[xUnit.net 00:00:34.94]       Stack Trace:&#xD;
[xUnit.net 00:00:34.94]         C:\Users\biges\Desktop\Wiley_Widget\WileyWidget.UiTests\MainWindowUITests.cs(573,0): at WileyWidget.UiTests.MainWindowUITests.MainWindow_HasExpectedDimensions()&#xD;
[xUnit.net 00:00:34.94]            at System.RuntimeMethodHandle.InvokeMethod(Object target, Void** arguments, Signature sig, Boolean isConstructor)&#xD;
[xUnit.net 00:00:34.94]            at System.Reflection.MethodBaseInvoker.InvokeWithNoArgs(Object obj, BindingFlags invokeAttr)&#xD;
[xUnit.net 00:00:39.18]       System.Exception : Failed to launch application after 3 attempts. Last error: Could not find process with id: 86900&#xD;
[xUnit.net 00:00:39.18]       ---- System.Exception : Could not find process with id: 86900&#xD;
[xUnit.net 00:00:39.18]       -------- System.ArgumentException : Process with an Id of 86900 is not running.&#xD;
[xUnit.net 00:00:39.18]       Stack Trace:&#xD;
[xUnit.net 00:00:39.18]         C:\Users\biges\Desktop\Wiley_Widget\WileyWidget.UiTests\MainWindowUITests.cs(892,0): at WileyWidget.UiTests.MainWindowUITests.MainWindow_HasAllExpectedTabs()&#xD;
[xUnit.net 00:00:39.18]            at System.RuntimeMethodHandle.InvokeMethod(Object target, Void** arguments, Signature sig, Boolean isConstructor)&#xD;
[xUnit.net 00:00:39.18]            at System.Reflection.MethodBaseInvoker.InvokeWithNoArgs(Object obj, BindingFlags invokeAttr)&#xD;
[xUnit.net 00:00:39.18]         ----- Inner Stack Trace -----&#xD;
[xUnit.net 00:00:39.18]            at FlaUI.Core.Application.FindProcess(Int32 processId)&#xD;
[xUnit.net 00:00:39.18]            at FlaUI.Core.Application.&lt;WaitWhileMainHandleIsMissing&gt;b__33_0()&#xD;
[xUnit.net 00:00:39.18]            at FlaUI.Core.Tools.Retry.&lt;&gt;c__DisplayClass12_0.&lt;WhileTrue&gt;b__0()&#xD;
[xUnit.net 00:00:39.18]            at FlaUI.Core.Tools.Retry.While[T](Func`1 retryMethod, Func`2 checkMethod, Nullable`1 timeout, Nullable`1 interval, Boolean throwOnTimeout, Boolean ignoreException, String timeoutMessage, Boolean lastValueOnTimeout, T defaultOnTimeout)&#xD;
[xUnit.net 00:00:39.18]            at FlaUI.Core.Tools.Retry.WhileTrue(Func`1 checkMethod, Nullable`1 timeout, Nullable`1 interval, Boolean throwOnTimeout, Boolean ignoreException, String timeoutMessage)&#xD;
[xUnit.net 00:00:39.18]            at FlaUI.Core.Application.WaitWhileMainHandleIsMissing(Nullable`1 waitTimeout)&#xD;
[xUnit.net 00:00:39.18]            at FlaUI.Core.Application.GetMainWindow(AutomationBase automation, Nullable`1 waitTimeout)&#xD;
[xUnit.net 00:00:39.18]         C:\Users\biges\Desktop\Wiley_Widget\WileyWidget.UiTests\MainWindowUITests.cs(858,0): at WileyWidget.UiTests.MainWindowUITests.MainWindow_HasAllExpectedTabs()&#xD;
[xUnit.net 00:00:39.18]         ----- Inner Stack Trace -----&#xD;
[xUnit.net 00:00:39.18]            at System.Diagnostics.Process.GetProcessById(Int32 processId, String machineName)&#xD;
[xUnit.net 00:00:39.18]            at FlaUI.Core.Application.FindProcess(Int32 processId)&#xD;
[xUnit.net 00:00:39.21]   Finished:    WileyWidget.UiTests&#xD;
</StdOut>
    </Output>
    <RunInfos>
      <RunInfo computerName="MCKITRICK" outcome="Error" timestamp="2025-08-30T05:59:44.2030879-06:00">
        <Text>[xUnit.net 00:00:07.33]     WileyWidget.UiTests.MainWindowUITests.MainWindow_LoadsWithExpectedTitle [FAIL]</Text>
      </RunInfo>
      <RunInfo computerName="MCKITRICK" outcome="Error" timestamp="2025-08-30T05:59:48.4220856-06:00">
        <Text>[xUnit.net 00:00:11.55]     WileyWidget.UiTests.MainWindowUITests.MainWindow_ContainsRibbonInterface [FAIL]</Text>
      </RunInfo>
      <RunInfo computerName="MCKITRICK" outcome="Warning" timestamp="2025-08-30T05:59:48.4255817-06:00">
        <Text>[xUnit.net 00:00:11.55]     WileyWidget.UiTests.MainWindowUITests.MainWindow_HasExpectedUIElements [SKIP]</Text>
      </RunInfo>
      <RunInfo computerName="MCKITRICK" outcome="Error" timestamp="2025-08-30T05:59:52.6510606-06:00">
        <Text>[xUnit.net 00:00:15.78]     WileyWidget.UiTests.MainWindowUITests.MainWindow_ContainsTabControl [FAIL]</Text>
      </RunInfo>
      <RunInfo computerName="MCKITRICK" outcome="Error" timestamp="2025-08-30T05:59:54.6689122-06:00">
        <Text>[xUnit.net 00:00:17.80]     WileyWidget.UiTests.MainWindowUITests.Application_Process_CanBeLaunched [FAIL]</Text>
      </RunInfo>
      <RunInfo computerName="MCKITRICK" outcome="Error" timestamp="2025-08-30T06:00:02.7361282-06:00">
        <Text>[xUnit.net 00:00:25.86]     WileyWidget.UiTests.MainWindowUITests.Application_CanBeLaunchedFromTestEnvironment [FAIL]</Text>
      </RunInfo>
      <RunInfo computerName="MCKITRICK" outcome="Warning" timestamp="2025-08-30T06:00:02.7417268-06:00">
        <Text>[xUnit.net 00:00:25.87]     WileyWidget.UiTests.MainWindowUITests.MainWindow_CanBeLaunched [SKIP]</Text>
      </RunInfo>
      <RunInfo computerName="MCKITRICK" outcome="Error" timestamp="2025-08-30T06:00:11.8163535-06:00">
        <Text>[xUnit.net 00:00:34.94]     WileyWidget.UiTests.MainWindowUITests.MainWindow_HasExpectedDimensions [FAIL]</Text>
      </RunInfo>
      <RunInfo computerName="MCKITRICK" outcome="Error" timestamp="2025-08-30T06:00:16.0525388-06:00">
        <Text>[xUnit.net 00:00:39.18]     WileyWidget.UiTests.MainWindowUITests.MainWindow_HasAllExpectedTabs [FAIL]</Text>
      </RunInfo>
    </RunInfos>
  </ResultSummary>
</TestRun>