<?xml version="1.0" encoding="utf-8"?>
<TestRun id="3ef0161d-388e-4653-99de-f433ebb3bef2" name="biges@MCKITRICK 2025-08-29 19:01:52" runUser="MCKITRICK\biges" xmlns="http://microsoft.com/schemas/VisualStudio/TeamTest/2010">
  <Times creation="2025-08-29T19:01:52.7954218-06:00" queuing="2025-08-29T19:01:52.7954222-06:00" start="2025-08-29T19:01:50.9479828-06:00" finish="2025-08-29T19:01:53.6842953-06:00" />
  <TestSettings name="default" id="b114787a-e0c0-4be1-ab07-36ae13ae7e48">
    <Deployment runDeploymentRoot="biges_MCKITRICK_2025-08-29_19_01_52" />
  </TestSettings>
  <Results>
    <UnitTestResult executionId="6209c57b-c022-4e89-b35f-124f4669ddbc" testId="62021b67-5876-d70c-80d9-db2ebaaf208a" testName="WileyWidget.Tests.MainWindowUnitTests.InitializeBudgetDiagram_MethodExists" computerName="MCKITRICK" duration="00:00:00.0001616" startTime="2025-08-29T19:01:52.9002267-06:00" endTime="2025-08-29T19:01:52.9002268-06:00" testType="13cdc9d9-ddb5-4fa4-a97d-d965ccfc6d4b" outcome="Passed" testListId="8c84fa94-04c1-424b-9868-57a2d4851a1d" relativeResultsDirectory="6209c57b-c022-4e89-b35f-124f4669ddbc" />
    <UnitTestResult executionId="4d86c6c3-0823-4cec-be7c-651dc9dd4cf3" testId="7cf3aa98-98eb-f226-4182-b485eaa19c16" testName="WileyWidget.Tests.EnterpriseDatabaseTests.CustomQuery_WithParameters_ReturnsFilteredData_UsingDirectConnection" computerName="MCKITRICK" duration="00:00:00.0113921" startTime="2025-08-29T19:01:53.3769346-06:00" endTime="2025-08-29T19:01:53.3769347-06:00" testType="13cdc9d9-ddb5-4fa4-a97d-d965ccfc6d4b" outcome="Passed" testListId="8c84fa94-04c1-424b-9868-57a2d4851a1d" relativeResultsDirectory="4d86c6c3-0823-4cec-be7c-651dc9dd4cf3" />
    <UnitTestResult executionId="defc8ee8-710d-4556-ab1c-4f3ca5f8690c" testId="0203bce8-8571-4fae-356f-d40949bb5a7d" testName="WileyWidget.Tests.WidgetTests.Widget_FormattedPrice_ReturnsCorrectFormat(price: 10, expected: &quot;$10.00&quot;)" computerName="MCKITRICK" duration="00:00:00.0000024" startTime="2025-08-29T19:01:52.9079581-06:00" endTime="2025-08-29T19:01:52.9079581-06:00" testType="13cdc9d9-ddb5-4fa4-a97d-d965ccfc6d4b" outcome="Passed" testListId="8c84fa94-04c1-424b-9868-57a2d4851a1d" relativeResultsDirectory="defc8ee8-710d-4556-ab1c-4f3ca5f8690c" />
    <UnitTestResult executionId="3046a186-5c13-4d69-be2a-80f32b97b573" testId="d60d3051-e4c9-0f9c-9d61-8cc77d0b060c" testName="WileyWidget.Tests.AppUnitTests.LoadConfiguration_MethodExists" computerName="MCKITRICK" duration="00:00:00.0000996" startTime="2025-08-29T19:01:52.8866387-06:00" endTime="2025-08-29T19:01:52.8866388-06:00" testType="13cdc9d9-ddb5-4fa4-a97d-d965ccfc6d4b" outcome="Passed" testListId="8c84fa94-04c1-424b-9868-57a2d4851a1d" relativeResultsDirectory="3046a186-5c13-4d69-be2a-80f32b97b573" />
    <UnitTestResult executionId="7b0503b9-e86a-44b4-b340-166915dc8ff2" testId="8df32280-d2cc-aff4-2ff0-10224e8b8552" testName="WileyWidget.Tests.EnterpriseTests.Enterprise_CurrentRate_Validation(rate: -1, shouldBeValid: False)" computerName="MCKITRICK" duration="00:00:00.0005283" startTime="2025-08-29T19:01:52.8036372-06:00" endTime="2025-08-29T19:01:52.8036374-06:00" testType="13cdc9d9-ddb5-4fa4-a97d-d965ccfc6d4b" outcome="Passed" testListId="8c84fa94-04c1-424b-9868-57a2d4851a1d" relativeResultsDirectory="7b0503b9-e86a-44b4-b340-166915dc8ff2" />
    <UnitTestResult executionId="d302d301-6891-455b-826c-ae4b1c3ba1d5" testId="f0a76b98-d14b-1f50-1a55-b715fcdffb9d" testName="WileyWidget.Tests.DatabaseIntegrationTests.Repository_HandlesLargeDatasetEfficiently" computerName="MCKITRICK" duration="00:00:00.0071006" startTime="2025-08-29T19:01:52.7561001-06:00" endTime="2025-08-29T19:01:52.7561001-06:00" testType="13cdc9d9-ddb5-4fa4-a97d-d965ccfc6d4b" outcome="Passed" testListId="8c84fa94-04c1-424b-9868-57a2d4851a1d" relativeResultsDirectory="d302d301-6891-455b-826c-ae4b1c3ba1d5" />
    <UnitTestResult executionId="285a4253-d3e7-48f7-ae6a-77b5e0159d9a" testId="6cc406f6-5c68-c097-54c6-537a958e649e" testName="WileyWidget.Tests.MainViewModelTests.AddWidgetCommand_AddsWidgetToCollection" computerName="MCKITRICK" duration="00:00:00.0013180" startTime="2025-08-29T19:01:52.9828771-06:00" endTime="2025-08-29T19:01:52.9828772-06:00" testType="13cdc9d9-ddb5-4fa4-a97d-d965ccfc6d4b" outcome="Passed" testListId="8c84fa94-04c1-424b-9868-57a2d4851a1d" relativeResultsDirectory="285a4253-d3e7-48f7-ae6a-77b5e0159d9a" />
    <UnitTestResult executionId="b1c387c0-afb2-4c08-bd19-2cf2b56ab7ca" testId="69a6cf07-6d56-fd82-65cd-93be98d990d5" testName="WileyWidget.Tests.WidgetTests.Widget_Price_Validation(price: 0, shouldBeValid: False)" computerName="MCKITRICK" duration="00:00:00.0010269" startTime="2025-08-29T19:01:52.9091342-06:00" endTime="2025-08-29T19:01:52.9091343-06:00" testType="13cdc9d9-ddb5-4fa4-a97d-d965ccfc6d4b" outcome="Passed" testListId="8c84fa94-04c1-424b-9868-57a2d4851a1d" relativeResultsDirectory="b1c387c0-afb2-4c08-bd19-2cf2b56ab7ca" />
    <UnitTestResult executionId="ec43c9d9-32ef-439f-895c-e374aa585825" testId="59042f06-6aea-38ed-f31b-f481b684060f" testName="WileyWidget.Tests.BudgetAnalyticsTests.BudgetMetrics_StatusBackground_ReturnsCorrectColor" computerName="MCKITRICK" duration="00:00:00.0124448" startTime="2025-08-29T19:01:53.4298398-06:00" endTime="2025-08-29T19:01:53.4298402-06:00" testType="13cdc9d9-ddb5-4fa4-a97d-d965ccfc6d4b" outcome="Passed" testListId="8c84fa94-04c1-424b-9868-57a2d4851a1d" relativeResultsDirectory="ec43c9d9-32ef-439f-895c-e374aa585825" />
    <UnitTestResult executionId="c8509e52-3edd-480f-8922-c5ae87f3e05b" testId="4f96b557-5805-2ffc-7a99-6d790882f18b" testName="WileyWidget.Tests.EnterpriseTests.Enterprise_CalculatedProperties_WorkCorrectly(currentRate: 0.5, citizenCount: 1000, expenses: 1000, expectedBalance: -500)" computerName="MCKITRICK" duration="00:00:00.0000043" startTime="2025-08-29T19:01:52.8007138-06:00" endTime="2025-08-29T19:01:52.8007139-06:00" testType="13cdc9d9-ddb5-4fa4-a97d-d965ccfc6d4b" outcome="Passed" testListId="8c84fa94-04c1-424b-9868-57a2d4851a1d" relativeResultsDirectory="c8509e52-3edd-480f-8922-c5ae87f3e05b" />
    <UnitTestResult executionId="963d83d3-f2bf-4ada-9474-9480860421fb" testId="c888132b-1015-a40a-2843-8a77b9425be8" testName="WileyWidget.Tests.SettingsServiceTests.SettingsService_Save_CreatesFile" computerName="MCKITRICK" duration="00:00:00.0023019" startTime="2025-08-29T19:01:53.5005479-06:00" endTime="2025-08-29T19:01:53.5005481-06:00" testType="13cdc9d9-ddb5-4fa4-a97d-d965ccfc6d4b" outcome="Passed" testListId="8c84fa94-04c1-424b-9868-57a2d4851a1d" relativeResultsDirectory="963d83d3-f2bf-4ada-9474-9480860421fb" />
    <UnitTestResult executionId="eea015f2-3995-4f27-91a3-9719220aa36e" testId="a72d91bf-1ba0-06c7-1002-ab2af50818f2" testName="WileyWidget.Tests.EnterpriseModelTests.Enterprise_Creation_WithValidData_Succeeds" computerName="MCKITRICK" duration="00:00:00.0003099" startTime="2025-08-29T19:01:53.4039902-06:00" endTime="2025-08-29T19:01:53.4039902-06:00" testType="13cdc9d9-ddb5-4fa4-a97d-d965ccfc6d4b" outcome="Passed" testListId="8c84fa94-04c1-424b-9868-57a2d4851a1d" relativeResultsDirectory="eea015f2-3995-4f27-91a3-9719220aa36e" />
    <UnitTestResult executionId="01d86823-8e9d-4025-8149-06f1cf064730" testId="8ca5b6cf-7541-b621-6329-c030b30b7745" testName="WileyWidget.Tests.BudgetInteractionTests.BudgetInteraction_AcceptsVariousInteractionTypes(type: &quot;Subsidy&quot;, expected: True)" computerName="MCKITRICK" duration="00:00:00.0003714" startTime="2025-08-29T19:01:53.3865253-06:00" endTime="2025-08-29T19:01:53.3865256-06:00" testType="13cdc9d9-ddb5-4fa4-a97d-d965ccfc6d4b" outcome="Passed" testListId="8c84fa94-04c1-424b-9868-57a2d4851a1d" relativeResultsDirectory="01d86823-8e9d-4025-8149-06f1cf064730" />
    <UnitTestResult executionId="eef6bb36-2858-4f47-a142-06083ccd2ff9" testId="1d6cc74e-b1aa-d571-8164-59cf85bf66e7" testName="WileyWidget.Tests.EnterpriseTests.Enterprise_CurrentRate_Validation(rate: 10000, shouldBeValid: False)" computerName="MCKITRICK" duration="00:00:00.0001947" startTime="2025-08-29T19:01:52.8040229-06:00" endTime="2025-08-29T19:01:52.8040231-06:00" testType="13cdc9d9-ddb5-4fa4-a97d-d965ccfc6d4b" outcome="Passed" testListId="8c84fa94-04c1-424b-9868-57a2d4851a1d" relativeResultsDirectory="eef6bb36-2858-4f47-a142-06083ccd2ff9" />
    <UnitTestResult executionId="21f98297-2778-46d1-966b-1c79a37c8de7" testId="7d89b2b7-2e04-1507-fb4c-fafb91c62761" testName="WileyWidget.Tests.DatabaseIntegrationTests.GetByIdAsync_ReturnsNullForNonExistentId" computerName="MCKITRICK" duration="00:00:00.0233872" startTime="2025-08-29T19:01:52.7242276-06:00" endTime="2025-08-29T19:01:52.7242277-06:00" testType="13cdc9d9-ddb5-4fa4-a97d-d965ccfc6d4b" outcome="Passed" testListId="8c84fa94-04c1-424b-9868-57a2d4851a1d" relativeResultsDirectory="21f98297-2778-46d1-966b-1c79a37c8de7" />
    <UnitTestResult executionId="6cad0572-1faa-43e1-bbd9-19454cdf93f4" testId="974b0525-eec9-9c0d-84c0-1e28bcdfdce9" testName="WileyWidget.Tests.WidgetTests.Widget_Category_AcceptsVariousValues(category: &quot;Books&quot;)" computerName="MCKITRICK" duration="00:00:00.0002558" startTime="2025-08-29T19:01:52.9049118-06:00" endTime="2025-08-29T19:01:52.9049118-06:00" testType="13cdc9d9-ddb5-4fa4-a97d-d965ccfc6d4b" outcome="Passed" testListId="8c84fa94-04c1-424b-9868-57a2d4851a1d" relativeResultsDirectory="6cad0572-1faa-43e1-bbd9-19454cdf93f4" />
    <UnitTestResult executionId="5adcc897-e80e-41ef-a734-d7daf8c5f742" testId="08055736-1e09-8961-dc89-8e2a25887239" testName="WileyWidget.Tests.MainWindowUnitTests.LogSyncfusionControls_MethodExists" computerName="MCKITRICK" duration="00:00:00.0001600" startTime="2025-08-29T19:01:52.9005592-06:00" endTime="2025-08-29T19:01:52.9005593-06:00" testType="13cdc9d9-ddb5-4fa4-a97d-d965ccfc6d4b" outcome="Passed" testListId="8c84fa94-04c1-424b-9868-57a2d4851a1d" relativeResultsDirectory="5adcc897-e80e-41ef-a734-d7daf8c5f742" />
    <UnitTestResult executionId="724f4ef8-afe9-4438-92db-cde5458f310a" testId="5903b2e2-620c-d805-6dec-cff9749cf54d" testName="WileyWidget.Tests.WidgetTests.Widget_Name_Validation(name: &quot;A&quot;, shouldBeValid: True)" computerName="MCKITRICK" duration="00:00:00.0004222" startTime="2025-08-29T19:01:52.9139730-06:00" endTime="2025-08-29T19:01:52.9139731-06:00" testType="13cdc9d9-ddb5-4fa4-a97d-d965ccfc6d4b" outcome="Passed" testListId="8c84fa94-04c1-424b-9868-57a2d4851a1d" relativeResultsDirectory="724f4ef8-afe9-4438-92db-cde5458f310a" />
    <UnitTestResult executionId="b95ce93f-974c-42ee-80d9-4fc5159e773a" testId="c596acca-eaa8-2cfc-b6e4-d65d1f704c2d" testName="WileyWidget.Tests.WidgetTests.Widget_IsActive_CanBeSet(isActive: False)" computerName="MCKITRICK" duration="00:00:00.0016961" startTime="2025-08-29T19:01:52.9036870-06:00" endTime="2025-08-29T19:01:52.9036871-06:00" testType="13cdc9d9-ddb5-4fa4-a97d-d965ccfc6d4b" outcome="Passed" testListId="8c84fa94-04c1-424b-9868-57a2d4851a1d" relativeResultsDirectory="b95ce93f-974c-42ee-80d9-4fc5159e773a" />
    <UnitTestResult executionId="a044c2dc-f069-4077-8777-e03f2bf980be" testId="31f7b449-2a75-9290-2b1b-c1e2846a3973" testName="WileyWidget.Tests.DatabaseIntegrationTests.Repository_CalculatesBalanceCorrectly" computerName="MCKITRICK" duration="00:00:00.0015238" startTime="2025-08-29T19:01:52.7312489-06:00" endTime="2025-08-29T19:01:52.7312489-06:00" testType="13cdc9d9-ddb5-4fa4-a97d-d965ccfc6d4b" outcome="Passed" testListId="8c84fa94-04c1-424b-9868-57a2d4851a1d" relativeResultsDirectory="a044c2dc-f069-4077-8777-e03f2bf980be" />
    <UnitTestResult executionId="38b4a2b4-f182-4890-acdb-612a512a1427" testId="4a11ecda-ef05-73a1-b1d1-c3284d3e4afa" testName="WileyWidget.Tests.WidgetTests.Widget_Creation_WithValidData_Succeeds" computerName="MCKITRICK" duration="00:00:00.0002999" startTime="2025-08-29T19:01:52.9174809-06:00" endTime="2025-08-29T19:01:52.9174810-06:00" testType="13cdc9d9-ddb5-4fa4-a97d-d965ccfc6d4b" outcome="Passed" testListId="8c84fa94-04c1-424b-9868-57a2d4851a1d" relativeResultsDirectory="38b4a2b4-f182-4890-acdb-612a512a1427" />
    <UnitTestResult executionId="84de9baf-7e1e-4b35-95ed-b62b630e3ef3" testId="648bd338-a756-e64d-b4be-6a55c8a8cbe8" testName="WileyWidget.Tests.WidgetTests.Widget_Name_Validation(name: null, shouldBeValid: False)" computerName="MCKITRICK" duration="00:00:00.0003282" startTime="2025-08-29T19:01:52.9147910-06:00" endTime="2025-08-29T19:01:52.9147911-06:00" testType="13cdc9d9-ddb5-4fa4-a97d-d965ccfc6d4b" outcome="Passed" testListId="8c84fa94-04c1-424b-9868-57a2d4851a1d" relativeResultsDirectory="84de9baf-7e1e-4b35-95ed-b62b630e3ef3" />
    <UnitTestResult executionId="f0796ac0-e729-483f-a720-611666f70c1f" testId="7246089f-63b6-7ef4-dd1c-f0a97a0cbf37" testName="WileyWidget.Tests.MainViewModelTests.SelectedWidget_PropertyChange_Notification" computerName="MCKITRICK" duration="00:00:00.0008479" startTime="2025-08-29T19:01:52.9731408-06:00" endTime="2025-08-29T19:01:52.9731409-06:00" testType="13cdc9d9-ddb5-4fa4-a97d-d965ccfc6d4b" outcome="Passed" testListId="8c84fa94-04c1-424b-9868-57a2d4851a1d" relativeResultsDirectory="f0796ac0-e729-483f-a720-611666f70c1f" />
    <UnitTestResult executionId="12147204-7b66-48e1-b628-8bf36e06a87f" testId="04dd675b-629e-a516-a8ca-baee13393506" testName="WileyWidget.Tests.SettingsServiceTests.SettingsService_Load_HandlesCorruptFile" computerName="MCKITRICK" duration="00:00:00.0067945" startTime="2025-08-29T19:01:53.5137554-06:00" endTime="2025-08-29T19:01:53.5137558-06:00" testType="13cdc9d9-ddb5-4fa4-a97d-d965ccfc6d4b" outcome="Passed" testListId="8c84fa94-04c1-424b-9868-57a2d4851a1d" relativeResultsDirectory="12147204-7b66-48e1-b628-8bf36e06a87f" />
    <UnitTestResult executionId="3ba0127d-16f8-4b0a-a048-a542a6a40e68" testId="cc0265d4-60a7-3f55-fdff-2713f678dbad" testName="WileyWidget.Tests.EnterpriseTests.Enterprise_DefaultValues_AreSetCorrectly" computerName="MCKITRICK" duration="00:00:00.0002239" startTime="2025-08-29T19:01:52.8024006-06:00" endTime="2025-08-29T19:01:52.8024007-06:00" testType="13cdc9d9-ddb5-4fa4-a97d-d965ccfc6d4b" outcome="Passed" testListId="8c84fa94-04c1-424b-9868-57a2d4851a1d" relativeResultsDirectory="3ba0127d-16f8-4b0a-a048-a542a6a40e68" />
    <UnitTestResult executionId="2d199d86-74e7-4aa7-8944-153162368a89" testId="40809d6b-32d3-2519-3f96-4116b092b054" testName="WileyWidget.Tests.BudgetInteractionTests.BudgetInteraction_InteractionType_Validation(type: &quot;Transfer&quot;, shouldBeValid: True)" computerName="MCKITRICK" duration="00:00:00.0003153" startTime="2025-08-29T19:01:53.3831242-06:00" endTime="2025-08-29T19:01:53.3831244-06:00" testType="13cdc9d9-ddb5-4fa4-a97d-d965ccfc6d4b" outcome="Passed" testListId="8c84fa94-04c1-424b-9868-57a2d4851a1d" relativeResultsDirectory="2d199d86-74e7-4aa7-8944-153162368a89" />
    <UnitTestResult executionId="738f99aa-a8be-4b7c-bf3d-608f0031ebb8" testId="f5f343b0-4673-4f25-285c-1b1fcba58589" testName="WileyWidget.Tests.BudgetInteractionTests.BudgetInteraction_AcceptsVariousInteractionTypes(type: &quot;SharedCost&quot;, expected: True)" computerName="MCKITRICK" duration="00:00:00.0002123" startTime="2025-08-29T19:01:53.3858503-06:00" endTime="2025-08-29T19:01:53.3858506-06:00" testType="13cdc9d9-ddb5-4fa4-a97d-d965ccfc6d4b" outcome="Passed" testListId="8c84fa94-04c1-424b-9868-57a2d4851a1d" relativeResultsDirectory="738f99aa-a8be-4b7c-bf3d-608f0031ebb8" />
    <UnitTestResult executionId="c8a5c1af-1e39-45e5-a120-9832612a6e47" testId="12ac1ad0-f92b-82ce-7643-dcc2a493cae6" testName="WileyWidget.Tests.BudgetInteractionTests.BudgetInteraction_Notes_Validation(notes: &quot;&quot;, shouldBeValid: True)" computerName="MCKITRICK" duration="00:00:00.0002040" startTime="2025-08-29T19:01:53.3846807-06:00" endTime="2025-08-29T19:01:53.3846807-06:00" testType="13cdc9d9-ddb5-4fa4-a97d-d965ccfc6d4b" outcome="Passed" testListId="8c84fa94-04c1-424b-9868-57a2d4851a1d" relativeResultsDirectory="c8a5c1af-1e39-45e5-a120-9832612a6e47" />
    <UnitTestResult executionId="cfeb8123-5451-43a0-879a-9429d1de47f9" testId="4d20292b-dbaf-eee0-cf45-638c0a52c116" testName="WileyWidget.Tests.BudgetInteractionTests.BudgetInteraction_Description_Validation(description: null, shouldBeValid: False)" computerName="MCKITRICK" duration="00:00:00.0000300" startTime="2025-08-29T19:01:53.3899716-06:00" endTime="2025-08-29T19:01:53.3899717-06:00" testType="13cdc9d9-ddb5-4fa4-a97d-d965ccfc6d4b" outcome="Passed" testListId="8c84fa94-04c1-424b-9868-57a2d4851a1d" relativeResultsDirectory="cfeb8123-5451-43a0-879a-9429d1de47f9" />
    <UnitTestResult executionId="5bad2e30-0eb0-4864-b325-7d0f24d5f656" testId="c47db43f-5871-4aa9-b457-92ab04b7b502" testName="WileyWidget.Tests.EnterpriseTests.Enterprise_CurrentRate_Validation(rate: 0.01, shouldBeValid: True)" computerName="MCKITRICK" duration="00:00:00.0000196" startTime="2025-08-29T19:01:52.8047681-06:00" endTime="2025-08-29T19:01:52.8047682-06:00" testType="13cdc9d9-ddb5-4fa4-a97d-d965ccfc6d4b" outcome="Passed" testListId="8c84fa94-04c1-424b-9868-57a2d4851a1d" relativeResultsDirectory="5bad2e30-0eb0-4864-b325-7d0f24d5f656" />
    <UnitTestResult executionId="33aab905-f338-4ab0-8a0a-c2c80a3d85da" testId="73c56291-a896-78c5-1d0e-13918f0ef198" testName="WileyWidget.Tests.EnterpriseModelTests.Enterprise_CitizenCount_Validation(citizenCount: 0, shouldBeValid: False)" computerName="MCKITRICK" duration="00:00:00.0004954" startTime="2025-08-29T19:01:53.4020707-06:00" endTime="2025-08-29T19:01:53.4020708-06:00" testType="13cdc9d9-ddb5-4fa4-a97d-d965ccfc6d4b" outcome="Passed" testListId="8c84fa94-04c1-424b-9868-57a2d4851a1d" relativeResultsDirectory="33aab905-f338-4ab0-8a0a-c2c80a3d85da" />
    <UnitTestResult executionId="57717636-4e2a-4b2b-8e4d-eac236fbabf9" testId="d72bcf70-eede-0359-7f9b-84883d87f42f" testName="WileyWidget.Tests.MainViewModelTests.SelectNextCommand_SelectsNextWidget" computerName="MCKITRICK" duration="00:00:00.0430063" startTime="2025-08-29T19:01:52.9608004-06:00" endTime="2025-08-29T19:01:52.9608007-06:00" testType="13cdc9d9-ddb5-4fa4-a97d-d965ccfc6d4b" outcome="Passed" testListId="8c84fa94-04c1-424b-9868-57a2d4851a1d" relativeResultsDirectory="57717636-4e2a-4b2b-8e4d-eac236fbabf9" />
    <UnitTestResult executionId="8cadc53c-ed24-4835-a419-c9e2729621b0" testId="83034d6a-ea47-0b26-b3c3-520cb2f8b99c" testName="WileyWidget.Tests.MainWindowUnitTests.VerifySpecificSyncfusionControls_MethodExists" computerName="MCKITRICK" duration="00:00:00.0001644" startTime="2025-08-29T19:01:52.8998876-06:00" endTime="2025-08-29T19:01:52.8998877-06:00" testType="13cdc9d9-ddb5-4fa4-a97d-d965ccfc6d4b" outcome="Passed" testListId="8c84fa94-04c1-424b-9868-57a2d4851a1d" relativeResultsDirectory="8cadc53c-ed24-4835-a419-c9e2729621b0" />
    <UnitTestResult executionId="b196192b-37c2-4f42-a0bb-56c7dc903910" testId="06acef7a-66a9-41e5-0b52-833373b805fd" testName="WileyWidget.Tests.SettingsServiceTests.SettingsService_Instance_IsSingleton" computerName="MCKITRICK" duration="00:00:00.0013465" startTime="2025-08-29T19:01:53.5244706-06:00" endTime="2025-08-29T19:01:53.5244709-06:00" testType="13cdc9d9-ddb5-4fa4-a97d-d965ccfc6d4b" outcome="Passed" testListId="8c84fa94-04c1-424b-9868-57a2d4851a1d" relativeResultsDirectory="b196192b-37c2-4f42-a0bb-56c7dc903910" />
    <UnitTestResult executionId="f3c10f78-293e-4be1-9caf-c4cdcc305928" testId="e82f29b2-da2d-1de7-97e4-1ecb0f1224d5" testName="WileyWidget.Tests.EnterpriseTests.Enterprise_Name_Validation(name: null, shouldBeValid: False)" computerName="MCKITRICK" duration="00:00:00.0001498" startTime="2025-08-29T19:01:52.8056306-06:00" endTime="2025-08-29T19:01:52.8056307-06:00" testType="13cdc9d9-ddb5-4fa4-a97d-d965ccfc6d4b" outcome="Passed" testListId="8c84fa94-04c1-424b-9868-57a2d4851a1d" relativeResultsDirectory="f3c10f78-293e-4be1-9caf-c4cdcc305928" />
    <UnitTestResult executionId="69949e96-0041-4bc0-a45d-2c67e70bd632" testId="ca7752fd-c28a-2eb8-8f5e-49b6ef0284d8" testName="WileyWidget.Tests.EnterpriseModelTests.Enterprise_CurrentRate_Validation(rate: 100, shouldBeValid: True)" computerName="MCKITRICK" duration="00:00:00.0000127" startTime="2025-08-29T19:01:53.3974854-06:00" endTime="2025-08-29T19:01:53.3974854-06:00" testType="13cdc9d9-ddb5-4fa4-a97d-d965ccfc6d4b" outcome="Passed" testListId="8c84fa94-04c1-424b-9868-57a2d4851a1d" relativeResultsDirectory="69949e96-0041-4bc0-a45d-2c67e70bd632" />
    <UnitTestResult executionId="0882b4e1-9897-40cf-8f96-76f88c435b03" testId="ee7898df-a28c-6e8b-8e6c-3ec70bd001f9" testName="WileyWidget.Tests.EnterpriseModelTests.Enterprise_BudgetStatus_ReturnsCorrectStatus(revenue: 2500, expenses: 2500, expectedStatus: &quot;Break-even&quot;)" computerName="MCKITRICK" duration="00:00:00.0002998" startTime="2025-08-29T19:01:53.3998567-06:00" endTime="2025-08-29T19:01:53.3998567-06:00" testType="13cdc9d9-ddb5-4fa4-a97d-d965ccfc6d4b" outcome="Passed" testListId="8c84fa94-04c1-424b-9868-57a2d4851a1d" relativeResultsDirectory="0882b4e1-9897-40cf-8f96-76f88c435b03" />
    <UnitTestResult executionId="45459d1c-1d74-4586-a865-09d75f7176fe" testId="1a019a48-5289-21b6-90e2-05f5df28d217" testName="WileyWidget.Tests.MainWindowUnitTests.UpdateThemeToggleVisuals_MethodExists" computerName="MCKITRICK" duration="00:00:00.0087812" startTime="2025-08-29T19:01:52.8987399-06:00" endTime="2025-08-29T19:01:52.8987401-06:00" testType="13cdc9d9-ddb5-4fa4-a97d-d965ccfc6d4b" outcome="Passed" testListId="8c84fa94-04c1-424b-9868-57a2d4851a1d" relativeResultsDirectory="45459d1c-1d74-4586-a865-09d75f7176fe" />
    <UnitTestResult executionId="7b34ba0e-67cc-41da-9b3e-ae69bd46d0fc" testId="28afac11-75f2-4277-47ce-175ecd6d5bf3" testName="WileyWidget.Tests.WidgetTests.Widget_IsActive_CanBeSet(isActive: True)" computerName="MCKITRICK" duration="00:00:00.0001967" startTime="2025-08-29T19:01:52.9041070-06:00" endTime="2025-08-29T19:01:52.9041070-06:00" testType="13cdc9d9-ddb5-4fa4-a97d-d965ccfc6d4b" outcome="Passed" testListId="8c84fa94-04c1-424b-9868-57a2d4851a1d" relativeResultsDirectory="7b34ba0e-67cc-41da-9b3e-ae69bd46d0fc" />
    <UnitTestResult executionId="0caf5042-a2ac-49e7-9015-e366f6361baa" testId="e7df05ca-3552-2715-64b0-211740e8ec70" testName="WileyWidget.Tests.EnterpriseModelTests.Enterprise_CurrentRate_Validation(rate: 0, shouldBeValid: False)" computerName="MCKITRICK" duration="00:00:00.0003111" startTime="2025-08-29T19:01:53.3969639-06:00" endTime="2025-08-29T19:01:53.3969640-06:00" testType="13cdc9d9-ddb5-4fa4-a97d-d965ccfc6d4b" outcome="Passed" testListId="8c84fa94-04c1-424b-9868-57a2d4851a1d" relativeResultsDirectory="0caf5042-a2ac-49e7-9015-e366f6361baa" />
    <UnitTestResult executionId="891b2ba3-381c-45dd-ac04-503deb2c824f" testId="a535ee6d-f14e-b507-e106-e575e4d351ae" testName="WileyWidget.Tests.WidgetTests.Widget_DisplayName_ReturnsCorrectFormat(name: &quot;Widget Name&quot;, sku: &quot;&quot;, expected: &quot;Widget Name&quot;)" computerName="MCKITRICK" duration="00:00:00.0002336" startTime="2025-08-29T19:01:52.9129296-06:00" endTime="2025-08-29T19:01:52.9129297-06:00" testType="13cdc9d9-ddb5-4fa4-a97d-d965ccfc6d4b" outcome="Passed" testListId="8c84fa94-04c1-424b-9868-57a2d4851a1d" relativeResultsDirectory="891b2ba3-381c-45dd-ac04-503deb2c824f" />
    <UnitTestResult executionId="2db6c2a9-5e14-4a03-bba2-75e47b6fbf71" testId="c99ffb98-6608-7343-fd97-cece2671f5c7" testName="WileyWidget.Tests.WidgetTests.Widget_FormattedPrice_ReturnsCorrectFormat(price: 0.01, expected: &quot;$0.01&quot;)" computerName="MCKITRICK" duration="00:00:00.0000053" startTime="2025-08-29T19:01:52.9078259-06:00" endTime="2025-08-29T19:01:52.9078260-06:00" testType="13cdc9d9-ddb5-4fa4-a97d-d965ccfc6d4b" outcome="Passed" testListId="8c84fa94-04c1-424b-9868-57a2d4851a1d" relativeResultsDirectory="2db6c2a9-5e14-4a03-bba2-75e47b6fbf71" />
    <UnitTestResult executionId="08f52e2c-96c3-4653-8622-25ccc249a206" testId="25b8fb25-b35c-750d-fc82-a043fadd7008" testName="WileyWidget.Tests.WidgetTests.Widget_DisplayName_ReturnsCorrectFormat(name: &quot;Widget Name&quot;, sku: &quot;   &quot;, expected: &quot;Widget Name&quot;)" computerName="MCKITRICK" duration="00:00:00.0000049" startTime="2025-08-29T19:01:52.9133849-06:00" endTime="2025-08-29T19:01:52.9133849-06:00" testType="13cdc9d9-ddb5-4fa4-a97d-d965ccfc6d4b" outcome="Passed" testListId="8c84fa94-04c1-424b-9868-57a2d4851a1d" relativeResultsDirectory="08f52e2c-96c3-4653-8622-25ccc249a206" />
    <UnitTestResult executionId="507a4553-ca94-4f3c-9971-777fadacb4b2" testId="c79d0d0b-2c17-cda5-48a6-5d1589c048fd" testName="WileyWidget.Tests.BudgetInteractionTests.BudgetInteraction_InteractionType_Validation(type: &quot;SharedCost&quot;, shouldBeValid: True)" computerName="MCKITRICK" duration="00:00:00.0012903" startTime="2025-08-29T19:01:53.3825916-06:00" endTime="2025-08-29T19:01:53.3825918-06:00" testType="13cdc9d9-ddb5-4fa4-a97d-d965ccfc6d4b" outcome="Passed" testListId="8c84fa94-04c1-424b-9868-57a2d4851a1d" relativeResultsDirectory="507a4553-ca94-4f3c-9971-777fadacb4b2" />
    <UnitTestResult executionId="7aa8154a-5b8a-4f1a-ace5-2d590b80dab2" testId="4f4006d6-b3a2-e8ed-5bb3-4581fead82ab" testName="WileyWidget.Tests.EnterpriseModelTests.Enterprise_Name_Validation(name: null, shouldBeValid: False)" computerName="MCKITRICK" duration="00:00:00.0002529" startTime="2025-08-29T19:01:53.3986951-06:00" endTime="2025-08-29T19:01:53.3986951-06:00" testType="13cdc9d9-ddb5-4fa4-a97d-d965ccfc6d4b" outcome="Passed" testListId="8c84fa94-04c1-424b-9868-57a2d4851a1d" relativeResultsDirectory="7aa8154a-5b8a-4f1a-ace5-2d590b80dab2" />
    <UnitTestResult executionId="4f1947cd-e492-4e6c-bcf2-fb1e1167e205" testId="2b9ee214-5fed-0842-d648-dd6ae7f87bc4" testName="WileyWidget.Tests.BudgetInteractionTests.BudgetInteraction_AcceptsVariousInteractionTypes(type: &quot;Dependency&quot;, expected: True)" computerName="MCKITRICK" duration="00:00:00.0000233" startTime="2025-08-29T19:01:53.3868528-06:00" endTime="2025-08-29T19:01:53.3868530-06:00" testType="13cdc9d9-ddb5-4fa4-a97d-d965ccfc6d4b" outcome="Passed" testListId="8c84fa94-04c1-424b-9868-57a2d4851a1d" relativeResultsDirectory="4f1947cd-e492-4e6c-bcf2-fb1e1167e205" />
    <UnitTestResult executionId="acd1ff2d-1512-4d2b-a897-77fc391d8b28" testId="250861d5-9d13-68af-2b01-b8c47d52fcf2" testName="WileyWidget.Tests.EnterpriseTests.Enterprise_CalculatedProperties_WorkCorrectly(currentRate: 1, citizenCount: 1000, expenses: 0, expectedBalance: 1000)" computerName="MCKITRICK" duration="00:00:00.0000063" startTime="2025-08-29T19:01:52.8005762-06:00" endTime="2025-08-29T19:01:52.8005763-06:00" testType="13cdc9d9-ddb5-4fa4-a97d-d965ccfc6d4b" outcome="Passed" testListId="8c84fa94-04c1-424b-9868-57a2d4851a1d" relativeResultsDirectory="acd1ff2d-1512-4d2b-a897-77fc391d8b28" />
    <UnitTestResult executionId="f68b85a2-41e2-4ab4-8f97-56570c6fc01d" testId="f4baf935-db3b-a3f6-b56f-3df0f1893080" testName="WileyWidget.Tests.DatabaseIntegrationTests.UpdateAsync_UpdatesExistingEnterprise" computerName="MCKITRICK" duration="00:00:00.0038414" startTime="2025-08-29T19:01:52.7804729-06:00" endTime="2025-08-29T19:01:52.7804733-06:00" testType="13cdc9d9-ddb5-4fa4-a97d-d965ccfc6d4b" outcome="Passed" testListId="8c84fa94-04c1-424b-9868-57a2d4851a1d" relativeResultsDirectory="f68b85a2-41e2-4ab4-8f97-56570c6fc01d" />
    <UnitTestResult executionId="8dcb5c25-f295-42e3-9387-e5de81faaa02" testId="917950f3-8248-2f78-cc8c-99370e6626ab" testName="WileyWidget.Tests.DatabaseIntegrationTests.Repository_CalculatesRevenueCorrectly" computerName="MCKITRICK" duration="00:00:00.0010931" startTime="2025-08-29T19:01:52.7574574-06:00" endTime="2025-08-29T19:01:52.7574575-06:00" testType="13cdc9d9-ddb5-4fa4-a97d-d965ccfc6d4b" outcome="Passed" testListId="8c84fa94-04c1-424b-9868-57a2d4851a1d" relativeResultsDirectory="8dcb5c25-f295-42e3-9387-e5de81faaa02" />
    <UnitTestResult executionId="1c54865b-441c-4fc4-953b-a05428488a8d" testId="2917a8ba-f7f9-5b6b-3575-162e1a2173ef" testName="WileyWidget.Tests.WidgetTests.Widget_FormattedPrice_ReturnsCorrectFormat(price: 1234.56, expected: &quot;$1,234.56&quot;)" computerName="MCKITRICK" duration="00:00:00.0013981" startTime="2025-08-29T19:01:52.9071385-06:00" endTime="2025-08-29T19:01:52.9071388-06:00" testType="13cdc9d9-ddb5-4fa4-a97d-d965ccfc6d4b" outcome="Passed" testListId="8c84fa94-04c1-424b-9868-57a2d4851a1d" relativeResultsDirectory="1c54865b-441c-4fc4-953b-a05428488a8d" />
    <UnitTestResult executionId="9f69811b-0c1a-4a58-ad4e-761b6772bb10" testId="2969f2e0-70ae-84d9-8527-e1ee638f4f9b" testName="WileyWidget.Tests.SettingsServiceTests.SettingsService_Load_CreatesBackupOfCorruptFile" computerName="MCKITRICK" duration="00:00:00.0071737" startTime="2025-08-29T19:01:53.5224947-06:00" endTime="2025-08-29T19:01:53.5224948-06:00" testType="13cdc9d9-ddb5-4fa4-a97d-d965ccfc6d4b" outcome="Passed" testListId="8c84fa94-04c1-424b-9868-57a2d4851a1d" relativeResultsDirectory="9f69811b-0c1a-4a58-ad4e-761b6772bb10" />
    <UnitTestResult executionId="92f3965e-5e37-4383-a732-1ed92b43529f" testId="cbeada98-fd74-8e95-0798-e8d59013190d" testName="WileyWidget.Tests.WidgetTests.Widget_Category_AcceptsVariousValues(category: &quot;Electronics&quot;)" computerName="MCKITRICK" duration="00:00:00.0000035" startTime="2025-08-29T19:01:52.9054216-06:00" endTime="2025-08-29T19:01:52.9054217-06:00" testType="13cdc9d9-ddb5-4fa4-a97d-d965ccfc6d4b" outcome="Passed" testListId="8c84fa94-04c1-424b-9868-57a2d4851a1d" relativeResultsDirectory="92f3965e-5e37-4383-a732-1ed92b43529f" />
    <UnitTestResult executionId="108226f8-742d-4873-a072-7e0633e96acf" testId="ef0f0bc6-05a9-f4ec-9eaa-324bcd7d0328" testName="WileyWidget.Tests.AppUnitTests.ConfigureLogging_SetsUpLoggerCorrectly" computerName="MCKITRICK" duration="00:00:00.0000976" startTime="2025-08-29T19:01:52.8896594-06:00" endTime="2025-08-29T19:01:52.8896594-06:00" testType="13cdc9d9-ddb5-4fa4-a97d-d965ccfc6d4b" outcome="Passed" testListId="8c84fa94-04c1-424b-9868-57a2d4851a1d" relativeResultsDirectory="108226f8-742d-4873-a072-7e0633e96acf" />
    <UnitTestResult executionId="6984023e-53b7-4af0-88e2-b41fd39ba8c8" testId="174a61b8-26c2-f00a-4147-e3f64821944b" testName="WileyWidget.Tests.WidgetTests.Widget_DefaultValues_AreCorrect" computerName="MCKITRICK" duration="00:00:00.0009099" startTime="2025-08-29T19:01:52.9116555-06:00" endTime="2025-08-29T19:01:52.9116555-06:00" testType="13cdc9d9-ddb5-4fa4-a97d-d965ccfc6d4b" outcome="Passed" testListId="8c84fa94-04c1-424b-9868-57a2d4851a1d" relativeResultsDirectory="6984023e-53b7-4af0-88e2-b41fd39ba8c8" />
    <UnitTestResult executionId="58d1bf2d-99b7-45cf-9885-6706cd6c966b" testId="b7c1d19c-bee4-911c-3a8a-0800f7a4f194" testName="WileyWidget.Tests.EnterpriseTests.Enterprise_CalculatedProperties_WorkCorrectly(currentRate: 1.5, citizenCount: 1000, expenses: 500, expectedBalance: 1000)" computerName="MCKITRICK" duration="00:00:00.0001928" startTime="2025-08-29T19:01:52.8003810-06:00" endTime="2025-08-29T19:01:52.8003813-06:00" testType="13cdc9d9-ddb5-4fa4-a97d-d965ccfc6d4b" outcome="Passed" testListId="8c84fa94-04c1-424b-9868-57a2d4851a1d" relativeResultsDirectory="58d1bf2d-99b7-45cf-9885-6706cd6c966b" />
    <UnitTestResult executionId="57da1623-cf97-4885-806c-f21e605d4315" testId="67185dae-1bb2-aa49-e096-b7b20c6fe73a" testName="WileyWidget.Tests.AppUnitTests.RegisterSyncfusionLicense_WithValidConfigKey_RegistersSuccessfully" computerName="MCKITRICK" duration="00:00:00.0002830" startTime="2025-08-29T19:01:52.8893467-06:00" endTime="2025-08-29T19:01:52.8893470-06:00" testType="13cdc9d9-ddb5-4fa4-a97d-d965ccfc6d4b" outcome="Passed" testListId="8c84fa94-04c1-424b-9868-57a2d4851a1d" relativeResultsDirectory="57da1623-cf97-4885-806c-f21e605d4315" />
    <UnitTestResult executionId="43c35e0f-b4d5-44fa-baa4-3599a2e855ed" testId="a9dc7ce3-2ee9-2217-fa87-9dcfd65a9dfd" testName="WileyWidget.Tests.BudgetAnalyticsTests.BudgetInsights_GeneratesCorrectInsights_ForSurplus" computerName="MCKITRICK" duration="00:00:00.0002668" startTime="2025-08-29T19:01:53.4312111-06:00" endTime="2025-08-29T19:01:53.4312112-06:00" testType="13cdc9d9-ddb5-4fa4-a97d-d965ccfc6d4b" outcome="Passed" testListId="8c84fa94-04c1-424b-9868-57a2d4851a1d" relativeResultsDirectory="43c35e0f-b4d5-44fa-baa4-3599a2e855ed" />
    <UnitTestResult executionId="9bb2204f-13f5-47ea-8695-b647342d6673" testId="a870daa8-df1f-ef82-e638-57d5f0b05d91" testName="WileyWidget.Tests.SettingsServiceTests.SettingsService_Current_IsNotNull" computerName="MCKITRICK" duration="00:00:00.0014913" startTime="2025-08-29T19:01:53.5026338-06:00" endTime="2025-08-29T19:01:53.5026340-06:00" testType="13cdc9d9-ddb5-4fa4-a97d-d965ccfc6d4b" outcome="Passed" testListId="8c84fa94-04c1-424b-9868-57a2d4851a1d" relativeResultsDirectory="9bb2204f-13f5-47ea-8695-b647342d6673" />
    <UnitTestResult executionId="1d13c422-74ac-46ff-9489-9ac3b579686c" testId="bc7d1dad-4626-c238-a1b7-51e0ec90dede" testName="WileyWidget.Tests.BudgetAnalyticsTests.BudgetInsights_GeneratesCorrectInsights_ForDeficit" computerName="MCKITRICK" duration="00:00:00.0002486" startTime="2025-08-29T19:01:53.4171774-06:00" endTime="2025-08-29T19:01:53.4171776-06:00" testType="13cdc9d9-ddb5-4fa4-a97d-d965ccfc6d4b" outcome="Passed" testListId="8c84fa94-04c1-424b-9868-57a2d4851a1d" relativeResultsDirectory="1d13c422-74ac-46ff-9489-9ac3b579686c" />
    <UnitTestResult executionId="65fac785-dee2-40e2-b187-e86add3e572d" testId="2beb22ae-6dec-0df2-163d-82054723e892" testName="WileyWidget.Tests.WidgetTests.Widget_Price_Validation(price: 0.01, shouldBeValid: True)" computerName="MCKITRICK" duration="00:00:00.0004014" startTime="2025-08-29T19:01:52.9100206-06:00" endTime="2025-08-29T19:01:52.9100207-06:00" testType="13cdc9d9-ddb5-4fa4-a97d-d965ccfc6d4b" outcome="Passed" testListId="8c84fa94-04c1-424b-9868-57a2d4851a1d" relativeResultsDirectory="65fac785-dee2-40e2-b187-e86add3e572d" />
    <UnitTestResult executionId="dbc5116f-bfe6-41ae-8fc5-110976da8e8e" testId="efa2ee80-8a84-ce7d-1850-d99aa3c2923a" testName="WileyWidget.Tests.BudgetInteractionTests.BudgetInteraction_Creation_WithValidData_Succeeds" computerName="MCKITRICK" duration="00:00:00.0002942" startTime="2025-08-29T19:01:53.3842853-06:00" endTime="2025-08-29T19:01:53.3842854-06:00" testType="13cdc9d9-ddb5-4fa4-a97d-d965ccfc6d4b" outcome="Passed" testListId="8c84fa94-04c1-424b-9868-57a2d4851a1d" relativeResultsDirectory="dbc5116f-bfe6-41ae-8fc5-110976da8e8e" />
    <UnitTestResult executionId="64e368bc-94d2-46e9-9438-afe393348d14" testId="97486250-1fe8-66a0-17d4-9ab973b2b619" testName="WileyWidget.Tests.AppUnitTests.RegisterSyncfusionLicense_WithNullConfig_HandlesGracefully" computerName="MCKITRICK" duration="00:00:00.0000710" startTime="2025-08-29T19:01:52.8888546-06:00" endTime="2025-08-29T19:01:52.8888547-06:00" testType="13cdc9d9-ddb5-4fa4-a97d-d965ccfc6d4b" outcome="Passed" testListId="8c84fa94-04c1-424b-9868-57a2d4851a1d" relativeResultsDirectory="64e368bc-94d2-46e9-9438-afe393348d14" />
    <UnitTestResult executionId="8025f27d-cef2-4d4f-bd9f-7bd0c7d7b0fa" testId="a2810c54-2114-8e84-bfe9-f4d0a5267d1f" testName="WileyWidget.Tests.EnterpriseModelTests.Enterprise_CitizenCount_Validation(citizenCount: -1, shouldBeValid: False)" computerName="MCKITRICK" duration="00:00:00.0002038" startTime="2025-08-29T19:01:53.4025051-06:00" endTime="2025-08-29T19:01:53.4025052-06:00" testType="13cdc9d9-ddb5-4fa4-a97d-d965ccfc6d4b" outcome="Passed" testListId="8c84fa94-04c1-424b-9868-57a2d4851a1d" relativeResultsDirectory="8025f27d-cef2-4d4f-bd9f-7bd0c7d7b0fa" />
    <UnitTestResult executionId="f5ff6219-9d28-44ce-9b8b-ef8562a07726" testId="9d53fc33-d776-6625-1b0a-4b6f01111549" testName="WileyWidget.Tests.BudgetInteractionTests.BudgetInteraction_MonthlyAmount_Validation(amount: 0, shouldBeValid: True)" computerName="MCKITRICK" duration="00:00:00.0001579" startTime="2025-08-29T19:01:53.3877869-06:00" endTime="2025-08-29T19:01:53.3877869-06:00" testType="13cdc9d9-ddb5-4fa4-a97d-d965ccfc6d4b" outcome="Passed" testListId="8c84fa94-04c1-424b-9868-57a2d4851a1d" relativeResultsDirectory="f5ff6219-9d28-44ce-9b8b-ef8562a07726" />
    <UnitTestResult executionId="cc230feb-fa9a-4c72-9bca-bbef4314a2d9" testId="ed2fc56e-1956-21e4-fa3d-840c8fe46677" testName="WileyWidget.Tests.MainViewModelTests.Widgets_Collection_IsObservable" computerName="MCKITRICK" duration="00:00:00.0004898" startTime="2025-08-29T19:01:52.9709105-06:00" endTime="2025-08-29T19:01:52.9709106-06:00" testType="13cdc9d9-ddb5-4fa4-a97d-d965ccfc6d4b" outcome="Passed" testListId="8c84fa94-04c1-424b-9868-57a2d4851a1d" relativeResultsDirectory="cc230feb-fa9a-4c72-9bca-bbef4314a2d9" />
    <UnitTestResult executionId="32d505fb-816c-4f99-b6d4-ab6b4978cf36" testId="d106bb70-67c4-1dcc-e1c1-b1453099822c" testName="WileyWidget.Tests.BudgetInteractionTests.BudgetInteraction_Description_Validation(description: &quot;Valid description&quot;, shouldBeValid: True)" computerName="MCKITRICK" duration="00:00:00.0001688" startTime="2025-08-29T19:01:53.3893469-06:00" endTime="2025-08-29T19:01:53.3893470-06:00" testType="13cdc9d9-ddb5-4fa4-a97d-d965ccfc6d4b" outcome="Passed" testListId="8c84fa94-04c1-424b-9868-57a2d4851a1d" relativeResultsDirectory="32d505fb-816c-4f99-b6d4-ab6b4978cf36" />
    <UnitTestResult executionId="fc9f35e5-0037-45c6-9ab1-ec190eda3347" testId="90cb2182-2da9-b142-9e98-2812635b6bad" testName="WileyWidget.Tests.EnterpriseTests.Enterprise_CalculatedProperties_WorkCorrectly(currentRate: 2, citizenCount: 500, expenses: 1000, expectedBalance: 0)" computerName="MCKITRICK" duration="00:00:00.0002759" startTime="2025-08-29T19:01:52.7999835-06:00" endTime="2025-08-29T19:01:52.7999837-06:00" testType="13cdc9d9-ddb5-4fa4-a97d-d965ccfc6d4b" outcome="Passed" testListId="8c84fa94-04c1-424b-9868-57a2d4851a1d" relativeResultsDirectory="fc9f35e5-0037-45c6-9ab1-ec190eda3347" />
    <UnitTestResult executionId="daa9bdea-83f8-4fb3-b1bb-1c9a2ad8a0a8" testId="a1485da4-493d-cd3d-9e47-0f99906d1c2c" testName="WileyWidget.Tests.WidgetTests.Widget_FormattedPrice_ReturnsCorrectFormat(price: 99.99, expected: &quot;$99.99&quot;)" computerName="MCKITRICK" duration="00:00:00.0002529" startTime="2025-08-29T19:01:52.9076378-06:00" endTime="2025-08-29T19:01:52.9076379-06:00" testType="13cdc9d9-ddb5-4fa4-a97d-d965ccfc6d4b" outcome="Passed" testListId="8c84fa94-04c1-424b-9868-57a2d4851a1d" relativeResultsDirectory="daa9bdea-83f8-4fb3-b1bb-1c9a2ad8a0a8" />
    <UnitTestResult executionId="6bc51e27-6fa5-424b-88f0-b7dec93ea4f0" testId="c0f826c4-a2e8-a2fe-55fc-c1924806102d" testName="WileyWidget.Tests.WidgetTests.Widget_Quantity_Validation(quantity: 0, shouldBeValid: True)" computerName="MCKITRICK" duration="00:00:00.0002993" startTime="2025-08-29T19:01:52.9163796-06:00" endTime="2025-08-29T19:01:52.9163796-06:00" testType="13cdc9d9-ddb5-4fa4-a97d-d965ccfc6d4b" outcome="Passed" testListId="8c84fa94-04c1-424b-9868-57a2d4851a1d" relativeResultsDirectory="6bc51e27-6fa5-424b-88f0-b7dec93ea4f0" />
    <UnitTestResult executionId="5e67ea23-f3c3-46b5-ab42-0f0f71371604" testId="44e15a9e-b1db-5915-a9b2-5e9b239ca9b3" testName="WileyWidget.Tests.EnterpriseModelTests.Enterprise_BudgetStatus_ReturnsCorrectStatus(revenue: 3000, expenses: 2500, expectedStatus: &quot;Surplus&quot;)" computerName="MCKITRICK" duration="00:00:00.0001955" startTime="2025-08-29T19:01:53.4002929-06:00" endTime="2025-08-29T19:01:53.4002932-06:00" testType="13cdc9d9-ddb5-4fa4-a97d-d965ccfc6d4b" outcome="Passed" testListId="8c84fa94-04c1-424b-9868-57a2d4851a1d" relativeResultsDirectory="5e67ea23-f3c3-46b5-ab42-0f0f71371604" />
    <UnitTestResult executionId="c7b81b8a-5986-468e-98c1-024c69731f83" testId="a4b79d30-1b57-4783-2bc5-b481543036fd" testName="WileyWidget.Tests.BudgetInteractionTests.BudgetInteraction_InteractionType_Validation(type: &quot;Dependency&quot;, shouldBeValid: True)" computerName="MCKITRICK" duration="00:00:00.0000197" startTime="2025-08-29T19:01:53.3836777-06:00" endTime="2025-08-29T19:01:53.3836778-06:00" testType="13cdc9d9-ddb5-4fa4-a97d-d965ccfc6d4b" outcome="Passed" testListId="8c84fa94-04c1-424b-9868-57a2d4851a1d" relativeResultsDirectory="c7b81b8a-5986-468e-98c1-024c69731f83" />
    <UnitTestResult executionId="124f778f-3486-415c-95ed-ee97978fc38c" testId="8d616601-23ef-0d6f-a99d-c5f9d126d4fa" testName="WileyWidget.Tests.EnterpriseModelTests.Enterprise_BudgetStatus_ReturnsCorrectStatus(revenue: 2000, expenses: 2500, expectedStatus: &quot;Deficit&quot;)" computerName="MCKITRICK" duration="00:00:00.0000051" startTime="2025-08-29T19:01:53.4005283-06:00" endTime="2025-08-29T19:01:53.4005284-06:00" testType="13cdc9d9-ddb5-4fa4-a97d-d965ccfc6d4b" outcome="Passed" testListId="8c84fa94-04c1-424b-9868-57a2d4851a1d" relativeResultsDirectory="124f778f-3486-415c-95ed-ee97978fc38c" />
    <UnitTestResult executionId="61538956-7256-4f6d-a3b8-abad504e4373" testId="f0564e38-0932-37f9-f2ec-c59c84e4f319" testName="WileyWidget.Tests.EnterpriseDatabaseTests.ComplexAssertions_MultipleValidations_UsingDirectConnection" computerName="MCKITRICK" duration="00:00:00.0819048" startTime="2025-08-29T19:01:53.3647621-06:00" endTime="2025-08-29T19:01:53.3647622-06:00" testType="13cdc9d9-ddb5-4fa4-a97d-d965ccfc6d4b" outcome="Passed" testListId="8c84fa94-04c1-424b-9868-57a2d4851a1d" relativeResultsDirectory="61538956-7256-4f6d-a3b8-abad504e4373" />
    <UnitTestResult executionId="ccdab7d9-e0ae-466a-bd68-007ce9305e1e" testId="d332a652-b311-2f6e-2247-c3ce44c290ae" testName="WileyWidget.Tests.WidgetTests.Widget_MarkAsModified_UpdatesModifiedDate" computerName="MCKITRICK" duration="00:00:00.0005137" startTime="2025-08-29T19:01:52.9158779-06:00" endTime="2025-08-29T19:01:52.9158779-06:00" testType="13cdc9d9-ddb5-4fa4-a97d-d965ccfc6d4b" outcome="Passed" testListId="8c84fa94-04c1-424b-9868-57a2d4851a1d" relativeResultsDirectory="ccdab7d9-e0ae-466a-bd68-007ce9305e1e" />
    <UnitTestResult executionId="7da4a7d0-a589-4f7a-ba68-54eb1e6ad403" testId="59a77b29-012a-7f31-5abd-f2349c80ceff" testName="WileyWidget.Tests.DatabaseIntegrationTests.GetAllAsync_ReturnsAllEnterprises" computerName="MCKITRICK" duration="00:00:00.0119781" startTime="2025-08-29T19:01:52.7484992-06:00" endTime="2025-08-29T19:01:52.7484994-06:00" testType="13cdc9d9-ddb5-4fa4-a97d-d965ccfc6d4b" outcome="Passed" testListId="8c84fa94-04c1-424b-9868-57a2d4851a1d" relativeResultsDirectory="7da4a7d0-a589-4f7a-ba68-54eb1e6ad403" />
    <UnitTestResult executionId="42900afe-0198-4fdb-83ee-807a2dadfe10" testId="33627335-316c-cbc4-3f2e-4374d3f98bd0" testName="WileyWidget.Tests.SettingsServiceTests.SettingsService_Load_ReadsFileCorrectly" computerName="MCKITRICK" duration="00:00:00.0492509" startTime="2025-08-29T19:01:53.4816161-06:00" endTime="2025-08-29T19:01:53.4816167-06:00" testType="13cdc9d9-ddb5-4fa4-a97d-d965ccfc6d4b" outcome="Passed" testListId="8c84fa94-04c1-424b-9868-57a2d4851a1d" relativeResultsDirectory="42900afe-0198-4fdb-83ee-807a2dadfe10" />
    <UnitTestResult executionId="c1e79016-1335-4d7a-9cdc-f18a4dbeedd6" testId="d952c50c-d956-1f7c-9b09-2b7891193ead" testName="WileyWidget.Tests.BudgetInteractionTests.BudgetInteraction_Description_Validation(description: &quot;&quot;, shouldBeValid: False)" computerName="MCKITRICK" duration="00:00:00.0003368" startTime="2025-08-29T19:01:53.3889699-06:00" endTime="2025-08-29T19:01:53.3889700-06:00" testType="13cdc9d9-ddb5-4fa4-a97d-d965ccfc6d4b" outcome="Passed" testListId="8c84fa94-04c1-424b-9868-57a2d4851a1d" relativeResultsDirectory="c1e79016-1335-4d7a-9cdc-f18a4dbeedd6" />
    <UnitTestResult executionId="150bd8f2-6b23-4329-88e5-4a5fac808c4a" testId="3d9418a8-7d7a-ace8-cce3-7f6d8639b60f" testName="WileyWidget.Tests.EnterpriseTests.Enterprise_Name_Validation(name: &quot;This is a very long enterprise name that exceeds t&quot;···, shouldBeValid: False)" computerName="MCKITRICK" duration="00:00:00.0000883" startTime="2025-08-29T19:01:52.8062538-06:00" endTime="2025-08-29T19:01:52.8062540-06:00" testType="13cdc9d9-ddb5-4fa4-a97d-d965ccfc6d4b" outcome="Passed" testListId="8c84fa94-04c1-424b-9868-57a2d4851a1d" relativeResultsDirectory="150bd8f2-6b23-4329-88e5-4a5fac808c4a" />
    <UnitTestResult executionId="94f3d920-719a-4f6b-bf30-4a3e0301a2a1" testId="80a94af4-7913-fd5c-01c4-b92eec2e4015" testName="WileyWidget.Tests.EnterpriseModelTests.Enterprise_CurrentRate_Validation(rate: -1, shouldBeValid: False)" computerName="MCKITRICK" duration="00:00:00.0012382" startTime="2025-08-29T19:01:53.3957865-06:00" endTime="2025-08-29T19:01:53.3957870-06:00" testType="13cdc9d9-ddb5-4fa4-a97d-d965ccfc6d4b" outcome="Passed" testListId="8c84fa94-04c1-424b-9868-57a2d4851a1d" relativeResultsDirectory="94f3d920-719a-4f6b-bf30-4a3e0301a2a1" />
    <UnitTestResult executionId="f805e13b-9ad5-4c9c-a882-712be22eb9d1" testId="de72c0f3-fa26-9d6c-6ca7-32a0c98717f3" testName="WileyWidget.Tests.WidgetTests.Widget_Price_Validation(price: 1000.99, shouldBeValid: True)" computerName="MCKITRICK" duration="00:00:00.0000180" startTime="2025-08-29T19:01:52.9102306-06:00" endTime="2025-08-29T19:01:52.9102306-06:00" testType="13cdc9d9-ddb5-4fa4-a97d-d965ccfc6d4b" outcome="Passed" testListId="8c84fa94-04c1-424b-9868-57a2d4851a1d" relativeResultsDirectory="f805e13b-9ad5-4c9c-a882-712be22eb9d1" />
    <UnitTestResult executionId="a518f937-4366-4aba-8597-63de91e9e917" testId="a4f037bc-7338-9135-cfbf-a9e8758843b8" testName="WileyWidget.Tests.BudgetInteractionTests.BudgetInteraction_InteractionType_Validation(type: &quot;&quot;, shouldBeValid: False)" computerName="MCKITRICK" duration="00:00:00.0001461" startTime="2025-08-29T19:01:53.3834572-06:00" endTime="2025-08-29T19:01:53.3834573-06:00" testType="13cdc9d9-ddb5-4fa4-a97d-d965ccfc6d4b" outcome="Passed" testListId="8c84fa94-04c1-424b-9868-57a2d4851a1d" relativeResultsDirectory="a518f937-4366-4aba-8597-63de91e9e917" />
    <UnitTestResult executionId="6f2a86d5-4800-4241-9777-d509d6129be2" testId="a590d7ab-a37d-241b-b41d-e926aae9e190" testName="WileyWidget.Tests.DatabaseIntegrationTests.Repository_EnforcesCitizenCountConstraints" computerName="MCKITRICK" duration="00:00:00.0004705" startTime="2025-08-29T19:01:52.7763831-06:00" endTime="2025-08-29T19:01:52.7763833-06:00" testType="13cdc9d9-ddb5-4fa4-a97d-d965ccfc6d4b" outcome="Passed" testListId="8c84fa94-04c1-424b-9868-57a2d4851a1d" relativeResultsDirectory="6f2a86d5-4800-4241-9777-d509d6129be2" />
    <UnitTestResult executionId="53963dbf-8d07-4c75-b8e8-1e1241ee857d" testId="fdd256aa-95b4-4138-ef57-428d9bd57c15" testName="WileyWidget.Tests.MainViewModelTests.SelectNextCommand_WrapsToFirstWidget" computerName="MCKITRICK" duration="00:00:00.0005811" startTime="2025-08-29T19:01:52.9739494-06:00" endTime="2025-08-29T19:01:52.9739496-06:00" testType="13cdc9d9-ddb5-4fa4-a97d-d965ccfc6d4b" outcome="Passed" testListId="8c84fa94-04c1-424b-9868-57a2d4851a1d" relativeResultsDirectory="53963dbf-8d07-4c75-b8e8-1e1241ee857d" />
    <UnitTestResult executionId="8e6412ff-9cad-4950-a3b8-3090ea38d9f7" testId="02a84783-afd8-9efb-6906-833a0d912242" testName="WileyWidget.Tests.MainViewModelTests.Widgets_Collection_ContainsInitialData" computerName="MCKITRICK" duration="00:00:00.0009461" startTime="2025-08-29T19:01:52.9720782-06:00" endTime="2025-08-29T19:01:52.9720784-06:00" testType="13cdc9d9-ddb5-4fa4-a97d-d965ccfc6d4b" outcome="Passed" testListId="8c84fa94-04c1-424b-9868-57a2d4851a1d" relativeResultsDirectory="8e6412ff-9cad-4950-a3b8-3090ea38d9f7" />
    <UnitTestResult executionId="c2eb824e-bb4e-4370-a7ba-03c6b96e8b3b" testId="216d7b3f-febd-5cd7-9636-60001f76e735" testName="WileyWidget.Tests.EnterpriseTests.Enterprise_MonthlyRevenue_CalculatesCorrectly" computerName="MCKITRICK" duration="00:00:00.0009689" startTime="2025-08-29T19:01:52.8123477-06:00" endTime="2025-08-29T19:01:52.8123479-06:00" testType="13cdc9d9-ddb5-4fa4-a97d-d965ccfc6d4b" outcome="Passed" testListId="8c84fa94-04c1-424b-9868-57a2d4851a1d" relativeResultsDirectory="c2eb824e-bb4e-4370-a7ba-03c6b96e8b3b" />
    <UnitTestResult executionId="573805e8-aad7-4766-90b7-78f5317f5aa6" testId="4a107ce6-33da-a97e-bc39-9415fc198e08" testName="WileyWidget.Tests.EnterpriseTests.Enterprise_Validation_HandlesMultipleErrors" computerName="MCKITRICK" duration="00:00:00.0006769" startTime="2025-08-29T19:01:52.8108294-06:00" endTime="2025-08-29T19:01:52.8108295-06:00" testType="13cdc9d9-ddb5-4fa4-a97d-d965ccfc6d4b" outcome="Passed" testListId="8c84fa94-04c1-424b-9868-57a2d4851a1d" relativeResultsDirectory="573805e8-aad7-4766-90b7-78f5317f5aa6" />
    <UnitTestResult executionId="e4bf655c-7d31-4cb3-b9f4-cc0da3b7832a" testId="3f32ff24-dbe4-5b18-602e-bcc79c03a51a" testName="WileyWidget.Tests.EnterpriseModelTests.Enterprise_MonthlyRevenue_CalculatesCorrectly" computerName="MCKITRICK" duration="00:00:00.0002023" startTime="2025-08-29T19:01:53.4010675-06:00" endTime="2025-08-29T19:01:53.4010676-06:00" testType="13cdc9d9-ddb5-4fa4-a97d-d965ccfc6d4b" outcome="Passed" testListId="8c84fa94-04c1-424b-9868-57a2d4851a1d" relativeResultsDirectory="e4bf655c-7d31-4cb3-b9f4-cc0da3b7832a" />
    <UnitTestResult executionId="77135f30-4b64-49c7-99e5-f4a29b151280" testId="10b1ef9a-89d0-7820-4fdf-06d433c43486" testName="WileyWidget.Tests.EnterpriseModelTests.Enterprise_Name_Validation(name: &quot;&quot;, shouldBeValid: False)" computerName="MCKITRICK" duration="00:00:00.0000152" startTime="2025-08-29T19:01:53.3990972-06:00" endTime="2025-08-29T19:01:53.3990972-06:00" testType="13cdc9d9-ddb5-4fa4-a97d-d965ccfc6d4b" outcome="Passed" testListId="8c84fa94-04c1-424b-9868-57a2d4851a1d" relativeResultsDirectory="77135f30-4b64-49c7-99e5-f4a29b151280" />
    <UnitTestResult executionId="0581f241-c407-414d-bead-ab756c409dd9" testId="e472ca0e-4d1f-2cb2-ae79-f619786a7e3f" testName="WileyWidget.Tests.EnterpriseModelTests.Enterprise_MonthlyExpenses_Validation(expenses: -1, shouldBeValid: False)" computerName="MCKITRICK" duration="00:00:00.0004678" startTime="2025-08-29T19:01:53.3930031-06:00" endTime="2025-08-29T19:01:53.3930032-06:00" testType="13cdc9d9-ddb5-4fa4-a97d-d965ccfc6d4b" outcome="Passed" testListId="8c84fa94-04c1-424b-9868-57a2d4851a1d" relativeResultsDirectory="0581f241-c407-414d-bead-ab756c409dd9" />
    <UnitTestResult executionId="a80845bb-1c2d-46e4-97a0-0b1c7bda0870" testId="7fe76a3a-9ac6-6844-b5f7-d4331eae2413" testName="WileyWidget.Tests.EnterpriseTests.Enterprise_Name_Validation(name: &quot;&quot;, shouldBeValid: False)" computerName="MCKITRICK" duration="00:00:00.0003191" startTime="2025-08-29T19:01:52.8053036-06:00" endTime="2025-08-29T19:01:52.8053037-06:00" testType="13cdc9d9-ddb5-4fa4-a97d-d965ccfc6d4b" outcome="Passed" testListId="8c84fa94-04c1-424b-9868-57a2d4851a1d" relativeResultsDirectory="a80845bb-1c2d-46e4-97a0-0b1c7bda0870" />
    <UnitTestResult executionId="d789c216-cc98-4859-a861-e65632c2647c" testId="2eed4695-e3e7-5a59-502b-92e7e53fb8f1" testName="WileyWidget.Tests.AppUnitTests.RegisterSyncfusionLicense_WithPlaceholderConfigKey_FallsBackToEnvironment" computerName="MCKITRICK" duration="00:00:00.0003412" startTime="2025-08-29T19:01:52.8874512-06:00" endTime="2025-08-29T19:01:52.8874514-06:00" testType="13cdc9d9-ddb5-4fa4-a97d-d965ccfc6d4b" outcome="Passed" testListId="8c84fa94-04c1-424b-9868-57a2d4851a1d" relativeResultsDirectory="d789c216-cc98-4859-a861-e65632c2647c" />
    <UnitTestResult executionId="664af80d-e9c8-4382-bc68-1801b5bb9aca" testId="7e338c26-7d68-229c-5870-5a210a219a3a" testName="WileyWidget.Tests.EnterpriseModelTests.Enterprise_MonthlyBalance_CalculatesCorrectly" computerName="MCKITRICK" duration="00:00:00.0001377" startTime="2025-08-29T19:01:53.4043332-06:00" endTime="2025-08-29T19:01:53.4043333-06:00" testType="13cdc9d9-ddb5-4fa4-a97d-d965ccfc6d4b" outcome="Passed" testListId="8c84fa94-04c1-424b-9868-57a2d4851a1d" relativeResultsDirectory="664af80d-e9c8-4382-bc68-1801b5bb9aca" />
    <UnitTestResult executionId="79178a26-d441-4ffd-8333-7856f00a19c3" testId="0d4e12bb-b410-10f4-ea79-224ef1ad4ec2" testName="WileyWidget.Tests.BudgetInteractionTests.BudgetInteraction_MonthlyAmount_Validation(amount: -1, shouldBeValid: False)" computerName="MCKITRICK" duration="00:00:00.0000959" startTime="2025-08-29T19:01:53.3880472-06:00" endTime="2025-08-29T19:01:53.3880473-06:00" testType="13cdc9d9-ddb5-4fa4-a97d-d965ccfc6d4b" outcome="Passed" testListId="8c84fa94-04c1-424b-9868-57a2d4851a1d" relativeResultsDirectory="79178a26-d441-4ffd-8333-7856f00a19c3" />
    <UnitTestResult executionId="6ca169bb-06c3-4d4d-8c58-2f1ea2eaccfa" testId="e72511ca-5da4-5e68-e2df-554a43fc47aa" testName="WileyWidget.Tests.SettingsServiceTests.SettingsService_Load_HandlesMissingFile" computerName="MCKITRICK" duration="00:00:00.0024703" startTime="2025-08-29T19:01:53.5059926-06:00" endTime="2025-08-29T19:01:53.5059929-06:00" testType="13cdc9d9-ddb5-4fa4-a97d-d965ccfc6d4b" outcome="Passed" testListId="8c84fa94-04c1-424b-9868-57a2d4851a1d" relativeResultsDirectory="6ca169bb-06c3-4d4d-8c58-2f1ea2eaccfa" />
    <UnitTestResult executionId="3a59081d-251f-403c-a51f-7db2306da27e" testId="40d7657d-f657-0f30-1e57-f9b4790fea1e" testName="WileyWidget.Tests.BudgetInteractionTests.BudgetInteraction_MonthlyAmount_Validation(amount: 1000.99, shouldBeValid: True)" computerName="MCKITRICK" duration="00:00:00.0002692" startTime="2025-08-29T19:01:53.3874559-06:00" endTime="2025-08-29T19:01:53.3874561-06:00" testType="13cdc9d9-ddb5-4fa4-a97d-d965ccfc6d4b" outcome="Passed" testListId="8c84fa94-04c1-424b-9868-57a2d4851a1d" relativeResultsDirectory="3a59081d-251f-403c-a51f-7db2306da27e" />
    <UnitTestResult executionId="4831175b-7e26-4c57-941f-bae7adc7a683" testId="6f8045c6-6937-39f1-af17-4e72f663e3b7" testName="WileyWidget.Tests.DatabaseIntegrationTests.Repository_HandlesCalculatedPropertiesCorrectly" computerName="MCKITRICK" duration="00:00:00.5065248" startTime="2025-08-29T19:01:52.6787518-06:00" endTime="2025-08-29T19:01:52.6787648-06:00" testType="13cdc9d9-ddb5-4fa4-a97d-d965ccfc6d4b" outcome="Passed" testListId="8c84fa94-04c1-424b-9868-57a2d4851a1d" relativeResultsDirectory="4831175b-7e26-4c57-941f-bae7adc7a683" />
    <UnitTestResult executionId="c3478591-48f2-465d-85ac-4c6eba225a34" testId="1340ffff-d167-8c9f-1446-195b0fb1d86f" testName="WileyWidget.Tests.DatabaseIntegrationTests.AddAsync_AddsEnterpriseToDatabase" computerName="MCKITRICK" duration="00:00:00.0168199" startTime="2025-08-29T19:01:52.7000424-06:00" endTime="2025-08-29T19:01:52.7000427-06:00" testType="13cdc9d9-ddb5-4fa4-a97d-d965ccfc6d4b" outcome="Passed" testListId="8c84fa94-04c1-424b-9868-57a2d4851a1d" relativeResultsDirectory="c3478591-48f2-465d-85ac-4c6eba225a34" />
    <UnitTestResult executionId="68338c9e-d7c5-48b9-a85e-99ea965b2175" testId="9929003c-3c0b-e178-ebdf-bba67d8898cc" testName="WileyWidget.Tests.EnterpriseModelTests.Enterprise_MonthlyExpenses_Validation(expenses: 1000, shouldBeValid: True)" computerName="MCKITRICK" duration="00:00:00.0001978" startTime="2025-08-29T19:01:53.3934094-06:00" endTime="2025-08-29T19:01:53.3934095-06:00" testType="13cdc9d9-ddb5-4fa4-a97d-d965ccfc6d4b" outcome="Passed" testListId="8c84fa94-04c1-424b-9868-57a2d4851a1d" relativeResultsDirectory="68338c9e-d7c5-48b9-a85e-99ea965b2175" />
    <UnitTestResult executionId="d5816263-96a3-47a7-9a08-42097f665556" testId="0a00e6cb-49af-1b97-d7b2-bbdf194a8118" testName="WileyWidget.Tests.EnterpriseModelTests.Enterprise_BreakEvenRate_HandlesZeroCitizens" computerName="MCKITRICK" duration="00:00:00.0001685" startTime="2025-08-29T19:01:53.4047011-06:00" endTime="2025-08-29T19:01:53.4047012-06:00" testType="13cdc9d9-ddb5-4fa4-a97d-d965ccfc6d4b" outcome="Passed" testListId="8c84fa94-04c1-424b-9868-57a2d4851a1d" relativeResultsDirectory="d5816263-96a3-47a7-9a08-42097f665556" />
    <UnitTestResult executionId="3e255a49-1634-4673-9c49-9c789997f7e8" testId="93f87e80-68d8-ef6d-e92d-98707d05f82e" testName="WileyWidget.Tests.AppUnitTests.RegisterSyncfusionLicense_WithNoValidSources_LogsWarning" computerName="MCKITRICK" duration="00:00:00.0715398" startTime="2025-08-29T19:01:52.8857138-06:00" endTime="2025-08-29T19:01:52.8857141-06:00" testType="13cdc9d9-ddb5-4fa4-a97d-d965ccfc6d4b" outcome="Passed" testListId="8c84fa94-04c1-424b-9868-57a2d4851a1d" relativeResultsDirectory="3e255a49-1634-4673-9c49-9c789997f7e8" />
    <UnitTestResult executionId="8ddf8108-2766-4340-94f1-d27f99a76ae0" testId="8b1e5a88-d61f-8bfb-af7a-001ec194b46c" testName="WileyWidget.Tests.MainViewModelTests.QuickBooksCustomers_Collection_IsObservable" computerName="MCKITRICK" duration="00:00:00.0007509" startTime="2025-08-29T19:01:52.9811830-06:00" endTime="2025-08-29T19:01:52.9811831-06:00" testType="13cdc9d9-ddb5-4fa4-a97d-d965ccfc6d4b" outcome="Passed" testListId="8c84fa94-04c1-424b-9868-57a2d4851a1d" relativeResultsDirectory="8ddf8108-2766-4340-94f1-d27f99a76ae0" />
    <UnitTestResult executionId="d9676b5d-518c-492b-93f8-8c4fcec679a7" testId="9f5c146e-0566-da9b-266b-e05a1f45f5d6" testName="WileyWidget.Tests.MainViewModelTests.AddEnterpriseCommand_AddsNewEnterprise" computerName="MCKITRICK" duration="00:00:00.0061247" startTime="2025-08-29T19:01:52.9678536-06:00" endTime="2025-08-29T19:01:52.9678540-06:00" testType="13cdc9d9-ddb5-4fa4-a97d-d965ccfc6d4b" outcome="Passed" testListId="8c84fa94-04c1-424b-9868-57a2d4851a1d" relativeResultsDirectory="d9676b5d-518c-492b-93f8-8c4fcec679a7" />
    <UnitTestResult executionId="af5ee20c-892c-4bb8-8386-548b98263332" testId="266048de-3f2b-fdbd-2e09-1b7eae8e8964" testName="WileyWidget.Tests.EnterpriseModelTests.Enterprise_Name_Validation(name: &quot;Valid Name&quot;, shouldBeValid: True)" computerName="MCKITRICK" duration="00:00:00.0000205" startTime="2025-08-29T19:01:53.3989296-06:00" endTime="2025-08-29T19:01:53.3989297-06:00" testType="13cdc9d9-ddb5-4fa4-a97d-d965ccfc6d4b" outcome="Passed" testListId="8c84fa94-04c1-424b-9868-57a2d4851a1d" relativeResultsDirectory="af5ee20c-892c-4bb8-8386-548b98263332" />
    <UnitTestResult executionId="f4179066-297f-43d3-b0fb-fac8377d3418" testId="4e31e5ac-795c-6664-b1e1-6987564c4e12" testName="WileyWidget.Tests.DatabaseIntegrationTests.GetByIdAsync_ReturnsCorrectEnterprise" computerName="MCKITRICK" duration="00:00:00.0045370" startTime="2025-08-29T19:01:52.7290837-06:00" endTime="2025-08-29T19:01:52.7290838-06:00" testType="13cdc9d9-ddb5-4fa4-a97d-d965ccfc6d4b" outcome="Passed" testListId="8c84fa94-04c1-424b-9868-57a2d4851a1d" relativeResultsDirectory="f4179066-297f-43d3-b0fb-fac8377d3418" />
    <UnitTestResult executionId="ff37643f-9b78-44f3-b1b0-58499a39a8be" testId="9c4061d1-7b4d-72a8-5d62-324df6948592" testName="WileyWidget.Tests.DatabaseIntegrationTests.DeleteAsync_RemovesEnterpriseFromDatabase" computerName="MCKITRICK" duration="00:00:00.0168717" startTime="2025-08-29T19:01:52.7978582-06:00" endTime="2025-08-29T19:01:52.7978584-06:00" testType="13cdc9d9-ddb5-4fa4-a97d-d965ccfc6d4b" outcome="Passed" testListId="8c84fa94-04c1-424b-9868-57a2d4851a1d" relativeResultsDirectory="ff37643f-9b78-44f3-b1b0-58499a39a8be" />
    <UnitTestResult executionId="b138db02-79de-499e-ab0a-8b96c3eaeb30" testId="c92dc833-fd57-a263-2b90-5a13ee4f5081" testName="WileyWidget.Tests.EnterpriseModelTests.Enterprise_MonthlyExpenses_Validation(expenses: 0, shouldBeValid: True)" computerName="MCKITRICK" duration="00:00:00.0000227" startTime="2025-08-29T19:01:53.3936409-06:00" endTime="2025-08-29T19:01:53.3936409-06:00" testType="13cdc9d9-ddb5-4fa4-a97d-d965ccfc6d4b" outcome="Passed" testListId="8c84fa94-04c1-424b-9868-57a2d4851a1d" relativeResultsDirectory="b138db02-79de-499e-ab0a-8b96c3eaeb30" />
    <UnitTestResult executionId="5467b22d-4acc-4b72-a50f-685155b17a07" testId="0c08c2f7-584f-44de-79b5-e35ec9541cbd" testName="WileyWidget.Tests.WidgetTests.Widget_Category_AcceptsVariousValues(category: &quot;Clothing&quot;)" computerName="MCKITRICK" duration="00:00:00.0001176" startTime="2025-08-29T19:01:52.9052444-06:00" endTime="2025-08-29T19:01:52.9052445-06:00" testType="13cdc9d9-ddb5-4fa4-a97d-d965ccfc6d4b" outcome="Passed" testListId="8c84fa94-04c1-424b-9868-57a2d4851a1d" relativeResultsDirectory="5467b22d-4acc-4b72-a50f-685155b17a07" />
    <UnitTestResult executionId="8be2315a-0f0e-45d7-b0b2-0129d3a979e2" testId="2f6535a3-ca21-5a5e-d2ea-27f9db0d9635" testName="WileyWidget.Tests.BudgetInteractionTests.BudgetInteraction_SecondaryEnterpriseId_CanBeNull" computerName="MCKITRICK" duration="00:00:00.0005875" startTime="2025-08-29T19:01:53.3803482-06:00" endTime="2025-08-29T19:01:53.3803485-06:00" testType="13cdc9d9-ddb5-4fa4-a97d-d965ccfc6d4b" outcome="Passed" testListId="8c84fa94-04c1-424b-9868-57a2d4851a1d" relativeResultsDirectory="8be2315a-0f0e-45d7-b0b2-0129d3a979e2" />
    <UnitTestResult executionId="c623223e-d430-4d85-ac97-fc995e302770" testId="bab73118-bcc5-733a-969d-4c306d5de5ef" testName="WileyWidget.Tests.EnterpriseTests.Enterprise_CurrentRate_Validation(rate: 1000, shouldBeValid: True)" computerName="MCKITRICK" duration="00:00:00.0001805" startTime="2025-08-29T19:01:52.8045770-06:00" endTime="2025-08-29T19:01:52.8045772-06:00" testType="13cdc9d9-ddb5-4fa4-a97d-d965ccfc6d4b" outcome="Passed" testListId="8c84fa94-04c1-424b-9868-57a2d4851a1d" relativeResultsDirectory="c623223e-d430-4d85-ac97-fc995e302770" />
    <UnitTestResult executionId="3bfbec0b-b6eb-45ec-88bc-0596d95fb5d7" testId="53bedddd-9e7e-05b6-0db9-6c4d6523d66b" testName="WileyWidget.Tests.BudgetInteractionTests.BudgetInteraction_AcceptsVariousInteractionTypes(type: &quot;Transfer&quot;, expected: True)" computerName="MCKITRICK" duration="00:00:00.0000103" startTime="2025-08-29T19:01:53.3870297-06:00" endTime="2025-08-29T19:01:53.3870297-06:00" testType="13cdc9d9-ddb5-4fa4-a97d-d965ccfc6d4b" outcome="Passed" testListId="8c84fa94-04c1-424b-9868-57a2d4851a1d" relativeResultsDirectory="3bfbec0b-b6eb-45ec-88bc-0596d95fb5d7" />
    <UnitTestResult executionId="fc165e78-c877-40e0-b791-b237f4352ce9" testId="20a34a95-a426-14ac-be1a-81af3da9062a" testName="WileyWidget.Tests.EnterpriseModelTests.Enterprise_CitizenCount_Validation(citizenCount: 1000, shouldBeValid: True)" computerName="MCKITRICK" duration="00:00:00.0000172" startTime="2025-08-29T19:01:53.4027078-06:00" endTime="2025-08-29T19:01:53.4027079-06:00" testType="13cdc9d9-ddb5-4fa4-a97d-d965ccfc6d4b" outcome="Passed" testListId="8c84fa94-04c1-424b-9868-57a2d4851a1d" relativeResultsDirectory="fc165e78-c877-40e0-b791-b237f4352ce9" />
    <UnitTestResult executionId="9c9b8768-c5e0-45da-a935-6fb2c5f6b5c7" testId="00f90a30-6cfb-102f-2905-fe6964421a8d" testName="WileyWidget.Tests.EnterpriseModelTests.Enterprise_CurrentRate_Validation(rate: 0.005, shouldBeValid: False)" computerName="MCKITRICK" duration="00:00:00.0000395" startTime="2025-08-29T19:01:53.3973062-06:00" endTime="2025-08-29T19:01:53.3973062-06:00" testType="13cdc9d9-ddb5-4fa4-a97d-d965ccfc6d4b" outcome="Passed" testListId="8c84fa94-04c1-424b-9868-57a2d4851a1d" relativeResultsDirectory="9c9b8768-c5e0-45da-a935-6fb2c5f6b5c7" />
    <UnitTestResult executionId="acab2fb4-54b2-4e91-a3db-f287510d5794" testId="5e00cc24-af68-8e5e-7215-9a710f60e406" testName="WileyWidget.Tests.AppUnitTests.RegisterSyncfusionLicense_MethodExists" computerName="MCKITRICK" duration="00:00:00.0001053" startTime="2025-08-29T19:01:52.8886213-06:00" endTime="2025-08-29T19:01:52.8886214-06:00" testType="13cdc9d9-ddb5-4fa4-a97d-d965ccfc6d4b" outcome="Passed" testListId="8c84fa94-04c1-424b-9868-57a2d4851a1d" relativeResultsDirectory="acab2fb4-54b2-4e91-a3db-f287510d5794" />
    <UnitTestResult executionId="41ff6756-4b7a-46ac-9429-c3e0556b757e" testId="cda48384-02ec-e8bf-7f92-391e842be3cc" testName="WileyWidget.Tests.EnterpriseDatabaseTests.QueryEnterpriseByName_ReturnsCorrectData_UsingDirectConnection" computerName="MCKITRICK" duration="00:00:00.0088208" startTime="2025-08-29T19:01:53.2819798-06:00" endTime="2025-08-29T19:01:53.2819799-06:00" testType="13cdc9d9-ddb5-4fa4-a97d-d965ccfc6d4b" outcome="Passed" testListId="8c84fa94-04c1-424b-9868-57a2d4851a1d" relativeResultsDirectory="41ff6756-4b7a-46ac-9429-c3e0556b757e" />
    <UnitTestResult executionId="07fc0421-2c91-4a09-9342-d59e03b58fac" testId="5f349e6c-e09e-70aa-e134-6073e4276708" testName="WileyWidget.Tests.WidgetTests.Widget_Name_Validation(name: &quot;&quot;, shouldBeValid: False)" computerName="MCKITRICK" duration="00:00:00.0000156" startTime="2025-08-29T19:01:52.9152020-06:00" endTime="2025-08-29T19:01:52.9152021-06:00" testType="13cdc9d9-ddb5-4fa4-a97d-d965ccfc6d4b" outcome="Passed" testListId="8c84fa94-04c1-424b-9868-57a2d4851a1d" relativeResultsDirectory="07fc0421-2c91-4a09-9342-d59e03b58fac" />
    <UnitTestResult executionId="0ad797db-e0fd-4c2e-8cf4-370d030db4ab" testId="c093cc50-deee-4751-29ce-343ea9d35c10" testName="WileyWidget.Tests.EnterpriseTests.Enterprise_Name_Validation(name: &quot;A&quot;, shouldBeValid: True)" computerName="MCKITRICK" duration="00:00:00.0000258" startTime="2025-08-29T19:01:52.8066563-06:00" endTime="2025-08-29T19:01:52.8066563-06:00" testType="13cdc9d9-ddb5-4fa4-a97d-d965ccfc6d4b" outcome="Passed" testListId="8c84fa94-04c1-424b-9868-57a2d4851a1d" relativeResultsDirectory="0ad797db-e0fd-4c2e-8cf4-370d030db4ab" />
    <UnitTestResult executionId="11af3274-24d6-455b-83b0-f93f48f073cd" testId="d6a8afd6-4dff-6792-90e1-49cce70d3116" testName="WileyWidget.Tests.WidgetTests.Widget_Quantity_Validation(quantity: 100, shouldBeValid: True)" computerName="MCKITRICK" duration="00:00:00.0001564" startTime="2025-08-29T19:01:52.9167118-06:00" endTime="2025-08-29T19:01:52.9167119-06:00" testType="13cdc9d9-ddb5-4fa4-a97d-d965ccfc6d4b" outcome="Passed" testListId="8c84fa94-04c1-424b-9868-57a2d4851a1d" relativeResultsDirectory="11af3274-24d6-455b-83b0-f93f48f073cd" />
    <UnitTestResult executionId="da8cc027-c804-4f33-b812-8855b590d78f" testId="b7030ce1-05f2-f041-773e-ef3e29b9eb03" testName="WileyWidget.Tests.AppUnitTests.ConfigureLogging_MethodExists" computerName="MCKITRICK" duration="00:00:00.0001318" startTime="2025-08-29T19:01:52.8861228-06:00" endTime="2025-08-29T19:01:52.8861230-06:00" testType="13cdc9d9-ddb5-4fa4-a97d-d965ccfc6d4b" outcome="Passed" testListId="8c84fa94-04c1-424b-9868-57a2d4851a1d" relativeResultsDirectory="da8cc027-c804-4f33-b812-8855b590d78f" />
    <UnitTestResult executionId="a78a8e2c-9466-4f35-b764-7e06c0758154" testId="52b06d6e-0e7b-45f1-e848-734105f0bc9a" testName="WileyWidget.Tests.MainWindowUnitTests.BuildDynamicColumns_MethodExists" computerName="MCKITRICK" duration="00:00:00.0001600" startTime="2025-08-29T19:01:52.9009193-06:00" endTime="2025-08-29T19:01:52.9009193-06:00" testType="13cdc9d9-ddb5-4fa4-a97d-d965ccfc6d4b" outcome="Passed" testListId="8c84fa94-04c1-424b-9868-57a2d4851a1d" relativeResultsDirectory="a78a8e2c-9466-4f35-b764-7e06c0758154" />
    <UnitTestResult executionId="f8a47a95-bf50-4743-8253-db9d277a1c24" testId="abe5bbbb-5c34-074f-41c7-88d40b3e23b8" testName="WileyWidget.Tests.SettingsServiceTests.SettingsService_Migration_QuickBooksToQbo_Works" computerName="MCKITRICK" duration="00:00:00.0135123" startTime="2025-08-29T19:01:53.4956337-06:00" endTime="2025-08-29T19:01:53.4956340-06:00" testType="13cdc9d9-ddb5-4fa4-a97d-d965ccfc6d4b" outcome="Passed" testListId="8c84fa94-04c1-424b-9868-57a2d4851a1d" relativeResultsDirectory="f8a47a95-bf50-4743-8253-db9d277a1c24" />
    <UnitTestResult executionId="f0cb2ba8-f54d-4174-a5c7-6dbc6982b680" testId="888d2b50-7b6d-6c90-d0fe-ec32083e79d4" testName="WileyWidget.Tests.AppUnitTests.ConfigureGlobalExceptionHandling_SetsUpHandlers" computerName="MCKITRICK" duration="00:00:00.0001033" startTime="2025-08-29T19:01:52.8877597-06:00" endTime="2025-08-29T19:01:52.8877598-06:00" testType="13cdc9d9-ddb5-4fa4-a97d-d965ccfc6d4b" outcome="Passed" testListId="8c84fa94-04c1-424b-9868-57a2d4851a1d" relativeResultsDirectory="f0cb2ba8-f54d-4174-a5c7-6dbc6982b680" />
    <UnitTestResult executionId="b898c822-9919-4f2e-8343-e6f750a4d9b6" testId="85ee0bd4-7821-b257-c0c8-28e38b9ba9de" testName="WileyWidget.Tests.EnterpriseDatabaseTests.DataIsolation_TestRollbackBehavior_UsingDirectConnection" computerName="MCKITRICK" duration="00:00:00.0349820" startTime="2025-08-29T19:01:53.2490321-06:00" endTime="2025-08-29T19:01:53.2490322-06:00" testType="13cdc9d9-ddb5-4fa4-a97d-d965ccfc6d4b" outcome="Passed" testListId="8c84fa94-04c1-424b-9868-57a2d4851a1d" relativeResultsDirectory="b898c822-9919-4f2e-8343-e6f750a4d9b6" />
    <UnitTestResult executionId="1b260ef6-e3fb-4e5d-b1e0-c38e70df7bc5" testId="ccef2ce7-f385-9fbf-3fdd-191327867f3d" testName="WileyWidget.Tests.BudgetAnalyticsTests.BudgetMetrics_ReturnsCorrectStatus_Surplus" computerName="MCKITRICK" duration="00:00:00.0007743" startTime="2025-08-29T19:01:53.4077556-06:00" endTime="2025-08-29T19:01:53.4077556-06:00" testType="13cdc9d9-ddb5-4fa4-a97d-d965ccfc6d4b" outcome="Passed" testListId="8c84fa94-04c1-424b-9868-57a2d4851a1d" relativeResultsDirectory="1b260ef6-e3fb-4e5d-b1e0-c38e70df7bc5" />
    <UnitTestResult executionId="fe98dab9-3446-470c-8cc6-dc40667c7d36" testId="14845400-28d3-9a25-f969-c0ad7612b7de" testName="WileyWidget.Tests.BudgetInteractionTests.BudgetInteraction_MonthlyAmount_Validation(amount: 0.01, shouldBeValid: True)" computerName="MCKITRICK" duration="00:00:00.0000124" startTime="2025-08-29T19:01:53.3882071-06:00" endTime="2025-08-29T19:01:53.3882071-06:00" testType="13cdc9d9-ddb5-4fa4-a97d-d965ccfc6d4b" outcome="Passed" testListId="8c84fa94-04c1-424b-9868-57a2d4851a1d" relativeResultsDirectory="fe98dab9-3446-470c-8cc6-dc40667c7d36" />
    <UnitTestResult executionId="9c8d491e-b919-4aa5-85e7-60715ec334d8" testId="93bcc1b2-e756-be48-7f05-0eed9d834711" testName="WileyWidget.Tests.EnterpriseModelTests.Enterprise_Name_Validation(name: &quot;A&quot;, shouldBeValid: True)" computerName="MCKITRICK" duration="00:00:00.0003579" startTime="2025-08-29T19:01:53.3982496-06:00" endTime="2025-08-29T19:01:53.3982497-06:00" testType="13cdc9d9-ddb5-4fa4-a97d-d965ccfc6d4b" outcome="Passed" testListId="8c84fa94-04c1-424b-9868-57a2d4851a1d" relativeResultsDirectory="9c8d491e-b919-4aa5-85e7-60715ec334d8" />
    <UnitTestResult executionId="a2dca388-4a39-40ce-8bfc-38c37a29d362" testId="e5321f6f-e5a1-6e5b-e713-11e01758bd01" testName="WileyWidget.Tests.BudgetInteractionTests.BudgetInteraction_SecondaryEnterpriseId_CanBeSet" computerName="MCKITRICK" duration="00:00:00.0015978" startTime="2025-08-29T19:01:53.3919019-06:00" endTime="2025-08-29T19:01:53.3919020-06:00" testType="13cdc9d9-ddb5-4fa4-a97d-d965ccfc6d4b" outcome="Passed" testListId="8c84fa94-04c1-424b-9868-57a2d4851a1d" relativeResultsDirectory="a2dca388-4a39-40ce-8bfc-38c37a29d362" />
    <UnitTestResult executionId="9739de81-4887-4a75-b4dd-2ad21bb285c0" testId="efe067a6-c350-5edd-6794-b1c41a457952" testName="WileyWidget.Tests.BudgetAnalyticsTests.BudgetInsights_AlwaysIncludesGeneralRecommendations" computerName="MCKITRICK" duration="00:00:00.0002135" startTime="2025-08-29T19:01:53.4316820-06:00" endTime="2025-08-29T19:01:53.4316820-06:00" testType="13cdc9d9-ddb5-4fa4-a97d-d965ccfc6d4b" outcome="Passed" testListId="8c84fa94-04c1-424b-9868-57a2d4851a1d" relativeResultsDirectory="9739de81-4887-4a75-b4dd-2ad21bb285c0" />
    <UnitTestResult executionId="70d72528-b358-4582-9f76-f1f10c285e31" testId="51c34e63-97c0-5e10-af10-340556c65011" testName="WileyWidget.Tests.BudgetAnalyticsTests.BudgetMetrics_ReturnsCorrectStatus_Deficit" computerName="MCKITRICK" duration="00:00:00.0002643" startTime="2025-08-29T19:01:53.4167296-06:00" endTime="2025-08-29T19:01:53.4167297-06:00" testType="13cdc9d9-ddb5-4fa4-a97d-d965ccfc6d4b" outcome="Passed" testListId="8c84fa94-04c1-424b-9868-57a2d4851a1d" relativeResultsDirectory="70d72528-b358-4582-9f76-f1f10c285e31" />
    <UnitTestResult executionId="38ef6aa4-d834-4050-a4e9-d8351e103bdc" testId="cb3b465a-00da-a1e4-c2c6-1368be36d3e5" testName="WileyWidget.Tests.EnterpriseTests.Enterprise_Name_Validation(name: &quot;Valid Name&quot;, shouldBeValid: True)" computerName="MCKITRICK" duration="00:00:00.0000103" startTime="2025-08-29T19:01:52.8068142-06:00" endTime="2025-08-29T19:01:52.8068143-06:00" testType="13cdc9d9-ddb5-4fa4-a97d-d965ccfc6d4b" outcome="Passed" testListId="8c84fa94-04c1-424b-9868-57a2d4851a1d" relativeResultsDirectory="38ef6aa4-d834-4050-a4e9-d8351e103bdc" />
    <UnitTestResult executionId="d1d63587-681b-4b89-b0ba-e9bbca7e6bed" testId="2b6d2d98-9ff2-0efc-9085-3c305df50a78" testName="WileyWidget.Tests.BudgetInteractionTests.BudgetInteraction_Notes_Validation(notes: null, shouldBeValid: True)" computerName="MCKITRICK" duration="00:00:00.0001421" startTime="2025-08-29T19:01:53.3849957-06:00" endTime="2025-08-29T19:01:53.3849957-06:00" testType="13cdc9d9-ddb5-4fa4-a97d-d965ccfc6d4b" outcome="Passed" testListId="8c84fa94-04c1-424b-9868-57a2d4851a1d" relativeResultsDirectory="d1d63587-681b-4b89-b0ba-e9bbca7e6bed" />
    <UnitTestResult executionId="bc35a1e2-300e-435f-b0fc-e2530ef1d229" testId="7616251f-ba10-2865-c7c0-878cebe0f9bd" testName="WileyWidget.Tests.BudgetInteractionTests.BudgetInteraction_IsCost_CanBeSetToFalse" computerName="MCKITRICK" duration="00:00:00.0002023" startTime="2025-08-29T19:01:53.3810925-06:00" endTime="2025-08-29T19:01:53.3810926-06:00" testType="13cdc9d9-ddb5-4fa4-a97d-d965ccfc6d4b" outcome="Passed" testListId="8c84fa94-04c1-424b-9868-57a2d4851a1d" relativeResultsDirectory="bc35a1e2-300e-435f-b0fc-e2530ef1d229" />
    <UnitTestResult executionId="35699558-b8e2-4b3b-8a9e-533bd39ef810" testId="795064b0-2888-68bc-0d9d-08f16c34f1ea" testName="WileyWidget.Tests.MainWindowUnitTests.NormalizeTheme_MethodExists" computerName="MCKITRICK" duration="00:00:00.0001622" startTime="2025-08-29T19:01:52.9015703-06:00" endTime="2025-08-29T19:01:52.9015703-06:00" testType="13cdc9d9-ddb5-4fa4-a97d-d965ccfc6d4b" outcome="Passed" testListId="8c84fa94-04c1-424b-9868-57a2d4851a1d" relativeResultsDirectory="35699558-b8e2-4b3b-8a9e-533bd39ef810" />
    <UnitTestResult executionId="6999dd08-f0c9-4f94-aef1-bc2eb35b0eca" testId="3c697a19-d738-59c1-c19c-a483654a946e" testName="WileyWidget.Tests.BudgetAnalyticsTests.BudgetMetrics_CalculatesMonthlyBalanceCorrectly" computerName="MCKITRICK" duration="00:00:00.0002430" startTime="2025-08-29T19:01:53.4303648-06:00" endTime="2025-08-29T19:01:53.4303650-06:00" testType="13cdc9d9-ddb5-4fa4-a97d-d965ccfc6d4b" outcome="Passed" testListId="8c84fa94-04c1-424b-9868-57a2d4851a1d" relativeResultsDirectory="6999dd08-f0c9-4f94-aef1-bc2eb35b0eca" />
    <UnitTestResult executionId="41ccd0fd-b89b-40bc-a3a1-4bca05a9670a" testId="b211dea4-7dcd-20f5-d31b-47d61cf807dd" testName="WileyWidget.Tests.WidgetTests.Widget_Category_AcceptsVariousValues(category: &quot;Home &amp; Garden&quot;)" computerName="MCKITRICK" duration="00:00:00.0000017" startTime="2025-08-29T19:01:52.9055608-06:00" endTime="2025-08-29T19:01:52.9055608-06:00" testType="13cdc9d9-ddb5-4fa4-a97d-d965ccfc6d4b" outcome="Passed" testListId="8c84fa94-04c1-424b-9868-57a2d4851a1d" relativeResultsDirectory="41ccd0fd-b89b-40bc-a3a1-4bca05a9670a" />
    <UnitTestResult executionId="a6dafcf6-544c-43c2-85e6-cacc4da1bc49" testId="e624f24d-1a26-231f-cac9-67120c12c28b" testName="WileyWidget.Tests.BudgetInteractionTests.BudgetInteraction_IsCost_DefaultsToTrue" computerName="MCKITRICK" duration="00:00:00.0001421" startTime="2025-08-29T19:01:53.3922469-06:00" endTime="2025-08-29T19:01:53.3922470-06:00" testType="13cdc9d9-ddb5-4fa4-a97d-d965ccfc6d4b" outcome="Passed" testListId="8c84fa94-04c1-424b-9868-57a2d4851a1d" relativeResultsDirectory="a6dafcf6-544c-43c2-85e6-cacc4da1bc49" />
    <UnitTestResult executionId="8b3e5a2d-5364-498f-b2ea-e420039d9deb" testId="40c28db5-98d0-9ac0-459d-782c32a105ab" testName="WileyWidget.Tests.WidgetTests.Widget_Quantity_Validation(quantity: -1, shouldBeValid: False)" computerName="MCKITRICK" duration="00:00:00.0001241" startTime="2025-08-29T19:01:52.9170025-06:00" endTime="2025-08-29T19:01:52.9170025-06:00" testType="13cdc9d9-ddb5-4fa4-a97d-d965ccfc6d4b" outcome="Passed" testListId="8c84fa94-04c1-424b-9868-57a2d4851a1d" relativeResultsDirectory="8b3e5a2d-5364-498f-b2ea-e420039d9deb" />
    <UnitTestResult executionId="d14f4b11-9dc2-423c-a617-5a79c0691835" testId="20d48984-149e-52a8-e707-e7c8d17f3d51" testName="WileyWidget.Tests.AppUnitTests.TryScheduleLicenseDialogAutoClose_HandlesDialogScheduling" computerName="MCKITRICK" duration="00:00:00.0001263" startTime="2025-08-29T19:01:52.8883129-06:00" endTime="2025-08-29T19:01:52.8883130-06:00" testType="13cdc9d9-ddb5-4fa4-a97d-d965ccfc6d4b" outcome="Passed" testListId="8c84fa94-04c1-424b-9868-57a2d4851a1d" relativeResultsDirectory="d14f4b11-9dc2-423c-a617-5a79c0691835" />
    <UnitTestResult executionId="95e9c8d3-33f7-4eee-a9f4-7a4ead872cb8" testId="c3e9fc9c-637b-6721-3c64-e57c86c03371" testName="WileyWidget.Tests.AppUnitTests.ConfigureGlobalExceptionHandling_MethodExists" computerName="MCKITRICK" duration="00:00:00.0000903" startTime="2025-08-29T19:01:52.8880164-06:00" endTime="2025-08-29T19:01:52.8880165-06:00" testType="13cdc9d9-ddb5-4fa4-a97d-d965ccfc6d4b" outcome="Passed" testListId="8c84fa94-04c1-424b-9868-57a2d4851a1d" relativeResultsDirectory="95e9c8d3-33f7-4eee-a9f4-7a4ead872cb8" />
    <UnitTestResult executionId="6c365247-a6b8-4c4c-a612-9ded0842305b" testId="d76fce68-3bca-b1a7-0e69-ec7736a35394" testName="WileyWidget.Tests.EnterpriseDatabaseTests.StoredProcedure_InsertAndRetrieveEnterprise_UsingDirectConnection" computerName="MCKITRICK" duration="00:00:00.0088883" startTime="2025-08-29T19:01:53.2720335-06:00" endTime="2025-08-29T19:01:53.2720336-06:00" testType="13cdc9d9-ddb5-4fa4-a97d-d965ccfc6d4b" outcome="Passed" testListId="8c84fa94-04c1-424b-9868-57a2d4851a1d" relativeResultsDirectory="6c365247-a6b8-4c4c-a612-9ded0842305b" />
    <UnitTestResult executionId="aa37565a-b492-4621-a34d-6d7ee1055204" testId="e4fcf31a-94fb-bdf3-84e1-475471212d0f" testName="WileyWidget.Tests.BudgetInteractionTests.BudgetInteraction_InteractionType_Validation(type: null, shouldBeValid: False)" computerName="MCKITRICK" duration="00:00:00.0000133" startTime="2025-08-29T19:01:53.3838431-06:00" endTime="2025-08-29T19:01:53.3838431-06:00" testType="13cdc9d9-ddb5-4fa4-a97d-d965ccfc6d4b" outcome="Passed" testListId="8c84fa94-04c1-424b-9868-57a2d4851a1d" relativeResultsDirectory="aa37565a-b492-4621-a34d-6d7ee1055204" />
    <UnitTestResult executionId="6e5027c4-662d-4419-8345-6b62ededffec" testId="4bf0c2ec-7a7c-f8d8-6f1c-1f46f24b0af1" testName="WileyWidget.Tests.SettingsServiceTests.SettingsService_ResetForTests_Works" computerName="MCKITRICK" duration="00:00:00.0014263" startTime="2025-08-29T19:01:53.4976648-06:00" endTime="2025-08-29T19:01:53.4976650-06:00" testType="13cdc9d9-ddb5-4fa4-a97d-d965ccfc6d4b" outcome="Passed" testListId="8c84fa94-04c1-424b-9868-57a2d4851a1d" relativeResultsDirectory="6e5027c4-662d-4419-8345-6b62ededffec" />
    <UnitTestResult executionId="396f85f6-46de-4580-9b68-a457526f551f" testId="d621bb97-a6a4-4797-ce4f-9813ccfba719" testName="WileyWidget.Tests.MainViewModelTests.Enterprises_Collection_IsObservable" computerName="MCKITRICK" duration="00:00:00.0007617" startTime="2025-08-29T19:01:52.9701901-06:00" endTime="2025-08-29T19:01:52.9701903-06:00" testType="13cdc9d9-ddb5-4fa4-a97d-d965ccfc6d4b" outcome="Passed" testListId="8c84fa94-04c1-424b-9868-57a2d4851a1d" relativeResultsDirectory="396f85f6-46de-4580-9b68-a457526f551f" />
    <UnitTestResult executionId="b2b3309b-6026-4a7e-83c8-79790eadf88d" testId="418cae58-aba0-b522-845a-715b8b8313eb" testName="WileyWidget.Tests.EnterpriseTests.Enterprise_CurrentRate_Validation(rate: 0, shouldBeValid: False)" computerName="MCKITRICK" duration="00:00:00.0000239" startTime="2025-08-29T19:01:52.8042479-06:00" endTime="2025-08-29T19:01:52.8042480-06:00" testType="13cdc9d9-ddb5-4fa4-a97d-d965ccfc6d4b" outcome="Passed" testListId="8c84fa94-04c1-424b-9868-57a2d4851a1d" relativeResultsDirectory="b2b3309b-6026-4a7e-83c8-79790eadf88d" />
    <UnitTestResult executionId="b52fed10-5997-4cbc-93c8-2258bbef5373" testId="510fe505-3d5e-fa04-5438-1019c48dc099" testName="WileyWidget.Tests.WidgetTests.Widget_DisplayName_ReturnsCorrectFormat(name: &quot;Widget Name&quot;, sku: null, expected: &quot;Widget Name&quot;)" computerName="MCKITRICK" duration="00:00:00.0000047" startTime="2025-08-29T19:01:52.9131493-06:00" endTime="2025-08-29T19:01:52.9131493-06:00" testType="13cdc9d9-ddb5-4fa4-a97d-d965ccfc6d4b" outcome="Passed" testListId="8c84fa94-04c1-424b-9868-57a2d4851a1d" relativeResultsDirectory="b52fed10-5997-4cbc-93c8-2258bbef5373" />
    <UnitTestResult executionId="2c64db45-7a38-4623-8d86-b24794484a39" testId="168ae476-6639-8347-6432-3fafc0d8f784" testName="WileyWidget.Tests.DatabaseIntegrationTests.Repository_EnforcesRateConstraints" computerName="MCKITRICK" duration="00:00:00.0007530" startTime="2025-08-29T19:01:52.7756902-06:00" endTime="2025-08-29T19:01:52.7756903-06:00" testType="13cdc9d9-ddb5-4fa4-a97d-d965ccfc6d4b" outcome="Passed" testListId="8c84fa94-04c1-424b-9868-57a2d4851a1d" relativeResultsDirectory="2c64db45-7a38-4623-8d86-b24794484a39" />
    <UnitTestResult executionId="3db69652-1a60-48dc-beda-8b425c6cd313" testId="4496488f-c883-aa7a-35a7-d9dbf4a2d3b2" testName="WileyWidget.Tests.EnterpriseModelTests.Enterprise_CurrentRate_Validation(rate: 0.01, shouldBeValid: True)" computerName="MCKITRICK" duration="00:00:00.0000173" startTime="2025-08-29T19:01:53.3977003-06:00" endTime="2025-08-29T19:01:53.3977004-06:00" testType="13cdc9d9-ddb5-4fa4-a97d-d965ccfc6d4b" outcome="Passed" testListId="8c84fa94-04c1-424b-9868-57a2d4851a1d" relativeResultsDirectory="3db69652-1a60-48dc-beda-8b425c6cd313" />
    <UnitTestResult executionId="5051e5cf-e281-4d5c-9974-b8dc141e4c83" testId="8b807870-505b-71ed-7f55-1b57860f38f6" testName="WileyWidget.Tests.DatabaseIntegrationTests.Repository_HandlesConcurrentReads" computerName="MCKITRICK" duration="00:00:00.0024573" startTime="2025-08-29T19:01:52.7746581-06:00" endTime="2025-08-29T19:01:52.7746583-06:00" testType="13cdc9d9-ddb5-4fa4-a97d-d965ccfc6d4b" outcome="Passed" testListId="8c84fa94-04c1-424b-9868-57a2d4851a1d" relativeResultsDirectory="5051e5cf-e281-4d5c-9974-b8dc141e4c83" />
    <UnitTestResult executionId="abf62902-1a1b-4aa8-b7fb-4dbf5f93a7c8" testId="df5aec0e-ef6f-cdc6-14fa-f5e50593b465" testName="WileyWidget.Tests.BudgetInteractionTests.BudgetInteraction_Description_Validation(description: &quot;A&quot;, shouldBeValid: True)" computerName="MCKITRICK" duration="00:00:00.0000108" startTime="2025-08-29T19:01:53.3901440-06:00" endTime="2025-08-29T19:01:53.3901441-06:00" testType="13cdc9d9-ddb5-4fa4-a97d-d965ccfc6d4b" outcome="Passed" testListId="8c84fa94-04c1-424b-9868-57a2d4851a1d" relativeResultsDirectory="abf62902-1a1b-4aa8-b7fb-4dbf5f93a7c8" />
    <UnitTestResult executionId="ab692ef0-9acc-40ef-b4f8-383225e4cc00" testId="f1c4230d-c873-a695-bf0b-dd9c7f8ad220" testName="WileyWidget.Tests.EnterpriseDatabaseTests.InsertEnterprise_DataIsInsertedCorrectly_UsingDirectConnection" computerName="MCKITRICK" duration="00:00:00.0123027" startTime="2025-08-29T19:01:53.2621841-06:00" endTime="2025-08-29T19:01:53.2621842-06:00" testType="13cdc9d9-ddb5-4fa4-a97d-d965ccfc6d4b" outcome="Passed" testListId="8c84fa94-04c1-424b-9868-57a2d4851a1d" relativeResultsDirectory="ab692ef0-9acc-40ef-b4f8-383225e4cc00" />
    <UnitTestResult executionId="0bdc58d5-4cb7-4710-9c06-48ae8a2d9e25" testId="0121a31e-93ae-d153-ca29-460cffa0b710" testName="WileyWidget.Tests.MainViewModelTests.QuickBooksInvoices_Collection_IsObservable" computerName="MCKITRICK" duration="00:00:00.0006091" startTime="2025-08-29T19:01:52.9839833-06:00" endTime="2025-08-29T19:01:52.9839834-06:00" testType="13cdc9d9-ddb5-4fa4-a97d-d965ccfc6d4b" outcome="Passed" testListId="8c84fa94-04c1-424b-9868-57a2d4851a1d" relativeResultsDirectory="0bdc58d5-4cb7-4710-9c06-48ae8a2d9e25" />
    <UnitTestResult executionId="a544f6a8-8c9d-4b89-aba2-a38588f7cea7" testId="87640105-c887-14a1-6f10-e810209647b1" testName="WileyWidget.Tests.AppUnitTests.TryRegisterEmbeddedLicense_DefaultImplementation_ReturnsFalse" computerName="MCKITRICK" duration="00:00:00.0000918" startTime="2025-08-29T19:01:52.8863857-06:00" endTime="2025-08-29T19:01:52.8863858-06:00" testType="13cdc9d9-ddb5-4fa4-a97d-d965ccfc6d4b" outcome="Passed" testListId="8c84fa94-04c1-424b-9868-57a2d4851a1d" relativeResultsDirectory="a544f6a8-8c9d-4b89-aba2-a38588f7cea7" />
    <UnitTestResult executionId="3333a76c-bf73-4240-a713-7c1e5a6bc6d6" testId="93b4d7b9-17c9-4651-e29a-009cb361e97b" testName="WileyWidget.Tests.EnterpriseModelTests.Enterprise_BreakEvenRate_CalculatesCorrectly" computerName="MCKITRICK" duration="00:00:00.0001460" startTime="2025-08-29T19:01:53.4031899-06:00" endTime="2025-08-29T19:01:53.4031900-06:00" testType="13cdc9d9-ddb5-4fa4-a97d-d965ccfc6d4b" outcome="Passed" testListId="8c84fa94-04c1-424b-9868-57a2d4851a1d" relativeResultsDirectory="3333a76c-bf73-4240-a713-7c1e5a6bc6d6" />
    <UnitTestResult executionId="4ab022db-86c6-45a2-97a0-47727e0c4bf4" testId="668e1389-6a17-867c-cc8c-409430f2326f" testName="WileyWidget.Tests.WidgetTests.Widget_Name_Validation(name: &quot;Valid Name&quot;, shouldBeValid: True)" computerName="MCKITRICK" duration="00:00:00.0000289" startTime="2025-08-29T19:01:52.9150265-06:00" endTime="2025-08-29T19:01:52.9150266-06:00" testType="13cdc9d9-ddb5-4fa4-a97d-d965ccfc6d4b" outcome="Passed" testListId="8c84fa94-04c1-424b-9868-57a2d4851a1d" relativeResultsDirectory="4ab022db-86c6-45a2-97a0-47727e0c4bf4" />
    <UnitTestResult executionId="7393b0e4-5ebd-4ed8-aa0b-6657641df4e0" testId="6fb64c30-f462-9da3-d1f6-08832453c990" testName="WileyWidget.Tests.MainWindowUnitTests.ApplyWpfTheme_MethodExists" computerName="MCKITRICK" duration="00:00:00.0002172" startTime="2025-08-29T19:01:52.8995232-06:00" endTime="2025-08-29T19:01:52.8995234-06:00" testType="13cdc9d9-ddb5-4fa4-a97d-d965ccfc6d4b" outcome="Passed" testListId="8c84fa94-04c1-424b-9868-57a2d4851a1d" relativeResultsDirectory="7393b0e4-5ebd-4ed8-aa0b-6657641df4e0" />
    <UnitTestResult executionId="85ccb7b0-8624-464c-a7a5-253401406caa" testId="3df038af-1fe3-8eba-40c5-e3791363704f" testName="WileyWidget.Tests.EnterpriseModelTests.Enterprise_CitizenCount_Validation(citizenCount: 1, shouldBeValid: True)" computerName="MCKITRICK" duration="00:00:00.0000090" startTime="2025-08-29T19:01:53.4028679-06:00" endTime="2025-08-29T19:01:53.4028680-06:00" testType="13cdc9d9-ddb5-4fa4-a97d-d965ccfc6d4b" outcome="Passed" testListId="8c84fa94-04c1-424b-9868-57a2d4851a1d" relativeResultsDirectory="85ccb7b0-8624-464c-a7a5-253401406caa" />
    <UnitTestResult executionId="ecdf529d-283c-45fc-b301-2c19e26c1f14" testId="b43e3dd0-44c9-3349-d80b-08150cc5294d" testName="WileyWidget.Tests.MainViewModelTests.SelectNextCommand_HandlesEmptyList" computerName="MCKITRICK" duration="00:00:00.0009961" startTime="2025-08-29T19:01:52.9691568-06:00" endTime="2025-08-29T19:01:52.9691571-06:00" testType="13cdc9d9-ddb5-4fa4-a97d-d965ccfc6d4b" outcome="Passed" testListId="8c84fa94-04c1-424b-9868-57a2d4851a1d" relativeResultsDirectory="ecdf529d-283c-45fc-b301-2c19e26c1f14" />
    <UnitTestResult executionId="cb598a10-b644-40b0-80ea-fa9d59805daf" testId="118c5093-dd4d-05af-5b6d-0f37c0d730c3" testName="WileyWidget.Tests.MainWindowUnitTests.LogCurrentThemeState_MethodExists" computerName="MCKITRICK" duration="00:00:00.0001454" startTime="2025-08-29T19:01:52.9012412-06:00" endTime="2025-08-29T19:01:52.9012412-06:00" testType="13cdc9d9-ddb5-4fa4-a97d-d965ccfc6d4b" outcome="Passed" testListId="8c84fa94-04c1-424b-9868-57a2d4851a1d" relativeResultsDirectory="cb598a10-b644-40b0-80ea-fa9d59805daf" />
    <UnitTestResult executionId="b0547f4a-c123-40eb-b27a-f9a00ced5b61" testId="be33b031-b799-d68d-9ac7-4be6a20a63bc" testName="WileyWidget.Tests.BudgetAnalyticsTests.BudgetInsights_IncludesCitizenAverageRevenue" computerName="MCKITRICK" duration="00:00:00.0081733" startTime="2025-08-29T19:01:53.4161807-06:00" endTime="2025-08-29T19:01:53.4161810-06:00" testType="13cdc9d9-ddb5-4fa4-a97d-d965ccfc6d4b" outcome="Passed" testListId="8c84fa94-04c1-424b-9868-57a2d4851a1d" relativeResultsDirectory="b0547f4a-c123-40eb-b27a-f9a00ced5b61" />
    <UnitTestResult executionId="e6aa0ae3-1103-47fc-b85d-f010478c0bd6" testId="97655ffa-dca1-a12a-5ad2-019d9211febe" testName="WileyWidget.Tests.DatabaseIntegrationTests.Repository_ValidatesRequiredFields" computerName="MCKITRICK" duration="00:00:00.0047116" startTime="2025-08-29T19:01:52.7362357-06:00" endTime="2025-08-29T19:01:52.7362358-06:00" testType="13cdc9d9-ddb5-4fa4-a97d-d965ccfc6d4b" outcome="Passed" testListId="8c84fa94-04c1-424b-9868-57a2d4851a1d" relativeResultsDirectory="e6aa0ae3-1103-47fc-b85d-f010478c0bd6" />
    <UnitTestResult executionId="cd398b60-71dd-445a-a62e-b4455a23103b" testId="19841e8f-f411-41cb-ae2b-9bc38aa5560d" testName="WileyWidget.Tests.BudgetAnalyticsTests.BudgetMetrics_ReturnsCorrectStatus_BreakEven" computerName="MCKITRICK" duration="00:00:00.0001416" startTime="2025-08-29T19:01:53.4319939-06:00" endTime="2025-08-29T19:01:53.4319940-06:00" testType="13cdc9d9-ddb5-4fa4-a97d-d965ccfc6d4b" outcome="Passed" testListId="8c84fa94-04c1-424b-9868-57a2d4851a1d" relativeResultsDirectory="cd398b60-71dd-445a-a62e-b4455a23103b" />
    <UnitTestResult executionId="6df012b9-c22a-48bf-a0c4-5f809b693714" testId="6cdef057-5472-5dc2-1e24-0c140874339b" testName="WileyWidget.Tests.BudgetInteractionTests.BudgetInteraction_Notes_Validation(notes: &quot;Normal length notes&quot;, shouldBeValid: True)" computerName="MCKITRICK" duration="00:00:00.0000212" startTime="2025-08-29T19:01:53.3854632-06:00" endTime="2025-08-29T19:01:53.3854632-06:00" testType="13cdc9d9-ddb5-4fa4-a97d-d965ccfc6d4b" outcome="Passed" testListId="8c84fa94-04c1-424b-9868-57a2d4851a1d" relativeResultsDirectory="6df012b9-c22a-48bf-a0c4-5f809b693714" />
    <UnitTestResult executionId="98476733-4c8c-427f-9ff9-8428d6f79b60" testId="7bcc6455-9ef8-ed52-9eb1-702e76df051d" testName="WileyWidget.Tests.WidgetTests.Widget_Price_Validation(price: -1, shouldBeValid: False)" computerName="MCKITRICK" duration="00:00:00.0000360" startTime="2025-08-29T19:01:52.9105206-06:00" endTime="2025-08-29T19:01:52.9105206-06:00" testType="13cdc9d9-ddb5-4fa4-a97d-d965ccfc6d4b" outcome="Passed" testListId="8c84fa94-04c1-424b-9868-57a2d4851a1d" relativeResultsDirectory="98476733-4c8c-427f-9ff9-8428d6f79b60" />
    <UnitTestResult executionId="2329f32c-8a03-46f0-ba02-acbc20a29c3f" testId="e1f8a3e1-d467-b8d5-d368-b35a2dff4c81" testName="WileyWidget.Tests.EnterpriseDatabaseTests.SimpleDatabaseConnectionTest" computerName="MCKITRICK" duration="00:00:00.2253717" startTime="2025-08-29T19:01:53.2122193-06:00" endTime="2025-08-29T19:01:53.2122196-06:00" testType="13cdc9d9-ddb5-4fa4-a97d-d965ccfc6d4b" outcome="Passed" testListId="8c84fa94-04c1-424b-9868-57a2d4851a1d" relativeResultsDirectory="2329f32c-8a03-46f0-ba02-acbc20a29c3f" />
    <UnitTestResult executionId="b08e99a6-0976-42a0-980d-dee176ea2623" testId="20fc74fb-086b-510b-ae28-7341d9a3029b" testName="WileyWidget.Tests.WidgetTests.Widget_DisplayName_ReturnsCorrectFormat(name: &quot;Widget Name&quot;, sku: &quot;SKU-001&quot;, expected: &quot;Widget Name (SKU-001)&quot;)" computerName="MCKITRICK" duration="00:00:00.0003557" startTime="2025-08-29T19:01:52.9122867-06:00" endTime="2025-08-29T19:01:52.9122868-06:00" testType="13cdc9d9-ddb5-4fa4-a97d-d965ccfc6d4b" outcome="Passed" testListId="8c84fa94-04c1-424b-9868-57a2d4851a1d" relativeResultsDirectory="b08e99a6-0976-42a0-980d-dee176ea2623" />
    <UnitTestResult executionId="f0cf5dad-692d-49b7-ae5e-d18a07c16ec3" testId="e347da39-e3d7-9818-2827-c6fcf2b4c69d" testName="WileyWidget.Tests.EnterpriseTests.Enterprise_Creation_WithValidData_Succeeds" computerName="MCKITRICK" duration="00:00:00.0002848" startTime="2025-08-29T19:01:52.8028964-06:00" endTime="2025-08-29T19:01:52.8028965-06:00" testType="13cdc9d9-ddb5-4fa4-a97d-d965ccfc6d4b" outcome="Passed" testListId="8c84fa94-04c1-424b-9868-57a2d4851a1d" relativeResultsDirectory="f0cf5dad-692d-49b7-ae5e-d18a07c16ec3" />
  </Results>
  <TestDefinitions>
    <UnitTest name="WileyWidget.Tests.EnterpriseTests.Enterprise_Validation_HandlesMultipleErrors" storage="c:\users\biges\desktop\wiley_widget\wileywidget.tests\bin\debug\net9.0-windows\wileywidget.tests.dll" id="4a107ce6-33da-a97e-bc39-9415fc198e08">
      <Execution id="573805e8-aad7-4766-90b7-78f5317f5aa6" />
      <TestMethod codeBase="C:\Users\biges\Desktop\Wiley_Widget\WileyWidget.Tests\bin\Debug\net9.0-windows\WileyWidget.Tests.dll" adapterTypeName="executor://xunit/VsTestRunner2/netcoreapp" className="WileyWidget.Tests.EnterpriseTests" name="Enterprise_Validation_HandlesMultipleErrors" />
    </UnitTest>
    <UnitTest name="WileyWidget.Tests.BudgetAnalyticsTests.BudgetMetrics_ReturnsCorrectStatus_Deficit" storage="c:\users\biges\desktop\wiley_widget\wileywidget.tests\bin\debug\net9.0-windows\wileywidget.tests.dll" id="51c34e63-97c0-5e10-af10-340556c65011">
      <Execution id="70d72528-b358-4582-9f76-f1f10c285e31" />
      <TestMethod codeBase="C:\Users\biges\Desktop\Wiley_Widget\WileyWidget.Tests\bin\Debug\net9.0-windows\WileyWidget.Tests.dll" adapterTypeName="executor://xunit/VsTestRunner2/netcoreapp" className="WileyWidget.Tests.BudgetAnalyticsTests" name="BudgetMetrics_ReturnsCorrectStatus_Deficit" />
    </UnitTest>
    <UnitTest name="WileyWidget.Tests.BudgetInteractionTests.BudgetInteraction_Description_Validation(description: &quot;Valid description&quot;, shouldBeValid: True)" storage="c:\users\biges\desktop\wiley_widget\wileywidget.tests\bin\debug\net9.0-windows\wileywidget.tests.dll" id="d106bb70-67c4-1dcc-e1c1-b1453099822c">
      <Execution id="32d505fb-816c-4f99-b6d4-ab6b4978cf36" />
      <TestMethod codeBase="C:\Users\biges\Desktop\Wiley_Widget\WileyWidget.Tests\bin\Debug\net9.0-windows\WileyWidget.Tests.dll" adapterTypeName="executor://xunit/VsTestRunner2/netcoreapp" className="WileyWidget.Tests.BudgetInteractionTests" name="BudgetInteraction_Description_Validation" />
    </UnitTest>
    <UnitTest name="WileyWidget.Tests.WidgetTests.Widget_Quantity_Validation(quantity: 100, shouldBeValid: True)" storage="c:\users\biges\desktop\wiley_widget\wileywidget.tests\bin\debug\net9.0-windows\wileywidget.tests.dll" id="d6a8afd6-4dff-6792-90e1-49cce70d3116">
      <Execution id="11af3274-24d6-455b-83b0-f93f48f073cd" />
      <TestMethod codeBase="C:\Users\biges\Desktop\Wiley_Widget\WileyWidget.Tests\bin\Debug\net9.0-windows\WileyWidget.Tests.dll" adapterTypeName="executor://xunit/VsTestRunner2/netcoreapp" className="WileyWidget.Tests.WidgetTests" name="Widget_Quantity_Validation" />
    </UnitTest>
    <UnitTest name="WileyWidget.Tests.WidgetTests.Widget_Name_Validation(name: &quot;&quot;, shouldBeValid: False)" storage="c:\users\biges\desktop\wiley_widget\wileywidget.tests\bin\debug\net9.0-windows\wileywidget.tests.dll" id="5f349e6c-e09e-70aa-e134-6073e4276708">
      <Execution id="07fc0421-2c91-4a09-9342-d59e03b58fac" />
      <TestMethod codeBase="C:\Users\biges\Desktop\Wiley_Widget\WileyWidget.Tests\bin\Debug\net9.0-windows\WileyWidget.Tests.dll" adapterTypeName="executor://xunit/VsTestRunner2/netcoreapp" className="WileyWidget.Tests.WidgetTests" name="Widget_Name_Validation" />
    </UnitTest>
    <UnitTest name="WileyWidget.Tests.DatabaseIntegrationTests.AddAsync_AddsEnterpriseToDatabase" storage="c:\users\biges\desktop\wiley_widget\wileywidget.tests\bin\debug\net9.0-windows\wileywidget.tests.dll" id="1340ffff-d167-8c9f-1446-195b0fb1d86f">
      <Execution id="c3478591-48f2-465d-85ac-4c6eba225a34" />
      <TestMethod codeBase="C:\Users\biges\Desktop\Wiley_Widget\WileyWidget.Tests\bin\Debug\net9.0-windows\WileyWidget.Tests.dll" adapterTypeName="executor://xunit/VsTestRunner2/netcoreapp" className="WileyWidget.Tests.DatabaseIntegrationTests" name="AddAsync_AddsEnterpriseToDatabase" />
    </UnitTest>
    <UnitTest name="WileyWidget.Tests.BudgetInteractionTests.BudgetInteraction_Notes_Validation(notes: &quot;Normal length notes&quot;, shouldBeValid: True)" storage="c:\users\biges\desktop\wiley_widget\wileywidget.tests\bin\debug\net9.0-windows\wileywidget.tests.dll" id="6cdef057-5472-5dc2-1e24-0c140874339b">
      <Execution id="6df012b9-c22a-48bf-a0c4-5f809b693714" />
      <TestMethod codeBase="C:\Users\biges\Desktop\Wiley_Widget\WileyWidget.Tests\bin\Debug\net9.0-windows\WileyWidget.Tests.dll" adapterTypeName="executor://xunit/VsTestRunner2/netcoreapp" className="WileyWidget.Tests.BudgetInteractionTests" name="BudgetInteraction_Notes_Validation" />
    </UnitTest>
    <UnitTest name="WileyWidget.Tests.BudgetInteractionTests.BudgetInteraction_Description_Validation(description: &quot;A&quot;, shouldBeValid: True)" storage="c:\users\biges\desktop\wiley_widget\wileywidget.tests\bin\debug\net9.0-windows\wileywidget.tests.dll" id="df5aec0e-ef6f-cdc6-14fa-f5e50593b465">
      <Execution id="abf62902-1a1b-4aa8-b7fb-4dbf5f93a7c8" />
      <TestMethod codeBase="C:\Users\biges\Desktop\Wiley_Widget\WileyWidget.Tests\bin\Debug\net9.0-windows\WileyWidget.Tests.dll" adapterTypeName="executor://xunit/VsTestRunner2/netcoreapp" className="WileyWidget.Tests.BudgetInteractionTests" name="BudgetInteraction_Description_Validation" />
    </UnitTest>
    <UnitTest name="WileyWidget.Tests.EnterpriseModelTests.Enterprise_CurrentRate_Validation(rate: 0.01, shouldBeValid: True)" storage="c:\users\biges\desktop\wiley_widget\wileywidget.tests\bin\debug\net9.0-windows\wileywidget.tests.dll" id="4496488f-c883-aa7a-35a7-d9dbf4a2d3b2">
      <Execution id="3db69652-1a60-48dc-beda-8b425c6cd313" />
      <TestMethod codeBase="C:\Users\biges\Desktop\Wiley_Widget\WileyWidget.Tests\bin\Debug\net9.0-windows\WileyWidget.Tests.dll" adapterTypeName="executor://xunit/VsTestRunner2/netcoreapp" className="WileyWidget.Tests.EnterpriseModelTests" name="Enterprise_CurrentRate_Validation" />
    </UnitTest>
    <UnitTest name="WileyWidget.Tests.WidgetTests.Widget_Price_Validation(price: -1, shouldBeValid: False)" storage="c:\users\biges\desktop\wiley_widget\wileywidget.tests\bin\debug\net9.0-windows\wileywidget.tests.dll" id="7bcc6455-9ef8-ed52-9eb1-702e76df051d">
      <Execution id="98476733-4c8c-427f-9ff9-8428d6f79b60" />
      <TestMethod codeBase="C:\Users\biges\Desktop\Wiley_Widget\WileyWidget.Tests\bin\Debug\net9.0-windows\WileyWidget.Tests.dll" adapterTypeName="executor://xunit/VsTestRunner2/netcoreapp" className="WileyWidget.Tests.WidgetTests" name="Widget_Price_Validation" />
    </UnitTest>
    <UnitTest name="WileyWidget.Tests.BudgetInteractionTests.BudgetInteraction_Notes_Validation(notes: &quot;&quot;, shouldBeValid: True)" storage="c:\users\biges\desktop\wiley_widget\wileywidget.tests\bin\debug\net9.0-windows\wileywidget.tests.dll" id="12ac1ad0-f92b-82ce-7643-dcc2a493cae6">
      <Execution id="c8a5c1af-1e39-45e5-a120-9832612a6e47" />
      <TestMethod codeBase="C:\Users\biges\Desktop\Wiley_Widget\WileyWidget.Tests\bin\Debug\net9.0-windows\WileyWidget.Tests.dll" adapterTypeName="executor://xunit/VsTestRunner2/netcoreapp" className="WileyWidget.Tests.BudgetInteractionTests" name="BudgetInteraction_Notes_Validation" />
    </UnitTest>
    <UnitTest name="WileyWidget.Tests.AppUnitTests.ConfigureGlobalExceptionHandling_MethodExists" storage="c:\users\biges\desktop\wiley_widget\wileywidget.tests\bin\debug\net9.0-windows\wileywidget.tests.dll" id="c3e9fc9c-637b-6721-3c64-e57c86c03371">
      <Execution id="95e9c8d3-33f7-4eee-a9f4-7a4ead872cb8" />
      <TestMethod codeBase="C:\Users\biges\Desktop\Wiley_Widget\WileyWidget.Tests\bin\Debug\net9.0-windows\WileyWidget.Tests.dll" adapterTypeName="executor://xunit/VsTestRunner2/netcoreapp" className="WileyWidget.Tests.AppUnitTests" name="ConfigureGlobalExceptionHandling_MethodExists" />
    </UnitTest>
    <UnitTest name="WileyWidget.Tests.EnterpriseTests.Enterprise_CurrentRate_Validation(rate: -1, shouldBeValid: False)" storage="c:\users\biges\desktop\wiley_widget\wileywidget.tests\bin\debug\net9.0-windows\wileywidget.tests.dll" id="8df32280-d2cc-aff4-2ff0-10224e8b8552">
      <Execution id="7b0503b9-e86a-44b4-b340-166915dc8ff2" />
      <TestMethod codeBase="C:\Users\biges\Desktop\Wiley_Widget\WileyWidget.Tests\bin\Debug\net9.0-windows\WileyWidget.Tests.dll" adapterTypeName="executor://xunit/VsTestRunner2/netcoreapp" className="WileyWidget.Tests.EnterpriseTests" name="Enterprise_CurrentRate_Validation" />
    </UnitTest>
    <UnitTest name="WileyWidget.Tests.SettingsServiceTests.SettingsService_Load_HandlesCorruptFile" storage="c:\users\biges\desktop\wiley_widget\wileywidget.tests\bin\debug\net9.0-windows\wileywidget.tests.dll" id="04dd675b-629e-a516-a8ca-baee13393506">
      <Execution id="12147204-7b66-48e1-b628-8bf36e06a87f" />
      <TestMethod codeBase="C:\Users\biges\Desktop\Wiley_Widget\WileyWidget.Tests\bin\Debug\net9.0-windows\WileyWidget.Tests.dll" adapterTypeName="executor://xunit/VsTestRunner2/netcoreapp" className="WileyWidget.Tests.SettingsServiceTests" name="SettingsService_Load_HandlesCorruptFile" />
    </UnitTest>
    <UnitTest name="WileyWidget.Tests.EnterpriseDatabaseTests.DataIsolation_TestRollbackBehavior_UsingDirectConnection" storage="c:\users\biges\desktop\wiley_widget\wileywidget.tests\bin\debug\net9.0-windows\wileywidget.tests.dll" id="85ee0bd4-7821-b257-c0c8-28e38b9ba9de">
      <Execution id="b898c822-9919-4f2e-8343-e6f750a4d9b6" />
      <TestMethod codeBase="C:\Users\biges\Desktop\Wiley_Widget\WileyWidget.Tests\bin\Debug\net9.0-windows\WileyWidget.Tests.dll" adapterTypeName="executor://xunit/VsTestRunner2/netcoreapp" className="WileyWidget.Tests.EnterpriseDatabaseTests" name="DataIsolation_TestRollbackBehavior_UsingDirectConnection" />
    </UnitTest>
    <UnitTest name="WileyWidget.Tests.MainViewModelTests.Widgets_Collection_ContainsInitialData" storage="c:\users\biges\desktop\wiley_widget\wileywidget.tests\bin\debug\net9.0-windows\wileywidget.tests.dll" id="02a84783-afd8-9efb-6906-833a0d912242">
      <Execution id="8e6412ff-9cad-4950-a3b8-3090ea38d9f7" />
      <TestMethod codeBase="C:\Users\biges\Desktop\Wiley_Widget\WileyWidget.Tests\bin\Debug\net9.0-windows\WileyWidget.Tests.dll" adapterTypeName="executor://xunit/VsTestRunner2/netcoreapp" className="WileyWidget.Tests.MainViewModelTests" name="Widgets_Collection_ContainsInitialData" />
    </UnitTest>
    <UnitTest name="WileyWidget.Tests.MainWindowUnitTests.LogSyncfusionControls_MethodExists" storage="c:\users\biges\desktop\wiley_widget\wileywidget.tests\bin\debug\net9.0-windows\wileywidget.tests.dll" id="08055736-1e09-8961-dc89-8e2a25887239">
      <Execution id="5adcc897-e80e-41ef-a734-d7daf8c5f742" />
      <TestMethod codeBase="C:\Users\biges\Desktop\Wiley_Widget\WileyWidget.Tests\bin\Debug\net9.0-windows\WileyWidget.Tests.dll" adapterTypeName="executor://xunit/VsTestRunner2/netcoreapp" className="WileyWidget.Tests.MainWindowUnitTests" name="LogSyncfusionControls_MethodExists" />
    </UnitTest>
    <UnitTest name="WileyWidget.Tests.AppUnitTests.ConfigureLogging_MethodExists" storage="c:\users\biges\desktop\wiley_widget\wileywidget.tests\bin\debug\net9.0-windows\wileywidget.tests.dll" id="b7030ce1-05f2-f041-773e-ef3e29b9eb03">
      <Execution id="da8cc027-c804-4f33-b812-8855b590d78f" />
      <TestMethod codeBase="C:\Users\biges\Desktop\Wiley_Widget\WileyWidget.Tests\bin\Debug\net9.0-windows\WileyWidget.Tests.dll" adapterTypeName="executor://xunit/VsTestRunner2/netcoreapp" className="WileyWidget.Tests.AppUnitTests" name="ConfigureLogging_MethodExists" />
    </UnitTest>
    <UnitTest name="WileyWidget.Tests.EnterpriseDatabaseTests.QueryEnterpriseByName_ReturnsCorrectData_UsingDirectConnection" storage="c:\users\biges\desktop\wiley_widget\wileywidget.tests\bin\debug\net9.0-windows\wileywidget.tests.dll" id="cda48384-02ec-e8bf-7f92-391e842be3cc">
      <Execution id="41ff6756-4b7a-46ac-9429-c3e0556b757e" />
      <TestMethod codeBase="C:\Users\biges\Desktop\Wiley_Widget\WileyWidget.Tests\bin\Debug\net9.0-windows\WileyWidget.Tests.dll" adapterTypeName="executor://xunit/VsTestRunner2/netcoreapp" className="WileyWidget.Tests.EnterpriseDatabaseTests" name="QueryEnterpriseByName_ReturnsCorrectData_UsingDirectConnection" />
    </UnitTest>
    <UnitTest name="WileyWidget.Tests.WidgetTests.Widget_FormattedPrice_ReturnsCorrectFormat(price: 0.01, expected: &quot;$0.01&quot;)" storage="c:\users\biges\desktop\wiley_widget\wileywidget.tests\bin\debug\net9.0-windows\wileywidget.tests.dll" id="c99ffb98-6608-7343-fd97-cece2671f5c7">
      <Execution id="2db6c2a9-5e14-4a03-bba2-75e47b6fbf71" />
      <TestMethod codeBase="C:\Users\biges\Desktop\Wiley_Widget\WileyWidget.Tests\bin\Debug\net9.0-windows\WileyWidget.Tests.dll" adapterTypeName="executor://xunit/VsTestRunner2/netcoreapp" className="WileyWidget.Tests.WidgetTests" name="Widget_FormattedPrice_ReturnsCorrectFormat" />
    </UnitTest>
    <UnitTest name="WileyWidget.Tests.BudgetInteractionTests.BudgetInteraction_InteractionType_Validation(type: &quot;Transfer&quot;, shouldBeValid: True)" storage="c:\users\biges\desktop\wiley_widget\wileywidget.tests\bin\debug\net9.0-windows\wileywidget.tests.dll" id="40809d6b-32d3-2519-3f96-4116b092b054">
      <Execution id="2d199d86-74e7-4aa7-8944-153162368a89" />
      <TestMethod codeBase="C:\Users\biges\Desktop\Wiley_Widget\WileyWidget.Tests\bin\Debug\net9.0-windows\WileyWidget.Tests.dll" adapterTypeName="executor://xunit/VsTestRunner2/netcoreapp" className="WileyWidget.Tests.BudgetInteractionTests" name="BudgetInteraction_InteractionType_Validation" />
    </UnitTest>
    <UnitTest name="WileyWidget.Tests.WidgetTests.Widget_Category_AcceptsVariousValues(category: &quot;Clothing&quot;)" storage="c:\users\biges\desktop\wiley_widget\wileywidget.tests\bin\debug\net9.0-windows\wileywidget.tests.dll" id="0c08c2f7-584f-44de-79b5-e35ec9541cbd">
      <Execution id="5467b22d-4acc-4b72-a50f-685155b17a07" />
      <TestMethod codeBase="C:\Users\biges\Desktop\Wiley_Widget\WileyWidget.Tests\bin\Debug\net9.0-windows\WileyWidget.Tests.dll" adapterTypeName="executor://xunit/VsTestRunner2/netcoreapp" className="WileyWidget.Tests.WidgetTests" name="Widget_Category_AcceptsVariousValues" />
    </UnitTest>
    <UnitTest name="WileyWidget.Tests.SettingsServiceTests.SettingsService_Load_HandlesMissingFile" storage="c:\users\biges\desktop\wiley_widget\wileywidget.tests\bin\debug\net9.0-windows\wileywidget.tests.dll" id="e72511ca-5da4-5e68-e2df-554a43fc47aa">
      <Execution id="6ca169bb-06c3-4d4d-8c58-2f1ea2eaccfa" />
      <TestMethod codeBase="C:\Users\biges\Desktop\Wiley_Widget\WileyWidget.Tests\bin\Debug\net9.0-windows\WileyWidget.Tests.dll" adapterTypeName="executor://xunit/VsTestRunner2/netcoreapp" className="WileyWidget.Tests.SettingsServiceTests" name="SettingsService_Load_HandlesMissingFile" />
    </UnitTest>
    <UnitTest name="WileyWidget.Tests.AppUnitTests.RegisterSyncfusionLicense_WithValidConfigKey_RegistersSuccessfully" storage="c:\users\biges\desktop\wiley_widget\wileywidget.tests\bin\debug\net9.0-windows\wileywidget.tests.dll" id="67185dae-1bb2-aa49-e096-b7b20c6fe73a">
      <Execution id="57da1623-cf97-4885-806c-f21e605d4315" />
      <TestMethod codeBase="C:\Users\biges\Desktop\Wiley_Widget\WileyWidget.Tests\bin\Debug\net9.0-windows\WileyWidget.Tests.dll" adapterTypeName="executor://xunit/VsTestRunner2/netcoreapp" className="WileyWidget.Tests.AppUnitTests" name="RegisterSyncfusionLicense_WithValidConfigKey_RegistersSuccessfully" />
    </UnitTest>
    <UnitTest name="WileyWidget.Tests.EnterpriseTests.Enterprise_MonthlyRevenue_CalculatesCorrectly" storage="c:\users\biges\desktop\wiley_widget\wileywidget.tests\bin\debug\net9.0-windows\wileywidget.tests.dll" id="216d7b3f-febd-5cd7-9636-60001f76e735">
      <Execution id="c2eb824e-bb4e-4370-a7ba-03c6b96e8b3b" />
      <TestMethod codeBase="C:\Users\biges\Desktop\Wiley_Widget\WileyWidget.Tests\bin\Debug\net9.0-windows\WileyWidget.Tests.dll" adapterTypeName="executor://xunit/VsTestRunner2/netcoreapp" className="WileyWidget.Tests.EnterpriseTests" name="Enterprise_MonthlyRevenue_CalculatesCorrectly" />
    </UnitTest>
    <UnitTest name="WileyWidget.Tests.EnterpriseModelTests.Enterprise_CitizenCount_Validation(citizenCount: 1000, shouldBeValid: True)" storage="c:\users\biges\desktop\wiley_widget\wileywidget.tests\bin\debug\net9.0-windows\wileywidget.tests.dll" id="20a34a95-a426-14ac-be1a-81af3da9062a">
      <Execution id="fc165e78-c877-40e0-b791-b237f4352ce9" />
      <TestMethod codeBase="C:\Users\biges\Desktop\Wiley_Widget\WileyWidget.Tests\bin\Debug\net9.0-windows\WileyWidget.Tests.dll" adapterTypeName="executor://xunit/VsTestRunner2/netcoreapp" className="WileyWidget.Tests.EnterpriseModelTests" name="Enterprise_CitizenCount_Validation" />
    </UnitTest>
    <UnitTest name="WileyWidget.Tests.WidgetTests.Widget_Category_AcceptsVariousValues(category: &quot;Electronics&quot;)" storage="c:\users\biges\desktop\wiley_widget\wileywidget.tests\bin\debug\net9.0-windows\wileywidget.tests.dll" id="cbeada98-fd74-8e95-0798-e8d59013190d">
      <Execution id="92f3965e-5e37-4383-a732-1ed92b43529f" />
      <TestMethod codeBase="C:\Users\biges\Desktop\Wiley_Widget\WileyWidget.Tests\bin\Debug\net9.0-windows\WileyWidget.Tests.dll" adapterTypeName="executor://xunit/VsTestRunner2/netcoreapp" className="WileyWidget.Tests.WidgetTests" name="Widget_Category_AcceptsVariousValues" />
    </UnitTest>
    <UnitTest name="WileyWidget.Tests.WidgetTests.Widget_Name_Validation(name: null, shouldBeValid: False)" storage="c:\users\biges\desktop\wiley_widget\wileywidget.tests\bin\debug\net9.0-windows\wileywidget.tests.dll" id="648bd338-a756-e64d-b4be-6a55c8a8cbe8">
      <Execution id="84de9baf-7e1e-4b35-95ed-b62b630e3ef3" />
      <TestMethod codeBase="C:\Users\biges\Desktop\Wiley_Widget\WileyWidget.Tests\bin\Debug\net9.0-windows\WileyWidget.Tests.dll" adapterTypeName="executor://xunit/VsTestRunner2/netcoreapp" className="WileyWidget.Tests.WidgetTests" name="Widget_Name_Validation" />
    </UnitTest>
    <UnitTest name="WileyWidget.Tests.EnterpriseTests.Enterprise_Name_Validation(name: &quot;This is a very long enterprise name that exceeds t&quot;···, shouldBeValid: False)" storage="c:\users\biges\desktop\wiley_widget\wileywidget.tests\bin\debug\net9.0-windows\wileywidget.tests.dll" id="3d9418a8-7d7a-ace8-cce3-7f6d8639b60f">
      <Execution id="150bd8f2-6b23-4329-88e5-4a5fac808c4a" />
      <TestMethod codeBase="C:\Users\biges\Desktop\Wiley_Widget\WileyWidget.Tests\bin\Debug\net9.0-windows\WileyWidget.Tests.dll" adapterTypeName="executor://xunit/VsTestRunner2/netcoreapp" className="WileyWidget.Tests.EnterpriseTests" name="Enterprise_Name_Validation" />
    </UnitTest>
    <UnitTest name="WileyWidget.Tests.BudgetInteractionTests.BudgetInteraction_MonthlyAmount_Validation(amount: -1, shouldBeValid: False)" storage="c:\users\biges\desktop\wiley_widget\wileywidget.tests\bin\debug\net9.0-windows\wileywidget.tests.dll" id="0d4e12bb-b410-10f4-ea79-224ef1ad4ec2">
      <Execution id="79178a26-d441-4ffd-8333-7856f00a19c3" />
      <TestMethod codeBase="C:\Users\biges\Desktop\Wiley_Widget\WileyWidget.Tests\bin\Debug\net9.0-windows\WileyWidget.Tests.dll" adapterTypeName="executor://xunit/VsTestRunner2/netcoreapp" className="WileyWidget.Tests.BudgetInteractionTests" name="BudgetInteraction_MonthlyAmount_Validation" />
    </UnitTest>
    <UnitTest name="WileyWidget.Tests.EnterpriseModelTests.Enterprise_CurrentRate_Validation(rate: 0.005, shouldBeValid: False)" storage="c:\users\biges\desktop\wiley_widget\wileywidget.tests\bin\debug\net9.0-windows\wileywidget.tests.dll" id="00f90a30-6cfb-102f-2905-fe6964421a8d">
      <Execution id="9c9b8768-c5e0-45da-a935-6fb2c5f6b5c7" />
      <TestMethod codeBase="C:\Users\biges\Desktop\Wiley_Widget\WileyWidget.Tests\bin\Debug\net9.0-windows\WileyWidget.Tests.dll" adapterTypeName="executor://xunit/VsTestRunner2/netcoreapp" className="WileyWidget.Tests.EnterpriseModelTests" name="Enterprise_CurrentRate_Validation" />
    </UnitTest>
    <UnitTest name="WileyWidget.Tests.BudgetInteractionTests.BudgetInteraction_Creation_WithValidData_Succeeds" storage="c:\users\biges\desktop\wiley_widget\wileywidget.tests\bin\debug\net9.0-windows\wileywidget.tests.dll" id="efa2ee80-8a84-ce7d-1850-d99aa3c2923a">
      <Execution id="dbc5116f-bfe6-41ae-8fc5-110976da8e8e" />
      <TestMethod codeBase="C:\Users\biges\Desktop\Wiley_Widget\WileyWidget.Tests\bin\Debug\net9.0-windows\WileyWidget.Tests.dll" adapterTypeName="executor://xunit/VsTestRunner2/netcoreapp" className="WileyWidget.Tests.BudgetInteractionTests" name="BudgetInteraction_Creation_WithValidData_Succeeds" />
    </UnitTest>
    <UnitTest name="WileyWidget.Tests.BudgetAnalyticsTests.BudgetInsights_AlwaysIncludesGeneralRecommendations" storage="c:\users\biges\desktop\wiley_widget\wileywidget.tests\bin\debug\net9.0-windows\wileywidget.tests.dll" id="efe067a6-c350-5edd-6794-b1c41a457952">
      <Execution id="9739de81-4887-4a75-b4dd-2ad21bb285c0" />
      <TestMethod codeBase="C:\Users\biges\Desktop\Wiley_Widget\WileyWidget.Tests\bin\Debug\net9.0-windows\WileyWidget.Tests.dll" adapterTypeName="executor://xunit/VsTestRunner2/netcoreapp" className="WileyWidget.Tests.BudgetAnalyticsTests" name="BudgetInsights_AlwaysIncludesGeneralRecommendations" />
    </UnitTest>
    <UnitTest name="WileyWidget.Tests.EnterpriseTests.Enterprise_Name_Validation(name: &quot;&quot;, shouldBeValid: False)" storage="c:\users\biges\desktop\wiley_widget\wileywidget.tests\bin\debug\net9.0-windows\wileywidget.tests.dll" id="7fe76a3a-9ac6-6844-b5f7-d4331eae2413">
      <Execution id="a80845bb-1c2d-46e4-97a0-0b1c7bda0870" />
      <TestMethod codeBase="C:\Users\biges\Desktop\Wiley_Widget\WileyWidget.Tests\bin\Debug\net9.0-windows\WileyWidget.Tests.dll" adapterTypeName="executor://xunit/VsTestRunner2/netcoreapp" className="WileyWidget.Tests.EnterpriseTests" name="Enterprise_Name_Validation" />
    </UnitTest>
    <UnitTest name="WileyWidget.Tests.WidgetTests.Widget_FormattedPrice_ReturnsCorrectFormat(price: 10, expected: &quot;$10.00&quot;)" storage="c:\users\biges\desktop\wiley_widget\wileywidget.tests\bin\debug\net9.0-windows\wileywidget.tests.dll" id="0203bce8-8571-4fae-356f-d40949bb5a7d">
      <Execution id="defc8ee8-710d-4556-ab1c-4f3ca5f8690c" />
      <TestMethod codeBase="C:\Users\biges\Desktop\Wiley_Widget\WileyWidget.Tests\bin\Debug\net9.0-windows\WileyWidget.Tests.dll" adapterTypeName="executor://xunit/VsTestRunner2/netcoreapp" className="WileyWidget.Tests.WidgetTests" name="Widget_FormattedPrice_ReturnsCorrectFormat" />
    </UnitTest>
    <UnitTest name="WileyWidget.Tests.AppUnitTests.RegisterSyncfusionLicense_WithNoValidSources_LogsWarning" storage="c:\users\biges\desktop\wiley_widget\wileywidget.tests\bin\debug\net9.0-windows\wileywidget.tests.dll" id="93f87e80-68d8-ef6d-e92d-98707d05f82e">
      <Execution id="3e255a49-1634-4673-9c49-9c789997f7e8" />
      <TestMethod codeBase="C:\Users\biges\Desktop\Wiley_Widget\WileyWidget.Tests\bin\Debug\net9.0-windows\WileyWidget.Tests.dll" adapterTypeName="executor://xunit/VsTestRunner2/netcoreapp" className="WileyWidget.Tests.AppUnitTests" name="RegisterSyncfusionLicense_WithNoValidSources_LogsWarning" />
    </UnitTest>
    <UnitTest name="WileyWidget.Tests.WidgetTests.Widget_Category_AcceptsVariousValues(category: &quot;Home &amp; Garden&quot;)" storage="c:\users\biges\desktop\wiley_widget\wileywidget.tests\bin\debug\net9.0-windows\wileywidget.tests.dll" id="b211dea4-7dcd-20f5-d31b-47d61cf807dd">
      <Execution id="41ccd0fd-b89b-40bc-a3a1-4bca05a9670a" />
      <TestMethod codeBase="C:\Users\biges\Desktop\Wiley_Widget\WileyWidget.Tests\bin\Debug\net9.0-windows\WileyWidget.Tests.dll" adapterTypeName="executor://xunit/VsTestRunner2/netcoreapp" className="WileyWidget.Tests.WidgetTests" name="Widget_Category_AcceptsVariousValues" />
    </UnitTest>
    <UnitTest name="WileyWidget.Tests.BudgetAnalyticsTests.BudgetMetrics_ReturnsCorrectStatus_Surplus" storage="c:\users\biges\desktop\wiley_widget\wileywidget.tests\bin\debug\net9.0-windows\wileywidget.tests.dll" id="ccef2ce7-f385-9fbf-3fdd-191327867f3d">
      <Execution id="1b260ef6-e3fb-4e5d-b1e0-c38e70df7bc5" />
      <TestMethod codeBase="C:\Users\biges\Desktop\Wiley_Widget\WileyWidget.Tests\bin\Debug\net9.0-windows\WileyWidget.Tests.dll" adapterTypeName="executor://xunit/VsTestRunner2/netcoreapp" className="WileyWidget.Tests.BudgetAnalyticsTests" name="BudgetMetrics_ReturnsCorrectStatus_Surplus" />
    </UnitTest>
    <UnitTest name="WileyWidget.Tests.WidgetTests.Widget_Quantity_Validation(quantity: -1, shouldBeValid: False)" storage="c:\users\biges\desktop\wiley_widget\wileywidget.tests\bin\debug\net9.0-windows\wileywidget.tests.dll" id="40c28db5-98d0-9ac0-459d-782c32a105ab">
      <Execution id="8b3e5a2d-5364-498f-b2ea-e420039d9deb" />
      <TestMethod codeBase="C:\Users\biges\Desktop\Wiley_Widget\WileyWidget.Tests\bin\Debug\net9.0-windows\WileyWidget.Tests.dll" adapterTypeName="executor://xunit/VsTestRunner2/netcoreapp" className="WileyWidget.Tests.WidgetTests" name="Widget_Quantity_Validation" />
    </UnitTest>
    <UnitTest name="WileyWidget.Tests.EnterpriseTests.Enterprise_CalculatedProperties_WorkCorrectly(currentRate: 1.5, citizenCount: 1000, expenses: 500, expectedBalance: 1000)" storage="c:\users\biges\desktop\wiley_widget\wileywidget.tests\bin\debug\net9.0-windows\wileywidget.tests.dll" id="b7c1d19c-bee4-911c-3a8a-0800f7a4f194">
      <Execution id="58d1bf2d-99b7-45cf-9885-6706cd6c966b" />
      <TestMethod codeBase="C:\Users\biges\Desktop\Wiley_Widget\WileyWidget.Tests\bin\Debug\net9.0-windows\WileyWidget.Tests.dll" adapterTypeName="executor://xunit/VsTestRunner2/netcoreapp" className="WileyWidget.Tests.EnterpriseTests" name="Enterprise_CalculatedProperties_WorkCorrectly" />
    </UnitTest>
    <UnitTest name="WileyWidget.Tests.SettingsServiceTests.SettingsService_Load_ReadsFileCorrectly" storage="c:\users\biges\desktop\wiley_widget\wileywidget.tests\bin\debug\net9.0-windows\wileywidget.tests.dll" id="33627335-316c-cbc4-3f2e-4374d3f98bd0">
      <Execution id="42900afe-0198-4fdb-83ee-807a2dadfe10" />
      <TestMethod codeBase="C:\Users\biges\Desktop\Wiley_Widget\WileyWidget.Tests\bin\Debug\net9.0-windows\WileyWidget.Tests.dll" adapterTypeName="executor://xunit/VsTestRunner2/netcoreapp" className="WileyWidget.Tests.SettingsServiceTests" name="SettingsService_Load_ReadsFileCorrectly" />
    </UnitTest>
    <UnitTest name="WileyWidget.Tests.SettingsServiceTests.SettingsService_Instance_IsSingleton" storage="c:\users\biges\desktop\wiley_widget\wileywidget.tests\bin\debug\net9.0-windows\wileywidget.tests.dll" id="06acef7a-66a9-41e5-0b52-833373b805fd">
      <Execution id="b196192b-37c2-4f42-a0bb-56c7dc903910" />
      <TestMethod codeBase="C:\Users\biges\Desktop\Wiley_Widget\WileyWidget.Tests\bin\Debug\net9.0-windows\WileyWidget.Tests.dll" adapterTypeName="executor://xunit/VsTestRunner2/netcoreapp" className="WileyWidget.Tests.SettingsServiceTests" name="SettingsService_Instance_IsSingleton" />
    </UnitTest>
    <UnitTest name="WileyWidget.Tests.WidgetTests.Widget_Price_Validation(price: 0.01, shouldBeValid: True)" storage="c:\users\biges\desktop\wiley_widget\wileywidget.tests\bin\debug\net9.0-windows\wileywidget.tests.dll" id="2beb22ae-6dec-0df2-163d-82054723e892">
      <Execution id="65fac785-dee2-40e2-b187-e86add3e572d" />
      <TestMethod codeBase="C:\Users\biges\Desktop\Wiley_Widget\WileyWidget.Tests\bin\Debug\net9.0-windows\WileyWidget.Tests.dll" adapterTypeName="executor://xunit/VsTestRunner2/netcoreapp" className="WileyWidget.Tests.WidgetTests" name="Widget_Price_Validation" />
    </UnitTest>
    <UnitTest name="WileyWidget.Tests.BudgetInteractionTests.BudgetInteraction_InteractionType_Validation(type: &quot;SharedCost&quot;, shouldBeValid: True)" storage="c:\users\biges\desktop\wiley_widget\wileywidget.tests\bin\debug\net9.0-windows\wileywidget.tests.dll" id="c79d0d0b-2c17-cda5-48a6-5d1589c048fd">
      <Execution id="507a4553-ca94-4f3c-9971-777fadacb4b2" />
      <TestMethod codeBase="C:\Users\biges\Desktop\Wiley_Widget\WileyWidget.Tests\bin\Debug\net9.0-windows\WileyWidget.Tests.dll" adapterTypeName="executor://xunit/VsTestRunner2/netcoreapp" className="WileyWidget.Tests.BudgetInteractionTests" name="BudgetInteraction_InteractionType_Validation" />
    </UnitTest>
    <UnitTest name="WileyWidget.Tests.EnterpriseModelTests.Enterprise_CurrentRate_Validation(rate: 100, shouldBeValid: True)" storage="c:\users\biges\desktop\wiley_widget\wileywidget.tests\bin\debug\net9.0-windows\wileywidget.tests.dll" id="ca7752fd-c28a-2eb8-8f5e-49b6ef0284d8">
      <Execution id="69949e96-0041-4bc0-a45d-2c67e70bd632" />
      <TestMethod codeBase="C:\Users\biges\Desktop\Wiley_Widget\WileyWidget.Tests\bin\Debug\net9.0-windows\WileyWidget.Tests.dll" adapterTypeName="executor://xunit/VsTestRunner2/netcoreapp" className="WileyWidget.Tests.EnterpriseModelTests" name="Enterprise_CurrentRate_Validation" />
    </UnitTest>
    <UnitTest name="WileyWidget.Tests.EnterpriseModelTests.Enterprise_BreakEvenRate_HandlesZeroCitizens" storage="c:\users\biges\desktop\wiley_widget\wileywidget.tests\bin\debug\net9.0-windows\wileywidget.tests.dll" id="0a00e6cb-49af-1b97-d7b2-bbdf194a8118">
      <Execution id="d5816263-96a3-47a7-9a08-42097f665556" />
      <TestMethod codeBase="C:\Users\biges\Desktop\Wiley_Widget\WileyWidget.Tests\bin\Debug\net9.0-windows\WileyWidget.Tests.dll" adapterTypeName="executor://xunit/VsTestRunner2/netcoreapp" className="WileyWidget.Tests.EnterpriseModelTests" name="Enterprise_BreakEvenRate_HandlesZeroCitizens" />
    </UnitTest>
    <UnitTest name="WileyWidget.Tests.EnterpriseModelTests.Enterprise_BudgetStatus_ReturnsCorrectStatus(revenue: 3000, expenses: 2500, expectedStatus: &quot;Surplus&quot;)" storage="c:\users\biges\desktop\wiley_widget\wileywidget.tests\bin\debug\net9.0-windows\wileywidget.tests.dll" id="44e15a9e-b1db-5915-a9b2-5e9b239ca9b3">
      <Execution id="5e67ea23-f3c3-46b5-ab42-0f0f71371604" />
      <TestMethod codeBase="C:\Users\biges\Desktop\Wiley_Widget\WileyWidget.Tests\bin\Debug\net9.0-windows\WileyWidget.Tests.dll" adapterTypeName="executor://xunit/VsTestRunner2/netcoreapp" className="WileyWidget.Tests.EnterpriseModelTests" name="Enterprise_BudgetStatus_ReturnsCorrectStatus" />
    </UnitTest>
    <UnitTest name="WileyWidget.Tests.BudgetInteractionTests.BudgetInteraction_SecondaryEnterpriseId_CanBeNull" storage="c:\users\biges\desktop\wiley_widget\wileywidget.tests\bin\debug\net9.0-windows\wileywidget.tests.dll" id="2f6535a3-ca21-5a5e-d2ea-27f9db0d9635">
      <Execution id="8be2315a-0f0e-45d7-b0b2-0129d3a979e2" />
      <TestMethod codeBase="C:\Users\biges\Desktop\Wiley_Widget\WileyWidget.Tests\bin\Debug\net9.0-windows\WileyWidget.Tests.dll" adapterTypeName="executor://xunit/VsTestRunner2/netcoreapp" className="WileyWidget.Tests.BudgetInteractionTests" name="BudgetInteraction_SecondaryEnterpriseId_CanBeNull" />
    </UnitTest>
    <UnitTest name="WileyWidget.Tests.DatabaseIntegrationTests.Repository_CalculatesRevenueCorrectly" storage="c:\users\biges\desktop\wiley_widget\wileywidget.tests\bin\debug\net9.0-windows\wileywidget.tests.dll" id="917950f3-8248-2f78-cc8c-99370e6626ab">
      <Execution id="8dcb5c25-f295-42e3-9387-e5de81faaa02" />
      <TestMethod codeBase="C:\Users\biges\Desktop\Wiley_Widget\WileyWidget.Tests\bin\Debug\net9.0-windows\WileyWidget.Tests.dll" adapterTypeName="executor://xunit/VsTestRunner2/netcoreapp" className="WileyWidget.Tests.DatabaseIntegrationTests" name="Repository_CalculatesRevenueCorrectly" />
    </UnitTest>
    <UnitTest name="WileyWidget.Tests.WidgetTests.Widget_Creation_WithValidData_Succeeds" storage="c:\users\biges\desktop\wiley_widget\wileywidget.tests\bin\debug\net9.0-windows\wileywidget.tests.dll" id="4a11ecda-ef05-73a1-b1d1-c3284d3e4afa">
      <Execution id="38b4a2b4-f182-4890-acdb-612a512a1427" />
      <TestMethod codeBase="C:\Users\biges\Desktop\Wiley_Widget\WileyWidget.Tests\bin\Debug\net9.0-windows\WileyWidget.Tests.dll" adapterTypeName="executor://xunit/VsTestRunner2/netcoreapp" className="WileyWidget.Tests.WidgetTests" name="Widget_Creation_WithValidData_Succeeds" />
    </UnitTest>
    <UnitTest name="WileyWidget.Tests.EnterpriseDatabaseTests.SimpleDatabaseConnectionTest" storage="c:\users\biges\desktop\wiley_widget\wileywidget.tests\bin\debug\net9.0-windows\wileywidget.tests.dll" id="e1f8a3e1-d467-b8d5-d368-b35a2dff4c81">
      <Execution id="2329f32c-8a03-46f0-ba02-acbc20a29c3f" />
      <TestMethod codeBase="C:\Users\biges\Desktop\Wiley_Widget\WileyWidget.Tests\bin\Debug\net9.0-windows\WileyWidget.Tests.dll" adapterTypeName="executor://xunit/VsTestRunner2/netcoreapp" className="WileyWidget.Tests.EnterpriseDatabaseTests" name="SimpleDatabaseConnectionTest" />
    </UnitTest>
    <UnitTest name="WileyWidget.Tests.EnterpriseModelTests.Enterprise_BudgetStatus_ReturnsCorrectStatus(revenue: 2500, expenses: 2500, expectedStatus: &quot;Break-even&quot;)" storage="c:\users\biges\desktop\wiley_widget\wileywidget.tests\bin\debug\net9.0-windows\wileywidget.tests.dll" id="ee7898df-a28c-6e8b-8e6c-3ec70bd001f9">
      <Execution id="0882b4e1-9897-40cf-8f96-76f88c435b03" />
      <TestMethod codeBase="C:\Users\biges\Desktop\Wiley_Widget\WileyWidget.Tests\bin\Debug\net9.0-windows\WileyWidget.Tests.dll" adapterTypeName="executor://xunit/VsTestRunner2/netcoreapp" className="WileyWidget.Tests.EnterpriseModelTests" name="Enterprise_BudgetStatus_ReturnsCorrectStatus" />
    </UnitTest>
    <UnitTest name="WileyWidget.Tests.EnterpriseTests.Enterprise_CurrentRate_Validation(rate: 10000, shouldBeValid: False)" storage="c:\users\biges\desktop\wiley_widget\wileywidget.tests\bin\debug\net9.0-windows\wileywidget.tests.dll" id="1d6cc74e-b1aa-d571-8164-59cf85bf66e7">
      <Execution id="eef6bb36-2858-4f47-a142-06083ccd2ff9" />
      <TestMethod codeBase="C:\Users\biges\Desktop\Wiley_Widget\WileyWidget.Tests\bin\Debug\net9.0-windows\WileyWidget.Tests.dll" adapterTypeName="executor://xunit/VsTestRunner2/netcoreapp" className="WileyWidget.Tests.EnterpriseTests" name="Enterprise_CurrentRate_Validation" />
    </UnitTest>
    <UnitTest name="WileyWidget.Tests.MainWindowUnitTests.UpdateThemeToggleVisuals_MethodExists" storage="c:\users\biges\desktop\wiley_widget\wileywidget.tests\bin\debug\net9.0-windows\wileywidget.tests.dll" id="1a019a48-5289-21b6-90e2-05f5df28d217">
      <Execution id="45459d1c-1d74-4586-a865-09d75f7176fe" />
      <TestMethod codeBase="C:\Users\biges\Desktop\Wiley_Widget\WileyWidget.Tests\bin\Debug\net9.0-windows\WileyWidget.Tests.dll" adapterTypeName="executor://xunit/VsTestRunner2/netcoreapp" className="WileyWidget.Tests.MainWindowUnitTests" name="UpdateThemeToggleVisuals_MethodExists" />
    </UnitTest>
    <UnitTest name="WileyWidget.Tests.BudgetInteractionTests.BudgetInteraction_SecondaryEnterpriseId_CanBeSet" storage="c:\users\biges\desktop\wiley_widget\wileywidget.tests\bin\debug\net9.0-windows\wileywidget.tests.dll" id="e5321f6f-e5a1-6e5b-e713-11e01758bd01">
      <Execution id="a2dca388-4a39-40ce-8bfc-38c37a29d362" />
      <TestMethod codeBase="C:\Users\biges\Desktop\Wiley_Widget\WileyWidget.Tests\bin\Debug\net9.0-windows\WileyWidget.Tests.dll" adapterTypeName="executor://xunit/VsTestRunner2/netcoreapp" className="WileyWidget.Tests.BudgetInteractionTests" name="BudgetInteraction_SecondaryEnterpriseId_CanBeSet" />
    </UnitTest>
    <UnitTest name="WileyWidget.Tests.EnterpriseTests.Enterprise_CalculatedProperties_WorkCorrectly(currentRate: 1, citizenCount: 1000, expenses: 0, expectedBalance: 1000)" storage="c:\users\biges\desktop\wiley_widget\wileywidget.tests\bin\debug\net9.0-windows\wileywidget.tests.dll" id="250861d5-9d13-68af-2b01-b8c47d52fcf2">
      <Execution id="acd1ff2d-1512-4d2b-a897-77fc391d8b28" />
      <TestMethod codeBase="C:\Users\biges\Desktop\Wiley_Widget\WileyWidget.Tests\bin\Debug\net9.0-windows\WileyWidget.Tests.dll" adapterTypeName="executor://xunit/VsTestRunner2/netcoreapp" className="WileyWidget.Tests.EnterpriseTests" name="Enterprise_CalculatedProperties_WorkCorrectly" />
    </UnitTest>
    <UnitTest name="WileyWidget.Tests.EnterpriseModelTests.Enterprise_Creation_WithValidData_Succeeds" storage="c:\users\biges\desktop\wiley_widget\wileywidget.tests\bin\debug\net9.0-windows\wileywidget.tests.dll" id="a72d91bf-1ba0-06c7-1002-ab2af50818f2">
      <Execution id="eea015f2-3995-4f27-91a3-9719220aa36e" />
      <TestMethod codeBase="C:\Users\biges\Desktop\Wiley_Widget\WileyWidget.Tests\bin\Debug\net9.0-windows\WileyWidget.Tests.dll" adapterTypeName="executor://xunit/VsTestRunner2/netcoreapp" className="WileyWidget.Tests.EnterpriseModelTests" name="Enterprise_Creation_WithValidData_Succeeds" />
    </UnitTest>
    <UnitTest name="WileyWidget.Tests.DatabaseIntegrationTests.GetByIdAsync_ReturnsCorrectEnterprise" storage="c:\users\biges\desktop\wiley_widget\wileywidget.tests\bin\debug\net9.0-windows\wileywidget.tests.dll" id="4e31e5ac-795c-6664-b1e1-6987564c4e12">
      <Execution id="f4179066-297f-43d3-b0fb-fac8377d3418" />
      <TestMethod codeBase="C:\Users\biges\Desktop\Wiley_Widget\WileyWidget.Tests\bin\Debug\net9.0-windows\WileyWidget.Tests.dll" adapterTypeName="executor://xunit/VsTestRunner2/netcoreapp" className="WileyWidget.Tests.DatabaseIntegrationTests" name="GetByIdAsync_ReturnsCorrectEnterprise" />
    </UnitTest>
    <UnitTest name="WileyWidget.Tests.AppUnitTests.TryScheduleLicenseDialogAutoClose_HandlesDialogScheduling" storage="c:\users\biges\desktop\wiley_widget\wileywidget.tests\bin\debug\net9.0-windows\wileywidget.tests.dll" id="20d48984-149e-52a8-e707-e7c8d17f3d51">
      <Execution id="d14f4b11-9dc2-423c-a617-5a79c0691835" />
      <TestMethod codeBase="C:\Users\biges\Desktop\Wiley_Widget\WileyWidget.Tests\bin\Debug\net9.0-windows\WileyWidget.Tests.dll" adapterTypeName="executor://xunit/VsTestRunner2/netcoreapp" className="WileyWidget.Tests.AppUnitTests" name="TryScheduleLicenseDialogAutoClose_HandlesDialogScheduling" />
    </UnitTest>
    <UnitTest name="WileyWidget.Tests.BudgetInteractionTests.BudgetInteraction_AcceptsVariousInteractionTypes(type: &quot;Transfer&quot;, expected: True)" storage="c:\users\biges\desktop\wiley_widget\wileywidget.tests\bin\debug\net9.0-windows\wileywidget.tests.dll" id="53bedddd-9e7e-05b6-0db9-6c4d6523d66b">
      <Execution id="3bfbec0b-b6eb-45ec-88bc-0596d95fb5d7" />
      <TestMethod codeBase="C:\Users\biges\Desktop\Wiley_Widget\WileyWidget.Tests\bin\Debug\net9.0-windows\WileyWidget.Tests.dll" adapterTypeName="executor://xunit/VsTestRunner2/netcoreapp" className="WileyWidget.Tests.BudgetInteractionTests" name="BudgetInteraction_AcceptsVariousInteractionTypes" />
    </UnitTest>
    <UnitTest name="WileyWidget.Tests.MainViewModelTests.SelectNextCommand_HandlesEmptyList" storage="c:\users\biges\desktop\wiley_widget\wileywidget.tests\bin\debug\net9.0-windows\wileywidget.tests.dll" id="b43e3dd0-44c9-3349-d80b-08150cc5294d">
      <Execution id="ecdf529d-283c-45fc-b301-2c19e26c1f14" />
      <TestMethod codeBase="C:\Users\biges\Desktop\Wiley_Widget\WileyWidget.Tests\bin\Debug\net9.0-windows\WileyWidget.Tests.dll" adapterTypeName="executor://xunit/VsTestRunner2/netcoreapp" className="WileyWidget.Tests.MainViewModelTests" name="SelectNextCommand_HandlesEmptyList" />
    </UnitTest>
    <UnitTest name="WileyWidget.Tests.BudgetInteractionTests.BudgetInteraction_AcceptsVariousInteractionTypes(type: &quot;SharedCost&quot;, expected: True)" storage="c:\users\biges\desktop\wiley_widget\wileywidget.tests\bin\debug\net9.0-windows\wileywidget.tests.dll" id="f5f343b0-4673-4f25-285c-1b1fcba58589">
      <Execution id="738f99aa-a8be-4b7c-bf3d-608f0031ebb8" />
      <TestMethod codeBase="C:\Users\biges\Desktop\Wiley_Widget\WileyWidget.Tests\bin\Debug\net9.0-windows\WileyWidget.Tests.dll" adapterTypeName="executor://xunit/VsTestRunner2/netcoreapp" className="WileyWidget.Tests.BudgetInteractionTests" name="BudgetInteraction_AcceptsVariousInteractionTypes" />
    </UnitTest>
    <UnitTest name="WileyWidget.Tests.BudgetInteractionTests.BudgetInteraction_MonthlyAmount_Validation(amount: 0, shouldBeValid: True)" storage="c:\users\biges\desktop\wiley_widget\wileywidget.tests\bin\debug\net9.0-windows\wileywidget.tests.dll" id="9d53fc33-d776-6625-1b0a-4b6f01111549">
      <Execution id="f5ff6219-9d28-44ce-9b8b-ef8562a07726" />
      <TestMethod codeBase="C:\Users\biges\Desktop\Wiley_Widget\WileyWidget.Tests\bin\Debug\net9.0-windows\WileyWidget.Tests.dll" adapterTypeName="executor://xunit/VsTestRunner2/netcoreapp" className="WileyWidget.Tests.BudgetInteractionTests" name="BudgetInteraction_MonthlyAmount_Validation" />
    </UnitTest>
    <UnitTest name="WileyWidget.Tests.SettingsServiceTests.SettingsService_ResetForTests_Works" storage="c:\users\biges\desktop\wiley_widget\wileywidget.tests\bin\debug\net9.0-windows\wileywidget.tests.dll" id="4bf0c2ec-7a7c-f8d8-6f1c-1f46f24b0af1">
      <Execution id="6e5027c4-662d-4419-8345-6b62ededffec" />
      <TestMethod codeBase="C:\Users\biges\Desktop\Wiley_Widget\WileyWidget.Tests\bin\Debug\net9.0-windows\WileyWidget.Tests.dll" adapterTypeName="executor://xunit/VsTestRunner2/netcoreapp" className="WileyWidget.Tests.SettingsServiceTests" name="SettingsService_ResetForTests_Works" />
    </UnitTest>
    <UnitTest name="WileyWidget.Tests.MainWindowUnitTests.InitializeBudgetDiagram_MethodExists" storage="c:\users\biges\desktop\wiley_widget\wileywidget.tests\bin\debug\net9.0-windows\wileywidget.tests.dll" id="62021b67-5876-d70c-80d9-db2ebaaf208a">
      <Execution id="6209c57b-c022-4e89-b35f-124f4669ddbc" />
      <TestMethod codeBase="C:\Users\biges\Desktop\Wiley_Widget\WileyWidget.Tests\bin\Debug\net9.0-windows\WileyWidget.Tests.dll" adapterTypeName="executor://xunit/VsTestRunner2/netcoreapp" className="WileyWidget.Tests.MainWindowUnitTests" name="InitializeBudgetDiagram_MethodExists" />
    </UnitTest>
    <UnitTest name="WileyWidget.Tests.MainWindowUnitTests.LogCurrentThemeState_MethodExists" storage="c:\users\biges\desktop\wiley_widget\wileywidget.tests\bin\debug\net9.0-windows\wileywidget.tests.dll" id="118c5093-dd4d-05af-5b6d-0f37c0d730c3">
      <Execution id="cb598a10-b644-40b0-80ea-fa9d59805daf" />
      <TestMethod codeBase="C:\Users\biges\Desktop\Wiley_Widget\WileyWidget.Tests\bin\Debug\net9.0-windows\WileyWidget.Tests.dll" adapterTypeName="executor://xunit/VsTestRunner2/netcoreapp" className="WileyWidget.Tests.MainWindowUnitTests" name="LogCurrentThemeState_MethodExists" />
    </UnitTest>
    <UnitTest name="WileyWidget.Tests.DatabaseIntegrationTests.Repository_HandlesLargeDatasetEfficiently" storage="c:\users\biges\desktop\wiley_widget\wileywidget.tests\bin\debug\net9.0-windows\wileywidget.tests.dll" id="f0a76b98-d14b-1f50-1a55-b715fcdffb9d">
      <Execution id="d302d301-6891-455b-826c-ae4b1c3ba1d5" />
      <TestMethod codeBase="C:\Users\biges\Desktop\Wiley_Widget\WileyWidget.Tests\bin\Debug\net9.0-windows\WileyWidget.Tests.dll" adapterTypeName="executor://xunit/VsTestRunner2/netcoreapp" className="WileyWidget.Tests.DatabaseIntegrationTests" name="Repository_HandlesLargeDatasetEfficiently" />
    </UnitTest>
    <UnitTest name="WileyWidget.Tests.AppUnitTests.RegisterSyncfusionLicense_MethodExists" storage="c:\users\biges\desktop\wiley_widget\wileywidget.tests\bin\debug\net9.0-windows\wileywidget.tests.dll" id="5e00cc24-af68-8e5e-7215-9a710f60e406">
      <Execution id="acab2fb4-54b2-4e91-a3db-f287510d5794" />
      <TestMethod codeBase="C:\Users\biges\Desktop\Wiley_Widget\WileyWidget.Tests\bin\Debug\net9.0-windows\WileyWidget.Tests.dll" adapterTypeName="executor://xunit/VsTestRunner2/netcoreapp" className="WileyWidget.Tests.AppUnitTests" name="RegisterSyncfusionLicense_MethodExists" />
    </UnitTest>
    <UnitTest name="WileyWidget.Tests.EnterpriseDatabaseTests.CustomQuery_WithParameters_ReturnsFilteredData_UsingDirectConnection" storage="c:\users\biges\desktop\wiley_widget\wileywidget.tests\bin\debug\net9.0-windows\wileywidget.tests.dll" id="7cf3aa98-98eb-f226-4182-b485eaa19c16">
      <Execution id="4d86c6c3-0823-4cec-be7c-651dc9dd4cf3" />
      <TestMethod codeBase="C:\Users\biges\Desktop\Wiley_Widget\WileyWidget.Tests\bin\Debug\net9.0-windows\WileyWidget.Tests.dll" adapterTypeName="executor://xunit/VsTestRunner2/netcoreapp" className="WileyWidget.Tests.EnterpriseDatabaseTests" name="CustomQuery_WithParameters_ReturnsFilteredData_UsingDirectConnection" />
    </UnitTest>
    <UnitTest name="WileyWidget.Tests.EnterpriseTests.Enterprise_CurrentRate_Validation(rate: 0.01, shouldBeValid: True)" storage="c:\users\biges\desktop\wiley_widget\wileywidget.tests\bin\debug\net9.0-windows\wileywidget.tests.dll" id="c47db43f-5871-4aa9-b457-92ab04b7b502">
      <Execution id="5bad2e30-0eb0-4864-b325-7d0f24d5f656" />
      <TestMethod codeBase="C:\Users\biges\Desktop\Wiley_Widget\WileyWidget.Tests\bin\Debug\net9.0-windows\WileyWidget.Tests.dll" adapterTypeName="executor://xunit/VsTestRunner2/netcoreapp" className="WileyWidget.Tests.EnterpriseTests" name="Enterprise_CurrentRate_Validation" />
    </UnitTest>
    <UnitTest name="WileyWidget.Tests.EnterpriseDatabaseTests.ComplexAssertions_MultipleValidations_UsingDirectConnection" storage="c:\users\biges\desktop\wiley_widget\wileywidget.tests\bin\debug\net9.0-windows\wileywidget.tests.dll" id="f0564e38-0932-37f9-f2ec-c59c84e4f319">
      <Execution id="61538956-7256-4f6d-a3b8-abad504e4373" />
      <TestMethod codeBase="C:\Users\biges\Desktop\Wiley_Widget\WileyWidget.Tests\bin\Debug\net9.0-windows\WileyWidget.Tests.dll" adapterTypeName="executor://xunit/VsTestRunner2/netcoreapp" className="WileyWidget.Tests.EnterpriseDatabaseTests" name="ComplexAssertions_MultipleValidations_UsingDirectConnection" />
    </UnitTest>
    <UnitTest name="WileyWidget.Tests.BudgetInteractionTests.BudgetInteraction_Description_Validation(description: null, shouldBeValid: False)" storage="c:\users\biges\desktop\wiley_widget\wileywidget.tests\bin\debug\net9.0-windows\wileywidget.tests.dll" id="4d20292b-dbaf-eee0-cf45-638c0a52c116">
      <Execution id="cfeb8123-5451-43a0-879a-9429d1de47f9" />
      <TestMethod codeBase="C:\Users\biges\Desktop\Wiley_Widget\WileyWidget.Tests\bin\Debug\net9.0-windows\WileyWidget.Tests.dll" adapterTypeName="executor://xunit/VsTestRunner2/netcoreapp" className="WileyWidget.Tests.BudgetInteractionTests" name="BudgetInteraction_Description_Validation" />
    </UnitTest>
    <UnitTest name="WileyWidget.Tests.BudgetAnalyticsTests.BudgetInsights_GeneratesCorrectInsights_ForDeficit" storage="c:\users\biges\desktop\wiley_widget\wileywidget.tests\bin\debug\net9.0-windows\wileywidget.tests.dll" id="bc7d1dad-4626-c238-a1b7-51e0ec90dede">
      <Execution id="1d13c422-74ac-46ff-9489-9ac3b579686c" />
      <TestMethod codeBase="C:\Users\biges\Desktop\Wiley_Widget\WileyWidget.Tests\bin\Debug\net9.0-windows\WileyWidget.Tests.dll" adapterTypeName="executor://xunit/VsTestRunner2/netcoreapp" className="WileyWidget.Tests.BudgetAnalyticsTests" name="BudgetInsights_GeneratesCorrectInsights_ForDeficit" />
    </UnitTest>
    <UnitTest name="WileyWidget.Tests.EnterpriseModelTests.Enterprise_MonthlyExpenses_Validation(expenses: -1, shouldBeValid: False)" storage="c:\users\biges\desktop\wiley_widget\wileywidget.tests\bin\debug\net9.0-windows\wileywidget.tests.dll" id="e472ca0e-4d1f-2cb2-ae79-f619786a7e3f">
      <Execution id="0581f241-c407-414d-bead-ab756c409dd9" />
      <TestMethod codeBase="C:\Users\biges\Desktop\Wiley_Widget\WileyWidget.Tests\bin\Debug\net9.0-windows\WileyWidget.Tests.dll" adapterTypeName="executor://xunit/VsTestRunner2/netcoreapp" className="WileyWidget.Tests.EnterpriseModelTests" name="Enterprise_MonthlyExpenses_Validation" />
    </UnitTest>
    <UnitTest name="WileyWidget.Tests.BudgetInteractionTests.BudgetInteraction_InteractionType_Validation(type: &quot;&quot;, shouldBeValid: False)" storage="c:\users\biges\desktop\wiley_widget\wileywidget.tests\bin\debug\net9.0-windows\wileywidget.tests.dll" id="a4f037bc-7338-9135-cfbf-a9e8758843b8">
      <Execution id="a518f937-4366-4aba-8597-63de91e9e917" />
      <TestMethod codeBase="C:\Users\biges\Desktop\Wiley_Widget\WileyWidget.Tests\bin\Debug\net9.0-windows\WileyWidget.Tests.dll" adapterTypeName="executor://xunit/VsTestRunner2/netcoreapp" className="WileyWidget.Tests.BudgetInteractionTests" name="BudgetInteraction_InteractionType_Validation" />
    </UnitTest>
    <UnitTest name="WileyWidget.Tests.BudgetInteractionTests.BudgetInteraction_IsCost_CanBeSetToFalse" storage="c:\users\biges\desktop\wiley_widget\wileywidget.tests\bin\debug\net9.0-windows\wileywidget.tests.dll" id="7616251f-ba10-2865-c7c0-878cebe0f9bd">
      <Execution id="bc35a1e2-300e-435f-b0fc-e2530ef1d229" />
      <TestMethod codeBase="C:\Users\biges\Desktop\Wiley_Widget\WileyWidget.Tests\bin\Debug\net9.0-windows\WileyWidget.Tests.dll" adapterTypeName="executor://xunit/VsTestRunner2/netcoreapp" className="WileyWidget.Tests.BudgetInteractionTests" name="BudgetInteraction_IsCost_CanBeSetToFalse" />
    </UnitTest>
    <UnitTest name="WileyWidget.Tests.EnterpriseTests.Enterprise_Name_Validation(name: &quot;A&quot;, shouldBeValid: True)" storage="c:\users\biges\desktop\wiley_widget\wileywidget.tests\bin\debug\net9.0-windows\wileywidget.tests.dll" id="c093cc50-deee-4751-29ce-343ea9d35c10">
      <Execution id="0ad797db-e0fd-4c2e-8cf4-370d030db4ab" />
      <TestMethod codeBase="C:\Users\biges\Desktop\Wiley_Widget\WileyWidget.Tests\bin\Debug\net9.0-windows\WileyWidget.Tests.dll" adapterTypeName="executor://xunit/VsTestRunner2/netcoreapp" className="WileyWidget.Tests.EnterpriseTests" name="Enterprise_Name_Validation" />
    </UnitTest>
    <UnitTest name="WileyWidget.Tests.MainViewModelTests.SelectNextCommand_WrapsToFirstWidget" storage="c:\users\biges\desktop\wiley_widget\wileywidget.tests\bin\debug\net9.0-windows\wileywidget.tests.dll" id="fdd256aa-95b4-4138-ef57-428d9bd57c15">
      <Execution id="53963dbf-8d07-4c75-b8e8-1e1241ee857d" />
      <TestMethod codeBase="C:\Users\biges\Desktop\Wiley_Widget\WileyWidget.Tests\bin\Debug\net9.0-windows\WileyWidget.Tests.dll" adapterTypeName="executor://xunit/VsTestRunner2/netcoreapp" className="WileyWidget.Tests.MainViewModelTests" name="SelectNextCommand_WrapsToFirstWidget" />
    </UnitTest>
    <UnitTest name="WileyWidget.Tests.AppUnitTests.LoadConfiguration_MethodExists" storage="c:\users\biges\desktop\wiley_widget\wileywidget.tests\bin\debug\net9.0-windows\wileywidget.tests.dll" id="d60d3051-e4c9-0f9c-9d61-8cc77d0b060c">
      <Execution id="3046a186-5c13-4d69-be2a-80f32b97b573" />
      <TestMethod codeBase="C:\Users\biges\Desktop\Wiley_Widget\WileyWidget.Tests\bin\Debug\net9.0-windows\WileyWidget.Tests.dll" adapterTypeName="executor://xunit/VsTestRunner2/netcoreapp" className="WileyWidget.Tests.AppUnitTests" name="LoadConfiguration_MethodExists" />
    </UnitTest>
    <UnitTest name="WileyWidget.Tests.EnterpriseModelTests.Enterprise_CurrentRate_Validation(rate: -1, shouldBeValid: False)" storage="c:\users\biges\desktop\wiley_widget\wileywidget.tests\bin\debug\net9.0-windows\wileywidget.tests.dll" id="80a94af4-7913-fd5c-01c4-b92eec2e4015">
      <Execution id="94f3d920-719a-4f6b-bf30-4a3e0301a2a1" />
      <TestMethod codeBase="C:\Users\biges\Desktop\Wiley_Widget\WileyWidget.Tests\bin\Debug\net9.0-windows\WileyWidget.Tests.dll" adapterTypeName="executor://xunit/VsTestRunner2/netcoreapp" className="WileyWidget.Tests.EnterpriseModelTests" name="Enterprise_CurrentRate_Validation" />
    </UnitTest>
    <UnitTest name="WileyWidget.Tests.WidgetTests.Widget_DisplayName_ReturnsCorrectFormat(name: &quot;Widget Name&quot;, sku: &quot;&quot;, expected: &quot;Widget Name&quot;)" storage="c:\users\biges\desktop\wiley_widget\wileywidget.tests\bin\debug\net9.0-windows\wileywidget.tests.dll" id="a535ee6d-f14e-b507-e106-e575e4d351ae">
      <Execution id="891b2ba3-381c-45dd-ac04-503deb2c824f" />
      <TestMethod codeBase="C:\Users\biges\Desktop\Wiley_Widget\WileyWidget.Tests\bin\Debug\net9.0-windows\WileyWidget.Tests.dll" adapterTypeName="executor://xunit/VsTestRunner2/netcoreapp" className="WileyWidget.Tests.WidgetTests" name="Widget_DisplayName_ReturnsCorrectFormat" />
    </UnitTest>
    <UnitTest name="WileyWidget.Tests.EnterpriseModelTests.Enterprise_MonthlyBalance_CalculatesCorrectly" storage="c:\users\biges\desktop\wiley_widget\wileywidget.tests\bin\debug\net9.0-windows\wileywidget.tests.dll" id="7e338c26-7d68-229c-5870-5a210a219a3a">
      <Execution id="664af80d-e9c8-4382-bc68-1801b5bb9aca" />
      <TestMethod codeBase="C:\Users\biges\Desktop\Wiley_Widget\WileyWidget.Tests\bin\Debug\net9.0-windows\WileyWidget.Tests.dll" adapterTypeName="executor://xunit/VsTestRunner2/netcoreapp" className="WileyWidget.Tests.EnterpriseModelTests" name="Enterprise_MonthlyBalance_CalculatesCorrectly" />
    </UnitTest>
    <UnitTest name="WileyWidget.Tests.EnterpriseModelTests.Enterprise_Name_Validation(name: &quot;Valid Name&quot;, shouldBeValid: True)" storage="c:\users\biges\desktop\wiley_widget\wileywidget.tests\bin\debug\net9.0-windows\wileywidget.tests.dll" id="266048de-3f2b-fdbd-2e09-1b7eae8e8964">
      <Execution id="af5ee20c-892c-4bb8-8386-548b98263332" />
      <TestMethod codeBase="C:\Users\biges\Desktop\Wiley_Widget\WileyWidget.Tests\bin\Debug\net9.0-windows\WileyWidget.Tests.dll" adapterTypeName="executor://xunit/VsTestRunner2/netcoreapp" className="WileyWidget.Tests.EnterpriseModelTests" name="Enterprise_Name_Validation" />
    </UnitTest>
    <UnitTest name="WileyWidget.Tests.BudgetInteractionTests.BudgetInteraction_AcceptsVariousInteractionTypes(type: &quot;Dependency&quot;, expected: True)" storage="c:\users\biges\desktop\wiley_widget\wileywidget.tests\bin\debug\net9.0-windows\wileywidget.tests.dll" id="2b9ee214-5fed-0842-d648-dd6ae7f87bc4">
      <Execution id="4f1947cd-e492-4e6c-bcf2-fb1e1167e205" />
      <TestMethod codeBase="C:\Users\biges\Desktop\Wiley_Widget\WileyWidget.Tests\bin\Debug\net9.0-windows\WileyWidget.Tests.dll" adapterTypeName="executor://xunit/VsTestRunner2/netcoreapp" className="WileyWidget.Tests.BudgetInteractionTests" name="BudgetInteraction_AcceptsVariousInteractionTypes" />
    </UnitTest>
    <UnitTest name="WileyWidget.Tests.BudgetInteractionTests.BudgetInteraction_AcceptsVariousInteractionTypes(type: &quot;Subsidy&quot;, expected: True)" storage="c:\users\biges\desktop\wiley_widget\wileywidget.tests\bin\debug\net9.0-windows\wileywidget.tests.dll" id="8ca5b6cf-7541-b621-6329-c030b30b7745">
      <Execution id="01d86823-8e9d-4025-8149-06f1cf064730" />
      <TestMethod codeBase="C:\Users\biges\Desktop\Wiley_Widget\WileyWidget.Tests\bin\Debug\net9.0-windows\WileyWidget.Tests.dll" adapterTypeName="executor://xunit/VsTestRunner2/netcoreapp" className="WileyWidget.Tests.BudgetInteractionTests" name="BudgetInteraction_AcceptsVariousInteractionTypes" />
    </UnitTest>
    <UnitTest name="WileyWidget.Tests.MainWindowUnitTests.VerifySpecificSyncfusionControls_MethodExists" storage="c:\users\biges\desktop\wiley_widget\wileywidget.tests\bin\debug\net9.0-windows\wileywidget.tests.dll" id="83034d6a-ea47-0b26-b3c3-520cb2f8b99c">
      <Execution id="8cadc53c-ed24-4835-a419-c9e2729621b0" />
      <TestMethod codeBase="C:\Users\biges\Desktop\Wiley_Widget\WileyWidget.Tests\bin\Debug\net9.0-windows\WileyWidget.Tests.dll" adapterTypeName="executor://xunit/VsTestRunner2/netcoreapp" className="WileyWidget.Tests.MainWindowUnitTests" name="VerifySpecificSyncfusionControls_MethodExists" />
    </UnitTest>
    <UnitTest name="WileyWidget.Tests.EnterpriseTests.Enterprise_CurrentRate_Validation(rate: 1000, shouldBeValid: True)" storage="c:\users\biges\desktop\wiley_widget\wileywidget.tests\bin\debug\net9.0-windows\wileywidget.tests.dll" id="bab73118-bcc5-733a-969d-4c306d5de5ef">
      <Execution id="c623223e-d430-4d85-ac97-fc995e302770" />
      <TestMethod codeBase="C:\Users\biges\Desktop\Wiley_Widget\WileyWidget.Tests\bin\Debug\net9.0-windows\WileyWidget.Tests.dll" adapterTypeName="executor://xunit/VsTestRunner2/netcoreapp" className="WileyWidget.Tests.EnterpriseTests" name="Enterprise_CurrentRate_Validation" />
    </UnitTest>
    <UnitTest name="WileyWidget.Tests.MainViewModelTests.AddWidgetCommand_AddsWidgetToCollection" storage="c:\users\biges\desktop\wiley_widget\wileywidget.tests\bin\debug\net9.0-windows\wileywidget.tests.dll" id="6cc406f6-5c68-c097-54c6-537a958e649e">
      <Execution id="285a4253-d3e7-48f7-ae6a-77b5e0159d9a" />
      <TestMethod codeBase="C:\Users\biges\Desktop\Wiley_Widget\WileyWidget.Tests\bin\Debug\net9.0-windows\WileyWidget.Tests.dll" adapterTypeName="executor://xunit/VsTestRunner2/netcoreapp" className="WileyWidget.Tests.MainViewModelTests" name="AddWidgetCommand_AddsWidgetToCollection" />
    </UnitTest>
    <UnitTest name="WileyWidget.Tests.EnterpriseTests.Enterprise_Name_Validation(name: &quot;Valid Name&quot;, shouldBeValid: True)" storage="c:\users\biges\desktop\wiley_widget\wileywidget.tests\bin\debug\net9.0-windows\wileywidget.tests.dll" id="cb3b465a-00da-a1e4-c2c6-1368be36d3e5">
      <Execution id="38ef6aa4-d834-4050-a4e9-d8351e103bdc" />
      <TestMethod codeBase="C:\Users\biges\Desktop\Wiley_Widget\WileyWidget.Tests\bin\Debug\net9.0-windows\WileyWidget.Tests.dll" adapterTypeName="executor://xunit/VsTestRunner2/netcoreapp" className="WileyWidget.Tests.EnterpriseTests" name="Enterprise_Name_Validation" />
    </UnitTest>
    <UnitTest name="WileyWidget.Tests.EnterpriseModelTests.Enterprise_MonthlyExpenses_Validation(expenses: 0, shouldBeValid: True)" storage="c:\users\biges\desktop\wiley_widget\wileywidget.tests\bin\debug\net9.0-windows\wileywidget.tests.dll" id="c92dc833-fd57-a263-2b90-5a13ee4f5081">
      <Execution id="b138db02-79de-499e-ab0a-8b96c3eaeb30" />
      <TestMethod codeBase="C:\Users\biges\Desktop\Wiley_Widget\WileyWidget.Tests\bin\Debug\net9.0-windows\WileyWidget.Tests.dll" adapterTypeName="executor://xunit/VsTestRunner2/netcoreapp" className="WileyWidget.Tests.EnterpriseModelTests" name="Enterprise_MonthlyExpenses_Validation" />
    </UnitTest>
    <UnitTest name="WileyWidget.Tests.DatabaseIntegrationTests.Repository_HandlesConcurrentReads" storage="c:\users\biges\desktop\wiley_widget\wileywidget.tests\bin\debug\net9.0-windows\wileywidget.tests.dll" id="8b807870-505b-71ed-7f55-1b57860f38f6">
      <Execution id="5051e5cf-e281-4d5c-9974-b8dc141e4c83" />
      <TestMethod codeBase="C:\Users\biges\Desktop\Wiley_Widget\WileyWidget.Tests\bin\Debug\net9.0-windows\WileyWidget.Tests.dll" adapterTypeName="executor://xunit/VsTestRunner2/netcoreapp" className="WileyWidget.Tests.DatabaseIntegrationTests" name="Repository_HandlesConcurrentReads" />
    </UnitTest>
    <UnitTest name="WileyWidget.Tests.BudgetInteractionTests.BudgetInteraction_InteractionType_Validation(type: &quot;Dependency&quot;, shouldBeValid: True)" storage="c:\users\biges\desktop\wiley_widget\wileywidget.tests\bin\debug\net9.0-windows\wileywidget.tests.dll" id="a4b79d30-1b57-4783-2bc5-b481543036fd">
      <Execution id="c7b81b8a-5986-468e-98c1-024c69731f83" />
      <TestMethod codeBase="C:\Users\biges\Desktop\Wiley_Widget\WileyWidget.Tests\bin\Debug\net9.0-windows\WileyWidget.Tests.dll" adapterTypeName="executor://xunit/VsTestRunner2/netcoreapp" className="WileyWidget.Tests.BudgetInteractionTests" name="BudgetInteraction_InteractionType_Validation" />
    </UnitTest>
    <UnitTest name="WileyWidget.Tests.EnterpriseModelTests.Enterprise_Name_Validation(name: null, shouldBeValid: False)" storage="c:\users\biges\desktop\wiley_widget\wileywidget.tests\bin\debug\net9.0-windows\wileywidget.tests.dll" id="4f4006d6-b3a2-e8ed-5bb3-4581fead82ab">
      <Execution id="7aa8154a-5b8a-4f1a-ace5-2d590b80dab2" />
      <TestMethod codeBase="C:\Users\biges\Desktop\Wiley_Widget\WileyWidget.Tests\bin\Debug\net9.0-windows\WileyWidget.Tests.dll" adapterTypeName="executor://xunit/VsTestRunner2/netcoreapp" className="WileyWidget.Tests.EnterpriseModelTests" name="Enterprise_Name_Validation" />
    </UnitTest>
    <UnitTest name="WileyWidget.Tests.EnterpriseModelTests.Enterprise_BreakEvenRate_CalculatesCorrectly" storage="c:\users\biges\desktop\wiley_widget\wileywidget.tests\bin\debug\net9.0-windows\wileywidget.tests.dll" id="93b4d7b9-17c9-4651-e29a-009cb361e97b">
      <Execution id="3333a76c-bf73-4240-a713-7c1e5a6bc6d6" />
      <TestMethod codeBase="C:\Users\biges\Desktop\Wiley_Widget\WileyWidget.Tests\bin\Debug\net9.0-windows\WileyWidget.Tests.dll" adapterTypeName="executor://xunit/VsTestRunner2/netcoreapp" className="WileyWidget.Tests.EnterpriseModelTests" name="Enterprise_BreakEvenRate_CalculatesCorrectly" />
    </UnitTest>
    <UnitTest name="WileyWidget.Tests.BudgetAnalyticsTests.BudgetInsights_GeneratesCorrectInsights_ForSurplus" storage="c:\users\biges\desktop\wiley_widget\wileywidget.tests\bin\debug\net9.0-windows\wileywidget.tests.dll" id="a9dc7ce3-2ee9-2217-fa87-9dcfd65a9dfd">
      <Execution id="43c35e0f-b4d5-44fa-baa4-3599a2e855ed" />
      <TestMethod codeBase="C:\Users\biges\Desktop\Wiley_Widget\WileyWidget.Tests\bin\Debug\net9.0-windows\WileyWidget.Tests.dll" adapterTypeName="executor://xunit/VsTestRunner2/netcoreapp" className="WileyWidget.Tests.BudgetAnalyticsTests" name="BudgetInsights_GeneratesCorrectInsights_ForSurplus" />
    </UnitTest>
    <UnitTest name="WileyWidget.Tests.WidgetTests.Widget_Name_Validation(name: &quot;Valid Name&quot;, shouldBeValid: True)" storage="c:\users\biges\desktop\wiley_widget\wileywidget.tests\bin\debug\net9.0-windows\wileywidget.tests.dll" id="668e1389-6a17-867c-cc8c-409430f2326f">
      <Execution id="4ab022db-86c6-45a2-97a0-47727e0c4bf4" />
      <TestMethod codeBase="C:\Users\biges\Desktop\Wiley_Widget\WileyWidget.Tests\bin\Debug\net9.0-windows\WileyWidget.Tests.dll" adapterTypeName="executor://xunit/VsTestRunner2/netcoreapp" className="WileyWidget.Tests.WidgetTests" name="Widget_Name_Validation" />
    </UnitTest>
    <UnitTest name="WileyWidget.Tests.EnterpriseModelTests.Enterprise_CurrentRate_Validation(rate: 0, shouldBeValid: False)" storage="c:\users\biges\desktop\wiley_widget\wileywidget.tests\bin\debug\net9.0-windows\wileywidget.tests.dll" id="e7df05ca-3552-2715-64b0-211740e8ec70">
      <Execution id="0caf5042-a2ac-49e7-9015-e366f6361baa" />
      <TestMethod codeBase="C:\Users\biges\Desktop\Wiley_Widget\WileyWidget.Tests\bin\Debug\net9.0-windows\WileyWidget.Tests.dll" adapterTypeName="executor://xunit/VsTestRunner2/netcoreapp" className="WileyWidget.Tests.EnterpriseModelTests" name="Enterprise_CurrentRate_Validation" />
    </UnitTest>
    <UnitTest name="WileyWidget.Tests.WidgetTests.Widget_FormattedPrice_ReturnsCorrectFormat(price: 1234.56, expected: &quot;$1,234.56&quot;)" storage="c:\users\biges\desktop\wiley_widget\wileywidget.tests\bin\debug\net9.0-windows\wileywidget.tests.dll" id="2917a8ba-f7f9-5b6b-3575-162e1a2173ef">
      <Execution id="1c54865b-441c-4fc4-953b-a05428488a8d" />
      <TestMethod codeBase="C:\Users\biges\Desktop\Wiley_Widget\WileyWidget.Tests\bin\Debug\net9.0-windows\WileyWidget.Tests.dll" adapterTypeName="executor://xunit/VsTestRunner2/netcoreapp" className="WileyWidget.Tests.WidgetTests" name="Widget_FormattedPrice_ReturnsCorrectFormat" />
    </UnitTest>
    <UnitTest name="WileyWidget.Tests.EnterpriseModelTests.Enterprise_MonthlyExpenses_Validation(expenses: 1000, shouldBeValid: True)" storage="c:\users\biges\desktop\wiley_widget\wileywidget.tests\bin\debug\net9.0-windows\wileywidget.tests.dll" id="9929003c-3c0b-e178-ebdf-bba67d8898cc">
      <Execution id="68338c9e-d7c5-48b9-a85e-99ea965b2175" />
      <TestMethod codeBase="C:\Users\biges\Desktop\Wiley_Widget\WileyWidget.Tests\bin\Debug\net9.0-windows\WileyWidget.Tests.dll" adapterTypeName="executor://xunit/VsTestRunner2/netcoreapp" className="WileyWidget.Tests.EnterpriseModelTests" name="Enterprise_MonthlyExpenses_Validation" />
    </UnitTest>
    <UnitTest name="WileyWidget.Tests.DatabaseIntegrationTests.GetByIdAsync_ReturnsNullForNonExistentId" storage="c:\users\biges\desktop\wiley_widget\wileywidget.tests\bin\debug\net9.0-windows\wileywidget.tests.dll" id="7d89b2b7-2e04-1507-fb4c-fafb91c62761">
      <Execution id="21f98297-2778-46d1-966b-1c79a37c8de7" />
      <TestMethod codeBase="C:\Users\biges\Desktop\Wiley_Widget\WileyWidget.Tests\bin\Debug\net9.0-windows\WileyWidget.Tests.dll" adapterTypeName="executor://xunit/VsTestRunner2/netcoreapp" className="WileyWidget.Tests.DatabaseIntegrationTests" name="GetByIdAsync_ReturnsNullForNonExistentId" />
    </UnitTest>
    <UnitTest name="WileyWidget.Tests.BudgetAnalyticsTests.BudgetInsights_IncludesCitizenAverageRevenue" storage="c:\users\biges\desktop\wiley_widget\wileywidget.tests\bin\debug\net9.0-windows\wileywidget.tests.dll" id="be33b031-b799-d68d-9ac7-4be6a20a63bc">
      <Execution id="b0547f4a-c123-40eb-b27a-f9a00ced5b61" />
      <TestMethod codeBase="C:\Users\biges\Desktop\Wiley_Widget\WileyWidget.Tests\bin\Debug\net9.0-windows\WileyWidget.Tests.dll" adapterTypeName="executor://xunit/VsTestRunner2/netcoreapp" className="WileyWidget.Tests.BudgetAnalyticsTests" name="BudgetInsights_IncludesCitizenAverageRevenue" />
    </UnitTest>
    <UnitTest name="WileyWidget.Tests.BudgetInteractionTests.BudgetInteraction_MonthlyAmount_Validation(amount: 0.01, shouldBeValid: True)" storage="c:\users\biges\desktop\wiley_widget\wileywidget.tests\bin\debug\net9.0-windows\wileywidget.tests.dll" id="14845400-28d3-9a25-f969-c0ad7612b7de">
      <Execution id="fe98dab9-3446-470c-8cc6-dc40667c7d36" />
      <TestMethod codeBase="C:\Users\biges\Desktop\Wiley_Widget\WileyWidget.Tests\bin\Debug\net9.0-windows\WileyWidget.Tests.dll" adapterTypeName="executor://xunit/VsTestRunner2/netcoreapp" className="WileyWidget.Tests.BudgetInteractionTests" name="BudgetInteraction_MonthlyAmount_Validation" />
    </UnitTest>
    <UnitTest name="WileyWidget.Tests.WidgetTests.Widget_DisplayName_ReturnsCorrectFormat(name: &quot;Widget Name&quot;, sku: &quot;   &quot;, expected: &quot;Widget Name&quot;)" storage="c:\users\biges\desktop\wiley_widget\wileywidget.tests\bin\debug\net9.0-windows\wileywidget.tests.dll" id="25b8fb25-b35c-750d-fc82-a043fadd7008">
      <Execution id="08f52e2c-96c3-4653-8622-25ccc249a206" />
      <TestMethod codeBase="C:\Users\biges\Desktop\Wiley_Widget\WileyWidget.Tests\bin\Debug\net9.0-windows\WileyWidget.Tests.dll" adapterTypeName="executor://xunit/VsTestRunner2/netcoreapp" className="WileyWidget.Tests.WidgetTests" name="Widget_DisplayName_ReturnsCorrectFormat" />
    </UnitTest>
    <UnitTest name="WileyWidget.Tests.WidgetTests.Widget_IsActive_CanBeSet(isActive: False)" storage="c:\users\biges\desktop\wiley_widget\wileywidget.tests\bin\debug\net9.0-windows\wileywidget.tests.dll" id="c596acca-eaa8-2cfc-b6e4-d65d1f704c2d">
      <Execution id="b95ce93f-974c-42ee-80d9-4fc5159e773a" />
      <TestMethod codeBase="C:\Users\biges\Desktop\Wiley_Widget\WileyWidget.Tests\bin\Debug\net9.0-windows\WileyWidget.Tests.dll" adapterTypeName="executor://xunit/VsTestRunner2/netcoreapp" className="WileyWidget.Tests.WidgetTests" name="Widget_IsActive_CanBeSet" />
    </UnitTest>
    <UnitTest name="WileyWidget.Tests.BudgetInteractionTests.BudgetInteraction_Notes_Validation(notes: null, shouldBeValid: True)" storage="c:\users\biges\desktop\wiley_widget\wileywidget.tests\bin\debug\net9.0-windows\wileywidget.tests.dll" id="2b6d2d98-9ff2-0efc-9085-3c305df50a78">
      <Execution id="d1d63587-681b-4b89-b0ba-e9bbca7e6bed" />
      <TestMethod codeBase="C:\Users\biges\Desktop\Wiley_Widget\WileyWidget.Tests\bin\Debug\net9.0-windows\WileyWidget.Tests.dll" adapterTypeName="executor://xunit/VsTestRunner2/netcoreapp" className="WileyWidget.Tests.BudgetInteractionTests" name="BudgetInteraction_Notes_Validation" />
    </UnitTest>
    <UnitTest name="WileyWidget.Tests.EnterpriseModelTests.Enterprise_Name_Validation(name: &quot;A&quot;, shouldBeValid: True)" storage="c:\users\biges\desktop\wiley_widget\wileywidget.tests\bin\debug\net9.0-windows\wileywidget.tests.dll" id="93bcc1b2-e756-be48-7f05-0eed9d834711">
      <Execution id="9c8d491e-b919-4aa5-85e7-60715ec334d8" />
      <TestMethod codeBase="C:\Users\biges\Desktop\Wiley_Widget\WileyWidget.Tests\bin\Debug\net9.0-windows\WileyWidget.Tests.dll" adapterTypeName="executor://xunit/VsTestRunner2/netcoreapp" className="WileyWidget.Tests.EnterpriseModelTests" name="Enterprise_Name_Validation" />
    </UnitTest>
    <UnitTest name="WileyWidget.Tests.MainViewModelTests.AddEnterpriseCommand_AddsNewEnterprise" storage="c:\users\biges\desktop\wiley_widget\wileywidget.tests\bin\debug\net9.0-windows\wileywidget.tests.dll" id="9f5c146e-0566-da9b-266b-e05a1f45f5d6">
      <Execution id="d9676b5d-518c-492b-93f8-8c4fcec679a7" />
      <TestMethod codeBase="C:\Users\biges\Desktop\Wiley_Widget\WileyWidget.Tests\bin\Debug\net9.0-windows\WileyWidget.Tests.dll" adapterTypeName="executor://xunit/VsTestRunner2/netcoreapp" className="WileyWidget.Tests.MainViewModelTests" name="AddEnterpriseCommand_AddsNewEnterprise" />
    </UnitTest>
    <UnitTest name="WileyWidget.Tests.WidgetTests.Widget_MarkAsModified_UpdatesModifiedDate" storage="c:\users\biges\desktop\wiley_widget\wileywidget.tests\bin\debug\net9.0-windows\wileywidget.tests.dll" id="d332a652-b311-2f6e-2247-c3ce44c290ae">
      <Execution id="ccdab7d9-e0ae-466a-bd68-007ce9305e1e" />
      <TestMethod codeBase="C:\Users\biges\Desktop\Wiley_Widget\WileyWidget.Tests\bin\Debug\net9.0-windows\WileyWidget.Tests.dll" adapterTypeName="executor://xunit/VsTestRunner2/netcoreapp" className="WileyWidget.Tests.WidgetTests" name="Widget_MarkAsModified_UpdatesModifiedDate" />
    </UnitTest>
    <UnitTest name="WileyWidget.Tests.EnterpriseTests.Enterprise_Name_Validation(name: null, shouldBeValid: False)" storage="c:\users\biges\desktop\wiley_widget\wileywidget.tests\bin\debug\net9.0-windows\wileywidget.tests.dll" id="e82f29b2-da2d-1de7-97e4-1ecb0f1224d5">
      <Execution id="f3c10f78-293e-4be1-9caf-c4cdcc305928" />
      <TestMethod codeBase="C:\Users\biges\Desktop\Wiley_Widget\WileyWidget.Tests\bin\Debug\net9.0-windows\WileyWidget.Tests.dll" adapterTypeName="executor://xunit/VsTestRunner2/netcoreapp" className="WileyWidget.Tests.EnterpriseTests" name="Enterprise_Name_Validation" />
    </UnitTest>
    <UnitTest name="WileyWidget.Tests.DatabaseIntegrationTests.GetAllAsync_ReturnsAllEnterprises" storage="c:\users\biges\desktop\wiley_widget\wileywidget.tests\bin\debug\net9.0-windows\wileywidget.tests.dll" id="59a77b29-012a-7f31-5abd-f2349c80ceff">
      <Execution id="7da4a7d0-a589-4f7a-ba68-54eb1e6ad403" />
      <TestMethod codeBase="C:\Users\biges\Desktop\Wiley_Widget\WileyWidget.Tests\bin\Debug\net9.0-windows\WileyWidget.Tests.dll" adapterTypeName="executor://xunit/VsTestRunner2/netcoreapp" className="WileyWidget.Tests.DatabaseIntegrationTests" name="GetAllAsync_ReturnsAllEnterprises" />
    </UnitTest>
    <UnitTest name="WileyWidget.Tests.EnterpriseTests.Enterprise_CurrentRate_Validation(rate: 0, shouldBeValid: False)" storage="c:\users\biges\desktop\wiley_widget\wileywidget.tests\bin\debug\net9.0-windows\wileywidget.tests.dll" id="418cae58-aba0-b522-845a-715b8b8313eb">
      <Execution id="b2b3309b-6026-4a7e-83c8-79790eadf88d" />
      <TestMethod codeBase="C:\Users\biges\Desktop\Wiley_Widget\WileyWidget.Tests\bin\Debug\net9.0-windows\WileyWidget.Tests.dll" adapterTypeName="executor://xunit/VsTestRunner2/netcoreapp" className="WileyWidget.Tests.EnterpriseTests" name="Enterprise_CurrentRate_Validation" />
    </UnitTest>
    <UnitTest name="WileyWidget.Tests.MainWindowUnitTests.ApplyWpfTheme_MethodExists" storage="c:\users\biges\desktop\wiley_widget\wileywidget.tests\bin\debug\net9.0-windows\wileywidget.tests.dll" id="6fb64c30-f462-9da3-d1f6-08832453c990">
      <Execution id="7393b0e4-5ebd-4ed8-aa0b-6657641df4e0" />
      <TestMethod codeBase="C:\Users\biges\Desktop\Wiley_Widget\WileyWidget.Tests\bin\Debug\net9.0-windows\WileyWidget.Tests.dll" adapterTypeName="executor://xunit/VsTestRunner2/netcoreapp" className="WileyWidget.Tests.MainWindowUnitTests" name="ApplyWpfTheme_MethodExists" />
    </UnitTest>
    <UnitTest name="WileyWidget.Tests.AppUnitTests.TryRegisterEmbeddedLicense_DefaultImplementation_ReturnsFalse" storage="c:\users\biges\desktop\wiley_widget\wileywidget.tests\bin\debug\net9.0-windows\wileywidget.tests.dll" id="87640105-c887-14a1-6f10-e810209647b1">
      <Execution id="a544f6a8-8c9d-4b89-aba2-a38588f7cea7" />
      <TestMethod codeBase="C:\Users\biges\Desktop\Wiley_Widget\WileyWidget.Tests\bin\Debug\net9.0-windows\WileyWidget.Tests.dll" adapterTypeName="executor://xunit/VsTestRunner2/netcoreapp" className="WileyWidget.Tests.AppUnitTests" name="TryRegisterEmbeddedLicense_DefaultImplementation_ReturnsFalse" />
    </UnitTest>
    <UnitTest name="WileyWidget.Tests.MainViewModelTests.Widgets_Collection_IsObservable" storage="c:\users\biges\desktop\wiley_widget\wileywidget.tests\bin\debug\net9.0-windows\wileywidget.tests.dll" id="ed2fc56e-1956-21e4-fa3d-840c8fe46677">
      <Execution id="cc230feb-fa9a-4c72-9bca-bbef4314a2d9" />
      <TestMethod codeBase="C:\Users\biges\Desktop\Wiley_Widget\WileyWidget.Tests\bin\Debug\net9.0-windows\WileyWidget.Tests.dll" adapterTypeName="executor://xunit/VsTestRunner2/netcoreapp" className="WileyWidget.Tests.MainViewModelTests" name="Widgets_Collection_IsObservable" />
    </UnitTest>
    <UnitTest name="WileyWidget.Tests.EnterpriseTests.Enterprise_Creation_WithValidData_Succeeds" storage="c:\users\biges\desktop\wiley_widget\wileywidget.tests\bin\debug\net9.0-windows\wileywidget.tests.dll" id="e347da39-e3d7-9818-2827-c6fcf2b4c69d">
      <Execution id="f0cf5dad-692d-49b7-ae5e-d18a07c16ec3" />
      <TestMethod codeBase="C:\Users\biges\Desktop\Wiley_Widget\WileyWidget.Tests\bin\Debug\net9.0-windows\WileyWidget.Tests.dll" adapterTypeName="executor://xunit/VsTestRunner2/netcoreapp" className="WileyWidget.Tests.EnterpriseTests" name="Enterprise_Creation_WithValidData_Succeeds" />
    </UnitTest>
    <UnitTest name="WileyWidget.Tests.DatabaseIntegrationTests.Repository_HandlesCalculatedPropertiesCorrectly" storage="c:\users\biges\desktop\wiley_widget\wileywidget.tests\bin\debug\net9.0-windows\wileywidget.tests.dll" id="6f8045c6-6937-39f1-af17-4e72f663e3b7">
      <Execution id="4831175b-7e26-4c57-941f-bae7adc7a683" />
      <TestMethod codeBase="C:\Users\biges\Desktop\Wiley_Widget\WileyWidget.Tests\bin\Debug\net9.0-windows\WileyWidget.Tests.dll" adapterTypeName="executor://xunit/VsTestRunner2/netcoreapp" className="WileyWidget.Tests.DatabaseIntegrationTests" name="Repository_HandlesCalculatedPropertiesCorrectly" />
    </UnitTest>
    <UnitTest name="WileyWidget.Tests.EnterpriseTests.Enterprise_DefaultValues_AreSetCorrectly" storage="c:\users\biges\desktop\wiley_widget\wileywidget.tests\bin\debug\net9.0-windows\wileywidget.tests.dll" id="cc0265d4-60a7-3f55-fdff-2713f678dbad">
      <Execution id="3ba0127d-16f8-4b0a-a048-a542a6a40e68" />
      <TestMethod codeBase="C:\Users\biges\Desktop\Wiley_Widget\WileyWidget.Tests\bin\Debug\net9.0-windows\WileyWidget.Tests.dll" adapterTypeName="executor://xunit/VsTestRunner2/netcoreapp" className="WileyWidget.Tests.EnterpriseTests" name="Enterprise_DefaultValues_AreSetCorrectly" />
    </UnitTest>
    <UnitTest name="WileyWidget.Tests.EnterpriseTests.Enterprise_CalculatedProperties_WorkCorrectly(currentRate: 2, citizenCount: 500, expenses: 1000, expectedBalance: 0)" storage="c:\users\biges\desktop\wiley_widget\wileywidget.tests\bin\debug\net9.0-windows\wileywidget.tests.dll" id="90cb2182-2da9-b142-9e98-2812635b6bad">
      <Execution id="fc9f35e5-0037-45c6-9ab1-ec190eda3347" />
      <TestMethod codeBase="C:\Users\biges\Desktop\Wiley_Widget\WileyWidget.Tests\bin\Debug\net9.0-windows\WileyWidget.Tests.dll" adapterTypeName="executor://xunit/VsTestRunner2/netcoreapp" className="WileyWidget.Tests.EnterpriseTests" name="Enterprise_CalculatedProperties_WorkCorrectly" />
    </UnitTest>
    <UnitTest name="WileyWidget.Tests.AppUnitTests.ConfigureGlobalExceptionHandling_SetsUpHandlers" storage="c:\users\biges\desktop\wiley_widget\wileywidget.tests\bin\debug\net9.0-windows\wileywidget.tests.dll" id="888d2b50-7b6d-6c90-d0fe-ec32083e79d4">
      <Execution id="f0cb2ba8-f54d-4174-a5c7-6dbc6982b680" />
      <TestMethod codeBase="C:\Users\biges\Desktop\Wiley_Widget\WileyWidget.Tests\bin\Debug\net9.0-windows\WileyWidget.Tests.dll" adapterTypeName="executor://xunit/VsTestRunner2/netcoreapp" className="WileyWidget.Tests.AppUnitTests" name="ConfigureGlobalExceptionHandling_SetsUpHandlers" />
    </UnitTest>
    <UnitTest name="WileyWidget.Tests.WidgetTests.Widget_DisplayName_ReturnsCorrectFormat(name: &quot;Widget Name&quot;, sku: null, expected: &quot;Widget Name&quot;)" storage="c:\users\biges\desktop\wiley_widget\wileywidget.tests\bin\debug\net9.0-windows\wileywidget.tests.dll" id="510fe505-3d5e-fa04-5438-1019c48dc099">
      <Execution id="b52fed10-5997-4cbc-93c8-2258bbef5373" />
      <TestMethod codeBase="C:\Users\biges\Desktop\Wiley_Widget\WileyWidget.Tests\bin\Debug\net9.0-windows\WileyWidget.Tests.dll" adapterTypeName="executor://xunit/VsTestRunner2/netcoreapp" className="WileyWidget.Tests.WidgetTests" name="Widget_DisplayName_ReturnsCorrectFormat" />
    </UnitTest>
    <UnitTest name="WileyWidget.Tests.AppUnitTests.RegisterSyncfusionLicense_WithNullConfig_HandlesGracefully" storage="c:\users\biges\desktop\wiley_widget\wileywidget.tests\bin\debug\net9.0-windows\wileywidget.tests.dll" id="97486250-1fe8-66a0-17d4-9ab973b2b619">
      <Execution id="64e368bc-94d2-46e9-9438-afe393348d14" />
      <TestMethod codeBase="C:\Users\biges\Desktop\Wiley_Widget\WileyWidget.Tests\bin\Debug\net9.0-windows\WileyWidget.Tests.dll" adapterTypeName="executor://xunit/VsTestRunner2/netcoreapp" className="WileyWidget.Tests.AppUnitTests" name="RegisterSyncfusionLicense_WithNullConfig_HandlesGracefully" />
    </UnitTest>
    <UnitTest name="WileyWidget.Tests.SettingsServiceTests.SettingsService_Current_IsNotNull" storage="c:\users\biges\desktop\wiley_widget\wileywidget.tests\bin\debug\net9.0-windows\wileywidget.tests.dll" id="a870daa8-df1f-ef82-e638-57d5f0b05d91">
      <Execution id="9bb2204f-13f5-47ea-8695-b647342d6673" />
      <TestMethod codeBase="C:\Users\biges\Desktop\Wiley_Widget\WileyWidget.Tests\bin\Debug\net9.0-windows\WileyWidget.Tests.dll" adapterTypeName="executor://xunit/VsTestRunner2/netcoreapp" className="WileyWidget.Tests.SettingsServiceTests" name="SettingsService_Current_IsNotNull" />
    </UnitTest>
    <UnitTest name="WileyWidget.Tests.WidgetTests.Widget_Price_Validation(price: 0, shouldBeValid: False)" storage="c:\users\biges\desktop\wiley_widget\wileywidget.tests\bin\debug\net9.0-windows\wileywidget.tests.dll" id="69a6cf07-6d56-fd82-65cd-93be98d990d5">
      <Execution id="b1c387c0-afb2-4c08-bd19-2cf2b56ab7ca" />
      <TestMethod codeBase="C:\Users\biges\Desktop\Wiley_Widget\WileyWidget.Tests\bin\Debug\net9.0-windows\WileyWidget.Tests.dll" adapterTypeName="executor://xunit/VsTestRunner2/netcoreapp" className="WileyWidget.Tests.WidgetTests" name="Widget_Price_Validation" />
    </UnitTest>
    <UnitTest name="WileyWidget.Tests.AppUnitTests.RegisterSyncfusionLicense_WithPlaceholderConfigKey_FallsBackToEnvironment" storage="c:\users\biges\desktop\wiley_widget\wileywidget.tests\bin\debug\net9.0-windows\wileywidget.tests.dll" id="2eed4695-e3e7-5a59-502b-92e7e53fb8f1">
      <Execution id="d789c216-cc98-4859-a861-e65632c2647c" />
      <TestMethod codeBase="C:\Users\biges\Desktop\Wiley_Widget\WileyWidget.Tests\bin\Debug\net9.0-windows\WileyWidget.Tests.dll" adapterTypeName="executor://xunit/VsTestRunner2/netcoreapp" className="WileyWidget.Tests.AppUnitTests" name="RegisterSyncfusionLicense_WithPlaceholderConfigKey_FallsBackToEnvironment" />
    </UnitTest>
    <UnitTest name="WileyWidget.Tests.WidgetTests.Widget_Quantity_Validation(quantity: 0, shouldBeValid: True)" storage="c:\users\biges\desktop\wiley_widget\wileywidget.tests\bin\debug\net9.0-windows\wileywidget.tests.dll" id="c0f826c4-a2e8-a2fe-55fc-c1924806102d">
      <Execution id="6bc51e27-6fa5-424b-88f0-b7dec93ea4f0" />
      <TestMethod codeBase="C:\Users\biges\Desktop\Wiley_Widget\WileyWidget.Tests\bin\Debug\net9.0-windows\WileyWidget.Tests.dll" adapterTypeName="executor://xunit/VsTestRunner2/netcoreapp" className="WileyWidget.Tests.WidgetTests" name="Widget_Quantity_Validation" />
    </UnitTest>
    <UnitTest name="WileyWidget.Tests.EnterpriseModelTests.Enterprise_Name_Validation(name: &quot;&quot;, shouldBeValid: False)" storage="c:\users\biges\desktop\wiley_widget\wileywidget.tests\bin\debug\net9.0-windows\wileywidget.tests.dll" id="10b1ef9a-89d0-7820-4fdf-06d433c43486">
      <Execution id="77135f30-4b64-49c7-99e5-f4a29b151280" />
      <TestMethod codeBase="C:\Users\biges\Desktop\Wiley_Widget\WileyWidget.Tests\bin\Debug\net9.0-windows\WileyWidget.Tests.dll" adapterTypeName="executor://xunit/VsTestRunner2/netcoreapp" className="WileyWidget.Tests.EnterpriseModelTests" name="Enterprise_Name_Validation" />
    </UnitTest>
    <UnitTest name="WileyWidget.Tests.EnterpriseModelTests.Enterprise_BudgetStatus_ReturnsCorrectStatus(revenue: 2000, expenses: 2500, expectedStatus: &quot;Deficit&quot;)" storage="c:\users\biges\desktop\wiley_widget\wileywidget.tests\bin\debug\net9.0-windows\wileywidget.tests.dll" id="8d616601-23ef-0d6f-a99d-c5f9d126d4fa">
      <Execution id="124f778f-3486-415c-95ed-ee97978fc38c" />
      <TestMethod codeBase="C:\Users\biges\Desktop\Wiley_Widget\WileyWidget.Tests\bin\Debug\net9.0-windows\WileyWidget.Tests.dll" adapterTypeName="executor://xunit/VsTestRunner2/netcoreapp" className="WileyWidget.Tests.EnterpriseModelTests" name="Enterprise_BudgetStatus_ReturnsCorrectStatus" />
    </UnitTest>
    <UnitTest name="WileyWidget.Tests.EnterpriseTests.Enterprise_CalculatedProperties_WorkCorrectly(currentRate: 0.5, citizenCount: 1000, expenses: 1000, expectedBalance: -500)" storage="c:\users\biges\desktop\wiley_widget\wileywidget.tests\bin\debug\net9.0-windows\wileywidget.tests.dll" id="4f96b557-5805-2ffc-7a99-6d790882f18b">
      <Execution id="c8509e52-3edd-480f-8922-c5ae87f3e05b" />
      <TestMethod codeBase="C:\Users\biges\Desktop\Wiley_Widget\WileyWidget.Tests\bin\Debug\net9.0-windows\WileyWidget.Tests.dll" adapterTypeName="executor://xunit/VsTestRunner2/netcoreapp" className="WileyWidget.Tests.EnterpriseTests" name="Enterprise_CalculatedProperties_WorkCorrectly" />
    </UnitTest>
    <UnitTest name="WileyWidget.Tests.BudgetAnalyticsTests.BudgetMetrics_CalculatesMonthlyBalanceCorrectly" storage="c:\users\biges\desktop\wiley_widget\wileywidget.tests\bin\debug\net9.0-windows\wileywidget.tests.dll" id="3c697a19-d738-59c1-c19c-a483654a946e">
      <Execution id="6999dd08-f0c9-4f94-aef1-bc2eb35b0eca" />
      <TestMethod codeBase="C:\Users\biges\Desktop\Wiley_Widget\WileyWidget.Tests\bin\Debug\net9.0-windows\WileyWidget.Tests.dll" adapterTypeName="executor://xunit/VsTestRunner2/netcoreapp" className="WileyWidget.Tests.BudgetAnalyticsTests" name="BudgetMetrics_CalculatesMonthlyBalanceCorrectly" />
    </UnitTest>
    <UnitTest name="WileyWidget.Tests.DatabaseIntegrationTests.Repository_CalculatesBalanceCorrectly" storage="c:\users\biges\desktop\wiley_widget\wileywidget.tests\bin\debug\net9.0-windows\wileywidget.tests.dll" id="31f7b449-2a75-9290-2b1b-c1e2846a3973">
      <Execution id="a044c2dc-f069-4077-8777-e03f2bf980be" />
      <TestMethod codeBase="C:\Users\biges\Desktop\Wiley_Widget\WileyWidget.Tests\bin\Debug\net9.0-windows\WileyWidget.Tests.dll" adapterTypeName="executor://xunit/VsTestRunner2/netcoreapp" className="WileyWidget.Tests.DatabaseIntegrationTests" name="Repository_CalculatesBalanceCorrectly" />
    </UnitTest>
    <UnitTest name="WileyWidget.Tests.EnterpriseModelTests.Enterprise_CitizenCount_Validation(citizenCount: 1, shouldBeValid: True)" storage="c:\users\biges\desktop\wiley_widget\wileywidget.tests\bin\debug\net9.0-windows\wileywidget.tests.dll" id="3df038af-1fe3-8eba-40c5-e3791363704f">
      <Execution id="85ccb7b0-8624-464c-a7a5-253401406caa" />
      <TestMethod codeBase="C:\Users\biges\Desktop\Wiley_Widget\WileyWidget.Tests\bin\Debug\net9.0-windows\WileyWidget.Tests.dll" adapterTypeName="executor://xunit/VsTestRunner2/netcoreapp" className="WileyWidget.Tests.EnterpriseModelTests" name="Enterprise_CitizenCount_Validation" />
    </UnitTest>
    <UnitTest name="WileyWidget.Tests.WidgetTests.Widget_DefaultValues_AreCorrect" storage="c:\users\biges\desktop\wiley_widget\wileywidget.tests\bin\debug\net9.0-windows\wileywidget.tests.dll" id="174a61b8-26c2-f00a-4147-e3f64821944b">
      <Execution id="6984023e-53b7-4af0-88e2-b41fd39ba8c8" />
      <TestMethod codeBase="C:\Users\biges\Desktop\Wiley_Widget\WileyWidget.Tests\bin\Debug\net9.0-windows\WileyWidget.Tests.dll" adapterTypeName="executor://xunit/VsTestRunner2/netcoreapp" className="WileyWidget.Tests.WidgetTests" name="Widget_DefaultValues_AreCorrect" />
    </UnitTest>
    <UnitTest name="WileyWidget.Tests.MainViewModelTests.SelectedWidget_PropertyChange_Notification" storage="c:\users\biges\desktop\wiley_widget\wileywidget.tests\bin\debug\net9.0-windows\wileywidget.tests.dll" id="7246089f-63b6-7ef4-dd1c-f0a97a0cbf37">
      <Execution id="f0796ac0-e729-483f-a720-611666f70c1f" />
      <TestMethod codeBase="C:\Users\biges\Desktop\Wiley_Widget\WileyWidget.Tests\bin\Debug\net9.0-windows\WileyWidget.Tests.dll" adapterTypeName="executor://xunit/VsTestRunner2/netcoreapp" className="WileyWidget.Tests.MainViewModelTests" name="SelectedWidget_PropertyChange_Notification" />
    </UnitTest>
    <UnitTest name="WileyWidget.Tests.WidgetTests.Widget_Name_Validation(name: &quot;A&quot;, shouldBeValid: True)" storage="c:\users\biges\desktop\wiley_widget\wileywidget.tests\bin\debug\net9.0-windows\wileywidget.tests.dll" id="5903b2e2-620c-d805-6dec-cff9749cf54d">
      <Execution id="724f4ef8-afe9-4438-92db-cde5458f310a" />
      <TestMethod codeBase="C:\Users\biges\Desktop\Wiley_Widget\WileyWidget.Tests\bin\Debug\net9.0-windows\WileyWidget.Tests.dll" adapterTypeName="executor://xunit/VsTestRunner2/netcoreapp" className="WileyWidget.Tests.WidgetTests" name="Widget_Name_Validation" />
    </UnitTest>
    <UnitTest name="WileyWidget.Tests.EnterpriseDatabaseTests.InsertEnterprise_DataIsInsertedCorrectly_UsingDirectConnection" storage="c:\users\biges\desktop\wiley_widget\wileywidget.tests\bin\debug\net9.0-windows\wileywidget.tests.dll" id="f1c4230d-c873-a695-bf0b-dd9c7f8ad220">
      <Execution id="ab692ef0-9acc-40ef-b4f8-383225e4cc00" />
      <TestMethod codeBase="C:\Users\biges\Desktop\Wiley_Widget\WileyWidget.Tests\bin\Debug\net9.0-windows\WileyWidget.Tests.dll" adapterTypeName="executor://xunit/VsTestRunner2/netcoreapp" className="WileyWidget.Tests.EnterpriseDatabaseTests" name="InsertEnterprise_DataIsInsertedCorrectly_UsingDirectConnection" />
    </UnitTest>
    <UnitTest name="WileyWidget.Tests.MainViewModelTests.Enterprises_Collection_IsObservable" storage="c:\users\biges\desktop\wiley_widget\wileywidget.tests\bin\debug\net9.0-windows\wileywidget.tests.dll" id="d621bb97-a6a4-4797-ce4f-9813ccfba719">
      <Execution id="396f85f6-46de-4580-9b68-a457526f551f" />
      <TestMethod codeBase="C:\Users\biges\Desktop\Wiley_Widget\WileyWidget.Tests\bin\Debug\net9.0-windows\WileyWidget.Tests.dll" adapterTypeName="executor://xunit/VsTestRunner2/netcoreapp" className="WileyWidget.Tests.MainViewModelTests" name="Enterprises_Collection_IsObservable" />
    </UnitTest>
    <UnitTest name="WileyWidget.Tests.BudgetAnalyticsTests.BudgetMetrics_ReturnsCorrectStatus_BreakEven" storage="c:\users\biges\desktop\wiley_widget\wileywidget.tests\bin\debug\net9.0-windows\wileywidget.tests.dll" id="19841e8f-f411-41cb-ae2b-9bc38aa5560d">
      <Execution id="cd398b60-71dd-445a-a62e-b4455a23103b" />
      <TestMethod codeBase="C:\Users\biges\Desktop\Wiley_Widget\WileyWidget.Tests\bin\Debug\net9.0-windows\WileyWidget.Tests.dll" adapterTypeName="executor://xunit/VsTestRunner2/netcoreapp" className="WileyWidget.Tests.BudgetAnalyticsTests" name="BudgetMetrics_ReturnsCorrectStatus_BreakEven" />
    </UnitTest>
    <UnitTest name="WileyWidget.Tests.AppUnitTests.ConfigureLogging_SetsUpLoggerCorrectly" storage="c:\users\biges\desktop\wiley_widget\wileywidget.tests\bin\debug\net9.0-windows\wileywidget.tests.dll" id="ef0f0bc6-05a9-f4ec-9eaa-324bcd7d0328">
      <Execution id="108226f8-742d-4873-a072-7e0633e96acf" />
      <TestMethod codeBase="C:\Users\biges\Desktop\Wiley_Widget\WileyWidget.Tests\bin\Debug\net9.0-windows\WileyWidget.Tests.dll" adapterTypeName="executor://xunit/VsTestRunner2/netcoreapp" className="WileyWidget.Tests.AppUnitTests" name="ConfigureLogging_SetsUpLoggerCorrectly" />
    </UnitTest>
    <UnitTest name="WileyWidget.Tests.EnterpriseModelTests.Enterprise_MonthlyRevenue_CalculatesCorrectly" storage="c:\users\biges\desktop\wiley_widget\wileywidget.tests\bin\debug\net9.0-windows\wileywidget.tests.dll" id="3f32ff24-dbe4-5b18-602e-bcc79c03a51a">
      <Execution id="e4bf655c-7d31-4cb3-b9f4-cc0da3b7832a" />
      <TestMethod codeBase="C:\Users\biges\Desktop\Wiley_Widget\WileyWidget.Tests\bin\Debug\net9.0-windows\WileyWidget.Tests.dll" adapterTypeName="executor://xunit/VsTestRunner2/netcoreapp" className="WileyWidget.Tests.EnterpriseModelTests" name="Enterprise_MonthlyRevenue_CalculatesCorrectly" />
    </UnitTest>
    <UnitTest name="WileyWidget.Tests.SettingsServiceTests.SettingsService_Migration_QuickBooksToQbo_Works" storage="c:\users\biges\desktop\wiley_widget\wileywidget.tests\bin\debug\net9.0-windows\wileywidget.tests.dll" id="abe5bbbb-5c34-074f-41c7-88d40b3e23b8">
      <Execution id="f8a47a95-bf50-4743-8253-db9d277a1c24" />
      <TestMethod codeBase="C:\Users\biges\Desktop\Wiley_Widget\WileyWidget.Tests\bin\Debug\net9.0-windows\WileyWidget.Tests.dll" adapterTypeName="executor://xunit/VsTestRunner2/netcoreapp" className="WileyWidget.Tests.SettingsServiceTests" name="SettingsService_Migration_QuickBooksToQbo_Works" />
    </UnitTest>
    <UnitTest name="WileyWidget.Tests.DatabaseIntegrationTests.Repository_ValidatesRequiredFields" storage="c:\users\biges\desktop\wiley_widget\wileywidget.tests\bin\debug\net9.0-windows\wileywidget.tests.dll" id="97655ffa-dca1-a12a-5ad2-019d9211febe">
      <Execution id="e6aa0ae3-1103-47fc-b85d-f010478c0bd6" />
      <TestMethod codeBase="C:\Users\biges\Desktop\Wiley_Widget\WileyWidget.Tests\bin\Debug\net9.0-windows\WileyWidget.Tests.dll" adapterTypeName="executor://xunit/VsTestRunner2/netcoreapp" className="WileyWidget.Tests.DatabaseIntegrationTests" name="Repository_ValidatesRequiredFields" />
    </UnitTest>
    <UnitTest name="WileyWidget.Tests.BudgetAnalyticsTests.BudgetMetrics_StatusBackground_ReturnsCorrectColor" storage="c:\users\biges\desktop\wiley_widget\wileywidget.tests\bin\debug\net9.0-windows\wileywidget.tests.dll" id="59042f06-6aea-38ed-f31b-f481b684060f">
      <Execution id="ec43c9d9-32ef-439f-895c-e374aa585825" />
      <TestMethod codeBase="C:\Users\biges\Desktop\Wiley_Widget\WileyWidget.Tests\bin\Debug\net9.0-windows\WileyWidget.Tests.dll" adapterTypeName="executor://xunit/VsTestRunner2/netcoreapp" className="WileyWidget.Tests.BudgetAnalyticsTests" name="BudgetMetrics_StatusBackground_ReturnsCorrectColor" />
    </UnitTest>
    <UnitTest name="WileyWidget.Tests.BudgetInteractionTests.BudgetInteraction_Description_Validation(description: &quot;&quot;, shouldBeValid: False)" storage="c:\users\biges\desktop\wiley_widget\wileywidget.tests\bin\debug\net9.0-windows\wileywidget.tests.dll" id="d952c50c-d956-1f7c-9b09-2b7891193ead">
      <Execution id="c1e79016-1335-4d7a-9cdc-f18a4dbeedd6" />
      <TestMethod codeBase="C:\Users\biges\Desktop\Wiley_Widget\WileyWidget.Tests\bin\Debug\net9.0-windows\WileyWidget.Tests.dll" adapterTypeName="executor://xunit/VsTestRunner2/netcoreapp" className="WileyWidget.Tests.BudgetInteractionTests" name="BudgetInteraction_Description_Validation" />
    </UnitTest>
    <UnitTest name="WileyWidget.Tests.DatabaseIntegrationTests.Repository_EnforcesRateConstraints" storage="c:\users\biges\desktop\wiley_widget\wileywidget.tests\bin\debug\net9.0-windows\wileywidget.tests.dll" id="168ae476-6639-8347-6432-3fafc0d8f784">
      <Execution id="2c64db45-7a38-4623-8d86-b24794484a39" />
      <TestMethod codeBase="C:\Users\biges\Desktop\Wiley_Widget\WileyWidget.Tests\bin\Debug\net9.0-windows\WileyWidget.Tests.dll" adapterTypeName="executor://xunit/VsTestRunner2/netcoreapp" className="WileyWidget.Tests.DatabaseIntegrationTests" name="Repository_EnforcesRateConstraints" />
    </UnitTest>
    <UnitTest name="WileyWidget.Tests.MainViewModelTests.SelectNextCommand_SelectsNextWidget" storage="c:\users\biges\desktop\wiley_widget\wileywidget.tests\bin\debug\net9.0-windows\wileywidget.tests.dll" id="d72bcf70-eede-0359-7f9b-84883d87f42f">
      <Execution id="57717636-4e2a-4b2b-8e4d-eac236fbabf9" />
      <TestMethod codeBase="C:\Users\biges\Desktop\Wiley_Widget\WileyWidget.Tests\bin\Debug\net9.0-windows\WileyWidget.Tests.dll" adapterTypeName="executor://xunit/VsTestRunner2/netcoreapp" className="WileyWidget.Tests.MainViewModelTests" name="SelectNextCommand_SelectsNextWidget" />
    </UnitTest>
    <UnitTest name="WileyWidget.Tests.BudgetInteractionTests.BudgetInteraction_MonthlyAmount_Validation(amount: 1000.99, shouldBeValid: True)" storage="c:\users\biges\desktop\wiley_widget\wileywidget.tests\bin\debug\net9.0-windows\wileywidget.tests.dll" id="40d7657d-f657-0f30-1e57-f9b4790fea1e">
      <Execution id="3a59081d-251f-403c-a51f-7db2306da27e" />
      <TestMethod codeBase="C:\Users\biges\Desktop\Wiley_Widget\WileyWidget.Tests\bin\Debug\net9.0-windows\WileyWidget.Tests.dll" adapterTypeName="executor://xunit/VsTestRunner2/netcoreapp" className="WileyWidget.Tests.BudgetInteractionTests" name="BudgetInteraction_MonthlyAmount_Validation" />
    </UnitTest>
    <UnitTest name="WileyWidget.Tests.WidgetTests.Widget_Category_AcceptsVariousValues(category: &quot;Books&quot;)" storage="c:\users\biges\desktop\wiley_widget\wileywidget.tests\bin\debug\net9.0-windows\wileywidget.tests.dll" id="974b0525-eec9-9c0d-84c0-1e28bcdfdce9">
      <Execution id="6cad0572-1faa-43e1-bbd9-19454cdf93f4" />
      <TestMethod codeBase="C:\Users\biges\Desktop\Wiley_Widget\WileyWidget.Tests\bin\Debug\net9.0-windows\WileyWidget.Tests.dll" adapterTypeName="executor://xunit/VsTestRunner2/netcoreapp" className="WileyWidget.Tests.WidgetTests" name="Widget_Category_AcceptsVariousValues" />
    </UnitTest>
    <UnitTest name="WileyWidget.Tests.EnterpriseModelTests.Enterprise_CitizenCount_Validation(citizenCount: 0, shouldBeValid: False)" storage="c:\users\biges\desktop\wiley_widget\wileywidget.tests\bin\debug\net9.0-windows\wileywidget.tests.dll" id="73c56291-a896-78c5-1d0e-13918f0ef198">
      <Execution id="33aab905-f338-4ab0-8a0a-c2c80a3d85da" />
      <TestMethod codeBase="C:\Users\biges\Desktop\Wiley_Widget\WileyWidget.Tests\bin\Debug\net9.0-windows\WileyWidget.Tests.dll" adapterTypeName="executor://xunit/VsTestRunner2/netcoreapp" className="WileyWidget.Tests.EnterpriseModelTests" name="Enterprise_CitizenCount_Validation" />
    </UnitTest>
    <UnitTest name="WileyWidget.Tests.DatabaseIntegrationTests.DeleteAsync_RemovesEnterpriseFromDatabase" storage="c:\users\biges\desktop\wiley_widget\wileywidget.tests\bin\debug\net9.0-windows\wileywidget.tests.dll" id="9c4061d1-7b4d-72a8-5d62-324df6948592">
      <Execution id="ff37643f-9b78-44f3-b1b0-58499a39a8be" />
      <TestMethod codeBase="C:\Users\biges\Desktop\Wiley_Widget\WileyWidget.Tests\bin\Debug\net9.0-windows\WileyWidget.Tests.dll" adapterTypeName="executor://xunit/VsTestRunner2/netcoreapp" className="WileyWidget.Tests.DatabaseIntegrationTests" name="DeleteAsync_RemovesEnterpriseFromDatabase" />
    </UnitTest>
    <UnitTest name="WileyWidget.Tests.DatabaseIntegrationTests.Repository_EnforcesCitizenCountConstraints" storage="c:\users\biges\desktop\wiley_widget\wileywidget.tests\bin\debug\net9.0-windows\wileywidget.tests.dll" id="a590d7ab-a37d-241b-b41d-e926aae9e190">
      <Execution id="6f2a86d5-4800-4241-9777-d509d6129be2" />
      <TestMethod codeBase="C:\Users\biges\Desktop\Wiley_Widget\WileyWidget.Tests\bin\Debug\net9.0-windows\WileyWidget.Tests.dll" adapterTypeName="executor://xunit/VsTestRunner2/netcoreapp" className="WileyWidget.Tests.DatabaseIntegrationTests" name="Repository_EnforcesCitizenCountConstraints" />
    </UnitTest>
    <UnitTest name="WileyWidget.Tests.MainViewModelTests.QuickBooksCustomers_Collection_IsObservable" storage="c:\users\biges\desktop\wiley_widget\wileywidget.tests\bin\debug\net9.0-windows\wileywidget.tests.dll" id="8b1e5a88-d61f-8bfb-af7a-001ec194b46c">
      <Execution id="8ddf8108-2766-4340-94f1-d27f99a76ae0" />
      <TestMethod codeBase="C:\Users\biges\Desktop\Wiley_Widget\WileyWidget.Tests\bin\Debug\net9.0-windows\WileyWidget.Tests.dll" adapterTypeName="executor://xunit/VsTestRunner2/netcoreapp" className="WileyWidget.Tests.MainViewModelTests" name="QuickBooksCustomers_Collection_IsObservable" />
    </UnitTest>
    <UnitTest name="WileyWidget.Tests.EnterpriseModelTests.Enterprise_CitizenCount_Validation(citizenCount: -1, shouldBeValid: False)" storage="c:\users\biges\desktop\wiley_widget\wileywidget.tests\bin\debug\net9.0-windows\wileywidget.tests.dll" id="a2810c54-2114-8e84-bfe9-f4d0a5267d1f">
      <Execution id="8025f27d-cef2-4d4f-bd9f-7bd0c7d7b0fa" />
      <TestMethod codeBase="C:\Users\biges\Desktop\Wiley_Widget\WileyWidget.Tests\bin\Debug\net9.0-windows\WileyWidget.Tests.dll" adapterTypeName="executor://xunit/VsTestRunner2/netcoreapp" className="WileyWidget.Tests.EnterpriseModelTests" name="Enterprise_CitizenCount_Validation" />
    </UnitTest>
    <UnitTest name="WileyWidget.Tests.MainWindowUnitTests.NormalizeTheme_MethodExists" storage="c:\users\biges\desktop\wiley_widget\wileywidget.tests\bin\debug\net9.0-windows\wileywidget.tests.dll" id="795064b0-2888-68bc-0d9d-08f16c34f1ea">
      <Execution id="35699558-b8e2-4b3b-8a9e-533bd39ef810" />
      <TestMethod codeBase="C:\Users\biges\Desktop\Wiley_Widget\WileyWidget.Tests\bin\Debug\net9.0-windows\WileyWidget.Tests.dll" adapterTypeName="executor://xunit/VsTestRunner2/netcoreapp" className="WileyWidget.Tests.MainWindowUnitTests" name="NormalizeTheme_MethodExists" />
    </UnitTest>
    <UnitTest name="WileyWidget.Tests.WidgetTests.Widget_IsActive_CanBeSet(isActive: True)" storage="c:\users\biges\desktop\wiley_widget\wileywidget.tests\bin\debug\net9.0-windows\wileywidget.tests.dll" id="28afac11-75f2-4277-47ce-175ecd6d5bf3">
      <Execution id="7b34ba0e-67cc-41da-9b3e-ae69bd46d0fc" />
      <TestMethod codeBase="C:\Users\biges\Desktop\Wiley_Widget\WileyWidget.Tests\bin\Debug\net9.0-windows\WileyWidget.Tests.dll" adapterTypeName="executor://xunit/VsTestRunner2/netcoreapp" className="WileyWidget.Tests.WidgetTests" name="Widget_IsActive_CanBeSet" />
    </UnitTest>
    <UnitTest name="WileyWidget.Tests.BudgetInteractionTests.BudgetInteraction_IsCost_DefaultsToTrue" storage="c:\users\biges\desktop\wiley_widget\wileywidget.tests\bin\debug\net9.0-windows\wileywidget.tests.dll" id="e624f24d-1a26-231f-cac9-67120c12c28b">
      <Execution id="a6dafcf6-544c-43c2-85e6-cacc4da1bc49" />
      <TestMethod codeBase="C:\Users\biges\Desktop\Wiley_Widget\WileyWidget.Tests\bin\Debug\net9.0-windows\WileyWidget.Tests.dll" adapterTypeName="executor://xunit/VsTestRunner2/netcoreapp" className="WileyWidget.Tests.BudgetInteractionTests" name="BudgetInteraction_IsCost_DefaultsToTrue" />
    </UnitTest>
    <UnitTest name="WileyWidget.Tests.EnterpriseDatabaseTests.StoredProcedure_InsertAndRetrieveEnterprise_UsingDirectConnection" storage="c:\users\biges\desktop\wiley_widget\wileywidget.tests\bin\debug\net9.0-windows\wileywidget.tests.dll" id="d76fce68-3bca-b1a7-0e69-ec7736a35394">
      <Execution id="6c365247-a6b8-4c4c-a612-9ded0842305b" />
      <TestMethod codeBase="C:\Users\biges\Desktop\Wiley_Widget\WileyWidget.Tests\bin\Debug\net9.0-windows\WileyWidget.Tests.dll" adapterTypeName="executor://xunit/VsTestRunner2/netcoreapp" className="WileyWidget.Tests.EnterpriseDatabaseTests" name="StoredProcedure_InsertAndRetrieveEnterprise_UsingDirectConnection" />
    </UnitTest>
    <UnitTest name="WileyWidget.Tests.MainViewModelTests.QuickBooksInvoices_Collection_IsObservable" storage="c:\users\biges\desktop\wiley_widget\wileywidget.tests\bin\debug\net9.0-windows\wileywidget.tests.dll" id="0121a31e-93ae-d153-ca29-460cffa0b710">
      <Execution id="0bdc58d5-4cb7-4710-9c06-48ae8a2d9e25" />
      <TestMethod codeBase="C:\Users\biges\Desktop\Wiley_Widget\WileyWidget.Tests\bin\Debug\net9.0-windows\WileyWidget.Tests.dll" adapterTypeName="executor://xunit/VsTestRunner2/netcoreapp" className="WileyWidget.Tests.MainViewModelTests" name="QuickBooksInvoices_Collection_IsObservable" />
    </UnitTest>
    <UnitTest name="WileyWidget.Tests.DatabaseIntegrationTests.UpdateAsync_UpdatesExistingEnterprise" storage="c:\users\biges\desktop\wiley_widget\wileywidget.tests\bin\debug\net9.0-windows\wileywidget.tests.dll" id="f4baf935-db3b-a3f6-b56f-3df0f1893080">
      <Execution id="f68b85a2-41e2-4ab4-8f97-56570c6fc01d" />
      <TestMethod codeBase="C:\Users\biges\Desktop\Wiley_Widget\WileyWidget.Tests\bin\Debug\net9.0-windows\WileyWidget.Tests.dll" adapterTypeName="executor://xunit/VsTestRunner2/netcoreapp" className="WileyWidget.Tests.DatabaseIntegrationTests" name="UpdateAsync_UpdatesExistingEnterprise" />
    </UnitTest>
    <UnitTest name="WileyWidget.Tests.WidgetTests.Widget_Price_Validation(price: 1000.99, shouldBeValid: True)" storage="c:\users\biges\desktop\wiley_widget\wileywidget.tests\bin\debug\net9.0-windows\wileywidget.tests.dll" id="de72c0f3-fa26-9d6c-6ca7-32a0c98717f3">
      <Execution id="f805e13b-9ad5-4c9c-a882-712be22eb9d1" />
      <TestMethod codeBase="C:\Users\biges\Desktop\Wiley_Widget\WileyWidget.Tests\bin\Debug\net9.0-windows\WileyWidget.Tests.dll" adapterTypeName="executor://xunit/VsTestRunner2/netcoreapp" className="WileyWidget.Tests.WidgetTests" name="Widget_Price_Validation" />
    </UnitTest>
    <UnitTest name="WileyWidget.Tests.WidgetTests.Widget_FormattedPrice_ReturnsCorrectFormat(price: 99.99, expected: &quot;$99.99&quot;)" storage="c:\users\biges\desktop\wiley_widget\wileywidget.tests\bin\debug\net9.0-windows\wileywidget.tests.dll" id="a1485da4-493d-cd3d-9e47-0f99906d1c2c">
      <Execution id="daa9bdea-83f8-4fb3-b1bb-1c9a2ad8a0a8" />
      <TestMethod codeBase="C:\Users\biges\Desktop\Wiley_Widget\WileyWidget.Tests\bin\Debug\net9.0-windows\WileyWidget.Tests.dll" adapterTypeName="executor://xunit/VsTestRunner2/netcoreapp" className="WileyWidget.Tests.WidgetTests" name="Widget_FormattedPrice_ReturnsCorrectFormat" />
    </UnitTest>
    <UnitTest name="WileyWidget.Tests.MainWindowUnitTests.BuildDynamicColumns_MethodExists" storage="c:\users\biges\desktop\wiley_widget\wileywidget.tests\bin\debug\net9.0-windows\wileywidget.tests.dll" id="52b06d6e-0e7b-45f1-e848-734105f0bc9a">
      <Execution id="a78a8e2c-9466-4f35-b764-7e06c0758154" />
      <TestMethod codeBase="C:\Users\biges\Desktop\Wiley_Widget\WileyWidget.Tests\bin\Debug\net9.0-windows\WileyWidget.Tests.dll" adapterTypeName="executor://xunit/VsTestRunner2/netcoreapp" className="WileyWidget.Tests.MainWindowUnitTests" name="BuildDynamicColumns_MethodExists" />
    </UnitTest>
    <UnitTest name="WileyWidget.Tests.SettingsServiceTests.SettingsService_Load_CreatesBackupOfCorruptFile" storage="c:\users\biges\desktop\wiley_widget\wileywidget.tests\bin\debug\net9.0-windows\wileywidget.tests.dll" id="2969f2e0-70ae-84d9-8527-e1ee638f4f9b">
      <Execution id="9f69811b-0c1a-4a58-ad4e-761b6772bb10" />
      <TestMethod codeBase="C:\Users\biges\Desktop\Wiley_Widget\WileyWidget.Tests\bin\Debug\net9.0-windows\WileyWidget.Tests.dll" adapterTypeName="executor://xunit/VsTestRunner2/netcoreapp" className="WileyWidget.Tests.SettingsServiceTests" name="SettingsService_Load_CreatesBackupOfCorruptFile" />
    </UnitTest>
    <UnitTest name="WileyWidget.Tests.WidgetTests.Widget_DisplayName_ReturnsCorrectFormat(name: &quot;Widget Name&quot;, sku: &quot;SKU-001&quot;, expected: &quot;Widget Name (SKU-001)&quot;)" storage="c:\users\biges\desktop\wiley_widget\wileywidget.tests\bin\debug\net9.0-windows\wileywidget.tests.dll" id="20fc74fb-086b-510b-ae28-7341d9a3029b">
      <Execution id="b08e99a6-0976-42a0-980d-dee176ea2623" />
      <TestMethod codeBase="C:\Users\biges\Desktop\Wiley_Widget\WileyWidget.Tests\bin\Debug\net9.0-windows\WileyWidget.Tests.dll" adapterTypeName="executor://xunit/VsTestRunner2/netcoreapp" className="WileyWidget.Tests.WidgetTests" name="Widget_DisplayName_ReturnsCorrectFormat" />
    </UnitTest>
    <UnitTest name="WileyWidget.Tests.SettingsServiceTests.SettingsService_Save_CreatesFile" storage="c:\users\biges\desktop\wiley_widget\wileywidget.tests\bin\debug\net9.0-windows\wileywidget.tests.dll" id="c888132b-1015-a40a-2843-8a77b9425be8">
      <Execution id="963d83d3-f2bf-4ada-9474-9480860421fb" />
      <TestMethod codeBase="C:\Users\biges\Desktop\Wiley_Widget\WileyWidget.Tests\bin\Debug\net9.0-windows\WileyWidget.Tests.dll" adapterTypeName="executor://xunit/VsTestRunner2/netcoreapp" className="WileyWidget.Tests.SettingsServiceTests" name="SettingsService_Save_CreatesFile" />
    </UnitTest>
    <UnitTest name="WileyWidget.Tests.BudgetInteractionTests.BudgetInteraction_InteractionType_Validation(type: null, shouldBeValid: False)" storage="c:\users\biges\desktop\wiley_widget\wileywidget.tests\bin\debug\net9.0-windows\wileywidget.tests.dll" id="e4fcf31a-94fb-bdf3-84e1-475471212d0f">
      <Execution id="aa37565a-b492-4621-a34d-6d7ee1055204" />
      <TestMethod codeBase="C:\Users\biges\Desktop\Wiley_Widget\WileyWidget.Tests\bin\Debug\net9.0-windows\WileyWidget.Tests.dll" adapterTypeName="executor://xunit/VsTestRunner2/netcoreapp" className="WileyWidget.Tests.BudgetInteractionTests" name="BudgetInteraction_InteractionType_Validation" />
    </UnitTest>
  </TestDefinitions>
  <TestEntries>
    <TestEntry testId="62021b67-5876-d70c-80d9-db2ebaaf208a" executionId="6209c57b-c022-4e89-b35f-124f4669ddbc" testListId="8c84fa94-04c1-424b-9868-57a2d4851a1d" />
    <TestEntry testId="7cf3aa98-98eb-f226-4182-b485eaa19c16" executionId="4d86c6c3-0823-4cec-be7c-651dc9dd4cf3" testListId="8c84fa94-04c1-424b-9868-57a2d4851a1d" />
    <TestEntry testId="0203bce8-8571-4fae-356f-d40949bb5a7d" executionId="defc8ee8-710d-4556-ab1c-4f3ca5f8690c" testListId="8c84fa94-04c1-424b-9868-57a2d4851a1d" />
    <TestEntry testId="d60d3051-e4c9-0f9c-9d61-8cc77d0b060c" executionId="3046a186-5c13-4d69-be2a-80f32b97b573" testListId="8c84fa94-04c1-424b-9868-57a2d4851a1d" />
    <TestEntry testId="8df32280-d2cc-aff4-2ff0-10224e8b8552" executionId="7b0503b9-e86a-44b4-b340-166915dc8ff2" testListId="8c84fa94-04c1-424b-9868-57a2d4851a1d" />
    <TestEntry testId="f0a76b98-d14b-1f50-1a55-b715fcdffb9d" executionId="d302d301-6891-455b-826c-ae4b1c3ba1d5" testListId="8c84fa94-04c1-424b-9868-57a2d4851a1d" />
    <TestEntry testId="6cc406f6-5c68-c097-54c6-537a958e649e" executionId="285a4253-d3e7-48f7-ae6a-77b5e0159d9a" testListId="8c84fa94-04c1-424b-9868-57a2d4851a1d" />
    <TestEntry testId="69a6cf07-6d56-fd82-65cd-93be98d990d5" executionId="b1c387c0-afb2-4c08-bd19-2cf2b56ab7ca" testListId="8c84fa94-04c1-424b-9868-57a2d4851a1d" />
    <TestEntry testId="59042f06-6aea-38ed-f31b-f481b684060f" executionId="ec43c9d9-32ef-439f-895c-e374aa585825" testListId="8c84fa94-04c1-424b-9868-57a2d4851a1d" />
    <TestEntry testId="4f96b557-5805-2ffc-7a99-6d790882f18b" executionId="c8509e52-3edd-480f-8922-c5ae87f3e05b" testListId="8c84fa94-04c1-424b-9868-57a2d4851a1d" />
    <TestEntry testId="c888132b-1015-a40a-2843-8a77b9425be8" executionId="963d83d3-f2bf-4ada-9474-9480860421fb" testListId="8c84fa94-04c1-424b-9868-57a2d4851a1d" />
    <TestEntry testId="a72d91bf-1ba0-06c7-1002-ab2af50818f2" executionId="eea015f2-3995-4f27-91a3-9719220aa36e" testListId="8c84fa94-04c1-424b-9868-57a2d4851a1d" />
    <TestEntry testId="8ca5b6cf-7541-b621-6329-c030b30b7745" executionId="01d86823-8e9d-4025-8149-06f1cf064730" testListId="8c84fa94-04c1-424b-9868-57a2d4851a1d" />
    <TestEntry testId="1d6cc74e-b1aa-d571-8164-59cf85bf66e7" executionId="eef6bb36-2858-4f47-a142-06083ccd2ff9" testListId="8c84fa94-04c1-424b-9868-57a2d4851a1d" />
    <TestEntry testId="7d89b2b7-2e04-1507-fb4c-fafb91c62761" executionId="21f98297-2778-46d1-966b-1c79a37c8de7" testListId="8c84fa94-04c1-424b-9868-57a2d4851a1d" />
    <TestEntry testId="974b0525-eec9-9c0d-84c0-1e28bcdfdce9" executionId="6cad0572-1faa-43e1-bbd9-19454cdf93f4" testListId="8c84fa94-04c1-424b-9868-57a2d4851a1d" />
    <TestEntry testId="08055736-1e09-8961-dc89-8e2a25887239" executionId="5adcc897-e80e-41ef-a734-d7daf8c5f742" testListId="8c84fa94-04c1-424b-9868-57a2d4851a1d" />
    <TestEntry testId="5903b2e2-620c-d805-6dec-cff9749cf54d" executionId="724f4ef8-afe9-4438-92db-cde5458f310a" testListId="8c84fa94-04c1-424b-9868-57a2d4851a1d" />
    <TestEntry testId="c596acca-eaa8-2cfc-b6e4-d65d1f704c2d" executionId="b95ce93f-974c-42ee-80d9-4fc5159e773a" testListId="8c84fa94-04c1-424b-9868-57a2d4851a1d" />
    <TestEntry testId="31f7b449-2a75-9290-2b1b-c1e2846a3973" executionId="a044c2dc-f069-4077-8777-e03f2bf980be" testListId="8c84fa94-04c1-424b-9868-57a2d4851a1d" />
    <TestEntry testId="4a11ecda-ef05-73a1-b1d1-c3284d3e4afa" executionId="38b4a2b4-f182-4890-acdb-612a512a1427" testListId="8c84fa94-04c1-424b-9868-57a2d4851a1d" />
    <TestEntry testId="648bd338-a756-e64d-b4be-6a55c8a8cbe8" executionId="84de9baf-7e1e-4b35-95ed-b62b630e3ef3" testListId="8c84fa94-04c1-424b-9868-57a2d4851a1d" />
    <TestEntry testId="7246089f-63b6-7ef4-dd1c-f0a97a0cbf37" executionId="f0796ac0-e729-483f-a720-611666f70c1f" testListId="8c84fa94-04c1-424b-9868-57a2d4851a1d" />
    <TestEntry testId="04dd675b-629e-a516-a8ca-baee13393506" executionId="12147204-7b66-48e1-b628-8bf36e06a87f" testListId="8c84fa94-04c1-424b-9868-57a2d4851a1d" />
    <TestEntry testId="cc0265d4-60a7-3f55-fdff-2713f678dbad" executionId="3ba0127d-16f8-4b0a-a048-a542a6a40e68" testListId="8c84fa94-04c1-424b-9868-57a2d4851a1d" />
    <TestEntry testId="40809d6b-32d3-2519-3f96-4116b092b054" executionId="2d199d86-74e7-4aa7-8944-153162368a89" testListId="8c84fa94-04c1-424b-9868-57a2d4851a1d" />
    <TestEntry testId="f5f343b0-4673-4f25-285c-1b1fcba58589" executionId="738f99aa-a8be-4b7c-bf3d-608f0031ebb8" testListId="8c84fa94-04c1-424b-9868-57a2d4851a1d" />
    <TestEntry testId="12ac1ad0-f92b-82ce-7643-dcc2a493cae6" executionId="c8a5c1af-1e39-45e5-a120-9832612a6e47" testListId="8c84fa94-04c1-424b-9868-57a2d4851a1d" />
    <TestEntry testId="4d20292b-dbaf-eee0-cf45-638c0a52c116" executionId="cfeb8123-5451-43a0-879a-9429d1de47f9" testListId="8c84fa94-04c1-424b-9868-57a2d4851a1d" />
    <TestEntry testId="c47db43f-5871-4aa9-b457-92ab04b7b502" executionId="5bad2e30-0eb0-4864-b325-7d0f24d5f656" testListId="8c84fa94-04c1-424b-9868-57a2d4851a1d" />
    <TestEntry testId="73c56291-a896-78c5-1d0e-13918f0ef198" executionId="33aab905-f338-4ab0-8a0a-c2c80a3d85da" testListId="8c84fa94-04c1-424b-9868-57a2d4851a1d" />
    <TestEntry testId="d72bcf70-eede-0359-7f9b-84883d87f42f" executionId="57717636-4e2a-4b2b-8e4d-eac236fbabf9" testListId="8c84fa94-04c1-424b-9868-57a2d4851a1d" />
    <TestEntry testId="83034d6a-ea47-0b26-b3c3-520cb2f8b99c" executionId="8cadc53c-ed24-4835-a419-c9e2729621b0" testListId="8c84fa94-04c1-424b-9868-57a2d4851a1d" />
    <TestEntry testId="06acef7a-66a9-41e5-0b52-833373b805fd" executionId="b196192b-37c2-4f42-a0bb-56c7dc903910" testListId="8c84fa94-04c1-424b-9868-57a2d4851a1d" />
    <TestEntry testId="e82f29b2-da2d-1de7-97e4-1ecb0f1224d5" executionId="f3c10f78-293e-4be1-9caf-c4cdcc305928" testListId="8c84fa94-04c1-424b-9868-57a2d4851a1d" />
    <TestEntry testId="ca7752fd-c28a-2eb8-8f5e-49b6ef0284d8" executionId="69949e96-0041-4bc0-a45d-2c67e70bd632" testListId="8c84fa94-04c1-424b-9868-57a2d4851a1d" />
    <TestEntry testId="ee7898df-a28c-6e8b-8e6c-3ec70bd001f9" executionId="0882b4e1-9897-40cf-8f96-76f88c435b03" testListId="8c84fa94-04c1-424b-9868-57a2d4851a1d" />
    <TestEntry testId="1a019a48-5289-21b6-90e2-05f5df28d217" executionId="45459d1c-1d74-4586-a865-09d75f7176fe" testListId="8c84fa94-04c1-424b-9868-57a2d4851a1d" />
    <TestEntry testId="28afac11-75f2-4277-47ce-175ecd6d5bf3" executionId="7b34ba0e-67cc-41da-9b3e-ae69bd46d0fc" testListId="8c84fa94-04c1-424b-9868-57a2d4851a1d" />
    <TestEntry testId="e7df05ca-3552-2715-64b0-211740e8ec70" executionId="0caf5042-a2ac-49e7-9015-e366f6361baa" testListId="8c84fa94-04c1-424b-9868-57a2d4851a1d" />
    <TestEntry testId="a535ee6d-f14e-b507-e106-e575e4d351ae" executionId="891b2ba3-381c-45dd-ac04-503deb2c824f" testListId="8c84fa94-04c1-424b-9868-57a2d4851a1d" />
    <TestEntry testId="c99ffb98-6608-7343-fd97-cece2671f5c7" executionId="2db6c2a9-5e14-4a03-bba2-75e47b6fbf71" testListId="8c84fa94-04c1-424b-9868-57a2d4851a1d" />
    <TestEntry testId="25b8fb25-b35c-750d-fc82-a043fadd7008" executionId="08f52e2c-96c3-4653-8622-25ccc249a206" testListId="8c84fa94-04c1-424b-9868-57a2d4851a1d" />
    <TestEntry testId="c79d0d0b-2c17-cda5-48a6-5d1589c048fd" executionId="507a4553-ca94-4f3c-9971-777fadacb4b2" testListId="8c84fa94-04c1-424b-9868-57a2d4851a1d" />
    <TestEntry testId="4f4006d6-b3a2-e8ed-5bb3-4581fead82ab" executionId="7aa8154a-5b8a-4f1a-ace5-2d590b80dab2" testListId="8c84fa94-04c1-424b-9868-57a2d4851a1d" />
    <TestEntry testId="2b9ee214-5fed-0842-d648-dd6ae7f87bc4" executionId="4f1947cd-e492-4e6c-bcf2-fb1e1167e205" testListId="8c84fa94-04c1-424b-9868-57a2d4851a1d" />
    <TestEntry testId="250861d5-9d13-68af-2b01-b8c47d52fcf2" executionId="acd1ff2d-1512-4d2b-a897-77fc391d8b28" testListId="8c84fa94-04c1-424b-9868-57a2d4851a1d" />
    <TestEntry testId="f4baf935-db3b-a3f6-b56f-3df0f1893080" executionId="f68b85a2-41e2-4ab4-8f97-56570c6fc01d" testListId="8c84fa94-04c1-424b-9868-57a2d4851a1d" />
    <TestEntry testId="917950f3-8248-2f78-cc8c-99370e6626ab" executionId="8dcb5c25-f295-42e3-9387-e5de81faaa02" testListId="8c84fa94-04c1-424b-9868-57a2d4851a1d" />
    <TestEntry testId="2917a8ba-f7f9-5b6b-3575-162e1a2173ef" executionId="1c54865b-441c-4fc4-953b-a05428488a8d" testListId="8c84fa94-04c1-424b-9868-57a2d4851a1d" />
    <TestEntry testId="2969f2e0-70ae-84d9-8527-e1ee638f4f9b" executionId="9f69811b-0c1a-4a58-ad4e-761b6772bb10" testListId="8c84fa94-04c1-424b-9868-57a2d4851a1d" />
    <TestEntry testId="cbeada98-fd74-8e95-0798-e8d59013190d" executionId="92f3965e-5e37-4383-a732-1ed92b43529f" testListId="8c84fa94-04c1-424b-9868-57a2d4851a1d" />
    <TestEntry testId="ef0f0bc6-05a9-f4ec-9eaa-324bcd7d0328" executionId="108226f8-742d-4873-a072-7e0633e96acf" testListId="8c84fa94-04c1-424b-9868-57a2d4851a1d" />
    <TestEntry testId="174a61b8-26c2-f00a-4147-e3f64821944b" executionId="6984023e-53b7-4af0-88e2-b41fd39ba8c8" testListId="8c84fa94-04c1-424b-9868-57a2d4851a1d" />
    <TestEntry testId="b7c1d19c-bee4-911c-3a8a-0800f7a4f194" executionId="58d1bf2d-99b7-45cf-9885-6706cd6c966b" testListId="8c84fa94-04c1-424b-9868-57a2d4851a1d" />
    <TestEntry testId="67185dae-1bb2-aa49-e096-b7b20c6fe73a" executionId="57da1623-cf97-4885-806c-f21e605d4315" testListId="8c84fa94-04c1-424b-9868-57a2d4851a1d" />
    <TestEntry testId="a9dc7ce3-2ee9-2217-fa87-9dcfd65a9dfd" executionId="43c35e0f-b4d5-44fa-baa4-3599a2e855ed" testListId="8c84fa94-04c1-424b-9868-57a2d4851a1d" />
    <TestEntry testId="a870daa8-df1f-ef82-e638-57d5f0b05d91" executionId="9bb2204f-13f5-47ea-8695-b647342d6673" testListId="8c84fa94-04c1-424b-9868-57a2d4851a1d" />
    <TestEntry testId="bc7d1dad-4626-c238-a1b7-51e0ec90dede" executionId="1d13c422-74ac-46ff-9489-9ac3b579686c" testListId="8c84fa94-04c1-424b-9868-57a2d4851a1d" />
    <TestEntry testId="2beb22ae-6dec-0df2-163d-82054723e892" executionId="65fac785-dee2-40e2-b187-e86add3e572d" testListId="8c84fa94-04c1-424b-9868-57a2d4851a1d" />
    <TestEntry testId="efa2ee80-8a84-ce7d-1850-d99aa3c2923a" executionId="dbc5116f-bfe6-41ae-8fc5-110976da8e8e" testListId="8c84fa94-04c1-424b-9868-57a2d4851a1d" />
    <TestEntry testId="97486250-1fe8-66a0-17d4-9ab973b2b619" executionId="64e368bc-94d2-46e9-9438-afe393348d14" testListId="8c84fa94-04c1-424b-9868-57a2d4851a1d" />
    <TestEntry testId="a2810c54-2114-8e84-bfe9-f4d0a5267d1f" executionId="8025f27d-cef2-4d4f-bd9f-7bd0c7d7b0fa" testListId="8c84fa94-04c1-424b-9868-57a2d4851a1d" />
    <TestEntry testId="9d53fc33-d776-6625-1b0a-4b6f01111549" executionId="f5ff6219-9d28-44ce-9b8b-ef8562a07726" testListId="8c84fa94-04c1-424b-9868-57a2d4851a1d" />
    <TestEntry testId="ed2fc56e-1956-21e4-fa3d-840c8fe46677" executionId="cc230feb-fa9a-4c72-9bca-bbef4314a2d9" testListId="8c84fa94-04c1-424b-9868-57a2d4851a1d" />
    <TestEntry testId="d106bb70-67c4-1dcc-e1c1-b1453099822c" executionId="32d505fb-816c-4f99-b6d4-ab6b4978cf36" testListId="8c84fa94-04c1-424b-9868-57a2d4851a1d" />
    <TestEntry testId="90cb2182-2da9-b142-9e98-2812635b6bad" executionId="fc9f35e5-0037-45c6-9ab1-ec190eda3347" testListId="8c84fa94-04c1-424b-9868-57a2d4851a1d" />
    <TestEntry testId="a1485da4-493d-cd3d-9e47-0f99906d1c2c" executionId="daa9bdea-83f8-4fb3-b1bb-1c9a2ad8a0a8" testListId="8c84fa94-04c1-424b-9868-57a2d4851a1d" />
    <TestEntry testId="c0f826c4-a2e8-a2fe-55fc-c1924806102d" executionId="6bc51e27-6fa5-424b-88f0-b7dec93ea4f0" testListId="8c84fa94-04c1-424b-9868-57a2d4851a1d" />
    <TestEntry testId="44e15a9e-b1db-5915-a9b2-5e9b239ca9b3" executionId="5e67ea23-f3c3-46b5-ab42-0f0f71371604" testListId="8c84fa94-04c1-424b-9868-57a2d4851a1d" />
    <TestEntry testId="a4b79d30-1b57-4783-2bc5-b481543036fd" executionId="c7b81b8a-5986-468e-98c1-024c69731f83" testListId="8c84fa94-04c1-424b-9868-57a2d4851a1d" />
    <TestEntry testId="8d616601-23ef-0d6f-a99d-c5f9d126d4fa" executionId="124f778f-3486-415c-95ed-ee97978fc38c" testListId="8c84fa94-04c1-424b-9868-57a2d4851a1d" />
    <TestEntry testId="f0564e38-0932-37f9-f2ec-c59c84e4f319" executionId="61538956-7256-4f6d-a3b8-abad504e4373" testListId="8c84fa94-04c1-424b-9868-57a2d4851a1d" />
    <TestEntry testId="d332a652-b311-2f6e-2247-c3ce44c290ae" executionId="ccdab7d9-e0ae-466a-bd68-007ce9305e1e" testListId="8c84fa94-04c1-424b-9868-57a2d4851a1d" />
    <TestEntry testId="59a77b29-012a-7f31-5abd-f2349c80ceff" executionId="7da4a7d0-a589-4f7a-ba68-54eb1e6ad403" testListId="8c84fa94-04c1-424b-9868-57a2d4851a1d" />
    <TestEntry testId="33627335-316c-cbc4-3f2e-4374d3f98bd0" executionId="42900afe-0198-4fdb-83ee-807a2dadfe10" testListId="8c84fa94-04c1-424b-9868-57a2d4851a1d" />
    <TestEntry testId="d952c50c-d956-1f7c-9b09-2b7891193ead" executionId="c1e79016-1335-4d7a-9cdc-f18a4dbeedd6" testListId="8c84fa94-04c1-424b-9868-57a2d4851a1d" />
    <TestEntry testId="3d9418a8-7d7a-ace8-cce3-7f6d8639b60f" executionId="150bd8f2-6b23-4329-88e5-4a5fac808c4a" testListId="8c84fa94-04c1-424b-9868-57a2d4851a1d" />
    <TestEntry testId="80a94af4-7913-fd5c-01c4-b92eec2e4015" executionId="94f3d920-719a-4f6b-bf30-4a3e0301a2a1" testListId="8c84fa94-04c1-424b-9868-57a2d4851a1d" />
    <TestEntry testId="de72c0f3-fa26-9d6c-6ca7-32a0c98717f3" executionId="f805e13b-9ad5-4c9c-a882-712be22eb9d1" testListId="8c84fa94-04c1-424b-9868-57a2d4851a1d" />
    <TestEntry testId="a4f037bc-7338-9135-cfbf-a9e8758843b8" executionId="a518f937-4366-4aba-8597-63de91e9e917" testListId="8c84fa94-04c1-424b-9868-57a2d4851a1d" />
    <TestEntry testId="a590d7ab-a37d-241b-b41d-e926aae9e190" executionId="6f2a86d5-4800-4241-9777-d509d6129be2" testListId="8c84fa94-04c1-424b-9868-57a2d4851a1d" />
    <TestEntry testId="fdd256aa-95b4-4138-ef57-428d9bd57c15" executionId="53963dbf-8d07-4c75-b8e8-1e1241ee857d" testListId="8c84fa94-04c1-424b-9868-57a2d4851a1d" />
    <TestEntry testId="02a84783-afd8-9efb-6906-833a0d912242" executionId="8e6412ff-9cad-4950-a3b8-3090ea38d9f7" testListId="8c84fa94-04c1-424b-9868-57a2d4851a1d" />
    <TestEntry testId="216d7b3f-febd-5cd7-9636-60001f76e735" executionId="c2eb824e-bb4e-4370-a7ba-03c6b96e8b3b" testListId="8c84fa94-04c1-424b-9868-57a2d4851a1d" />
    <TestEntry testId="4a107ce6-33da-a97e-bc39-9415fc198e08" executionId="573805e8-aad7-4766-90b7-78f5317f5aa6" testListId="8c84fa94-04c1-424b-9868-57a2d4851a1d" />
    <TestEntry testId="3f32ff24-dbe4-5b18-602e-bcc79c03a51a" executionId="e4bf655c-7d31-4cb3-b9f4-cc0da3b7832a" testListId="8c84fa94-04c1-424b-9868-57a2d4851a1d" />
    <TestEntry testId="10b1ef9a-89d0-7820-4fdf-06d433c43486" executionId="77135f30-4b64-49c7-99e5-f4a29b151280" testListId="8c84fa94-04c1-424b-9868-57a2d4851a1d" />
    <TestEntry testId="e472ca0e-4d1f-2cb2-ae79-f619786a7e3f" executionId="0581f241-c407-414d-bead-ab756c409dd9" testListId="8c84fa94-04c1-424b-9868-57a2d4851a1d" />
    <TestEntry testId="7fe76a3a-9ac6-6844-b5f7-d4331eae2413" executionId="a80845bb-1c2d-46e4-97a0-0b1c7bda0870" testListId="8c84fa94-04c1-424b-9868-57a2d4851a1d" />
    <TestEntry testId="2eed4695-e3e7-5a59-502b-92e7e53fb8f1" executionId="d789c216-cc98-4859-a861-e65632c2647c" testListId="8c84fa94-04c1-424b-9868-57a2d4851a1d" />
    <TestEntry testId="7e338c26-7d68-229c-5870-5a210a219a3a" executionId="664af80d-e9c8-4382-bc68-1801b5bb9aca" testListId="8c84fa94-04c1-424b-9868-57a2d4851a1d" />
    <TestEntry testId="0d4e12bb-b410-10f4-ea79-224ef1ad4ec2" executionId="79178a26-d441-4ffd-8333-7856f00a19c3" testListId="8c84fa94-04c1-424b-9868-57a2d4851a1d" />
    <TestEntry testId="e72511ca-5da4-5e68-e2df-554a43fc47aa" executionId="6ca169bb-06c3-4d4d-8c58-2f1ea2eaccfa" testListId="8c84fa94-04c1-424b-9868-57a2d4851a1d" />
    <TestEntry testId="40d7657d-f657-0f30-1e57-f9b4790fea1e" executionId="3a59081d-251f-403c-a51f-7db2306da27e" testListId="8c84fa94-04c1-424b-9868-57a2d4851a1d" />
    <TestEntry testId="6f8045c6-6937-39f1-af17-4e72f663e3b7" executionId="4831175b-7e26-4c57-941f-bae7adc7a683" testListId="8c84fa94-04c1-424b-9868-57a2d4851a1d" />
    <TestEntry testId="1340ffff-d167-8c9f-1446-195b0fb1d86f" executionId="c3478591-48f2-465d-85ac-4c6eba225a34" testListId="8c84fa94-04c1-424b-9868-57a2d4851a1d" />
    <TestEntry testId="9929003c-3c0b-e178-ebdf-bba67d8898cc" executionId="68338c9e-d7c5-48b9-a85e-99ea965b2175" testListId="8c84fa94-04c1-424b-9868-57a2d4851a1d" />
    <TestEntry testId="0a00e6cb-49af-1b97-d7b2-bbdf194a8118" executionId="d5816263-96a3-47a7-9a08-42097f665556" testListId="8c84fa94-04c1-424b-9868-57a2d4851a1d" />
    <TestEntry testId="93f87e80-68d8-ef6d-e92d-98707d05f82e" executionId="3e255a49-1634-4673-9c49-9c789997f7e8" testListId="8c84fa94-04c1-424b-9868-57a2d4851a1d" />
    <TestEntry testId="8b1e5a88-d61f-8bfb-af7a-001ec194b46c" executionId="8ddf8108-2766-4340-94f1-d27f99a76ae0" testListId="8c84fa94-04c1-424b-9868-57a2d4851a1d" />
    <TestEntry testId="9f5c146e-0566-da9b-266b-e05a1f45f5d6" executionId="d9676b5d-518c-492b-93f8-8c4fcec679a7" testListId="8c84fa94-04c1-424b-9868-57a2d4851a1d" />
    <TestEntry testId="266048de-3f2b-fdbd-2e09-1b7eae8e8964" executionId="af5ee20c-892c-4bb8-8386-548b98263332" testListId="8c84fa94-04c1-424b-9868-57a2d4851a1d" />
    <TestEntry testId="4e31e5ac-795c-6664-b1e1-6987564c4e12" executionId="f4179066-297f-43d3-b0fb-fac8377d3418" testListId="8c84fa94-04c1-424b-9868-57a2d4851a1d" />
    <TestEntry testId="9c4061d1-7b4d-72a8-5d62-324df6948592" executionId="ff37643f-9b78-44f3-b1b0-58499a39a8be" testListId="8c84fa94-04c1-424b-9868-57a2d4851a1d" />
    <TestEntry testId="c92dc833-fd57-a263-2b90-5a13ee4f5081" executionId="b138db02-79de-499e-ab0a-8b96c3eaeb30" testListId="8c84fa94-04c1-424b-9868-57a2d4851a1d" />
    <TestEntry testId="0c08c2f7-584f-44de-79b5-e35ec9541cbd" executionId="5467b22d-4acc-4b72-a50f-685155b17a07" testListId="8c84fa94-04c1-424b-9868-57a2d4851a1d" />
    <TestEntry testId="2f6535a3-ca21-5a5e-d2ea-27f9db0d9635" executionId="8be2315a-0f0e-45d7-b0b2-0129d3a979e2" testListId="8c84fa94-04c1-424b-9868-57a2d4851a1d" />
    <TestEntry testId="bab73118-bcc5-733a-969d-4c306d5de5ef" executionId="c623223e-d430-4d85-ac97-fc995e302770" testListId="8c84fa94-04c1-424b-9868-57a2d4851a1d" />
    <TestEntry testId="53bedddd-9e7e-05b6-0db9-6c4d6523d66b" executionId="3bfbec0b-b6eb-45ec-88bc-0596d95fb5d7" testListId="8c84fa94-04c1-424b-9868-57a2d4851a1d" />
    <TestEntry testId="20a34a95-a426-14ac-be1a-81af3da9062a" executionId="fc165e78-c877-40e0-b791-b237f4352ce9" testListId="8c84fa94-04c1-424b-9868-57a2d4851a1d" />
    <TestEntry testId="00f90a30-6cfb-102f-2905-fe6964421a8d" executionId="9c9b8768-c5e0-45da-a935-6fb2c5f6b5c7" testListId="8c84fa94-04c1-424b-9868-57a2d4851a1d" />
    <TestEntry testId="5e00cc24-af68-8e5e-7215-9a710f60e406" executionId="acab2fb4-54b2-4e91-a3db-f287510d5794" testListId="8c84fa94-04c1-424b-9868-57a2d4851a1d" />
    <TestEntry testId="cda48384-02ec-e8bf-7f92-391e842be3cc" executionId="41ff6756-4b7a-46ac-9429-c3e0556b757e" testListId="8c84fa94-04c1-424b-9868-57a2d4851a1d" />
    <TestEntry testId="5f349e6c-e09e-70aa-e134-6073e4276708" executionId="07fc0421-2c91-4a09-9342-d59e03b58fac" testListId="8c84fa94-04c1-424b-9868-57a2d4851a1d" />
    <TestEntry testId="c093cc50-deee-4751-29ce-343ea9d35c10" executionId="0ad797db-e0fd-4c2e-8cf4-370d030db4ab" testListId="8c84fa94-04c1-424b-9868-57a2d4851a1d" />
    <TestEntry testId="d6a8afd6-4dff-6792-90e1-49cce70d3116" executionId="11af3274-24d6-455b-83b0-f93f48f073cd" testListId="8c84fa94-04c1-424b-9868-57a2d4851a1d" />
    <TestEntry testId="b7030ce1-05f2-f041-773e-ef3e29b9eb03" executionId="da8cc027-c804-4f33-b812-8855b590d78f" testListId="8c84fa94-04c1-424b-9868-57a2d4851a1d" />
    <TestEntry testId="52b06d6e-0e7b-45f1-e848-734105f0bc9a" executionId="a78a8e2c-9466-4f35-b764-7e06c0758154" testListId="8c84fa94-04c1-424b-9868-57a2d4851a1d" />
    <TestEntry testId="abe5bbbb-5c34-074f-41c7-88d40b3e23b8" executionId="f8a47a95-bf50-4743-8253-db9d277a1c24" testListId="8c84fa94-04c1-424b-9868-57a2d4851a1d" />
    <TestEntry testId="888d2b50-7b6d-6c90-d0fe-ec32083e79d4" executionId="f0cb2ba8-f54d-4174-a5c7-6dbc6982b680" testListId="8c84fa94-04c1-424b-9868-57a2d4851a1d" />
    <TestEntry testId="85ee0bd4-7821-b257-c0c8-28e38b9ba9de" executionId="b898c822-9919-4f2e-8343-e6f750a4d9b6" testListId="8c84fa94-04c1-424b-9868-57a2d4851a1d" />
    <TestEntry testId="ccef2ce7-f385-9fbf-3fdd-191327867f3d" executionId="1b260ef6-e3fb-4e5d-b1e0-c38e70df7bc5" testListId="8c84fa94-04c1-424b-9868-57a2d4851a1d" />
    <TestEntry testId="14845400-28d3-9a25-f969-c0ad7612b7de" executionId="fe98dab9-3446-470c-8cc6-dc40667c7d36" testListId="8c84fa94-04c1-424b-9868-57a2d4851a1d" />
    <TestEntry testId="93bcc1b2-e756-be48-7f05-0eed9d834711" executionId="9c8d491e-b919-4aa5-85e7-60715ec334d8" testListId="8c84fa94-04c1-424b-9868-57a2d4851a1d" />
    <TestEntry testId="e5321f6f-e5a1-6e5b-e713-11e01758bd01" executionId="a2dca388-4a39-40ce-8bfc-38c37a29d362" testListId="8c84fa94-04c1-424b-9868-57a2d4851a1d" />
    <TestEntry testId="efe067a6-c350-5edd-6794-b1c41a457952" executionId="9739de81-4887-4a75-b4dd-2ad21bb285c0" testListId="8c84fa94-04c1-424b-9868-57a2d4851a1d" />
    <TestEntry testId="51c34e63-97c0-5e10-af10-340556c65011" executionId="70d72528-b358-4582-9f76-f1f10c285e31" testListId="8c84fa94-04c1-424b-9868-57a2d4851a1d" />
    <TestEntry testId="cb3b465a-00da-a1e4-c2c6-1368be36d3e5" executionId="38ef6aa4-d834-4050-a4e9-d8351e103bdc" testListId="8c84fa94-04c1-424b-9868-57a2d4851a1d" />
    <TestEntry testId="2b6d2d98-9ff2-0efc-9085-3c305df50a78" executionId="d1d63587-681b-4b89-b0ba-e9bbca7e6bed" testListId="8c84fa94-04c1-424b-9868-57a2d4851a1d" />
    <TestEntry testId="7616251f-ba10-2865-c7c0-878cebe0f9bd" executionId="bc35a1e2-300e-435f-b0fc-e2530ef1d229" testListId="8c84fa94-04c1-424b-9868-57a2d4851a1d" />
    <TestEntry testId="795064b0-2888-68bc-0d9d-08f16c34f1ea" executionId="35699558-b8e2-4b3b-8a9e-533bd39ef810" testListId="8c84fa94-04c1-424b-9868-57a2d4851a1d" />
    <TestEntry testId="3c697a19-d738-59c1-c19c-a483654a946e" executionId="6999dd08-f0c9-4f94-aef1-bc2eb35b0eca" testListId="8c84fa94-04c1-424b-9868-57a2d4851a1d" />
    <TestEntry testId="b211dea4-7dcd-20f5-d31b-47d61cf807dd" executionId="41ccd0fd-b89b-40bc-a3a1-4bca05a9670a" testListId="8c84fa94-04c1-424b-9868-57a2d4851a1d" />
    <TestEntry testId="e624f24d-1a26-231f-cac9-67120c12c28b" executionId="a6dafcf6-544c-43c2-85e6-cacc4da1bc49" testListId="8c84fa94-04c1-424b-9868-57a2d4851a1d" />
    <TestEntry testId="40c28db5-98d0-9ac0-459d-782c32a105ab" executionId="8b3e5a2d-5364-498f-b2ea-e420039d9deb" testListId="8c84fa94-04c1-424b-9868-57a2d4851a1d" />
    <TestEntry testId="20d48984-149e-52a8-e707-e7c8d17f3d51" executionId="d14f4b11-9dc2-423c-a617-5a79c0691835" testListId="8c84fa94-04c1-424b-9868-57a2d4851a1d" />
    <TestEntry testId="c3e9fc9c-637b-6721-3c64-e57c86c03371" executionId="95e9c8d3-33f7-4eee-a9f4-7a4ead872cb8" testListId="8c84fa94-04c1-424b-9868-57a2d4851a1d" />
    <TestEntry testId="d76fce68-3bca-b1a7-0e69-ec7736a35394" executionId="6c365247-a6b8-4c4c-a612-9ded0842305b" testListId="8c84fa94-04c1-424b-9868-57a2d4851a1d" />
    <TestEntry testId="e4fcf31a-94fb-bdf3-84e1-475471212d0f" executionId="aa37565a-b492-4621-a34d-6d7ee1055204" testListId="8c84fa94-04c1-424b-9868-57a2d4851a1d" />
    <TestEntry testId="4bf0c2ec-7a7c-f8d8-6f1c-1f46f24b0af1" executionId="6e5027c4-662d-4419-8345-6b62ededffec" testListId="8c84fa94-04c1-424b-9868-57a2d4851a1d" />
    <TestEntry testId="d621bb97-a6a4-4797-ce4f-9813ccfba719" executionId="396f85f6-46de-4580-9b68-a457526f551f" testListId="8c84fa94-04c1-424b-9868-57a2d4851a1d" />
    <TestEntry testId="418cae58-aba0-b522-845a-715b8b8313eb" executionId="b2b3309b-6026-4a7e-83c8-79790eadf88d" testListId="8c84fa94-04c1-424b-9868-57a2d4851a1d" />
    <TestEntry testId="510fe505-3d5e-fa04-5438-1019c48dc099" executionId="b52fed10-5997-4cbc-93c8-2258bbef5373" testListId="8c84fa94-04c1-424b-9868-57a2d4851a1d" />
    <TestEntry testId="168ae476-6639-8347-6432-3fafc0d8f784" executionId="2c64db45-7a38-4623-8d86-b24794484a39" testListId="8c84fa94-04c1-424b-9868-57a2d4851a1d" />
    <TestEntry testId="4496488f-c883-aa7a-35a7-d9dbf4a2d3b2" executionId="3db69652-1a60-48dc-beda-8b425c6cd313" testListId="8c84fa94-04c1-424b-9868-57a2d4851a1d" />
    <TestEntry testId="8b807870-505b-71ed-7f55-1b57860f38f6" executionId="5051e5cf-e281-4d5c-9974-b8dc141e4c83" testListId="8c84fa94-04c1-424b-9868-57a2d4851a1d" />
    <TestEntry testId="df5aec0e-ef6f-cdc6-14fa-f5e50593b465" executionId="abf62902-1a1b-4aa8-b7fb-4dbf5f93a7c8" testListId="8c84fa94-04c1-424b-9868-57a2d4851a1d" />
    <TestEntry testId="f1c4230d-c873-a695-bf0b-dd9c7f8ad220" executionId="ab692ef0-9acc-40ef-b4f8-383225e4cc00" testListId="8c84fa94-04c1-424b-9868-57a2d4851a1d" />
    <TestEntry testId="0121a31e-93ae-d153-ca29-460cffa0b710" executionId="0bdc58d5-4cb7-4710-9c06-48ae8a2d9e25" testListId="8c84fa94-04c1-424b-9868-57a2d4851a1d" />
    <TestEntry testId="87640105-c887-14a1-6f10-e810209647b1" executionId="a544f6a8-8c9d-4b89-aba2-a38588f7cea7" testListId="8c84fa94-04c1-424b-9868-57a2d4851a1d" />
    <TestEntry testId="93b4d7b9-17c9-4651-e29a-009cb361e97b" executionId="3333a76c-bf73-4240-a713-7c1e5a6bc6d6" testListId="8c84fa94-04c1-424b-9868-57a2d4851a1d" />
    <TestEntry testId="668e1389-6a17-867c-cc8c-409430f2326f" executionId="4ab022db-86c6-45a2-97a0-47727e0c4bf4" testListId="8c84fa94-04c1-424b-9868-57a2d4851a1d" />
    <TestEntry testId="6fb64c30-f462-9da3-d1f6-08832453c990" executionId="7393b0e4-5ebd-4ed8-aa0b-6657641df4e0" testListId="8c84fa94-04c1-424b-9868-57a2d4851a1d" />
    <TestEntry testId="3df038af-1fe3-8eba-40c5-e3791363704f" executionId="85ccb7b0-8624-464c-a7a5-253401406caa" testListId="8c84fa94-04c1-424b-9868-57a2d4851a1d" />
    <TestEntry testId="b43e3dd0-44c9-3349-d80b-08150cc5294d" executionId="ecdf529d-283c-45fc-b301-2c19e26c1f14" testListId="8c84fa94-04c1-424b-9868-57a2d4851a1d" />
    <TestEntry testId="118c5093-dd4d-05af-5b6d-0f37c0d730c3" executionId="cb598a10-b644-40b0-80ea-fa9d59805daf" testListId="8c84fa94-04c1-424b-9868-57a2d4851a1d" />
    <TestEntry testId="be33b031-b799-d68d-9ac7-4be6a20a63bc" executionId="b0547f4a-c123-40eb-b27a-f9a00ced5b61" testListId="8c84fa94-04c1-424b-9868-57a2d4851a1d" />
    <TestEntry testId="97655ffa-dca1-a12a-5ad2-019d9211febe" executionId="e6aa0ae3-1103-47fc-b85d-f010478c0bd6" testListId="8c84fa94-04c1-424b-9868-57a2d4851a1d" />
    <TestEntry testId="19841e8f-f411-41cb-ae2b-9bc38aa5560d" executionId="cd398b60-71dd-445a-a62e-b4455a23103b" testListId="8c84fa94-04c1-424b-9868-57a2d4851a1d" />
    <TestEntry testId="6cdef057-5472-5dc2-1e24-0c140874339b" executionId="6df012b9-c22a-48bf-a0c4-5f809b693714" testListId="8c84fa94-04c1-424b-9868-57a2d4851a1d" />
    <TestEntry testId="7bcc6455-9ef8-ed52-9eb1-702e76df051d" executionId="98476733-4c8c-427f-9ff9-8428d6f79b60" testListId="8c84fa94-04c1-424b-9868-57a2d4851a1d" />
    <TestEntry testId="e1f8a3e1-d467-b8d5-d368-b35a2dff4c81" executionId="2329f32c-8a03-46f0-ba02-acbc20a29c3f" testListId="8c84fa94-04c1-424b-9868-57a2d4851a1d" />
    <TestEntry testId="20fc74fb-086b-510b-ae28-7341d9a3029b" executionId="b08e99a6-0976-42a0-980d-dee176ea2623" testListId="8c84fa94-04c1-424b-9868-57a2d4851a1d" />
    <TestEntry testId="e347da39-e3d7-9818-2827-c6fcf2b4c69d" executionId="f0cf5dad-692d-49b7-ae5e-d18a07c16ec3" testListId="8c84fa94-04c1-424b-9868-57a2d4851a1d" />
  </TestEntries>
  <TestLists>
    <TestList name="Results Not in a List" id="8c84fa94-04c1-424b-9868-57a2d4851a1d" />
    <TestList name="All Loaded Results" id="19431567-8539-422a-85d7-44ee4e166bda" />
  </TestLists>
  <ResultSummary outcome="Completed">
    <Counters total="165" executed="165" passed="165" failed="0" error="0" timeout="0" aborted="0" inconclusive="0" passedButRunAborted="0" notRunnable="0" notExecuted="0" disconnected="0" warning="0" completed="0" inProgress="0" pending="0" />
    <Output>
      <StdOut>[xUnit.net 00:00:00.00] xUnit.net VSTest Adapter v2.8.2+699d445a1a (64-bit .NET 9.0.8)&#xD;
[xUnit.net 00:00:00.13]   Discovering: WileyWidget.Tests&#xD;
[xUnit.net 00:00:00.18]   Discovered:  WileyWidget.Tests&#xD;
[xUnit.net 00:00:00.19]   Starting:    WileyWidget.Tests&#xD;
Error adding enterprise: Cannot access a disposed context instance. A common cause of this error is disposing a context instance that was resolved from dependency injection and then later trying to use the same context instance elsewhere in your application. This may occur if you are calling 'Dispose' on the context instance, or wrapping it in a using statement. If you are using dependency injection, you should let the dependency injection container take care of disposing context instances.&#xD;
Object name: 'AppDbContext'.&#xD;
[xUnit.net 00:00:01.58]   Finished:    WileyWidget.Tests&#xD;
</StdOut>
    </Output>
    <RunInfos>
      <RunInfo computerName="MCKITRICK" outcome="Warning" timestamp="2025-08-29T19:01:51.9386824-06:00">
        <Text>ExecutionThreadApartmentState option not supported for framework: .NETCoreApp,Version=v9.0.</Text>
      </RunInfo>
    </RunInfos>
    <CollectorDataEntries>
      <Collector agentName="MCKITRICK" uri="datacollector://microsoft/CodeCoverage/2.0" collectorDisplayName="Code Coverage">
        <UriAttachments>
          <UriAttachment>
            <A href="MCKITRICK\biges_MCKITRICK_2025-08-29.19_01_53.coverage"></A>
          </UriAttachment>
        </UriAttachments>
      </Collector>
    </CollectorDataEntries>
  </ResultSummary>
</TestRun>