<?xml version="1.0" encoding="utf-8"?>
<TestRun id="0ab16d5f-9731-4713-beb0-fcd21e8a04a2" name="biges@MCKITRICK 2025-08-29 19:07:30" runUser="MCKITRICK\biges" xmlns="http://microsoft.com/schemas/VisualStudio/TeamTest/2010">
  <Times creation="2025-08-29T19:07:30.5117171-06:00" queuing="2025-08-29T19:07:30.5117176-06:00" start="2025-08-29T19:07:16.4990976-06:00" finish="2025-08-29T19:09:16.5645155-06:00" />
  <TestSettings name="default" id="0d1ec4cb-52e6-4932-bac1-ecf4ae711ad7">
    <Deployment runDeploymentRoot="biges_MCKITRICK_2025-08-29_19_07_30" />
  </TestSettings>
  <Results>
    <UnitTestResult executionId="69606540-2c17-44f9-b54e-94f46a507d45" testId="3866c083-a176-cae2-61ee-b71cb6185d2b" testName="WileyWidget.UiTests.MainWindowUITests.MainWindow_LoadsWithExpectedTitle" computerName="MCKITRICK" duration="00:00:13.0029939" startTime="2025-08-29T19:07:30.4655991-06:00" endTime="2025-08-29T19:07:30.4656111-06:00" testType="13cdc9d9-ddb5-4fa4-a97d-d965ccfc6d4b" outcome="Failed" testListId="8c84fa94-04c1-424b-9868-57a2d4851a1d" relativeResultsDirectory="69606540-2c17-44f9-b54e-94f46a507d45">
      <Output>
        <ErrorInfo>
          <Message>Assert.NotNull() Failure: Value is null</Message>
          <StackTrace>   at WileyWidget.UiTests.MainWindowUITests.MainWindow_LoadsWithExpectedTitle() in c:\Users\biges\Desktop\Wiley_Widget\WileyWidget.UiTests\MainWindowUITests.cs:line 360&#xD;
   at System.RuntimeMethodHandle.InvokeMethod(Object target, Void** arguments, Signature sig, Boolean isConstructor)&#xD;
   at System.Reflection.MethodBaseInvoker.InvokeWithNoArgs(Object obj, BindingFlags invokeAttr)</StackTrace>
        </ErrorInfo>
      </Output>
    </UnitTestResult>
    <UnitTestResult executionId="b138da8b-f5d5-433f-8c18-2f20cd0bbb1d" testId="8ccd3ba8-584e-e74e-cadd-221f276c8394" testName="WileyWidget.UiTests.MainWindowUITests.MainWindow_ContainsTabControl" computerName="MCKITRICK" duration="00:00:27.8057781" startTime="2025-08-29T19:08:27.3667722-06:00" endTime="2025-08-29T19:08:27.3667723-06:00" testType="13cdc9d9-ddb5-4fa4-a97d-d965ccfc6d4b" outcome="Failed" testListId="8c84fa94-04c1-424b-9868-57a2d4851a1d" relativeResultsDirectory="b138da8b-f5d5-433f-8c18-2f20cd0bbb1d">
      <Output>
        <ErrorInfo>
          <Message>System.Exception : Failed to launch application after 3 attempts. Last error: Could not find process with id: 24360&#xD;
---- System.Exception : Could not find process with id: 24360&#xD;
-------- System.ArgumentException : Process with an Id of 24360 is not running.</Message>
          <StackTrace>   at WileyWidget.UiTests.MainWindowUITests.MainWindow_ContainsTabControl() in c:\Users\biges\Desktop\Wiley_Widget\WileyWidget.UiTests\MainWindowUITests.cs:line 658&#xD;
   at System.RuntimeMethodHandle.InvokeMethod(Object target, Void** arguments, Signature sig, Boolean isConstructor)&#xD;
   at System.Reflection.MethodBaseInvoker.InvokeWithNoArgs(Object obj, BindingFlags invokeAttr)&#xD;
----- Inner Stack Trace -----&#xD;
   at FlaUI.Core.Application.FindProcess(Int32 processId)&#xD;
   at FlaUI.Core.Application.&lt;WaitWhileMainHandleIsMissing&gt;b__33_0()&#xD;
   at FlaUI.Core.Tools.Retry.&lt;&gt;c__DisplayClass12_0.&lt;WhileTrue&gt;b__0()&#xD;
   at FlaUI.Core.Tools.Retry.While[T](Func`1 retryMethod, Func`2 checkMethod, Nullable`1 timeout, Nullable`1 interval, Boolean throwOnTimeout, Boolean ignoreException, String timeoutMessage, Boolean lastValueOnTimeout, T defaultOnTimeout)&#xD;
   at FlaUI.Core.Tools.Retry.WhileTrue(Func`1 checkMethod, Nullable`1 timeout, Nullable`1 interval, Boolean throwOnTimeout, Boolean ignoreException, String timeoutMessage)&#xD;
   at FlaUI.Core.Application.WaitWhileMainHandleIsMissing(Nullable`1 waitTimeout)&#xD;
   at FlaUI.Core.Application.GetMainWindow(AutomationBase automation, Nullable`1 waitTimeout)&#xD;
   at WileyWidget.UiTests.MainWindowUITests.MainWindow_ContainsTabControl() in c:\Users\biges\Desktop\Wiley_Widget\WileyWidget.UiTests\MainWindowUITests.cs:line 624&#xD;
----- Inner Stack Trace -----&#xD;
   at System.Diagnostics.Process.GetProcessById(Int32 processId, String machineName)&#xD;
   at FlaUI.Core.Application.FindProcess(Int32 processId)</StackTrace>
        </ErrorInfo>
      </Output>
    </UnitTestResult>
    <UnitTestResult executionId="2adfaa91-7310-4e53-84a8-a5d7c09ff0ff" testId="fba49196-ded9-4235-7a6e-d8bc3d32b0fa" testName="WileyWidget.UiTests.MainWindowUITests.MainWindow_CanBeLaunched" computerName="MCKITRICK" duration="00:00:00.0010000" startTime="2025-08-29T19:08:40.7508410-06:00" endTime="2025-08-29T19:08:40.7508412-06:00" testType="13cdc9d9-ddb5-4fa4-a97d-d965ccfc6d4b" outcome="NotExecuted" testListId="8c84fa94-04c1-424b-9868-57a2d4851a1d" relativeResultsDirectory="2adfaa91-7310-4e53-84a8-a5d7c09ff0ff">
      <Output>
        <ErrorInfo>
          <Message>Requires application to be built and available</Message>
        </ErrorInfo>
      </Output>
    </UnitTestResult>
    <UnitTestResult executionId="213b6a40-4997-4266-8fe9-9ce9a2db3348" testId="4e09d0f0-d0e3-ce1a-54bc-44a73be06ad0" testName="WileyWidget.UiTests.MainWindowUITests.Application_CanBeLaunchedFromTestEnvironment" computerName="MCKITRICK" duration="00:00:13.3780349" startTime="2025-08-29T19:08:40.7493006-06:00" endTime="2025-08-29T19:08:40.7493010-06:00" testType="13cdc9d9-ddb5-4fa4-a97d-d965ccfc6d4b" outcome="Failed" testListId="8c84fa94-04c1-424b-9868-57a2d4851a1d" relativeResultsDirectory="213b6a40-4997-4266-8fe9-9ce9a2db3348">
      <Output>
        <ErrorInfo>
          <Message>Assert.NotNull() Failure: Value is null</Message>
          <StackTrace>   at WileyWidget.UiTests.MainWindowUITests.Application_CanBeLaunchedFromTestEnvironment() in c:\Users\biges\Desktop\Wiley_Widget\WileyWidget.UiTests\MainWindowUITests.cs:line 274&#xD;
   at System.RuntimeMethodHandle.InvokeMethod(Object target, Void** arguments, Signature sig, Boolean isConstructor)&#xD;
   at System.Reflection.MethodBaseInvoker.InvokeWithNoArgs(Object obj, BindingFlags invokeAttr)</StackTrace>
        </ErrorInfo>
      </Output>
    </UnitTestResult>
    <UnitTestResult executionId="a31849ff-0e20-4582-8e6a-8fcbf9c9120d" testId="9daec5f3-5b2a-58a6-e44e-972fdbc203a3" testName="WileyWidget.UiTests.MainWindowUITests.MainWindow_HasExpectedUIElements" computerName="MCKITRICK" duration="00:00:00.0010000" startTime="2025-08-29T19:07:59.5575403-06:00" endTime="2025-08-29T19:07:59.5575407-06:00" testType="13cdc9d9-ddb5-4fa4-a97d-d965ccfc6d4b" outcome="NotExecuted" testListId="8c84fa94-04c1-424b-9868-57a2d4851a1d" relativeResultsDirectory="a31849ff-0e20-4582-8e6a-8fcbf9c9120d">
      <Output>
        <ErrorInfo>
          <Message>Requires application to be built and available</Message>
        </ErrorInfo>
      </Output>
    </UnitTestResult>
    <UnitTestResult executionId="914b109f-11aa-4c49-a6a1-420a5646f1b7" testId="b784be1b-b728-44f4-8e70-095fc6250191" testName="WileyWidget.UiTests.MainWindowUITests.MainWindow_ContainsRibbonInterface" computerName="MCKITRICK" duration="00:00:28.9863203" startTime="2025-08-29T19:07:59.5529164-06:00" endTime="2025-08-29T19:07:59.5529168-06:00" testType="13cdc9d9-ddb5-4fa4-a97d-d965ccfc6d4b" outcome="Failed" testListId="8c84fa94-04c1-424b-9868-57a2d4851a1d" relativeResultsDirectory="914b109f-11aa-4c49-a6a1-420a5646f1b7">
      <Output>
        <ErrorInfo>
          <Message>System.Exception : Failed to launch application after 3 attempts. Last error: Could not find process with id: 31312&#xD;
---- System.Exception : Could not find process with id: 31312&#xD;
-------- System.ArgumentException : Process with an Id of 31312 is not running.</Message>
          <StackTrace>   at WileyWidget.UiTests.MainWindowUITests.MainWindow_ContainsRibbonInterface() in c:\Users\biges\Desktop\Wiley_Widget\WileyWidget.UiTests\MainWindowUITests.cs:line 551&#xD;
   at System.RuntimeMethodHandle.InvokeMethod(Object target, Void** arguments, Signature sig, Boolean isConstructor)&#xD;
   at System.Reflection.MethodBaseInvoker.InvokeWithNoArgs(Object obj, BindingFlags invokeAttr)&#xD;
----- Inner Stack Trace -----&#xD;
   at FlaUI.Core.Application.FindProcess(Int32 processId)&#xD;
   at FlaUI.Core.Application.&lt;WaitWhileMainHandleIsMissing&gt;b__33_0()&#xD;
   at FlaUI.Core.Tools.Retry.&lt;&gt;c__DisplayClass12_0.&lt;WhileTrue&gt;b__0()&#xD;
   at FlaUI.Core.Tools.Retry.While[T](Func`1 retryMethod, Func`2 checkMethod, Nullable`1 timeout, Nullable`1 interval, Boolean throwOnTimeout, Boolean ignoreException, String timeoutMessage, Boolean lastValueOnTimeout, T defaultOnTimeout)&#xD;
   at FlaUI.Core.Tools.Retry.WhileTrue(Func`1 checkMethod, Nullable`1 timeout, Nullable`1 interval, Boolean throwOnTimeout, Boolean ignoreException, String timeoutMessage)&#xD;
   at FlaUI.Core.Application.WaitWhileMainHandleIsMissing(Nullable`1 waitTimeout)&#xD;
   at FlaUI.Core.Application.GetMainWindow(AutomationBase automation, Nullable`1 waitTimeout)&#xD;
   at WileyWidget.UiTests.MainWindowUITests.MainWindow_ContainsRibbonInterface() in c:\Users\biges\Desktop\Wiley_Widget\WileyWidget.UiTests\MainWindowUITests.cs:line 517&#xD;
----- Inner Stack Trace -----&#xD;
   at System.Diagnostics.Process.GetProcessById(Int32 processId, String machineName)&#xD;
   at FlaUI.Core.Application.FindProcess(Int32 processId)</StackTrace>
        </ErrorInfo>
      </Output>
    </UnitTestResult>
    <UnitTestResult executionId="6ccf99d1-9942-440a-9a36-ca0c8056d9ad" testId="2069c557-3fbb-0610-bc33-93106cab9382" testName="WileyWidget.UiTests.MainWindowUITests.UI_Automation_CanEnumerateDesktopWindows" computerName="MCKITRICK" duration="00:00:00.0761371" startTime="2025-08-29T19:07:30.5638378-06:00" endTime="2025-08-29T19:07:30.5638380-06:00" testType="13cdc9d9-ddb5-4fa4-a97d-d965ccfc6d4b" outcome="Passed" testListId="8c84fa94-04c1-424b-9868-57a2d4851a1d" relativeResultsDirectory="6ccf99d1-9942-440a-9a36-ca0c8056d9ad" />
    <UnitTestResult executionId="bd81a80e-89d1-4a80-b838-d2f5a1e79174" testId="c573233b-408e-6660-ac37-3cc6b7d50246" testName="WileyWidget.UiTests.MainWindowUITests.UI_Framework_Compatibility_Check" computerName="MCKITRICK" duration="00:00:00.0007660" startTime="2025-08-29T19:07:59.5556492-06:00" endTime="2025-08-29T19:07:59.5556494-06:00" testType="13cdc9d9-ddb5-4fa4-a97d-d965ccfc6d4b" outcome="Passed" testListId="8c84fa94-04c1-424b-9868-57a2d4851a1d" relativeResultsDirectory="bd81a80e-89d1-4a80-b838-d2f5a1e79174" />
    <UnitTestResult executionId="2d2d8562-0c7e-4c61-9b1d-2b368dce71cc" testId="be565b50-8d83-c276-947d-d5d13795c237" testName="WileyWidget.UiTests.MainWindowUITests.UI_Test_Framework_IsConfigured" computerName="MCKITRICK" duration="00:00:00.0015643" startTime="2025-08-29T19:08:27.3688193-06:00" endTime="2025-08-29T19:08:27.3688199-06:00" testType="13cdc9d9-ddb5-4fa4-a97d-d965ccfc6d4b" outcome="Passed" testListId="8c84fa94-04c1-424b-9868-57a2d4851a1d" relativeResultsDirectory="2d2d8562-0c7e-4c61-9b1d-2b368dce71cc" />
    <UnitTestResult executionId="03493ee2-e2d4-47c5-8041-c44b9a06d9f0" testId="848d400a-3297-38f8-3511-ef5fc9699422" testName="WileyWidget.UiTests.MainWindowUITests.UI_Test_Environment_IsReady" computerName="MCKITRICK" duration="00:00:00.0008159" startTime="2025-08-29T19:07:59.5595181-06:00" endTime="2025-08-29T19:07:59.5595183-06:00" testType="13cdc9d9-ddb5-4fa4-a97d-d965ccfc6d4b" outcome="Passed" testListId="8c84fa94-04c1-424b-9868-57a2d4851a1d" relativeResultsDirectory="03493ee2-e2d4-47c5-8041-c44b9a06d9f0" />
    <UnitTestResult executionId="36d329a4-cbf8-4344-b5d6-7c7aaa3f9847" testId="f6d5f5bb-05c6-918d-ca59-9e31473e5112" testName="WileyWidget.UiTests.MainWindowUITests.MainWindow_HasExpectedDimensions" computerName="MCKITRICK" duration="00:00:15.0264823" startTime="2025-08-29T19:08:55.7786470-06:00" endTime="2025-08-29T19:08:55.7786475-06:00" testType="13cdc9d9-ddb5-4fa4-a97d-d965ccfc6d4b" outcome="Failed" testListId="8c84fa94-04c1-424b-9868-57a2d4851a1d" relativeResultsDirectory="36d329a4-cbf8-4344-b5d6-7c7aaa3f9847">
      <Output>
        <ErrorInfo>
          <Message>Assert.NotNull() Failure: Value is null</Message>
          <StackTrace>   at WileyWidget.UiTests.MainWindowUITests.MainWindow_HasExpectedDimensions() in c:\Users\biges\Desktop\Wiley_Widget\WileyWidget.UiTests\MainWindowUITests.cs:line 446&#xD;
   at System.RuntimeMethodHandle.InvokeMethod(Object target, Void** arguments, Signature sig, Boolean isConstructor)&#xD;
   at System.Reflection.MethodBaseInvoker.InvokeWithNoArgs(Object obj, BindingFlags invokeAttr)</StackTrace>
        </ErrorInfo>
      </Output>
    </UnitTestResult>
  </Results>
  <TestDefinitions>
    <UnitTest name="WileyWidget.UiTests.MainWindowUITests.UI_Test_Framework_IsConfigured" storage="c:\users\biges\desktop\wiley_widget\wileywidget.uitests\bin\debug\net9.0-windows\wileywidget.uitests.dll" id="be565b50-8d83-c276-947d-d5d13795c237">
      <Execution id="2d2d8562-0c7e-4c61-9b1d-2b368dce71cc" />
      <TestMethod codeBase="c:\Users\biges\Desktop\Wiley_Widget\WileyWidget.UiTests\bin\Debug\net9.0-windows\WileyWidget.UiTests.dll" adapterTypeName="executor://xunit/VsTestRunner2/netcoreapp" className="WileyWidget.UiTests.MainWindowUITests" name="UI_Test_Framework_IsConfigured" />
    </UnitTest>
    <UnitTest name="WileyWidget.UiTests.MainWindowUITests.MainWindow_ContainsTabControl" storage="c:\users\biges\desktop\wiley_widget\wileywidget.uitests\bin\debug\net9.0-windows\wileywidget.uitests.dll" id="8ccd3ba8-584e-e74e-cadd-221f276c8394">
      <Execution id="b138da8b-f5d5-433f-8c18-2f20cd0bbb1d" />
      <TestMethod codeBase="c:\Users\biges\Desktop\Wiley_Widget\WileyWidget.UiTests\bin\Debug\net9.0-windows\WileyWidget.UiTests.dll" adapterTypeName="executor://xunit/VsTestRunner2/netcoreapp" className="WileyWidget.UiTests.MainWindowUITests" name="MainWindow_ContainsTabControl" />
    </UnitTest>
    <UnitTest name="WileyWidget.UiTests.MainWindowUITests.MainWindow_CanBeLaunched" storage="c:\users\biges\desktop\wiley_widget\wileywidget.uitests\bin\debug\net9.0-windows\wileywidget.uitests.dll" id="fba49196-ded9-4235-7a6e-d8bc3d32b0fa">
      <Execution id="2adfaa91-7310-4e53-84a8-a5d7c09ff0ff" />
      <TestMethod codeBase="c:\Users\biges\Desktop\Wiley_Widget\WileyWidget.UiTests\bin\Debug\net9.0-windows\WileyWidget.UiTests.dll" adapterTypeName="executor://xunit/VsTestRunner2/netcoreapp" className="WileyWidget.UiTests.MainWindowUITests" name="MainWindow_CanBeLaunched" />
    </UnitTest>
    <UnitTest name="WileyWidget.UiTests.MainWindowUITests.MainWindow_HasExpectedDimensions" storage="c:\users\biges\desktop\wiley_widget\wileywidget.uitests\bin\debug\net9.0-windows\wileywidget.uitests.dll" id="f6d5f5bb-05c6-918d-ca59-9e31473e5112">
      <Execution id="36d329a4-cbf8-4344-b5d6-7c7aaa3f9847" />
      <TestMethod codeBase="c:\Users\biges\Desktop\Wiley_Widget\WileyWidget.UiTests\bin\Debug\net9.0-windows\WileyWidget.UiTests.dll" adapterTypeName="executor://xunit/VsTestRunner2/netcoreapp" className="WileyWidget.UiTests.MainWindowUITests" name="MainWindow_HasExpectedDimensions" />
    </UnitTest>
    <UnitTest name="WileyWidget.UiTests.MainWindowUITests.UI_Test_Environment_IsReady" storage="c:\users\biges\desktop\wiley_widget\wileywidget.uitests\bin\debug\net9.0-windows\wileywidget.uitests.dll" id="848d400a-3297-38f8-3511-ef5fc9699422">
      <Execution id="03493ee2-e2d4-47c5-8041-c44b9a06d9f0" />
      <TestMethod codeBase="c:\Users\biges\Desktop\Wiley_Widget\WileyWidget.UiTests\bin\Debug\net9.0-windows\WileyWidget.UiTests.dll" adapterTypeName="executor://xunit/VsTestRunner2/netcoreapp" className="WileyWidget.UiTests.MainWindowUITests" name="UI_Test_Environment_IsReady" />
    </UnitTest>
    <UnitTest name="WileyWidget.UiTests.MainWindowUITests.MainWindow_HasExpectedUIElements" storage="c:\users\biges\desktop\wiley_widget\wileywidget.uitests\bin\debug\net9.0-windows\wileywidget.uitests.dll" id="9daec5f3-5b2a-58a6-e44e-972fdbc203a3">
      <Execution id="a31849ff-0e20-4582-8e6a-8fcbf9c9120d" />
      <TestMethod codeBase="c:\Users\biges\Desktop\Wiley_Widget\WileyWidget.UiTests\bin\Debug\net9.0-windows\WileyWidget.UiTests.dll" adapterTypeName="executor://xunit/VsTestRunner2/netcoreapp" className="WileyWidget.UiTests.MainWindowUITests" name="MainWindow_HasExpectedUIElements" />
    </UnitTest>
    <UnitTest name="WileyWidget.UiTests.MainWindowUITests.Application_CanBeLaunchedFromTestEnvironment" storage="c:\users\biges\desktop\wiley_widget\wileywidget.uitests\bin\debug\net9.0-windows\wileywidget.uitests.dll" id="4e09d0f0-d0e3-ce1a-54bc-44a73be06ad0">
      <Execution id="213b6a40-4997-4266-8fe9-9ce9a2db3348" />
      <TestMethod codeBase="c:\Users\biges\Desktop\Wiley_Widget\WileyWidget.UiTests\bin\Debug\net9.0-windows\WileyWidget.UiTests.dll" adapterTypeName="executor://xunit/VsTestRunner2/netcoreapp" className="WileyWidget.UiTests.MainWindowUITests" name="Application_CanBeLaunchedFromTestEnvironment" />
    </UnitTest>
    <UnitTest name="WileyWidget.UiTests.MainWindowUITests.MainWindow_ContainsRibbonInterface" storage="c:\users\biges\desktop\wiley_widget\wileywidget.uitests\bin\debug\net9.0-windows\wileywidget.uitests.dll" id="b784be1b-b728-44f4-8e70-095fc6250191">
      <Execution id="914b109f-11aa-4c49-a6a1-420a5646f1b7" />
      <TestMethod codeBase="c:\Users\biges\Desktop\Wiley_Widget\WileyWidget.UiTests\bin\Debug\net9.0-windows\WileyWidget.UiTests.dll" adapterTypeName="executor://xunit/VsTestRunner2/netcoreapp" className="WileyWidget.UiTests.MainWindowUITests" name="MainWindow_ContainsRibbonInterface" />
    </UnitTest>
    <UnitTest name="WileyWidget.UiTests.MainWindowUITests.UI_Framework_Compatibility_Check" storage="c:\users\biges\desktop\wiley_widget\wileywidget.uitests\bin\debug\net9.0-windows\wileywidget.uitests.dll" id="c573233b-408e-6660-ac37-3cc6b7d50246">
      <Execution id="bd81a80e-89d1-4a80-b838-d2f5a1e79174" />
      <TestMethod codeBase="c:\Users\biges\Desktop\Wiley_Widget\WileyWidget.UiTests\bin\Debug\net9.0-windows\WileyWidget.UiTests.dll" adapterTypeName="executor://xunit/VsTestRunner2/netcoreapp" className="WileyWidget.UiTests.MainWindowUITests" name="UI_Framework_Compatibility_Check" />
    </UnitTest>
    <UnitTest name="WileyWidget.UiTests.MainWindowUITests.MainWindow_LoadsWithExpectedTitle" storage="c:\users\biges\desktop\wiley_widget\wileywidget.uitests\bin\debug\net9.0-windows\wileywidget.uitests.dll" id="3866c083-a176-cae2-61ee-b71cb6185d2b">
      <Execution id="69606540-2c17-44f9-b54e-94f46a507d45" />
      <TestMethod codeBase="c:\Users\biges\Desktop\Wiley_Widget\WileyWidget.UiTests\bin\Debug\net9.0-windows\WileyWidget.UiTests.dll" adapterTypeName="executor://xunit/VsTestRunner2/netcoreapp" className="WileyWidget.UiTests.MainWindowUITests" name="MainWindow_LoadsWithExpectedTitle" />
    </UnitTest>
    <UnitTest name="WileyWidget.UiTests.MainWindowUITests.UI_Automation_CanEnumerateDesktopWindows" storage="c:\users\biges\desktop\wiley_widget\wileywidget.uitests\bin\debug\net9.0-windows\wileywidget.uitests.dll" id="2069c557-3fbb-0610-bc33-93106cab9382">
      <Execution id="6ccf99d1-9942-440a-9a36-ca0c8056d9ad" />
      <TestMethod codeBase="c:\Users\biges\Desktop\Wiley_Widget\WileyWidget.UiTests\bin\Debug\net9.0-windows\WileyWidget.UiTests.dll" adapterTypeName="executor://xunit/VsTestRunner2/netcoreapp" className="WileyWidget.UiTests.MainWindowUITests" name="UI_Automation_CanEnumerateDesktopWindows" />
    </UnitTest>
  </TestDefinitions>
  <TestEntries>
    <TestEntry testId="3866c083-a176-cae2-61ee-b71cb6185d2b" executionId="69606540-2c17-44f9-b54e-94f46a507d45" testListId="8c84fa94-04c1-424b-9868-57a2d4851a1d" />
    <TestEntry testId="8ccd3ba8-584e-e74e-cadd-221f276c8394" executionId="b138da8b-f5d5-433f-8c18-2f20cd0bbb1d" testListId="8c84fa94-04c1-424b-9868-57a2d4851a1d" />
    <TestEntry testId="fba49196-ded9-4235-7a6e-d8bc3d32b0fa" executionId="2adfaa91-7310-4e53-84a8-a5d7c09ff0ff" testListId="8c84fa94-04c1-424b-9868-57a2d4851a1d" />
    <TestEntry testId="4e09d0f0-d0e3-ce1a-54bc-44a73be06ad0" executionId="213b6a40-4997-4266-8fe9-9ce9a2db3348" testListId="8c84fa94-04c1-424b-9868-57a2d4851a1d" />
    <TestEntry testId="9daec5f3-5b2a-58a6-e44e-972fdbc203a3" executionId="a31849ff-0e20-4582-8e6a-8fcbf9c9120d" testListId="8c84fa94-04c1-424b-9868-57a2d4851a1d" />
    <TestEntry testId="b784be1b-b728-44f4-8e70-095fc6250191" executionId="914b109f-11aa-4c49-a6a1-420a5646f1b7" testListId="8c84fa94-04c1-424b-9868-57a2d4851a1d" />
    <TestEntry testId="2069c557-3fbb-0610-bc33-93106cab9382" executionId="6ccf99d1-9942-440a-9a36-ca0c8056d9ad" testListId="8c84fa94-04c1-424b-9868-57a2d4851a1d" />
    <TestEntry testId="c573233b-408e-6660-ac37-3cc6b7d50246" executionId="bd81a80e-89d1-4a80-b838-d2f5a1e79174" testListId="8c84fa94-04c1-424b-9868-57a2d4851a1d" />
    <TestEntry testId="be565b50-8d83-c276-947d-d5d13795c237" executionId="2d2d8562-0c7e-4c61-9b1d-2b368dce71cc" testListId="8c84fa94-04c1-424b-9868-57a2d4851a1d" />
    <TestEntry testId="848d400a-3297-38f8-3511-ef5fc9699422" executionId="03493ee2-e2d4-47c5-8041-c44b9a06d9f0" testListId="8c84fa94-04c1-424b-9868-57a2d4851a1d" />
    <TestEntry testId="f6d5f5bb-05c6-918d-ca59-9e31473e5112" executionId="36d329a4-cbf8-4344-b5d6-7c7aaa3f9847" testListId="8c84fa94-04c1-424b-9868-57a2d4851a1d" />
  </TestEntries>
  <TestLists>
    <TestList name="Results Not in a List" id="8c84fa94-04c1-424b-9868-57a2d4851a1d" />
    <TestList name="All Loaded Results" id="19431567-8539-422a-85d7-44ee4e166bda" />
  </TestLists>
  <ResultSummary outcome="Failed">
    <Counters total="11" executed="9" passed="4" failed="5" error="0" timeout="0" aborted="0" inconclusive="0" passedButRunAborted="0" notRunnable="0" notExecuted="0" disconnected="0" warning="0" completed="0" inProgress="0" pending="0" />
    <Output>
      <StdOut>[xUnit.net 00:00:00.00] xUnit.net VSTest Adapter v2.8.2+699d445a1a (64-bit .NET 9.0.8)&#xD;
[xUnit.net 00:00:00.09]   Discovering: WileyWidget.UiTests&#xD;
[xUnit.net 00:00:00.12]   Discovered:  WileyWidget.UiTests&#xD;
[xUnit.net 00:00:00.12]   Starting:    WileyWidget.UiTests&#xD;
[xUnit.net 00:00:13.18]       Assert.NotNull() Failure: Value is null&#xD;
[xUnit.net 00:00:13.18]       Stack Trace:&#xD;
[xUnit.net 00:00:13.18]         c:\Users\biges\Desktop\Wiley_Widget\WileyWidget.UiTests\MainWindowUITests.cs(360,0): at WileyWidget.UiTests.MainWindowUITests.MainWindow_LoadsWithExpectedTitle()&#xD;
[xUnit.net 00:00:13.18]            at System.RuntimeMethodHandle.InvokeMethod(Object target, Void** arguments, Signature sig, Boolean isConstructor)&#xD;
[xUnit.net 00:00:13.18]            at System.Reflection.MethodBaseInvoker.InvokeWithNoArgs(Object obj, BindingFlags invokeAttr)&#xD;
[xUnit.net 00:00:42.27]       System.Exception : Failed to launch application after 3 attempts. Last error: Could not find process with id: 31312&#xD;
[xUnit.net 00:00:42.27]       ---- System.Exception : Could not find process with id: 31312&#xD;
[xUnit.net 00:00:42.27]       -------- System.ArgumentException : Process with an Id of 31312 is not running.&#xD;
[xUnit.net 00:00:42.27]       Stack Trace:&#xD;
[xUnit.net 00:00:42.27]         c:\Users\biges\Desktop\Wiley_Widget\WileyWidget.UiTests\MainWindowUITests.cs(551,0): at WileyWidget.UiTests.MainWindowUITests.MainWindow_ContainsRibbonInterface()&#xD;
[xUnit.net 00:00:42.27]            at System.RuntimeMethodHandle.InvokeMethod(Object target, Void** arguments, Signature sig, Boolean isConstructor)&#xD;
[xUnit.net 00:00:42.27]            at System.Reflection.MethodBaseInvoker.InvokeWithNoArgs(Object obj, BindingFlags invokeAttr)&#xD;
[xUnit.net 00:00:42.27]         ----- Inner Stack Trace -----&#xD;
[xUnit.net 00:00:42.27]            at FlaUI.Core.Application.FindProcess(Int32 processId)&#xD;
[xUnit.net 00:00:42.27]            at FlaUI.Core.Application.&lt;WaitWhileMainHandleIsMissing&gt;b__33_0()&#xD;
[xUnit.net 00:00:42.27]            at FlaUI.Core.Tools.Retry.&lt;&gt;c__DisplayClass12_0.&lt;WhileTrue&gt;b__0()&#xD;
[xUnit.net 00:00:42.27]            at FlaUI.Core.Tools.Retry.While[T](Func`1 retryMethod, Func`2 checkMethod, Nullable`1 timeout, Nullable`1 interval, Boolean throwOnTimeout, Boolean ignoreException, String timeoutMessage, Boolean lastValueOnTimeout, T defaultOnTimeout)&#xD;
[xUnit.net 00:00:42.27]            at FlaUI.Core.Tools.Retry.WhileTrue(Func`1 checkMethod, Nullable`1 timeout, Nullable`1 interval, Boolean throwOnTimeout, Boolean ignoreException, String timeoutMessage)&#xD;
[xUnit.net 00:00:42.27]            at FlaUI.Core.Application.WaitWhileMainHandleIsMissing(Nullable`1 waitTimeout)&#xD;
[xUnit.net 00:00:42.27]            at FlaUI.Core.Application.GetMainWindow(AutomationBase automation, Nullable`1 waitTimeout)&#xD;
[xUnit.net 00:00:42.27]         c:\Users\biges\Desktop\Wiley_Widget\WileyWidget.UiTests\MainWindowUITests.cs(517,0): at WileyWidget.UiTests.MainWindowUITests.MainWindow_ContainsRibbonInterface()&#xD;
[xUnit.net 00:00:42.27]         ----- Inner Stack Trace -----&#xD;
[xUnit.net 00:00:42.27]            at System.Diagnostics.Process.GetProcessById(Int32 processId, String machineName)&#xD;
[xUnit.net 00:00:42.27]            at FlaUI.Core.Application.FindProcess(Int32 processId)&#xD;
[xUnit.net 00:00:42.27]       Requires application to be built and available&#xD;
Test 'WileyWidget.UiTests.MainWindowUITests.MainWindow_HasExpectedUIElements' was skipped in the test run.&#xD;
[xUnit.net 00:01:10.08]       System.Exception : Failed to launch application after 3 attempts. Last error: Could not find process with id: 24360&#xD;
[xUnit.net 00:01:10.08]       ---- System.Exception : Could not find process with id: 24360&#xD;
[xUnit.net 00:01:10.08]       -------- System.ArgumentException : Process with an Id of 24360 is not running.&#xD;
[xUnit.net 00:01:10.08]       Stack Trace:&#xD;
[xUnit.net 00:01:10.08]         c:\Users\biges\Desktop\Wiley_Widget\WileyWidget.UiTests\MainWindowUITests.cs(658,0): at WileyWidget.UiTests.MainWindowUITests.MainWindow_ContainsTabControl()&#xD;
[xUnit.net 00:01:10.08]            at System.RuntimeMethodHandle.InvokeMethod(Object target, Void** arguments, Signature sig, Boolean isConstructor)&#xD;
[xUnit.net 00:01:10.08]            at System.Reflection.MethodBaseInvoker.InvokeWithNoArgs(Object obj, BindingFlags invokeAttr)&#xD;
[xUnit.net 00:01:10.08]         ----- Inner Stack Trace -----&#xD;
[xUnit.net 00:01:10.08]            at FlaUI.Core.Application.FindProcess(Int32 processId)&#xD;
[xUnit.net 00:01:10.08]            at FlaUI.Core.Application.&lt;WaitWhileMainHandleIsMissing&gt;b__33_0()&#xD;
[xUnit.net 00:01:10.08]            at FlaUI.Core.Tools.Retry.&lt;&gt;c__DisplayClass12_0.&lt;WhileTrue&gt;b__0()&#xD;
[xUnit.net 00:01:10.08]            at FlaUI.Core.Tools.Retry.While[T](Func`1 retryMethod, Func`2 checkMethod, Nullable`1 timeout, Nullable`1 interval, Boolean throwOnTimeout, Boolean ignoreException, String timeoutMessage, Boolean lastValueOnTimeout, T defaultOnTimeout)&#xD;
[xUnit.net 00:01:10.08]            at FlaUI.Core.Tools.Retry.WhileTrue(Func`1 checkMethod, Nullable`1 timeout, Nullable`1 interval, Boolean throwOnTimeout, Boolean ignoreException, String timeoutMessage)&#xD;
[xUnit.net 00:01:10.08]            at FlaUI.Core.Application.WaitWhileMainHandleIsMissing(Nullable`1 waitTimeout)&#xD;
[xUnit.net 00:01:10.08]            at FlaUI.Core.Application.GetMainWindow(AutomationBase automation, Nullable`1 waitTimeout)&#xD;
[xUnit.net 00:01:10.08]         c:\Users\biges\Desktop\Wiley_Widget\WileyWidget.UiTests\MainWindowUITests.cs(624,0): at WileyWidget.UiTests.MainWindowUITests.MainWindow_ContainsTabControl()&#xD;
[xUnit.net 00:01:10.08]         ----- Inner Stack Trace -----&#xD;
[xUnit.net 00:01:10.08]            at System.Diagnostics.Process.GetProcessById(Int32 processId, String machineName)&#xD;
[xUnit.net 00:01:10.08]            at FlaUI.Core.Application.FindProcess(Int32 processId)&#xD;
[xUnit.net 00:01:23.46]       Assert.NotNull() Failure: Value is null&#xD;
[xUnit.net 00:01:23.46]       Stack Trace:&#xD;
[xUnit.net 00:01:23.46]         c:\Users\biges\Desktop\Wiley_Widget\WileyWidget.UiTests\MainWindowUITests.cs(274,0): at WileyWidget.UiTests.MainWindowUITests.Application_CanBeLaunchedFromTestEnvironment()&#xD;
[xUnit.net 00:01:23.46]            at System.RuntimeMethodHandle.InvokeMethod(Object target, Void** arguments, Signature sig, Boolean isConstructor)&#xD;
[xUnit.net 00:01:23.46]            at System.Reflection.MethodBaseInvoker.InvokeWithNoArgs(Object obj, BindingFlags invokeAttr)&#xD;
[xUnit.net 00:01:23.47]       Requires application to be built and available&#xD;
Test 'WileyWidget.UiTests.MainWindowUITests.MainWindow_CanBeLaunched' was skipped in the test run.&#xD;
[xUnit.net 00:01:38.49]       Assert.NotNull() Failure: Value is null&#xD;
[xUnit.net 00:01:38.49]       Stack Trace:&#xD;
[xUnit.net 00:01:38.49]         c:\Users\biges\Desktop\Wiley_Widget\WileyWidget.UiTests\MainWindowUITests.cs(446,0): at WileyWidget.UiTests.MainWindowUITests.MainWindow_HasExpectedDimensions()&#xD;
[xUnit.net 00:01:38.49]            at System.RuntimeMethodHandle.InvokeMethod(Object target, Void** arguments, Signature sig, Boolean isConstructor)&#xD;
[xUnit.net 00:01:38.49]            at System.Reflection.MethodBaseInvoker.InvokeWithNoArgs(Object obj, BindingFlags invokeAttr)&#xD;
</StdOut>
    </Output>
    <RunInfos>
      <RunInfo computerName="MCKITRICK" outcome="Warning" timestamp="2025-08-29T19:07:17.2779642-06:00">
        <Text>ExecutionThreadApartmentState option not supported for framework: .NETCoreApp,Version=v9.0.</Text>
      </RunInfo>
      <RunInfo computerName="MCKITRICK" outcome="Error" timestamp="2025-08-29T19:07:30.4642080-06:00">
        <Text>[xUnit.net 00:00:13.18]     WileyWidget.UiTests.MainWindowUITests.MainWindow_LoadsWithExpectedTitle [FAIL]</Text>
      </RunInfo>
      <RunInfo computerName="MCKITRICK" outcome="Error" timestamp="2025-08-29T19:07:59.5528501-06:00">
        <Text>[xUnit.net 00:00:42.27]     WileyWidget.UiTests.MainWindowUITests.MainWindow_ContainsRibbonInterface [FAIL]</Text>
      </RunInfo>
      <RunInfo computerName="MCKITRICK" outcome="Warning" timestamp="2025-08-29T19:07:59.5569214-06:00">
        <Text>[xUnit.net 00:00:42.27]     WileyWidget.UiTests.MainWindowUITests.MainWindow_HasExpectedUIElements [SKIP]</Text>
      </RunInfo>
      <RunInfo computerName="MCKITRICK" outcome="Error" timestamp="2025-08-29T19:08:27.3667445-06:00">
        <Text>[xUnit.net 00:01:10.08]     WileyWidget.UiTests.MainWindowUITests.MainWindow_ContainsTabControl [FAIL]</Text>
      </RunInfo>
      <RunInfo computerName="MCKITRICK" outcome="Error" timestamp="2025-08-29T19:08:40.7495927-06:00">
        <Text>[xUnit.net 00:01:23.46]     WileyWidget.UiTests.MainWindowUITests.Application_CanBeLaunchedFromTestEnvironment [FAIL]</Text>
      </RunInfo>
      <RunInfo computerName="MCKITRICK" outcome="Warning" timestamp="2025-08-29T19:08:40.7524055-06:00">
        <Text>[xUnit.net 00:01:23.47]     WileyWidget.UiTests.MainWindowUITests.MainWindow_CanBeLaunched [SKIP]</Text>
      </RunInfo>
      <RunInfo computerName="MCKITRICK" outcome="Error" timestamp="2025-08-29T19:08:55.7789760-06:00">
        <Text>[xUnit.net 00:01:38.49]     WileyWidget.UiTests.MainWindowUITests.MainWindow_HasExpectedDimensions [FAIL]</Text>
      </RunInfo>
      <RunInfo computerName="MCKITRICK" outcome="Error" timestamp="2025-08-29T19:09:16.5240865-06:00">
        <Text>Aborting test run: test run timeout of 120000 milliseconds exceeded.</Text>
      </RunInfo>
    </RunInfos>
  </ResultSummary>
</TestRun>