<?xml version="1.0" encoding="utf-8"?>
<TestRun id="86632c96-8c2d-44b9-9039-548dfcbe7f1c" name="biges@MCKITRICK 2025-08-29 19:03:07" runUser="MCKITRICK\biges" xmlns="http://microsoft.com/schemas/VisualStudio/TeamTest/2010">
  <Times creation="2025-08-29T19:03:07.1062369-06:00" queuing="2025-08-29T19:03:07.1062374-06:00" start="2025-08-29T19:02:57.4255182-06:00" finish="2025-08-29T19:03:46.8254634-06:00" />
  <TestSettings name="default" id="a5d690cf-f016-4d69-9720-67d9d6017d2e">
    <Deployment runDeploymentRoot="biges_MCKITRICK_2025-08-29_19_03_07" />
  </TestSettings>
  <Results>
    <UnitTestResult executionId="174b176c-c1d7-477d-a501-4459677e289f" testId="9b8797f9-7eae-a20c-6f76-1f24c45beaf5" testName="WileyWidget.UiTests.MainWindowUITests.UI_Automation_CanFindDesktop" computerName="MCKITRICK" duration="00:00:00.0087152" startTime="2025-08-29T19:03:46.7218504-06:00" endTime="2025-08-29T19:03:46.7218508-06:00" testType="13cdc9d9-ddb5-4fa4-a97d-d965ccfc6d4b" outcome="Passed" testListId="8c84fa94-04c1-424b-9868-57a2d4851a1d" relativeResultsDirectory="174b176c-c1d7-477d-a501-4459677e289f" />
    <UnitTestResult executionId="c843ef55-fcb1-4988-bdf7-ec231c6e4a23" testId="4e09d0f0-d0e3-ce1a-54bc-44a73be06ad0" testName="WileyWidget.UiTests.MainWindowUITests.Application_CanBeLaunchedFromTestEnvironment" computerName="MCKITRICK" duration="00:00:07.8889124" startTime="2025-08-29T19:03:30.9313961-06:00" endTime="2025-08-29T19:03:30.9313965-06:00" testType="13cdc9d9-ddb5-4fa4-a97d-d965ccfc6d4b" outcome="Failed" testListId="8c84fa94-04c1-424b-9868-57a2d4851a1d" relativeResultsDirectory="c843ef55-fcb1-4988-bdf7-ec231c6e4a23">
      <Output>
        <ErrorInfo>
          <Message>System.Exception : Could not find process with id: 40196&#xD;
---- System.ArgumentException : Process with an Id of 40196 is not running.</Message>
          <StackTrace>   at FlaUI.Core.Application.FindProcess(Int32 processId)&#xD;
   at FlaUI.Core.Application.&lt;WaitWhileMainHandleIsMissing&gt;b__33_0()&#xD;
   at FlaUI.Core.Tools.Retry.&lt;&gt;c__DisplayClass12_0.&lt;WhileTrue&gt;b__0()&#xD;
   at FlaUI.Core.Tools.Retry.While[T](Func`1 retryMethod, Func`2 checkMethod, Nullable`1 timeout, Nullable`1 interval, Boolean throwOnTimeout, Boolean ignoreException, String timeoutMessage, Boolean lastValueOnTimeout, T defaultOnTimeout)&#xD;
   at FlaUI.Core.Tools.Retry.WhileTrue(Func`1 checkMethod, Nullable`1 timeout, Nullable`1 interval, Boolean throwOnTimeout, Boolean ignoreException, String timeoutMessage)&#xD;
   at FlaUI.Core.Application.WaitWhileMainHandleIsMissing(Nullable`1 waitTimeout)&#xD;
   at FlaUI.Core.Application.GetMainWindow(AutomationBase automation, Nullable`1 waitTimeout)&#xD;
   at WileyWidget.UiTests.MainWindowUITests.Application_CanBeLaunchedFromTestEnvironment() in C:\Users\biges\Desktop\Wiley_Widget\WileyWidget.UiTests\MainWindowUITests.cs:line 247&#xD;
   at System.RuntimeMethodHandle.InvokeMethod(Object target, Void** arguments, Signature sig, Boolean isConstructor)&#xD;
   at System.Reflection.MethodBaseInvoker.InvokeWithNoArgs(Object obj, BindingFlags invokeAttr)&#xD;
----- Inner Stack Trace -----&#xD;
   at System.Diagnostics.Process.GetProcessById(Int32 processId, String machineName)&#xD;
   at FlaUI.Core.Application.FindProcess(Int32 processId)</StackTrace>
        </ErrorInfo>
      </Output>
    </UnitTestResult>
    <UnitTestResult executionId="83eaacc4-39f5-4801-b725-2b4d4058fb8e" testId="be565b50-8d83-c276-947d-d5d13795c237" testName="WileyWidget.UiTests.MainWindowUITests.UI_Test_Framework_IsConfigured" computerName="MCKITRICK" duration="00:00:00.0032205" startTime="2025-08-29T19:03:23.0391029-06:00" endTime="2025-08-29T19:03:23.0391033-06:00" testType="13cdc9d9-ddb5-4fa4-a97d-d965ccfc6d4b" outcome="Passed" testListId="8c84fa94-04c1-424b-9868-57a2d4851a1d" relativeResultsDirectory="83eaacc4-39f5-4801-b725-2b4d4058fb8e" />
    <UnitTestResult executionId="af0addcc-ac9d-4b0f-a178-5744c7bd7518" testId="759a79a0-c917-a9ba-b00f-8ffc9e102928" testName="WileyWidget.UiTests.MainWindowUITests.MainWindow_HasAllExpectedTabs" computerName="MCKITRICK" duration="00:00:07.7147333" startTime="2025-08-29T19:03:46.7115221-06:00" endTime="2025-08-29T19:03:46.7115224-06:00" testType="13cdc9d9-ddb5-4fa4-a97d-d965ccfc6d4b" outcome="Failed" testListId="8c84fa94-04c1-424b-9868-57a2d4851a1d" relativeResultsDirectory="af0addcc-ac9d-4b0f-a178-5744c7bd7518">
      <Output>
        <ErrorInfo>
          <Message>System.Exception : Could not find process with id: 35508&#xD;
---- System.ArgumentException : Process with an Id of 35508 is not running.</Message>
          <StackTrace>   at FlaUI.Core.Application.FindProcess(Int32 processId)&#xD;
   at FlaUI.Core.Application.&lt;WaitWhileMainHandleIsMissing&gt;b__33_0()&#xD;
   at FlaUI.Core.Tools.Retry.&lt;&gt;c__DisplayClass12_0.&lt;WhileTrue&gt;b__0()&#xD;
   at FlaUI.Core.Tools.Retry.While[T](Func`1 retryMethod, Func`2 checkMethod, Nullable`1 timeout, Nullable`1 interval, Boolean throwOnTimeout, Boolean ignoreException, String timeoutMessage, Boolean lastValueOnTimeout, T defaultOnTimeout)&#xD;
   at FlaUI.Core.Tools.Retry.WhileTrue(Func`1 checkMethod, Nullable`1 timeout, Nullable`1 interval, Boolean throwOnTimeout, Boolean ignoreException, String timeoutMessage)&#xD;
   at FlaUI.Core.Application.WaitWhileMainHandleIsMissing(Nullable`1 waitTimeout)&#xD;
   at FlaUI.Core.Application.GetMainWindow(AutomationBase automation, Nullable`1 waitTimeout)&#xD;
   at WileyWidget.UiTests.MainWindowUITests.MainWindow_HasAllExpectedTabs() in C:\Users\biges\Desktop\Wiley_Widget\WileyWidget.UiTests\MainWindowUITests.cs:line 566&#xD;
   at System.RuntimeMethodHandle.InvokeMethod(Object target, Void** arguments, Signature sig, Boolean isConstructor)&#xD;
   at System.Reflection.MethodBaseInvoker.InvokeWithNoArgs(Object obj, BindingFlags invokeAttr)&#xD;
----- Inner Stack Trace -----&#xD;
   at System.Diagnostics.Process.GetProcessById(Int32 processId, String machineName)&#xD;
   at FlaUI.Core.Application.FindProcess(Int32 processId)</StackTrace>
        </ErrorInfo>
      </Output>
    </UnitTestResult>
    <UnitTestResult executionId="32779c72-ad89-4ce2-ae4a-657dd13c83e0" testId="9daec5f3-5b2a-58a6-e44e-972fdbc203a3" testName="WileyWidget.UiTests.MainWindowUITests.MainWindow_HasExpectedUIElements" computerName="MCKITRICK" duration="00:00:00.0010000" startTime="2025-08-29T19:03:15.3874547-06:00" endTime="2025-08-29T19:03:15.3874551-06:00" testType="13cdc9d9-ddb5-4fa4-a97d-d965ccfc6d4b" outcome="NotExecuted" testListId="8c84fa94-04c1-424b-9868-57a2d4851a1d" relativeResultsDirectory="32779c72-ad89-4ce2-ae4a-657dd13c83e0">
      <Output>
        <ErrorInfo>
          <Message>Requires application to be built and available</Message>
        </ErrorInfo>
      </Output>
    </UnitTestResult>
    <UnitTestResult executionId="3a6228c7-56a1-4243-b1aa-7e3f747276cd" testId="f6d5f5bb-05c6-918d-ca59-9e31473e5112" testName="WileyWidget.UiTests.MainWindowUITests.MainWindow_HasExpectedDimensions" computerName="MCKITRICK" duration="00:00:08.0605213" startTime="2025-08-29T19:03:38.9953462-06:00" endTime="2025-08-29T19:03:38.9953464-06:00" testType="13cdc9d9-ddb5-4fa4-a97d-d965ccfc6d4b" outcome="Failed" testListId="8c84fa94-04c1-424b-9868-57a2d4851a1d" relativeResultsDirectory="3a6228c7-56a1-4243-b1aa-7e3f747276cd">
      <Output>
        <ErrorInfo>
          <Message>System.Exception : Could not find process with id: 128540&#xD;
---- System.ArgumentException : Process with an Id of 128540 is not running.</Message>
          <StackTrace>   at FlaUI.Core.Application.FindProcess(Int32 processId)&#xD;
   at FlaUI.Core.Application.&lt;WaitWhileMainHandleIsMissing&gt;b__33_0()&#xD;
   at FlaUI.Core.Tools.Retry.&lt;&gt;c__DisplayClass12_0.&lt;WhileTrue&gt;b__0()&#xD;
   at FlaUI.Core.Tools.Retry.While[T](Func`1 retryMethod, Func`2 checkMethod, Nullable`1 timeout, Nullable`1 interval, Boolean throwOnTimeout, Boolean ignoreException, String timeoutMessage, Boolean lastValueOnTimeout, T defaultOnTimeout)&#xD;
   at FlaUI.Core.Tools.Retry.WhileTrue(Func`1 checkMethod, Nullable`1 timeout, Nullable`1 interval, Boolean throwOnTimeout, Boolean ignoreException, String timeoutMessage)&#xD;
   at FlaUI.Core.Application.WaitWhileMainHandleIsMissing(Nullable`1 waitTimeout)&#xD;
   at FlaUI.Core.Application.GetMainWindow(AutomationBase automation, Nullable`1 waitTimeout)&#xD;
   at WileyWidget.UiTests.MainWindowUITests.MainWindow_HasExpectedDimensions() in C:\Users\biges\Desktop\Wiley_Widget\WileyWidget.UiTests\MainWindowUITests.cs:line 371&#xD;
   at System.RuntimeMethodHandle.InvokeMethod(Object target, Void** arguments, Signature sig, Boolean isConstructor)&#xD;
   at System.Reflection.MethodBaseInvoker.InvokeWithNoArgs(Object obj, BindingFlags invokeAttr)&#xD;
----- Inner Stack Trace -----&#xD;
   at System.Diagnostics.Process.GetProcessById(Int32 processId, String machineName)&#xD;
   at FlaUI.Core.Application.FindProcess(Int32 processId)</StackTrace>
        </ErrorInfo>
      </Output>
    </UnitTestResult>
    <UnitTestResult executionId="cd870e86-c54e-42b0-a42d-b6e5a5b7a2a5" testId="c573233b-408e-6660-ac37-3cc6b7d50246" testName="WileyWidget.UiTests.MainWindowUITests.UI_Framework_Compatibility_Check" computerName="MCKITRICK" duration="00:00:00.0035295" startTime="2025-08-29T19:03:15.3817501-06:00" endTime="2025-08-29T19:03:15.3817508-06:00" testType="13cdc9d9-ddb5-4fa4-a97d-d965ccfc6d4b" outcome="Passed" testListId="8c84fa94-04c1-424b-9868-57a2d4851a1d" relativeResultsDirectory="cd870e86-c54e-42b0-a42d-b6e5a5b7a2a5" />
    <UnitTestResult executionId="a3aae306-bca4-4355-81c6-f3f1a152097d" testId="3866c083-a176-cae2-61ee-b71cb6185d2b" testName="WileyWidget.UiTests.MainWindowUITests.MainWindow_LoadsWithExpectedTitle" computerName="MCKITRICK" duration="00:00:08.7155083" startTime="2025-08-29T19:03:07.0636255-06:00" endTime="2025-08-29T19:03:07.0636485-06:00" testType="13cdc9d9-ddb5-4fa4-a97d-d965ccfc6d4b" outcome="Failed" testListId="8c84fa94-04c1-424b-9868-57a2d4851a1d" relativeResultsDirectory="a3aae306-bca4-4355-81c6-f3f1a152097d">
      <Output>
        <ErrorInfo>
          <Message>System.Exception : Could not find process with id: 174292&#xD;
---- System.ArgumentException : Process with an Id of 174292 is not running.</Message>
          <StackTrace>   at FlaUI.Core.Application.FindProcess(Int32 processId)&#xD;
   at FlaUI.Core.Application.&lt;WaitWhileMainHandleIsMissing&gt;b__33_0()&#xD;
   at FlaUI.Core.Tools.Retry.&lt;&gt;c__DisplayClass12_0.&lt;WhileTrue&gt;b__0()&#xD;
   at FlaUI.Core.Tools.Retry.While[T](Func`1 retryMethod, Func`2 checkMethod, Nullable`1 timeout, Nullable`1 interval, Boolean throwOnTimeout, Boolean ignoreException, String timeoutMessage, Boolean lastValueOnTimeout, T defaultOnTimeout)&#xD;
   at FlaUI.Core.Tools.Retry.WhileTrue(Func`1 checkMethod, Nullable`1 timeout, Nullable`1 interval, Boolean throwOnTimeout, Boolean ignoreException, String timeoutMessage)&#xD;
   at FlaUI.Core.Application.WaitWhileMainHandleIsMissing(Nullable`1 waitTimeout)&#xD;
   at FlaUI.Core.Application.GetMainWindow(AutomationBase automation, Nullable`1 waitTimeout)&#xD;
   at WileyWidget.UiTests.MainWindowUITests.MainWindow_LoadsWithExpectedTitle() in C:\Users\biges\Desktop\Wiley_Widget\WileyWidget.UiTests\MainWindowUITests.cs:line 311&#xD;
   at System.RuntimeMethodHandle.InvokeMethod(Object target, Void** arguments, Signature sig, Boolean isConstructor)&#xD;
   at System.Reflection.MethodBaseInvoker.InvokeWithNoArgs(Object obj, BindingFlags invokeAttr)&#xD;
----- Inner Stack Trace -----&#xD;
   at System.Diagnostics.Process.GetProcessById(Int32 processId, String machineName)&#xD;
   at FlaUI.Core.Application.FindProcess(Int32 processId)</StackTrace>
        </ErrorInfo>
      </Output>
    </UnitTestResult>
    <UnitTestResult executionId="94684675-2798-4dd9-b510-d17122663f5c" testId="b784be1b-b728-44f4-8e70-095fc6250191" testName="WileyWidget.UiTests.MainWindowUITests.MainWindow_ContainsRibbonInterface" computerName="MCKITRICK" duration="00:00:08.1917348" startTime="2025-08-29T19:03:15.3706890-06:00" endTime="2025-08-29T19:03:15.3706896-06:00" testType="13cdc9d9-ddb5-4fa4-a97d-d965ccfc6d4b" outcome="Failed" testListId="8c84fa94-04c1-424b-9868-57a2d4851a1d" relativeResultsDirectory="94684675-2798-4dd9-b510-d17122663f5c">
      <Output>
        <ErrorInfo>
          <Message>System.Exception : Could not find process with id: 55432&#xD;
---- System.ArgumentException : Process with an Id of 55432 is not running.</Message>
          <StackTrace>   at FlaUI.Core.Application.FindProcess(Int32 processId)&#xD;
   at FlaUI.Core.Application.&lt;WaitWhileMainHandleIsMissing&gt;b__33_0()&#xD;
   at FlaUI.Core.Tools.Retry.&lt;&gt;c__DisplayClass12_0.&lt;WhileTrue&gt;b__0()&#xD;
   at FlaUI.Core.Tools.Retry.While[T](Func`1 retryMethod, Func`2 checkMethod, Nullable`1 timeout, Nullable`1 interval, Boolean throwOnTimeout, Boolean ignoreException, String timeoutMessage, Boolean lastValueOnTimeout, T defaultOnTimeout)&#xD;
   at FlaUI.Core.Tools.Retry.WhileTrue(Func`1 checkMethod, Nullable`1 timeout, Nullable`1 interval, Boolean throwOnTimeout, Boolean ignoreException, String timeoutMessage)&#xD;
   at FlaUI.Core.Application.WaitWhileMainHandleIsMissing(Nullable`1 waitTimeout)&#xD;
   at FlaUI.Core.Application.GetMainWindow(AutomationBase automation, Nullable`1 waitTimeout)&#xD;
   at WileyWidget.UiTests.MainWindowUITests.MainWindow_ContainsRibbonInterface() in C:\Users\biges\Desktop\Wiley_Widget\WileyWidget.UiTests\MainWindowUITests.cs:line 438&#xD;
   at System.RuntimeMethodHandle.InvokeMethod(Object target, Void** arguments, Signature sig, Boolean isConstructor)&#xD;
   at System.Reflection.MethodBaseInvoker.InvokeWithNoArgs(Object obj, BindingFlags invokeAttr)&#xD;
----- Inner Stack Trace -----&#xD;
   at System.Diagnostics.Process.GetProcessById(Int32 processId, String machineName)&#xD;
   at FlaUI.Core.Application.FindProcess(Int32 processId)</StackTrace>
        </ErrorInfo>
      </Output>
    </UnitTestResult>
    <UnitTestResult executionId="a040bd38-4ca5-4730-9b0c-5052f4ebf840" testId="848d400a-3297-38f8-3511-ef5fc9699422" testName="WileyWidget.UiTests.MainWindowUITests.UI_Test_Environment_IsReady" computerName="MCKITRICK" duration="00:00:00.0007007" startTime="2025-08-29T19:03:15.3893469-06:00" endTime="2025-08-29T19:03:15.3893470-06:00" testType="13cdc9d9-ddb5-4fa4-a97d-d965ccfc6d4b" outcome="Passed" testListId="8c84fa94-04c1-424b-9868-57a2d4851a1d" relativeResultsDirectory="a040bd38-4ca5-4730-9b0c-5052f4ebf840" />
    <UnitTestResult executionId="31b63e3b-bae5-4adc-873e-6740442ebe94" testId="2069c557-3fbb-0610-bc33-93106cab9382" testName="WileyWidget.UiTests.MainWindowUITests.UI_Automation_CanEnumerateDesktopWindows" computerName="MCKITRICK" duration="00:00:00.0873564" startTime="2025-08-29T19:03:07.1728777-06:00" endTime="2025-08-29T19:03:07.1728779-06:00" testType="13cdc9d9-ddb5-4fa4-a97d-d965ccfc6d4b" outcome="Passed" testListId="8c84fa94-04c1-424b-9868-57a2d4851a1d" relativeResultsDirectory="31b63e3b-bae5-4adc-873e-6740442ebe94" />
    <UnitTestResult executionId="941a877c-5121-4ecf-b655-2fda649d169b" testId="8ccd3ba8-584e-e74e-cadd-221f276c8394" testName="WileyWidget.UiTests.MainWindowUITests.MainWindow_ContainsTabControl" computerName="MCKITRICK" duration="00:00:07.6403534" startTime="2025-08-29T19:03:23.0336497-06:00" endTime="2025-08-29T19:03:23.0336503-06:00" testType="13cdc9d9-ddb5-4fa4-a97d-d965ccfc6d4b" outcome="Failed" testListId="8c84fa94-04c1-424b-9868-57a2d4851a1d" relativeResultsDirectory="941a877c-5121-4ecf-b655-2fda649d169b">
      <Output>
        <ErrorInfo>
          <Message>System.Exception : Could not find process with id: 51000&#xD;
---- System.ArgumentException : Process with an Id of 51000 is not running.</Message>
          <StackTrace>   at FlaUI.Core.Application.FindProcess(Int32 processId)&#xD;
   at FlaUI.Core.Application.&lt;WaitWhileMainHandleIsMissing&gt;b__33_0()&#xD;
   at FlaUI.Core.Tools.Retry.&lt;&gt;c__DisplayClass12_0.&lt;WhileTrue&gt;b__0()&#xD;
   at FlaUI.Core.Tools.Retry.While[T](Func`1 retryMethod, Func`2 checkMethod, Nullable`1 timeout, Nullable`1 interval, Boolean throwOnTimeout, Boolean ignoreException, String timeoutMessage, Boolean lastValueOnTimeout, T defaultOnTimeout)&#xD;
   at FlaUI.Core.Tools.Retry.WhileTrue(Func`1 checkMethod, Nullable`1 timeout, Nullable`1 interval, Boolean throwOnTimeout, Boolean ignoreException, String timeoutMessage)&#xD;
   at FlaUI.Core.Application.WaitWhileMainHandleIsMissing(Nullable`1 waitTimeout)&#xD;
   at FlaUI.Core.Application.GetMainWindow(AutomationBase automation, Nullable`1 waitTimeout)&#xD;
   at WileyWidget.UiTests.MainWindowUITests.MainWindow_ContainsTabControl() in C:\Users\biges\Desktop\Wiley_Widget\WileyWidget.UiTests\MainWindowUITests.cs:line 502&#xD;
   at System.RuntimeMethodHandle.InvokeMethod(Object target, Void** arguments, Signature sig, Boolean isConstructor)&#xD;
   at System.Reflection.MethodBaseInvoker.InvokeWithNoArgs(Object obj, BindingFlags invokeAttr)&#xD;
----- Inner Stack Trace -----&#xD;
   at System.Diagnostics.Process.GetProcessById(Int32 processId, String machineName)&#xD;
   at FlaUI.Core.Application.FindProcess(Int32 processId)</StackTrace>
        </ErrorInfo>
      </Output>
    </UnitTestResult>
    <UnitTestResult executionId="c614d513-f01b-4f8e-871e-1559b0901e13" testId="fba49196-ded9-4235-7a6e-d8bc3d32b0fa" testName="WileyWidget.UiTests.MainWindowUITests.MainWindow_CanBeLaunched" computerName="MCKITRICK" duration="00:00:00.0010000" startTime="2025-08-29T19:03:30.9331924-06:00" endTime="2025-08-29T19:03:30.9331929-06:00" testType="13cdc9d9-ddb5-4fa4-a97d-d965ccfc6d4b" outcome="NotExecuted" testListId="8c84fa94-04c1-424b-9868-57a2d4851a1d" relativeResultsDirectory="c614d513-f01b-4f8e-871e-1559b0901e13">
      <Output>
        <ErrorInfo>
          <Message>Requires application to be built and available</Message>
        </ErrorInfo>
      </Output>
    </UnitTestResult>
  </Results>
  <TestDefinitions>
    <UnitTest name="WileyWidget.UiTests.MainWindowUITests.UI_Test_Framework_IsConfigured" storage="c:\users\biges\desktop\wiley_widget\wileywidget.uitests\bin\debug\net9.0-windows\wileywidget.uitests.dll" id="be565b50-8d83-c276-947d-d5d13795c237">
      <Execution id="83eaacc4-39f5-4801-b725-2b4d4058fb8e" />
      <TestMethod codeBase="C:\Users\biges\Desktop\Wiley_Widget\WileyWidget.UiTests\bin\Debug\net9.0-windows\WileyWidget.UiTests.dll" adapterTypeName="executor://xunit/VsTestRunner2/netcoreapp" className="WileyWidget.UiTests.MainWindowUITests" name="UI_Test_Framework_IsConfigured" />
    </UnitTest>
    <UnitTest name="WileyWidget.UiTests.MainWindowUITests.MainWindow_ContainsTabControl" storage="c:\users\biges\desktop\wiley_widget\wileywidget.uitests\bin\debug\net9.0-windows\wileywidget.uitests.dll" id="8ccd3ba8-584e-e74e-cadd-221f276c8394">
      <Execution id="941a877c-5121-4ecf-b655-2fda649d169b" />
      <TestMethod codeBase="C:\Users\biges\Desktop\Wiley_Widget\WileyWidget.UiTests\bin\Debug\net9.0-windows\WileyWidget.UiTests.dll" adapterTypeName="executor://xunit/VsTestRunner2/netcoreapp" className="WileyWidget.UiTests.MainWindowUITests" name="MainWindow_ContainsTabControl" />
    </UnitTest>
    <UnitTest name="WileyWidget.UiTests.MainWindowUITests.MainWindow_CanBeLaunched" storage="c:\users\biges\desktop\wiley_widget\wileywidget.uitests\bin\debug\net9.0-windows\wileywidget.uitests.dll" id="fba49196-ded9-4235-7a6e-d8bc3d32b0fa">
      <Execution id="c614d513-f01b-4f8e-871e-1559b0901e13" />
      <TestMethod codeBase="C:\Users\biges\Desktop\Wiley_Widget\WileyWidget.UiTests\bin\Debug\net9.0-windows\WileyWidget.UiTests.dll" adapterTypeName="executor://xunit/VsTestRunner2/netcoreapp" className="WileyWidget.UiTests.MainWindowUITests" name="MainWindow_CanBeLaunched" />
    </UnitTest>
    <UnitTest name="WileyWidget.UiTests.MainWindowUITests.UI_Automation_CanFindDesktop" storage="c:\users\biges\desktop\wiley_widget\wileywidget.uitests\bin\debug\net9.0-windows\wileywidget.uitests.dll" id="9b8797f9-7eae-a20c-6f76-1f24c45beaf5">
      <Execution id="174b176c-c1d7-477d-a501-4459677e289f" />
      <TestMethod codeBase="C:\Users\biges\Desktop\Wiley_Widget\WileyWidget.UiTests\bin\Debug\net9.0-windows\WileyWidget.UiTests.dll" adapterTypeName="executor://xunit/VsTestRunner2/netcoreapp" className="WileyWidget.UiTests.MainWindowUITests" name="UI_Automation_CanFindDesktop" />
    </UnitTest>
    <UnitTest name="WileyWidget.UiTests.MainWindowUITests.MainWindow_HasExpectedDimensions" storage="c:\users\biges\desktop\wiley_widget\wileywidget.uitests\bin\debug\net9.0-windows\wileywidget.uitests.dll" id="f6d5f5bb-05c6-918d-ca59-9e31473e5112">
      <Execution id="3a6228c7-56a1-4243-b1aa-7e3f747276cd" />
      <TestMethod codeBase="C:\Users\biges\Desktop\Wiley_Widget\WileyWidget.UiTests\bin\Debug\net9.0-windows\WileyWidget.UiTests.dll" adapterTypeName="executor://xunit/VsTestRunner2/netcoreapp" className="WileyWidget.UiTests.MainWindowUITests" name="MainWindow_HasExpectedDimensions" />
    </UnitTest>
    <UnitTest name="WileyWidget.UiTests.MainWindowUITests.UI_Test_Environment_IsReady" storage="c:\users\biges\desktop\wiley_widget\wileywidget.uitests\bin\debug\net9.0-windows\wileywidget.uitests.dll" id="848d400a-3297-38f8-3511-ef5fc9699422">
      <Execution id="a040bd38-4ca5-4730-9b0c-5052f4ebf840" />
      <TestMethod codeBase="C:\Users\biges\Desktop\Wiley_Widget\WileyWidget.UiTests\bin\Debug\net9.0-windows\WileyWidget.UiTests.dll" adapterTypeName="executor://xunit/VsTestRunner2/netcoreapp" className="WileyWidget.UiTests.MainWindowUITests" name="UI_Test_Environment_IsReady" />
    </UnitTest>
    <UnitTest name="WileyWidget.UiTests.MainWindowUITests.MainWindow_HasExpectedUIElements" storage="c:\users\biges\desktop\wiley_widget\wileywidget.uitests\bin\debug\net9.0-windows\wileywidget.uitests.dll" id="9daec5f3-5b2a-58a6-e44e-972fdbc203a3">
      <Execution id="32779c72-ad89-4ce2-ae4a-657dd13c83e0" />
      <TestMethod codeBase="C:\Users\biges\Desktop\Wiley_Widget\WileyWidget.UiTests\bin\Debug\net9.0-windows\WileyWidget.UiTests.dll" adapterTypeName="executor://xunit/VsTestRunner2/netcoreapp" className="WileyWidget.UiTests.MainWindowUITests" name="MainWindow_HasExpectedUIElements" />
    </UnitTest>
    <UnitTest name="WileyWidget.UiTests.MainWindowUITests.Application_CanBeLaunchedFromTestEnvironment" storage="c:\users\biges\desktop\wiley_widget\wileywidget.uitests\bin\debug\net9.0-windows\wileywidget.uitests.dll" id="4e09d0f0-d0e3-ce1a-54bc-44a73be06ad0">
      <Execution id="c843ef55-fcb1-4988-bdf7-ec231c6e4a23" />
      <TestMethod codeBase="C:\Users\biges\Desktop\Wiley_Widget\WileyWidget.UiTests\bin\Debug\net9.0-windows\WileyWidget.UiTests.dll" adapterTypeName="executor://xunit/VsTestRunner2/netcoreapp" className="WileyWidget.UiTests.MainWindowUITests" name="Application_CanBeLaunchedFromTestEnvironment" />
    </UnitTest>
    <UnitTest name="WileyWidget.UiTests.MainWindowUITests.MainWindow_ContainsRibbonInterface" storage="c:\users\biges\desktop\wiley_widget\wileywidget.uitests\bin\debug\net9.0-windows\wileywidget.uitests.dll" id="b784be1b-b728-44f4-8e70-095fc6250191">
      <Execution id="94684675-2798-4dd9-b510-d17122663f5c" />
      <TestMethod codeBase="C:\Users\biges\Desktop\Wiley_Widget\WileyWidget.UiTests\bin\Debug\net9.0-windows\WileyWidget.UiTests.dll" adapterTypeName="executor://xunit/VsTestRunner2/netcoreapp" className="WileyWidget.UiTests.MainWindowUITests" name="MainWindow_ContainsRibbonInterface" />
    </UnitTest>
    <UnitTest name="WileyWidget.UiTests.MainWindowUITests.UI_Framework_Compatibility_Check" storage="c:\users\biges\desktop\wiley_widget\wileywidget.uitests\bin\debug\net9.0-windows\wileywidget.uitests.dll" id="c573233b-408e-6660-ac37-3cc6b7d50246">
      <Execution id="cd870e86-c54e-42b0-a42d-b6e5a5b7a2a5" />
      <TestMethod codeBase="C:\Users\biges\Desktop\Wiley_Widget\WileyWidget.UiTests\bin\Debug\net9.0-windows\WileyWidget.UiTests.dll" adapterTypeName="executor://xunit/VsTestRunner2/netcoreapp" className="WileyWidget.UiTests.MainWindowUITests" name="UI_Framework_Compatibility_Check" />
    </UnitTest>
    <UnitTest name="WileyWidget.UiTests.MainWindowUITests.MainWindow_LoadsWithExpectedTitle" storage="c:\users\biges\desktop\wiley_widget\wileywidget.uitests\bin\debug\net9.0-windows\wileywidget.uitests.dll" id="3866c083-a176-cae2-61ee-b71cb6185d2b">
      <Execution id="a3aae306-bca4-4355-81c6-f3f1a152097d" />
      <TestMethod codeBase="C:\Users\biges\Desktop\Wiley_Widget\WileyWidget.UiTests\bin\Debug\net9.0-windows\WileyWidget.UiTests.dll" adapterTypeName="executor://xunit/VsTestRunner2/netcoreapp" className="WileyWidget.UiTests.MainWindowUITests" name="MainWindow_LoadsWithExpectedTitle" />
    </UnitTest>
    <UnitTest name="WileyWidget.UiTests.MainWindowUITests.MainWindow_HasAllExpectedTabs" storage="c:\users\biges\desktop\wiley_widget\wileywidget.uitests\bin\debug\net9.0-windows\wileywidget.uitests.dll" id="759a79a0-c917-a9ba-b00f-8ffc9e102928">
      <Execution id="af0addcc-ac9d-4b0f-a178-5744c7bd7518" />
      <TestMethod codeBase="C:\Users\biges\Desktop\Wiley_Widget\WileyWidget.UiTests\bin\Debug\net9.0-windows\WileyWidget.UiTests.dll" adapterTypeName="executor://xunit/VsTestRunner2/netcoreapp" className="WileyWidget.UiTests.MainWindowUITests" name="MainWindow_HasAllExpectedTabs" />
    </UnitTest>
    <UnitTest name="WileyWidget.UiTests.MainWindowUITests.UI_Automation_CanEnumerateDesktopWindows" storage="c:\users\biges\desktop\wiley_widget\wileywidget.uitests\bin\debug\net9.0-windows\wileywidget.uitests.dll" id="2069c557-3fbb-0610-bc33-93106cab9382">
      <Execution id="31b63e3b-bae5-4adc-873e-6740442ebe94" />
      <TestMethod codeBase="C:\Users\biges\Desktop\Wiley_Widget\WileyWidget.UiTests\bin\Debug\net9.0-windows\WileyWidget.UiTests.dll" adapterTypeName="executor://xunit/VsTestRunner2/netcoreapp" className="WileyWidget.UiTests.MainWindowUITests" name="UI_Automation_CanEnumerateDesktopWindows" />
    </UnitTest>
  </TestDefinitions>
  <TestEntries>
    <TestEntry testId="9b8797f9-7eae-a20c-6f76-1f24c45beaf5" executionId="174b176c-c1d7-477d-a501-4459677e289f" testListId="8c84fa94-04c1-424b-9868-57a2d4851a1d" />
    <TestEntry testId="4e09d0f0-d0e3-ce1a-54bc-44a73be06ad0" executionId="c843ef55-fcb1-4988-bdf7-ec231c6e4a23" testListId="8c84fa94-04c1-424b-9868-57a2d4851a1d" />
    <TestEntry testId="be565b50-8d83-c276-947d-d5d13795c237" executionId="83eaacc4-39f5-4801-b725-2b4d4058fb8e" testListId="8c84fa94-04c1-424b-9868-57a2d4851a1d" />
    <TestEntry testId="759a79a0-c917-a9ba-b00f-8ffc9e102928" executionId="af0addcc-ac9d-4b0f-a178-5744c7bd7518" testListId="8c84fa94-04c1-424b-9868-57a2d4851a1d" />
    <TestEntry testId="9daec5f3-5b2a-58a6-e44e-972fdbc203a3" executionId="32779c72-ad89-4ce2-ae4a-657dd13c83e0" testListId="8c84fa94-04c1-424b-9868-57a2d4851a1d" />
    <TestEntry testId="f6d5f5bb-05c6-918d-ca59-9e31473e5112" executionId="3a6228c7-56a1-4243-b1aa-7e3f747276cd" testListId="8c84fa94-04c1-424b-9868-57a2d4851a1d" />
    <TestEntry testId="c573233b-408e-6660-ac37-3cc6b7d50246" executionId="cd870e86-c54e-42b0-a42d-b6e5a5b7a2a5" testListId="8c84fa94-04c1-424b-9868-57a2d4851a1d" />
    <TestEntry testId="3866c083-a176-cae2-61ee-b71cb6185d2b" executionId="a3aae306-bca4-4355-81c6-f3f1a152097d" testListId="8c84fa94-04c1-424b-9868-57a2d4851a1d" />
    <TestEntry testId="b784be1b-b728-44f4-8e70-095fc6250191" executionId="94684675-2798-4dd9-b510-d17122663f5c" testListId="8c84fa94-04c1-424b-9868-57a2d4851a1d" />
    <TestEntry testId="848d400a-3297-38f8-3511-ef5fc9699422" executionId="a040bd38-4ca5-4730-9b0c-5052f4ebf840" testListId="8c84fa94-04c1-424b-9868-57a2d4851a1d" />
    <TestEntry testId="2069c557-3fbb-0610-bc33-93106cab9382" executionId="31b63e3b-bae5-4adc-873e-6740442ebe94" testListId="8c84fa94-04c1-424b-9868-57a2d4851a1d" />
    <TestEntry testId="8ccd3ba8-584e-e74e-cadd-221f276c8394" executionId="941a877c-5121-4ecf-b655-2fda649d169b" testListId="8c84fa94-04c1-424b-9868-57a2d4851a1d" />
    <TestEntry testId="fba49196-ded9-4235-7a6e-d8bc3d32b0fa" executionId="c614d513-f01b-4f8e-871e-1559b0901e13" testListId="8c84fa94-04c1-424b-9868-57a2d4851a1d" />
  </TestEntries>
  <TestLists>
    <TestList name="Results Not in a List" id="8c84fa94-04c1-424b-9868-57a2d4851a1d" />
    <TestList name="All Loaded Results" id="19431567-8539-422a-85d7-44ee4e166bda" />
  </TestLists>
  <ResultSummary outcome="Failed">
    <Counters total="13" executed="11" passed="5" failed="6" error="0" timeout="0" aborted="0" inconclusive="0" passedButRunAborted="0" notRunnable="0" notExecuted="0" disconnected="0" warning="0" completed="0" inProgress="0" pending="0" />
    <Output>
      <StdOut>[xUnit.net 00:00:00.00] xUnit.net VSTest Adapter v2.8.2+699d445a1a (64-bit .NET 9.0.8)&#xD;
[xUnit.net 00:00:00.09]   Discovering: WileyWidget.UiTests&#xD;
[xUnit.net 00:00:00.13]   Discovered:  WileyWidget.UiTests&#xD;
[xUnit.net 00:00:00.13]   Starting:    WileyWidget.UiTests&#xD;
[xUnit.net 00:00:08.89]       System.Exception : Could not find process with id: 174292&#xD;
[xUnit.net 00:00:08.89]       ---- System.ArgumentException : Process with an Id of 174292 is not running.&#xD;
[xUnit.net 00:00:08.89]       Stack Trace:&#xD;
[xUnit.net 00:00:08.89]            at FlaUI.Core.Application.FindProcess(Int32 processId)&#xD;
[xUnit.net 00:00:08.89]            at FlaUI.Core.Application.&lt;WaitWhileMainHandleIsMissing&gt;b__33_0()&#xD;
[xUnit.net 00:00:08.89]            at FlaUI.Core.Tools.Retry.&lt;&gt;c__DisplayClass12_0.&lt;WhileTrue&gt;b__0()&#xD;
[xUnit.net 00:00:08.89]            at FlaUI.Core.Tools.Retry.While[T](Func`1 retryMethod, Func`2 checkMethod, Nullable`1 timeout, Nullable`1 interval, Boolean throwOnTimeout, Boolean ignoreException, String timeoutMessage, Boolean lastValueOnTimeout, T defaultOnTimeout)&#xD;
[xUnit.net 00:00:08.89]            at FlaUI.Core.Tools.Retry.WhileTrue(Func`1 checkMethod, Nullable`1 timeout, Nullable`1 interval, Boolean throwOnTimeout, Boolean ignoreException, String timeoutMessage)&#xD;
[xUnit.net 00:00:08.89]            at FlaUI.Core.Application.WaitWhileMainHandleIsMissing(Nullable`1 waitTimeout)&#xD;
[xUnit.net 00:00:08.89]            at FlaUI.Core.Application.GetMainWindow(AutomationBase automation, Nullable`1 waitTimeout)&#xD;
[xUnit.net 00:00:08.89]         C:\Users\biges\Desktop\Wiley_Widget\WileyWidget.UiTests\MainWindowUITests.cs(311,0): at WileyWidget.UiTests.MainWindowUITests.MainWindow_LoadsWithExpectedTitle()&#xD;
[xUnit.net 00:00:08.89]            at System.RuntimeMethodHandle.InvokeMethod(Object target, Void** arguments, Signature sig, Boolean isConstructor)&#xD;
[xUnit.net 00:00:08.89]            at System.Reflection.MethodBaseInvoker.InvokeWithNoArgs(Object obj, BindingFlags invokeAttr)&#xD;
[xUnit.net 00:00:08.89]         ----- Inner Stack Trace -----&#xD;
[xUnit.net 00:00:08.89]            at System.Diagnostics.Process.GetProcessById(Int32 processId, String machineName)&#xD;
[xUnit.net 00:00:08.89]            at FlaUI.Core.Application.FindProcess(Int32 processId)&#xD;
[xUnit.net 00:00:17.20]       System.Exception : Could not find process with id: 55432&#xD;
[xUnit.net 00:00:17.20]       ---- System.ArgumentException : Process with an Id of 55432 is not running.&#xD;
[xUnit.net 00:00:17.20]       Stack Trace:&#xD;
[xUnit.net 00:00:17.20]            at FlaUI.Core.Application.FindProcess(Int32 processId)&#xD;
[xUnit.net 00:00:17.20]            at FlaUI.Core.Application.&lt;WaitWhileMainHandleIsMissing&gt;b__33_0()&#xD;
[xUnit.net 00:00:17.20]            at FlaUI.Core.Tools.Retry.&lt;&gt;c__DisplayClass12_0.&lt;WhileTrue&gt;b__0()&#xD;
[xUnit.net 00:00:17.20]            at FlaUI.Core.Tools.Retry.While[T](Func`1 retryMethod, Func`2 checkMethod, Nullable`1 timeout, Nullable`1 interval, Boolean throwOnTimeout, Boolean ignoreException, String timeoutMessage, Boolean lastValueOnTimeout, T defaultOnTimeout)&#xD;
[xUnit.net 00:00:17.20]            at FlaUI.Core.Tools.Retry.WhileTrue(Func`1 checkMethod, Nullable`1 timeout, Nullable`1 interval, Boolean throwOnTimeout, Boolean ignoreException, String timeoutMessage)&#xD;
[xUnit.net 00:00:17.20]            at FlaUI.Core.Application.WaitWhileMainHandleIsMissing(Nullable`1 waitTimeout)&#xD;
[xUnit.net 00:00:17.20]            at FlaUI.Core.Application.GetMainWindow(AutomationBase automation, Nullable`1 waitTimeout)&#xD;
[xUnit.net 00:00:17.20]         C:\Users\biges\Desktop\Wiley_Widget\WileyWidget.UiTests\MainWindowUITests.cs(438,0): at WileyWidget.UiTests.MainWindowUITests.MainWindow_ContainsRibbonInterface()&#xD;
[xUnit.net 00:00:17.20]            at System.RuntimeMethodHandle.InvokeMethod(Object target, Void** arguments, Signature sig, Boolean isConstructor)&#xD;
[xUnit.net 00:00:17.20]            at System.Reflection.MethodBaseInvoker.InvokeWithNoArgs(Object obj, BindingFlags invokeAttr)&#xD;
[xUnit.net 00:00:17.20]         ----- Inner Stack Trace -----&#xD;
[xUnit.net 00:00:17.20]            at System.Diagnostics.Process.GetProcessById(Int32 processId, String machineName)&#xD;
[xUnit.net 00:00:17.20]            at FlaUI.Core.Application.FindProcess(Int32 processId)&#xD;
[xUnit.net 00:00:17.22]       Requires application to be built and available&#xD;
Test 'WileyWidget.UiTests.MainWindowUITests.MainWindow_HasExpectedUIElements' was skipped in the test run.&#xD;
[xUnit.net 00:00:24.86]       System.Exception : Could not find process with id: 51000&#xD;
[xUnit.net 00:00:24.86]       ---- System.ArgumentException : Process with an Id of 51000 is not running.&#xD;
[xUnit.net 00:00:24.86]       Stack Trace:&#xD;
[xUnit.net 00:00:24.86]            at FlaUI.Core.Application.FindProcess(Int32 processId)&#xD;
[xUnit.net 00:00:24.86]            at FlaUI.Core.Application.&lt;WaitWhileMainHandleIsMissing&gt;b__33_0()&#xD;
[xUnit.net 00:00:24.86]            at FlaUI.Core.Tools.Retry.&lt;&gt;c__DisplayClass12_0.&lt;WhileTrue&gt;b__0()&#xD;
[xUnit.net 00:00:24.86]            at FlaUI.Core.Tools.Retry.While[T](Func`1 retryMethod, Func`2 checkMethod, Nullable`1 timeout, Nullable`1 interval, Boolean throwOnTimeout, Boolean ignoreException, String timeoutMessage, Boolean lastValueOnTimeout, T defaultOnTimeout)&#xD;
[xUnit.net 00:00:24.86]            at FlaUI.Core.Tools.Retry.WhileTrue(Func`1 checkMethod, Nullable`1 timeout, Nullable`1 interval, Boolean throwOnTimeout, Boolean ignoreException, String timeoutMessage)&#xD;
[xUnit.net 00:00:24.86]            at FlaUI.Core.Application.WaitWhileMainHandleIsMissing(Nullable`1 waitTimeout)&#xD;
[xUnit.net 00:00:24.86]            at FlaUI.Core.Application.GetMainWindow(AutomationBase automation, Nullable`1 waitTimeout)&#xD;
[xUnit.net 00:00:24.86]         C:\Users\biges\Desktop\Wiley_Widget\WileyWidget.UiTests\MainWindowUITests.cs(502,0): at WileyWidget.UiTests.MainWindowUITests.MainWindow_ContainsTabControl()&#xD;
[xUnit.net 00:00:24.86]            at System.RuntimeMethodHandle.InvokeMethod(Object target, Void** arguments, Signature sig, Boolean isConstructor)&#xD;
[xUnit.net 00:00:24.86]            at System.Reflection.MethodBaseInvoker.InvokeWithNoArgs(Object obj, BindingFlags invokeAttr)&#xD;
[xUnit.net 00:00:24.86]         ----- Inner Stack Trace -----&#xD;
[xUnit.net 00:00:24.86]            at System.Diagnostics.Process.GetProcessById(Int32 processId, String machineName)&#xD;
[xUnit.net 00:00:24.86]            at FlaUI.Core.Application.FindProcess(Int32 processId)&#xD;
[xUnit.net 00:00:32.76]       System.Exception : Could not find process with id: 40196&#xD;
[xUnit.net 00:00:32.76]       ---- System.ArgumentException : Process with an Id of 40196 is not running.&#xD;
[xUnit.net 00:00:32.76]       Stack Trace:&#xD;
[xUnit.net 00:00:32.76]            at FlaUI.Core.Application.FindProcess(Int32 processId)&#xD;
[xUnit.net 00:00:32.76]            at FlaUI.Core.Application.&lt;WaitWhileMainHandleIsMissing&gt;b__33_0()&#xD;
[xUnit.net 00:00:32.76]            at FlaUI.Core.Tools.Retry.&lt;&gt;c__DisplayClass12_0.&lt;WhileTrue&gt;b__0()&#xD;
[xUnit.net 00:00:32.76]            at FlaUI.Core.Tools.Retry.While[T](Func`1 retryMethod, Func`2 checkMethod, Nullable`1 timeout, Nullable`1 interval, Boolean throwOnTimeout, Boolean ignoreException, String timeoutMessage, Boolean lastValueOnTimeout, T defaultOnTimeout)&#xD;
[xUnit.net 00:00:32.76]            at FlaUI.Core.Tools.Retry.WhileTrue(Func`1 checkMethod, Nullable`1 timeout, Nullable`1 interval, Boolean throwOnTimeout, Boolean ignoreException, String timeoutMessage)&#xD;
[xUnit.net 00:00:32.76]            at FlaUI.Core.Application.WaitWhileMainHandleIsMissing(Nullable`1 waitTimeout)&#xD;
[xUnit.net 00:00:32.76]            at FlaUI.Core.Application.GetMainWindow(AutomationBase automation, Nullable`1 waitTimeout)&#xD;
[xUnit.net 00:00:32.76]         C:\Users\biges\Desktop\Wiley_Widget\WileyWidget.UiTests\MainWindowUITests.cs(247,0): at WileyWidget.UiTests.MainWindowUITests.Application_CanBeLaunchedFromTestEnvironment()&#xD;
[xUnit.net 00:00:32.76]            at System.RuntimeMethodHandle.InvokeMethod(Object target, Void** arguments, Signature sig, Boolean isConstructor)&#xD;
[xUnit.net 00:00:32.76]            at System.Reflection.MethodBaseInvoker.InvokeWithNoArgs(Object obj, BindingFlags invokeAttr)&#xD;
[xUnit.net 00:00:32.76]         ----- Inner Stack Trace -----&#xD;
[xUnit.net 00:00:32.76]            at System.Diagnostics.Process.GetProcessById(Int32 processId, String machineName)&#xD;
[xUnit.net 00:00:32.76]            at FlaUI.Core.Application.FindProcess(Int32 processId)&#xD;
[xUnit.net 00:00:32.76]       Requires application to be built and available&#xD;
Test 'WileyWidget.UiTests.MainWindowUITests.MainWindow_CanBeLaunched' was skipped in the test run.&#xD;
[xUnit.net 00:00:40.83]       System.Exception : Could not find process with id: 128540&#xD;
[xUnit.net 00:00:40.83]       ---- System.ArgumentException : Process with an Id of 128540 is not running.&#xD;
[xUnit.net 00:00:40.83]       Stack Trace:&#xD;
[xUnit.net 00:00:40.83]            at FlaUI.Core.Application.FindProcess(Int32 processId)&#xD;
[xUnit.net 00:00:40.83]            at FlaUI.Core.Application.&lt;WaitWhileMainHandleIsMissing&gt;b__33_0()&#xD;
[xUnit.net 00:00:40.83]            at FlaUI.Core.Tools.Retry.&lt;&gt;c__DisplayClass12_0.&lt;WhileTrue&gt;b__0()&#xD;
[xUnit.net 00:00:40.83]            at FlaUI.Core.Tools.Retry.While[T](Func`1 retryMethod, Func`2 checkMethod, Nullable`1 timeout, Nullable`1 interval, Boolean throwOnTimeout, Boolean ignoreException, String timeoutMessage, Boolean lastValueOnTimeout, T defaultOnTimeout)&#xD;
[xUnit.net 00:00:40.83]            at FlaUI.Core.Tools.Retry.WhileTrue(Func`1 checkMethod, Nullable`1 timeout, Nullable`1 interval, Boolean throwOnTimeout, Boolean ignoreException, String timeoutMessage)&#xD;
[xUnit.net 00:00:40.83]            at FlaUI.Core.Application.WaitWhileMainHandleIsMissing(Nullable`1 waitTimeout)&#xD;
[xUnit.net 00:00:40.83]            at FlaUI.Core.Application.GetMainWindow(AutomationBase automation, Nullable`1 waitTimeout)&#xD;
[xUnit.net 00:00:40.83]         C:\Users\biges\Desktop\Wiley_Widget\WileyWidget.UiTests\MainWindowUITests.cs(371,0): at WileyWidget.UiTests.MainWindowUITests.MainWindow_HasExpectedDimensions()&#xD;
[xUnit.net 00:00:40.83]            at System.RuntimeMethodHandle.InvokeMethod(Object target, Void** arguments, Signature sig, Boolean isConstructor)&#xD;
[xUnit.net 00:00:40.83]            at System.Reflection.MethodBaseInvoker.InvokeWithNoArgs(Object obj, BindingFlags invokeAttr)&#xD;
[xUnit.net 00:00:40.83]         ----- Inner Stack Trace -----&#xD;
[xUnit.net 00:00:40.83]            at System.Diagnostics.Process.GetProcessById(Int32 processId, String machineName)&#xD;
[xUnit.net 00:00:40.83]            at FlaUI.Core.Application.FindProcess(Int32 processId)&#xD;
[xUnit.net 00:00:48.54]       System.Exception : Could not find process with id: 35508&#xD;
[xUnit.net 00:00:48.54]       ---- System.ArgumentException : Process with an Id of 35508 is not running.&#xD;
[xUnit.net 00:00:48.54]       Stack Trace:&#xD;
[xUnit.net 00:00:48.54]            at FlaUI.Core.Application.FindProcess(Int32 processId)&#xD;
[xUnit.net 00:00:48.54]            at FlaUI.Core.Application.&lt;WaitWhileMainHandleIsMissing&gt;b__33_0()&#xD;
[xUnit.net 00:00:48.54]            at FlaUI.Core.Tools.Retry.&lt;&gt;c__DisplayClass12_0.&lt;WhileTrue&gt;b__0()&#xD;
[xUnit.net 00:00:48.54]            at FlaUI.Core.Tools.Retry.While[T](Func`1 retryMethod, Func`2 checkMethod, Nullable`1 timeout, Nullable`1 interval, Boolean throwOnTimeout, Boolean ignoreException, String timeoutMessage, Boolean lastValueOnTimeout, T defaultOnTimeout)&#xD;
[xUnit.net 00:00:48.54]            at FlaUI.Core.Tools.Retry.WhileTrue(Func`1 checkMethod, Nullable`1 timeout, Nullable`1 interval, Boolean throwOnTimeout, Boolean ignoreException, String timeoutMessage)&#xD;
[xUnit.net 00:00:48.54]            at FlaUI.Core.Application.WaitWhileMainHandleIsMissing(Nullable`1 waitTimeout)&#xD;
[xUnit.net 00:00:48.54]            at FlaUI.Core.Application.GetMainWindow(AutomationBase automation, Nullable`1 waitTimeout)&#xD;
[xUnit.net 00:00:48.54]         C:\Users\biges\Desktop\Wiley_Widget\WileyWidget.UiTests\MainWindowUITests.cs(566,0): at WileyWidget.UiTests.MainWindowUITests.MainWindow_HasAllExpectedTabs()&#xD;
[xUnit.net 00:00:48.54]            at System.RuntimeMethodHandle.InvokeMethod(Object target, Void** arguments, Signature sig, Boolean isConstructor)&#xD;
[xUnit.net 00:00:48.54]            at System.Reflection.MethodBaseInvoker.InvokeWithNoArgs(Object obj, BindingFlags invokeAttr)&#xD;
[xUnit.net 00:00:48.54]         ----- Inner Stack Trace -----&#xD;
[xUnit.net 00:00:48.54]            at System.Diagnostics.Process.GetProcessById(Int32 processId, String machineName)&#xD;
[xUnit.net 00:00:48.54]            at FlaUI.Core.Application.FindProcess(Int32 processId)&#xD;
[xUnit.net 00:00:48.56]   Finished:    WileyWidget.UiTests&#xD;
</StdOut>
    </Output>
    <RunInfos>
      <RunInfo computerName="MCKITRICK" outcome="Warning" timestamp="2025-08-29T19:02:58.1638774-06:00">
        <Text>ExecutionThreadApartmentState option not supported for framework: .NETCoreApp,Version=v9.0.</Text>
      </RunInfo>
      <RunInfo computerName="MCKITRICK" outcome="Error" timestamp="2025-08-29T19:03:07.0608645-06:00">
        <Text>[xUnit.net 00:00:08.89]     WileyWidget.UiTests.MainWindowUITests.MainWindow_LoadsWithExpectedTitle [FAIL]</Text>
      </RunInfo>
      <RunInfo computerName="MCKITRICK" outcome="Error" timestamp="2025-08-29T19:03:15.3675482-06:00">
        <Text>[xUnit.net 00:00:17.20]     WileyWidget.UiTests.MainWindowUITests.MainWindow_ContainsRibbonInterface [FAIL]</Text>
      </RunInfo>
      <RunInfo computerName="MCKITRICK" outcome="Warning" timestamp="2025-08-29T19:03:15.3865730-06:00">
        <Text>[xUnit.net 00:00:17.22]     WileyWidget.UiTests.MainWindowUITests.MainWindow_HasExpectedUIElements [SKIP]</Text>
      </RunInfo>
      <RunInfo computerName="MCKITRICK" outcome="Error" timestamp="2025-08-29T19:03:23.0311144-06:00">
        <Text>[xUnit.net 00:00:24.86]     WileyWidget.UiTests.MainWindowUITests.MainWindow_ContainsTabControl [FAIL]</Text>
      </RunInfo>
      <RunInfo computerName="MCKITRICK" outcome="Error" timestamp="2025-08-29T19:03:30.9298647-06:00">
        <Text>[xUnit.net 00:00:32.76]     WileyWidget.UiTests.MainWindowUITests.Application_CanBeLaunchedFromTestEnvironment [FAIL]</Text>
      </RunInfo>
      <RunInfo computerName="MCKITRICK" outcome="Warning" timestamp="2025-08-29T19:03:30.9343491-06:00">
        <Text>[xUnit.net 00:00:32.76]     WileyWidget.UiTests.MainWindowUITests.MainWindow_CanBeLaunched [SKIP]</Text>
      </RunInfo>
      <RunInfo computerName="MCKITRICK" outcome="Error" timestamp="2025-08-29T19:03:38.9953435-06:00">
        <Text>[xUnit.net 00:00:40.83]     WileyWidget.UiTests.MainWindowUITests.MainWindow_HasExpectedDimensions [FAIL]</Text>
      </RunInfo>
      <RunInfo computerName="MCKITRICK" outcome="Error" timestamp="2025-08-29T19:03:46.7111107-06:00">
        <Text>[xUnit.net 00:00:48.54]     WileyWidget.UiTests.MainWindowUITests.MainWindow_HasAllExpectedTabs [FAIL]</Text>
      </RunInfo>
    </RunInfos>
    <CollectorDataEntries>
      <Collector agentName="MCKITRICK" uri="datacollector://microsoft/CodeCoverage/2.0" collectorDisplayName="Code Coverage">
        <UriAttachments>
          <UriAttachment>
            <A href="MCKITRICK\biges_MCKITRICK_2025-08-29.19_03_46.coverage"></A>
          </UriAttachment>
        </UriAttachments>
      </Collector>
    </CollectorDataEntries>
  </ResultSummary>
</TestRun>