<?xml version="1.0" encoding="utf-8"?>
<TestRun id="ffc9ab89-9c48-4a4b-932a-e99da3f36d4c" name="biges@MCKITRICK 2025-08-29 19:01:07" runUser="MCKITRICK\biges" xmlns="http://microsoft.com/schemas/VisualStudio/TeamTest/2010">
  <Times creation="2025-08-29T19:01:07.6022478-06:00" queuing="2025-08-29T19:01:07.6022485-06:00" start="2025-08-29T19:01:06.0981287-06:00" finish="2025-08-29T19:01:09.1701102-06:00" />
  <TestSettings name="default" id="2554b674-ecd9-4f28-bac7-413dbdc3de62">
    <Deployment runDeploymentRoot="biges_MCKITRICK_2025-08-29_19_01_07" />
  </TestSettings>
  <Results>
    <UnitTestResult executionId="5fad2820-62f0-4c42-9f57-83f1ee5687cd" testId="4bf0c2ec-7a7c-f8d8-6f1c-1f46f24b0af1" testName="WileyWidget.Tests.SettingsServiceTests.SettingsService_ResetForTests_Works" computerName="MCKITRICK" duration="00:00:00.0007290" startTime="2025-08-29T19:01:07.9303211-06:00" endTime="2025-08-29T19:01:07.9303212-06:00" testType="13cdc9d9-ddb5-4fa4-a97d-d965ccfc6d4b" outcome="Passed" testListId="8c84fa94-04c1-424b-9868-57a2d4851a1d" relativeResultsDirectory="5fad2820-62f0-4c42-9f57-83f1ee5687cd" />
    <UnitTestResult executionId="df8feec8-4dbf-4703-9820-f4d4a260ce0a" testId="7e338c26-7d68-229c-5870-5a210a219a3a" testName="WileyWidget.Tests.EnterpriseModelTests.Enterprise_MonthlyBalance_CalculatesCorrectly" computerName="MCKITRICK" duration="00:00:00.0001388" startTime="2025-08-29T19:01:07.6079548-06:00" endTime="2025-08-29T19:01:07.6079548-06:00" testType="13cdc9d9-ddb5-4fa4-a97d-d965ccfc6d4b" outcome="Passed" testListId="8c84fa94-04c1-424b-9868-57a2d4851a1d" relativeResultsDirectory="df8feec8-4dbf-4703-9820-f4d4a260ce0a" />
    <UnitTestResult executionId="82a068be-126e-4159-9394-d75816e4beee" testId="fdd256aa-95b4-4138-ef57-428d9bd57c15" testName="WileyWidget.Tests.MainViewModelTests.SelectNextCommand_WrapsToFirstWidget" computerName="MCKITRICK" duration="00:00:00.0007549" startTime="2025-08-29T19:01:07.8564874-06:00" endTime="2025-08-29T19:01:07.8564875-06:00" testType="13cdc9d9-ddb5-4fa4-a97d-d965ccfc6d4b" outcome="Passed" testListId="8c84fa94-04c1-424b-9868-57a2d4851a1d" relativeResultsDirectory="82a068be-126e-4159-9394-d75816e4beee" />
    <UnitTestResult executionId="88751674-b7fe-442f-bf26-e82cc77ac66c" testId="c888132b-1015-a40a-2843-8a77b9425be8" testName="WileyWidget.Tests.SettingsServiceTests.SettingsService_Save_CreatesFile" computerName="MCKITRICK" duration="00:00:00.0018306" startTime="2025-08-29T19:01:07.9327277-06:00" endTime="2025-08-29T19:01:07.9327281-06:00" testType="13cdc9d9-ddb5-4fa4-a97d-d965ccfc6d4b" outcome="Passed" testListId="8c84fa94-04c1-424b-9868-57a2d4851a1d" relativeResultsDirectory="88751674-b7fe-442f-bf26-e82cc77ac66c" />
    <UnitTestResult executionId="3d533659-b0c8-4864-b2e4-140a6c8173e4" testId="2917a8ba-f7f9-5b6b-3575-162e1a2173ef" testName="WileyWidget.Tests.WidgetTests.Widget_FormattedPrice_ReturnsCorrectFormat(price: 1234.56, expected: &quot;$1,234.56&quot;)" computerName="MCKITRICK" duration="00:00:00.0005530" startTime="2025-08-29T19:01:07.9482501-06:00" endTime="2025-08-29T19:01:07.9482502-06:00" testType="13cdc9d9-ddb5-4fa4-a97d-d965ccfc6d4b" outcome="Passed" testListId="8c84fa94-04c1-424b-9868-57a2d4851a1d" relativeResultsDirectory="3d533659-b0c8-4864-b2e4-140a6c8173e4" />
    <UnitTestResult executionId="edc4b92a-fb78-41a2-8de2-9e702905123d" testId="e472ca0e-4d1f-2cb2-ae79-f619786a7e3f" testName="WileyWidget.Tests.EnterpriseModelTests.Enterprise_MonthlyExpenses_Validation(expenses: -1, shouldBeValid: False)" computerName="MCKITRICK" duration="00:00:00.0014406" startTime="2025-08-29T19:01:07.5986291-06:00" endTime="2025-08-29T19:01:07.5986293-06:00" testType="13cdc9d9-ddb5-4fa4-a97d-d965ccfc6d4b" outcome="Passed" testListId="8c84fa94-04c1-424b-9868-57a2d4851a1d" relativeResultsDirectory="edc4b92a-fb78-41a2-8de2-9e702905123d" />
    <UnitTestResult executionId="a6b87724-9aba-4dce-a09d-1b25d5fef060" testId="4f96b557-5805-2ffc-7a99-6d790882f18b" testName="WileyWidget.Tests.EnterpriseTests.Enterprise_CalculatedProperties_WorkCorrectly(currentRate: 0.5, citizenCount: 1000, expenses: 1000, expectedBalance: -500)" computerName="MCKITRICK" duration="00:00:00.0000045" startTime="2025-08-29T19:01:07.9608249-06:00" endTime="2025-08-29T19:01:07.9608249-06:00" testType="13cdc9d9-ddb5-4fa4-a97d-d965ccfc6d4b" outcome="Passed" testListId="8c84fa94-04c1-424b-9868-57a2d4851a1d" relativeResultsDirectory="a6b87724-9aba-4dce-a09d-1b25d5fef060" />
    <UnitTestResult executionId="74c30d80-f479-42d1-a77f-0b6d0391a749" testId="2beb22ae-6dec-0df2-163d-82054723e892" testName="WileyWidget.Tests.WidgetTests.Widget_Price_Validation(price: 0.01, shouldBeValid: True)" computerName="MCKITRICK" duration="00:00:00.0003889" startTime="2025-08-29T19:01:07.9507776-06:00" endTime="2025-08-29T19:01:07.9507777-06:00" testType="13cdc9d9-ddb5-4fa4-a97d-d965ccfc6d4b" outcome="Passed" testListId="8c84fa94-04c1-424b-9868-57a2d4851a1d" relativeResultsDirectory="74c30d80-f479-42d1-a77f-0b6d0391a749" />
    <UnitTestResult executionId="fc7a92f3-1941-433b-958b-a2bb2d610381" testId="de72c0f3-fa26-9d6c-6ca7-32a0c98717f3" testName="WileyWidget.Tests.WidgetTests.Widget_Price_Validation(price: 1000.99, shouldBeValid: True)" computerName="MCKITRICK" duration="00:00:00.0000616" startTime="2025-08-29T19:01:07.9514466-06:00" endTime="2025-08-29T19:01:07.9514467-06:00" testType="13cdc9d9-ddb5-4fa4-a97d-d965ccfc6d4b" outcome="Passed" testListId="8c84fa94-04c1-424b-9868-57a2d4851a1d" relativeResultsDirectory="fc7a92f3-1941-433b-958b-a2bb2d610381" />
    <UnitTestResult executionId="b74df4fb-ec47-4856-847d-06b6d159e47a" testId="6fb64c30-f462-9da3-d1f6-08832453c990" testName="WileyWidget.Tests.MainWindowUnitTests.ApplyWpfTheme_MethodExists" computerName="MCKITRICK" duration="00:00:00.0006790" startTime="2025-08-29T19:01:09.0305503-06:00" endTime="2025-08-29T19:01:09.0305505-06:00" testType="13cdc9d9-ddb5-4fa4-a97d-d965ccfc6d4b" outcome="Failed" testListId="8c84fa94-04c1-424b-9868-57a2d4851a1d" relativeResultsDirectory="b74df4fb-ec47-4856-847d-06b6d159e47a">
      <Output>
        <ErrorInfo>
          <Message>System.InvalidOperationException : The calling thread must be STA, because many UI components require this.</Message>
          <StackTrace>   at System.Windows.Input.InputManager..ctor()&#xD;
   at System.Windows.Input.InputManager.GetCurrentInputManagerImpl()&#xD;
   at System.Windows.Input.KeyboardNavigation..ctor()&#xD;
   at System.Windows.FrameworkElement.FrameworkServices..ctor()&#xD;
   at System.Windows.FrameworkElement.EnsureFrameworkServices()&#xD;
   at System.Windows.FrameworkElement..ctor()&#xD;
   at System.Windows.Controls.Control..ctor()&#xD;
   at System.Windows.Window..ctor()&#xD;
   at WileyWidget.MainWindow..ctor() in C:\Users\biges\Desktop\Wiley_Widget\Views\MainWindow.xaml.cs:line 59&#xD;
   at WileyWidget.Tests.MainWindowUnitTests.ApplyWpfTheme_MethodExists() in C:\Users\biges\Desktop\Wiley_Widget\WileyWidget.Tests\MainWindowUnitTests.cs:line 92&#xD;
   at System.RuntimeMethodHandle.InvokeMethod(Object target, Void** arguments, Signature sig, Boolean isConstructor)&#xD;
   at System.Reflection.MethodBaseInvoker.InvokeWithNoArgs(Object obj, BindingFlags invokeAttr)</StackTrace>
        </ErrorInfo>
      </Output>
    </UnitTestResult>
    <UnitTestResult executionId="632d7666-2128-4ada-93ea-ea0b78b89f98" testId="c0f826c4-a2e8-a2fe-55fc-c1924806102d" testName="WileyWidget.Tests.WidgetTests.Widget_Quantity_Validation(quantity: 0, shouldBeValid: True)" computerName="MCKITRICK" duration="00:00:00.0003776" startTime="2025-08-29T19:01:07.9581258-06:00" endTime="2025-08-29T19:01:07.9581258-06:00" testType="13cdc9d9-ddb5-4fa4-a97d-d965ccfc6d4b" outcome="Passed" testListId="8c84fa94-04c1-424b-9868-57a2d4851a1d" relativeResultsDirectory="632d7666-2128-4ada-93ea-ea0b78b89f98" />
    <UnitTestResult executionId="996a0f13-1b00-4093-bdb0-1a5641ba2a00" testId="7bcc6455-9ef8-ed52-9eb1-702e76df051d" testName="WileyWidget.Tests.WidgetTests.Widget_Price_Validation(price: -1, shouldBeValid: False)" computerName="MCKITRICK" duration="00:00:00.0000603" startTime="2025-08-29T19:01:07.9518873-06:00" endTime="2025-08-29T19:01:07.9518874-06:00" testType="13cdc9d9-ddb5-4fa4-a97d-d965ccfc6d4b" outcome="Passed" testListId="8c84fa94-04c1-424b-9868-57a2d4851a1d" relativeResultsDirectory="996a0f13-1b00-4093-bdb0-1a5641ba2a00" />
    <UnitTestResult executionId="13b3d0e3-6207-478a-a598-f16a86e86404" testId="7d89b2b7-2e04-1507-fb4c-fafb91c62761" testName="WileyWidget.Tests.DatabaseIntegrationTests.GetByIdAsync_ReturnsNullForNonExistentId" computerName="MCKITRICK" duration="00:00:00.0232249" startTime="2025-08-29T19:01:08.8210863-06:00" endTime="2025-08-29T19:01:08.8210863-06:00" testType="13cdc9d9-ddb5-4fa4-a97d-d965ccfc6d4b" outcome="Passed" testListId="8c84fa94-04c1-424b-9868-57a2d4851a1d" relativeResultsDirectory="13b3d0e3-6207-478a-a598-f16a86e86404" />
    <UnitTestResult executionId="6db96eb8-7bdd-4841-9d25-21fc616fc537" testId="2f6535a3-ca21-5a5e-d2ea-27f9db0d9635" testName="WileyWidget.Tests.BudgetInteractionTests.BudgetInteraction_SecondaryEnterpriseId_CanBeNull" computerName="MCKITRICK" duration="00:00:00.0076526" startTime="2025-08-29T19:01:07.5488852-06:00" endTime="2025-08-29T19:01:07.5488966-06:00" testType="13cdc9d9-ddb5-4fa4-a97d-d965ccfc6d4b" outcome="Passed" testListId="8c84fa94-04c1-424b-9868-57a2d4851a1d" relativeResultsDirectory="6db96eb8-7bdd-4841-9d25-21fc616fc537" />
    <UnitTestResult executionId="92a92026-49e9-4c57-820a-ec9730491f51" testId="4496488f-c883-aa7a-35a7-d9dbf4a2d3b2" testName="WileyWidget.Tests.EnterpriseModelTests.Enterprise_CurrentRate_Validation(rate: 0.01, shouldBeValid: True)" computerName="MCKITRICK" duration="00:00:00.0000083" startTime="2025-08-29T19:01:07.6009890-06:00" endTime="2025-08-29T19:01:07.6009891-06:00" testType="13cdc9d9-ddb5-4fa4-a97d-d965ccfc6d4b" outcome="Passed" testListId="8c84fa94-04c1-424b-9868-57a2d4851a1d" relativeResultsDirectory="92a92026-49e9-4c57-820a-ec9730491f51" />
    <UnitTestResult executionId="a6b5ee3c-56d4-4975-bf6a-4cf7d2f38c4b" testId="85ee0bd4-7821-b257-c0c8-28e38b9ba9de" testName="WileyWidget.Tests.EnterpriseDatabaseTests.DataIsolation_TestRollbackBehavior_UsingDirectConnection" computerName="MCKITRICK" duration="00:00:00.0349175" startTime="2025-08-29T19:01:08.2453888-06:00" endTime="2025-08-29T19:01:08.2453889-06:00" testType="13cdc9d9-ddb5-4fa4-a97d-d965ccfc6d4b" outcome="Passed" testListId="8c84fa94-04c1-424b-9868-57a2d4851a1d" relativeResultsDirectory="a6b5ee3c-56d4-4975-bf6a-4cf7d2f38c4b" />
    <UnitTestResult executionId="1b6a5353-dcd0-45f1-988b-5d95e36ea295" testId="cb3b465a-00da-a1e4-c2c6-1368be36d3e5" testName="WileyWidget.Tests.EnterpriseTests.Enterprise_Name_Validation(name: &quot;Valid Name&quot;, shouldBeValid: True)" computerName="MCKITRICK" duration="00:00:00.0000133" startTime="2025-08-29T19:01:07.9658799-06:00" endTime="2025-08-29T19:01:07.9658799-06:00" testType="13cdc9d9-ddb5-4fa4-a97d-d965ccfc6d4b" outcome="Passed" testListId="8c84fa94-04c1-424b-9868-57a2d4851a1d" relativeResultsDirectory="1b6a5353-dcd0-45f1-988b-5d95e36ea295" />
    <UnitTestResult executionId="f9347b93-538f-4fc0-87ec-e7acbd2501cf" testId="93b4d7b9-17c9-4651-e29a-009cb361e97b" testName="WileyWidget.Tests.EnterpriseModelTests.Enterprise_BreakEvenRate_CalculatesCorrectly" computerName="MCKITRICK" duration="00:00:00.0003061" startTime="2025-08-29T19:01:07.6070678-06:00" endTime="2025-08-29T19:01:07.6070680-06:00" testType="13cdc9d9-ddb5-4fa4-a97d-d965ccfc6d4b" outcome="Passed" testListId="8c84fa94-04c1-424b-9868-57a2d4851a1d" relativeResultsDirectory="f9347b93-538f-4fc0-87ec-e7acbd2501cf" />
    <UnitTestResult executionId="5c50ec3a-73c1-4749-8beb-23ba9d5cf2f0" testId="b7c1d19c-bee4-911c-3a8a-0800f7a4f194" testName="WileyWidget.Tests.EnterpriseTests.Enterprise_CalculatedProperties_WorkCorrectly(currentRate: 1.5, citizenCount: 1000, expenses: 500, expectedBalance: 1000)" computerName="MCKITRICK" duration="00:00:00.0001796" startTime="2025-08-29T19:01:07.9602104-06:00" endTime="2025-08-29T19:01:07.9602104-06:00" testType="13cdc9d9-ddb5-4fa4-a97d-d965ccfc6d4b" outcome="Passed" testListId="8c84fa94-04c1-424b-9868-57a2d4851a1d" relativeResultsDirectory="5c50ec3a-73c1-4749-8beb-23ba9d5cf2f0" />
    <UnitTestResult executionId="5d0abb85-2e7b-43b7-bdcc-b2a827107509" testId="5d639713-4743-ccd9-2f90-7e9060b35c6a" testName="WileyWidget.Tests.MainWindowUnitTests.NormalizeTheme_WithFluentDark_ReturnsFluentDark" computerName="MCKITRICK" duration="00:00:00.0009110" startTime="2025-08-29T19:01:09.0269586-06:00" endTime="2025-08-29T19:01:09.0269589-06:00" testType="13cdc9d9-ddb5-4fa4-a97d-d965ccfc6d4b" outcome="Failed" testListId="8c84fa94-04c1-424b-9868-57a2d4851a1d" relativeResultsDirectory="5d0abb85-2e7b-43b7-bdcc-b2a827107509">
      <Output>
        <ErrorInfo>
          <Message>System.InvalidOperationException : The calling thread must be STA, because many UI components require this.</Message>
          <StackTrace>   at System.Windows.Input.InputManager..ctor()&#xD;
   at System.Windows.Input.InputManager.GetCurrentInputManagerImpl()&#xD;
   at System.Windows.Input.KeyboardNavigation..ctor()&#xD;
   at System.Windows.FrameworkElement.FrameworkServices..ctor()&#xD;
   at System.Windows.FrameworkElement.EnsureFrameworkServices()&#xD;
   at System.Windows.FrameworkElement..ctor()&#xD;
   at System.Windows.Controls.Control..ctor()&#xD;
   at System.Windows.Window..ctor()&#xD;
   at WileyWidget.MainWindow..ctor() in C:\Users\biges\Desktop\Wiley_Widget\Views\MainWindow.xaml.cs:line 59&#xD;
   at WileyWidget.Tests.MainWindowUnitTests.NormalizeTheme_WithFluentDark_ReturnsFluentDark() in C:\Users\biges\Desktop\Wiley_Widget\WileyWidget.Tests\MainWindowUnitTests.cs:line 118&#xD;
   at System.RuntimeMethodHandle.InvokeMethod(Object target, Void** arguments, Signature sig, Boolean isConstructor)&#xD;
   at System.Reflection.MethodBaseInvoker.InvokeWithNoArgs(Object obj, BindingFlags invokeAttr)</StackTrace>
        </ErrorInfo>
      </Output>
    </UnitTestResult>
    <UnitTestResult executionId="9bf9b897-80d4-4514-aaa8-30180231e624" testId="52b06d6e-0e7b-45f1-e848-734105f0bc9a" testName="WileyWidget.Tests.MainWindowUnitTests.BuildDynamicColumns_MethodExists" computerName="MCKITRICK" duration="00:00:00.0004385" startTime="2025-08-29T19:01:09.0485963-06:00" endTime="2025-08-29T19:01:09.0485964-06:00" testType="13cdc9d9-ddb5-4fa4-a97d-d965ccfc6d4b" outcome="Failed" testListId="8c84fa94-04c1-424b-9868-57a2d4851a1d" relativeResultsDirectory="9bf9b897-80d4-4514-aaa8-30180231e624">
      <Output>
        <ErrorInfo>
          <Message>System.InvalidOperationException : The calling thread must be STA, because many UI components require this.</Message>
          <StackTrace>   at System.Windows.Input.InputManager..ctor()&#xD;
   at System.Windows.Input.InputManager.GetCurrentInputManagerImpl()&#xD;
   at System.Windows.Input.KeyboardNavigation..ctor()&#xD;
   at System.Windows.FrameworkElement.FrameworkServices..ctor()&#xD;
   at System.Windows.FrameworkElement.EnsureFrameworkServices()&#xD;
   at System.Windows.FrameworkElement..ctor()&#xD;
   at System.Windows.Controls.Control..ctor()&#xD;
   at System.Windows.Window..ctor()&#xD;
   at WileyWidget.MainWindow..ctor() in C:\Users\biges\Desktop\Wiley_Widget\Views\MainWindow.xaml.cs:line 59&#xD;
   at WileyWidget.Tests.MainWindowUnitTests.BuildDynamicColumns_MethodExists() in C:\Users\biges\Desktop\Wiley_Widget\WileyWidget.Tests\MainWindowUnitTests.cs:line 105&#xD;
   at System.RuntimeMethodHandle.InvokeMethod(Object target, Void** arguments, Signature sig, Boolean isConstructor)&#xD;
   at System.Reflection.MethodBaseInvoker.InvokeWithNoArgs(Object obj, BindingFlags invokeAttr)</StackTrace>
        </ErrorInfo>
      </Output>
    </UnitTestResult>
    <UnitTestResult executionId="fb359595-aaa3-4f9f-a304-896f8166aa37" testId="3d9418a8-7d7a-ace8-cce3-7f6d8639b60f" testName="WileyWidget.Tests.EnterpriseTests.Enterprise_Name_Validation(name: &quot;This is a very long enterprise name that exceeds t&quot;···, shouldBeValid: False)" computerName="MCKITRICK" duration="00:00:00.0000286" startTime="2025-08-29T19:01:07.9655072-06:00" endTime="2025-08-29T19:01:07.9655073-06:00" testType="13cdc9d9-ddb5-4fa4-a97d-d965ccfc6d4b" outcome="Passed" testListId="8c84fa94-04c1-424b-9868-57a2d4851a1d" relativeResultsDirectory="fb359595-aaa3-4f9f-a304-896f8166aa37" />
    <UnitTestResult executionId="72b1f629-1b10-4644-8e4e-7f046c9bb4b1" testId="06acef7a-66a9-41e5-0b52-833373b805fd" testName="WileyWidget.Tests.SettingsServiceTests.SettingsService_Instance_IsSingleton" computerName="MCKITRICK" duration="00:00:00.0007113" startTime="2025-08-29T19:01:07.9451406-06:00" endTime="2025-08-29T19:01:07.9451408-06:00" testType="13cdc9d9-ddb5-4fa4-a97d-d965ccfc6d4b" outcome="Passed" testListId="8c84fa94-04c1-424b-9868-57a2d4851a1d" relativeResultsDirectory="72b1f629-1b10-4644-8e4e-7f046c9bb4b1" />
    <UnitTestResult executionId="e2f6a8ba-ca3b-473f-b61e-f0f431f57e5a" testId="40d7657d-f657-0f30-1e57-f9b4790fea1e" testName="WileyWidget.Tests.BudgetInteractionTests.BudgetInteraction_MonthlyAmount_Validation(amount: 1000.99, shouldBeValid: True)" computerName="MCKITRICK" duration="00:00:00.0003124" startTime="2025-08-29T19:01:07.5868581-06:00" endTime="2025-08-29T19:01:07.5868582-06:00" testType="13cdc9d9-ddb5-4fa4-a97d-d965ccfc6d4b" outcome="Passed" testListId="8c84fa94-04c1-424b-9868-57a2d4851a1d" relativeResultsDirectory="e2f6a8ba-ca3b-473f-b61e-f0f431f57e5a" />
    <UnitTestResult executionId="6f851401-739a-4e5e-b623-a145001889cc" testId="0d4e12bb-b410-10f4-ea79-224ef1ad4ec2" testName="WileyWidget.Tests.BudgetInteractionTests.BudgetInteraction_MonthlyAmount_Validation(amount: -1, shouldBeValid: False)" computerName="MCKITRICK" duration="00:00:00.0003189" startTime="2025-08-29T19:01:07.5879563-06:00" endTime="2025-08-29T19:01:07.5879566-06:00" testType="13cdc9d9-ddb5-4fa4-a97d-d965ccfc6d4b" outcome="Passed" testListId="8c84fa94-04c1-424b-9868-57a2d4851a1d" relativeResultsDirectory="6f851401-739a-4e5e-b623-a145001889cc" />
    <UnitTestResult executionId="d58aee88-143a-4364-86a7-3c8374718aa9" testId="5f349e6c-e09e-70aa-e134-6073e4276708" testName="WileyWidget.Tests.WidgetTests.Widget_Name_Validation(name: &quot;&quot;, shouldBeValid: False)" computerName="MCKITRICK" duration="00:00:00.0000621" startTime="2025-08-29T19:01:07.9563455-06:00" endTime="2025-08-29T19:01:07.9563456-06:00" testType="13cdc9d9-ddb5-4fa4-a97d-d965ccfc6d4b" outcome="Passed" testListId="8c84fa94-04c1-424b-9868-57a2d4851a1d" relativeResultsDirectory="d58aee88-143a-4364-86a7-3c8374718aa9" />
    <UnitTestResult executionId="1da69366-376f-4698-afea-5707bcf20445" testId="d952c50c-d956-1f7c-9b09-2b7891193ead" testName="WileyWidget.Tests.BudgetInteractionTests.BudgetInteraction_Description_Validation(description: &quot;&quot;, shouldBeValid: False)" computerName="MCKITRICK" duration="00:00:00.0004359" startTime="2025-08-29T19:01:07.5928370-06:00" endTime="2025-08-29T19:01:07.5928373-06:00" testType="13cdc9d9-ddb5-4fa4-a97d-d965ccfc6d4b" outcome="Passed" testListId="8c84fa94-04c1-424b-9868-57a2d4851a1d" relativeResultsDirectory="1da69366-376f-4698-afea-5707bcf20445" />
    <UnitTestResult executionId="4a3181fa-f2ef-4444-bdc7-895678fa7cd6" testId="10b1ef9a-89d0-7820-4fdf-06d433c43486" testName="WileyWidget.Tests.EnterpriseModelTests.Enterprise_Name_Validation(name: &quot;&quot;, shouldBeValid: False)" computerName="MCKITRICK" duration="00:00:00.0000610" startTime="2025-08-29T19:01:07.6027261-06:00" endTime="2025-08-29T19:01:07.6027262-06:00" testType="13cdc9d9-ddb5-4fa4-a97d-d965ccfc6d4b" outcome="Passed" testListId="8c84fa94-04c1-424b-9868-57a2d4851a1d" relativeResultsDirectory="4a3181fa-f2ef-4444-bdc7-895678fa7cd6" />
    <UnitTestResult executionId="5bfee681-fe69-41d6-aad7-664d40a8a87f" testId="c093cc50-deee-4751-29ce-343ea9d35c10" testName="WileyWidget.Tests.EnterpriseTests.Enterprise_Name_Validation(name: &quot;A&quot;, shouldBeValid: True)" computerName="MCKITRICK" duration="00:00:00.0000106" startTime="2025-08-29T19:01:07.9656992-06:00" endTime="2025-08-29T19:01:07.9656993-06:00" testType="13cdc9d9-ddb5-4fa4-a97d-d965ccfc6d4b" outcome="Passed" testListId="8c84fa94-04c1-424b-9868-57a2d4851a1d" relativeResultsDirectory="5bfee681-fe69-41d6-aad7-664d40a8a87f" />
    <UnitTestResult executionId="00f8dfd8-f0c0-4db4-ac1f-70defe4e1ba0" testId="e624f24d-1a26-231f-cac9-67120c12c28b" testName="WileyWidget.Tests.BudgetInteractionTests.BudgetInteraction_IsCost_DefaultsToTrue" computerName="MCKITRICK" duration="00:00:00.0001390" startTime="2025-08-29T19:01:07.5955760-06:00" endTime="2025-08-29T19:01:07.5955761-06:00" testType="13cdc9d9-ddb5-4fa4-a97d-d965ccfc6d4b" outcome="Passed" testListId="8c84fa94-04c1-424b-9868-57a2d4851a1d" relativeResultsDirectory="00f8dfd8-f0c0-4db4-ac1f-70defe4e1ba0" />
    <UnitTestResult executionId="b421446f-4f77-41a8-8470-dc01336e53db" testId="33627335-316c-cbc4-3f2e-4374d3f98bd0" testName="WileyWidget.Tests.SettingsServiceTests.SettingsService_Load_ReadsFileCorrectly" computerName="MCKITRICK" duration="00:00:00.0470581" startTime="2025-08-29T19:01:07.9066747-06:00" endTime="2025-08-29T19:01:07.9066749-06:00" testType="13cdc9d9-ddb5-4fa4-a97d-d965ccfc6d4b" outcome="Passed" testListId="8c84fa94-04c1-424b-9868-57a2d4851a1d" relativeResultsDirectory="b421446f-4f77-41a8-8470-dc01336e53db" />
    <UnitTestResult executionId="2a03cbd7-5ddd-4bbd-bfdc-959598e48816" testId="ef0f0bc6-05a9-f4ec-9eaa-324bcd7d0328" testName="WileyWidget.Tests.AppUnitTests.ConfigureLogging_SetsUpLoggerCorrectly" computerName="MCKITRICK" duration="00:00:00.0001406" startTime="2025-08-29T19:01:08.9779782-06:00" endTime="2025-08-29T19:01:08.9779783-06:00" testType="13cdc9d9-ddb5-4fa4-a97d-d965ccfc6d4b" outcome="Passed" testListId="8c84fa94-04c1-424b-9868-57a2d4851a1d" relativeResultsDirectory="2a03cbd7-5ddd-4bbd-bfdc-959598e48816" />
    <UnitTestResult executionId="80ea40f6-b528-4311-8862-8efa778c42a0" testId="a4b79d30-1b57-4783-2bc5-b481543036fd" testName="WileyWidget.Tests.BudgetInteractionTests.BudgetInteraction_InteractionType_Validation(type: &quot;Dependency&quot;, shouldBeValid: True)" computerName="MCKITRICK" duration="00:00:00.0000206" startTime="2025-08-29T19:01:07.5634461-06:00" endTime="2025-08-29T19:01:07.5634461-06:00" testType="13cdc9d9-ddb5-4fa4-a97d-d965ccfc6d4b" outcome="Passed" testListId="8c84fa94-04c1-424b-9868-57a2d4851a1d" relativeResultsDirectory="80ea40f6-b528-4311-8862-8efa778c42a0" />
    <UnitTestResult executionId="9bfba4c1-07c2-45af-82d5-904a5fe09a8d" testId="a4f037bc-7338-9135-cfbf-a9e8758843b8" testName="WileyWidget.Tests.BudgetInteractionTests.BudgetInteraction_InteractionType_Validation(type: &quot;&quot;, shouldBeValid: False)" computerName="MCKITRICK" duration="00:00:00.0011829" startTime="2025-08-29T19:01:07.5632105-06:00" endTime="2025-08-29T19:01:07.5632108-06:00" testType="13cdc9d9-ddb5-4fa4-a97d-d965ccfc6d4b" outcome="Passed" testListId="8c84fa94-04c1-424b-9868-57a2d4851a1d" relativeResultsDirectory="9bfba4c1-07c2-45af-82d5-904a5fe09a8d" />
    <UnitTestResult executionId="cf92a2f3-0d65-4b53-9048-69eb1090076c" testId="a9dc7ce3-2ee9-2217-fa87-9dcfd65a9dfd" testName="WileyWidget.Tests.BudgetAnalyticsTests.BudgetInsights_GeneratesCorrectInsights_ForSurplus" computerName="MCKITRICK" duration="00:00:00.0002967" startTime="2025-08-29T19:01:07.6563361-06:00" endTime="2025-08-29T19:01:07.6563362-06:00" testType="13cdc9d9-ddb5-4fa4-a97d-d965ccfc6d4b" outcome="Passed" testListId="8c84fa94-04c1-424b-9868-57a2d4851a1d" relativeResultsDirectory="cf92a2f3-0d65-4b53-9048-69eb1090076c" />
    <UnitTestResult executionId="c7bb55d4-48de-4848-9924-8e58259c46bf" testId="c99ffb98-6608-7343-fd97-cece2671f5c7" testName="WileyWidget.Tests.WidgetTests.Widget_FormattedPrice_ReturnsCorrectFormat(price: 0.01, expected: &quot;$0.01&quot;)" computerName="MCKITRICK" duration="00:00:00.0000050" startTime="2025-08-29T19:01:07.9488316-06:00" endTime="2025-08-29T19:01:07.9488316-06:00" testType="13cdc9d9-ddb5-4fa4-a97d-d965ccfc6d4b" outcome="Passed" testListId="8c84fa94-04c1-424b-9868-57a2d4851a1d" relativeResultsDirectory="c7bb55d4-48de-4848-9924-8e58259c46bf" />
    <UnitTestResult executionId="f1ce180c-e342-4305-9075-cad134eb2a0c" testId="25b8fb25-b35c-750d-fc82-a043fadd7008" testName="WileyWidget.Tests.WidgetTests.Widget_DisplayName_ReturnsCorrectFormat(name: &quot;Widget Name&quot;, sku: &quot;   &quot;, expected: &quot;Widget Name&quot;)" computerName="MCKITRICK" duration="00:00:00.0000067" startTime="2025-08-29T19:01:07.9545460-06:00" endTime="2025-08-29T19:01:07.9545460-06:00" testType="13cdc9d9-ddb5-4fa4-a97d-d965ccfc6d4b" outcome="Passed" testListId="8c84fa94-04c1-424b-9868-57a2d4851a1d" relativeResultsDirectory="f1ce180c-e342-4305-9075-cad134eb2a0c" />
    <UnitTestResult executionId="e49edfca-fd3f-47b6-a75a-46f0336f6a8f" testId="00f90a30-6cfb-102f-2905-fe6964421a8d" testName="WileyWidget.Tests.EnterpriseModelTests.Enterprise_CurrentRate_Validation(rate: 0.005, shouldBeValid: False)" computerName="MCKITRICK" duration="00:00:00.0000151" startTime="2025-08-29T19:01:07.6007086-06:00" endTime="2025-08-29T19:01:07.6007087-06:00" testType="13cdc9d9-ddb5-4fa4-a97d-d965ccfc6d4b" outcome="Passed" testListId="8c84fa94-04c1-424b-9868-57a2d4851a1d" relativeResultsDirectory="e49edfca-fd3f-47b6-a75a-46f0336f6a8f" />
    <UnitTestResult executionId="f9457dcc-1ff8-4262-9be3-4882147c59f3" testId="7246089f-63b6-7ef4-dd1c-f0a97a0cbf37" testName="WileyWidget.Tests.MainViewModelTests.SelectedWidget_PropertyChange_Notification" computerName="MCKITRICK" duration="00:00:00.0015161" startTime="2025-08-29T19:01:07.8554544-06:00" endTime="2025-08-29T19:01:07.8554546-06:00" testType="13cdc9d9-ddb5-4fa4-a97d-d965ccfc6d4b" outcome="Passed" testListId="8c84fa94-04c1-424b-9868-57a2d4851a1d" relativeResultsDirectory="f9457dcc-1ff8-4262-9be3-4882147c59f3" />
    <UnitTestResult executionId="d2603a35-f466-441e-8224-f5900c8b05bb" testId="5e00cc24-af68-8e5e-7215-9a710f60e406" testName="WileyWidget.Tests.AppUnitTests.RegisterSyncfusionLicense_MethodExists" computerName="MCKITRICK" duration="00:00:00.0002663" startTime="2025-08-29T19:01:08.9760581-06:00" endTime="2025-08-29T19:01:08.9760582-06:00" testType="13cdc9d9-ddb5-4fa4-a97d-d965ccfc6d4b" outcome="Passed" testListId="8c84fa94-04c1-424b-9868-57a2d4851a1d" relativeResultsDirectory="d2603a35-f466-441e-8224-f5900c8b05bb" />
    <UnitTestResult executionId="29c1f50b-2314-43d0-8f09-cb2faf24edae" testId="04dd675b-629e-a516-a8ca-baee13393506" testName="WileyWidget.Tests.SettingsServiceTests.SettingsService_Load_HandlesCorruptFile" computerName="MCKITRICK" duration="00:00:00.0043656" startTime="2025-08-29T19:01:07.9404407-06:00" endTime="2025-08-29T19:01:07.9404410-06:00" testType="13cdc9d9-ddb5-4fa4-a97d-d965ccfc6d4b" outcome="Passed" testListId="8c84fa94-04c1-424b-9868-57a2d4851a1d" relativeResultsDirectory="29c1f50b-2314-43d0-8f09-cb2faf24edae" />
    <UnitTestResult executionId="73ce03ec-0be3-4358-83b6-e0c1bd9cdb9e" testId="4d20292b-dbaf-eee0-cf45-638c0a52c116" testName="WileyWidget.Tests.BudgetInteractionTests.BudgetInteraction_Description_Validation(description: null, shouldBeValid: False)" computerName="MCKITRICK" duration="00:00:00.0000150" startTime="2025-08-29T19:01:07.5933837-06:00" endTime="2025-08-29T19:01:07.5933838-06:00" testType="13cdc9d9-ddb5-4fa4-a97d-d965ccfc6d4b" outcome="Passed" testListId="8c84fa94-04c1-424b-9868-57a2d4851a1d" relativeResultsDirectory="73ce03ec-0be3-4358-83b6-e0c1bd9cdb9e" />
    <UnitTestResult executionId="a009ab0b-4653-46c2-bf3d-1c3875a6086c" testId="49c4f10e-2239-3841-978f-d0dc2d82b2ba" testName="WileyWidget.Tests.MainWindowUnitTests.NormalizeTheme_WithNull_ReturnsDefault" computerName="MCKITRICK" duration="00:00:00.0007276" startTime="2025-08-29T19:01:09.0445605-06:00" endTime="2025-08-29T19:01:09.0445607-06:00" testType="13cdc9d9-ddb5-4fa4-a97d-d965ccfc6d4b" outcome="Failed" testListId="8c84fa94-04c1-424b-9868-57a2d4851a1d" relativeResultsDirectory="a009ab0b-4653-46c2-bf3d-1c3875a6086c">
      <Output>
        <ErrorInfo>
          <Message>System.InvalidOperationException : The calling thread must be STA, because many UI components require this.</Message>
          <StackTrace>   at System.Windows.Input.InputManager..ctor()&#xD;
   at System.Windows.Input.InputManager.GetCurrentInputManagerImpl()&#xD;
   at System.Windows.Input.KeyboardNavigation..ctor()&#xD;
   at System.Windows.FrameworkElement.FrameworkServices..ctor()&#xD;
   at System.Windows.FrameworkElement.EnsureFrameworkServices()&#xD;
   at System.Windows.FrameworkElement..ctor()&#xD;
   at System.Windows.Controls.Control..ctor()&#xD;
   at System.Windows.Window..ctor()&#xD;
   at WileyWidget.MainWindow..ctor() in C:\Users\biges\Desktop\Wiley_Widget\Views\MainWindow.xaml.cs:line 59&#xD;
   at WileyWidget.Tests.MainWindowUnitTests.NormalizeTheme_WithNull_ReturnsDefault() in C:\Users\biges\Desktop\Wiley_Widget\WileyWidget.Tests\MainWindowUnitTests.cs:line 148&#xD;
   at System.RuntimeMethodHandle.InvokeMethod(Object target, Void** arguments, Signature sig, Boolean isConstructor)&#xD;
   at System.Reflection.MethodBaseInvoker.InvokeWithNoArgs(Object obj, BindingFlags invokeAttr)</StackTrace>
        </ErrorInfo>
      </Output>
    </UnitTestResult>
    <UnitTestResult executionId="326a70cc-cff2-467b-8312-858659ca8223" testId="08055736-1e09-8961-dc89-8e2a25887239" testName="WileyWidget.Tests.MainWindowUnitTests.LogSyncfusionControls_MethodExists" computerName="MCKITRICK" duration="00:00:00.0007034" startTime="2025-08-29T19:01:09.0417391-06:00" endTime="2025-08-29T19:01:09.0417394-06:00" testType="13cdc9d9-ddb5-4fa4-a97d-d965ccfc6d4b" outcome="Failed" testListId="8c84fa94-04c1-424b-9868-57a2d4851a1d" relativeResultsDirectory="326a70cc-cff2-467b-8312-858659ca8223">
      <Output>
        <ErrorInfo>
          <Message>System.InvalidOperationException : The calling thread must be STA, because many UI components require this.</Message>
          <StackTrace>   at System.Windows.Input.InputManager..ctor()&#xD;
   at System.Windows.Input.InputManager.GetCurrentInputManagerImpl()&#xD;
   at System.Windows.Input.KeyboardNavigation..ctor()&#xD;
   at System.Windows.FrameworkElement.FrameworkServices..ctor()&#xD;
   at System.Windows.FrameworkElement.EnsureFrameworkServices()&#xD;
   at System.Windows.FrameworkElement..ctor()&#xD;
   at System.Windows.Controls.Control..ctor()&#xD;
   at System.Windows.Window..ctor()&#xD;
   at WileyWidget.MainWindow..ctor() in C:\Users\biges\Desktop\Wiley_Widget\Views\MainWindow.xaml.cs:line 59&#xD;
   at WileyWidget.Tests.MainWindowUnitTests.LogSyncfusionControls_MethodExists() in C:\Users\biges\Desktop\Wiley_Widget\WileyWidget.Tests\MainWindowUnitTests.cs:line 53&#xD;
   at System.RuntimeMethodHandle.InvokeMethod(Object target, Void** arguments, Signature sig, Boolean isConstructor)&#xD;
   at System.Reflection.MethodBaseInvoker.InvokeWithNoArgs(Object obj, BindingFlags invokeAttr)</StackTrace>
        </ErrorInfo>
      </Output>
    </UnitTestResult>
    <UnitTestResult executionId="8626c7e6-3151-47ac-a4a1-bb17fb0e8fee" testId="e7df05ca-3552-2715-64b0-211740e8ec70" testName="WileyWidget.Tests.EnterpriseModelTests.Enterprise_CurrentRate_Validation(rate: 0, shouldBeValid: False)" computerName="MCKITRICK" duration="00:00:00.0001632" startTime="2025-08-29T19:01:07.6005284-06:00" endTime="2025-08-29T19:01:07.6005284-06:00" testType="13cdc9d9-ddb5-4fa4-a97d-d965ccfc6d4b" outcome="Passed" testListId="8c84fa94-04c1-424b-9868-57a2d4851a1d" relativeResultsDirectory="8626c7e6-3151-47ac-a4a1-bb17fb0e8fee" />
    <UnitTestResult executionId="af05735b-6b84-4f33-aa07-4b0bb0aff612" testId="31f7b449-2a75-9290-2b1b-c1e2846a3973" testName="WileyWidget.Tests.DatabaseIntegrationTests.Repository_CalculatesBalanceCorrectly" computerName="MCKITRICK" duration="00:00:00.0028689" startTime="2025-08-29T19:01:08.8312080-06:00" endTime="2025-08-29T19:01:08.8312081-06:00" testType="13cdc9d9-ddb5-4fa4-a97d-d965ccfc6d4b" outcome="Passed" testListId="8c84fa94-04c1-424b-9868-57a2d4851a1d" relativeResultsDirectory="af05735b-6b84-4f33-aa07-4b0bb0aff612" />
    <UnitTestResult executionId="6b48cf55-d695-48bc-bce2-6707b90db149" testId="7fe76a3a-9ac6-6844-b5f7-d4331eae2413" testName="WileyWidget.Tests.EnterpriseTests.Enterprise_Name_Validation(name: &quot;&quot;, shouldBeValid: False)" computerName="MCKITRICK" duration="00:00:00.0003729" startTime="2025-08-29T19:01:07.9649182-06:00" endTime="2025-08-29T19:01:07.9649183-06:00" testType="13cdc9d9-ddb5-4fa4-a97d-d965ccfc6d4b" outcome="Passed" testListId="8c84fa94-04c1-424b-9868-57a2d4851a1d" relativeResultsDirectory="6b48cf55-d695-48bc-bce2-6707b90db149" />
    <UnitTestResult executionId="759b6e88-ab80-4988-a650-5e9903f6038b" testId="668e1389-6a17-867c-cc8c-409430f2326f" testName="WileyWidget.Tests.WidgetTests.Widget_Name_Validation(name: &quot;Valid Name&quot;, shouldBeValid: True)" computerName="MCKITRICK" duration="00:00:00.0000291" startTime="2025-08-29T19:01:07.9560041-06:00" endTime="2025-08-29T19:01:07.9560041-06:00" testType="13cdc9d9-ddb5-4fa4-a97d-d965ccfc6d4b" outcome="Passed" testListId="8c84fa94-04c1-424b-9868-57a2d4851a1d" relativeResultsDirectory="759b6e88-ab80-4988-a650-5e9903f6038b" />
    <UnitTestResult executionId="4dd98677-5cba-4fa7-b77d-111262906f7c" testId="ed2fc56e-1956-21e4-fa3d-840c8fe46677" testName="WileyWidget.Tests.MainViewModelTests.Widgets_Collection_IsObservable" computerName="MCKITRICK" duration="00:00:00.0005555" startTime="2025-08-29T19:01:07.8518395-06:00" endTime="2025-08-29T19:01:07.8518398-06:00" testType="13cdc9d9-ddb5-4fa4-a97d-d965ccfc6d4b" outcome="Passed" testListId="8c84fa94-04c1-424b-9868-57a2d4851a1d" relativeResultsDirectory="4dd98677-5cba-4fa7-b77d-111262906f7c" />
    <UnitTestResult executionId="94337a13-5c82-4d18-81a8-ad4dc5844554" testId="2b6d2d98-9ff2-0efc-9085-3c305df50a78" testName="WileyWidget.Tests.BudgetInteractionTests.BudgetInteraction_Notes_Validation(notes: null, shouldBeValid: True)" computerName="MCKITRICK" duration="00:00:00.0001719" startTime="2025-08-29T19:01:07.5848661-06:00" endTime="2025-08-29T19:01:07.5848665-06:00" testType="13cdc9d9-ddb5-4fa4-a97d-d965ccfc6d4b" outcome="Passed" testListId="8c84fa94-04c1-424b-9868-57a2d4851a1d" relativeResultsDirectory="94337a13-5c82-4d18-81a8-ad4dc5844554" />
    <UnitTestResult executionId="198db532-d452-4bf5-8b44-71de42041272" testId="20a34a95-a426-14ac-be1a-81af3da9062a" testName="WileyWidget.Tests.EnterpriseModelTests.Enterprise_CitizenCount_Validation(citizenCount: 1000, shouldBeValid: True)" computerName="MCKITRICK" duration="00:00:00.0000169" startTime="2025-08-29T19:01:07.6061664-06:00" endTime="2025-08-29T19:01:07.6061664-06:00" testType="13cdc9d9-ddb5-4fa4-a97d-d965ccfc6d4b" outcome="Passed" testListId="8c84fa94-04c1-424b-9868-57a2d4851a1d" relativeResultsDirectory="198db532-d452-4bf5-8b44-71de42041272" />
    <UnitTestResult executionId="6641676d-1d1d-47a0-9115-62b82f712ae1" testId="6cc406f6-5c68-c097-54c6-537a958e649e" testName="WileyWidget.Tests.MainViewModelTests.AddWidgetCommand_AddsWidgetToCollection" computerName="MCKITRICK" duration="00:00:00.0011286" startTime="2025-08-29T19:01:07.8585613-06:00" endTime="2025-08-29T19:01:07.8585613-06:00" testType="13cdc9d9-ddb5-4fa4-a97d-d965ccfc6d4b" outcome="Passed" testListId="8c84fa94-04c1-424b-9868-57a2d4851a1d" relativeResultsDirectory="6641676d-1d1d-47a0-9115-62b82f712ae1" />
    <UnitTestResult executionId="0403f394-dc96-4e1e-b44c-f7231bd69ccd" testId="d106bb70-67c4-1dcc-e1c1-b1453099822c" testName="WileyWidget.Tests.BudgetInteractionTests.BudgetInteraction_Description_Validation(description: &quot;Valid description&quot;, shouldBeValid: True)" computerName="MCKITRICK" duration="00:00:00.0001579" startTime="2025-08-29T19:01:07.5931977-06:00" endTime="2025-08-29T19:01:07.5931978-06:00" testType="13cdc9d9-ddb5-4fa4-a97d-d965ccfc6d4b" outcome="Passed" testListId="8c84fa94-04c1-424b-9868-57a2d4851a1d" relativeResultsDirectory="0403f394-dc96-4e1e-b44c-f7231bd69ccd" />
    <UnitTestResult executionId="741e4ed5-0abb-4f84-b910-8540c3d8f354" testId="6f8045c6-6937-39f1-af17-4e72f663e3b7" testName="WileyWidget.Tests.DatabaseIntegrationTests.Repository_HandlesCalculatedPropertiesCorrectly" computerName="MCKITRICK" duration="00:00:00.4102047" startTime="2025-08-29T19:01:08.7840151-06:00" endTime="2025-08-29T19:01:08.7840152-06:00" testType="13cdc9d9-ddb5-4fa4-a97d-d965ccfc6d4b" outcome="Passed" testListId="8c84fa94-04c1-424b-9868-57a2d4851a1d" relativeResultsDirectory="741e4ed5-0abb-4f84-b910-8540c3d8f354" />
    <UnitTestResult executionId="62a8b780-e20b-46e3-8df6-50a18faec051" testId="216d7b3f-febd-5cd7-9636-60001f76e735" testName="WileyWidget.Tests.EnterpriseTests.Enterprise_MonthlyRevenue_CalculatesCorrectly" computerName="MCKITRICK" duration="00:00:00.0004960" startTime="2025-08-29T19:01:07.9674413-06:00" endTime="2025-08-29T19:01:07.9674414-06:00" testType="13cdc9d9-ddb5-4fa4-a97d-d965ccfc6d4b" outcome="Passed" testListId="8c84fa94-04c1-424b-9868-57a2d4851a1d" relativeResultsDirectory="62a8b780-e20b-46e3-8df6-50a18faec051" />
    <UnitTestResult executionId="04c88fe9-edd8-417e-b559-ddcd74dd15a8" testId="40c28db5-98d0-9ac0-459d-782c32a105ab" testName="WileyWidget.Tests.WidgetTests.Widget_Quantity_Validation(quantity: -1, shouldBeValid: False)" computerName="MCKITRICK" duration="00:00:00.0001264" startTime="2025-08-29T19:01:07.9588147-06:00" endTime="2025-08-29T19:01:07.9588147-06:00" testType="13cdc9d9-ddb5-4fa4-a97d-d965ccfc6d4b" outcome="Passed" testListId="8c84fa94-04c1-424b-9868-57a2d4851a1d" relativeResultsDirectory="04c88fe9-edd8-417e-b559-ddcd74dd15a8" />
    <UnitTestResult executionId="13471960-c412-4b82-aa79-387eb05dec23" testId="1a019a48-5289-21b6-90e2-05f5df28d217" testName="WileyWidget.Tests.MainWindowUnitTests.UpdateThemeToggleVisuals_MethodExists" computerName="MCKITRICK" duration="00:00:00.0266070" startTime="2025-08-29T19:01:09.0228798-06:00" endTime="2025-08-29T19:01:09.0228802-06:00" testType="13cdc9d9-ddb5-4fa4-a97d-d965ccfc6d4b" outcome="Failed" testListId="8c84fa94-04c1-424b-9868-57a2d4851a1d" relativeResultsDirectory="13471960-c412-4b82-aa79-387eb05dec23">
      <Output>
        <ErrorInfo>
          <Message>System.InvalidOperationException : The calling thread must be STA, because many UI components require this.</Message>
          <StackTrace>   at System.Windows.Input.InputManager..ctor()&#xD;
   at System.Windows.Input.InputManager.GetCurrentInputManagerImpl()&#xD;
   at System.Windows.Input.KeyboardNavigation..ctor()&#xD;
   at System.Windows.FrameworkElement.FrameworkServices..ctor()&#xD;
   at System.Windows.FrameworkElement.EnsureFrameworkServices()&#xD;
   at System.Windows.FrameworkElement..ctor()&#xD;
   at System.Windows.Controls.Control..ctor()&#xD;
   at System.Windows.Window..ctor()&#xD;
   at WileyWidget.MainWindow..ctor() in C:\Users\biges\Desktop\Wiley_Widget\Views\MainWindow.xaml.cs:line 59&#xD;
   at WileyWidget.Tests.MainWindowUnitTests.UpdateThemeToggleVisuals_MethodExists() in C:\Users\biges\Desktop\Wiley_Widget\WileyWidget.Tests\MainWindowUnitTests.cs:line 40&#xD;
   at System.RuntimeMethodHandle.InvokeMethod(Object target, Void** arguments, Signature sig, Boolean isConstructor)&#xD;
   at System.Reflection.MethodBaseInvoker.InvokeWithNoArgs(Object obj, BindingFlags invokeAttr)</StackTrace>
        </ErrorInfo>
      </Output>
    </UnitTestResult>
    <UnitTestResult executionId="55e8564a-c880-44bb-bf9b-808db1e13b52" testId="f5f343b0-4673-4f25-285c-1b1fcba58589" testName="WileyWidget.Tests.BudgetInteractionTests.BudgetInteraction_AcceptsVariousInteractionTypes(type: &quot;SharedCost&quot;, expected: True)" computerName="MCKITRICK" duration="00:00:00.0003121" startTime="2025-08-29T19:01:07.5856389-06:00" endTime="2025-08-29T19:01:07.5856391-06:00" testType="13cdc9d9-ddb5-4fa4-a97d-d965ccfc6d4b" outcome="Passed" testListId="8c84fa94-04c1-424b-9868-57a2d4851a1d" relativeResultsDirectory="55e8564a-c880-44bb-bf9b-808db1e13b52" />
    <UnitTestResult executionId="222200a2-bc53-4558-a33b-fde9ffa6ee88" testId="7cf3aa98-98eb-f226-4182-b485eaa19c16" testName="WileyWidget.Tests.EnterpriseDatabaseTests.CustomQuery_WithParameters_ReturnsFilteredData_UsingDirectConnection" computerName="MCKITRICK" duration="00:00:00.0103341" startTime="2025-08-29T19:01:08.3666124-06:00" endTime="2025-08-29T19:01:08.3666125-06:00" testType="13cdc9d9-ddb5-4fa4-a97d-d965ccfc6d4b" outcome="Passed" testListId="8c84fa94-04c1-424b-9868-57a2d4851a1d" relativeResultsDirectory="222200a2-bc53-4558-a33b-fde9ffa6ee88" />
    <UnitTestResult executionId="3e3c6b81-474b-4807-bb64-dd1bbcdc4d80" testId="12ac1ad0-f92b-82ce-7643-dcc2a493cae6" testName="WileyWidget.Tests.BudgetInteractionTests.BudgetInteraction_Notes_Validation(notes: &quot;&quot;, shouldBeValid: True)" computerName="MCKITRICK" duration="00:00:00.0002138" startTime="2025-08-29T19:01:07.5675207-06:00" endTime="2025-08-29T19:01:07.5675209-06:00" testType="13cdc9d9-ddb5-4fa4-a97d-d965ccfc6d4b" outcome="Passed" testListId="8c84fa94-04c1-424b-9868-57a2d4851a1d" relativeResultsDirectory="3e3c6b81-474b-4807-bb64-dd1bbcdc4d80" />
    <UnitTestResult executionId="7b2e97cc-2e5b-4f73-b73f-090b52dad7db" testId="4f4006d6-b3a2-e8ed-5bb3-4581fead82ab" testName="WileyWidget.Tests.EnterpriseModelTests.Enterprise_Name_Validation(name: null, shouldBeValid: False)" computerName="MCKITRICK" duration="00:00:00.0003178" startTime="2025-08-29T19:01:07.6019774-06:00" endTime="2025-08-29T19:01:07.6019775-06:00" testType="13cdc9d9-ddb5-4fa4-a97d-d965ccfc6d4b" outcome="Passed" testListId="8c84fa94-04c1-424b-9868-57a2d4851a1d" relativeResultsDirectory="7b2e97cc-2e5b-4f73-b73f-090b52dad7db" />
    <UnitTestResult executionId="48df3118-a760-4d5a-979a-157a8b762ea7" testId="cbeada98-fd74-8e95-0798-e8d59013190d" testName="WileyWidget.Tests.WidgetTests.Widget_Category_AcceptsVariousValues(category: &quot;Electronics&quot;)" computerName="MCKITRICK" duration="00:00:00.0000049" startTime="2025-08-29T19:01:07.9473553-06:00" endTime="2025-08-29T19:01:07.9473554-06:00" testType="13cdc9d9-ddb5-4fa4-a97d-d965ccfc6d4b" outcome="Passed" testListId="8c84fa94-04c1-424b-9868-57a2d4851a1d" relativeResultsDirectory="48df3118-a760-4d5a-979a-157a8b762ea7" />
    <UnitTestResult executionId="e3c3d9c6-02ee-4586-a34e-884950366c99" testId="83034d6a-ea47-0b26-b3c3-520cb2f8b99c" testName="WileyWidget.Tests.MainWindowUnitTests.VerifySpecificSyncfusionControls_MethodExists" computerName="MCKITRICK" duration="00:00:00.0004782" startTime="2025-08-29T19:01:09.0331169-06:00" endTime="2025-08-29T19:01:09.0331171-06:00" testType="13cdc9d9-ddb5-4fa4-a97d-d965ccfc6d4b" outcome="Failed" testListId="8c84fa94-04c1-424b-9868-57a2d4851a1d" relativeResultsDirectory="e3c3d9c6-02ee-4586-a34e-884950366c99">
      <Output>
        <ErrorInfo>
          <Message>System.InvalidOperationException : The calling thread must be STA, because many UI components require this.</Message>
          <StackTrace>   at System.Windows.Input.InputManager..ctor()&#xD;
   at System.Windows.Input.InputManager.GetCurrentInputManagerImpl()&#xD;
   at System.Windows.Input.KeyboardNavigation..ctor()&#xD;
   at System.Windows.FrameworkElement.FrameworkServices..ctor()&#xD;
   at System.Windows.FrameworkElement.EnsureFrameworkServices()&#xD;
   at System.Windows.FrameworkElement..ctor()&#xD;
   at System.Windows.Controls.Control..ctor()&#xD;
   at System.Windows.Window..ctor()&#xD;
   at WileyWidget.MainWindow..ctor() in C:\Users\biges\Desktop\Wiley_Widget\Views\MainWindow.xaml.cs:line 59&#xD;
   at WileyWidget.Tests.MainWindowUnitTests.VerifySpecificSyncfusionControls_MethodExists() in C:\Users\biges\Desktop\Wiley_Widget\WileyWidget.Tests\MainWindowUnitTests.cs:line 66&#xD;
   at System.RuntimeMethodHandle.InvokeMethod(Object target, Void** arguments, Signature sig, Boolean isConstructor)&#xD;
   at System.Reflection.MethodBaseInvoker.InvokeWithNoArgs(Object obj, BindingFlags invokeAttr)</StackTrace>
        </ErrorInfo>
      </Output>
    </UnitTestResult>
    <UnitTestResult executionId="f9922cc8-86f5-4d5e-9350-8be93a9a1956" testId="9f5c146e-0566-da9b-266b-e05a1f45f5d6" testName="WileyWidget.Tests.MainViewModelTests.AddEnterpriseCommand_AddsNewEnterprise" computerName="MCKITRICK" duration="00:00:00.0181240" startTime="2025-08-29T19:01:07.8488996-06:00" endTime="2025-08-29T19:01:07.8489000-06:00" testType="13cdc9d9-ddb5-4fa4-a97d-d965ccfc6d4b" outcome="Passed" testListId="8c84fa94-04c1-424b-9868-57a2d4851a1d" relativeResultsDirectory="f9922cc8-86f5-4d5e-9350-8be93a9a1956" />
    <UnitTestResult executionId="6223a15d-6d1b-415f-ab72-2e9570ad13fd" testId="c47db43f-5871-4aa9-b457-92ab04b7b502" testName="WileyWidget.Tests.EnterpriseTests.Enterprise_CurrentRate_Validation(rate: 0.01, shouldBeValid: True)" computerName="MCKITRICK" duration="00:00:00.0000215" startTime="2025-08-29T19:01:07.9640559-06:00" endTime="2025-08-29T19:01:07.9640559-06:00" testType="13cdc9d9-ddb5-4fa4-a97d-d965ccfc6d4b" outcome="Passed" testListId="8c84fa94-04c1-424b-9868-57a2d4851a1d" relativeResultsDirectory="6223a15d-6d1b-415f-ab72-2e9570ad13fd" />
    <UnitTestResult executionId="f78d9937-84c5-4924-bd37-c0b9201de746" testId="d621bb97-a6a4-4797-ce4f-9813ccfba719" testName="WileyWidget.Tests.MainViewModelTests.Enterprises_Collection_IsObservable" computerName="MCKITRICK" duration="00:00:00.0006371" startTime="2025-08-29T19:01:07.8510444-06:00" endTime="2025-08-29T19:01:07.8510445-06:00" testType="13cdc9d9-ddb5-4fa4-a97d-d965ccfc6d4b" outcome="Passed" testListId="8c84fa94-04c1-424b-9868-57a2d4851a1d" relativeResultsDirectory="f78d9937-84c5-4924-bd37-c0b9201de746" />
    <UnitTestResult executionId="47be4ba6-fb68-48b4-8027-8340abc8a9fc" testId="67185dae-1bb2-aa49-e096-b7b20c6fe73a" testName="WileyWidget.Tests.AppUnitTests.RegisterSyncfusionLicense_WithValidConfigKey_RegistersSuccessfully" computerName="MCKITRICK" duration="00:00:00.0004633" startTime="2025-08-29T19:01:08.9776202-06:00" endTime="2025-08-29T19:01:08.9776203-06:00" testType="13cdc9d9-ddb5-4fa4-a97d-d965ccfc6d4b" outcome="Passed" testListId="8c84fa94-04c1-424b-9868-57a2d4851a1d" relativeResultsDirectory="47be4ba6-fb68-48b4-8027-8340abc8a9fc" />
    <UnitTestResult executionId="8531058c-d2e3-4b9e-959c-11da79c6b8e3" testId="14845400-28d3-9a25-f969-c0ad7612b7de" testName="WileyWidget.Tests.BudgetInteractionTests.BudgetInteraction_MonthlyAmount_Validation(amount: 0.01, shouldBeValid: True)" computerName="MCKITRICK" duration="00:00:00.0000358" startTime="2025-08-29T19:01:07.5893281-06:00" endTime="2025-08-29T19:01:07.5893282-06:00" testType="13cdc9d9-ddb5-4fa4-a97d-d965ccfc6d4b" outcome="Passed" testListId="8c84fa94-04c1-424b-9868-57a2d4851a1d" relativeResultsDirectory="8531058c-d2e3-4b9e-959c-11da79c6b8e3" />
    <UnitTestResult executionId="5ad1b5e5-1994-471e-ab81-0f2e0ab01b53" testId="c92dc833-fd57-a263-2b90-5a13ee4f5081" testName="WileyWidget.Tests.EnterpriseModelTests.Enterprise_MonthlyExpenses_Validation(expenses: 0, shouldBeValid: True)" computerName="MCKITRICK" duration="00:00:00.0000224" startTime="2025-08-29T19:01:07.5996368-06:00" endTime="2025-08-29T19:01:07.5996368-06:00" testType="13cdc9d9-ddb5-4fa4-a97d-d965ccfc6d4b" outcome="Passed" testListId="8c84fa94-04c1-424b-9868-57a2d4851a1d" relativeResultsDirectory="5ad1b5e5-1994-471e-ab81-0f2e0ab01b53" />
    <UnitTestResult executionId="174d6c2f-f4e8-4bf7-b089-5aca847f14c0" testId="510fe505-3d5e-fa04-5438-1019c48dc099" testName="WileyWidget.Tests.WidgetTests.Widget_DisplayName_ReturnsCorrectFormat(name: &quot;Widget Name&quot;, sku: null, expected: &quot;Widget Name&quot;)" computerName="MCKITRICK" duration="00:00:00.0000034" startTime="2025-08-29T19:01:07.9542756-06:00" endTime="2025-08-29T19:01:07.9542757-06:00" testType="13cdc9d9-ddb5-4fa4-a97d-d965ccfc6d4b" outcome="Passed" testListId="8c84fa94-04c1-424b-9868-57a2d4851a1d" relativeResultsDirectory="174d6c2f-f4e8-4bf7-b089-5aca847f14c0" />
    <UnitTestResult executionId="ce8cfad2-b80c-4d21-80e2-2c2b158b4cc3" testId="ca7752fd-c28a-2eb8-8f5e-49b6ef0284d8" testName="WileyWidget.Tests.EnterpriseModelTests.Enterprise_CurrentRate_Validation(rate: 100, shouldBeValid: True)" computerName="MCKITRICK" duration="00:00:00.0000087" startTime="2025-08-29T19:01:07.6008510-06:00" endTime="2025-08-29T19:01:07.6008510-06:00" testType="13cdc9d9-ddb5-4fa4-a97d-d965ccfc6d4b" outcome="Passed" testListId="8c84fa94-04c1-424b-9868-57a2d4851a1d" relativeResultsDirectory="ce8cfad2-b80c-4d21-80e2-2c2b158b4cc3" />
    <UnitTestResult executionId="efcc89ee-c256-491a-90f5-71e52cbd631e" testId="a535ee6d-f14e-b507-e106-e575e4d351ae" testName="WileyWidget.Tests.WidgetTests.Widget_DisplayName_ReturnsCorrectFormat(name: &quot;Widget Name&quot;, sku: &quot;&quot;, expected: &quot;Widget Name&quot;)" computerName="MCKITRICK" duration="00:00:00.0001175" startTime="2025-08-29T19:01:07.9540965-06:00" endTime="2025-08-29T19:01:07.9540965-06:00" testType="13cdc9d9-ddb5-4fa4-a97d-d965ccfc6d4b" outcome="Passed" testListId="8c84fa94-04c1-424b-9868-57a2d4851a1d" relativeResultsDirectory="efcc89ee-c256-491a-90f5-71e52cbd631e" />
    <UnitTestResult executionId="2f0f4fa1-2523-40cd-a652-11da712d1980" testId="e4fcf31a-94fb-bdf3-84e1-475471212d0f" testName="WileyWidget.Tests.BudgetInteractionTests.BudgetInteraction_InteractionType_Validation(type: null, shouldBeValid: False)" computerName="MCKITRICK" duration="00:00:00.0000242" startTime="2025-08-29T19:01:07.5636217-06:00" endTime="2025-08-29T19:01:07.5636217-06:00" testType="13cdc9d9-ddb5-4fa4-a97d-d965ccfc6d4b" outcome="Passed" testListId="8c84fa94-04c1-424b-9868-57a2d4851a1d" relativeResultsDirectory="2f0f4fa1-2523-40cd-a652-11da712d1980" />
    <UnitTestResult executionId="6aa857a2-6675-4688-90ac-7e423a35e2de" testId="3f32ff24-dbe4-5b18-602e-bcc79c03a51a" testName="WileyWidget.Tests.EnterpriseModelTests.Enterprise_MonthlyRevenue_CalculatesCorrectly" computerName="MCKITRICK" duration="00:00:00.0001823" startTime="2025-08-29T19:01:07.6049952-06:00" endTime="2025-08-29T19:01:07.6049953-06:00" testType="13cdc9d9-ddb5-4fa4-a97d-d965ccfc6d4b" outcome="Passed" testListId="8c84fa94-04c1-424b-9868-57a2d4851a1d" relativeResultsDirectory="6aa857a2-6675-4688-90ac-7e423a35e2de" />
    <UnitTestResult executionId="13cf6257-68d9-493e-bee7-7fffcb314b2b" testId="e347da39-e3d7-9818-2827-c6fcf2b4c69d" testName="WileyWidget.Tests.EnterpriseTests.Enterprise_Creation_WithValidData_Succeeds" computerName="MCKITRICK" duration="00:00:00.0003477" startTime="2025-08-29T19:01:07.9617464-06:00" endTime="2025-08-29T19:01:07.9617465-06:00" testType="13cdc9d9-ddb5-4fa4-a97d-d965ccfc6d4b" outcome="Passed" testListId="8c84fa94-04c1-424b-9868-57a2d4851a1d" relativeResultsDirectory="13cf6257-68d9-493e-bee7-7fffcb314b2b" />
    <UnitTestResult executionId="06e5129b-86a6-4546-8dd8-ea82a0d990b4" testId="f4baf935-db3b-a3f6-b56f-3df0f1893080" testName="WileyWidget.Tests.DatabaseIntegrationTests.UpdateAsync_UpdatesExistingEnterprise" computerName="MCKITRICK" duration="00:00:00.0037954" startTime="2025-08-29T19:01:08.8688282-06:00" endTime="2025-08-29T19:01:08.8688287-06:00" testType="13cdc9d9-ddb5-4fa4-a97d-d965ccfc6d4b" outcome="Passed" testListId="8c84fa94-04c1-424b-9868-57a2d4851a1d" relativeResultsDirectory="06e5129b-86a6-4546-8dd8-ea82a0d990b4" />
    <UnitTestResult executionId="b104fc38-8b9a-47a6-9407-bf1666b98fe7" testId="a72d91bf-1ba0-06c7-1002-ab2af50818f2" testName="WileyWidget.Tests.EnterpriseModelTests.Enterprise_Creation_WithValidData_Succeeds" computerName="MCKITRICK" duration="00:00:00.0003594" startTime="2025-08-29T19:01:07.6076200-06:00" endTime="2025-08-29T19:01:07.6076201-06:00" testType="13cdc9d9-ddb5-4fa4-a97d-d965ccfc6d4b" outcome="Passed" testListId="8c84fa94-04c1-424b-9868-57a2d4851a1d" relativeResultsDirectory="b104fc38-8b9a-47a6-9407-bf1666b98fe7" />
    <UnitTestResult executionId="559b396e-dde5-47d9-a4d1-0b0084c2362e" testId="2b9ee214-5fed-0842-d648-dd6ae7f87bc4" testName="WileyWidget.Tests.BudgetInteractionTests.BudgetInteraction_AcceptsVariousInteractionTypes(type: &quot;Dependency&quot;, expected: True)" computerName="MCKITRICK" duration="00:00:00.0000122" startTime="2025-08-29T19:01:07.5862128-06:00" endTime="2025-08-29T19:01:07.5862129-06:00" testType="13cdc9d9-ddb5-4fa4-a97d-d965ccfc6d4b" outcome="Passed" testListId="8c84fa94-04c1-424b-9868-57a2d4851a1d" relativeResultsDirectory="559b396e-dde5-47d9-a4d1-0b0084c2362e" />
    <UnitTestResult executionId="5d8e616d-5bb4-4f93-8dde-2152958da20a" testId="abe5bbbb-5c34-074f-41c7-88d40b3e23b8" testName="WileyWidget.Tests.SettingsServiceTests.SettingsService_Migration_QuickBooksToQbo_Works" computerName="MCKITRICK" duration="00:00:00.0222733" startTime="2025-08-29T19:01:07.9292932-06:00" endTime="2025-08-29T19:01:07.9292934-06:00" testType="13cdc9d9-ddb5-4fa4-a97d-d965ccfc6d4b" outcome="Passed" testListId="8c84fa94-04c1-424b-9868-57a2d4851a1d" relativeResultsDirectory="5d8e616d-5bb4-4f93-8dde-2152958da20a" />
    <UnitTestResult executionId="0d6774bc-7979-4033-b49d-9eea218adcea" testId="9d53fc33-d776-6625-1b0a-4b6f01111549" testName="WileyWidget.Tests.BudgetInteractionTests.BudgetInteraction_MonthlyAmount_Validation(amount: 0, shouldBeValid: True)" computerName="MCKITRICK" duration="00:00:00.0002049" startTime="2025-08-29T19:01:07.5872464-06:00" endTime="2025-08-29T19:01:07.5872466-06:00" testType="13cdc9d9-ddb5-4fa4-a97d-d965ccfc6d4b" outcome="Passed" testListId="8c84fa94-04c1-424b-9868-57a2d4851a1d" relativeResultsDirectory="0d6774bc-7979-4033-b49d-9eea218adcea" />
    <UnitTestResult executionId="839d9908-7ea1-4c04-a8cb-252e1c95544a" testId="d76fce68-3bca-b1a7-0e69-ec7736a35394" testName="WileyWidget.Tests.EnterpriseDatabaseTests.StoredProcedure_InsertAndRetrieveEnterprise_UsingDirectConnection" computerName="MCKITRICK" duration="00:00:00.0092669" startTime="2025-08-29T19:01:08.2686076-06:00" endTime="2025-08-29T19:01:08.2686078-06:00" testType="13cdc9d9-ddb5-4fa4-a97d-d965ccfc6d4b" outcome="Passed" testListId="8c84fa94-04c1-424b-9868-57a2d4851a1d" relativeResultsDirectory="839d9908-7ea1-4c04-a8cb-252e1c95544a" />
    <UnitTestResult executionId="b1f7ac7e-adbc-4b22-97b7-0b955e21340a" testId="648bd338-a756-e64d-b4be-6a55c8a8cbe8" testName="WileyWidget.Tests.WidgetTests.Widget_Name_Validation(name: null, shouldBeValid: False)" computerName="MCKITRICK" duration="00:00:00.0002807" startTime="2025-08-29T19:01:07.9554965-06:00" endTime="2025-08-29T19:01:07.9554965-06:00" testType="13cdc9d9-ddb5-4fa4-a97d-d965ccfc6d4b" outcome="Passed" testListId="8c84fa94-04c1-424b-9868-57a2d4851a1d" relativeResultsDirectory="b1f7ac7e-adbc-4b22-97b7-0b955e21340a" />
    <UnitTestResult executionId="89df9394-9e44-4329-94e3-5185ec771197" testId="f1c4230d-c873-a695-bf0b-dd9c7f8ad220" testName="WileyWidget.Tests.EnterpriseDatabaseTests.InsertEnterprise_DataIsInsertedCorrectly_UsingDirectConnection" computerName="MCKITRICK" duration="00:00:00.0116214" startTime="2025-08-29T19:01:08.2582948-06:00" endTime="2025-08-29T19:01:08.2582950-06:00" testType="13cdc9d9-ddb5-4fa4-a97d-d965ccfc6d4b" outcome="Passed" testListId="8c84fa94-04c1-424b-9868-57a2d4851a1d" relativeResultsDirectory="89df9394-9e44-4329-94e3-5185ec771197" />
    <UnitTestResult executionId="cce4df7f-1f08-4b9b-9b1e-24379a17a686" testId="4a11ecda-ef05-73a1-b1d1-c3284d3e4afa" testName="WileyWidget.Tests.WidgetTests.Widget_Creation_WithValidData_Succeeds" computerName="MCKITRICK" duration="00:00:00.0003144" startTime="2025-08-29T19:01:07.9593392-06:00" endTime="2025-08-29T19:01:07.9593393-06:00" testType="13cdc9d9-ddb5-4fa4-a97d-d965ccfc6d4b" outcome="Passed" testListId="8c84fa94-04c1-424b-9868-57a2d4851a1d" relativeResultsDirectory="cce4df7f-1f08-4b9b-9b1e-24379a17a686" />
    <UnitTestResult executionId="d0fc6c3a-ddfc-49f4-91f5-9da873df6dff" testId="888d2b50-7b6d-6c90-d0fe-ec32083e79d4" testName="WileyWidget.Tests.AppUnitTests.ConfigureGlobalExceptionHandling_SetsUpHandlers" computerName="MCKITRICK" duration="00:00:00.0001130" startTime="2025-08-29T19:01:08.9739369-06:00" endTime="2025-08-29T19:01:08.9739370-06:00" testType="13cdc9d9-ddb5-4fa4-a97d-d965ccfc6d4b" outcome="Passed" testListId="8c84fa94-04c1-424b-9868-57a2d4851a1d" relativeResultsDirectory="d0fc6c3a-ddfc-49f4-91f5-9da873df6dff" />
    <UnitTestResult executionId="6b27ba8b-85ee-489b-b1bf-3e13f89c3141" testId="40809d6b-32d3-2519-3f96-4116b092b054" testName="WileyWidget.Tests.BudgetInteractionTests.BudgetInteraction_InteractionType_Validation(type: &quot;Transfer&quot;, shouldBeValid: True)" computerName="MCKITRICK" duration="00:00:00.0003610" startTime="2025-08-29T19:01:07.5617978-06:00" endTime="2025-08-29T19:01:07.5617980-06:00" testType="13cdc9d9-ddb5-4fa4-a97d-d965ccfc6d4b" outcome="Passed" testListId="8c84fa94-04c1-424b-9868-57a2d4851a1d" relativeResultsDirectory="6b27ba8b-85ee-489b-b1bf-3e13f89c3141" />
    <UnitTestResult executionId="d7f5d546-d7ff-4944-8646-818fef7ae9cd" testId="8ca5b6cf-7541-b621-6329-c030b30b7745" testName="WileyWidget.Tests.BudgetInteractionTests.BudgetInteraction_AcceptsVariousInteractionTypes(type: &quot;Subsidy&quot;, expected: True)" computerName="MCKITRICK" duration="00:00:00.0001782" startTime="2025-08-29T19:01:07.5860107-06:00" endTime="2025-08-29T19:01:07.5860107-06:00" testType="13cdc9d9-ddb5-4fa4-a97d-d965ccfc6d4b" outcome="Passed" testListId="8c84fa94-04c1-424b-9868-57a2d4851a1d" relativeResultsDirectory="d7f5d546-d7ff-4944-8646-818fef7ae9cd" />
    <UnitTestResult executionId="2b9adecf-ef30-43f5-bcd5-9a5c15eff712" testId="ccef2ce7-f385-9fbf-3fdd-191327867f3d" testName="WileyWidget.Tests.BudgetAnalyticsTests.BudgetMetrics_ReturnsCorrectStatus_Surplus" computerName="MCKITRICK" duration="00:00:00.0015610" startTime="2025-08-29T19:01:07.6101278-06:00" endTime="2025-08-29T19:01:07.6101280-06:00" testType="13cdc9d9-ddb5-4fa4-a97d-d965ccfc6d4b" outcome="Passed" testListId="8c84fa94-04c1-424b-9868-57a2d4851a1d" relativeResultsDirectory="2b9adecf-ef30-43f5-bcd5-9a5c15eff712" />
    <UnitTestResult executionId="751cfb1d-37c3-49e9-80ae-1b65a91d5b01" testId="51c34e63-97c0-5e10-af10-340556c65011" testName="WileyWidget.Tests.BudgetAnalyticsTests.BudgetMetrics_ReturnsCorrectStatus_Deficit" computerName="MCKITRICK" duration="00:00:00.0002937" startTime="2025-08-29T19:01:07.6186959-06:00" endTime="2025-08-29T19:01:07.6186963-06:00" testType="13cdc9d9-ddb5-4fa4-a97d-d965ccfc6d4b" outcome="Passed" testListId="8c84fa94-04c1-424b-9868-57a2d4851a1d" relativeResultsDirectory="751cfb1d-37c3-49e9-80ae-1b65a91d5b01" />
    <UnitTestResult executionId="e78ce649-0cc5-4189-bbfb-62fa397c1ffd" testId="4e31e5ac-795c-6664-b1e1-6987564c4e12" testName="WileyWidget.Tests.DatabaseIntegrationTests.GetByIdAsync_ReturnsCorrectEnterprise" computerName="MCKITRICK" duration="00:00:00.0052835" startTime="2025-08-29T19:01:08.8267327-06:00" endTime="2025-08-29T19:01:08.8267328-06:00" testType="13cdc9d9-ddb5-4fa4-a97d-d965ccfc6d4b" outcome="Passed" testListId="8c84fa94-04c1-424b-9868-57a2d4851a1d" relativeResultsDirectory="e78ce649-0cc5-4189-bbfb-62fa397c1ffd" />
    <UnitTestResult executionId="3b1f8fcf-6235-4e20-962c-d6b6d1258118" testId="c596acca-eaa8-2cfc-b6e4-d65d1f704c2d" testName="WileyWidget.Tests.WidgetTests.Widget_IsActive_CanBeSet(isActive: False)" computerName="MCKITRICK" duration="00:00:00.0003012" startTime="2025-08-29T19:01:07.9459785-06:00" endTime="2025-08-29T19:01:07.9459785-06:00" testType="13cdc9d9-ddb5-4fa4-a97d-d965ccfc6d4b" outcome="Passed" testListId="8c84fa94-04c1-424b-9868-57a2d4851a1d" relativeResultsDirectory="3b1f8fcf-6235-4e20-962c-d6b6d1258118" />
    <UnitTestResult executionId="2edaa7bd-4eed-4f64-89a8-268fdfe3a24f" testId="4ae2e854-082e-d2d9-91f7-448e1ba75efb" testName="WileyWidget.Tests.MainWindowUnitTests.NormalizeTheme_WithLowerCase_ReturnsNormalized" computerName="MCKITRICK" duration="00:00:00.0006378" startTime="2025-08-29T19:01:09.0470624-06:00" endTime="2025-08-29T19:01:09.0470626-06:00" testType="13cdc9d9-ddb5-4fa4-a97d-d965ccfc6d4b" outcome="Failed" testListId="8c84fa94-04c1-424b-9868-57a2d4851a1d" relativeResultsDirectory="2edaa7bd-4eed-4f64-89a8-268fdfe3a24f">
      <Output>
        <ErrorInfo>
          <Message>System.InvalidOperationException : The calling thread must be STA, because many UI components require this.</Message>
          <StackTrace>   at System.Windows.Input.InputManager..ctor()&#xD;
   at System.Windows.Input.InputManager.GetCurrentInputManagerImpl()&#xD;
   at System.Windows.Input.KeyboardNavigation..ctor()&#xD;
   at System.Windows.FrameworkElement.FrameworkServices..ctor()&#xD;
   at System.Windows.FrameworkElement.EnsureFrameworkServices()&#xD;
   at System.Windows.FrameworkElement..ctor()&#xD;
   at System.Windows.Controls.Control..ctor()&#xD;
   at System.Windows.Window..ctor()&#xD;
   at WileyWidget.MainWindow..ctor() in C:\Users\biges\Desktop\Wiley_Widget\Views\MainWindow.xaml.cs:line 59&#xD;
   at WileyWidget.Tests.MainWindowUnitTests.NormalizeTheme_WithLowerCase_ReturnsNormalized() in C:\Users\biges\Desktop\Wiley_Widget\WileyWidget.Tests\MainWindowUnitTests.cs:line 133&#xD;
   at System.RuntimeMethodHandle.InvokeMethod(Object target, Void** arguments, Signature sig, Boolean isConstructor)&#xD;
   at System.Reflection.MethodBaseInvoker.InvokeWithNoArgs(Object obj, BindingFlags invokeAttr)</StackTrace>
        </ErrorInfo>
      </Output>
    </UnitTestResult>
    <UnitTestResult executionId="db05e258-837e-4672-9356-2f8a389c6177" testId="bf088925-6f0e-4b03-c843-4df17998edc4" testName="WileyWidget.Tests.AppUnitTests.SetupUnhandledExceptionHandling_MethodExists" computerName="MCKITRICK" duration="00:00:00.0003374" startTime="2025-08-29T19:01:08.9724768-06:00" endTime="2025-08-29T19:01:08.9724770-06:00" testType="13cdc9d9-ddb5-4fa4-a97d-d965ccfc6d4b" outcome="Failed" testListId="8c84fa94-04c1-424b-9868-57a2d4851a1d" relativeResultsDirectory="db05e258-837e-4672-9356-2f8a389c6177">
      <Output>
        <ErrorInfo>
          <Message>Assert.NotNull() Failure: Value is null</Message>
          <StackTrace>   at WileyWidget.Tests.AppUnitTests.SetupUnhandledExceptionHandling_MethodExists() in C:\Users\biges\Desktop\Wiley_Widget\WileyWidget.Tests\AppUnitTests.cs:line 50&#xD;
   at System.RuntimeMethodHandle.InvokeMethod(Object target, Void** arguments, Signature sig, Boolean isConstructor)&#xD;
   at System.Reflection.MethodBaseInvoker.InvokeWithNoArgs(Object obj, BindingFlags invokeAttr)</StackTrace>
        </ErrorInfo>
      </Output>
    </UnitTestResult>
    <UnitTestResult executionId="75dbbae5-8491-4fc9-ae86-4f0fea90be39" testId="d72bcf70-eede-0359-7f9b-84883d87f42f" testName="WileyWidget.Tests.MainViewModelTests.SelectNextCommand_SelectsNextWidget" computerName="MCKITRICK" duration="00:00:00.1716541" startTime="2025-08-29T19:01:07.8301645-06:00" endTime="2025-08-29T19:01:07.8301648-06:00" testType="13cdc9d9-ddb5-4fa4-a97d-d965ccfc6d4b" outcome="Passed" testListId="8c84fa94-04c1-424b-9868-57a2d4851a1d" relativeResultsDirectory="75dbbae5-8491-4fc9-ae86-4f0fea90be39" />
    <UnitTestResult executionId="bd9cd946-8354-402d-a84a-3948ba6cb845" testId="97486250-1fe8-66a0-17d4-9ab973b2b619" testName="WileyWidget.Tests.AppUnitTests.RegisterSyncfusionLicense_WithNullConfig_HandlesGracefully" computerName="MCKITRICK" duration="00:00:00.0001992" startTime="2025-08-29T19:01:08.9767518-06:00" endTime="2025-08-29T19:01:08.9767520-06:00" testType="13cdc9d9-ddb5-4fa4-a97d-d965ccfc6d4b" outcome="Passed" testListId="8c84fa94-04c1-424b-9868-57a2d4851a1d" relativeResultsDirectory="bd9cd946-8354-402d-a84a-3948ba6cb845" />
    <UnitTestResult executionId="c2b93feb-db78-42dc-a0f2-a7145e9ea4d2" testId="5903b2e2-620c-d805-6dec-cff9749cf54d" testName="WileyWidget.Tests.WidgetTests.Widget_Name_Validation(name: &quot;A&quot;, shouldBeValid: True)" computerName="MCKITRICK" duration="00:00:00.0003021" startTime="2025-08-29T19:01:07.9550400-06:00" endTime="2025-08-29T19:01:07.9550400-06:00" testType="13cdc9d9-ddb5-4fa4-a97d-d965ccfc6d4b" outcome="Passed" testListId="8c84fa94-04c1-424b-9868-57a2d4851a1d" relativeResultsDirectory="c2b93feb-db78-42dc-a0f2-a7145e9ea4d2" />
    <UnitTestResult executionId="7b0f5aea-639e-441a-ac4e-74525dfbf453" testId="a1485da4-493d-cd3d-9e47-0f99906d1c2c" testName="WileyWidget.Tests.WidgetTests.Widget_FormattedPrice_ReturnsCorrectFormat(price: 99.99, expected: &quot;$99.99&quot;)" computerName="MCKITRICK" duration="00:00:00.0001548" startTime="2025-08-29T19:01:07.9486502-06:00" endTime="2025-08-29T19:01:07.9486502-06:00" testType="13cdc9d9-ddb5-4fa4-a97d-d965ccfc6d4b" outcome="Passed" testListId="8c84fa94-04c1-424b-9868-57a2d4851a1d" relativeResultsDirectory="7b0f5aea-639e-441a-ac4e-74525dfbf453" />
    <UnitTestResult executionId="d4b45384-e836-49eb-8226-dcf08d55cf2a" testId="93bcc1b2-e756-be48-7f05-0eed9d834711" testName="WileyWidget.Tests.EnterpriseModelTests.Enterprise_Name_Validation(name: &quot;A&quot;, shouldBeValid: True)" computerName="MCKITRICK" duration="00:00:00.0003264" startTime="2025-08-29T19:01:07.6014662-06:00" endTime="2025-08-29T19:01:07.6014663-06:00" testType="13cdc9d9-ddb5-4fa4-a97d-d965ccfc6d4b" outcome="Passed" testListId="8c84fa94-04c1-424b-9868-57a2d4851a1d" relativeResultsDirectory="d4b45384-e836-49eb-8226-dcf08d55cf2a" />
    <UnitTestResult executionId="d262991e-8a48-4f0e-af96-c6bf93ddb1ec" testId="168ae476-6639-8347-6432-3fafc0d8f784" testName="WileyWidget.Tests.DatabaseIntegrationTests.Repository_EnforcesRateConstraints" computerName="MCKITRICK" duration="00:00:00.0007043" startTime="2025-08-29T19:01:08.8639425-06:00" endTime="2025-08-29T19:01:08.8639428-06:00" testType="13cdc9d9-ddb5-4fa4-a97d-d965ccfc6d4b" outcome="Passed" testListId="8c84fa94-04c1-424b-9868-57a2d4851a1d" relativeResultsDirectory="d262991e-8a48-4f0e-af96-c6bf93ddb1ec" />
    <UnitTestResult executionId="7cfb25a5-e489-451a-8601-80c2491ef667" testId="a590d7ab-a37d-241b-b41d-e926aae9e190" testName="WileyWidget.Tests.DatabaseIntegrationTests.Repository_EnforcesCitizenCountConstraints" computerName="MCKITRICK" duration="00:00:00.0005403" startTime="2025-08-29T19:01:08.8647539-06:00" endTime="2025-08-29T19:01:08.8647540-06:00" testType="13cdc9d9-ddb5-4fa4-a97d-d965ccfc6d4b" outcome="Passed" testListId="8c84fa94-04c1-424b-9868-57a2d4851a1d" relativeResultsDirectory="7cfb25a5-e489-451a-8601-80c2491ef667" />
    <UnitTestResult executionId="5afd6d4f-3415-4e71-aeff-b002b4eb057a" testId="e82f29b2-da2d-1de7-97e4-1ecb0f1224d5" testName="WileyWidget.Tests.EnterpriseTests.Enterprise_Name_Validation(name: null, shouldBeValid: False)" computerName="MCKITRICK" duration="00:00:00.0001496" startTime="2025-08-29T19:01:07.9652675-06:00" endTime="2025-08-29T19:01:07.9652675-06:00" testType="13cdc9d9-ddb5-4fa4-a97d-d965ccfc6d4b" outcome="Passed" testListId="8c84fa94-04c1-424b-9868-57a2d4851a1d" relativeResultsDirectory="5afd6d4f-3415-4e71-aeff-b002b4eb057a" />
    <UnitTestResult executionId="6df38b72-2301-4bae-a390-9b3bee0b80d4" testId="8b807870-505b-71ed-7f55-1b57860f38f6" testName="WileyWidget.Tests.DatabaseIntegrationTests.Repository_HandlesConcurrentReads" computerName="MCKITRICK" duration="00:00:00.0027885" startTime="2025-08-29T19:01:08.8629028-06:00" endTime="2025-08-29T19:01:08.8629031-06:00" testType="13cdc9d9-ddb5-4fa4-a97d-d965ccfc6d4b" outcome="Passed" testListId="8c84fa94-04c1-424b-9868-57a2d4851a1d" relativeResultsDirectory="6df38b72-2301-4bae-a390-9b3bee0b80d4" />
    <UnitTestResult executionId="39fc3336-a17c-4fd8-968b-715cab2547c0" testId="20d48984-149e-52a8-e707-e7c8d17f3d51" testName="WileyWidget.Tests.AppUnitTests.TryScheduleLicenseDialogAutoClose_HandlesDialogScheduling" computerName="MCKITRICK" duration="00:00:00.0001104" startTime="2025-08-29T19:01:08.9749450-06:00" endTime="2025-08-29T19:01:08.9749451-06:00" testType="13cdc9d9-ddb5-4fa4-a97d-d965ccfc6d4b" outcome="Passed" testListId="8c84fa94-04c1-424b-9868-57a2d4851a1d" relativeResultsDirectory="39fc3336-a17c-4fd8-968b-715cab2547c0" />
    <UnitTestResult executionId="9f8e7f79-30be-4db4-a19b-c45e88aec1fa" testId="e5321f6f-e5a1-6e5b-e713-11e01758bd01" testName="WileyWidget.Tests.BudgetInteractionTests.BudgetInteraction_SecondaryEnterpriseId_CanBeSet" computerName="MCKITRICK" duration="00:00:00.0015478" startTime="2025-08-29T19:01:07.5952337-06:00" endTime="2025-08-29T19:01:07.5952339-06:00" testType="13cdc9d9-ddb5-4fa4-a97d-d965ccfc6d4b" outcome="Passed" testListId="8c84fa94-04c1-424b-9868-57a2d4851a1d" relativeResultsDirectory="9f8e7f79-30be-4db4-a19b-c45e88aec1fa" />
    <UnitTestResult executionId="72594277-1d69-4522-acd6-cd332144035c" testId="28afac11-75f2-4277-47ce-175ecd6d5bf3" testName="WileyWidget.Tests.WidgetTests.Widget_IsActive_CanBeSet(isActive: True)" computerName="MCKITRICK" duration="00:00:00.0001384" startTime="2025-08-29T19:01:07.9463093-06:00" endTime="2025-08-29T19:01:07.9463093-06:00" testType="13cdc9d9-ddb5-4fa4-a97d-d965ccfc6d4b" outcome="Passed" testListId="8c84fa94-04c1-424b-9868-57a2d4851a1d" relativeResultsDirectory="72594277-1d69-4522-acd6-cd332144035c" />
    <UnitTestResult executionId="4538e335-7b8e-4ef7-adfb-78ca4a662799" testId="93f87e80-68d8-ef6d-e92d-98707d05f82e" testName="WileyWidget.Tests.AppUnitTests.RegisterSyncfusionLicense_WithNoValidSources_LogsWarning" computerName="MCKITRICK" duration="00:00:00.0652017" startTime="2025-08-29T19:01:08.9621674-06:00" endTime="2025-08-29T19:01:08.9621679-06:00" testType="13cdc9d9-ddb5-4fa4-a97d-d965ccfc6d4b" outcome="Passed" testListId="8c84fa94-04c1-424b-9868-57a2d4851a1d" relativeResultsDirectory="4538e335-7b8e-4ef7-adfb-78ca4a662799" />
    <UnitTestResult executionId="a3ec308c-e5f9-49d7-8b67-08ca1c094765" testId="59a77b29-012a-7f31-5abd-f2349c80ceff" testName="WileyWidget.Tests.DatabaseIntegrationTests.GetAllAsync_ReturnsAllEnterprises" computerName="MCKITRICK" duration="00:00:00.0142457" startTime="2025-08-29T19:01:08.8492544-06:00" endTime="2025-08-29T19:01:08.8492548-06:00" testType="13cdc9d9-ddb5-4fa4-a97d-d965ccfc6d4b" outcome="Passed" testListId="8c84fa94-04c1-424b-9868-57a2d4851a1d" relativeResultsDirectory="a3ec308c-e5f9-49d7-8b67-08ca1c094765" />
    <UnitTestResult executionId="1be76897-56b2-4b6c-b4cb-511b9af75c64" testId="1d6cc74e-b1aa-d571-8164-59cf85bf66e7" testName="WileyWidget.Tests.EnterpriseTests.Enterprise_CurrentRate_Validation(rate: 10000, shouldBeValid: False)" computerName="MCKITRICK" duration="00:00:00.0001845" startTime="2025-08-29T19:01:07.9632095-06:00" endTime="2025-08-29T19:01:07.9632096-06:00" testType="13cdc9d9-ddb5-4fa4-a97d-d965ccfc6d4b" outcome="Passed" testListId="8c84fa94-04c1-424b-9868-57a2d4851a1d" relativeResultsDirectory="1be76897-56b2-4b6c-b4cb-511b9af75c64" />
    <UnitTestResult executionId="1f464773-1348-459d-aec9-ffdfeed94ec6" testId="efa2ee80-8a84-ce7d-1850-d99aa3c2923a" testName="WileyWidget.Tests.BudgetInteractionTests.BudgetInteraction_Creation_WithValidData_Succeeds" computerName="MCKITRICK" duration="00:00:00.0032950" startTime="2025-08-29T19:01:07.5670863-06:00" endTime="2025-08-29T19:01:07.5670865-06:00" testType="13cdc9d9-ddb5-4fa4-a97d-d965ccfc6d4b" outcome="Passed" testListId="8c84fa94-04c1-424b-9868-57a2d4851a1d" relativeResultsDirectory="1f464773-1348-459d-aec9-ffdfeed94ec6" />
    <UnitTestResult executionId="abb82f6b-6939-427e-bacc-16254134f9b2" testId="62021b67-5876-d70c-80d9-db2ebaaf208a" testName="WileyWidget.Tests.MainWindowUnitTests.InitializeBudgetDiagram_MethodExists" computerName="MCKITRICK" duration="00:00:00.0007315" startTime="2025-08-29T19:01:09.0371264-06:00" endTime="2025-08-29T19:01:09.0371267-06:00" testType="13cdc9d9-ddb5-4fa4-a97d-d965ccfc6d4b" outcome="Failed" testListId="8c84fa94-04c1-424b-9868-57a2d4851a1d" relativeResultsDirectory="abb82f6b-6939-427e-bacc-16254134f9b2">
      <Output>
        <ErrorInfo>
          <Message>System.InvalidOperationException : The calling thread must be STA, because many UI components require this.</Message>
          <StackTrace>   at System.Windows.Input.InputManager..ctor()&#xD;
   at System.Windows.Input.InputManager.GetCurrentInputManagerImpl()&#xD;
   at System.Windows.Input.KeyboardNavigation..ctor()&#xD;
   at System.Windows.FrameworkElement.FrameworkServices..ctor()&#xD;
   at System.Windows.FrameworkElement.EnsureFrameworkServices()&#xD;
   at System.Windows.FrameworkElement..ctor()&#xD;
   at System.Windows.Controls.Control..ctor()&#xD;
   at System.Windows.Window..ctor()&#xD;
   at WileyWidget.MainWindow..ctor() in C:\Users\biges\Desktop\Wiley_Widget\Views\MainWindow.xaml.cs:line 59&#xD;
   at WileyWidget.Tests.MainWindowUnitTests.InitializeBudgetDiagram_MethodExists() in C:\Users\biges\Desktop\Wiley_Widget\WileyWidget.Tests\MainWindowUnitTests.cs:line 27&#xD;
   at System.RuntimeMethodHandle.InvokeMethod(Object target, Void** arguments, Signature sig, Boolean isConstructor)&#xD;
   at System.Reflection.MethodBaseInvoker.InvokeWithNoArgs(Object obj, BindingFlags invokeAttr)</StackTrace>
        </ErrorInfo>
      </Output>
    </UnitTestResult>
    <UnitTestResult executionId="97db73b4-7b4a-4c1a-900c-02ba2611d31f" testId="1340ffff-d167-8c9f-1446-195b0fb1d86f" testName="WileyWidget.Tests.DatabaseIntegrationTests.AddAsync_AddsEnterpriseToDatabase" computerName="MCKITRICK" duration="00:00:00.0130127" startTime="2025-08-29T19:01:08.7973820-06:00" endTime="2025-08-29T19:01:08.7973821-06:00" testType="13cdc9d9-ddb5-4fa4-a97d-d965ccfc6d4b" outcome="Passed" testListId="8c84fa94-04c1-424b-9868-57a2d4851a1d" relativeResultsDirectory="97db73b4-7b4a-4c1a-900c-02ba2611d31f" />
    <UnitTestResult executionId="d73854e7-8da5-4a96-af15-9dd775ee794e" testId="2969f2e0-70ae-84d9-8527-e1ee638f4f9b" testName="WileyWidget.Tests.SettingsServiceTests.SettingsService_Load_CreatesBackupOfCorruptFile" computerName="MCKITRICK" duration="00:00:00.0033759" startTime="2025-08-29T19:01:07.9441365-06:00" endTime="2025-08-29T19:01:07.9441368-06:00" testType="13cdc9d9-ddb5-4fa4-a97d-d965ccfc6d4b" outcome="Passed" testListId="8c84fa94-04c1-424b-9868-57a2d4851a1d" relativeResultsDirectory="d73854e7-8da5-4a96-af15-9dd775ee794e" />
    <UnitTestResult executionId="b67180e6-f357-433a-9597-e8cbdcff4207" testId="02a84783-afd8-9efb-6906-833a0d912242" testName="WileyWidget.Tests.MainViewModelTests.Widgets_Collection_ContainsInitialData" computerName="MCKITRICK" duration="00:00:00.0010680" startTime="2025-08-29T19:01:07.8535003-06:00" endTime="2025-08-29T19:01:07.8535004-06:00" testType="13cdc9d9-ddb5-4fa4-a97d-d965ccfc6d4b" outcome="Passed" testListId="8c84fa94-04c1-424b-9868-57a2d4851a1d" relativeResultsDirectory="b67180e6-f357-433a-9597-e8cbdcff4207" />
    <UnitTestResult executionId="b3d8cf81-af35-4f24-aeea-e95ed66ec379" testId="cda48384-02ec-e8bf-7f92-391e842be3cc" testName="WileyWidget.Tests.EnterpriseDatabaseTests.QueryEnterpriseByName_ReturnsCorrectData_UsingDirectConnection" computerName="MCKITRICK" duration="00:00:00.0089623" startTime="2025-08-29T19:01:08.2785377-06:00" endTime="2025-08-29T19:01:08.2785379-06:00" testType="13cdc9d9-ddb5-4fa4-a97d-d965ccfc6d4b" outcome="Passed" testListId="8c84fa94-04c1-424b-9868-57a2d4851a1d" relativeResultsDirectory="b3d8cf81-af35-4f24-aeea-e95ed66ec379" />
    <UnitTestResult executionId="f293b543-e47f-4c4d-9656-13ecf7aa3340" testId="d332a652-b311-2f6e-2247-c3ce44c290ae" testName="WileyWidget.Tests.WidgetTests.Widget_MarkAsModified_UpdatesModifiedDate" computerName="MCKITRICK" duration="00:00:00.0008788" startTime="2025-08-29T19:01:07.9574967-06:00" endTime="2025-08-29T19:01:07.9574967-06:00" testType="13cdc9d9-ddb5-4fa4-a97d-d965ccfc6d4b" outcome="Passed" testListId="8c84fa94-04c1-424b-9868-57a2d4851a1d" relativeResultsDirectory="f293b543-e47f-4c4d-9656-13ecf7aa3340" />
    <UnitTestResult executionId="24ae8097-1886-41f4-9e2c-49734528b960" testId="44e15a9e-b1db-5915-a9b2-5e9b239ca9b3" testName="WileyWidget.Tests.EnterpriseModelTests.Enterprise_BudgetStatus_ReturnsCorrectStatus(revenue: 3000, expenses: 2500, expectedStatus: &quot;Surplus&quot;)" computerName="MCKITRICK" duration="00:00:00.0001938" startTime="2025-08-29T19:01:07.6044690-06:00" endTime="2025-08-29T19:01:07.6044691-06:00" testType="13cdc9d9-ddb5-4fa4-a97d-d965ccfc6d4b" outcome="Passed" testListId="8c84fa94-04c1-424b-9868-57a2d4851a1d" relativeResultsDirectory="24ae8097-1886-41f4-9e2c-49734528b960" />
    <UnitTestResult executionId="c957a3bd-7978-4d90-b5f1-b8df2a16827f" testId="97655ffa-dca1-a12a-5ad2-019d9211febe" testName="WileyWidget.Tests.DatabaseIntegrationTests.Repository_ValidatesRequiredFields" computerName="MCKITRICK" duration="00:00:00.0026823" startTime="2025-08-29T19:01:08.8344317-06:00" endTime="2025-08-29T19:01:08.8344319-06:00" testType="13cdc9d9-ddb5-4fa4-a97d-d965ccfc6d4b" outcome="Passed" testListId="8c84fa94-04c1-424b-9868-57a2d4851a1d" relativeResultsDirectory="c957a3bd-7978-4d90-b5f1-b8df2a16827f" />
    <UnitTestResult executionId="9e5bf27c-ea3a-431c-b928-a029325a7117" testId="7616251f-ba10-2865-c7c0-878cebe0f9bd" testName="WileyWidget.Tests.BudgetInteractionTests.BudgetInteraction_IsCost_CanBeSetToFalse" computerName="MCKITRICK" duration="00:00:00.0003162" startTime="2025-08-29T19:01:07.5536345-06:00" endTime="2025-08-29T19:01:07.5536347-06:00" testType="13cdc9d9-ddb5-4fa4-a97d-d965ccfc6d4b" outcome="Passed" testListId="8c84fa94-04c1-424b-9868-57a2d4851a1d" relativeResultsDirectory="9e5bf27c-ea3a-431c-b928-a029325a7117" />
    <UnitTestResult executionId="c8c866ff-62f0-47bc-a227-c0f5860e90a1" testId="90cb2182-2da9-b142-9e98-2812635b6bad" testName="WileyWidget.Tests.EnterpriseTests.Enterprise_CalculatedProperties_WorkCorrectly(currentRate: 2, citizenCount: 500, expenses: 1000, expectedBalance: 0)" computerName="MCKITRICK" duration="00:00:00.0002478" startTime="2025-08-29T19:01:07.9598544-06:00" endTime="2025-08-29T19:01:07.9598544-06:00" testType="13cdc9d9-ddb5-4fa4-a97d-d965ccfc6d4b" outcome="Passed" testListId="8c84fa94-04c1-424b-9868-57a2d4851a1d" relativeResultsDirectory="c8c866ff-62f0-47bc-a227-c0f5860e90a1" />
    <UnitTestResult executionId="68cdf8e0-bb41-4a83-aca6-1b9e71d8d9c3" testId="e72511ca-5da4-5e68-e2df-554a43fc47aa" testName="WileyWidget.Tests.SettingsServiceTests.SettingsService_Load_HandlesMissingFile" computerName="MCKITRICK" duration="00:00:00.0015969" startTime="2025-08-29T19:01:07.9356879-06:00" endTime="2025-08-29T19:01:07.9356881-06:00" testType="13cdc9d9-ddb5-4fa4-a97d-d965ccfc6d4b" outcome="Passed" testListId="8c84fa94-04c1-424b-9868-57a2d4851a1d" relativeResultsDirectory="68cdf8e0-bb41-4a83-aca6-1b9e71d8d9c3" />
    <UnitTestResult executionId="66963b80-9be2-415d-af37-495cc7187b06" testId="8b1e5a88-d61f-8bfb-af7a-001ec194b46c" testName="WileyWidget.Tests.MainViewModelTests.QuickBooksCustomers_Collection_IsObservable" computerName="MCKITRICK" duration="00:00:00.0005271" startTime="2025-08-29T19:01:07.8572343-06:00" endTime="2025-08-29T19:01:07.8572344-06:00" testType="13cdc9d9-ddb5-4fa4-a97d-d965ccfc6d4b" outcome="Passed" testListId="8c84fa94-04c1-424b-9868-57a2d4851a1d" relativeResultsDirectory="66963b80-9be2-415d-af37-495cc7187b06" />
    <UnitTestResult executionId="691c6f1c-24f4-4550-8b21-6a10470f33b3" testId="250861d5-9d13-68af-2b01-b8c47d52fcf2" testName="WileyWidget.Tests.EnterpriseTests.Enterprise_CalculatedProperties_WorkCorrectly(currentRate: 1, citizenCount: 1000, expenses: 0, expectedBalance: 1000)" computerName="MCKITRICK" duration="00:00:00.0000088" startTime="2025-08-29T19:01:07.9606732-06:00" endTime="2025-08-29T19:01:07.9606732-06:00" testType="13cdc9d9-ddb5-4fa4-a97d-d965ccfc6d4b" outcome="Passed" testListId="8c84fa94-04c1-424b-9868-57a2d4851a1d" relativeResultsDirectory="691c6f1c-24f4-4550-8b21-6a10470f33b3" />
    <UnitTestResult executionId="e901bc62-c268-4080-a35a-0888eeb922db" testId="a2810c54-2114-8e84-bfe9-f4d0a5267d1f" testName="WileyWidget.Tests.EnterpriseModelTests.Enterprise_CitizenCount_Validation(citizenCount: -1, shouldBeValid: False)" computerName="MCKITRICK" duration="00:00:00.0001919" startTime="2025-08-29T19:01:07.6059806-06:00" endTime="2025-08-29T19:01:07.6059807-06:00" testType="13cdc9d9-ddb5-4fa4-a97d-d965ccfc6d4b" outcome="Passed" testListId="8c84fa94-04c1-424b-9868-57a2d4851a1d" relativeResultsDirectory="e901bc62-c268-4080-a35a-0888eeb922db" />
    <UnitTestResult executionId="f5206abd-937e-4e2b-8691-3b087f82e4de" testId="8df32280-d2cc-aff4-2ff0-10224e8b8552" testName="WileyWidget.Tests.EnterpriseTests.Enterprise_CurrentRate_Validation(rate: -1, shouldBeValid: False)" computerName="MCKITRICK" duration="00:00:00.0005406" startTime="2025-08-29T19:01:07.9628087-06:00" endTime="2025-08-29T19:01:07.9628088-06:00" testType="13cdc9d9-ddb5-4fa4-a97d-d965ccfc6d4b" outcome="Passed" testListId="8c84fa94-04c1-424b-9868-57a2d4851a1d" relativeResultsDirectory="f5206abd-937e-4e2b-8691-3b087f82e4de" />
    <UnitTestResult executionId="b4d0e4d4-4b1a-4251-9254-9101d7ede338" testId="bc7d1dad-4626-c238-a1b7-51e0ec90dede" testName="WileyWidget.Tests.BudgetAnalyticsTests.BudgetInsights_GeneratesCorrectInsights_ForDeficit" computerName="MCKITRICK" duration="00:00:00.0003292" startTime="2025-08-29T19:01:07.6193620-06:00" endTime="2025-08-29T19:01:07.6193622-06:00" testType="13cdc9d9-ddb5-4fa4-a97d-d965ccfc6d4b" outcome="Passed" testListId="8c84fa94-04c1-424b-9868-57a2d4851a1d" relativeResultsDirectory="b4d0e4d4-4b1a-4251-9254-9101d7ede338" />
    <UnitTestResult executionId="f8ac0dd3-8dfb-4f9e-8faa-22c2f6c94652" testId="d6a8afd6-4dff-6792-90e1-49cce70d3116" testName="WileyWidget.Tests.WidgetTests.Widget_Quantity_Validation(quantity: 100, shouldBeValid: True)" computerName="MCKITRICK" duration="00:00:00.0001804" startTime="2025-08-29T19:01:07.9585084-06:00" endTime="2025-08-29T19:01:07.9585085-06:00" testType="13cdc9d9-ddb5-4fa4-a97d-d965ccfc6d4b" outcome="Passed" testListId="8c84fa94-04c1-424b-9868-57a2d4851a1d" relativeResultsDirectory="f8ac0dd3-8dfb-4f9e-8faa-22c2f6c94652" />
    <UnitTestResult executionId="b34db9dd-0cc4-4204-b876-a3ff6e491755" testId="b211dea4-7dcd-20f5-d31b-47d61cf807dd" testName="WileyWidget.Tests.WidgetTests.Widget_Category_AcceptsVariousValues(category: &quot;Home &amp; Garden&quot;)" computerName="MCKITRICK" duration="00:00:00.0000035" startTime="2025-08-29T19:01:07.9475295-06:00" endTime="2025-08-29T19:01:07.9475295-06:00" testType="13cdc9d9-ddb5-4fa4-a97d-d965ccfc6d4b" outcome="Passed" testListId="8c84fa94-04c1-424b-9868-57a2d4851a1d" relativeResultsDirectory="b34db9dd-0cc4-4204-b876-a3ff6e491755" />
    <UnitTestResult executionId="55c0c3f9-8602-4808-a361-1b6d3155b126" testId="6cdef057-5472-5dc2-1e24-0c140874339b" testName="WileyWidget.Tests.BudgetInteractionTests.BudgetInteraction_Notes_Validation(notes: &quot;Normal length notes&quot;, shouldBeValid: True)" computerName="MCKITRICK" duration="00:00:00.0000203" startTime="2025-08-29T19:01:07.5851475-06:00" endTime="2025-08-29T19:01:07.5851477-06:00" testType="13cdc9d9-ddb5-4fa4-a97d-d965ccfc6d4b" outcome="Passed" testListId="8c84fa94-04c1-424b-9868-57a2d4851a1d" relativeResultsDirectory="55c0c3f9-8602-4808-a361-1b6d3155b126" />
    <UnitTestResult executionId="f9aca085-34aa-4f69-b463-8913060201d1" testId="87640105-c887-14a1-6f10-e810209647b1" testName="WileyWidget.Tests.AppUnitTests.TryRegisterEmbeddedLicense_DefaultImplementation_ReturnsFalse" computerName="MCKITRICK" duration="00:00:00.0001131" startTime="2025-08-29T19:01:08.9625731-06:00" endTime="2025-08-29T19:01:08.9625731-06:00" testType="13cdc9d9-ddb5-4fa4-a97d-d965ccfc6d4b" outcome="Passed" testListId="8c84fa94-04c1-424b-9868-57a2d4851a1d" relativeResultsDirectory="f9aca085-34aa-4f69-b463-8913060201d1" />
    <UnitTestResult executionId="ce49381c-4fe3-467b-b555-2ffcc77dfcfb" testId="73c56291-a896-78c5-1d0e-13918f0ef198" testName="WileyWidget.Tests.EnterpriseModelTests.Enterprise_CitizenCount_Validation(citizenCount: 0, shouldBeValid: False)" computerName="MCKITRICK" duration="00:00:00.0004172" startTime="2025-08-29T19:01:07.6055965-06:00" endTime="2025-08-29T19:01:07.6055967-06:00" testType="13cdc9d9-ddb5-4fa4-a97d-d965ccfc6d4b" outcome="Passed" testListId="8c84fa94-04c1-424b-9868-57a2d4851a1d" relativeResultsDirectory="ce49381c-4fe3-467b-b555-2ffcc77dfcfb" />
    <UnitTestResult executionId="4748aa06-fecb-4cd0-937a-53c6762ab812" testId="917950f3-8248-2f78-cc8c-99370e6626ab" testName="WileyWidget.Tests.DatabaseIntegrationTests.Repository_CalculatesRevenueCorrectly" computerName="MCKITRICK" duration="00:00:00.0014900" startTime="2025-08-29T19:01:08.8598010-06:00" endTime="2025-08-29T19:01:08.8598011-06:00" testType="13cdc9d9-ddb5-4fa4-a97d-d965ccfc6d4b" outcome="Passed" testListId="8c84fa94-04c1-424b-9868-57a2d4851a1d" relativeResultsDirectory="4748aa06-fecb-4cd0-937a-53c6762ab812" />
    <UnitTestResult executionId="19ed67dc-c5cd-43be-938a-5ed279686dca" testId="69a6cf07-6d56-fd82-65cd-93be98d990d5" testName="WileyWidget.Tests.WidgetTests.Widget_Price_Validation(price: 0, shouldBeValid: False)" computerName="MCKITRICK" duration="00:00:00.0010545" startTime="2025-08-29T19:01:07.9501878-06:00" endTime="2025-08-29T19:01:07.9501879-06:00" testType="13cdc9d9-ddb5-4fa4-a97d-d965ccfc6d4b" outcome="Passed" testListId="8c84fa94-04c1-424b-9868-57a2d4851a1d" relativeResultsDirectory="19ed67dc-c5cd-43be-938a-5ed279686dca" />
    <UnitTestResult executionId="90c985d5-d739-430b-988d-e9f16ed86cf4" testId="8d616601-23ef-0d6f-a99d-c5f9d126d4fa" testName="WileyWidget.Tests.EnterpriseModelTests.Enterprise_BudgetStatus_ReturnsCorrectStatus(revenue: 2000, expenses: 2500, expectedStatus: &quot;Deficit&quot;)" computerName="MCKITRICK" duration="00:00:00.0000044" startTime="2025-08-29T19:01:07.6046532-06:00" endTime="2025-08-29T19:01:07.6046532-06:00" testType="13cdc9d9-ddb5-4fa4-a97d-d965ccfc6d4b" outcome="Passed" testListId="8c84fa94-04c1-424b-9868-57a2d4851a1d" relativeResultsDirectory="90c985d5-d739-430b-988d-e9f16ed86cf4" />
    <UnitTestResult executionId="88549ff6-d727-4b22-b17b-3872e70df449" testId="c79d0d0b-2c17-cda5-48a6-5d1589c048fd" testName="WileyWidget.Tests.BudgetInteractionTests.BudgetInteraction_InteractionType_Validation(type: &quot;SharedCost&quot;, shouldBeValid: True)" computerName="MCKITRICK" duration="00:00:00.0067333" startTime="2025-08-29T19:01:07.5611842-06:00" endTime="2025-08-29T19:01:07.5611846-06:00" testType="13cdc9d9-ddb5-4fa4-a97d-d965ccfc6d4b" outcome="Passed" testListId="8c84fa94-04c1-424b-9868-57a2d4851a1d" relativeResultsDirectory="88549ff6-d727-4b22-b17b-3872e70df449" />
    <UnitTestResult executionId="ae39940c-c161-4467-b0c7-072d77f16995" testId="19841e8f-f411-41cb-ae2b-9bc38aa5560d" testName="WileyWidget.Tests.BudgetAnalyticsTests.BudgetMetrics_ReturnsCorrectStatus_BreakEven" computerName="MCKITRICK" duration="00:00:00.0002100" startTime="2025-08-29T19:01:07.6573169-06:00" endTime="2025-08-29T19:01:07.6573170-06:00" testType="13cdc9d9-ddb5-4fa4-a97d-d965ccfc6d4b" outcome="Passed" testListId="8c84fa94-04c1-424b-9868-57a2d4851a1d" relativeResultsDirectory="ae39940c-c161-4467-b0c7-072d77f16995" />
    <UnitTestResult executionId="fa272a2c-6ef7-497c-a498-326d91022d7d" testId="4a107ce6-33da-a97e-bc39-9415fc198e08" testName="WileyWidget.Tests.EnterpriseTests.Enterprise_Validation_HandlesMultipleErrors" computerName="MCKITRICK" duration="00:00:00.0002911" startTime="2025-08-29T19:01:07.9664450-06:00" endTime="2025-08-29T19:01:07.9664451-06:00" testType="13cdc9d9-ddb5-4fa4-a97d-d965ccfc6d4b" outcome="Passed" testListId="8c84fa94-04c1-424b-9868-57a2d4851a1d" relativeResultsDirectory="fa272a2c-6ef7-497c-a498-326d91022d7d" />
    <UnitTestResult executionId="f57dafbe-6b63-409b-88a0-c483611a24f4" testId="266048de-3f2b-fdbd-2e09-1b7eae8e8964" testName="WileyWidget.Tests.EnterpriseModelTests.Enterprise_Name_Validation(name: &quot;Valid Name&quot;, shouldBeValid: True)" computerName="MCKITRICK" duration="00:00:00.0000163" startTime="2025-08-29T19:01:07.6021832-06:00" endTime="2025-08-29T19:01:07.6021833-06:00" testType="13cdc9d9-ddb5-4fa4-a97d-d965ccfc6d4b" outcome="Passed" testListId="8c84fa94-04c1-424b-9868-57a2d4851a1d" relativeResultsDirectory="f57dafbe-6b63-409b-88a0-c483611a24f4" />
    <UnitTestResult executionId="d0dc9956-926d-4e3c-9d5b-8c213acc52ae" testId="20fc74fb-086b-510b-ae28-7341d9a3029b" testName="WileyWidget.Tests.WidgetTests.Widget_DisplayName_ReturnsCorrectFormat(name: &quot;Widget Name&quot;, sku: &quot;SKU-001&quot;, expected: &quot;Widget Name (SKU-001)&quot;)" computerName="MCKITRICK" duration="00:00:00.0003370" startTime="2025-08-29T19:01:07.9537831-06:00" endTime="2025-08-29T19:01:07.9537832-06:00" testType="13cdc9d9-ddb5-4fa4-a97d-d965ccfc6d4b" outcome="Passed" testListId="8c84fa94-04c1-424b-9868-57a2d4851a1d" relativeResultsDirectory="d0dc9956-926d-4e3c-9d5b-8c213acc52ae" />
    <UnitTestResult executionId="4f95d10c-15bd-4a63-a9ed-16c02d10e27e" testId="cc0265d4-60a7-3f55-fdff-2713f678dbad" testName="WileyWidget.Tests.EnterpriseTests.Enterprise_DefaultValues_AreSetCorrectly" computerName="MCKITRICK" duration="00:00:00.0001999" startTime="2025-08-29T19:01:07.9612010-06:00" endTime="2025-08-29T19:01:07.9612011-06:00" testType="13cdc9d9-ddb5-4fa4-a97d-d965ccfc6d4b" outcome="Passed" testListId="8c84fa94-04c1-424b-9868-57a2d4851a1d" relativeResultsDirectory="4f95d10c-15bd-4a63-a9ed-16c02d10e27e" />
    <UnitTestResult executionId="1c728596-ede8-4d4c-b201-597c31be2bd5" testId="df5aec0e-ef6f-cdc6-14fa-f5e50593b465" testName="WileyWidget.Tests.BudgetInteractionTests.BudgetInteraction_Description_Validation(description: &quot;A&quot;, shouldBeValid: True)" computerName="MCKITRICK" duration="00:00:00.0000081" startTime="2025-08-29T19:01:07.5935278-06:00" endTime="2025-08-29T19:01:07.5935278-06:00" testType="13cdc9d9-ddb5-4fa4-a97d-d965ccfc6d4b" outcome="Passed" testListId="8c84fa94-04c1-424b-9868-57a2d4851a1d" relativeResultsDirectory="1c728596-ede8-4d4c-b201-597c31be2bd5" />
    <UnitTestResult executionId="6e686ef0-3583-408d-96b4-0a9b5d8bccdf" testId="a870daa8-df1f-ef82-e638-57d5f0b05d91" testName="WileyWidget.Tests.SettingsServiceTests.SettingsService_Current_IsNotNull" computerName="MCKITRICK" duration="00:00:00.0007573" startTime="2025-08-29T19:01:07.9337760-06:00" endTime="2025-08-29T19:01:07.9337763-06:00" testType="13cdc9d9-ddb5-4fa4-a97d-d965ccfc6d4b" outcome="Passed" testListId="8c84fa94-04c1-424b-9868-57a2d4851a1d" relativeResultsDirectory="6e686ef0-3583-408d-96b4-0a9b5d8bccdf" />
    <UnitTestResult executionId="2877fe5b-56dd-4f62-9c01-a5f3e9d76433" testId="bab73118-bcc5-733a-969d-4c306d5de5ef" testName="WileyWidget.Tests.EnterpriseTests.Enterprise_CurrentRate_Validation(rate: 1000, shouldBeValid: True)" computerName="MCKITRICK" duration="00:00:00.0001668" startTime="2025-08-29T19:01:07.9638299-06:00" endTime="2025-08-29T19:01:07.9638299-06:00" testType="13cdc9d9-ddb5-4fa4-a97d-d965ccfc6d4b" outcome="Passed" testListId="8c84fa94-04c1-424b-9868-57a2d4851a1d" relativeResultsDirectory="2877fe5b-56dd-4f62-9c01-a5f3e9d76433" />
    <UnitTestResult executionId="5cb0aff4-5764-47e5-8c07-38b5c8d0dc93" testId="974b0525-eec9-9c0d-84c0-1e28bcdfdce9" testName="WileyWidget.Tests.WidgetTests.Widget_Category_AcceptsVariousValues(category: &quot;Books&quot;)" computerName="MCKITRICK" duration="00:00:00.0001410" startTime="2025-08-29T19:01:07.9466334-06:00" endTime="2025-08-29T19:01:07.9466335-06:00" testType="13cdc9d9-ddb5-4fa4-a97d-d965ccfc6d4b" outcome="Passed" testListId="8c84fa94-04c1-424b-9868-57a2d4851a1d" relativeResultsDirectory="5cb0aff4-5764-47e5-8c07-38b5c8d0dc93" />
    <UnitTestResult executionId="65c477c6-c504-4d33-af09-7ae06c9a00d1" testId="0c08c2f7-584f-44de-79b5-e35ec9541cbd" testName="WileyWidget.Tests.WidgetTests.Widget_Category_AcceptsVariousValues(category: &quot;Clothing&quot;)" computerName="MCKITRICK" duration="00:00:00.0000842" startTime="2025-08-29T19:01:07.9471618-06:00" endTime="2025-08-29T19:01:07.9471618-06:00" testType="13cdc9d9-ddb5-4fa4-a97d-d965ccfc6d4b" outcome="Passed" testListId="8c84fa94-04c1-424b-9868-57a2d4851a1d" relativeResultsDirectory="65c477c6-c504-4d33-af09-7ae06c9a00d1" />
    <UnitTestResult executionId="3f7c536b-9a16-4294-b583-eb720dd889e4" testId="e1f8a3e1-d467-b8d5-d368-b35a2dff4c81" testName="WileyWidget.Tests.EnterpriseDatabaseTests.SimpleDatabaseConnectionTest" computerName="MCKITRICK" duration="00:00:00.2386039" startTime="2025-08-29T19:01:08.2085812-06:00" endTime="2025-08-29T19:01:08.2085817-06:00" testType="13cdc9d9-ddb5-4fa4-a97d-d965ccfc6d4b" outcome="Passed" testListId="8c84fa94-04c1-424b-9868-57a2d4851a1d" relativeResultsDirectory="3f7c536b-9a16-4294-b583-eb720dd889e4" />
    <UnitTestResult executionId="f7dfdcce-b418-41b9-83f0-ac5f3bdf1d0c" testId="3c697a19-d738-59c1-c19c-a483654a946e" testName="WileyWidget.Tests.BudgetAnalyticsTests.BudgetMetrics_CalculatesMonthlyBalanceCorrectly" computerName="MCKITRICK" duration="00:00:00.0003386" startTime="2025-08-29T19:01:07.6557547-06:00" endTime="2025-08-29T19:01:07.6557548-06:00" testType="13cdc9d9-ddb5-4fa4-a97d-d965ccfc6d4b" outcome="Passed" testListId="8c84fa94-04c1-424b-9868-57a2d4851a1d" relativeResultsDirectory="f7dfdcce-b418-41b9-83f0-ac5f3bdf1d0c" />
    <UnitTestResult executionId="bf2c35a6-4bd6-476b-bf8f-fd236a3801f9" testId="118c5093-dd4d-05af-5b6d-0f37c0d730c3" testName="WileyWidget.Tests.MainWindowUnitTests.LogCurrentThemeState_MethodExists" computerName="MCKITRICK" duration="00:00:00.0003445" startTime="2025-08-29T19:01:09.0500776-06:00" endTime="2025-08-29T19:01:09.0500777-06:00" testType="13cdc9d9-ddb5-4fa4-a97d-d965ccfc6d4b" outcome="Failed" testListId="8c84fa94-04c1-424b-9868-57a2d4851a1d" relativeResultsDirectory="bf2c35a6-4bd6-476b-bf8f-fd236a3801f9">
      <Output>
        <ErrorInfo>
          <Message>System.InvalidOperationException : The calling thread must be STA, because many UI components require this.</Message>
          <StackTrace>   at System.Windows.Input.InputManager..ctor()&#xD;
   at System.Windows.Input.InputManager.GetCurrentInputManagerImpl()&#xD;
   at System.Windows.Input.KeyboardNavigation..ctor()&#xD;
   at System.Windows.FrameworkElement.FrameworkServices..ctor()&#xD;
   at System.Windows.FrameworkElement.EnsureFrameworkServices()&#xD;
   at System.Windows.FrameworkElement..ctor()&#xD;
   at System.Windows.Controls.Control..ctor()&#xD;
   at System.Windows.Window..ctor()&#xD;
   at WileyWidget.MainWindow..ctor() in C:\Users\biges\Desktop\Wiley_Widget\Views\MainWindow.xaml.cs:line 59&#xD;
   at WileyWidget.Tests.MainWindowUnitTests.LogCurrentThemeState_MethodExists() in C:\Users\biges\Desktop\Wiley_Widget\WileyWidget.Tests\MainWindowUnitTests.cs:line 79&#xD;
   at System.RuntimeMethodHandle.InvokeMethod(Object target, Void** arguments, Signature sig, Boolean isConstructor)&#xD;
   at System.Reflection.MethodBaseInvoker.InvokeWithNoArgs(Object obj, BindingFlags invokeAttr)</StackTrace>
        </ErrorInfo>
      </Output>
    </UnitTestResult>
    <UnitTestResult executionId="8ead6b62-7bbe-43dd-837a-c7bf40d0037b" testId="b43e3dd0-44c9-3349-d80b-08150cc5294d" testName="WileyWidget.Tests.MainViewModelTests.SelectNextCommand_HandlesEmptyList" computerName="MCKITRICK" duration="00:00:00.0008714" startTime="2025-08-29T19:01:07.8501632-06:00" endTime="2025-08-29T19:01:07.8501635-06:00" testType="13cdc9d9-ddb5-4fa4-a97d-d965ccfc6d4b" outcome="Passed" testListId="8c84fa94-04c1-424b-9868-57a2d4851a1d" relativeResultsDirectory="8ead6b62-7bbe-43dd-837a-c7bf40d0037b" />
    <UnitTestResult executionId="5994f81c-c8a4-4b36-9f48-22452c7d3a33" testId="418cae58-aba0-b522-845a-715b8b8313eb" testName="WileyWidget.Tests.EnterpriseTests.Enterprise_CurrentRate_Validation(rate: 0, shouldBeValid: False)" computerName="MCKITRICK" duration="00:00:00.0000249" startTime="2025-08-29T19:01:07.9634542-06:00" endTime="2025-08-29T19:01:07.9634543-06:00" testType="13cdc9d9-ddb5-4fa4-a97d-d965ccfc6d4b" outcome="Passed" testListId="8c84fa94-04c1-424b-9868-57a2d4851a1d" relativeResultsDirectory="5994f81c-c8a4-4b36-9f48-22452c7d3a33" />
    <UnitTestResult executionId="f072e41c-c652-4e4e-818f-95741e703f5e" testId="59042f06-6aea-38ed-f31b-f481b684060f" testName="WileyWidget.Tests.BudgetAnalyticsTests.BudgetMetrics_StatusBackground_ReturnsCorrectColor" computerName="MCKITRICK" duration="00:00:00.0352176" startTime="2025-08-29T19:01:07.6548095-06:00" endTime="2025-08-29T19:01:07.6548099-06:00" testType="13cdc9d9-ddb5-4fa4-a97d-d965ccfc6d4b" outcome="Passed" testListId="8c84fa94-04c1-424b-9868-57a2d4851a1d" relativeResultsDirectory="f072e41c-c652-4e4e-818f-95741e703f5e" />
    <UnitTestResult executionId="28c132b2-737a-49e0-893c-0019b5a75444" testId="f0a76b98-d14b-1f50-1a55-b715fcdffb9d" testName="WileyWidget.Tests.DatabaseIntegrationTests.Repository_HandlesLargeDatasetEfficiently" computerName="MCKITRICK" duration="00:00:00.0083857" startTime="2025-08-29T19:01:08.8579606-06:00" endTime="2025-08-29T19:01:08.8579609-06:00" testType="13cdc9d9-ddb5-4fa4-a97d-d965ccfc6d4b" outcome="Passed" testListId="8c84fa94-04c1-424b-9868-57a2d4851a1d" relativeResultsDirectory="28c132b2-737a-49e0-893c-0019b5a75444" />
    <UnitTestResult executionId="7a4850ac-b623-43e6-860f-4db41bca17a4" testId="174a61b8-26c2-f00a-4147-e3f64821944b" testName="WileyWidget.Tests.WidgetTests.Widget_DefaultValues_AreCorrect" computerName="MCKITRICK" duration="00:00:00.0006765" startTime="2025-08-29T19:01:07.9530160-06:00" endTime="2025-08-29T19:01:07.9530162-06:00" testType="13cdc9d9-ddb5-4fa4-a97d-d965ccfc6d4b" outcome="Passed" testListId="8c84fa94-04c1-424b-9868-57a2d4851a1d" relativeResultsDirectory="7a4850ac-b623-43e6-860f-4db41bca17a4" />
    <UnitTestResult executionId="eba202dd-a60d-4bcf-95e1-5420172a8ae9" testId="9929003c-3c0b-e178-ebdf-bba67d8898cc" testName="WileyWidget.Tests.EnterpriseModelTests.Enterprise_MonthlyExpenses_Validation(expenses: 1000, shouldBeValid: True)" computerName="MCKITRICK" duration="00:00:00.0003197" startTime="2025-08-29T19:01:07.5991489-06:00" endTime="2025-08-29T19:01:07.5991492-06:00" testType="13cdc9d9-ddb5-4fa4-a97d-d965ccfc6d4b" outcome="Passed" testListId="8c84fa94-04c1-424b-9868-57a2d4851a1d" relativeResultsDirectory="eba202dd-a60d-4bcf-95e1-5420172a8ae9" />
    <UnitTestResult executionId="9b2572ae-9a55-4dcd-9b6c-7ccd464deb0a" testId="3df038af-1fe3-8eba-40c5-e3791363704f" testName="WileyWidget.Tests.EnterpriseModelTests.Enterprise_CitizenCount_Validation(citizenCount: 1, shouldBeValid: True)" computerName="MCKITRICK" duration="00:00:00.0000095" startTime="2025-08-29T19:01:07.6063113-06:00" endTime="2025-08-29T19:01:07.6063114-06:00" testType="13cdc9d9-ddb5-4fa4-a97d-d965ccfc6d4b" outcome="Passed" testListId="8c84fa94-04c1-424b-9868-57a2d4851a1d" relativeResultsDirectory="9b2572ae-9a55-4dcd-9b6c-7ccd464deb0a" />
    <UnitTestResult executionId="c13f5f02-2d29-4ee4-9ad6-977c503d8569" testId="2eed4695-e3e7-5a59-502b-92e7e53fb8f1" testName="WileyWidget.Tests.AppUnitTests.RegisterSyncfusionLicense_WithPlaceholderConfigKey_FallsBackToEnvironment" computerName="MCKITRICK" duration="00:00:00.0003701" startTime="2025-08-29T19:01:08.9735887-06:00" endTime="2025-08-29T19:01:08.9735888-06:00" testType="13cdc9d9-ddb5-4fa4-a97d-d965ccfc6d4b" outcome="Passed" testListId="8c84fa94-04c1-424b-9868-57a2d4851a1d" relativeResultsDirectory="c13f5f02-2d29-4ee4-9ad6-977c503d8569" />
    <UnitTestResult executionId="7860de7a-1e78-4abd-b010-97df01d096c1" testId="80a94af4-7913-fd5c-01c4-b92eec2e4015" testName="WileyWidget.Tests.EnterpriseModelTests.Enterprise_CurrentRate_Validation(rate: -1, shouldBeValid: False)" computerName="MCKITRICK" duration="00:00:00.0003698" startTime="2025-08-29T19:01:07.6001809-06:00" endTime="2025-08-29T19:01:07.6001809-06:00" testType="13cdc9d9-ddb5-4fa4-a97d-d965ccfc6d4b" outcome="Passed" testListId="8c84fa94-04c1-424b-9868-57a2d4851a1d" relativeResultsDirectory="7860de7a-1e78-4abd-b010-97df01d096c1" />
    <UnitTestResult executionId="9a04cf8c-7a7a-4741-b95f-2abae1b0b680" testId="636d03a0-8975-5f2c-ed91-b647b7b29910" testName="WileyWidget.Tests.AppUnitTests.InitializeLogging_MethodExists" computerName="MCKITRICK" duration="00:00:00.0001725" startTime="2025-08-29T19:01:08.9746445-06:00" endTime="2025-08-29T19:01:08.9746446-06:00" testType="13cdc9d9-ddb5-4fa4-a97d-d965ccfc6d4b" outcome="Failed" testListId="8c84fa94-04c1-424b-9868-57a2d4851a1d" relativeResultsDirectory="9a04cf8c-7a7a-4741-b95f-2abae1b0b680">
      <Output>
        <ErrorInfo>
          <Message>Assert.NotNull() Failure: Value is null</Message>
          <StackTrace>   at WileyWidget.Tests.AppUnitTests.InitializeLogging_MethodExists() in C:\Users\biges\Desktop\Wiley_Widget\WileyWidget.Tests\AppUnitTests.cs:line 38&#xD;
   at System.RuntimeMethodHandle.InvokeMethod(Object target, Void** arguments, Signature sig, Boolean isConstructor)&#xD;
   at System.Reflection.MethodBaseInvoker.InvokeWithNoArgs(Object obj, BindingFlags invokeAttr)</StackTrace>
        </ErrorInfo>
      </Output>
    </UnitTestResult>
    <UnitTestResult executionId="2da63366-4f29-4649-a35d-b9c1547aefb6" testId="efe067a6-c350-5edd-6794-b1c41a457952" testName="WileyWidget.Tests.BudgetAnalyticsTests.BudgetInsights_AlwaysIncludesGeneralRecommendations" computerName="MCKITRICK" duration="00:00:00.0002776" startTime="2025-08-29T19:01:07.6568423-06:00" endTime="2025-08-29T19:01:07.6568426-06:00" testType="13cdc9d9-ddb5-4fa4-a97d-d965ccfc6d4b" outcome="Passed" testListId="8c84fa94-04c1-424b-9868-57a2d4851a1d" relativeResultsDirectory="2da63366-4f29-4649-a35d-b9c1547aefb6" />
    <UnitTestResult executionId="9c29cc4a-f5cc-4fe9-a89a-1840ea464b67" testId="9c4061d1-7b4d-72a8-5d62-324df6948592" testName="WileyWidget.Tests.DatabaseIntegrationTests.DeleteAsync_RemovesEnterpriseFromDatabase" computerName="MCKITRICK" duration="00:00:00.0217221" startTime="2025-08-29T19:01:08.8957752-06:00" endTime="2025-08-29T19:01:08.8957753-06:00" testType="13cdc9d9-ddb5-4fa4-a97d-d965ccfc6d4b" outcome="Passed" testListId="8c84fa94-04c1-424b-9868-57a2d4851a1d" relativeResultsDirectory="9c29cc4a-f5cc-4fe9-a89a-1840ea464b67" />
    <UnitTestResult executionId="933cc399-26d9-498a-80d5-4d158411eb59" testId="0121a31e-93ae-d153-ca29-460cffa0b710" testName="WileyWidget.Tests.MainViewModelTests.QuickBooksInvoices_Collection_IsObservable" computerName="MCKITRICK" duration="00:00:00.0004925" startTime="2025-08-29T19:01:07.8592539-06:00" endTime="2025-08-29T19:01:07.8592539-06:00" testType="13cdc9d9-ddb5-4fa4-a97d-d965ccfc6d4b" outcome="Passed" testListId="8c84fa94-04c1-424b-9868-57a2d4851a1d" relativeResultsDirectory="933cc399-26d9-498a-80d5-4d158411eb59" />
    <UnitTestResult executionId="ac23ae29-1a8a-4e78-8c58-b464fe3ab19a" testId="ee7898df-a28c-6e8b-8e6c-3ec70bd001f9" testName="WileyWidget.Tests.EnterpriseModelTests.Enterprise_BudgetStatus_ReturnsCorrectStatus(revenue: 2500, expenses: 2500, expectedStatus: &quot;Break-even&quot;)" computerName="MCKITRICK" duration="00:00:00.0008285" startTime="2025-08-29T19:01:07.6040466-06:00" endTime="2025-08-29T19:01:07.6040467-06:00" testType="13cdc9d9-ddb5-4fa4-a97d-d965ccfc6d4b" outcome="Passed" testListId="8c84fa94-04c1-424b-9868-57a2d4851a1d" relativeResultsDirectory="ac23ae29-1a8a-4e78-8c58-b464fe3ab19a" />
    <UnitTestResult executionId="8f0be8ad-a4c0-4e41-99c2-e5cf971976e5" testId="be33b031-b799-d68d-9ac7-4be6a20a63bc" testName="WileyWidget.Tests.BudgetAnalyticsTests.BudgetInsights_IncludesCitizenAverageRevenue" computerName="MCKITRICK" duration="00:00:00.0076876" startTime="2025-08-29T19:01:07.6181004-06:00" endTime="2025-08-29T19:01:07.6181008-06:00" testType="13cdc9d9-ddb5-4fa4-a97d-d965ccfc6d4b" outcome="Passed" testListId="8c84fa94-04c1-424b-9868-57a2d4851a1d" relativeResultsDirectory="8f0be8ad-a4c0-4e41-99c2-e5cf971976e5" />
    <UnitTestResult executionId="cd58f42e-4ee7-407b-8b44-ac1d2a9dfab1" testId="f0564e38-0932-37f9-f2ec-c59c84e4f319" testName="WileyWidget.Tests.EnterpriseDatabaseTests.ComplexAssertions_MultipleValidations_UsingDirectConnection" computerName="MCKITRICK" duration="00:00:00.0759961" startTime="2025-08-29T19:01:08.3552916-06:00" endTime="2025-08-29T19:01:08.3552918-06:00" testType="13cdc9d9-ddb5-4fa4-a97d-d965ccfc6d4b" outcome="Passed" testListId="8c84fa94-04c1-424b-9868-57a2d4851a1d" relativeResultsDirectory="cd58f42e-4ee7-407b-8b44-ac1d2a9dfab1" />
    <UnitTestResult executionId="05d43f38-effb-4e73-857a-e5fb75a0ddde" testId="0203bce8-8571-4fae-356f-d40949bb5a7d" testName="WileyWidget.Tests.WidgetTests.Widget_FormattedPrice_ReturnsCorrectFormat(price: 10, expected: &quot;$10.00&quot;)" computerName="MCKITRICK" duration="00:00:00.0000022" startTime="2025-08-29T19:01:07.9489742-06:00" endTime="2025-08-29T19:01:07.9489743-06:00" testType="13cdc9d9-ddb5-4fa4-a97d-d965ccfc6d4b" outcome="Passed" testListId="8c84fa94-04c1-424b-9868-57a2d4851a1d" relativeResultsDirectory="05d43f38-effb-4e73-857a-e5fb75a0ddde" />
    <UnitTestResult executionId="cb2d5721-7d31-40e0-9ad7-1b5fd7bdb1d0" testId="53bedddd-9e7e-05b6-0db9-6c4d6523d66b" testName="WileyWidget.Tests.BudgetInteractionTests.BudgetInteraction_AcceptsVariousInteractionTypes(type: &quot;Transfer&quot;, expected: True)" computerName="MCKITRICK" duration="00:00:00.0000080" startTime="2025-08-29T19:01:07.5863575-06:00" endTime="2025-08-29T19:01:07.5863576-06:00" testType="13cdc9d9-ddb5-4fa4-a97d-d965ccfc6d4b" outcome="Passed" testListId="8c84fa94-04c1-424b-9868-57a2d4851a1d" relativeResultsDirectory="cb2d5721-7d31-40e0-9ad7-1b5fd7bdb1d0" />
    <UnitTestResult executionId="675895f4-cb39-480f-9b30-8b46e5d7b398" testId="d60d3051-e4c9-0f9c-9d61-8cc77d0b060c" testName="WileyWidget.Tests.AppUnitTests.LoadConfiguration_MethodExists" computerName="MCKITRICK" duration="00:00:00.0001738" startTime="2025-08-29T19:01:08.9730188-06:00" endTime="2025-08-29T19:01:08.9730189-06:00" testType="13cdc9d9-ddb5-4fa4-a97d-d965ccfc6d4b" outcome="Passed" testListId="8c84fa94-04c1-424b-9868-57a2d4851a1d" relativeResultsDirectory="675895f4-cb39-480f-9b30-8b46e5d7b398" />
    <UnitTestResult executionId="5274b3f1-b83a-4500-bc5c-0754b0df4a8d" testId="0a00e6cb-49af-1b97-d7b2-bbdf194a8118" testName="WileyWidget.Tests.EnterpriseModelTests.Enterprise_BreakEvenRate_HandlesZeroCitizens" computerName="MCKITRICK" duration="00:00:00.0001708" startTime="2025-08-29T19:01:07.6082954-06:00" endTime="2025-08-29T19:01:07.6082955-06:00" testType="13cdc9d9-ddb5-4fa4-a97d-d965ccfc6d4b" outcome="Passed" testListId="8c84fa94-04c1-424b-9868-57a2d4851a1d" relativeResultsDirectory="5274b3f1-b83a-4500-bc5c-0754b0df4a8d" />
  </Results>
  <TestDefinitions>
    <UnitTest name="WileyWidget.Tests.EnterpriseTests.Enterprise_Validation_HandlesMultipleErrors" storage="c:\users\biges\desktop\wiley_widget\wileywidget.tests\bin\debug\net9.0-windows\wileywidget.tests.dll" id="4a107ce6-33da-a97e-bc39-9415fc198e08">
      <Execution id="fa272a2c-6ef7-497c-a498-326d91022d7d" />
      <TestMethod codeBase="C:\Users\biges\Desktop\Wiley_Widget\WileyWidget.Tests\bin\Debug\net9.0-windows\WileyWidget.Tests.dll" adapterTypeName="executor://xunit/VsTestRunner2/netcoreapp" className="WileyWidget.Tests.EnterpriseTests" name="Enterprise_Validation_HandlesMultipleErrors" />
    </UnitTest>
    <UnitTest name="WileyWidget.Tests.BudgetAnalyticsTests.BudgetMetrics_ReturnsCorrectStatus_Deficit" storage="c:\users\biges\desktop\wiley_widget\wileywidget.tests\bin\debug\net9.0-windows\wileywidget.tests.dll" id="51c34e63-97c0-5e10-af10-340556c65011">
      <Execution id="751cfb1d-37c3-49e9-80ae-1b65a91d5b01" />
      <TestMethod codeBase="C:\Users\biges\Desktop\Wiley_Widget\WileyWidget.Tests\bin\Debug\net9.0-windows\WileyWidget.Tests.dll" adapterTypeName="executor://xunit/VsTestRunner2/netcoreapp" className="WileyWidget.Tests.BudgetAnalyticsTests" name="BudgetMetrics_ReturnsCorrectStatus_Deficit" />
    </UnitTest>
    <UnitTest name="WileyWidget.Tests.BudgetInteractionTests.BudgetInteraction_Description_Validation(description: &quot;Valid description&quot;, shouldBeValid: True)" storage="c:\users\biges\desktop\wiley_widget\wileywidget.tests\bin\debug\net9.0-windows\wileywidget.tests.dll" id="d106bb70-67c4-1dcc-e1c1-b1453099822c">
      <Execution id="0403f394-dc96-4e1e-b44c-f7231bd69ccd" />
      <TestMethod codeBase="C:\Users\biges\Desktop\Wiley_Widget\WileyWidget.Tests\bin\Debug\net9.0-windows\WileyWidget.Tests.dll" adapterTypeName="executor://xunit/VsTestRunner2/netcoreapp" className="WileyWidget.Tests.BudgetInteractionTests" name="BudgetInteraction_Description_Validation" />
    </UnitTest>
    <UnitTest name="WileyWidget.Tests.WidgetTests.Widget_Quantity_Validation(quantity: 100, shouldBeValid: True)" storage="c:\users\biges\desktop\wiley_widget\wileywidget.tests\bin\debug\net9.0-windows\wileywidget.tests.dll" id="d6a8afd6-4dff-6792-90e1-49cce70d3116">
      <Execution id="f8ac0dd3-8dfb-4f9e-8faa-22c2f6c94652" />
      <TestMethod codeBase="C:\Users\biges\Desktop\Wiley_Widget\WileyWidget.Tests\bin\Debug\net9.0-windows\WileyWidget.Tests.dll" adapterTypeName="executor://xunit/VsTestRunner2/netcoreapp" className="WileyWidget.Tests.WidgetTests" name="Widget_Quantity_Validation" />
    </UnitTest>
    <UnitTest name="WileyWidget.Tests.WidgetTests.Widget_Name_Validation(name: &quot;&quot;, shouldBeValid: False)" storage="c:\users\biges\desktop\wiley_widget\wileywidget.tests\bin\debug\net9.0-windows\wileywidget.tests.dll" id="5f349e6c-e09e-70aa-e134-6073e4276708">
      <Execution id="d58aee88-143a-4364-86a7-3c8374718aa9" />
      <TestMethod codeBase="C:\Users\biges\Desktop\Wiley_Widget\WileyWidget.Tests\bin\Debug\net9.0-windows\WileyWidget.Tests.dll" adapterTypeName="executor://xunit/VsTestRunner2/netcoreapp" className="WileyWidget.Tests.WidgetTests" name="Widget_Name_Validation" />
    </UnitTest>
    <UnitTest name="WileyWidget.Tests.DatabaseIntegrationTests.AddAsync_AddsEnterpriseToDatabase" storage="c:\users\biges\desktop\wiley_widget\wileywidget.tests\bin\debug\net9.0-windows\wileywidget.tests.dll" id="1340ffff-d167-8c9f-1446-195b0fb1d86f">
      <Execution id="97db73b4-7b4a-4c1a-900c-02ba2611d31f" />
      <TestMethod codeBase="C:\Users\biges\Desktop\Wiley_Widget\WileyWidget.Tests\bin\Debug\net9.0-windows\WileyWidget.Tests.dll" adapterTypeName="executor://xunit/VsTestRunner2/netcoreapp" className="WileyWidget.Tests.DatabaseIntegrationTests" name="AddAsync_AddsEnterpriseToDatabase" />
    </UnitTest>
    <UnitTest name="WileyWidget.Tests.BudgetInteractionTests.BudgetInteraction_Notes_Validation(notes: &quot;Normal length notes&quot;, shouldBeValid: True)" storage="c:\users\biges\desktop\wiley_widget\wileywidget.tests\bin\debug\net9.0-windows\wileywidget.tests.dll" id="6cdef057-5472-5dc2-1e24-0c140874339b">
      <Execution id="55c0c3f9-8602-4808-a361-1b6d3155b126" />
      <TestMethod codeBase="C:\Users\biges\Desktop\Wiley_Widget\WileyWidget.Tests\bin\Debug\net9.0-windows\WileyWidget.Tests.dll" adapterTypeName="executor://xunit/VsTestRunner2/netcoreapp" className="WileyWidget.Tests.BudgetInteractionTests" name="BudgetInteraction_Notes_Validation" />
    </UnitTest>
    <UnitTest name="WileyWidget.Tests.BudgetInteractionTests.BudgetInteraction_Description_Validation(description: &quot;A&quot;, shouldBeValid: True)" storage="c:\users\biges\desktop\wiley_widget\wileywidget.tests\bin\debug\net9.0-windows\wileywidget.tests.dll" id="df5aec0e-ef6f-cdc6-14fa-f5e50593b465">
      <Execution id="1c728596-ede8-4d4c-b201-597c31be2bd5" />
      <TestMethod codeBase="C:\Users\biges\Desktop\Wiley_Widget\WileyWidget.Tests\bin\Debug\net9.0-windows\WileyWidget.Tests.dll" adapterTypeName="executor://xunit/VsTestRunner2/netcoreapp" className="WileyWidget.Tests.BudgetInteractionTests" name="BudgetInteraction_Description_Validation" />
    </UnitTest>
    <UnitTest name="WileyWidget.Tests.EnterpriseModelTests.Enterprise_CurrentRate_Validation(rate: 0.01, shouldBeValid: True)" storage="c:\users\biges\desktop\wiley_widget\wileywidget.tests\bin\debug\net9.0-windows\wileywidget.tests.dll" id="4496488f-c883-aa7a-35a7-d9dbf4a2d3b2">
      <Execution id="92a92026-49e9-4c57-820a-ec9730491f51" />
      <TestMethod codeBase="C:\Users\biges\Desktop\Wiley_Widget\WileyWidget.Tests\bin\Debug\net9.0-windows\WileyWidget.Tests.dll" adapterTypeName="executor://xunit/VsTestRunner2/netcoreapp" className="WileyWidget.Tests.EnterpriseModelTests" name="Enterprise_CurrentRate_Validation" />
    </UnitTest>
    <UnitTest name="WileyWidget.Tests.WidgetTests.Widget_Price_Validation(price: -1, shouldBeValid: False)" storage="c:\users\biges\desktop\wiley_widget\wileywidget.tests\bin\debug\net9.0-windows\wileywidget.tests.dll" id="7bcc6455-9ef8-ed52-9eb1-702e76df051d">
      <Execution id="996a0f13-1b00-4093-bdb0-1a5641ba2a00" />
      <TestMethod codeBase="C:\Users\biges\Desktop\Wiley_Widget\WileyWidget.Tests\bin\Debug\net9.0-windows\WileyWidget.Tests.dll" adapterTypeName="executor://xunit/VsTestRunner2/netcoreapp" className="WileyWidget.Tests.WidgetTests" name="Widget_Price_Validation" />
    </UnitTest>
    <UnitTest name="WileyWidget.Tests.BudgetInteractionTests.BudgetInteraction_Notes_Validation(notes: &quot;&quot;, shouldBeValid: True)" storage="c:\users\biges\desktop\wiley_widget\wileywidget.tests\bin\debug\net9.0-windows\wileywidget.tests.dll" id="12ac1ad0-f92b-82ce-7643-dcc2a493cae6">
      <Execution id="3e3c6b81-474b-4807-bb64-dd1bbcdc4d80" />
      <TestMethod codeBase="C:\Users\biges\Desktop\Wiley_Widget\WileyWidget.Tests\bin\Debug\net9.0-windows\WileyWidget.Tests.dll" adapterTypeName="executor://xunit/VsTestRunner2/netcoreapp" className="WileyWidget.Tests.BudgetInteractionTests" name="BudgetInteraction_Notes_Validation" />
    </UnitTest>
    <UnitTest name="WileyWidget.Tests.EnterpriseTests.Enterprise_CurrentRate_Validation(rate: -1, shouldBeValid: False)" storage="c:\users\biges\desktop\wiley_widget\wileywidget.tests\bin\debug\net9.0-windows\wileywidget.tests.dll" id="8df32280-d2cc-aff4-2ff0-10224e8b8552">
      <Execution id="f5206abd-937e-4e2b-8691-3b087f82e4de" />
      <TestMethod codeBase="C:\Users\biges\Desktop\Wiley_Widget\WileyWidget.Tests\bin\Debug\net9.0-windows\WileyWidget.Tests.dll" adapterTypeName="executor://xunit/VsTestRunner2/netcoreapp" className="WileyWidget.Tests.EnterpriseTests" name="Enterprise_CurrentRate_Validation" />
    </UnitTest>
    <UnitTest name="WileyWidget.Tests.EnterpriseDatabaseTests.DataIsolation_TestRollbackBehavior_UsingDirectConnection" storage="c:\users\biges\desktop\wiley_widget\wileywidget.tests\bin\debug\net9.0-windows\wileywidget.tests.dll" id="85ee0bd4-7821-b257-c0c8-28e38b9ba9de">
      <Execution id="a6b5ee3c-56d4-4975-bf6a-4cf7d2f38c4b" />
      <TestMethod codeBase="C:\Users\biges\Desktop\Wiley_Widget\WileyWidget.Tests\bin\Debug\net9.0-windows\WileyWidget.Tests.dll" adapterTypeName="executor://xunit/VsTestRunner2/netcoreapp" className="WileyWidget.Tests.EnterpriseDatabaseTests" name="DataIsolation_TestRollbackBehavior_UsingDirectConnection" />
    </UnitTest>
    <UnitTest name="WileyWidget.Tests.SettingsServiceTests.SettingsService_Load_HandlesCorruptFile" storage="c:\users\biges\desktop\wiley_widget\wileywidget.tests\bin\debug\net9.0-windows\wileywidget.tests.dll" id="04dd675b-629e-a516-a8ca-baee13393506">
      <Execution id="29c1f50b-2314-43d0-8f09-cb2faf24edae" />
      <TestMethod codeBase="C:\Users\biges\Desktop\Wiley_Widget\WileyWidget.Tests\bin\Debug\net9.0-windows\WileyWidget.Tests.dll" adapterTypeName="executor://xunit/VsTestRunner2/netcoreapp" className="WileyWidget.Tests.SettingsServiceTests" name="SettingsService_Load_HandlesCorruptFile" />
    </UnitTest>
    <UnitTest name="WileyWidget.Tests.MainViewModelTests.Widgets_Collection_ContainsInitialData" storage="c:\users\biges\desktop\wiley_widget\wileywidget.tests\bin\debug\net9.0-windows\wileywidget.tests.dll" id="02a84783-afd8-9efb-6906-833a0d912242">
      <Execution id="b67180e6-f357-433a-9597-e8cbdcff4207" />
      <TestMethod codeBase="C:\Users\biges\Desktop\Wiley_Widget\WileyWidget.Tests\bin\Debug\net9.0-windows\WileyWidget.Tests.dll" adapterTypeName="executor://xunit/VsTestRunner2/netcoreapp" className="WileyWidget.Tests.MainViewModelTests" name="Widgets_Collection_ContainsInitialData" />
    </UnitTest>
    <UnitTest name="WileyWidget.Tests.MainWindowUnitTests.LogSyncfusionControls_MethodExists" storage="c:\users\biges\desktop\wiley_widget\wileywidget.tests\bin\debug\net9.0-windows\wileywidget.tests.dll" id="08055736-1e09-8961-dc89-8e2a25887239">
      <Execution id="326a70cc-cff2-467b-8312-858659ca8223" />
      <TestMethod codeBase="C:\Users\biges\Desktop\Wiley_Widget\WileyWidget.Tests\bin\Debug\net9.0-windows\WileyWidget.Tests.dll" adapterTypeName="executor://xunit/VsTestRunner2/netcoreapp" className="WileyWidget.Tests.MainWindowUnitTests" name="LogSyncfusionControls_MethodExists" />
    </UnitTest>
    <UnitTest name="WileyWidget.Tests.EnterpriseDatabaseTests.QueryEnterpriseByName_ReturnsCorrectData_UsingDirectConnection" storage="c:\users\biges\desktop\wiley_widget\wileywidget.tests\bin\debug\net9.0-windows\wileywidget.tests.dll" id="cda48384-02ec-e8bf-7f92-391e842be3cc">
      <Execution id="b3d8cf81-af35-4f24-aeea-e95ed66ec379" />
      <TestMethod codeBase="C:\Users\biges\Desktop\Wiley_Widget\WileyWidget.Tests\bin\Debug\net9.0-windows\WileyWidget.Tests.dll" adapterTypeName="executor://xunit/VsTestRunner2/netcoreapp" className="WileyWidget.Tests.EnterpriseDatabaseTests" name="QueryEnterpriseByName_ReturnsCorrectData_UsingDirectConnection" />
    </UnitTest>
    <UnitTest name="WileyWidget.Tests.WidgetTests.Widget_FormattedPrice_ReturnsCorrectFormat(price: 0.01, expected: &quot;$0.01&quot;)" storage="c:\users\biges\desktop\wiley_widget\wileywidget.tests\bin\debug\net9.0-windows\wileywidget.tests.dll" id="c99ffb98-6608-7343-fd97-cece2671f5c7">
      <Execution id="c7bb55d4-48de-4848-9924-8e58259c46bf" />
      <TestMethod codeBase="C:\Users\biges\Desktop\Wiley_Widget\WileyWidget.Tests\bin\Debug\net9.0-windows\WileyWidget.Tests.dll" adapterTypeName="executor://xunit/VsTestRunner2/netcoreapp" className="WileyWidget.Tests.WidgetTests" name="Widget_FormattedPrice_ReturnsCorrectFormat" />
    </UnitTest>
    <UnitTest name="WileyWidget.Tests.BudgetInteractionTests.BudgetInteraction_InteractionType_Validation(type: &quot;Transfer&quot;, shouldBeValid: True)" storage="c:\users\biges\desktop\wiley_widget\wileywidget.tests\bin\debug\net9.0-windows\wileywidget.tests.dll" id="40809d6b-32d3-2519-3f96-4116b092b054">
      <Execution id="6b27ba8b-85ee-489b-b1bf-3e13f89c3141" />
      <TestMethod codeBase="C:\Users\biges\Desktop\Wiley_Widget\WileyWidget.Tests\bin\Debug\net9.0-windows\WileyWidget.Tests.dll" adapterTypeName="executor://xunit/VsTestRunner2/netcoreapp" className="WileyWidget.Tests.BudgetInteractionTests" name="BudgetInteraction_InteractionType_Validation" />
    </UnitTest>
    <UnitTest name="WileyWidget.Tests.WidgetTests.Widget_Category_AcceptsVariousValues(category: &quot;Clothing&quot;)" storage="c:\users\biges\desktop\wiley_widget\wileywidget.tests\bin\debug\net9.0-windows\wileywidget.tests.dll" id="0c08c2f7-584f-44de-79b5-e35ec9541cbd">
      <Execution id="65c477c6-c504-4d33-af09-7ae06c9a00d1" />
      <TestMethod codeBase="C:\Users\biges\Desktop\Wiley_Widget\WileyWidget.Tests\bin\Debug\net9.0-windows\WileyWidget.Tests.dll" adapterTypeName="executor://xunit/VsTestRunner2/netcoreapp" className="WileyWidget.Tests.WidgetTests" name="Widget_Category_AcceptsVariousValues" />
    </UnitTest>
    <UnitTest name="WileyWidget.Tests.SettingsServiceTests.SettingsService_Load_HandlesMissingFile" storage="c:\users\biges\desktop\wiley_widget\wileywidget.tests\bin\debug\net9.0-windows\wileywidget.tests.dll" id="e72511ca-5da4-5e68-e2df-554a43fc47aa">
      <Execution id="68cdf8e0-bb41-4a83-aca6-1b9e71d8d9c3" />
      <TestMethod codeBase="C:\Users\biges\Desktop\Wiley_Widget\WileyWidget.Tests\bin\Debug\net9.0-windows\WileyWidget.Tests.dll" adapterTypeName="executor://xunit/VsTestRunner2/netcoreapp" className="WileyWidget.Tests.SettingsServiceTests" name="SettingsService_Load_HandlesMissingFile" />
    </UnitTest>
    <UnitTest name="WileyWidget.Tests.AppUnitTests.RegisterSyncfusionLicense_WithValidConfigKey_RegistersSuccessfully" storage="c:\users\biges\desktop\wiley_widget\wileywidget.tests\bin\debug\net9.0-windows\wileywidget.tests.dll" id="67185dae-1bb2-aa49-e096-b7b20c6fe73a">
      <Execution id="47be4ba6-fb68-48b4-8027-8340abc8a9fc" />
      <TestMethod codeBase="C:\Users\biges\Desktop\Wiley_Widget\WileyWidget.Tests\bin\Debug\net9.0-windows\WileyWidget.Tests.dll" adapterTypeName="executor://xunit/VsTestRunner2/netcoreapp" className="WileyWidget.Tests.AppUnitTests" name="RegisterSyncfusionLicense_WithValidConfigKey_RegistersSuccessfully" />
    </UnitTest>
    <UnitTest name="WileyWidget.Tests.EnterpriseTests.Enterprise_MonthlyRevenue_CalculatesCorrectly" storage="c:\users\biges\desktop\wiley_widget\wileywidget.tests\bin\debug\net9.0-windows\wileywidget.tests.dll" id="216d7b3f-febd-5cd7-9636-60001f76e735">
      <Execution id="62a8b780-e20b-46e3-8df6-50a18faec051" />
      <TestMethod codeBase="C:\Users\biges\Desktop\Wiley_Widget\WileyWidget.Tests\bin\Debug\net9.0-windows\WileyWidget.Tests.dll" adapterTypeName="executor://xunit/VsTestRunner2/netcoreapp" className="WileyWidget.Tests.EnterpriseTests" name="Enterprise_MonthlyRevenue_CalculatesCorrectly" />
    </UnitTest>
    <UnitTest name="WileyWidget.Tests.EnterpriseModelTests.Enterprise_CitizenCount_Validation(citizenCount: 1000, shouldBeValid: True)" storage="c:\users\biges\desktop\wiley_widget\wileywidget.tests\bin\debug\net9.0-windows\wileywidget.tests.dll" id="20a34a95-a426-14ac-be1a-81af3da9062a">
      <Execution id="198db532-d452-4bf5-8b44-71de42041272" />
      <TestMethod codeBase="C:\Users\biges\Desktop\Wiley_Widget\WileyWidget.Tests\bin\Debug\net9.0-windows\WileyWidget.Tests.dll" adapterTypeName="executor://xunit/VsTestRunner2/netcoreapp" className="WileyWidget.Tests.EnterpriseModelTests" name="Enterprise_CitizenCount_Validation" />
    </UnitTest>
    <UnitTest name="WileyWidget.Tests.WidgetTests.Widget_Category_AcceptsVariousValues(category: &quot;Electronics&quot;)" storage="c:\users\biges\desktop\wiley_widget\wileywidget.tests\bin\debug\net9.0-windows\wileywidget.tests.dll" id="cbeada98-fd74-8e95-0798-e8d59013190d">
      <Execution id="48df3118-a760-4d5a-979a-157a8b762ea7" />
      <TestMethod codeBase="C:\Users\biges\Desktop\Wiley_Widget\WileyWidget.Tests\bin\Debug\net9.0-windows\WileyWidget.Tests.dll" adapterTypeName="executor://xunit/VsTestRunner2/netcoreapp" className="WileyWidget.Tests.WidgetTests" name="Widget_Category_AcceptsVariousValues" />
    </UnitTest>
    <UnitTest name="WileyWidget.Tests.WidgetTests.Widget_Name_Validation(name: null, shouldBeValid: False)" storage="c:\users\biges\desktop\wiley_widget\wileywidget.tests\bin\debug\net9.0-windows\wileywidget.tests.dll" id="648bd338-a756-e64d-b4be-6a55c8a8cbe8">
      <Execution id="b1f7ac7e-adbc-4b22-97b7-0b955e21340a" />
      <TestMethod codeBase="C:\Users\biges\Desktop\Wiley_Widget\WileyWidget.Tests\bin\Debug\net9.0-windows\WileyWidget.Tests.dll" adapterTypeName="executor://xunit/VsTestRunner2/netcoreapp" className="WileyWidget.Tests.WidgetTests" name="Widget_Name_Validation" />
    </UnitTest>
    <UnitTest name="WileyWidget.Tests.EnterpriseTests.Enterprise_Name_Validation(name: &quot;This is a very long enterprise name that exceeds t&quot;···, shouldBeValid: False)" storage="c:\users\biges\desktop\wiley_widget\wileywidget.tests\bin\debug\net9.0-windows\wileywidget.tests.dll" id="3d9418a8-7d7a-ace8-cce3-7f6d8639b60f">
      <Execution id="fb359595-aaa3-4f9f-a304-896f8166aa37" />
      <TestMethod codeBase="C:\Users\biges\Desktop\Wiley_Widget\WileyWidget.Tests\bin\Debug\net9.0-windows\WileyWidget.Tests.dll" adapterTypeName="executor://xunit/VsTestRunner2/netcoreapp" className="WileyWidget.Tests.EnterpriseTests" name="Enterprise_Name_Validation" />
    </UnitTest>
    <UnitTest name="WileyWidget.Tests.BudgetInteractionTests.BudgetInteraction_MonthlyAmount_Validation(amount: -1, shouldBeValid: False)" storage="c:\users\biges\desktop\wiley_widget\wileywidget.tests\bin\debug\net9.0-windows\wileywidget.tests.dll" id="0d4e12bb-b410-10f4-ea79-224ef1ad4ec2">
      <Execution id="6f851401-739a-4e5e-b623-a145001889cc" />
      <TestMethod codeBase="C:\Users\biges\Desktop\Wiley_Widget\WileyWidget.Tests\bin\Debug\net9.0-windows\WileyWidget.Tests.dll" adapterTypeName="executor://xunit/VsTestRunner2/netcoreapp" className="WileyWidget.Tests.BudgetInteractionTests" name="BudgetInteraction_MonthlyAmount_Validation" />
    </UnitTest>
    <UnitTest name="WileyWidget.Tests.EnterpriseModelTests.Enterprise_CurrentRate_Validation(rate: 0.005, shouldBeValid: False)" storage="c:\users\biges\desktop\wiley_widget\wileywidget.tests\bin\debug\net9.0-windows\wileywidget.tests.dll" id="00f90a30-6cfb-102f-2905-fe6964421a8d">
      <Execution id="e49edfca-fd3f-47b6-a75a-46f0336f6a8f" />
      <TestMethod codeBase="C:\Users\biges\Desktop\Wiley_Widget\WileyWidget.Tests\bin\Debug\net9.0-windows\WileyWidget.Tests.dll" adapterTypeName="executor://xunit/VsTestRunner2/netcoreapp" className="WileyWidget.Tests.EnterpriseModelTests" name="Enterprise_CurrentRate_Validation" />
    </UnitTest>
    <UnitTest name="WileyWidget.Tests.MainWindowUnitTests.NormalizeTheme_WithLowerCase_ReturnsNormalized" storage="c:\users\biges\desktop\wiley_widget\wileywidget.tests\bin\debug\net9.0-windows\wileywidget.tests.dll" id="4ae2e854-082e-d2d9-91f7-448e1ba75efb">
      <Execution id="2edaa7bd-4eed-4f64-89a8-268fdfe3a24f" />
      <TestMethod codeBase="C:\Users\biges\Desktop\Wiley_Widget\WileyWidget.Tests\bin\Debug\net9.0-windows\WileyWidget.Tests.dll" adapterTypeName="executor://xunit/VsTestRunner2/netcoreapp" className="WileyWidget.Tests.MainWindowUnitTests" name="NormalizeTheme_WithLowerCase_ReturnsNormalized" />
    </UnitTest>
    <UnitTest name="WileyWidget.Tests.BudgetInteractionTests.BudgetInteraction_Creation_WithValidData_Succeeds" storage="c:\users\biges\desktop\wiley_widget\wileywidget.tests\bin\debug\net9.0-windows\wileywidget.tests.dll" id="efa2ee80-8a84-ce7d-1850-d99aa3c2923a">
      <Execution id="1f464773-1348-459d-aec9-ffdfeed94ec6" />
      <TestMethod codeBase="C:\Users\biges\Desktop\Wiley_Widget\WileyWidget.Tests\bin\Debug\net9.0-windows\WileyWidget.Tests.dll" adapterTypeName="executor://xunit/VsTestRunner2/netcoreapp" className="WileyWidget.Tests.BudgetInteractionTests" name="BudgetInteraction_Creation_WithValidData_Succeeds" />
    </UnitTest>
    <UnitTest name="WileyWidget.Tests.BudgetAnalyticsTests.BudgetInsights_AlwaysIncludesGeneralRecommendations" storage="c:\users\biges\desktop\wiley_widget\wileywidget.tests\bin\debug\net9.0-windows\wileywidget.tests.dll" id="efe067a6-c350-5edd-6794-b1c41a457952">
      <Execution id="2da63366-4f29-4649-a35d-b9c1547aefb6" />
      <TestMethod codeBase="C:\Users\biges\Desktop\Wiley_Widget\WileyWidget.Tests\bin\Debug\net9.0-windows\WileyWidget.Tests.dll" adapterTypeName="executor://xunit/VsTestRunner2/netcoreapp" className="WileyWidget.Tests.BudgetAnalyticsTests" name="BudgetInsights_AlwaysIncludesGeneralRecommendations" />
    </UnitTest>
    <UnitTest name="WileyWidget.Tests.EnterpriseTests.Enterprise_Name_Validation(name: &quot;&quot;, shouldBeValid: False)" storage="c:\users\biges\desktop\wiley_widget\wileywidget.tests\bin\debug\net9.0-windows\wileywidget.tests.dll" id="7fe76a3a-9ac6-6844-b5f7-d4331eae2413">
      <Execution id="6b48cf55-d695-48bc-bce2-6707b90db149" />
      <TestMethod codeBase="C:\Users\biges\Desktop\Wiley_Widget\WileyWidget.Tests\bin\Debug\net9.0-windows\WileyWidget.Tests.dll" adapterTypeName="executor://xunit/VsTestRunner2/netcoreapp" className="WileyWidget.Tests.EnterpriseTests" name="Enterprise_Name_Validation" />
    </UnitTest>
    <UnitTest name="WileyWidget.Tests.WidgetTests.Widget_FormattedPrice_ReturnsCorrectFormat(price: 10, expected: &quot;$10.00&quot;)" storage="c:\users\biges\desktop\wiley_widget\wileywidget.tests\bin\debug\net9.0-windows\wileywidget.tests.dll" id="0203bce8-8571-4fae-356f-d40949bb5a7d">
      <Execution id="05d43f38-effb-4e73-857a-e5fb75a0ddde" />
      <TestMethod codeBase="C:\Users\biges\Desktop\Wiley_Widget\WileyWidget.Tests\bin\Debug\net9.0-windows\WileyWidget.Tests.dll" adapterTypeName="executor://xunit/VsTestRunner2/netcoreapp" className="WileyWidget.Tests.WidgetTests" name="Widget_FormattedPrice_ReturnsCorrectFormat" />
    </UnitTest>
    <UnitTest name="WileyWidget.Tests.AppUnitTests.RegisterSyncfusionLicense_WithNoValidSources_LogsWarning" storage="c:\users\biges\desktop\wiley_widget\wileywidget.tests\bin\debug\net9.0-windows\wileywidget.tests.dll" id="93f87e80-68d8-ef6d-e92d-98707d05f82e">
      <Execution id="4538e335-7b8e-4ef7-adfb-78ca4a662799" />
      <TestMethod codeBase="C:\Users\biges\Desktop\Wiley_Widget\WileyWidget.Tests\bin\Debug\net9.0-windows\WileyWidget.Tests.dll" adapterTypeName="executor://xunit/VsTestRunner2/netcoreapp" className="WileyWidget.Tests.AppUnitTests" name="RegisterSyncfusionLicense_WithNoValidSources_LogsWarning" />
    </UnitTest>
    <UnitTest name="WileyWidget.Tests.WidgetTests.Widget_Category_AcceptsVariousValues(category: &quot;Home &amp; Garden&quot;)" storage="c:\users\biges\desktop\wiley_widget\wileywidget.tests\bin\debug\net9.0-windows\wileywidget.tests.dll" id="b211dea4-7dcd-20f5-d31b-47d61cf807dd">
      <Execution id="b34db9dd-0cc4-4204-b876-a3ff6e491755" />
      <TestMethod codeBase="C:\Users\biges\Desktop\Wiley_Widget\WileyWidget.Tests\bin\Debug\net9.0-windows\WileyWidget.Tests.dll" adapterTypeName="executor://xunit/VsTestRunner2/netcoreapp" className="WileyWidget.Tests.WidgetTests" name="Widget_Category_AcceptsVariousValues" />
    </UnitTest>
    <UnitTest name="WileyWidget.Tests.BudgetAnalyticsTests.BudgetMetrics_ReturnsCorrectStatus_Surplus" storage="c:\users\biges\desktop\wiley_widget\wileywidget.tests\bin\debug\net9.0-windows\wileywidget.tests.dll" id="ccef2ce7-f385-9fbf-3fdd-191327867f3d">
      <Execution id="2b9adecf-ef30-43f5-bcd5-9a5c15eff712" />
      <TestMethod codeBase="C:\Users\biges\Desktop\Wiley_Widget\WileyWidget.Tests\bin\Debug\net9.0-windows\WileyWidget.Tests.dll" adapterTypeName="executor://xunit/VsTestRunner2/netcoreapp" className="WileyWidget.Tests.BudgetAnalyticsTests" name="BudgetMetrics_ReturnsCorrectStatus_Surplus" />
    </UnitTest>
    <UnitTest name="WileyWidget.Tests.WidgetTests.Widget_Quantity_Validation(quantity: -1, shouldBeValid: False)" storage="c:\users\biges\desktop\wiley_widget\wileywidget.tests\bin\debug\net9.0-windows\wileywidget.tests.dll" id="40c28db5-98d0-9ac0-459d-782c32a105ab">
      <Execution id="04c88fe9-edd8-417e-b559-ddcd74dd15a8" />
      <TestMethod codeBase="C:\Users\biges\Desktop\Wiley_Widget\WileyWidget.Tests\bin\Debug\net9.0-windows\WileyWidget.Tests.dll" adapterTypeName="executor://xunit/VsTestRunner2/netcoreapp" className="WileyWidget.Tests.WidgetTests" name="Widget_Quantity_Validation" />
    </UnitTest>
    <UnitTest name="WileyWidget.Tests.EnterpriseTests.Enterprise_CalculatedProperties_WorkCorrectly(currentRate: 1.5, citizenCount: 1000, expenses: 500, expectedBalance: 1000)" storage="c:\users\biges\desktop\wiley_widget\wileywidget.tests\bin\debug\net9.0-windows\wileywidget.tests.dll" id="b7c1d19c-bee4-911c-3a8a-0800f7a4f194">
      <Execution id="5c50ec3a-73c1-4749-8beb-23ba9d5cf2f0" />
      <TestMethod codeBase="C:\Users\biges\Desktop\Wiley_Widget\WileyWidget.Tests\bin\Debug\net9.0-windows\WileyWidget.Tests.dll" adapterTypeName="executor://xunit/VsTestRunner2/netcoreapp" className="WileyWidget.Tests.EnterpriseTests" name="Enterprise_CalculatedProperties_WorkCorrectly" />
    </UnitTest>
    <UnitTest name="WileyWidget.Tests.SettingsServiceTests.SettingsService_Load_ReadsFileCorrectly" storage="c:\users\biges\desktop\wiley_widget\wileywidget.tests\bin\debug\net9.0-windows\wileywidget.tests.dll" id="33627335-316c-cbc4-3f2e-4374d3f98bd0">
      <Execution id="b421446f-4f77-41a8-8470-dc01336e53db" />
      <TestMethod codeBase="C:\Users\biges\Desktop\Wiley_Widget\WileyWidget.Tests\bin\Debug\net9.0-windows\WileyWidget.Tests.dll" adapterTypeName="executor://xunit/VsTestRunner2/netcoreapp" className="WileyWidget.Tests.SettingsServiceTests" name="SettingsService_Load_ReadsFileCorrectly" />
    </UnitTest>
    <UnitTest name="WileyWidget.Tests.WidgetTests.Widget_Price_Validation(price: 0.01, shouldBeValid: True)" storage="c:\users\biges\desktop\wiley_widget\wileywidget.tests\bin\debug\net9.0-windows\wileywidget.tests.dll" id="2beb22ae-6dec-0df2-163d-82054723e892">
      <Execution id="74c30d80-f479-42d1-a77f-0b6d0391a749" />
      <TestMethod codeBase="C:\Users\biges\Desktop\Wiley_Widget\WileyWidget.Tests\bin\Debug\net9.0-windows\WileyWidget.Tests.dll" adapterTypeName="executor://xunit/VsTestRunner2/netcoreapp" className="WileyWidget.Tests.WidgetTests" name="Widget_Price_Validation" />
    </UnitTest>
    <UnitTest name="WileyWidget.Tests.SettingsServiceTests.SettingsService_Instance_IsSingleton" storage="c:\users\biges\desktop\wiley_widget\wileywidget.tests\bin\debug\net9.0-windows\wileywidget.tests.dll" id="06acef7a-66a9-41e5-0b52-833373b805fd">
      <Execution id="72b1f629-1b10-4644-8e4e-7f046c9bb4b1" />
      <TestMethod codeBase="C:\Users\biges\Desktop\Wiley_Widget\WileyWidget.Tests\bin\Debug\net9.0-windows\WileyWidget.Tests.dll" adapterTypeName="executor://xunit/VsTestRunner2/netcoreapp" className="WileyWidget.Tests.SettingsServiceTests" name="SettingsService_Instance_IsSingleton" />
    </UnitTest>
    <UnitTest name="WileyWidget.Tests.BudgetInteractionTests.BudgetInteraction_InteractionType_Validation(type: &quot;SharedCost&quot;, shouldBeValid: True)" storage="c:\users\biges\desktop\wiley_widget\wileywidget.tests\bin\debug\net9.0-windows\wileywidget.tests.dll" id="c79d0d0b-2c17-cda5-48a6-5d1589c048fd">
      <Execution id="88549ff6-d727-4b22-b17b-3872e70df449" />
      <TestMethod codeBase="C:\Users\biges\Desktop\Wiley_Widget\WileyWidget.Tests\bin\Debug\net9.0-windows\WileyWidget.Tests.dll" adapterTypeName="executor://xunit/VsTestRunner2/netcoreapp" className="WileyWidget.Tests.BudgetInteractionTests" name="BudgetInteraction_InteractionType_Validation" />
    </UnitTest>
    <UnitTest name="WileyWidget.Tests.EnterpriseModelTests.Enterprise_CurrentRate_Validation(rate: 100, shouldBeValid: True)" storage="c:\users\biges\desktop\wiley_widget\wileywidget.tests\bin\debug\net9.0-windows\wileywidget.tests.dll" id="ca7752fd-c28a-2eb8-8f5e-49b6ef0284d8">
      <Execution id="ce8cfad2-b80c-4d21-80e2-2c2b158b4cc3" />
      <TestMethod codeBase="C:\Users\biges\Desktop\Wiley_Widget\WileyWidget.Tests\bin\Debug\net9.0-windows\WileyWidget.Tests.dll" adapterTypeName="executor://xunit/VsTestRunner2/netcoreapp" className="WileyWidget.Tests.EnterpriseModelTests" name="Enterprise_CurrentRate_Validation" />
    </UnitTest>
    <UnitTest name="WileyWidget.Tests.EnterpriseModelTests.Enterprise_BreakEvenRate_HandlesZeroCitizens" storage="c:\users\biges\desktop\wiley_widget\wileywidget.tests\bin\debug\net9.0-windows\wileywidget.tests.dll" id="0a00e6cb-49af-1b97-d7b2-bbdf194a8118">
      <Execution id="5274b3f1-b83a-4500-bc5c-0754b0df4a8d" />
      <TestMethod codeBase="C:\Users\biges\Desktop\Wiley_Widget\WileyWidget.Tests\bin\Debug\net9.0-windows\WileyWidget.Tests.dll" adapterTypeName="executor://xunit/VsTestRunner2/netcoreapp" className="WileyWidget.Tests.EnterpriseModelTests" name="Enterprise_BreakEvenRate_HandlesZeroCitizens" />
    </UnitTest>
    <UnitTest name="WileyWidget.Tests.BudgetInteractionTests.BudgetInteraction_SecondaryEnterpriseId_CanBeNull" storage="c:\users\biges\desktop\wiley_widget\wileywidget.tests\bin\debug\net9.0-windows\wileywidget.tests.dll" id="2f6535a3-ca21-5a5e-d2ea-27f9db0d9635">
      <Execution id="6db96eb8-7bdd-4841-9d25-21fc616fc537" />
      <TestMethod codeBase="C:\Users\biges\Desktop\Wiley_Widget\WileyWidget.Tests\bin\Debug\net9.0-windows\WileyWidget.Tests.dll" adapterTypeName="executor://xunit/VsTestRunner2/netcoreapp" className="WileyWidget.Tests.BudgetInteractionTests" name="BudgetInteraction_SecondaryEnterpriseId_CanBeNull" />
    </UnitTest>
    <UnitTest name="WileyWidget.Tests.EnterpriseModelTests.Enterprise_BudgetStatus_ReturnsCorrectStatus(revenue: 3000, expenses: 2500, expectedStatus: &quot;Surplus&quot;)" storage="c:\users\biges\desktop\wiley_widget\wileywidget.tests\bin\debug\net9.0-windows\wileywidget.tests.dll" id="44e15a9e-b1db-5915-a9b2-5e9b239ca9b3">
      <Execution id="24ae8097-1886-41f4-9e2c-49734528b960" />
      <TestMethod codeBase="C:\Users\biges\Desktop\Wiley_Widget\WileyWidget.Tests\bin\Debug\net9.0-windows\WileyWidget.Tests.dll" adapterTypeName="executor://xunit/VsTestRunner2/netcoreapp" className="WileyWidget.Tests.EnterpriseModelTests" name="Enterprise_BudgetStatus_ReturnsCorrectStatus" />
    </UnitTest>
    <UnitTest name="WileyWidget.Tests.DatabaseIntegrationTests.Repository_CalculatesRevenueCorrectly" storage="c:\users\biges\desktop\wiley_widget\wileywidget.tests\bin\debug\net9.0-windows\wileywidget.tests.dll" id="917950f3-8248-2f78-cc8c-99370e6626ab">
      <Execution id="4748aa06-fecb-4cd0-937a-53c6762ab812" />
      <TestMethod codeBase="C:\Users\biges\Desktop\Wiley_Widget\WileyWidget.Tests\bin\Debug\net9.0-windows\WileyWidget.Tests.dll" adapterTypeName="executor://xunit/VsTestRunner2/netcoreapp" className="WileyWidget.Tests.DatabaseIntegrationTests" name="Repository_CalculatesRevenueCorrectly" />
    </UnitTest>
    <UnitTest name="WileyWidget.Tests.WidgetTests.Widget_Creation_WithValidData_Succeeds" storage="c:\users\biges\desktop\wiley_widget\wileywidget.tests\bin\debug\net9.0-windows\wileywidget.tests.dll" id="4a11ecda-ef05-73a1-b1d1-c3284d3e4afa">
      <Execution id="cce4df7f-1f08-4b9b-9b1e-24379a17a686" />
      <TestMethod codeBase="C:\Users\biges\Desktop\Wiley_Widget\WileyWidget.Tests\bin\Debug\net9.0-windows\WileyWidget.Tests.dll" adapterTypeName="executor://xunit/VsTestRunner2/netcoreapp" className="WileyWidget.Tests.WidgetTests" name="Widget_Creation_WithValidData_Succeeds" />
    </UnitTest>
    <UnitTest name="WileyWidget.Tests.EnterpriseDatabaseTests.SimpleDatabaseConnectionTest" storage="c:\users\biges\desktop\wiley_widget\wileywidget.tests\bin\debug\net9.0-windows\wileywidget.tests.dll" id="e1f8a3e1-d467-b8d5-d368-b35a2dff4c81">
      <Execution id="3f7c536b-9a16-4294-b583-eb720dd889e4" />
      <TestMethod codeBase="C:\Users\biges\Desktop\Wiley_Widget\WileyWidget.Tests\bin\Debug\net9.0-windows\WileyWidget.Tests.dll" adapterTypeName="executor://xunit/VsTestRunner2/netcoreapp" className="WileyWidget.Tests.EnterpriseDatabaseTests" name="SimpleDatabaseConnectionTest" />
    </UnitTest>
    <UnitTest name="WileyWidget.Tests.EnterpriseModelTests.Enterprise_BudgetStatus_ReturnsCorrectStatus(revenue: 2500, expenses: 2500, expectedStatus: &quot;Break-even&quot;)" storage="c:\users\biges\desktop\wiley_widget\wileywidget.tests\bin\debug\net9.0-windows\wileywidget.tests.dll" id="ee7898df-a28c-6e8b-8e6c-3ec70bd001f9">
      <Execution id="ac23ae29-1a8a-4e78-8c58-b464fe3ab19a" />
      <TestMethod codeBase="C:\Users\biges\Desktop\Wiley_Widget\WileyWidget.Tests\bin\Debug\net9.0-windows\WileyWidget.Tests.dll" adapterTypeName="executor://xunit/VsTestRunner2/netcoreapp" className="WileyWidget.Tests.EnterpriseModelTests" name="Enterprise_BudgetStatus_ReturnsCorrectStatus" />
    </UnitTest>
    <UnitTest name="WileyWidget.Tests.EnterpriseTests.Enterprise_CurrentRate_Validation(rate: 10000, shouldBeValid: False)" storage="c:\users\biges\desktop\wiley_widget\wileywidget.tests\bin\debug\net9.0-windows\wileywidget.tests.dll" id="1d6cc74e-b1aa-d571-8164-59cf85bf66e7">
      <Execution id="1be76897-56b2-4b6c-b4cb-511b9af75c64" />
      <TestMethod codeBase="C:\Users\biges\Desktop\Wiley_Widget\WileyWidget.Tests\bin\Debug\net9.0-windows\WileyWidget.Tests.dll" adapterTypeName="executor://xunit/VsTestRunner2/netcoreapp" className="WileyWidget.Tests.EnterpriseTests" name="Enterprise_CurrentRate_Validation" />
    </UnitTest>
    <UnitTest name="WileyWidget.Tests.MainWindowUnitTests.UpdateThemeToggleVisuals_MethodExists" storage="c:\users\biges\desktop\wiley_widget\wileywidget.tests\bin\debug\net9.0-windows\wileywidget.tests.dll" id="1a019a48-5289-21b6-90e2-05f5df28d217">
      <Execution id="13471960-c412-4b82-aa79-387eb05dec23" />
      <TestMethod codeBase="C:\Users\biges\Desktop\Wiley_Widget\WileyWidget.Tests\bin\Debug\net9.0-windows\WileyWidget.Tests.dll" adapterTypeName="executor://xunit/VsTestRunner2/netcoreapp" className="WileyWidget.Tests.MainWindowUnitTests" name="UpdateThemeToggleVisuals_MethodExists" />
    </UnitTest>
    <UnitTest name="WileyWidget.Tests.BudgetInteractionTests.BudgetInteraction_SecondaryEnterpriseId_CanBeSet" storage="c:\users\biges\desktop\wiley_widget\wileywidget.tests\bin\debug\net9.0-windows\wileywidget.tests.dll" id="e5321f6f-e5a1-6e5b-e713-11e01758bd01">
      <Execution id="9f8e7f79-30be-4db4-a19b-c45e88aec1fa" />
      <TestMethod codeBase="C:\Users\biges\Desktop\Wiley_Widget\WileyWidget.Tests\bin\Debug\net9.0-windows\WileyWidget.Tests.dll" adapterTypeName="executor://xunit/VsTestRunner2/netcoreapp" className="WileyWidget.Tests.BudgetInteractionTests" name="BudgetInteraction_SecondaryEnterpriseId_CanBeSet" />
    </UnitTest>
    <UnitTest name="WileyWidget.Tests.EnterpriseTests.Enterprise_CalculatedProperties_WorkCorrectly(currentRate: 1, citizenCount: 1000, expenses: 0, expectedBalance: 1000)" storage="c:\users\biges\desktop\wiley_widget\wileywidget.tests\bin\debug\net9.0-windows\wileywidget.tests.dll" id="250861d5-9d13-68af-2b01-b8c47d52fcf2">
      <Execution id="691c6f1c-24f4-4550-8b21-6a10470f33b3" />
      <TestMethod codeBase="C:\Users\biges\Desktop\Wiley_Widget\WileyWidget.Tests\bin\Debug\net9.0-windows\WileyWidget.Tests.dll" adapterTypeName="executor://xunit/VsTestRunner2/netcoreapp" className="WileyWidget.Tests.EnterpriseTests" name="Enterprise_CalculatedProperties_WorkCorrectly" />
    </UnitTest>
    <UnitTest name="WileyWidget.Tests.EnterpriseModelTests.Enterprise_Creation_WithValidData_Succeeds" storage="c:\users\biges\desktop\wiley_widget\wileywidget.tests\bin\debug\net9.0-windows\wileywidget.tests.dll" id="a72d91bf-1ba0-06c7-1002-ab2af50818f2">
      <Execution id="b104fc38-8b9a-47a6-9407-bf1666b98fe7" />
      <TestMethod codeBase="C:\Users\biges\Desktop\Wiley_Widget\WileyWidget.Tests\bin\Debug\net9.0-windows\WileyWidget.Tests.dll" adapterTypeName="executor://xunit/VsTestRunner2/netcoreapp" className="WileyWidget.Tests.EnterpriseModelTests" name="Enterprise_Creation_WithValidData_Succeeds" />
    </UnitTest>
    <UnitTest name="WileyWidget.Tests.DatabaseIntegrationTests.GetByIdAsync_ReturnsCorrectEnterprise" storage="c:\users\biges\desktop\wiley_widget\wileywidget.tests\bin\debug\net9.0-windows\wileywidget.tests.dll" id="4e31e5ac-795c-6664-b1e1-6987564c4e12">
      <Execution id="e78ce649-0cc5-4189-bbfb-62fa397c1ffd" />
      <TestMethod codeBase="C:\Users\biges\Desktop\Wiley_Widget\WileyWidget.Tests\bin\Debug\net9.0-windows\WileyWidget.Tests.dll" adapterTypeName="executor://xunit/VsTestRunner2/netcoreapp" className="WileyWidget.Tests.DatabaseIntegrationTests" name="GetByIdAsync_ReturnsCorrectEnterprise" />
    </UnitTest>
    <UnitTest name="WileyWidget.Tests.AppUnitTests.TryScheduleLicenseDialogAutoClose_HandlesDialogScheduling" storage="c:\users\biges\desktop\wiley_widget\wileywidget.tests\bin\debug\net9.0-windows\wileywidget.tests.dll" id="20d48984-149e-52a8-e707-e7c8d17f3d51">
      <Execution id="39fc3336-a17c-4fd8-968b-715cab2547c0" />
      <TestMethod codeBase="C:\Users\biges\Desktop\Wiley_Widget\WileyWidget.Tests\bin\Debug\net9.0-windows\WileyWidget.Tests.dll" adapterTypeName="executor://xunit/VsTestRunner2/netcoreapp" className="WileyWidget.Tests.AppUnitTests" name="TryScheduleLicenseDialogAutoClose_HandlesDialogScheduling" />
    </UnitTest>
    <UnitTest name="WileyWidget.Tests.BudgetInteractionTests.BudgetInteraction_AcceptsVariousInteractionTypes(type: &quot;Transfer&quot;, expected: True)" storage="c:\users\biges\desktop\wiley_widget\wileywidget.tests\bin\debug\net9.0-windows\wileywidget.tests.dll" id="53bedddd-9e7e-05b6-0db9-6c4d6523d66b">
      <Execution id="cb2d5721-7d31-40e0-9ad7-1b5fd7bdb1d0" />
      <TestMethod codeBase="C:\Users\biges\Desktop\Wiley_Widget\WileyWidget.Tests\bin\Debug\net9.0-windows\WileyWidget.Tests.dll" adapterTypeName="executor://xunit/VsTestRunner2/netcoreapp" className="WileyWidget.Tests.BudgetInteractionTests" name="BudgetInteraction_AcceptsVariousInteractionTypes" />
    </UnitTest>
    <UnitTest name="WileyWidget.Tests.MainViewModelTests.SelectNextCommand_HandlesEmptyList" storage="c:\users\biges\desktop\wiley_widget\wileywidget.tests\bin\debug\net9.0-windows\wileywidget.tests.dll" id="b43e3dd0-44c9-3349-d80b-08150cc5294d">
      <Execution id="8ead6b62-7bbe-43dd-837a-c7bf40d0037b" />
      <TestMethod codeBase="C:\Users\biges\Desktop\Wiley_Widget\WileyWidget.Tests\bin\Debug\net9.0-windows\WileyWidget.Tests.dll" adapterTypeName="executor://xunit/VsTestRunner2/netcoreapp" className="WileyWidget.Tests.MainViewModelTests" name="SelectNextCommand_HandlesEmptyList" />
    </UnitTest>
    <UnitTest name="WileyWidget.Tests.BudgetInteractionTests.BudgetInteraction_AcceptsVariousInteractionTypes(type: &quot;SharedCost&quot;, expected: True)" storage="c:\users\biges\desktop\wiley_widget\wileywidget.tests\bin\debug\net9.0-windows\wileywidget.tests.dll" id="f5f343b0-4673-4f25-285c-1b1fcba58589">
      <Execution id="55e8564a-c880-44bb-bf9b-808db1e13b52" />
      <TestMethod codeBase="C:\Users\biges\Desktop\Wiley_Widget\WileyWidget.Tests\bin\Debug\net9.0-windows\WileyWidget.Tests.dll" adapterTypeName="executor://xunit/VsTestRunner2/netcoreapp" className="WileyWidget.Tests.BudgetInteractionTests" name="BudgetInteraction_AcceptsVariousInteractionTypes" />
    </UnitTest>
    <UnitTest name="WileyWidget.Tests.BudgetInteractionTests.BudgetInteraction_MonthlyAmount_Validation(amount: 0, shouldBeValid: True)" storage="c:\users\biges\desktop\wiley_widget\wileywidget.tests\bin\debug\net9.0-windows\wileywidget.tests.dll" id="9d53fc33-d776-6625-1b0a-4b6f01111549">
      <Execution id="0d6774bc-7979-4033-b49d-9eea218adcea" />
      <TestMethod codeBase="C:\Users\biges\Desktop\Wiley_Widget\WileyWidget.Tests\bin\Debug\net9.0-windows\WileyWidget.Tests.dll" adapterTypeName="executor://xunit/VsTestRunner2/netcoreapp" className="WileyWidget.Tests.BudgetInteractionTests" name="BudgetInteraction_MonthlyAmount_Validation" />
    </UnitTest>
    <UnitTest name="WileyWidget.Tests.SettingsServiceTests.SettingsService_ResetForTests_Works" storage="c:\users\biges\desktop\wiley_widget\wileywidget.tests\bin\debug\net9.0-windows\wileywidget.tests.dll" id="4bf0c2ec-7a7c-f8d8-6f1c-1f46f24b0af1">
      <Execution id="5fad2820-62f0-4c42-9f57-83f1ee5687cd" />
      <TestMethod codeBase="C:\Users\biges\Desktop\Wiley_Widget\WileyWidget.Tests\bin\Debug\net9.0-windows\WileyWidget.Tests.dll" adapterTypeName="executor://xunit/VsTestRunner2/netcoreapp" className="WileyWidget.Tests.SettingsServiceTests" name="SettingsService_ResetForTests_Works" />
    </UnitTest>
    <UnitTest name="WileyWidget.Tests.MainWindowUnitTests.InitializeBudgetDiagram_MethodExists" storage="c:\users\biges\desktop\wiley_widget\wileywidget.tests\bin\debug\net9.0-windows\wileywidget.tests.dll" id="62021b67-5876-d70c-80d9-db2ebaaf208a">
      <Execution id="abb82f6b-6939-427e-bacc-16254134f9b2" />
      <TestMethod codeBase="C:\Users\biges\Desktop\Wiley_Widget\WileyWidget.Tests\bin\Debug\net9.0-windows\WileyWidget.Tests.dll" adapterTypeName="executor://xunit/VsTestRunner2/netcoreapp" className="WileyWidget.Tests.MainWindowUnitTests" name="InitializeBudgetDiagram_MethodExists" />
    </UnitTest>
    <UnitTest name="WileyWidget.Tests.MainWindowUnitTests.LogCurrentThemeState_MethodExists" storage="c:\users\biges\desktop\wiley_widget\wileywidget.tests\bin\debug\net9.0-windows\wileywidget.tests.dll" id="118c5093-dd4d-05af-5b6d-0f37c0d730c3">
      <Execution id="bf2c35a6-4bd6-476b-bf8f-fd236a3801f9" />
      <TestMethod codeBase="C:\Users\biges\Desktop\Wiley_Widget\WileyWidget.Tests\bin\Debug\net9.0-windows\WileyWidget.Tests.dll" adapterTypeName="executor://xunit/VsTestRunner2/netcoreapp" className="WileyWidget.Tests.MainWindowUnitTests" name="LogCurrentThemeState_MethodExists" />
    </UnitTest>
    <UnitTest name="WileyWidget.Tests.DatabaseIntegrationTests.Repository_HandlesLargeDatasetEfficiently" storage="c:\users\biges\desktop\wiley_widget\wileywidget.tests\bin\debug\net9.0-windows\wileywidget.tests.dll" id="f0a76b98-d14b-1f50-1a55-b715fcdffb9d">
      <Execution id="28c132b2-737a-49e0-893c-0019b5a75444" />
      <TestMethod codeBase="C:\Users\biges\Desktop\Wiley_Widget\WileyWidget.Tests\bin\Debug\net9.0-windows\WileyWidget.Tests.dll" adapterTypeName="executor://xunit/VsTestRunner2/netcoreapp" className="WileyWidget.Tests.DatabaseIntegrationTests" name="Repository_HandlesLargeDatasetEfficiently" />
    </UnitTest>
    <UnitTest name="WileyWidget.Tests.AppUnitTests.RegisterSyncfusionLicense_MethodExists" storage="c:\users\biges\desktop\wiley_widget\wileywidget.tests\bin\debug\net9.0-windows\wileywidget.tests.dll" id="5e00cc24-af68-8e5e-7215-9a710f60e406">
      <Execution id="d2603a35-f466-441e-8224-f5900c8b05bb" />
      <TestMethod codeBase="C:\Users\biges\Desktop\Wiley_Widget\WileyWidget.Tests\bin\Debug\net9.0-windows\WileyWidget.Tests.dll" adapterTypeName="executor://xunit/VsTestRunner2/netcoreapp" className="WileyWidget.Tests.AppUnitTests" name="RegisterSyncfusionLicense_MethodExists" />
    </UnitTest>
    <UnitTest name="WileyWidget.Tests.EnterpriseDatabaseTests.CustomQuery_WithParameters_ReturnsFilteredData_UsingDirectConnection" storage="c:\users\biges\desktop\wiley_widget\wileywidget.tests\bin\debug\net9.0-windows\wileywidget.tests.dll" id="7cf3aa98-98eb-f226-4182-b485eaa19c16">
      <Execution id="222200a2-bc53-4558-a33b-fde9ffa6ee88" />
      <TestMethod codeBase="C:\Users\biges\Desktop\Wiley_Widget\WileyWidget.Tests\bin\Debug\net9.0-windows\WileyWidget.Tests.dll" adapterTypeName="executor://xunit/VsTestRunner2/netcoreapp" className="WileyWidget.Tests.EnterpriseDatabaseTests" name="CustomQuery_WithParameters_ReturnsFilteredData_UsingDirectConnection" />
    </UnitTest>
    <UnitTest name="WileyWidget.Tests.EnterpriseTests.Enterprise_CurrentRate_Validation(rate: 0.01, shouldBeValid: True)" storage="c:\users\biges\desktop\wiley_widget\wileywidget.tests\bin\debug\net9.0-windows\wileywidget.tests.dll" id="c47db43f-5871-4aa9-b457-92ab04b7b502">
      <Execution id="6223a15d-6d1b-415f-ab72-2e9570ad13fd" />
      <TestMethod codeBase="C:\Users\biges\Desktop\Wiley_Widget\WileyWidget.Tests\bin\Debug\net9.0-windows\WileyWidget.Tests.dll" adapterTypeName="executor://xunit/VsTestRunner2/netcoreapp" className="WileyWidget.Tests.EnterpriseTests" name="Enterprise_CurrentRate_Validation" />
    </UnitTest>
    <UnitTest name="WileyWidget.Tests.EnterpriseDatabaseTests.ComplexAssertions_MultipleValidations_UsingDirectConnection" storage="c:\users\biges\desktop\wiley_widget\wileywidget.tests\bin\debug\net9.0-windows\wileywidget.tests.dll" id="f0564e38-0932-37f9-f2ec-c59c84e4f319">
      <Execution id="cd58f42e-4ee7-407b-8b44-ac1d2a9dfab1" />
      <TestMethod codeBase="C:\Users\biges\Desktop\Wiley_Widget\WileyWidget.Tests\bin\Debug\net9.0-windows\WileyWidget.Tests.dll" adapterTypeName="executor://xunit/VsTestRunner2/netcoreapp" className="WileyWidget.Tests.EnterpriseDatabaseTests" name="ComplexAssertions_MultipleValidations_UsingDirectConnection" />
    </UnitTest>
    <UnitTest name="WileyWidget.Tests.AppUnitTests.SetupUnhandledExceptionHandling_MethodExists" storage="c:\users\biges\desktop\wiley_widget\wileywidget.tests\bin\debug\net9.0-windows\wileywidget.tests.dll" id="bf088925-6f0e-4b03-c843-4df17998edc4">
      <Execution id="db05e258-837e-4672-9356-2f8a389c6177" />
      <TestMethod codeBase="C:\Users\biges\Desktop\Wiley_Widget\WileyWidget.Tests\bin\Debug\net9.0-windows\WileyWidget.Tests.dll" adapterTypeName="executor://xunit/VsTestRunner2/netcoreapp" className="WileyWidget.Tests.AppUnitTests" name="SetupUnhandledExceptionHandling_MethodExists" />
    </UnitTest>
    <UnitTest name="WileyWidget.Tests.BudgetInteractionTests.BudgetInteraction_Description_Validation(description: null, shouldBeValid: False)" storage="c:\users\biges\desktop\wiley_widget\wileywidget.tests\bin\debug\net9.0-windows\wileywidget.tests.dll" id="4d20292b-dbaf-eee0-cf45-638c0a52c116">
      <Execution id="73ce03ec-0be3-4358-83b6-e0c1bd9cdb9e" />
      <TestMethod codeBase="C:\Users\biges\Desktop\Wiley_Widget\WileyWidget.Tests\bin\Debug\net9.0-windows\WileyWidget.Tests.dll" adapterTypeName="executor://xunit/VsTestRunner2/netcoreapp" className="WileyWidget.Tests.BudgetInteractionTests" name="BudgetInteraction_Description_Validation" />
    </UnitTest>
    <UnitTest name="WileyWidget.Tests.BudgetAnalyticsTests.BudgetInsights_GeneratesCorrectInsights_ForDeficit" storage="c:\users\biges\desktop\wiley_widget\wileywidget.tests\bin\debug\net9.0-windows\wileywidget.tests.dll" id="bc7d1dad-4626-c238-a1b7-51e0ec90dede">
      <Execution id="b4d0e4d4-4b1a-4251-9254-9101d7ede338" />
      <TestMethod codeBase="C:\Users\biges\Desktop\Wiley_Widget\WileyWidget.Tests\bin\Debug\net9.0-windows\WileyWidget.Tests.dll" adapterTypeName="executor://xunit/VsTestRunner2/netcoreapp" className="WileyWidget.Tests.BudgetAnalyticsTests" name="BudgetInsights_GeneratesCorrectInsights_ForDeficit" />
    </UnitTest>
    <UnitTest name="WileyWidget.Tests.EnterpriseModelTests.Enterprise_MonthlyExpenses_Validation(expenses: -1, shouldBeValid: False)" storage="c:\users\biges\desktop\wiley_widget\wileywidget.tests\bin\debug\net9.0-windows\wileywidget.tests.dll" id="e472ca0e-4d1f-2cb2-ae79-f619786a7e3f">
      <Execution id="edc4b92a-fb78-41a2-8de2-9e702905123d" />
      <TestMethod codeBase="C:\Users\biges\Desktop\Wiley_Widget\WileyWidget.Tests\bin\Debug\net9.0-windows\WileyWidget.Tests.dll" adapterTypeName="executor://xunit/VsTestRunner2/netcoreapp" className="WileyWidget.Tests.EnterpriseModelTests" name="Enterprise_MonthlyExpenses_Validation" />
    </UnitTest>
    <UnitTest name="WileyWidget.Tests.BudgetInteractionTests.BudgetInteraction_InteractionType_Validation(type: &quot;&quot;, shouldBeValid: False)" storage="c:\users\biges\desktop\wiley_widget\wileywidget.tests\bin\debug\net9.0-windows\wileywidget.tests.dll" id="a4f037bc-7338-9135-cfbf-a9e8758843b8">
      <Execution id="9bfba4c1-07c2-45af-82d5-904a5fe09a8d" />
      <TestMethod codeBase="C:\Users\biges\Desktop\Wiley_Widget\WileyWidget.Tests\bin\Debug\net9.0-windows\WileyWidget.Tests.dll" adapterTypeName="executor://xunit/VsTestRunner2/netcoreapp" className="WileyWidget.Tests.BudgetInteractionTests" name="BudgetInteraction_InteractionType_Validation" />
    </UnitTest>
    <UnitTest name="WileyWidget.Tests.BudgetInteractionTests.BudgetInteraction_IsCost_CanBeSetToFalse" storage="c:\users\biges\desktop\wiley_widget\wileywidget.tests\bin\debug\net9.0-windows\wileywidget.tests.dll" id="7616251f-ba10-2865-c7c0-878cebe0f9bd">
      <Execution id="9e5bf27c-ea3a-431c-b928-a029325a7117" />
      <TestMethod codeBase="C:\Users\biges\Desktop\Wiley_Widget\WileyWidget.Tests\bin\Debug\net9.0-windows\WileyWidget.Tests.dll" adapterTypeName="executor://xunit/VsTestRunner2/netcoreapp" className="WileyWidget.Tests.BudgetInteractionTests" name="BudgetInteraction_IsCost_CanBeSetToFalse" />
    </UnitTest>
    <UnitTest name="WileyWidget.Tests.EnterpriseTests.Enterprise_Name_Validation(name: &quot;A&quot;, shouldBeValid: True)" storage="c:\users\biges\desktop\wiley_widget\wileywidget.tests\bin\debug\net9.0-windows\wileywidget.tests.dll" id="c093cc50-deee-4751-29ce-343ea9d35c10">
      <Execution id="5bfee681-fe69-41d6-aad7-664d40a8a87f" />
      <TestMethod codeBase="C:\Users\biges\Desktop\Wiley_Widget\WileyWidget.Tests\bin\Debug\net9.0-windows\WileyWidget.Tests.dll" adapterTypeName="executor://xunit/VsTestRunner2/netcoreapp" className="WileyWidget.Tests.EnterpriseTests" name="Enterprise_Name_Validation" />
    </UnitTest>
    <UnitTest name="WileyWidget.Tests.MainViewModelTests.SelectNextCommand_WrapsToFirstWidget" storage="c:\users\biges\desktop\wiley_widget\wileywidget.tests\bin\debug\net9.0-windows\wileywidget.tests.dll" id="fdd256aa-95b4-4138-ef57-428d9bd57c15">
      <Execution id="82a068be-126e-4159-9394-d75816e4beee" />
      <TestMethod codeBase="C:\Users\biges\Desktop\Wiley_Widget\WileyWidget.Tests\bin\Debug\net9.0-windows\WileyWidget.Tests.dll" adapterTypeName="executor://xunit/VsTestRunner2/netcoreapp" className="WileyWidget.Tests.MainViewModelTests" name="SelectNextCommand_WrapsToFirstWidget" />
    </UnitTest>
    <UnitTest name="WileyWidget.Tests.AppUnitTests.LoadConfiguration_MethodExists" storage="c:\users\biges\desktop\wiley_widget\wileywidget.tests\bin\debug\net9.0-windows\wileywidget.tests.dll" id="d60d3051-e4c9-0f9c-9d61-8cc77d0b060c">
      <Execution id="675895f4-cb39-480f-9b30-8b46e5d7b398" />
      <TestMethod codeBase="C:\Users\biges\Desktop\Wiley_Widget\WileyWidget.Tests\bin\Debug\net9.0-windows\WileyWidget.Tests.dll" adapterTypeName="executor://xunit/VsTestRunner2/netcoreapp" className="WileyWidget.Tests.AppUnitTests" name="LoadConfiguration_MethodExists" />
    </UnitTest>
    <UnitTest name="WileyWidget.Tests.EnterpriseModelTests.Enterprise_CurrentRate_Validation(rate: -1, shouldBeValid: False)" storage="c:\users\biges\desktop\wiley_widget\wileywidget.tests\bin\debug\net9.0-windows\wileywidget.tests.dll" id="80a94af4-7913-fd5c-01c4-b92eec2e4015">
      <Execution id="7860de7a-1e78-4abd-b010-97df01d096c1" />
      <TestMethod codeBase="C:\Users\biges\Desktop\Wiley_Widget\WileyWidget.Tests\bin\Debug\net9.0-windows\WileyWidget.Tests.dll" adapterTypeName="executor://xunit/VsTestRunner2/netcoreapp" className="WileyWidget.Tests.EnterpriseModelTests" name="Enterprise_CurrentRate_Validation" />
    </UnitTest>
    <UnitTest name="WileyWidget.Tests.WidgetTests.Widget_DisplayName_ReturnsCorrectFormat(name: &quot;Widget Name&quot;, sku: &quot;&quot;, expected: &quot;Widget Name&quot;)" storage="c:\users\biges\desktop\wiley_widget\wileywidget.tests\bin\debug\net9.0-windows\wileywidget.tests.dll" id="a535ee6d-f14e-b507-e106-e575e4d351ae">
      <Execution id="efcc89ee-c256-491a-90f5-71e52cbd631e" />
      <TestMethod codeBase="C:\Users\biges\Desktop\Wiley_Widget\WileyWidget.Tests\bin\Debug\net9.0-windows\WileyWidget.Tests.dll" adapterTypeName="executor://xunit/VsTestRunner2/netcoreapp" className="WileyWidget.Tests.WidgetTests" name="Widget_DisplayName_ReturnsCorrectFormat" />
    </UnitTest>
    <UnitTest name="WileyWidget.Tests.EnterpriseModelTests.Enterprise_MonthlyBalance_CalculatesCorrectly" storage="c:\users\biges\desktop\wiley_widget\wileywidget.tests\bin\debug\net9.0-windows\wileywidget.tests.dll" id="7e338c26-7d68-229c-5870-5a210a219a3a">
      <Execution id="df8feec8-4dbf-4703-9820-f4d4a260ce0a" />
      <TestMethod codeBase="C:\Users\biges\Desktop\Wiley_Widget\WileyWidget.Tests\bin\Debug\net9.0-windows\WileyWidget.Tests.dll" adapterTypeName="executor://xunit/VsTestRunner2/netcoreapp" className="WileyWidget.Tests.EnterpriseModelTests" name="Enterprise_MonthlyBalance_CalculatesCorrectly" />
    </UnitTest>
    <UnitTest name="WileyWidget.Tests.EnterpriseModelTests.Enterprise_Name_Validation(name: &quot;Valid Name&quot;, shouldBeValid: True)" storage="c:\users\biges\desktop\wiley_widget\wileywidget.tests\bin\debug\net9.0-windows\wileywidget.tests.dll" id="266048de-3f2b-fdbd-2e09-1b7eae8e8964">
      <Execution id="f57dafbe-6b63-409b-88a0-c483611a24f4" />
      <TestMethod codeBase="C:\Users\biges\Desktop\Wiley_Widget\WileyWidget.Tests\bin\Debug\net9.0-windows\WileyWidget.Tests.dll" adapterTypeName="executor://xunit/VsTestRunner2/netcoreapp" className="WileyWidget.Tests.EnterpriseModelTests" name="Enterprise_Name_Validation" />
    </UnitTest>
    <UnitTest name="WileyWidget.Tests.BudgetInteractionTests.BudgetInteraction_AcceptsVariousInteractionTypes(type: &quot;Dependency&quot;, expected: True)" storage="c:\users\biges\desktop\wiley_widget\wileywidget.tests\bin\debug\net9.0-windows\wileywidget.tests.dll" id="2b9ee214-5fed-0842-d648-dd6ae7f87bc4">
      <Execution id="559b396e-dde5-47d9-a4d1-0b0084c2362e" />
      <TestMethod codeBase="C:\Users\biges\Desktop\Wiley_Widget\WileyWidget.Tests\bin\Debug\net9.0-windows\WileyWidget.Tests.dll" adapterTypeName="executor://xunit/VsTestRunner2/netcoreapp" className="WileyWidget.Tests.BudgetInteractionTests" name="BudgetInteraction_AcceptsVariousInteractionTypes" />
    </UnitTest>
    <UnitTest name="WileyWidget.Tests.BudgetInteractionTests.BudgetInteraction_AcceptsVariousInteractionTypes(type: &quot;Subsidy&quot;, expected: True)" storage="c:\users\biges\desktop\wiley_widget\wileywidget.tests\bin\debug\net9.0-windows\wileywidget.tests.dll" id="8ca5b6cf-7541-b621-6329-c030b30b7745">
      <Execution id="d7f5d546-d7ff-4944-8646-818fef7ae9cd" />
      <TestMethod codeBase="C:\Users\biges\Desktop\Wiley_Widget\WileyWidget.Tests\bin\Debug\net9.0-windows\WileyWidget.Tests.dll" adapterTypeName="executor://xunit/VsTestRunner2/netcoreapp" className="WileyWidget.Tests.BudgetInteractionTests" name="BudgetInteraction_AcceptsVariousInteractionTypes" />
    </UnitTest>
    <UnitTest name="WileyWidget.Tests.MainWindowUnitTests.VerifySpecificSyncfusionControls_MethodExists" storage="c:\users\biges\desktop\wiley_widget\wileywidget.tests\bin\debug\net9.0-windows\wileywidget.tests.dll" id="83034d6a-ea47-0b26-b3c3-520cb2f8b99c">
      <Execution id="e3c3d9c6-02ee-4586-a34e-884950366c99" />
      <TestMethod codeBase="C:\Users\biges\Desktop\Wiley_Widget\WileyWidget.Tests\bin\Debug\net9.0-windows\WileyWidget.Tests.dll" adapterTypeName="executor://xunit/VsTestRunner2/netcoreapp" className="WileyWidget.Tests.MainWindowUnitTests" name="VerifySpecificSyncfusionControls_MethodExists" />
    </UnitTest>
    <UnitTest name="WileyWidget.Tests.EnterpriseTests.Enterprise_CurrentRate_Validation(rate: 1000, shouldBeValid: True)" storage="c:\users\biges\desktop\wiley_widget\wileywidget.tests\bin\debug\net9.0-windows\wileywidget.tests.dll" id="bab73118-bcc5-733a-969d-4c306d5de5ef">
      <Execution id="2877fe5b-56dd-4f62-9c01-a5f3e9d76433" />
      <TestMethod codeBase="C:\Users\biges\Desktop\Wiley_Widget\WileyWidget.Tests\bin\Debug\net9.0-windows\WileyWidget.Tests.dll" adapterTypeName="executor://xunit/VsTestRunner2/netcoreapp" className="WileyWidget.Tests.EnterpriseTests" name="Enterprise_CurrentRate_Validation" />
    </UnitTest>
    <UnitTest name="WileyWidget.Tests.MainViewModelTests.AddWidgetCommand_AddsWidgetToCollection" storage="c:\users\biges\desktop\wiley_widget\wileywidget.tests\bin\debug\net9.0-windows\wileywidget.tests.dll" id="6cc406f6-5c68-c097-54c6-537a958e649e">
      <Execution id="6641676d-1d1d-47a0-9115-62b82f712ae1" />
      <TestMethod codeBase="C:\Users\biges\Desktop\Wiley_Widget\WileyWidget.Tests\bin\Debug\net9.0-windows\WileyWidget.Tests.dll" adapterTypeName="executor://xunit/VsTestRunner2/netcoreapp" className="WileyWidget.Tests.MainViewModelTests" name="AddWidgetCommand_AddsWidgetToCollection" />
    </UnitTest>
    <UnitTest name="WileyWidget.Tests.EnterpriseTests.Enterprise_Name_Validation(name: &quot;Valid Name&quot;, shouldBeValid: True)" storage="c:\users\biges\desktop\wiley_widget\wileywidget.tests\bin\debug\net9.0-windows\wileywidget.tests.dll" id="cb3b465a-00da-a1e4-c2c6-1368be36d3e5">
      <Execution id="1b6a5353-dcd0-45f1-988b-5d95e36ea295" />
      <TestMethod codeBase="C:\Users\biges\Desktop\Wiley_Widget\WileyWidget.Tests\bin\Debug\net9.0-windows\WileyWidget.Tests.dll" adapterTypeName="executor://xunit/VsTestRunner2/netcoreapp" className="WileyWidget.Tests.EnterpriseTests" name="Enterprise_Name_Validation" />
    </UnitTest>
    <UnitTest name="WileyWidget.Tests.EnterpriseModelTests.Enterprise_MonthlyExpenses_Validation(expenses: 0, shouldBeValid: True)" storage="c:\users\biges\desktop\wiley_widget\wileywidget.tests\bin\debug\net9.0-windows\wileywidget.tests.dll" id="c92dc833-fd57-a263-2b90-5a13ee4f5081">
      <Execution id="5ad1b5e5-1994-471e-ab81-0f2e0ab01b53" />
      <TestMethod codeBase="C:\Users\biges\Desktop\Wiley_Widget\WileyWidget.Tests\bin\Debug\net9.0-windows\WileyWidget.Tests.dll" adapterTypeName="executor://xunit/VsTestRunner2/netcoreapp" className="WileyWidget.Tests.EnterpriseModelTests" name="Enterprise_MonthlyExpenses_Validation" />
    </UnitTest>
    <UnitTest name="WileyWidget.Tests.DatabaseIntegrationTests.Repository_HandlesConcurrentReads" storage="c:\users\biges\desktop\wiley_widget\wileywidget.tests\bin\debug\net9.0-windows\wileywidget.tests.dll" id="8b807870-505b-71ed-7f55-1b57860f38f6">
      <Execution id="6df38b72-2301-4bae-a390-9b3bee0b80d4" />
      <TestMethod codeBase="C:\Users\biges\Desktop\Wiley_Widget\WileyWidget.Tests\bin\Debug\net9.0-windows\WileyWidget.Tests.dll" adapterTypeName="executor://xunit/VsTestRunner2/netcoreapp" className="WileyWidget.Tests.DatabaseIntegrationTests" name="Repository_HandlesConcurrentReads" />
    </UnitTest>
    <UnitTest name="WileyWidget.Tests.BudgetInteractionTests.BudgetInteraction_InteractionType_Validation(type: &quot;Dependency&quot;, shouldBeValid: True)" storage="c:\users\biges\desktop\wiley_widget\wileywidget.tests\bin\debug\net9.0-windows\wileywidget.tests.dll" id="a4b79d30-1b57-4783-2bc5-b481543036fd">
      <Execution id="80ea40f6-b528-4311-8862-8efa778c42a0" />
      <TestMethod codeBase="C:\Users\biges\Desktop\Wiley_Widget\WileyWidget.Tests\bin\Debug\net9.0-windows\WileyWidget.Tests.dll" adapterTypeName="executor://xunit/VsTestRunner2/netcoreapp" className="WileyWidget.Tests.BudgetInteractionTests" name="BudgetInteraction_InteractionType_Validation" />
    </UnitTest>
    <UnitTest name="WileyWidget.Tests.EnterpriseModelTests.Enterprise_Name_Validation(name: null, shouldBeValid: False)" storage="c:\users\biges\desktop\wiley_widget\wileywidget.tests\bin\debug\net9.0-windows\wileywidget.tests.dll" id="4f4006d6-b3a2-e8ed-5bb3-4581fead82ab">
      <Execution id="7b2e97cc-2e5b-4f73-b73f-090b52dad7db" />
      <TestMethod codeBase="C:\Users\biges\Desktop\Wiley_Widget\WileyWidget.Tests\bin\Debug\net9.0-windows\WileyWidget.Tests.dll" adapterTypeName="executor://xunit/VsTestRunner2/netcoreapp" className="WileyWidget.Tests.EnterpriseModelTests" name="Enterprise_Name_Validation" />
    </UnitTest>
    <UnitTest name="WileyWidget.Tests.MainWindowUnitTests.NormalizeTheme_WithFluentDark_ReturnsFluentDark" storage="c:\users\biges\desktop\wiley_widget\wileywidget.tests\bin\debug\net9.0-windows\wileywidget.tests.dll" id="5d639713-4743-ccd9-2f90-7e9060b35c6a">
      <Execution id="5d0abb85-2e7b-43b7-bdcc-b2a827107509" />
      <TestMethod codeBase="C:\Users\biges\Desktop\Wiley_Widget\WileyWidget.Tests\bin\Debug\net9.0-windows\WileyWidget.Tests.dll" adapterTypeName="executor://xunit/VsTestRunner2/netcoreapp" className="WileyWidget.Tests.MainWindowUnitTests" name="NormalizeTheme_WithFluentDark_ReturnsFluentDark" />
    </UnitTest>
    <UnitTest name="WileyWidget.Tests.EnterpriseModelTests.Enterprise_BreakEvenRate_CalculatesCorrectly" storage="c:\users\biges\desktop\wiley_widget\wileywidget.tests\bin\debug\net9.0-windows\wileywidget.tests.dll" id="93b4d7b9-17c9-4651-e29a-009cb361e97b">
      <Execution id="f9347b93-538f-4fc0-87ec-e7acbd2501cf" />
      <TestMethod codeBase="C:\Users\biges\Desktop\Wiley_Widget\WileyWidget.Tests\bin\Debug\net9.0-windows\WileyWidget.Tests.dll" adapterTypeName="executor://xunit/VsTestRunner2/netcoreapp" className="WileyWidget.Tests.EnterpriseModelTests" name="Enterprise_BreakEvenRate_CalculatesCorrectly" />
    </UnitTest>
    <UnitTest name="WileyWidget.Tests.BudgetAnalyticsTests.BudgetInsights_GeneratesCorrectInsights_ForSurplus" storage="c:\users\biges\desktop\wiley_widget\wileywidget.tests\bin\debug\net9.0-windows\wileywidget.tests.dll" id="a9dc7ce3-2ee9-2217-fa87-9dcfd65a9dfd">
      <Execution id="cf92a2f3-0d65-4b53-9048-69eb1090076c" />
      <TestMethod codeBase="C:\Users\biges\Desktop\Wiley_Widget\WileyWidget.Tests\bin\Debug\net9.0-windows\WileyWidget.Tests.dll" adapterTypeName="executor://xunit/VsTestRunner2/netcoreapp" className="WileyWidget.Tests.BudgetAnalyticsTests" name="BudgetInsights_GeneratesCorrectInsights_ForSurplus" />
    </UnitTest>
    <UnitTest name="WileyWidget.Tests.WidgetTests.Widget_Name_Validation(name: &quot;Valid Name&quot;, shouldBeValid: True)" storage="c:\users\biges\desktop\wiley_widget\wileywidget.tests\bin\debug\net9.0-windows\wileywidget.tests.dll" id="668e1389-6a17-867c-cc8c-409430f2326f">
      <Execution id="759b6e88-ab80-4988-a650-5e9903f6038b" />
      <TestMethod codeBase="C:\Users\biges\Desktop\Wiley_Widget\WileyWidget.Tests\bin\Debug\net9.0-windows\WileyWidget.Tests.dll" adapterTypeName="executor://xunit/VsTestRunner2/netcoreapp" className="WileyWidget.Tests.WidgetTests" name="Widget_Name_Validation" />
    </UnitTest>
    <UnitTest name="WileyWidget.Tests.EnterpriseModelTests.Enterprise_CurrentRate_Validation(rate: 0, shouldBeValid: False)" storage="c:\users\biges\desktop\wiley_widget\wileywidget.tests\bin\debug\net9.0-windows\wileywidget.tests.dll" id="e7df05ca-3552-2715-64b0-211740e8ec70">
      <Execution id="8626c7e6-3151-47ac-a4a1-bb17fb0e8fee" />
      <TestMethod codeBase="C:\Users\biges\Desktop\Wiley_Widget\WileyWidget.Tests\bin\Debug\net9.0-windows\WileyWidget.Tests.dll" adapterTypeName="executor://xunit/VsTestRunner2/netcoreapp" className="WileyWidget.Tests.EnterpriseModelTests" name="Enterprise_CurrentRate_Validation" />
    </UnitTest>
    <UnitTest name="WileyWidget.Tests.WidgetTests.Widget_FormattedPrice_ReturnsCorrectFormat(price: 1234.56, expected: &quot;$1,234.56&quot;)" storage="c:\users\biges\desktop\wiley_widget\wileywidget.tests\bin\debug\net9.0-windows\wileywidget.tests.dll" id="2917a8ba-f7f9-5b6b-3575-162e1a2173ef">
      <Execution id="3d533659-b0c8-4864-b2e4-140a6c8173e4" />
      <TestMethod codeBase="C:\Users\biges\Desktop\Wiley_Widget\WileyWidget.Tests\bin\Debug\net9.0-windows\WileyWidget.Tests.dll" adapterTypeName="executor://xunit/VsTestRunner2/netcoreapp" className="WileyWidget.Tests.WidgetTests" name="Widget_FormattedPrice_ReturnsCorrectFormat" />
    </UnitTest>
    <UnitTest name="WileyWidget.Tests.EnterpriseModelTests.Enterprise_MonthlyExpenses_Validation(expenses: 1000, shouldBeValid: True)" storage="c:\users\biges\desktop\wiley_widget\wileywidget.tests\bin\debug\net9.0-windows\wileywidget.tests.dll" id="9929003c-3c0b-e178-ebdf-bba67d8898cc">
      <Execution id="eba202dd-a60d-4bcf-95e1-5420172a8ae9" />
      <TestMethod codeBase="C:\Users\biges\Desktop\Wiley_Widget\WileyWidget.Tests\bin\Debug\net9.0-windows\WileyWidget.Tests.dll" adapterTypeName="executor://xunit/VsTestRunner2/netcoreapp" className="WileyWidget.Tests.EnterpriseModelTests" name="Enterprise_MonthlyExpenses_Validation" />
    </UnitTest>
    <UnitTest name="WileyWidget.Tests.DatabaseIntegrationTests.GetByIdAsync_ReturnsNullForNonExistentId" storage="c:\users\biges\desktop\wiley_widget\wileywidget.tests\bin\debug\net9.0-windows\wileywidget.tests.dll" id="7d89b2b7-2e04-1507-fb4c-fafb91c62761">
      <Execution id="13b3d0e3-6207-478a-a598-f16a86e86404" />
      <TestMethod codeBase="C:\Users\biges\Desktop\Wiley_Widget\WileyWidget.Tests\bin\Debug\net9.0-windows\WileyWidget.Tests.dll" adapterTypeName="executor://xunit/VsTestRunner2/netcoreapp" className="WileyWidget.Tests.DatabaseIntegrationTests" name="GetByIdAsync_ReturnsNullForNonExistentId" />
    </UnitTest>
    <UnitTest name="WileyWidget.Tests.BudgetAnalyticsTests.BudgetInsights_IncludesCitizenAverageRevenue" storage="c:\users\biges\desktop\wiley_widget\wileywidget.tests\bin\debug\net9.0-windows\wileywidget.tests.dll" id="be33b031-b799-d68d-9ac7-4be6a20a63bc">
      <Execution id="8f0be8ad-a4c0-4e41-99c2-e5cf971976e5" />
      <TestMethod codeBase="C:\Users\biges\Desktop\Wiley_Widget\WileyWidget.Tests\bin\Debug\net9.0-windows\WileyWidget.Tests.dll" adapterTypeName="executor://xunit/VsTestRunner2/netcoreapp" className="WileyWidget.Tests.BudgetAnalyticsTests" name="BudgetInsights_IncludesCitizenAverageRevenue" />
    </UnitTest>
    <UnitTest name="WileyWidget.Tests.BudgetInteractionTests.BudgetInteraction_MonthlyAmount_Validation(amount: 0.01, shouldBeValid: True)" storage="c:\users\biges\desktop\wiley_widget\wileywidget.tests\bin\debug\net9.0-windows\wileywidget.tests.dll" id="14845400-28d3-9a25-f969-c0ad7612b7de">
      <Execution id="8531058c-d2e3-4b9e-959c-11da79c6b8e3" />
      <TestMethod codeBase="C:\Users\biges\Desktop\Wiley_Widget\WileyWidget.Tests\bin\Debug\net9.0-windows\WileyWidget.Tests.dll" adapterTypeName="executor://xunit/VsTestRunner2/netcoreapp" className="WileyWidget.Tests.BudgetInteractionTests" name="BudgetInteraction_MonthlyAmount_Validation" />
    </UnitTest>
    <UnitTest name="WileyWidget.Tests.WidgetTests.Widget_DisplayName_ReturnsCorrectFormat(name: &quot;Widget Name&quot;, sku: &quot;   &quot;, expected: &quot;Widget Name&quot;)" storage="c:\users\biges\desktop\wiley_widget\wileywidget.tests\bin\debug\net9.0-windows\wileywidget.tests.dll" id="25b8fb25-b35c-750d-fc82-a043fadd7008">
      <Execution id="f1ce180c-e342-4305-9075-cad134eb2a0c" />
      <TestMethod codeBase="C:\Users\biges\Desktop\Wiley_Widget\WileyWidget.Tests\bin\Debug\net9.0-windows\WileyWidget.Tests.dll" adapterTypeName="executor://xunit/VsTestRunner2/netcoreapp" className="WileyWidget.Tests.WidgetTests" name="Widget_DisplayName_ReturnsCorrectFormat" />
    </UnitTest>
    <UnitTest name="WileyWidget.Tests.WidgetTests.Widget_IsActive_CanBeSet(isActive: False)" storage="c:\users\biges\desktop\wiley_widget\wileywidget.tests\bin\debug\net9.0-windows\wileywidget.tests.dll" id="c596acca-eaa8-2cfc-b6e4-d65d1f704c2d">
      <Execution id="3b1f8fcf-6235-4e20-962c-d6b6d1258118" />
      <TestMethod codeBase="C:\Users\biges\Desktop\Wiley_Widget\WileyWidget.Tests\bin\Debug\net9.0-windows\WileyWidget.Tests.dll" adapterTypeName="executor://xunit/VsTestRunner2/netcoreapp" className="WileyWidget.Tests.WidgetTests" name="Widget_IsActive_CanBeSet" />
    </UnitTest>
    <UnitTest name="WileyWidget.Tests.BudgetInteractionTests.BudgetInteraction_Notes_Validation(notes: null, shouldBeValid: True)" storage="c:\users\biges\desktop\wiley_widget\wileywidget.tests\bin\debug\net9.0-windows\wileywidget.tests.dll" id="2b6d2d98-9ff2-0efc-9085-3c305df50a78">
      <Execution id="94337a13-5c82-4d18-81a8-ad4dc5844554" />
      <TestMethod codeBase="C:\Users\biges\Desktop\Wiley_Widget\WileyWidget.Tests\bin\Debug\net9.0-windows\WileyWidget.Tests.dll" adapterTypeName="executor://xunit/VsTestRunner2/netcoreapp" className="WileyWidget.Tests.BudgetInteractionTests" name="BudgetInteraction_Notes_Validation" />
    </UnitTest>
    <UnitTest name="WileyWidget.Tests.EnterpriseModelTests.Enterprise_Name_Validation(name: &quot;A&quot;, shouldBeValid: True)" storage="c:\users\biges\desktop\wiley_widget\wileywidget.tests\bin\debug\net9.0-windows\wileywidget.tests.dll" id="93bcc1b2-e756-be48-7f05-0eed9d834711">
      <Execution id="d4b45384-e836-49eb-8226-dcf08d55cf2a" />
      <TestMethod codeBase="C:\Users\biges\Desktop\Wiley_Widget\WileyWidget.Tests\bin\Debug\net9.0-windows\WileyWidget.Tests.dll" adapterTypeName="executor://xunit/VsTestRunner2/netcoreapp" className="WileyWidget.Tests.EnterpriseModelTests" name="Enterprise_Name_Validation" />
    </UnitTest>
    <UnitTest name="WileyWidget.Tests.MainViewModelTests.AddEnterpriseCommand_AddsNewEnterprise" storage="c:\users\biges\desktop\wiley_widget\wileywidget.tests\bin\debug\net9.0-windows\wileywidget.tests.dll" id="9f5c146e-0566-da9b-266b-e05a1f45f5d6">
      <Execution id="f9922cc8-86f5-4d5e-9350-8be93a9a1956" />
      <TestMethod codeBase="C:\Users\biges\Desktop\Wiley_Widget\WileyWidget.Tests\bin\Debug\net9.0-windows\WileyWidget.Tests.dll" adapterTypeName="executor://xunit/VsTestRunner2/netcoreapp" className="WileyWidget.Tests.MainViewModelTests" name="AddEnterpriseCommand_AddsNewEnterprise" />
    </UnitTest>
    <UnitTest name="WileyWidget.Tests.WidgetTests.Widget_MarkAsModified_UpdatesModifiedDate" storage="c:\users\biges\desktop\wiley_widget\wileywidget.tests\bin\debug\net9.0-windows\wileywidget.tests.dll" id="d332a652-b311-2f6e-2247-c3ce44c290ae">
      <Execution id="f293b543-e47f-4c4d-9656-13ecf7aa3340" />
      <TestMethod codeBase="C:\Users\biges\Desktop\Wiley_Widget\WileyWidget.Tests\bin\Debug\net9.0-windows\WileyWidget.Tests.dll" adapterTypeName="executor://xunit/VsTestRunner2/netcoreapp" className="WileyWidget.Tests.WidgetTests" name="Widget_MarkAsModified_UpdatesModifiedDate" />
    </UnitTest>
    <UnitTest name="WileyWidget.Tests.EnterpriseTests.Enterprise_Name_Validation(name: null, shouldBeValid: False)" storage="c:\users\biges\desktop\wiley_widget\wileywidget.tests\bin\debug\net9.0-windows\wileywidget.tests.dll" id="e82f29b2-da2d-1de7-97e4-1ecb0f1224d5">
      <Execution id="5afd6d4f-3415-4e71-aeff-b002b4eb057a" />
      <TestMethod codeBase="C:\Users\biges\Desktop\Wiley_Widget\WileyWidget.Tests\bin\Debug\net9.0-windows\WileyWidget.Tests.dll" adapterTypeName="executor://xunit/VsTestRunner2/netcoreapp" className="WileyWidget.Tests.EnterpriseTests" name="Enterprise_Name_Validation" />
    </UnitTest>
    <UnitTest name="WileyWidget.Tests.DatabaseIntegrationTests.GetAllAsync_ReturnsAllEnterprises" storage="c:\users\biges\desktop\wiley_widget\wileywidget.tests\bin\debug\net9.0-windows\wileywidget.tests.dll" id="59a77b29-012a-7f31-5abd-f2349c80ceff">
      <Execution id="a3ec308c-e5f9-49d7-8b67-08ca1c094765" />
      <TestMethod codeBase="C:\Users\biges\Desktop\Wiley_Widget\WileyWidget.Tests\bin\Debug\net9.0-windows\WileyWidget.Tests.dll" adapterTypeName="executor://xunit/VsTestRunner2/netcoreapp" className="WileyWidget.Tests.DatabaseIntegrationTests" name="GetAllAsync_ReturnsAllEnterprises" />
    </UnitTest>
    <UnitTest name="WileyWidget.Tests.EnterpriseTests.Enterprise_CurrentRate_Validation(rate: 0, shouldBeValid: False)" storage="c:\users\biges\desktop\wiley_widget\wileywidget.tests\bin\debug\net9.0-windows\wileywidget.tests.dll" id="418cae58-aba0-b522-845a-715b8b8313eb">
      <Execution id="5994f81c-c8a4-4b36-9f48-22452c7d3a33" />
      <TestMethod codeBase="C:\Users\biges\Desktop\Wiley_Widget\WileyWidget.Tests\bin\Debug\net9.0-windows\WileyWidget.Tests.dll" adapterTypeName="executor://xunit/VsTestRunner2/netcoreapp" className="WileyWidget.Tests.EnterpriseTests" name="Enterprise_CurrentRate_Validation" />
    </UnitTest>
    <UnitTest name="WileyWidget.Tests.MainWindowUnitTests.ApplyWpfTheme_MethodExists" storage="c:\users\biges\desktop\wiley_widget\wileywidget.tests\bin\debug\net9.0-windows\wileywidget.tests.dll" id="6fb64c30-f462-9da3-d1f6-08832453c990">
      <Execution id="b74df4fb-ec47-4856-847d-06b6d159e47a" />
      <TestMethod codeBase="C:\Users\biges\Desktop\Wiley_Widget\WileyWidget.Tests\bin\Debug\net9.0-windows\WileyWidget.Tests.dll" adapterTypeName="executor://xunit/VsTestRunner2/netcoreapp" className="WileyWidget.Tests.MainWindowUnitTests" name="ApplyWpfTheme_MethodExists" />
    </UnitTest>
    <UnitTest name="WileyWidget.Tests.AppUnitTests.TryRegisterEmbeddedLicense_DefaultImplementation_ReturnsFalse" storage="c:\users\biges\desktop\wiley_widget\wileywidget.tests\bin\debug\net9.0-windows\wileywidget.tests.dll" id="87640105-c887-14a1-6f10-e810209647b1">
      <Execution id="f9aca085-34aa-4f69-b463-8913060201d1" />
      <TestMethod codeBase="C:\Users\biges\Desktop\Wiley_Widget\WileyWidget.Tests\bin\Debug\net9.0-windows\WileyWidget.Tests.dll" adapterTypeName="executor://xunit/VsTestRunner2/netcoreapp" className="WileyWidget.Tests.AppUnitTests" name="TryRegisterEmbeddedLicense_DefaultImplementation_ReturnsFalse" />
    </UnitTest>
    <UnitTest name="WileyWidget.Tests.MainViewModelTests.Widgets_Collection_IsObservable" storage="c:\users\biges\desktop\wiley_widget\wileywidget.tests\bin\debug\net9.0-windows\wileywidget.tests.dll" id="ed2fc56e-1956-21e4-fa3d-840c8fe46677">
      <Execution id="4dd98677-5cba-4fa7-b77d-111262906f7c" />
      <TestMethod codeBase="C:\Users\biges\Desktop\Wiley_Widget\WileyWidget.Tests\bin\Debug\net9.0-windows\WileyWidget.Tests.dll" adapterTypeName="executor://xunit/VsTestRunner2/netcoreapp" className="WileyWidget.Tests.MainViewModelTests" name="Widgets_Collection_IsObservable" />
    </UnitTest>
    <UnitTest name="WileyWidget.Tests.EnterpriseTests.Enterprise_Creation_WithValidData_Succeeds" storage="c:\users\biges\desktop\wiley_widget\wileywidget.tests\bin\debug\net9.0-windows\wileywidget.tests.dll" id="e347da39-e3d7-9818-2827-c6fcf2b4c69d">
      <Execution id="13cf6257-68d9-493e-bee7-7fffcb314b2b" />
      <TestMethod codeBase="C:\Users\biges\Desktop\Wiley_Widget\WileyWidget.Tests\bin\Debug\net9.0-windows\WileyWidget.Tests.dll" adapterTypeName="executor://xunit/VsTestRunner2/netcoreapp" className="WileyWidget.Tests.EnterpriseTests" name="Enterprise_Creation_WithValidData_Succeeds" />
    </UnitTest>
    <UnitTest name="WileyWidget.Tests.DatabaseIntegrationTests.Repository_HandlesCalculatedPropertiesCorrectly" storage="c:\users\biges\desktop\wiley_widget\wileywidget.tests\bin\debug\net9.0-windows\wileywidget.tests.dll" id="6f8045c6-6937-39f1-af17-4e72f663e3b7">
      <Execution id="741e4ed5-0abb-4f84-b910-8540c3d8f354" />
      <TestMethod codeBase="C:\Users\biges\Desktop\Wiley_Widget\WileyWidget.Tests\bin\Debug\net9.0-windows\WileyWidget.Tests.dll" adapterTypeName="executor://xunit/VsTestRunner2/netcoreapp" className="WileyWidget.Tests.DatabaseIntegrationTests" name="Repository_HandlesCalculatedPropertiesCorrectly" />
    </UnitTest>
    <UnitTest name="WileyWidget.Tests.EnterpriseTests.Enterprise_DefaultValues_AreSetCorrectly" storage="c:\users\biges\desktop\wiley_widget\wileywidget.tests\bin\debug\net9.0-windows\wileywidget.tests.dll" id="cc0265d4-60a7-3f55-fdff-2713f678dbad">
      <Execution id="4f95d10c-15bd-4a63-a9ed-16c02d10e27e" />
      <TestMethod codeBase="C:\Users\biges\Desktop\Wiley_Widget\WileyWidget.Tests\bin\Debug\net9.0-windows\WileyWidget.Tests.dll" adapterTypeName="executor://xunit/VsTestRunner2/netcoreapp" className="WileyWidget.Tests.EnterpriseTests" name="Enterprise_DefaultValues_AreSetCorrectly" />
    </UnitTest>
    <UnitTest name="WileyWidget.Tests.EnterpriseTests.Enterprise_CalculatedProperties_WorkCorrectly(currentRate: 2, citizenCount: 500, expenses: 1000, expectedBalance: 0)" storage="c:\users\biges\desktop\wiley_widget\wileywidget.tests\bin\debug\net9.0-windows\wileywidget.tests.dll" id="90cb2182-2da9-b142-9e98-2812635b6bad">
      <Execution id="c8c866ff-62f0-47bc-a227-c0f5860e90a1" />
      <TestMethod codeBase="C:\Users\biges\Desktop\Wiley_Widget\WileyWidget.Tests\bin\Debug\net9.0-windows\WileyWidget.Tests.dll" adapterTypeName="executor://xunit/VsTestRunner2/netcoreapp" className="WileyWidget.Tests.EnterpriseTests" name="Enterprise_CalculatedProperties_WorkCorrectly" />
    </UnitTest>
    <UnitTest name="WileyWidget.Tests.AppUnitTests.ConfigureGlobalExceptionHandling_SetsUpHandlers" storage="c:\users\biges\desktop\wiley_widget\wileywidget.tests\bin\debug\net9.0-windows\wileywidget.tests.dll" id="888d2b50-7b6d-6c90-d0fe-ec32083e79d4">
      <Execution id="d0fc6c3a-ddfc-49f4-91f5-9da873df6dff" />
      <TestMethod codeBase="C:\Users\biges\Desktop\Wiley_Widget\WileyWidget.Tests\bin\Debug\net9.0-windows\WileyWidget.Tests.dll" adapterTypeName="executor://xunit/VsTestRunner2/netcoreapp" className="WileyWidget.Tests.AppUnitTests" name="ConfigureGlobalExceptionHandling_SetsUpHandlers" />
    </UnitTest>
    <UnitTest name="WileyWidget.Tests.WidgetTests.Widget_DisplayName_ReturnsCorrectFormat(name: &quot;Widget Name&quot;, sku: null, expected: &quot;Widget Name&quot;)" storage="c:\users\biges\desktop\wiley_widget\wileywidget.tests\bin\debug\net9.0-windows\wileywidget.tests.dll" id="510fe505-3d5e-fa04-5438-1019c48dc099">
      <Execution id="174d6c2f-f4e8-4bf7-b089-5aca847f14c0" />
      <TestMethod codeBase="C:\Users\biges\Desktop\Wiley_Widget\WileyWidget.Tests\bin\Debug\net9.0-windows\WileyWidget.Tests.dll" adapterTypeName="executor://xunit/VsTestRunner2/netcoreapp" className="WileyWidget.Tests.WidgetTests" name="Widget_DisplayName_ReturnsCorrectFormat" />
    </UnitTest>
    <UnitTest name="WileyWidget.Tests.AppUnitTests.RegisterSyncfusionLicense_WithNullConfig_HandlesGracefully" storage="c:\users\biges\desktop\wiley_widget\wileywidget.tests\bin\debug\net9.0-windows\wileywidget.tests.dll" id="97486250-1fe8-66a0-17d4-9ab973b2b619">
      <Execution id="bd9cd946-8354-402d-a84a-3948ba6cb845" />
      <TestMethod codeBase="C:\Users\biges\Desktop\Wiley_Widget\WileyWidget.Tests\bin\Debug\net9.0-windows\WileyWidget.Tests.dll" adapterTypeName="executor://xunit/VsTestRunner2/netcoreapp" className="WileyWidget.Tests.AppUnitTests" name="RegisterSyncfusionLicense_WithNullConfig_HandlesGracefully" />
    </UnitTest>
    <UnitTest name="WileyWidget.Tests.SettingsServiceTests.SettingsService_Current_IsNotNull" storage="c:\users\biges\desktop\wiley_widget\wileywidget.tests\bin\debug\net9.0-windows\wileywidget.tests.dll" id="a870daa8-df1f-ef82-e638-57d5f0b05d91">
      <Execution id="6e686ef0-3583-408d-96b4-0a9b5d8bccdf" />
      <TestMethod codeBase="C:\Users\biges\Desktop\Wiley_Widget\WileyWidget.Tests\bin\Debug\net9.0-windows\WileyWidget.Tests.dll" adapterTypeName="executor://xunit/VsTestRunner2/netcoreapp" className="WileyWidget.Tests.SettingsServiceTests" name="SettingsService_Current_IsNotNull" />
    </UnitTest>
    <UnitTest name="WileyWidget.Tests.AppUnitTests.RegisterSyncfusionLicense_WithPlaceholderConfigKey_FallsBackToEnvironment" storage="c:\users\biges\desktop\wiley_widget\wileywidget.tests\bin\debug\net9.0-windows\wileywidget.tests.dll" id="2eed4695-e3e7-5a59-502b-92e7e53fb8f1">
      <Execution id="c13f5f02-2d29-4ee4-9ad6-977c503d8569" />
      <TestMethod codeBase="C:\Users\biges\Desktop\Wiley_Widget\WileyWidget.Tests\bin\Debug\net9.0-windows\WileyWidget.Tests.dll" adapterTypeName="executor://xunit/VsTestRunner2/netcoreapp" className="WileyWidget.Tests.AppUnitTests" name="RegisterSyncfusionLicense_WithPlaceholderConfigKey_FallsBackToEnvironment" />
    </UnitTest>
    <UnitTest name="WileyWidget.Tests.WidgetTests.Widget_Price_Validation(price: 0, shouldBeValid: False)" storage="c:\users\biges\desktop\wiley_widget\wileywidget.tests\bin\debug\net9.0-windows\wileywidget.tests.dll" id="69a6cf07-6d56-fd82-65cd-93be98d990d5">
      <Execution id="19ed67dc-c5cd-43be-938a-5ed279686dca" />
      <TestMethod codeBase="C:\Users\biges\Desktop\Wiley_Widget\WileyWidget.Tests\bin\Debug\net9.0-windows\WileyWidget.Tests.dll" adapterTypeName="executor://xunit/VsTestRunner2/netcoreapp" className="WileyWidget.Tests.WidgetTests" name="Widget_Price_Validation" />
    </UnitTest>
    <UnitTest name="WileyWidget.Tests.WidgetTests.Widget_Quantity_Validation(quantity: 0, shouldBeValid: True)" storage="c:\users\biges\desktop\wiley_widget\wileywidget.tests\bin\debug\net9.0-windows\wileywidget.tests.dll" id="c0f826c4-a2e8-a2fe-55fc-c1924806102d">
      <Execution id="632d7666-2128-4ada-93ea-ea0b78b89f98" />
      <TestMethod codeBase="C:\Users\biges\Desktop\Wiley_Widget\WileyWidget.Tests\bin\Debug\net9.0-windows\WileyWidget.Tests.dll" adapterTypeName="executor://xunit/VsTestRunner2/netcoreapp" className="WileyWidget.Tests.WidgetTests" name="Widget_Quantity_Validation" />
    </UnitTest>
    <UnitTest name="WileyWidget.Tests.EnterpriseModelTests.Enterprise_Name_Validation(name: &quot;&quot;, shouldBeValid: False)" storage="c:\users\biges\desktop\wiley_widget\wileywidget.tests\bin\debug\net9.0-windows\wileywidget.tests.dll" id="10b1ef9a-89d0-7820-4fdf-06d433c43486">
      <Execution id="4a3181fa-f2ef-4444-bdc7-895678fa7cd6" />
      <TestMethod codeBase="C:\Users\biges\Desktop\Wiley_Widget\WileyWidget.Tests\bin\Debug\net9.0-windows\WileyWidget.Tests.dll" adapterTypeName="executor://xunit/VsTestRunner2/netcoreapp" className="WileyWidget.Tests.EnterpriseModelTests" name="Enterprise_Name_Validation" />
    </UnitTest>
    <UnitTest name="WileyWidget.Tests.EnterpriseModelTests.Enterprise_BudgetStatus_ReturnsCorrectStatus(revenue: 2000, expenses: 2500, expectedStatus: &quot;Deficit&quot;)" storage="c:\users\biges\desktop\wiley_widget\wileywidget.tests\bin\debug\net9.0-windows\wileywidget.tests.dll" id="8d616601-23ef-0d6f-a99d-c5f9d126d4fa">
      <Execution id="90c985d5-d739-430b-988d-e9f16ed86cf4" />
      <TestMethod codeBase="C:\Users\biges\Desktop\Wiley_Widget\WileyWidget.Tests\bin\Debug\net9.0-windows\WileyWidget.Tests.dll" adapterTypeName="executor://xunit/VsTestRunner2/netcoreapp" className="WileyWidget.Tests.EnterpriseModelTests" name="Enterprise_BudgetStatus_ReturnsCorrectStatus" />
    </UnitTest>
    <UnitTest name="WileyWidget.Tests.EnterpriseTests.Enterprise_CalculatedProperties_WorkCorrectly(currentRate: 0.5, citizenCount: 1000, expenses: 1000, expectedBalance: -500)" storage="c:\users\biges\desktop\wiley_widget\wileywidget.tests\bin\debug\net9.0-windows\wileywidget.tests.dll" id="4f96b557-5805-2ffc-7a99-6d790882f18b">
      <Execution id="a6b87724-9aba-4dce-a09d-1b25d5fef060" />
      <TestMethod codeBase="C:\Users\biges\Desktop\Wiley_Widget\WileyWidget.Tests\bin\Debug\net9.0-windows\WileyWidget.Tests.dll" adapterTypeName="executor://xunit/VsTestRunner2/netcoreapp" className="WileyWidget.Tests.EnterpriseTests" name="Enterprise_CalculatedProperties_WorkCorrectly" />
    </UnitTest>
    <UnitTest name="WileyWidget.Tests.BudgetAnalyticsTests.BudgetMetrics_CalculatesMonthlyBalanceCorrectly" storage="c:\users\biges\desktop\wiley_widget\wileywidget.tests\bin\debug\net9.0-windows\wileywidget.tests.dll" id="3c697a19-d738-59c1-c19c-a483654a946e">
      <Execution id="f7dfdcce-b418-41b9-83f0-ac5f3bdf1d0c" />
      <TestMethod codeBase="C:\Users\biges\Desktop\Wiley_Widget\WileyWidget.Tests\bin\Debug\net9.0-windows\WileyWidget.Tests.dll" adapterTypeName="executor://xunit/VsTestRunner2/netcoreapp" className="WileyWidget.Tests.BudgetAnalyticsTests" name="BudgetMetrics_CalculatesMonthlyBalanceCorrectly" />
    </UnitTest>
    <UnitTest name="WileyWidget.Tests.DatabaseIntegrationTests.Repository_CalculatesBalanceCorrectly" storage="c:\users\biges\desktop\wiley_widget\wileywidget.tests\bin\debug\net9.0-windows\wileywidget.tests.dll" id="31f7b449-2a75-9290-2b1b-c1e2846a3973">
      <Execution id="af05735b-6b84-4f33-aa07-4b0bb0aff612" />
      <TestMethod codeBase="C:\Users\biges\Desktop\Wiley_Widget\WileyWidget.Tests\bin\Debug\net9.0-windows\WileyWidget.Tests.dll" adapterTypeName="executor://xunit/VsTestRunner2/netcoreapp" className="WileyWidget.Tests.DatabaseIntegrationTests" name="Repository_CalculatesBalanceCorrectly" />
    </UnitTest>
    <UnitTest name="WileyWidget.Tests.EnterpriseModelTests.Enterprise_CitizenCount_Validation(citizenCount: 1, shouldBeValid: True)" storage="c:\users\biges\desktop\wiley_widget\wileywidget.tests\bin\debug\net9.0-windows\wileywidget.tests.dll" id="3df038af-1fe3-8eba-40c5-e3791363704f">
      <Execution id="9b2572ae-9a55-4dcd-9b6c-7ccd464deb0a" />
      <TestMethod codeBase="C:\Users\biges\Desktop\Wiley_Widget\WileyWidget.Tests\bin\Debug\net9.0-windows\WileyWidget.Tests.dll" adapterTypeName="executor://xunit/VsTestRunner2/netcoreapp" className="WileyWidget.Tests.EnterpriseModelTests" name="Enterprise_CitizenCount_Validation" />
    </UnitTest>
    <UnitTest name="WileyWidget.Tests.WidgetTests.Widget_DefaultValues_AreCorrect" storage="c:\users\biges\desktop\wiley_widget\wileywidget.tests\bin\debug\net9.0-windows\wileywidget.tests.dll" id="174a61b8-26c2-f00a-4147-e3f64821944b">
      <Execution id="7a4850ac-b623-43e6-860f-4db41bca17a4" />
      <TestMethod codeBase="C:\Users\biges\Desktop\Wiley_Widget\WileyWidget.Tests\bin\Debug\net9.0-windows\WileyWidget.Tests.dll" adapterTypeName="executor://xunit/VsTestRunner2/netcoreapp" className="WileyWidget.Tests.WidgetTests" name="Widget_DefaultValues_AreCorrect" />
    </UnitTest>
    <UnitTest name="WileyWidget.Tests.MainViewModelTests.SelectedWidget_PropertyChange_Notification" storage="c:\users\biges\desktop\wiley_widget\wileywidget.tests\bin\debug\net9.0-windows\wileywidget.tests.dll" id="7246089f-63b6-7ef4-dd1c-f0a97a0cbf37">
      <Execution id="f9457dcc-1ff8-4262-9be3-4882147c59f3" />
      <TestMethod codeBase="C:\Users\biges\Desktop\Wiley_Widget\WileyWidget.Tests\bin\Debug\net9.0-windows\WileyWidget.Tests.dll" adapterTypeName="executor://xunit/VsTestRunner2/netcoreapp" className="WileyWidget.Tests.MainViewModelTests" name="SelectedWidget_PropertyChange_Notification" />
    </UnitTest>
    <UnitTest name="WileyWidget.Tests.WidgetTests.Widget_Name_Validation(name: &quot;A&quot;, shouldBeValid: True)" storage="c:\users\biges\desktop\wiley_widget\wileywidget.tests\bin\debug\net9.0-windows\wileywidget.tests.dll" id="5903b2e2-620c-d805-6dec-cff9749cf54d">
      <Execution id="c2b93feb-db78-42dc-a0f2-a7145e9ea4d2" />
      <TestMethod codeBase="C:\Users\biges\Desktop\Wiley_Widget\WileyWidget.Tests\bin\Debug\net9.0-windows\WileyWidget.Tests.dll" adapterTypeName="executor://xunit/VsTestRunner2/netcoreapp" className="WileyWidget.Tests.WidgetTests" name="Widget_Name_Validation" />
    </UnitTest>
    <UnitTest name="WileyWidget.Tests.EnterpriseDatabaseTests.InsertEnterprise_DataIsInsertedCorrectly_UsingDirectConnection" storage="c:\users\biges\desktop\wiley_widget\wileywidget.tests\bin\debug\net9.0-windows\wileywidget.tests.dll" id="f1c4230d-c873-a695-bf0b-dd9c7f8ad220">
      <Execution id="89df9394-9e44-4329-94e3-5185ec771197" />
      <TestMethod codeBase="C:\Users\biges\Desktop\Wiley_Widget\WileyWidget.Tests\bin\Debug\net9.0-windows\WileyWidget.Tests.dll" adapterTypeName="executor://xunit/VsTestRunner2/netcoreapp" className="WileyWidget.Tests.EnterpriseDatabaseTests" name="InsertEnterprise_DataIsInsertedCorrectly_UsingDirectConnection" />
    </UnitTest>
    <UnitTest name="WileyWidget.Tests.MainViewModelTests.Enterprises_Collection_IsObservable" storage="c:\users\biges\desktop\wiley_widget\wileywidget.tests\bin\debug\net9.0-windows\wileywidget.tests.dll" id="d621bb97-a6a4-4797-ce4f-9813ccfba719">
      <Execution id="f78d9937-84c5-4924-bd37-c0b9201de746" />
      <TestMethod codeBase="C:\Users\biges\Desktop\Wiley_Widget\WileyWidget.Tests\bin\Debug\net9.0-windows\WileyWidget.Tests.dll" adapterTypeName="executor://xunit/VsTestRunner2/netcoreapp" className="WileyWidget.Tests.MainViewModelTests" name="Enterprises_Collection_IsObservable" />
    </UnitTest>
    <UnitTest name="WileyWidget.Tests.BudgetAnalyticsTests.BudgetMetrics_ReturnsCorrectStatus_BreakEven" storage="c:\users\biges\desktop\wiley_widget\wileywidget.tests\bin\debug\net9.0-windows\wileywidget.tests.dll" id="19841e8f-f411-41cb-ae2b-9bc38aa5560d">
      <Execution id="ae39940c-c161-4467-b0c7-072d77f16995" />
      <TestMethod codeBase="C:\Users\biges\Desktop\Wiley_Widget\WileyWidget.Tests\bin\Debug\net9.0-windows\WileyWidget.Tests.dll" adapterTypeName="executor://xunit/VsTestRunner2/netcoreapp" className="WileyWidget.Tests.BudgetAnalyticsTests" name="BudgetMetrics_ReturnsCorrectStatus_BreakEven" />
    </UnitTest>
    <UnitTest name="WileyWidget.Tests.AppUnitTests.ConfigureLogging_SetsUpLoggerCorrectly" storage="c:\users\biges\desktop\wiley_widget\wileywidget.tests\bin\debug\net9.0-windows\wileywidget.tests.dll" id="ef0f0bc6-05a9-f4ec-9eaa-324bcd7d0328">
      <Execution id="2a03cbd7-5ddd-4bbd-bfdc-959598e48816" />
      <TestMethod codeBase="C:\Users\biges\Desktop\Wiley_Widget\WileyWidget.Tests\bin\Debug\net9.0-windows\WileyWidget.Tests.dll" adapterTypeName="executor://xunit/VsTestRunner2/netcoreapp" className="WileyWidget.Tests.AppUnitTests" name="ConfigureLogging_SetsUpLoggerCorrectly" />
    </UnitTest>
    <UnitTest name="WileyWidget.Tests.EnterpriseModelTests.Enterprise_MonthlyRevenue_CalculatesCorrectly" storage="c:\users\biges\desktop\wiley_widget\wileywidget.tests\bin\debug\net9.0-windows\wileywidget.tests.dll" id="3f32ff24-dbe4-5b18-602e-bcc79c03a51a">
      <Execution id="6aa857a2-6675-4688-90ac-7e423a35e2de" />
      <TestMethod codeBase="C:\Users\biges\Desktop\Wiley_Widget\WileyWidget.Tests\bin\Debug\net9.0-windows\WileyWidget.Tests.dll" adapterTypeName="executor://xunit/VsTestRunner2/netcoreapp" className="WileyWidget.Tests.EnterpriseModelTests" name="Enterprise_MonthlyRevenue_CalculatesCorrectly" />
    </UnitTest>
    <UnitTest name="WileyWidget.Tests.DatabaseIntegrationTests.Repository_ValidatesRequiredFields" storage="c:\users\biges\desktop\wiley_widget\wileywidget.tests\bin\debug\net9.0-windows\wileywidget.tests.dll" id="97655ffa-dca1-a12a-5ad2-019d9211febe">
      <Execution id="c957a3bd-7978-4d90-b5f1-b8df2a16827f" />
      <TestMethod codeBase="C:\Users\biges\Desktop\Wiley_Widget\WileyWidget.Tests\bin\Debug\net9.0-windows\WileyWidget.Tests.dll" adapterTypeName="executor://xunit/VsTestRunner2/netcoreapp" className="WileyWidget.Tests.DatabaseIntegrationTests" name="Repository_ValidatesRequiredFields" />
    </UnitTest>
    <UnitTest name="WileyWidget.Tests.SettingsServiceTests.SettingsService_Migration_QuickBooksToQbo_Works" storage="c:\users\biges\desktop\wiley_widget\wileywidget.tests\bin\debug\net9.0-windows\wileywidget.tests.dll" id="abe5bbbb-5c34-074f-41c7-88d40b3e23b8">
      <Execution id="5d8e616d-5bb4-4f93-8dde-2152958da20a" />
      <TestMethod codeBase="C:\Users\biges\Desktop\Wiley_Widget\WileyWidget.Tests\bin\Debug\net9.0-windows\WileyWidget.Tests.dll" adapterTypeName="executor://xunit/VsTestRunner2/netcoreapp" className="WileyWidget.Tests.SettingsServiceTests" name="SettingsService_Migration_QuickBooksToQbo_Works" />
    </UnitTest>
    <UnitTest name="WileyWidget.Tests.BudgetAnalyticsTests.BudgetMetrics_StatusBackground_ReturnsCorrectColor" storage="c:\users\biges\desktop\wiley_widget\wileywidget.tests\bin\debug\net9.0-windows\wileywidget.tests.dll" id="59042f06-6aea-38ed-f31b-f481b684060f">
      <Execution id="f072e41c-c652-4e4e-818f-95741e703f5e" />
      <TestMethod codeBase="C:\Users\biges\Desktop\Wiley_Widget\WileyWidget.Tests\bin\Debug\net9.0-windows\WileyWidget.Tests.dll" adapterTypeName="executor://xunit/VsTestRunner2/netcoreapp" className="WileyWidget.Tests.BudgetAnalyticsTests" name="BudgetMetrics_StatusBackground_ReturnsCorrectColor" />
    </UnitTest>
    <UnitTest name="WileyWidget.Tests.BudgetInteractionTests.BudgetInteraction_Description_Validation(description: &quot;&quot;, shouldBeValid: False)" storage="c:\users\biges\desktop\wiley_widget\wileywidget.tests\bin\debug\net9.0-windows\wileywidget.tests.dll" id="d952c50c-d956-1f7c-9b09-2b7891193ead">
      <Execution id="1da69366-376f-4698-afea-5707bcf20445" />
      <TestMethod codeBase="C:\Users\biges\Desktop\Wiley_Widget\WileyWidget.Tests\bin\Debug\net9.0-windows\WileyWidget.Tests.dll" adapterTypeName="executor://xunit/VsTestRunner2/netcoreapp" className="WileyWidget.Tests.BudgetInteractionTests" name="BudgetInteraction_Description_Validation" />
    </UnitTest>
    <UnitTest name="WileyWidget.Tests.DatabaseIntegrationTests.Repository_EnforcesRateConstraints" storage="c:\users\biges\desktop\wiley_widget\wileywidget.tests\bin\debug\net9.0-windows\wileywidget.tests.dll" id="168ae476-6639-8347-6432-3fafc0d8f784">
      <Execution id="d262991e-8a48-4f0e-af96-c6bf93ddb1ec" />
      <TestMethod codeBase="C:\Users\biges\Desktop\Wiley_Widget\WileyWidget.Tests\bin\Debug\net9.0-windows\WileyWidget.Tests.dll" adapterTypeName="executor://xunit/VsTestRunner2/netcoreapp" className="WileyWidget.Tests.DatabaseIntegrationTests" name="Repository_EnforcesRateConstraints" />
    </UnitTest>
    <UnitTest name="WileyWidget.Tests.MainViewModelTests.SelectNextCommand_SelectsNextWidget" storage="c:\users\biges\desktop\wiley_widget\wileywidget.tests\bin\debug\net9.0-windows\wileywidget.tests.dll" id="d72bcf70-eede-0359-7f9b-84883d87f42f">
      <Execution id="75dbbae5-8491-4fc9-ae86-4f0fea90be39" />
      <TestMethod codeBase="C:\Users\biges\Desktop\Wiley_Widget\WileyWidget.Tests\bin\Debug\net9.0-windows\WileyWidget.Tests.dll" adapterTypeName="executor://xunit/VsTestRunner2/netcoreapp" className="WileyWidget.Tests.MainViewModelTests" name="SelectNextCommand_SelectsNextWidget" />
    </UnitTest>
    <UnitTest name="WileyWidget.Tests.BudgetInteractionTests.BudgetInteraction_MonthlyAmount_Validation(amount: 1000.99, shouldBeValid: True)" storage="c:\users\biges\desktop\wiley_widget\wileywidget.tests\bin\debug\net9.0-windows\wileywidget.tests.dll" id="40d7657d-f657-0f30-1e57-f9b4790fea1e">
      <Execution id="e2f6a8ba-ca3b-473f-b61e-f0f431f57e5a" />
      <TestMethod codeBase="C:\Users\biges\Desktop\Wiley_Widget\WileyWidget.Tests\bin\Debug\net9.0-windows\WileyWidget.Tests.dll" adapterTypeName="executor://xunit/VsTestRunner2/netcoreapp" className="WileyWidget.Tests.BudgetInteractionTests" name="BudgetInteraction_MonthlyAmount_Validation" />
    </UnitTest>
    <UnitTest name="WileyWidget.Tests.WidgetTests.Widget_Category_AcceptsVariousValues(category: &quot;Books&quot;)" storage="c:\users\biges\desktop\wiley_widget\wileywidget.tests\bin\debug\net9.0-windows\wileywidget.tests.dll" id="974b0525-eec9-9c0d-84c0-1e28bcdfdce9">
      <Execution id="5cb0aff4-5764-47e5-8c07-38b5c8d0dc93" />
      <TestMethod codeBase="C:\Users\biges\Desktop\Wiley_Widget\WileyWidget.Tests\bin\Debug\net9.0-windows\WileyWidget.Tests.dll" adapterTypeName="executor://xunit/VsTestRunner2/netcoreapp" className="WileyWidget.Tests.WidgetTests" name="Widget_Category_AcceptsVariousValues" />
    </UnitTest>
    <UnitTest name="WileyWidget.Tests.EnterpriseModelTests.Enterprise_CitizenCount_Validation(citizenCount: 0, shouldBeValid: False)" storage="c:\users\biges\desktop\wiley_widget\wileywidget.tests\bin\debug\net9.0-windows\wileywidget.tests.dll" id="73c56291-a896-78c5-1d0e-13918f0ef198">
      <Execution id="ce49381c-4fe3-467b-b555-2ffcc77dfcfb" />
      <TestMethod codeBase="C:\Users\biges\Desktop\Wiley_Widget\WileyWidget.Tests\bin\Debug\net9.0-windows\WileyWidget.Tests.dll" adapterTypeName="executor://xunit/VsTestRunner2/netcoreapp" className="WileyWidget.Tests.EnterpriseModelTests" name="Enterprise_CitizenCount_Validation" />
    </UnitTest>
    <UnitTest name="WileyWidget.Tests.DatabaseIntegrationTests.DeleteAsync_RemovesEnterpriseFromDatabase" storage="c:\users\biges\desktop\wiley_widget\wileywidget.tests\bin\debug\net9.0-windows\wileywidget.tests.dll" id="9c4061d1-7b4d-72a8-5d62-324df6948592">
      <Execution id="9c29cc4a-f5cc-4fe9-a89a-1840ea464b67" />
      <TestMethod codeBase="C:\Users\biges\Desktop\Wiley_Widget\WileyWidget.Tests\bin\Debug\net9.0-windows\WileyWidget.Tests.dll" adapterTypeName="executor://xunit/VsTestRunner2/netcoreapp" className="WileyWidget.Tests.DatabaseIntegrationTests" name="DeleteAsync_RemovesEnterpriseFromDatabase" />
    </UnitTest>
    <UnitTest name="WileyWidget.Tests.DatabaseIntegrationTests.Repository_EnforcesCitizenCountConstraints" storage="c:\users\biges\desktop\wiley_widget\wileywidget.tests\bin\debug\net9.0-windows\wileywidget.tests.dll" id="a590d7ab-a37d-241b-b41d-e926aae9e190">
      <Execution id="7cfb25a5-e489-451a-8601-80c2491ef667" />
      <TestMethod codeBase="C:\Users\biges\Desktop\Wiley_Widget\WileyWidget.Tests\bin\Debug\net9.0-windows\WileyWidget.Tests.dll" adapterTypeName="executor://xunit/VsTestRunner2/netcoreapp" className="WileyWidget.Tests.DatabaseIntegrationTests" name="Repository_EnforcesCitizenCountConstraints" />
    </UnitTest>
    <UnitTest name="WileyWidget.Tests.MainViewModelTests.QuickBooksCustomers_Collection_IsObservable" storage="c:\users\biges\desktop\wiley_widget\wileywidget.tests\bin\debug\net9.0-windows\wileywidget.tests.dll" id="8b1e5a88-d61f-8bfb-af7a-001ec194b46c">
      <Execution id="66963b80-9be2-415d-af37-495cc7187b06" />
      <TestMethod codeBase="C:\Users\biges\Desktop\Wiley_Widget\WileyWidget.Tests\bin\Debug\net9.0-windows\WileyWidget.Tests.dll" adapterTypeName="executor://xunit/VsTestRunner2/netcoreapp" className="WileyWidget.Tests.MainViewModelTests" name="QuickBooksCustomers_Collection_IsObservable" />
    </UnitTest>
    <UnitTest name="WileyWidget.Tests.EnterpriseModelTests.Enterprise_CitizenCount_Validation(citizenCount: -1, shouldBeValid: False)" storage="c:\users\biges\desktop\wiley_widget\wileywidget.tests\bin\debug\net9.0-windows\wileywidget.tests.dll" id="a2810c54-2114-8e84-bfe9-f4d0a5267d1f">
      <Execution id="e901bc62-c268-4080-a35a-0888eeb922db" />
      <TestMethod codeBase="C:\Users\biges\Desktop\Wiley_Widget\WileyWidget.Tests\bin\Debug\net9.0-windows\WileyWidget.Tests.dll" adapterTypeName="executor://xunit/VsTestRunner2/netcoreapp" className="WileyWidget.Tests.EnterpriseModelTests" name="Enterprise_CitizenCount_Validation" />
    </UnitTest>
    <UnitTest name="WileyWidget.Tests.WidgetTests.Widget_IsActive_CanBeSet(isActive: True)" storage="c:\users\biges\desktop\wiley_widget\wileywidget.tests\bin\debug\net9.0-windows\wileywidget.tests.dll" id="28afac11-75f2-4277-47ce-175ecd6d5bf3">
      <Execution id="72594277-1d69-4522-acd6-cd332144035c" />
      <TestMethod codeBase="C:\Users\biges\Desktop\Wiley_Widget\WileyWidget.Tests\bin\Debug\net9.0-windows\WileyWidget.Tests.dll" adapterTypeName="executor://xunit/VsTestRunner2/netcoreapp" className="WileyWidget.Tests.WidgetTests" name="Widget_IsActive_CanBeSet" />
    </UnitTest>
    <UnitTest name="WileyWidget.Tests.BudgetInteractionTests.BudgetInteraction_IsCost_DefaultsToTrue" storage="c:\users\biges\desktop\wiley_widget\wileywidget.tests\bin\debug\net9.0-windows\wileywidget.tests.dll" id="e624f24d-1a26-231f-cac9-67120c12c28b">
      <Execution id="00f8dfd8-f0c0-4db4-ac1f-70defe4e1ba0" />
      <TestMethod codeBase="C:\Users\biges\Desktop\Wiley_Widget\WileyWidget.Tests\bin\Debug\net9.0-windows\WileyWidget.Tests.dll" adapterTypeName="executor://xunit/VsTestRunner2/netcoreapp" className="WileyWidget.Tests.BudgetInteractionTests" name="BudgetInteraction_IsCost_DefaultsToTrue" />
    </UnitTest>
    <UnitTest name="WileyWidget.Tests.MainWindowUnitTests.NormalizeTheme_WithNull_ReturnsDefault" storage="c:\users\biges\desktop\wiley_widget\wileywidget.tests\bin\debug\net9.0-windows\wileywidget.tests.dll" id="49c4f10e-2239-3841-978f-d0dc2d82b2ba">
      <Execution id="a009ab0b-4653-46c2-bf3d-1c3875a6086c" />
      <TestMethod codeBase="C:\Users\biges\Desktop\Wiley_Widget\WileyWidget.Tests\bin\Debug\net9.0-windows\WileyWidget.Tests.dll" adapterTypeName="executor://xunit/VsTestRunner2/netcoreapp" className="WileyWidget.Tests.MainWindowUnitTests" name="NormalizeTheme_WithNull_ReturnsDefault" />
    </UnitTest>
    <UnitTest name="WileyWidget.Tests.EnterpriseDatabaseTests.StoredProcedure_InsertAndRetrieveEnterprise_UsingDirectConnection" storage="c:\users\biges\desktop\wiley_widget\wileywidget.tests\bin\debug\net9.0-windows\wileywidget.tests.dll" id="d76fce68-3bca-b1a7-0e69-ec7736a35394">
      <Execution id="839d9908-7ea1-4c04-a8cb-252e1c95544a" />
      <TestMethod codeBase="C:\Users\biges\Desktop\Wiley_Widget\WileyWidget.Tests\bin\Debug\net9.0-windows\WileyWidget.Tests.dll" adapterTypeName="executor://xunit/VsTestRunner2/netcoreapp" className="WileyWidget.Tests.EnterpriseDatabaseTests" name="StoredProcedure_InsertAndRetrieveEnterprise_UsingDirectConnection" />
    </UnitTest>
    <UnitTest name="WileyWidget.Tests.MainViewModelTests.QuickBooksInvoices_Collection_IsObservable" storage="c:\users\biges\desktop\wiley_widget\wileywidget.tests\bin\debug\net9.0-windows\wileywidget.tests.dll" id="0121a31e-93ae-d153-ca29-460cffa0b710">
      <Execution id="933cc399-26d9-498a-80d5-4d158411eb59" />
      <TestMethod codeBase="C:\Users\biges\Desktop\Wiley_Widget\WileyWidget.Tests\bin\Debug\net9.0-windows\WileyWidget.Tests.dll" adapterTypeName="executor://xunit/VsTestRunner2/netcoreapp" className="WileyWidget.Tests.MainViewModelTests" name="QuickBooksInvoices_Collection_IsObservable" />
    </UnitTest>
    <UnitTest name="WileyWidget.Tests.DatabaseIntegrationTests.UpdateAsync_UpdatesExistingEnterprise" storage="c:\users\biges\desktop\wiley_widget\wileywidget.tests\bin\debug\net9.0-windows\wileywidget.tests.dll" id="f4baf935-db3b-a3f6-b56f-3df0f1893080">
      <Execution id="06e5129b-86a6-4546-8dd8-ea82a0d990b4" />
      <TestMethod codeBase="C:\Users\biges\Desktop\Wiley_Widget\WileyWidget.Tests\bin\Debug\net9.0-windows\WileyWidget.Tests.dll" adapterTypeName="executor://xunit/VsTestRunner2/netcoreapp" className="WileyWidget.Tests.DatabaseIntegrationTests" name="UpdateAsync_UpdatesExistingEnterprise" />
    </UnitTest>
    <UnitTest name="WileyWidget.Tests.WidgetTests.Widget_Price_Validation(price: 1000.99, shouldBeValid: True)" storage="c:\users\biges\desktop\wiley_widget\wileywidget.tests\bin\debug\net9.0-windows\wileywidget.tests.dll" id="de72c0f3-fa26-9d6c-6ca7-32a0c98717f3">
      <Execution id="fc7a92f3-1941-433b-958b-a2bb2d610381" />
      <TestMethod codeBase="C:\Users\biges\Desktop\Wiley_Widget\WileyWidget.Tests\bin\Debug\net9.0-windows\WileyWidget.Tests.dll" adapterTypeName="executor://xunit/VsTestRunner2/netcoreapp" className="WileyWidget.Tests.WidgetTests" name="Widget_Price_Validation" />
    </UnitTest>
    <UnitTest name="WileyWidget.Tests.WidgetTests.Widget_FormattedPrice_ReturnsCorrectFormat(price: 99.99, expected: &quot;$99.99&quot;)" storage="c:\users\biges\desktop\wiley_widget\wileywidget.tests\bin\debug\net9.0-windows\wileywidget.tests.dll" id="a1485da4-493d-cd3d-9e47-0f99906d1c2c">
      <Execution id="7b0f5aea-639e-441a-ac4e-74525dfbf453" />
      <TestMethod codeBase="C:\Users\biges\Desktop\Wiley_Widget\WileyWidget.Tests\bin\Debug\net9.0-windows\WileyWidget.Tests.dll" adapterTypeName="executor://xunit/VsTestRunner2/netcoreapp" className="WileyWidget.Tests.WidgetTests" name="Widget_FormattedPrice_ReturnsCorrectFormat" />
    </UnitTest>
    <UnitTest name="WileyWidget.Tests.MainWindowUnitTests.BuildDynamicColumns_MethodExists" storage="c:\users\biges\desktop\wiley_widget\wileywidget.tests\bin\debug\net9.0-windows\wileywidget.tests.dll" id="52b06d6e-0e7b-45f1-e848-734105f0bc9a">
      <Execution id="9bf9b897-80d4-4514-aaa8-30180231e624" />
      <TestMethod codeBase="C:\Users\biges\Desktop\Wiley_Widget\WileyWidget.Tests\bin\Debug\net9.0-windows\WileyWidget.Tests.dll" adapterTypeName="executor://xunit/VsTestRunner2/netcoreapp" className="WileyWidget.Tests.MainWindowUnitTests" name="BuildDynamicColumns_MethodExists" />
    </UnitTest>
    <UnitTest name="WileyWidget.Tests.SettingsServiceTests.SettingsService_Load_CreatesBackupOfCorruptFile" storage="c:\users\biges\desktop\wiley_widget\wileywidget.tests\bin\debug\net9.0-windows\wileywidget.tests.dll" id="2969f2e0-70ae-84d9-8527-e1ee638f4f9b">
      <Execution id="d73854e7-8da5-4a96-af15-9dd775ee794e" />
      <TestMethod codeBase="C:\Users\biges\Desktop\Wiley_Widget\WileyWidget.Tests\bin\Debug\net9.0-windows\WileyWidget.Tests.dll" adapterTypeName="executor://xunit/VsTestRunner2/netcoreapp" className="WileyWidget.Tests.SettingsServiceTests" name="SettingsService_Load_CreatesBackupOfCorruptFile" />
    </UnitTest>
    <UnitTest name="WileyWidget.Tests.WidgetTests.Widget_DisplayName_ReturnsCorrectFormat(name: &quot;Widget Name&quot;, sku: &quot;SKU-001&quot;, expected: &quot;Widget Name (SKU-001)&quot;)" storage="c:\users\biges\desktop\wiley_widget\wileywidget.tests\bin\debug\net9.0-windows\wileywidget.tests.dll" id="20fc74fb-086b-510b-ae28-7341d9a3029b">
      <Execution id="d0dc9956-926d-4e3c-9d5b-8c213acc52ae" />
      <TestMethod codeBase="C:\Users\biges\Desktop\Wiley_Widget\WileyWidget.Tests\bin\Debug\net9.0-windows\WileyWidget.Tests.dll" adapterTypeName="executor://xunit/VsTestRunner2/netcoreapp" className="WileyWidget.Tests.WidgetTests" name="Widget_DisplayName_ReturnsCorrectFormat" />
    </UnitTest>
    <UnitTest name="WileyWidget.Tests.SettingsServiceTests.SettingsService_Save_CreatesFile" storage="c:\users\biges\desktop\wiley_widget\wileywidget.tests\bin\debug\net9.0-windows\wileywidget.tests.dll" id="c888132b-1015-a40a-2843-8a77b9425be8">
      <Execution id="88751674-b7fe-442f-bf26-e82cc77ac66c" />
      <TestMethod codeBase="C:\Users\biges\Desktop\Wiley_Widget\WileyWidget.Tests\bin\Debug\net9.0-windows\WileyWidget.Tests.dll" adapterTypeName="executor://xunit/VsTestRunner2/netcoreapp" className="WileyWidget.Tests.SettingsServiceTests" name="SettingsService_Save_CreatesFile" />
    </UnitTest>
    <UnitTest name="WileyWidget.Tests.BudgetInteractionTests.BudgetInteraction_InteractionType_Validation(type: null, shouldBeValid: False)" storage="c:\users\biges\desktop\wiley_widget\wileywidget.tests\bin\debug\net9.0-windows\wileywidget.tests.dll" id="e4fcf31a-94fb-bdf3-84e1-475471212d0f">
      <Execution id="2f0f4fa1-2523-40cd-a652-11da712d1980" />
      <TestMethod codeBase="C:\Users\biges\Desktop\Wiley_Widget\WileyWidget.Tests\bin\Debug\net9.0-windows\WileyWidget.Tests.dll" adapterTypeName="executor://xunit/VsTestRunner2/netcoreapp" className="WileyWidget.Tests.BudgetInteractionTests" name="BudgetInteraction_InteractionType_Validation" />
    </UnitTest>
    <UnitTest name="WileyWidget.Tests.AppUnitTests.InitializeLogging_MethodExists" storage="c:\users\biges\desktop\wiley_widget\wileywidget.tests\bin\debug\net9.0-windows\wileywidget.tests.dll" id="636d03a0-8975-5f2c-ed91-b647b7b29910">
      <Execution id="9a04cf8c-7a7a-4741-b95f-2abae1b0b680" />
      <TestMethod codeBase="C:\Users\biges\Desktop\Wiley_Widget\WileyWidget.Tests\bin\Debug\net9.0-windows\WileyWidget.Tests.dll" adapterTypeName="executor://xunit/VsTestRunner2/netcoreapp" className="WileyWidget.Tests.AppUnitTests" name="InitializeLogging_MethodExists" />
    </UnitTest>
  </TestDefinitions>
  <TestEntries>
    <TestEntry testId="4bf0c2ec-7a7c-f8d8-6f1c-1f46f24b0af1" executionId="5fad2820-62f0-4c42-9f57-83f1ee5687cd" testListId="8c84fa94-04c1-424b-9868-57a2d4851a1d" />
    <TestEntry testId="7e338c26-7d68-229c-5870-5a210a219a3a" executionId="df8feec8-4dbf-4703-9820-f4d4a260ce0a" testListId="8c84fa94-04c1-424b-9868-57a2d4851a1d" />
    <TestEntry testId="fdd256aa-95b4-4138-ef57-428d9bd57c15" executionId="82a068be-126e-4159-9394-d75816e4beee" testListId="8c84fa94-04c1-424b-9868-57a2d4851a1d" />
    <TestEntry testId="c888132b-1015-a40a-2843-8a77b9425be8" executionId="88751674-b7fe-442f-bf26-e82cc77ac66c" testListId="8c84fa94-04c1-424b-9868-57a2d4851a1d" />
    <TestEntry testId="2917a8ba-f7f9-5b6b-3575-162e1a2173ef" executionId="3d533659-b0c8-4864-b2e4-140a6c8173e4" testListId="8c84fa94-04c1-424b-9868-57a2d4851a1d" />
    <TestEntry testId="e472ca0e-4d1f-2cb2-ae79-f619786a7e3f" executionId="edc4b92a-fb78-41a2-8de2-9e702905123d" testListId="8c84fa94-04c1-424b-9868-57a2d4851a1d" />
    <TestEntry testId="4f96b557-5805-2ffc-7a99-6d790882f18b" executionId="a6b87724-9aba-4dce-a09d-1b25d5fef060" testListId="8c84fa94-04c1-424b-9868-57a2d4851a1d" />
    <TestEntry testId="2beb22ae-6dec-0df2-163d-82054723e892" executionId="74c30d80-f479-42d1-a77f-0b6d0391a749" testListId="8c84fa94-04c1-424b-9868-57a2d4851a1d" />
    <TestEntry testId="de72c0f3-fa26-9d6c-6ca7-32a0c98717f3" executionId="fc7a92f3-1941-433b-958b-a2bb2d610381" testListId="8c84fa94-04c1-424b-9868-57a2d4851a1d" />
    <TestEntry testId="6fb64c30-f462-9da3-d1f6-08832453c990" executionId="b74df4fb-ec47-4856-847d-06b6d159e47a" testListId="8c84fa94-04c1-424b-9868-57a2d4851a1d" />
    <TestEntry testId="c0f826c4-a2e8-a2fe-55fc-c1924806102d" executionId="632d7666-2128-4ada-93ea-ea0b78b89f98" testListId="8c84fa94-04c1-424b-9868-57a2d4851a1d" />
    <TestEntry testId="7bcc6455-9ef8-ed52-9eb1-702e76df051d" executionId="996a0f13-1b00-4093-bdb0-1a5641ba2a00" testListId="8c84fa94-04c1-424b-9868-57a2d4851a1d" />
    <TestEntry testId="7d89b2b7-2e04-1507-fb4c-fafb91c62761" executionId="13b3d0e3-6207-478a-a598-f16a86e86404" testListId="8c84fa94-04c1-424b-9868-57a2d4851a1d" />
    <TestEntry testId="2f6535a3-ca21-5a5e-d2ea-27f9db0d9635" executionId="6db96eb8-7bdd-4841-9d25-21fc616fc537" testListId="8c84fa94-04c1-424b-9868-57a2d4851a1d" />
    <TestEntry testId="4496488f-c883-aa7a-35a7-d9dbf4a2d3b2" executionId="92a92026-49e9-4c57-820a-ec9730491f51" testListId="8c84fa94-04c1-424b-9868-57a2d4851a1d" />
    <TestEntry testId="85ee0bd4-7821-b257-c0c8-28e38b9ba9de" executionId="a6b5ee3c-56d4-4975-bf6a-4cf7d2f38c4b" testListId="8c84fa94-04c1-424b-9868-57a2d4851a1d" />
    <TestEntry testId="cb3b465a-00da-a1e4-c2c6-1368be36d3e5" executionId="1b6a5353-dcd0-45f1-988b-5d95e36ea295" testListId="8c84fa94-04c1-424b-9868-57a2d4851a1d" />
    <TestEntry testId="93b4d7b9-17c9-4651-e29a-009cb361e97b" executionId="f9347b93-538f-4fc0-87ec-e7acbd2501cf" testListId="8c84fa94-04c1-424b-9868-57a2d4851a1d" />
    <TestEntry testId="b7c1d19c-bee4-911c-3a8a-0800f7a4f194" executionId="5c50ec3a-73c1-4749-8beb-23ba9d5cf2f0" testListId="8c84fa94-04c1-424b-9868-57a2d4851a1d" />
    <TestEntry testId="5d639713-4743-ccd9-2f90-7e9060b35c6a" executionId="5d0abb85-2e7b-43b7-bdcc-b2a827107509" testListId="8c84fa94-04c1-424b-9868-57a2d4851a1d" />
    <TestEntry testId="52b06d6e-0e7b-45f1-e848-734105f0bc9a" executionId="9bf9b897-80d4-4514-aaa8-30180231e624" testListId="8c84fa94-04c1-424b-9868-57a2d4851a1d" />
    <TestEntry testId="3d9418a8-7d7a-ace8-cce3-7f6d8639b60f" executionId="fb359595-aaa3-4f9f-a304-896f8166aa37" testListId="8c84fa94-04c1-424b-9868-57a2d4851a1d" />
    <TestEntry testId="06acef7a-66a9-41e5-0b52-833373b805fd" executionId="72b1f629-1b10-4644-8e4e-7f046c9bb4b1" testListId="8c84fa94-04c1-424b-9868-57a2d4851a1d" />
    <TestEntry testId="40d7657d-f657-0f30-1e57-f9b4790fea1e" executionId="e2f6a8ba-ca3b-473f-b61e-f0f431f57e5a" testListId="8c84fa94-04c1-424b-9868-57a2d4851a1d" />
    <TestEntry testId="0d4e12bb-b410-10f4-ea79-224ef1ad4ec2" executionId="6f851401-739a-4e5e-b623-a145001889cc" testListId="8c84fa94-04c1-424b-9868-57a2d4851a1d" />
    <TestEntry testId="5f349e6c-e09e-70aa-e134-6073e4276708" executionId="d58aee88-143a-4364-86a7-3c8374718aa9" testListId="8c84fa94-04c1-424b-9868-57a2d4851a1d" />
    <TestEntry testId="d952c50c-d956-1f7c-9b09-2b7891193ead" executionId="1da69366-376f-4698-afea-5707bcf20445" testListId="8c84fa94-04c1-424b-9868-57a2d4851a1d" />
    <TestEntry testId="10b1ef9a-89d0-7820-4fdf-06d433c43486" executionId="4a3181fa-f2ef-4444-bdc7-895678fa7cd6" testListId="8c84fa94-04c1-424b-9868-57a2d4851a1d" />
    <TestEntry testId="c093cc50-deee-4751-29ce-343ea9d35c10" executionId="5bfee681-fe69-41d6-aad7-664d40a8a87f" testListId="8c84fa94-04c1-424b-9868-57a2d4851a1d" />
    <TestEntry testId="e624f24d-1a26-231f-cac9-67120c12c28b" executionId="00f8dfd8-f0c0-4db4-ac1f-70defe4e1ba0" testListId="8c84fa94-04c1-424b-9868-57a2d4851a1d" />
    <TestEntry testId="33627335-316c-cbc4-3f2e-4374d3f98bd0" executionId="b421446f-4f77-41a8-8470-dc01336e53db" testListId="8c84fa94-04c1-424b-9868-57a2d4851a1d" />
    <TestEntry testId="ef0f0bc6-05a9-f4ec-9eaa-324bcd7d0328" executionId="2a03cbd7-5ddd-4bbd-bfdc-959598e48816" testListId="8c84fa94-04c1-424b-9868-57a2d4851a1d" />
    <TestEntry testId="a4b79d30-1b57-4783-2bc5-b481543036fd" executionId="80ea40f6-b528-4311-8862-8efa778c42a0" testListId="8c84fa94-04c1-424b-9868-57a2d4851a1d" />
    <TestEntry testId="a4f037bc-7338-9135-cfbf-a9e8758843b8" executionId="9bfba4c1-07c2-45af-82d5-904a5fe09a8d" testListId="8c84fa94-04c1-424b-9868-57a2d4851a1d" />
    <TestEntry testId="a9dc7ce3-2ee9-2217-fa87-9dcfd65a9dfd" executionId="cf92a2f3-0d65-4b53-9048-69eb1090076c" testListId="8c84fa94-04c1-424b-9868-57a2d4851a1d" />
    <TestEntry testId="c99ffb98-6608-7343-fd97-cece2671f5c7" executionId="c7bb55d4-48de-4848-9924-8e58259c46bf" testListId="8c84fa94-04c1-424b-9868-57a2d4851a1d" />
    <TestEntry testId="25b8fb25-b35c-750d-fc82-a043fadd7008" executionId="f1ce180c-e342-4305-9075-cad134eb2a0c" testListId="8c84fa94-04c1-424b-9868-57a2d4851a1d" />
    <TestEntry testId="00f90a30-6cfb-102f-2905-fe6964421a8d" executionId="e49edfca-fd3f-47b6-a75a-46f0336f6a8f" testListId="8c84fa94-04c1-424b-9868-57a2d4851a1d" />
    <TestEntry testId="7246089f-63b6-7ef4-dd1c-f0a97a0cbf37" executionId="f9457dcc-1ff8-4262-9be3-4882147c59f3" testListId="8c84fa94-04c1-424b-9868-57a2d4851a1d" />
    <TestEntry testId="5e00cc24-af68-8e5e-7215-9a710f60e406" executionId="d2603a35-f466-441e-8224-f5900c8b05bb" testListId="8c84fa94-04c1-424b-9868-57a2d4851a1d" />
    <TestEntry testId="04dd675b-629e-a516-a8ca-baee13393506" executionId="29c1f50b-2314-43d0-8f09-cb2faf24edae" testListId="8c84fa94-04c1-424b-9868-57a2d4851a1d" />
    <TestEntry testId="4d20292b-dbaf-eee0-cf45-638c0a52c116" executionId="73ce03ec-0be3-4358-83b6-e0c1bd9cdb9e" testListId="8c84fa94-04c1-424b-9868-57a2d4851a1d" />
    <TestEntry testId="49c4f10e-2239-3841-978f-d0dc2d82b2ba" executionId="a009ab0b-4653-46c2-bf3d-1c3875a6086c" testListId="8c84fa94-04c1-424b-9868-57a2d4851a1d" />
    <TestEntry testId="08055736-1e09-8961-dc89-8e2a25887239" executionId="326a70cc-cff2-467b-8312-858659ca8223" testListId="8c84fa94-04c1-424b-9868-57a2d4851a1d" />
    <TestEntry testId="e7df05ca-3552-2715-64b0-211740e8ec70" executionId="8626c7e6-3151-47ac-a4a1-bb17fb0e8fee" testListId="8c84fa94-04c1-424b-9868-57a2d4851a1d" />
    <TestEntry testId="31f7b449-2a75-9290-2b1b-c1e2846a3973" executionId="af05735b-6b84-4f33-aa07-4b0bb0aff612" testListId="8c84fa94-04c1-424b-9868-57a2d4851a1d" />
    <TestEntry testId="7fe76a3a-9ac6-6844-b5f7-d4331eae2413" executionId="6b48cf55-d695-48bc-bce2-6707b90db149" testListId="8c84fa94-04c1-424b-9868-57a2d4851a1d" />
    <TestEntry testId="668e1389-6a17-867c-cc8c-409430f2326f" executionId="759b6e88-ab80-4988-a650-5e9903f6038b" testListId="8c84fa94-04c1-424b-9868-57a2d4851a1d" />
    <TestEntry testId="ed2fc56e-1956-21e4-fa3d-840c8fe46677" executionId="4dd98677-5cba-4fa7-b77d-111262906f7c" testListId="8c84fa94-04c1-424b-9868-57a2d4851a1d" />
    <TestEntry testId="2b6d2d98-9ff2-0efc-9085-3c305df50a78" executionId="94337a13-5c82-4d18-81a8-ad4dc5844554" testListId="8c84fa94-04c1-424b-9868-57a2d4851a1d" />
    <TestEntry testId="20a34a95-a426-14ac-be1a-81af3da9062a" executionId="198db532-d452-4bf5-8b44-71de42041272" testListId="8c84fa94-04c1-424b-9868-57a2d4851a1d" />
    <TestEntry testId="6cc406f6-5c68-c097-54c6-537a958e649e" executionId="6641676d-1d1d-47a0-9115-62b82f712ae1" testListId="8c84fa94-04c1-424b-9868-57a2d4851a1d" />
    <TestEntry testId="d106bb70-67c4-1dcc-e1c1-b1453099822c" executionId="0403f394-dc96-4e1e-b44c-f7231bd69ccd" testListId="8c84fa94-04c1-424b-9868-57a2d4851a1d" />
    <TestEntry testId="6f8045c6-6937-39f1-af17-4e72f663e3b7" executionId="741e4ed5-0abb-4f84-b910-8540c3d8f354" testListId="8c84fa94-04c1-424b-9868-57a2d4851a1d" />
    <TestEntry testId="216d7b3f-febd-5cd7-9636-60001f76e735" executionId="62a8b780-e20b-46e3-8df6-50a18faec051" testListId="8c84fa94-04c1-424b-9868-57a2d4851a1d" />
    <TestEntry testId="40c28db5-98d0-9ac0-459d-782c32a105ab" executionId="04c88fe9-edd8-417e-b559-ddcd74dd15a8" testListId="8c84fa94-04c1-424b-9868-57a2d4851a1d" />
    <TestEntry testId="1a019a48-5289-21b6-90e2-05f5df28d217" executionId="13471960-c412-4b82-aa79-387eb05dec23" testListId="8c84fa94-04c1-424b-9868-57a2d4851a1d" />
    <TestEntry testId="f5f343b0-4673-4f25-285c-1b1fcba58589" executionId="55e8564a-c880-44bb-bf9b-808db1e13b52" testListId="8c84fa94-04c1-424b-9868-57a2d4851a1d" />
    <TestEntry testId="7cf3aa98-98eb-f226-4182-b485eaa19c16" executionId="222200a2-bc53-4558-a33b-fde9ffa6ee88" testListId="8c84fa94-04c1-424b-9868-57a2d4851a1d" />
    <TestEntry testId="12ac1ad0-f92b-82ce-7643-dcc2a493cae6" executionId="3e3c6b81-474b-4807-bb64-dd1bbcdc4d80" testListId="8c84fa94-04c1-424b-9868-57a2d4851a1d" />
    <TestEntry testId="4f4006d6-b3a2-e8ed-5bb3-4581fead82ab" executionId="7b2e97cc-2e5b-4f73-b73f-090b52dad7db" testListId="8c84fa94-04c1-424b-9868-57a2d4851a1d" />
    <TestEntry testId="cbeada98-fd74-8e95-0798-e8d59013190d" executionId="48df3118-a760-4d5a-979a-157a8b762ea7" testListId="8c84fa94-04c1-424b-9868-57a2d4851a1d" />
    <TestEntry testId="83034d6a-ea47-0b26-b3c3-520cb2f8b99c" executionId="e3c3d9c6-02ee-4586-a34e-884950366c99" testListId="8c84fa94-04c1-424b-9868-57a2d4851a1d" />
    <TestEntry testId="9f5c146e-0566-da9b-266b-e05a1f45f5d6" executionId="f9922cc8-86f5-4d5e-9350-8be93a9a1956" testListId="8c84fa94-04c1-424b-9868-57a2d4851a1d" />
    <TestEntry testId="c47db43f-5871-4aa9-b457-92ab04b7b502" executionId="6223a15d-6d1b-415f-ab72-2e9570ad13fd" testListId="8c84fa94-04c1-424b-9868-57a2d4851a1d" />
    <TestEntry testId="d621bb97-a6a4-4797-ce4f-9813ccfba719" executionId="f78d9937-84c5-4924-bd37-c0b9201de746" testListId="8c84fa94-04c1-424b-9868-57a2d4851a1d" />
    <TestEntry testId="67185dae-1bb2-aa49-e096-b7b20c6fe73a" executionId="47be4ba6-fb68-48b4-8027-8340abc8a9fc" testListId="8c84fa94-04c1-424b-9868-57a2d4851a1d" />
    <TestEntry testId="14845400-28d3-9a25-f969-c0ad7612b7de" executionId="8531058c-d2e3-4b9e-959c-11da79c6b8e3" testListId="8c84fa94-04c1-424b-9868-57a2d4851a1d" />
    <TestEntry testId="c92dc833-fd57-a263-2b90-5a13ee4f5081" executionId="5ad1b5e5-1994-471e-ab81-0f2e0ab01b53" testListId="8c84fa94-04c1-424b-9868-57a2d4851a1d" />
    <TestEntry testId="510fe505-3d5e-fa04-5438-1019c48dc099" executionId="174d6c2f-f4e8-4bf7-b089-5aca847f14c0" testListId="8c84fa94-04c1-424b-9868-57a2d4851a1d" />
    <TestEntry testId="ca7752fd-c28a-2eb8-8f5e-49b6ef0284d8" executionId="ce8cfad2-b80c-4d21-80e2-2c2b158b4cc3" testListId="8c84fa94-04c1-424b-9868-57a2d4851a1d" />
    <TestEntry testId="a535ee6d-f14e-b507-e106-e575e4d351ae" executionId="efcc89ee-c256-491a-90f5-71e52cbd631e" testListId="8c84fa94-04c1-424b-9868-57a2d4851a1d" />
    <TestEntry testId="e4fcf31a-94fb-bdf3-84e1-475471212d0f" executionId="2f0f4fa1-2523-40cd-a652-11da712d1980" testListId="8c84fa94-04c1-424b-9868-57a2d4851a1d" />
    <TestEntry testId="3f32ff24-dbe4-5b18-602e-bcc79c03a51a" executionId="6aa857a2-6675-4688-90ac-7e423a35e2de" testListId="8c84fa94-04c1-424b-9868-57a2d4851a1d" />
    <TestEntry testId="e347da39-e3d7-9818-2827-c6fcf2b4c69d" executionId="13cf6257-68d9-493e-bee7-7fffcb314b2b" testListId="8c84fa94-04c1-424b-9868-57a2d4851a1d" />
    <TestEntry testId="f4baf935-db3b-a3f6-b56f-3df0f1893080" executionId="06e5129b-86a6-4546-8dd8-ea82a0d990b4" testListId="8c84fa94-04c1-424b-9868-57a2d4851a1d" />
    <TestEntry testId="a72d91bf-1ba0-06c7-1002-ab2af50818f2" executionId="b104fc38-8b9a-47a6-9407-bf1666b98fe7" testListId="8c84fa94-04c1-424b-9868-57a2d4851a1d" />
    <TestEntry testId="2b9ee214-5fed-0842-d648-dd6ae7f87bc4" executionId="559b396e-dde5-47d9-a4d1-0b0084c2362e" testListId="8c84fa94-04c1-424b-9868-57a2d4851a1d" />
    <TestEntry testId="abe5bbbb-5c34-074f-41c7-88d40b3e23b8" executionId="5d8e616d-5bb4-4f93-8dde-2152958da20a" testListId="8c84fa94-04c1-424b-9868-57a2d4851a1d" />
    <TestEntry testId="9d53fc33-d776-6625-1b0a-4b6f01111549" executionId="0d6774bc-7979-4033-b49d-9eea218adcea" testListId="8c84fa94-04c1-424b-9868-57a2d4851a1d" />
    <TestEntry testId="d76fce68-3bca-b1a7-0e69-ec7736a35394" executionId="839d9908-7ea1-4c04-a8cb-252e1c95544a" testListId="8c84fa94-04c1-424b-9868-57a2d4851a1d" />
    <TestEntry testId="648bd338-a756-e64d-b4be-6a55c8a8cbe8" executionId="b1f7ac7e-adbc-4b22-97b7-0b955e21340a" testListId="8c84fa94-04c1-424b-9868-57a2d4851a1d" />
    <TestEntry testId="f1c4230d-c873-a695-bf0b-dd9c7f8ad220" executionId="89df9394-9e44-4329-94e3-5185ec771197" testListId="8c84fa94-04c1-424b-9868-57a2d4851a1d" />
    <TestEntry testId="4a11ecda-ef05-73a1-b1d1-c3284d3e4afa" executionId="cce4df7f-1f08-4b9b-9b1e-24379a17a686" testListId="8c84fa94-04c1-424b-9868-57a2d4851a1d" />
    <TestEntry testId="888d2b50-7b6d-6c90-d0fe-ec32083e79d4" executionId="d0fc6c3a-ddfc-49f4-91f5-9da873df6dff" testListId="8c84fa94-04c1-424b-9868-57a2d4851a1d" />
    <TestEntry testId="40809d6b-32d3-2519-3f96-4116b092b054" executionId="6b27ba8b-85ee-489b-b1bf-3e13f89c3141" testListId="8c84fa94-04c1-424b-9868-57a2d4851a1d" />
    <TestEntry testId="8ca5b6cf-7541-b621-6329-c030b30b7745" executionId="d7f5d546-d7ff-4944-8646-818fef7ae9cd" testListId="8c84fa94-04c1-424b-9868-57a2d4851a1d" />
    <TestEntry testId="ccef2ce7-f385-9fbf-3fdd-191327867f3d" executionId="2b9adecf-ef30-43f5-bcd5-9a5c15eff712" testListId="8c84fa94-04c1-424b-9868-57a2d4851a1d" />
    <TestEntry testId="51c34e63-97c0-5e10-af10-340556c65011" executionId="751cfb1d-37c3-49e9-80ae-1b65a91d5b01" testListId="8c84fa94-04c1-424b-9868-57a2d4851a1d" />
    <TestEntry testId="4e31e5ac-795c-6664-b1e1-6987564c4e12" executionId="e78ce649-0cc5-4189-bbfb-62fa397c1ffd" testListId="8c84fa94-04c1-424b-9868-57a2d4851a1d" />
    <TestEntry testId="c596acca-eaa8-2cfc-b6e4-d65d1f704c2d" executionId="3b1f8fcf-6235-4e20-962c-d6b6d1258118" testListId="8c84fa94-04c1-424b-9868-57a2d4851a1d" />
    <TestEntry testId="4ae2e854-082e-d2d9-91f7-448e1ba75efb" executionId="2edaa7bd-4eed-4f64-89a8-268fdfe3a24f" testListId="8c84fa94-04c1-424b-9868-57a2d4851a1d" />
    <TestEntry testId="bf088925-6f0e-4b03-c843-4df17998edc4" executionId="db05e258-837e-4672-9356-2f8a389c6177" testListId="8c84fa94-04c1-424b-9868-57a2d4851a1d" />
    <TestEntry testId="d72bcf70-eede-0359-7f9b-84883d87f42f" executionId="75dbbae5-8491-4fc9-ae86-4f0fea90be39" testListId="8c84fa94-04c1-424b-9868-57a2d4851a1d" />
    <TestEntry testId="97486250-1fe8-66a0-17d4-9ab973b2b619" executionId="bd9cd946-8354-402d-a84a-3948ba6cb845" testListId="8c84fa94-04c1-424b-9868-57a2d4851a1d" />
    <TestEntry testId="5903b2e2-620c-d805-6dec-cff9749cf54d" executionId="c2b93feb-db78-42dc-a0f2-a7145e9ea4d2" testListId="8c84fa94-04c1-424b-9868-57a2d4851a1d" />
    <TestEntry testId="a1485da4-493d-cd3d-9e47-0f99906d1c2c" executionId="7b0f5aea-639e-441a-ac4e-74525dfbf453" testListId="8c84fa94-04c1-424b-9868-57a2d4851a1d" />
    <TestEntry testId="93bcc1b2-e756-be48-7f05-0eed9d834711" executionId="d4b45384-e836-49eb-8226-dcf08d55cf2a" testListId="8c84fa94-04c1-424b-9868-57a2d4851a1d" />
    <TestEntry testId="168ae476-6639-8347-6432-3fafc0d8f784" executionId="d262991e-8a48-4f0e-af96-c6bf93ddb1ec" testListId="8c84fa94-04c1-424b-9868-57a2d4851a1d" />
    <TestEntry testId="a590d7ab-a37d-241b-b41d-e926aae9e190" executionId="7cfb25a5-e489-451a-8601-80c2491ef667" testListId="8c84fa94-04c1-424b-9868-57a2d4851a1d" />
    <TestEntry testId="e82f29b2-da2d-1de7-97e4-1ecb0f1224d5" executionId="5afd6d4f-3415-4e71-aeff-b002b4eb057a" testListId="8c84fa94-04c1-424b-9868-57a2d4851a1d" />
    <TestEntry testId="8b807870-505b-71ed-7f55-1b57860f38f6" executionId="6df38b72-2301-4bae-a390-9b3bee0b80d4" testListId="8c84fa94-04c1-424b-9868-57a2d4851a1d" />
    <TestEntry testId="20d48984-149e-52a8-e707-e7c8d17f3d51" executionId="39fc3336-a17c-4fd8-968b-715cab2547c0" testListId="8c84fa94-04c1-424b-9868-57a2d4851a1d" />
    <TestEntry testId="e5321f6f-e5a1-6e5b-e713-11e01758bd01" executionId="9f8e7f79-30be-4db4-a19b-c45e88aec1fa" testListId="8c84fa94-04c1-424b-9868-57a2d4851a1d" />
    <TestEntry testId="28afac11-75f2-4277-47ce-175ecd6d5bf3" executionId="72594277-1d69-4522-acd6-cd332144035c" testListId="8c84fa94-04c1-424b-9868-57a2d4851a1d" />
    <TestEntry testId="93f87e80-68d8-ef6d-e92d-98707d05f82e" executionId="4538e335-7b8e-4ef7-adfb-78ca4a662799" testListId="8c84fa94-04c1-424b-9868-57a2d4851a1d" />
    <TestEntry testId="59a77b29-012a-7f31-5abd-f2349c80ceff" executionId="a3ec308c-e5f9-49d7-8b67-08ca1c094765" testListId="8c84fa94-04c1-424b-9868-57a2d4851a1d" />
    <TestEntry testId="1d6cc74e-b1aa-d571-8164-59cf85bf66e7" executionId="1be76897-56b2-4b6c-b4cb-511b9af75c64" testListId="8c84fa94-04c1-424b-9868-57a2d4851a1d" />
    <TestEntry testId="efa2ee80-8a84-ce7d-1850-d99aa3c2923a" executionId="1f464773-1348-459d-aec9-ffdfeed94ec6" testListId="8c84fa94-04c1-424b-9868-57a2d4851a1d" />
    <TestEntry testId="62021b67-5876-d70c-80d9-db2ebaaf208a" executionId="abb82f6b-6939-427e-bacc-16254134f9b2" testListId="8c84fa94-04c1-424b-9868-57a2d4851a1d" />
    <TestEntry testId="1340ffff-d167-8c9f-1446-195b0fb1d86f" executionId="97db73b4-7b4a-4c1a-900c-02ba2611d31f" testListId="8c84fa94-04c1-424b-9868-57a2d4851a1d" />
    <TestEntry testId="2969f2e0-70ae-84d9-8527-e1ee638f4f9b" executionId="d73854e7-8da5-4a96-af15-9dd775ee794e" testListId="8c84fa94-04c1-424b-9868-57a2d4851a1d" />
    <TestEntry testId="02a84783-afd8-9efb-6906-833a0d912242" executionId="b67180e6-f357-433a-9597-e8cbdcff4207" testListId="8c84fa94-04c1-424b-9868-57a2d4851a1d" />
    <TestEntry testId="cda48384-02ec-e8bf-7f92-391e842be3cc" executionId="b3d8cf81-af35-4f24-aeea-e95ed66ec379" testListId="8c84fa94-04c1-424b-9868-57a2d4851a1d" />
    <TestEntry testId="d332a652-b311-2f6e-2247-c3ce44c290ae" executionId="f293b543-e47f-4c4d-9656-13ecf7aa3340" testListId="8c84fa94-04c1-424b-9868-57a2d4851a1d" />
    <TestEntry testId="44e15a9e-b1db-5915-a9b2-5e9b239ca9b3" executionId="24ae8097-1886-41f4-9e2c-49734528b960" testListId="8c84fa94-04c1-424b-9868-57a2d4851a1d" />
    <TestEntry testId="97655ffa-dca1-a12a-5ad2-019d9211febe" executionId="c957a3bd-7978-4d90-b5f1-b8df2a16827f" testListId="8c84fa94-04c1-424b-9868-57a2d4851a1d" />
    <TestEntry testId="7616251f-ba10-2865-c7c0-878cebe0f9bd" executionId="9e5bf27c-ea3a-431c-b928-a029325a7117" testListId="8c84fa94-04c1-424b-9868-57a2d4851a1d" />
    <TestEntry testId="90cb2182-2da9-b142-9e98-2812635b6bad" executionId="c8c866ff-62f0-47bc-a227-c0f5860e90a1" testListId="8c84fa94-04c1-424b-9868-57a2d4851a1d" />
    <TestEntry testId="e72511ca-5da4-5e68-e2df-554a43fc47aa" executionId="68cdf8e0-bb41-4a83-aca6-1b9e71d8d9c3" testListId="8c84fa94-04c1-424b-9868-57a2d4851a1d" />
    <TestEntry testId="8b1e5a88-d61f-8bfb-af7a-001ec194b46c" executionId="66963b80-9be2-415d-af37-495cc7187b06" testListId="8c84fa94-04c1-424b-9868-57a2d4851a1d" />
    <TestEntry testId="250861d5-9d13-68af-2b01-b8c47d52fcf2" executionId="691c6f1c-24f4-4550-8b21-6a10470f33b3" testListId="8c84fa94-04c1-424b-9868-57a2d4851a1d" />
    <TestEntry testId="a2810c54-2114-8e84-bfe9-f4d0a5267d1f" executionId="e901bc62-c268-4080-a35a-0888eeb922db" testListId="8c84fa94-04c1-424b-9868-57a2d4851a1d" />
    <TestEntry testId="8df32280-d2cc-aff4-2ff0-10224e8b8552" executionId="f5206abd-937e-4e2b-8691-3b087f82e4de" testListId="8c84fa94-04c1-424b-9868-57a2d4851a1d" />
    <TestEntry testId="bc7d1dad-4626-c238-a1b7-51e0ec90dede" executionId="b4d0e4d4-4b1a-4251-9254-9101d7ede338" testListId="8c84fa94-04c1-424b-9868-57a2d4851a1d" />
    <TestEntry testId="d6a8afd6-4dff-6792-90e1-49cce70d3116" executionId="f8ac0dd3-8dfb-4f9e-8faa-22c2f6c94652" testListId="8c84fa94-04c1-424b-9868-57a2d4851a1d" />
    <TestEntry testId="b211dea4-7dcd-20f5-d31b-47d61cf807dd" executionId="b34db9dd-0cc4-4204-b876-a3ff6e491755" testListId="8c84fa94-04c1-424b-9868-57a2d4851a1d" />
    <TestEntry testId="6cdef057-5472-5dc2-1e24-0c140874339b" executionId="55c0c3f9-8602-4808-a361-1b6d3155b126" testListId="8c84fa94-04c1-424b-9868-57a2d4851a1d" />
    <TestEntry testId="87640105-c887-14a1-6f10-e810209647b1" executionId="f9aca085-34aa-4f69-b463-8913060201d1" testListId="8c84fa94-04c1-424b-9868-57a2d4851a1d" />
    <TestEntry testId="73c56291-a896-78c5-1d0e-13918f0ef198" executionId="ce49381c-4fe3-467b-b555-2ffcc77dfcfb" testListId="8c84fa94-04c1-424b-9868-57a2d4851a1d" />
    <TestEntry testId="917950f3-8248-2f78-cc8c-99370e6626ab" executionId="4748aa06-fecb-4cd0-937a-53c6762ab812" testListId="8c84fa94-04c1-424b-9868-57a2d4851a1d" />
    <TestEntry testId="69a6cf07-6d56-fd82-65cd-93be98d990d5" executionId="19ed67dc-c5cd-43be-938a-5ed279686dca" testListId="8c84fa94-04c1-424b-9868-57a2d4851a1d" />
    <TestEntry testId="8d616601-23ef-0d6f-a99d-c5f9d126d4fa" executionId="90c985d5-d739-430b-988d-e9f16ed86cf4" testListId="8c84fa94-04c1-424b-9868-57a2d4851a1d" />
    <TestEntry testId="c79d0d0b-2c17-cda5-48a6-5d1589c048fd" executionId="88549ff6-d727-4b22-b17b-3872e70df449" testListId="8c84fa94-04c1-424b-9868-57a2d4851a1d" />
    <TestEntry testId="19841e8f-f411-41cb-ae2b-9bc38aa5560d" executionId="ae39940c-c161-4467-b0c7-072d77f16995" testListId="8c84fa94-04c1-424b-9868-57a2d4851a1d" />
    <TestEntry testId="4a107ce6-33da-a97e-bc39-9415fc198e08" executionId="fa272a2c-6ef7-497c-a498-326d91022d7d" testListId="8c84fa94-04c1-424b-9868-57a2d4851a1d" />
    <TestEntry testId="266048de-3f2b-fdbd-2e09-1b7eae8e8964" executionId="f57dafbe-6b63-409b-88a0-c483611a24f4" testListId="8c84fa94-04c1-424b-9868-57a2d4851a1d" />
    <TestEntry testId="20fc74fb-086b-510b-ae28-7341d9a3029b" executionId="d0dc9956-926d-4e3c-9d5b-8c213acc52ae" testListId="8c84fa94-04c1-424b-9868-57a2d4851a1d" />
    <TestEntry testId="cc0265d4-60a7-3f55-fdff-2713f678dbad" executionId="4f95d10c-15bd-4a63-a9ed-16c02d10e27e" testListId="8c84fa94-04c1-424b-9868-57a2d4851a1d" />
    <TestEntry testId="df5aec0e-ef6f-cdc6-14fa-f5e50593b465" executionId="1c728596-ede8-4d4c-b201-597c31be2bd5" testListId="8c84fa94-04c1-424b-9868-57a2d4851a1d" />
    <TestEntry testId="a870daa8-df1f-ef82-e638-57d5f0b05d91" executionId="6e686ef0-3583-408d-96b4-0a9b5d8bccdf" testListId="8c84fa94-04c1-424b-9868-57a2d4851a1d" />
    <TestEntry testId="bab73118-bcc5-733a-969d-4c306d5de5ef" executionId="2877fe5b-56dd-4f62-9c01-a5f3e9d76433" testListId="8c84fa94-04c1-424b-9868-57a2d4851a1d" />
    <TestEntry testId="974b0525-eec9-9c0d-84c0-1e28bcdfdce9" executionId="5cb0aff4-5764-47e5-8c07-38b5c8d0dc93" testListId="8c84fa94-04c1-424b-9868-57a2d4851a1d" />
    <TestEntry testId="0c08c2f7-584f-44de-79b5-e35ec9541cbd" executionId="65c477c6-c504-4d33-af09-7ae06c9a00d1" testListId="8c84fa94-04c1-424b-9868-57a2d4851a1d" />
    <TestEntry testId="e1f8a3e1-d467-b8d5-d368-b35a2dff4c81" executionId="3f7c536b-9a16-4294-b583-eb720dd889e4" testListId="8c84fa94-04c1-424b-9868-57a2d4851a1d" />
    <TestEntry testId="3c697a19-d738-59c1-c19c-a483654a946e" executionId="f7dfdcce-b418-41b9-83f0-ac5f3bdf1d0c" testListId="8c84fa94-04c1-424b-9868-57a2d4851a1d" />
    <TestEntry testId="118c5093-dd4d-05af-5b6d-0f37c0d730c3" executionId="bf2c35a6-4bd6-476b-bf8f-fd236a3801f9" testListId="8c84fa94-04c1-424b-9868-57a2d4851a1d" />
    <TestEntry testId="b43e3dd0-44c9-3349-d80b-08150cc5294d" executionId="8ead6b62-7bbe-43dd-837a-c7bf40d0037b" testListId="8c84fa94-04c1-424b-9868-57a2d4851a1d" />
    <TestEntry testId="418cae58-aba0-b522-845a-715b8b8313eb" executionId="5994f81c-c8a4-4b36-9f48-22452c7d3a33" testListId="8c84fa94-04c1-424b-9868-57a2d4851a1d" />
    <TestEntry testId="59042f06-6aea-38ed-f31b-f481b684060f" executionId="f072e41c-c652-4e4e-818f-95741e703f5e" testListId="8c84fa94-04c1-424b-9868-57a2d4851a1d" />
    <TestEntry testId="f0a76b98-d14b-1f50-1a55-b715fcdffb9d" executionId="28c132b2-737a-49e0-893c-0019b5a75444" testListId="8c84fa94-04c1-424b-9868-57a2d4851a1d" />
    <TestEntry testId="174a61b8-26c2-f00a-4147-e3f64821944b" executionId="7a4850ac-b623-43e6-860f-4db41bca17a4" testListId="8c84fa94-04c1-424b-9868-57a2d4851a1d" />
    <TestEntry testId="9929003c-3c0b-e178-ebdf-bba67d8898cc" executionId="eba202dd-a60d-4bcf-95e1-5420172a8ae9" testListId="8c84fa94-04c1-424b-9868-57a2d4851a1d" />
    <TestEntry testId="3df038af-1fe3-8eba-40c5-e3791363704f" executionId="9b2572ae-9a55-4dcd-9b6c-7ccd464deb0a" testListId="8c84fa94-04c1-424b-9868-57a2d4851a1d" />
    <TestEntry testId="2eed4695-e3e7-5a59-502b-92e7e53fb8f1" executionId="c13f5f02-2d29-4ee4-9ad6-977c503d8569" testListId="8c84fa94-04c1-424b-9868-57a2d4851a1d" />
    <TestEntry testId="80a94af4-7913-fd5c-01c4-b92eec2e4015" executionId="7860de7a-1e78-4abd-b010-97df01d096c1" testListId="8c84fa94-04c1-424b-9868-57a2d4851a1d" />
    <TestEntry testId="636d03a0-8975-5f2c-ed91-b647b7b29910" executionId="9a04cf8c-7a7a-4741-b95f-2abae1b0b680" testListId="8c84fa94-04c1-424b-9868-57a2d4851a1d" />
    <TestEntry testId="efe067a6-c350-5edd-6794-b1c41a457952" executionId="2da63366-4f29-4649-a35d-b9c1547aefb6" testListId="8c84fa94-04c1-424b-9868-57a2d4851a1d" />
    <TestEntry testId="9c4061d1-7b4d-72a8-5d62-324df6948592" executionId="9c29cc4a-f5cc-4fe9-a89a-1840ea464b67" testListId="8c84fa94-04c1-424b-9868-57a2d4851a1d" />
    <TestEntry testId="0121a31e-93ae-d153-ca29-460cffa0b710" executionId="933cc399-26d9-498a-80d5-4d158411eb59" testListId="8c84fa94-04c1-424b-9868-57a2d4851a1d" />
    <TestEntry testId="ee7898df-a28c-6e8b-8e6c-3ec70bd001f9" executionId="ac23ae29-1a8a-4e78-8c58-b464fe3ab19a" testListId="8c84fa94-04c1-424b-9868-57a2d4851a1d" />
    <TestEntry testId="be33b031-b799-d68d-9ac7-4be6a20a63bc" executionId="8f0be8ad-a4c0-4e41-99c2-e5cf971976e5" testListId="8c84fa94-04c1-424b-9868-57a2d4851a1d" />
    <TestEntry testId="f0564e38-0932-37f9-f2ec-c59c84e4f319" executionId="cd58f42e-4ee7-407b-8b44-ac1d2a9dfab1" testListId="8c84fa94-04c1-424b-9868-57a2d4851a1d" />
    <TestEntry testId="0203bce8-8571-4fae-356f-d40949bb5a7d" executionId="05d43f38-effb-4e73-857a-e5fb75a0ddde" testListId="8c84fa94-04c1-424b-9868-57a2d4851a1d" />
    <TestEntry testId="53bedddd-9e7e-05b6-0db9-6c4d6523d66b" executionId="cb2d5721-7d31-40e0-9ad7-1b5fd7bdb1d0" testListId="8c84fa94-04c1-424b-9868-57a2d4851a1d" />
    <TestEntry testId="d60d3051-e4c9-0f9c-9d61-8cc77d0b060c" executionId="675895f4-cb39-480f-9b30-8b46e5d7b398" testListId="8c84fa94-04c1-424b-9868-57a2d4851a1d" />
    <TestEntry testId="0a00e6cb-49af-1b97-d7b2-bbdf194a8118" executionId="5274b3f1-b83a-4500-bc5c-0754b0df4a8d" testListId="8c84fa94-04c1-424b-9868-57a2d4851a1d" />
  </TestEntries>
  <TestLists>
    <TestList name="Results Not in a List" id="8c84fa94-04c1-424b-9868-57a2d4851a1d" />
    <TestList name="All Loaded Results" id="19431567-8539-422a-85d7-44ee4e166bda" />
  </TestLists>
  <ResultSummary outcome="Failed">
    <Counters total="167" executed="167" passed="155" failed="12" error="0" timeout="0" aborted="0" inconclusive="0" passedButRunAborted="0" notRunnable="0" notExecuted="0" disconnected="0" warning="0" completed="0" inProgress="0" pending="0" />
    <Output>
      <StdOut>[xUnit.net 00:00:00.00] xUnit.net VSTest Adapter v2.8.2+699d445a1a (64-bit .NET 9.0.8)&#xD;
[xUnit.net 00:00:00.17]   Discovering: WileyWidget.Tests&#xD;
[xUnit.net 00:00:00.24]   Discovered:  WileyWidget.Tests&#xD;
[xUnit.net 00:00:00.25]   Starting:    WileyWidget.Tests&#xD;
Error adding enterprise: Cannot access a disposed context instance. A common cause of this error is disposing a context instance that was resolved from dependency injection and then later trying to use the same context instance elsewhere in your application. This may occur if you are calling 'Dispose' on the context instance, or wrapping it in a using statement. If you are using dependency injection, you should let the dependency injection container take care of disposing context instances.&#xD;
Object name: 'AppDbContext'.&#xD;
[xUnit.net 00:00:01.72]       Assert.NotNull() Failure: Value is null&#xD;
[xUnit.net 00:00:01.73]       Stack Trace:&#xD;
[xUnit.net 00:00:01.73]         C:\Users\biges\Desktop\Wiley_Widget\WileyWidget.Tests\AppUnitTests.cs(50,0): at WileyWidget.Tests.AppUnitTests.SetupUnhandledExceptionHandling_MethodExists()&#xD;
[xUnit.net 00:00:01.73]            at System.RuntimeMethodHandle.InvokeMethod(Object target, Void** arguments, Signature sig, Boolean isConstructor)&#xD;
[xUnit.net 00:00:01.73]            at System.Reflection.MethodBaseInvoker.InvokeWithNoArgs(Object obj, BindingFlags invokeAttr)&#xD;
[xUnit.net 00:00:01.73]       Assert.NotNull() Failure: Value is null&#xD;
[xUnit.net 00:00:01.73]       Stack Trace:&#xD;
[xUnit.net 00:00:01.73]         C:\Users\biges\Desktop\Wiley_Widget\WileyWidget.Tests\AppUnitTests.cs(38,0): at WileyWidget.Tests.AppUnitTests.InitializeLogging_MethodExists()&#xD;
[xUnit.net 00:00:01.73]            at System.RuntimeMethodHandle.InvokeMethod(Object target, Void** arguments, Signature sig, Boolean isConstructor)&#xD;
[xUnit.net 00:00:01.73]            at System.Reflection.MethodBaseInvoker.InvokeWithNoArgs(Object obj, BindingFlags invokeAttr)&#xD;
[xUnit.net 00:00:01.78]       System.InvalidOperationException : The calling thread must be STA, because many UI components require this.&#xD;
[xUnit.net 00:00:01.78]       Stack Trace:&#xD;
[xUnit.net 00:00:01.78]            at System.Windows.Input.InputManager..ctor()&#xD;
[xUnit.net 00:00:01.78]            at System.Windows.Input.InputManager.GetCurrentInputManagerImpl()&#xD;
[xUnit.net 00:00:01.78]            at System.Windows.Input.KeyboardNavigation..ctor()&#xD;
[xUnit.net 00:00:01.78]            at System.Windows.FrameworkElement.FrameworkServices..ctor()&#xD;
[xUnit.net 00:00:01.78]            at System.Windows.FrameworkElement.EnsureFrameworkServices()&#xD;
[xUnit.net 00:00:01.78]            at System.Windows.FrameworkElement..ctor()&#xD;
[xUnit.net 00:00:01.78]            at System.Windows.Controls.Control..ctor()&#xD;
[xUnit.net 00:00:01.78]            at System.Windows.Window..ctor()&#xD;
[xUnit.net 00:00:01.78]         C:\Users\biges\Desktop\Wiley_Widget\Views\MainWindow.xaml.cs(59,0): at WileyWidget.MainWindow..ctor()&#xD;
[xUnit.net 00:00:01.78]         C:\Users\biges\Desktop\Wiley_Widget\WileyWidget.Tests\MainWindowUnitTests.cs(40,0): at WileyWidget.Tests.MainWindowUnitTests.UpdateThemeToggleVisuals_MethodExists()&#xD;
[xUnit.net 00:00:01.78]            at System.RuntimeMethodHandle.InvokeMethod(Object target, Void** arguments, Signature sig, Boolean isConstructor)&#xD;
[xUnit.net 00:00:01.78]            at System.Reflection.MethodBaseInvoker.InvokeWithNoArgs(Object obj, BindingFlags invokeAttr)&#xD;
[xUnit.net 00:00:01.78]       System.InvalidOperationException : The calling thread must be STA, because many UI components require this.&#xD;
[xUnit.net 00:00:01.78]       Stack Trace:&#xD;
[xUnit.net 00:00:01.78]            at System.Windows.Input.InputManager..ctor()&#xD;
[xUnit.net 00:00:01.78]            at System.Windows.Input.InputManager.GetCurrentInputManagerImpl()&#xD;
[xUnit.net 00:00:01.78]            at System.Windows.Input.KeyboardNavigation..ctor()&#xD;
[xUnit.net 00:00:01.78]            at System.Windows.FrameworkElement.FrameworkServices..ctor()&#xD;
[xUnit.net 00:00:01.78]            at System.Windows.FrameworkElement.EnsureFrameworkServices()&#xD;
[xUnit.net 00:00:01.78]            at System.Windows.FrameworkElement..ctor()&#xD;
[xUnit.net 00:00:01.78]            at System.Windows.Controls.Control..ctor()&#xD;
[xUnit.net 00:00:01.78]            at System.Windows.Window..ctor()&#xD;
[xUnit.net 00:00:01.78]         C:\Users\biges\Desktop\Wiley_Widget\Views\MainWindow.xaml.cs(59,0): at WileyWidget.MainWindow..ctor()&#xD;
[xUnit.net 00:00:01.78]         C:\Users\biges\Desktop\Wiley_Widget\WileyWidget.Tests\MainWindowUnitTests.cs(118,0): at WileyWidget.Tests.MainWindowUnitTests.NormalizeTheme_WithFluentDark_ReturnsFluentDark()&#xD;
[xUnit.net 00:00:01.78]            at System.RuntimeMethodHandle.InvokeMethod(Object target, Void** arguments, Signature sig, Boolean isConstructor)&#xD;
[xUnit.net 00:00:01.78]            at System.Reflection.MethodBaseInvoker.InvokeWithNoArgs(Object obj, BindingFlags invokeAttr)&#xD;
[xUnit.net 00:00:01.78]       System.InvalidOperationException : The calling thread must be STA, because many UI components require this.&#xD;
[xUnit.net 00:00:01.78]       Stack Trace:&#xD;
[xUnit.net 00:00:01.78]            at System.Windows.Input.InputManager..ctor()&#xD;
[xUnit.net 00:00:01.78]            at System.Windows.Input.InputManager.GetCurrentInputManagerImpl()&#xD;
[xUnit.net 00:00:01.78]            at System.Windows.Input.KeyboardNavigation..ctor()&#xD;
[xUnit.net 00:00:01.78]            at System.Windows.FrameworkElement.FrameworkServices..ctor()&#xD;
[xUnit.net 00:00:01.78]            at System.Windows.FrameworkElement.EnsureFrameworkServices()&#xD;
[xUnit.net 00:00:01.78]            at System.Windows.FrameworkElement..ctor()&#xD;
[xUnit.net 00:00:01.78]            at System.Windows.Controls.Control..ctor()&#xD;
[xUnit.net 00:00:01.78]            at System.Windows.Window..ctor()&#xD;
[xUnit.net 00:00:01.78]         C:\Users\biges\Desktop\Wiley_Widget\Views\MainWindow.xaml.cs(59,0): at WileyWidget.MainWindow..ctor()&#xD;
[xUnit.net 00:00:01.78]         C:\Users\biges\Desktop\Wiley_Widget\WileyWidget.Tests\MainWindowUnitTests.cs(92,0): at WileyWidget.Tests.MainWindowUnitTests.ApplyWpfTheme_MethodExists()&#xD;
[xUnit.net 00:00:01.78]            at System.RuntimeMethodHandle.InvokeMethod(Object target, Void** arguments, Signature sig, Boolean isConstructor)&#xD;
[xUnit.net 00:00:01.78]            at System.Reflection.MethodBaseInvoker.InvokeWithNoArgs(Object obj, BindingFlags invokeAttr)&#xD;
[xUnit.net 00:00:01.79]       System.InvalidOperationException : The calling thread must be STA, because many UI components require this.&#xD;
[xUnit.net 00:00:01.79]       Stack Trace:&#xD;
[xUnit.net 00:00:01.79]            at System.Windows.Input.InputManager..ctor()&#xD;
[xUnit.net 00:00:01.79]            at System.Windows.Input.InputManager.GetCurrentInputManagerImpl()&#xD;
[xUnit.net 00:00:01.79]            at System.Windows.Input.KeyboardNavigation..ctor()&#xD;
[xUnit.net 00:00:01.79]            at System.Windows.FrameworkElement.FrameworkServices..ctor()&#xD;
[xUnit.net 00:00:01.79]            at System.Windows.FrameworkElement.EnsureFrameworkServices()&#xD;
[xUnit.net 00:00:01.79]            at System.Windows.FrameworkElement..ctor()&#xD;
[xUnit.net 00:00:01.79]            at System.Windows.Controls.Control..ctor()&#xD;
[xUnit.net 00:00:01.79]            at System.Windows.Window..ctor()&#xD;
[xUnit.net 00:00:01.79]         C:\Users\biges\Desktop\Wiley_Widget\Views\MainWindow.xaml.cs(59,0): at WileyWidget.MainWindow..ctor()&#xD;
[xUnit.net 00:00:01.79]         C:\Users\biges\Desktop\Wiley_Widget\WileyWidget.Tests\MainWindowUnitTests.cs(66,0): at WileyWidget.Tests.MainWindowUnitTests.VerifySpecificSyncfusionControls_MethodExists()&#xD;
[xUnit.net 00:00:01.79]            at System.RuntimeMethodHandle.InvokeMethod(Object target, Void** arguments, Signature sig, Boolean isConstructor)&#xD;
[xUnit.net 00:00:01.79]            at System.Reflection.MethodBaseInvoker.InvokeWithNoArgs(Object obj, BindingFlags invokeAttr)&#xD;
[xUnit.net 00:00:01.79]       System.InvalidOperationException : The calling thread must be STA, because many UI components require this.&#xD;
[xUnit.net 00:00:01.79]       Stack Trace:&#xD;
[xUnit.net 00:00:01.79]            at System.Windows.Input.InputManager..ctor()&#xD;
[xUnit.net 00:00:01.79]            at System.Windows.Input.InputManager.GetCurrentInputManagerImpl()&#xD;
[xUnit.net 00:00:01.79]            at System.Windows.Input.KeyboardNavigation..ctor()&#xD;
[xUnit.net 00:00:01.79]            at System.Windows.FrameworkElement.FrameworkServices..ctor()&#xD;
[xUnit.net 00:00:01.79]            at System.Windows.FrameworkElement.EnsureFrameworkServices()&#xD;
[xUnit.net 00:00:01.79]            at System.Windows.FrameworkElement..ctor()&#xD;
[xUnit.net 00:00:01.79]            at System.Windows.Controls.Control..ctor()&#xD;
[xUnit.net 00:00:01.79]            at System.Windows.Window..ctor()&#xD;
[xUnit.net 00:00:01.79]         C:\Users\biges\Desktop\Wiley_Widget\Views\MainWindow.xaml.cs(59,0): at WileyWidget.MainWindow..ctor()&#xD;
[xUnit.net 00:00:01.79]         C:\Users\biges\Desktop\Wiley_Widget\WileyWidget.Tests\MainWindowUnitTests.cs(27,0): at WileyWidget.Tests.MainWindowUnitTests.InitializeBudgetDiagram_MethodExists()&#xD;
[xUnit.net 00:00:01.79]            at System.RuntimeMethodHandle.InvokeMethod(Object target, Void** arguments, Signature sig, Boolean isConstructor)&#xD;
[xUnit.net 00:00:01.79]            at System.Reflection.MethodBaseInvoker.InvokeWithNoArgs(Object obj, BindingFlags invokeAttr)&#xD;
[xUnit.net 00:00:01.79]       System.InvalidOperationException : The calling thread must be STA, because many UI components require this.&#xD;
[xUnit.net 00:00:01.79]       Stack Trace:&#xD;
[xUnit.net 00:00:01.79]            at System.Windows.Input.InputManager..ctor()&#xD;
[xUnit.net 00:00:01.79]            at System.Windows.Input.InputManager.GetCurrentInputManagerImpl()&#xD;
[xUnit.net 00:00:01.79]            at System.Windows.Input.KeyboardNavigation..ctor()&#xD;
[xUnit.net 00:00:01.79]            at System.Windows.FrameworkElement.FrameworkServices..ctor()&#xD;
[xUnit.net 00:00:01.79]            at System.Windows.FrameworkElement.EnsureFrameworkServices()&#xD;
[xUnit.net 00:00:01.79]            at System.Windows.FrameworkElement..ctor()&#xD;
[xUnit.net 00:00:01.79]            at System.Windows.Controls.Control..ctor()&#xD;
[xUnit.net 00:00:01.80]            at System.Windows.Window..ctor()&#xD;
[xUnit.net 00:00:01.80]         C:\Users\biges\Desktop\Wiley_Widget\Views\MainWindow.xaml.cs(59,0): at WileyWidget.MainWindow..ctor()&#xD;
[xUnit.net 00:00:01.80]         C:\Users\biges\Desktop\Wiley_Widget\WileyWidget.Tests\MainWindowUnitTests.cs(53,0): at WileyWidget.Tests.MainWindowUnitTests.LogSyncfusionControls_MethodExists()&#xD;
[xUnit.net 00:00:01.80]            at System.RuntimeMethodHandle.InvokeMethod(Object target, Void** arguments, Signature sig, Boolean isConstructor)&#xD;
[xUnit.net 00:00:01.80]            at System.Reflection.MethodBaseInvoker.InvokeWithNoArgs(Object obj, BindingFlags invokeAttr)&#xD;
[xUnit.net 00:00:01.80]       System.InvalidOperationException : The calling thread must be STA, because many UI components require this.&#xD;
[xUnit.net 00:00:01.80]       Stack Trace:&#xD;
[xUnit.net 00:00:01.80]            at System.Windows.Input.InputManager..ctor()&#xD;
[xUnit.net 00:00:01.80]            at System.Windows.Input.InputManager.GetCurrentInputManagerImpl()&#xD;
[xUnit.net 00:00:01.80]            at System.Windows.Input.KeyboardNavigation..ctor()&#xD;
[xUnit.net 00:00:01.80]            at System.Windows.FrameworkElement.FrameworkServices..ctor()&#xD;
[xUnit.net 00:00:01.80]            at System.Windows.FrameworkElement.EnsureFrameworkServices()&#xD;
[xUnit.net 00:00:01.80]            at System.Windows.FrameworkElement..ctor()&#xD;
[xUnit.net 00:00:01.80]            at System.Windows.Controls.Control..ctor()&#xD;
[xUnit.net 00:00:01.80]            at System.Windows.Window..ctor()&#xD;
[xUnit.net 00:00:01.80]         C:\Users\biges\Desktop\Wiley_Widget\Views\MainWindow.xaml.cs(59,0): at WileyWidget.MainWindow..ctor()&#xD;
[xUnit.net 00:00:01.80]         C:\Users\biges\Desktop\Wiley_Widget\WileyWidget.Tests\MainWindowUnitTests.cs(148,0): at WileyWidget.Tests.MainWindowUnitTests.NormalizeTheme_WithNull_ReturnsDefault()&#xD;
[xUnit.net 00:00:01.80]            at System.RuntimeMethodHandle.InvokeMethod(Object target, Void** arguments, Signature sig, Boolean isConstructor)&#xD;
[xUnit.net 00:00:01.80]            at System.Reflection.MethodBaseInvoker.InvokeWithNoArgs(Object obj, BindingFlags invokeAttr)&#xD;
[xUnit.net 00:00:01.80]       System.InvalidOperationException : The calling thread must be STA, because many UI components require this.&#xD;
[xUnit.net 00:00:01.80]       Stack Trace:&#xD;
[xUnit.net 00:00:01.80]            at System.Windows.Input.InputManager..ctor()&#xD;
[xUnit.net 00:00:01.80]            at System.Windows.Input.InputManager.GetCurrentInputManagerImpl()&#xD;
[xUnit.net 00:00:01.80]            at System.Windows.Input.KeyboardNavigation..ctor()&#xD;
[xUnit.net 00:00:01.80]            at System.Windows.FrameworkElement.FrameworkServices..ctor()&#xD;
[xUnit.net 00:00:01.80]            at System.Windows.FrameworkElement.EnsureFrameworkServices()&#xD;
[xUnit.net 00:00:01.80]            at System.Windows.FrameworkElement..ctor()&#xD;
[xUnit.net 00:00:01.80]            at System.Windows.Controls.Control..ctor()&#xD;
[xUnit.net 00:00:01.80]            at System.Windows.Window..ctor()&#xD;
[xUnit.net 00:00:01.80]         C:\Users\biges\Desktop\Wiley_Widget\Views\MainWindow.xaml.cs(59,0): at WileyWidget.MainWindow..ctor()&#xD;
[xUnit.net 00:00:01.80]         C:\Users\biges\Desktop\Wiley_Widget\WileyWidget.Tests\MainWindowUnitTests.cs(133,0): at WileyWidget.Tests.MainWindowUnitTests.NormalizeTheme_WithLowerCase_ReturnsNormalized()&#xD;
[xUnit.net 00:00:01.80]            at System.RuntimeMethodHandle.InvokeMethod(Object target, Void** arguments, Signature sig, Boolean isConstructor)&#xD;
[xUnit.net 00:00:01.80]            at System.Reflection.MethodBaseInvoker.InvokeWithNoArgs(Object obj, BindingFlags invokeAttr)&#xD;
[xUnit.net 00:00:01.80]       System.InvalidOperationException : The calling thread must be STA, because many UI components require this.&#xD;
[xUnit.net 00:00:01.80]       Stack Trace:&#xD;
[xUnit.net 00:00:01.80]            at System.Windows.Input.InputManager..ctor()&#xD;
[xUnit.net 00:00:01.80]            at System.Windows.Input.InputManager.GetCurrentInputManagerImpl()&#xD;
[xUnit.net 00:00:01.80]            at System.Windows.Input.KeyboardNavigation..ctor()&#xD;
[xUnit.net 00:00:01.80]            at System.Windows.FrameworkElement.FrameworkServices..ctor()&#xD;
[xUnit.net 00:00:01.80]            at System.Windows.FrameworkElement.EnsureFrameworkServices()&#xD;
[xUnit.net 00:00:01.80]            at System.Windows.FrameworkElement..ctor()&#xD;
[xUnit.net 00:00:01.80]            at System.Windows.Controls.Control..ctor()&#xD;
[xUnit.net 00:00:01.80]            at System.Windows.Window..ctor()&#xD;
[xUnit.net 00:00:01.80]         C:\Users\biges\Desktop\Wiley_Widget\Views\MainWindow.xaml.cs(59,0): at WileyWidget.MainWindow..ctor()&#xD;
[xUnit.net 00:00:01.80]         C:\Users\biges\Desktop\Wiley_Widget\WileyWidget.Tests\MainWindowUnitTests.cs(105,0): at WileyWidget.Tests.MainWindowUnitTests.BuildDynamicColumns_MethodExists()&#xD;
[xUnit.net 00:00:01.80]            at System.RuntimeMethodHandle.InvokeMethod(Object target, Void** arguments, Signature sig, Boolean isConstructor)&#xD;
[xUnit.net 00:00:01.80]            at System.Reflection.MethodBaseInvoker.InvokeWithNoArgs(Object obj, BindingFlags invokeAttr)&#xD;
[xUnit.net 00:00:01.80]       System.InvalidOperationException : The calling thread must be STA, because many UI components require this.&#xD;
[xUnit.net 00:00:01.80]       Stack Trace:&#xD;
[xUnit.net 00:00:01.80]            at System.Windows.Input.InputManager..ctor()&#xD;
[xUnit.net 00:00:01.80]            at System.Windows.Input.InputManager.GetCurrentInputManagerImpl()&#xD;
[xUnit.net 00:00:01.80]            at System.Windows.Input.KeyboardNavigation..ctor()&#xD;
[xUnit.net 00:00:01.80]            at System.Windows.FrameworkElement.FrameworkServices..ctor()&#xD;
[xUnit.net 00:00:01.80]            at System.Windows.FrameworkElement.EnsureFrameworkServices()&#xD;
[xUnit.net 00:00:01.80]            at System.Windows.FrameworkElement..ctor()&#xD;
[xUnit.net 00:00:01.80]            at System.Windows.Controls.Control..ctor()&#xD;
[xUnit.net 00:00:01.80]            at System.Windows.Window..ctor()&#xD;
[xUnit.net 00:00:01.80]         C:\Users\biges\Desktop\Wiley_Widget\Views\MainWindow.xaml.cs(59,0): at WileyWidget.MainWindow..ctor()&#xD;
[xUnit.net 00:00:01.80]         C:\Users\biges\Desktop\Wiley_Widget\WileyWidget.Tests\MainWindowUnitTests.cs(79,0): at WileyWidget.Tests.MainWindowUnitTests.LogCurrentThemeState_MethodExists()&#xD;
[xUnit.net 00:00:01.80]            at System.RuntimeMethodHandle.InvokeMethod(Object target, Void** arguments, Signature sig, Boolean isConstructor)&#xD;
[xUnit.net 00:00:01.80]            at System.Reflection.MethodBaseInvoker.InvokeWithNoArgs(Object obj, BindingFlags invokeAttr)&#xD;
[xUnit.net 00:00:01.81]   Finished:    WileyWidget.Tests&#xD;
</StdOut>
    </Output>
    <RunInfos>
      <RunInfo computerName="MCKITRICK" outcome="Warning" timestamp="2025-08-29T19:01:07.2389279-06:00">
        <Text>ExecutionThreadApartmentState option not supported for framework: .NETCoreApp,Version=v9.0.</Text>
      </RunInfo>
      <RunInfo computerName="MCKITRICK" outcome="Error" timestamp="2025-08-29T19:01:08.9708491-06:00">
        <Text>[xUnit.net 00:00:01.72]     WileyWidget.Tests.AppUnitTests.SetupUnhandledExceptionHandling_MethodExists [FAIL]</Text>
      </RunInfo>
      <RunInfo computerName="MCKITRICK" outcome="Error" timestamp="2025-08-29T19:01:08.9747045-06:00">
        <Text>[xUnit.net 00:00:01.73]     WileyWidget.Tests.AppUnitTests.InitializeLogging_MethodExists [FAIL]</Text>
      </RunInfo>
      <RunInfo computerName="MCKITRICK" outcome="Error" timestamp="2025-08-29T19:01:09.0229113-06:00">
        <Text>[xUnit.net 00:00:01.78]     WileyWidget.Tests.MainWindowUnitTests.UpdateThemeToggleVisuals_MethodExists [FAIL]</Text>
      </RunInfo>
      <RunInfo computerName="MCKITRICK" outcome="Error" timestamp="2025-08-29T19:01:09.0247622-06:00">
        <Text>[xUnit.net 00:00:01.78]     WileyWidget.Tests.MainWindowUnitTests.NormalizeTheme_WithFluentDark_ReturnsFluentDark [FAIL]</Text>
      </RunInfo>
      <RunInfo computerName="MCKITRICK" outcome="Error" timestamp="2025-08-29T19:01:09.0289087-06:00">
        <Text>[xUnit.net 00:00:01.78]     WileyWidget.Tests.MainWindowUnitTests.ApplyWpfTheme_MethodExists [FAIL]</Text>
      </RunInfo>
      <RunInfo computerName="MCKITRICK" outcome="Error" timestamp="2025-08-29T19:01:09.0325458-06:00">
        <Text>[xUnit.net 00:00:01.79]     WileyWidget.Tests.MainWindowUnitTests.VerifySpecificSyncfusionControls_MethodExists [FAIL]</Text>
      </RunInfo>
      <RunInfo computerName="MCKITRICK" outcome="Error" timestamp="2025-08-29T19:01:09.0356112-06:00">
        <Text>[xUnit.net 00:00:01.79]     WileyWidget.Tests.MainWindowUnitTests.InitializeBudgetDiagram_MethodExists [FAIL]</Text>
      </RunInfo>
      <RunInfo computerName="MCKITRICK" outcome="Error" timestamp="2025-08-29T19:01:09.0419844-06:00">
        <Text>[xUnit.net 00:00:01.79]     WileyWidget.Tests.MainWindowUnitTests.LogSyncfusionControls_MethodExists [FAIL]</Text>
      </RunInfo>
      <RunInfo computerName="MCKITRICK" outcome="Error" timestamp="2025-08-29T19:01:09.0437344-06:00">
        <Text>[xUnit.net 00:00:01.80]     WileyWidget.Tests.MainWindowUnitTests.NormalizeTheme_WithNull_ReturnsDefault [FAIL]</Text>
      </RunInfo>
      <RunInfo computerName="MCKITRICK" outcome="Error" timestamp="2025-08-29T19:01:09.0464708-06:00">
        <Text>[xUnit.net 00:00:01.80]     WileyWidget.Tests.MainWindowUnitTests.NormalizeTheme_WithLowerCase_ReturnsNormalized [FAIL]</Text>
      </RunInfo>
      <RunInfo computerName="MCKITRICK" outcome="Error" timestamp="2025-08-29T19:01:09.0485813-06:00">
        <Text>[xUnit.net 00:00:01.80]     WileyWidget.Tests.MainWindowUnitTests.BuildDynamicColumns_MethodExists [FAIL]</Text>
      </RunInfo>
      <RunInfo computerName="MCKITRICK" outcome="Error" timestamp="2025-08-29T19:01:09.0499590-06:00">
        <Text>[xUnit.net 00:00:01.80]     WileyWidget.Tests.MainWindowUnitTests.LogCurrentThemeState_MethodExists [FAIL]</Text>
      </RunInfo>
    </RunInfos>
    <CollectorDataEntries>
      <Collector agentName="MCKITRICK" uri="datacollector://microsoft/CodeCoverage/2.0" collectorDisplayName="Code Coverage">
        <UriAttachments>
          <UriAttachment>
            <A href="MCKITRICK\biges_MCKITRICK_2025-08-29.19_01_09.coverage"></A>
          </UriAttachment>
        </UriAttachments>
      </Collector>
    </CollectorDataEntries>
  </ResultSummary>
</TestRun>